ARM GAS  /tmp/ccJoT9UY.s 			page 1


   1              		.syntax unified
   2              		.cpu cortex-m0
   3              		.fpu softvfp
   4              		.eabi_attribute 20, 1
   5              		.eabi_attribute 21, 1
   6              		.eabi_attribute 23, 3
   7              		.eabi_attribute 24, 1
   8              		.eabi_attribute 25, 1
   9              		.eabi_attribute 26, 1
  10              		.eabi_attribute 30, 2
  11              		.eabi_attribute 34, 0
  12              		.eabi_attribute 18, 4
  13              		.thumb
  14              		.syntax unified
  15              		.file	"board.c"
  16              		.text
  17              	.Ltext0:
  18              		.section	.gnu.lto_.profile.83bdcbece76f85b5,"",%progbits
  19 0000 789C6361 		.ascii	"x\234ca`d`a`\000\222|\314\000\000\211\000\034"
  19      60646061 
  19      6000927C 
  19      CC000089 
  19      001C
  20              		.text
  21              		.section	.gnu.lto_.icf.83bdcbece76f85b5,"",%progbits
  22 0000 789C6361 		.ascii	"x\234ca`d\000\001\021\006\004`f\230?\363\3201.\306\365"
  22      60640001 
  22      11060460 
  22      66983FF3 
  22      D0312EC6 
  23 0015 331FB430 		.ascii	"3\037\26401\355\3764\367#+\003\000\\\012\010\330"
  23      31EDFE34 
  23      F7232B03 
  23      005C0A08 
  23      D8
  24              		.text
  25              		.section	.gnu.lto_.jmpfuncs.83bdcbece76f85b5,"",%progbits
  26 0000 789C6361 		.ascii	"x\234ca`d\000\001N\006\004`\002\021 a\000\001\177\000"
  26      60640001 
  26      4E060460 
  26      02112061 
  26      00017F00 
  27 0014 12       		.ascii	"\022"
  28              		.text
  29              		.section	.gnu.lto_.inline.83bdcbece76f85b5,"",%progbits
  30 0000 789C6361 		.ascii	"x\234ca`d\000\001m\006\004`b``\341a\004Q\014l\013\344"
  30      60640001 
  30      6D060460 
  30      626060E1 
  30      6104510C 
  31 0017 41140323 		.ascii	"A\024\003#\027\210``fB\025f\000\000-\221\001\350"
  31      17886060 
  31      66421566 
  31      00002D91 
  31      01E8
  32              		.text
  33              		.section	.gnu.lto_.pureconst.83bdcbece76f85b5,"",%progbits
ARM GAS  /tmp/ccJoT9UY.s 			page 2


  34 0000 789C6361 		.ascii	"x\234ca`d`e```b\220`d\000\000\000\315\000&"
  34      60646065 
  34      60606062 
  34      90606400 
  34      0000CD00 
  35              		.text
  36              		.section	.gnu.lto___early_init.83bdcbece76f85b5,"",%progbits
  37 0000 789C6361 		.ascii	"x\234ca`d\000\201U@\254\016\304\322@\314\310\314\300"
  37      60640081 
  37      5540AC0E 
  37      C4D240CC 
  37      C8CCC0
  38 0013 C834E11C 		.ascii	"\3104\341\034\003C#\007\023##\210\321\300\301\310P\317"
  38      03432307 
  38      13232388 
  38      D1C0C1C8 
  38      50CF
  39 0025 C458CFF8 		.ascii	"\304X\317\370\225\351/\023\343\241\366g;\2314\2277\000"
  39      95E92F13 
  39      E3A1F667 
  39      3B993497 
  39      3700
  40 0037 C183A7CF 		.ascii	"\301\203\247\317\014\032V\034`lef`\370\317\0046\211"
  40      0C1A561C 
  40      606C6566 
  40      60F8CF04 
  40      3689
  41 0049 817139A3 		.ascii	"\201q9\243&\003P\331\243\215\377\246\362\262\265\200"
  41      260350D9 
  41      A38DFFA6 
  41      F2B2B580 
  42 0059 94294024 		.ascii	"\224)@$\031W0\262\201\254[\037t\240\341\377\377\346"
  42      195730B2 
  42      81AC5B1F 
  42      74A0E1FF 
  42      FFE6
  43 006b 8686CF06 		.ascii	"\206\206\317\006\363\224\201:?\000%A\326|db\002\321"
  43      F394813A 
  43      3F002541 
  43      D67C6462 
  43      02D1
  44 007d CC2F189B 		.ascii	"\314/\030\233\017\354>\306\010R\0162h\347\3167\267\331"
  44      0FEC3EC6 
  44      08520E32 
  44      68E7CE37 
  44      B7D9
  45 008f EBFF3674 		.ascii	"\353\3776t44\010\26423\376g\002\232\301\270\222\261"
  45      343408B4 
  45      3233FE67 
  45      029AC1B8 
  45      92B1
  46 00a1 9EA19599 		.ascii	"\236\241\225\231\211\341\025c\323\201\275n`\245 \360"
  46      89E11563 
  46      D381BD6E 
  46      60A520F0 
  47 00b1 01280934 		.ascii	"\001(\0114\002h\240\252\236\236~R~bQJ\261~pH\274_\250"
  47      0268A0AA 
ARM GAS  /tmp/ccJoT9UY.s 			page 3


  47      9E9E7E52 
  47      7E62514A 
  47      B17E7048 
  48 00c8 B38FABBF 		.ascii	"\263\217\253\277\231I\274\233\211\211Y\220+DF/\231\001"
  48      9949BC9B 
  48      89895990 
  48      2B44462F 
  48      9901
  49 00da 0060F74A 		.ascii	"\000`\367JQ"
  49      51
  50              		.text
  51              		.section	.gnu.lto_boardInit.83bdcbece76f85b5,"",%progbits
  52 0000 789C6361 		.ascii	"x\234ca`d\000\201j V\007bi fdf`d\232p\216\201\241\221"
  52      60640081 
  52      6A205607 
  52      62692066 
  52      64666064 
  53 001a 83899111 		.ascii	"\203\211\221\021\304h\340`d\250gb\254g\374\312\364\227"
  53      C468E060 
  53      64A86762 
  53      AC67FCCA 
  53      F497
  54 002c 89F150FB 		.ascii	"\211\361P\373\263\235L\232\313\033\200\340A\353\"\303"
  54      B39D4C9A 
  54      CB1B80E0 
  54      41EB22C3 
  55 003c 86150718 		.ascii	"\206\025\007\030[\231\031\030\3763\201Mb`\\\316\250"
  55      5B991918 
  55      FE33814D 
  55      62605CCE 
  55      A8
  56 004d C90054F6 		.ascii	"\311\000T\366h\343\277\251\274l- e\012\020I\306\025"
  56      68E3BFA9 
  56      BC6C2D20 
  56      650A1049 
  56      C615
  57 005f 8C6C20EB 		.ascii	"\214l \353\326\007\035h\370\377\277\271\241\341\256"
  57      D6071D68 
  57      F8FFBFB9 
  57      A1E1AE
  58 006e 41A72A50 		.ascii	"A\247*P\342\003\020\203\254\371\310\304\004\242\231"
  58      E2031083 
  58      ACF9C8C4 
  58      04A299
  59 007d 5F313281 		.ascii	"_12\201\224\202M\373\300\304\010\022\003\252P\325\323"
  59      94824DFB 
  59      C0C40812 
  59      03AA50D5 
  59      D3
  60 008e D34FCA4F 		.ascii	"\323O\312O,J)\326\017\016\211\367\013u\366q\36573\211"
  60      2C4A29D6 
  60      0F0E89F7 
  60      0B75F671 
  60      F5373389 
  61 00a2 77333131 		.ascii	"w311\013r\205\310\350%3\000\000E\0247\241"
  61      0B7285C8 
  61      E8253300 
ARM GAS  /tmp/ccJoT9UY.s 			page 4


  61      00451437 
  61      A1
  62              		.text
  63              		.section	.gnu.lto_pal_default_config.83bdcbece76f85b5,"",%progbits
  64 0000 789CDD92 		.ascii	"x\234\335\222\315N\302@\024\205{g( \010\370\000>\200"
  64      CD4EC240 
  64      14857B67 
  64      282008F8 
  64      003E80
  65 0013 F1097825 		.ascii	"\361\011x%w>B]4A\215n\024\015\211\211]H\204\202`\371"
  65      773E425D 
  65      34418D6E 
  65      140D8989 
  65      5D488482 
  66 0029 D302A226 		.ascii	"\323\002\242&\206\2700F\321\306\260 \215\256\214\361"
  66      86B83046 
  66      D1C6B020 
  66      8DAE8CF1 
  67 0039 87058941 		.ascii	"\207\005\211AC\353\214wB\202\013\302\332.\372\315=\235"
  67      43EB8C77 
  67      42820BC2 
  67      DA2EFACD 
  67      3D9D
  68 004b 9C7B3A73 		.ascii	"\234{:s=\022H\374Y\240\222XI\322\200@\376\325\354\207"
  68      3D1248FC 
  68      59A09258 
  68      49D28040 
  68      FED5EC87 
  69 005f 7A44A54C 		.ascii	"zD\245Lde\362\353\273K\261t]\312\204\265\326\207%\243"
  69      6465F2EB 
  69      BB4BB174 
  69      5DCA84B5 
  69      D68725A3 
  70 0073 70A35BBA 		.ascii	"p\243[\272\314\244\316e:3\334\343\272\021&\275\305\227"
  70      CCA4CE65 
  70      3A33DCE3 
  70      BA1126BD 
  70      C597
  71 0085 6BE16845 		.ascii	"k\341hE\211i\312\242J\301!\022\354\303\254C\000A@\347"
  71      8969CAA2 
  71      4AC12112 
  71      ECC3AC43 
  71      004140E7 
  72 0099 A090E6F0 		.ascii	"\240\220\346\360@\212C\306o^\016\336\272\225K\306<h"
  72      408A43C6 
  72      6F5E0EDE 
  72      BA954BC6 
  72      3C68
  73 00ab 6B894E8F 		.ascii	"k\211N\217\267\317\273\221\011l\263cl\377\223\307 \321"
  73      B7CFBB91 
  73      096CB363 
  73      6CFF93C7 
  73      20D1
  74 00bd E87B8747 		.ascii	"\350{\207G\024`\312\205m\227\202\023\270\032c\\\033"
  74      1460CA85 
  74      6D978213 
  74      B81A635C 
ARM GAS  /tmp/ccJoT9UY.s 			page 5


  74      1B
  75 00ce 5BD50D82 		.ascii	"[\325\015\202\256\011`\265\3215f\260T\226\346X]\355"
  75      AE0960B5 
  75      D13566B0 
  75      5496E658 
  75      5DED
  76 00e0 EE5CCBA3 		.ascii	"\356\\\313\243=J\023'/b\217\225\230\266\355\027\246"
  76      3D4A1327 
  76      2F628F95 
  76      98B6ED17 
  76      A6
  77 00f1 67F34C78 		.ascii	"g\363LxzY-\210\333V\336\317\177o;Un\367\204\344~\362"
  77      7A592D88 
  77      DB56DECF 
  77      7F6F3B55 
  77      6EF784E4 
  78 0107 D9D3DA7B 		.ascii	"\331\323\332{\206\370]U\2674/\223\036\354\216.\366\344"
  78      86F85D55 
  78      B7342F93 
  78      1EEC8E2E 
  78      F6E4
  79 0119 C5EC5D99 		.ascii	"\305\354]\231E[L\260v\327\274'Lj\3666\343\177\316\272"
  79      455B4CB0 
  79      76D7BC27 
  79      4C6AF636 
  79      E37FCEBA 
  80 012d 3692B88A 		.ascii	"6\222\270\212\211ML|\214\211\2170q\005\023\237\232\331"
  80      894D4C7C 
  80      8C898F30 
  80      7105139F 
  80      9AD9
  81 013f 751F7A28 		.ascii	"u\037z(T\245\304!>\250C\324!~(sLA\201#\000\207\034A"
  81      54A5C421 
  81      3EA843D4 
  81      217E2873 
  81      4C418123 
  82 0157 C8734C43 		.ascii	"\310sLC\216#\004\007\034a\310@T\202\023\366\372\001"
  82      8E230407 
  82      1C61C840 
  82      548213F6 
  82      FA01
  83 0169 6ED32BEA 		.ascii	"n\323+\352"
  84              		.text
  85              		.section	.gnu.lto_.symbol_nodes.83bdcbece76f85b5,"",%progbits
  86 0000 789C6361 		.ascii	"x\234ca`d\360`\000\002\246iL\365\014\014\023\31610\000"
  86      6064F060 
  86      0002A669 
  86      4CF50C0C 
  86      13CE3130 
  87 0015 A95D0D8A 		.ascii	"\251]\015\212@\221\351L\365\214(\"\254S\231\030\032"
  87      4091E94C 
  87      F58C2822 
  87      AC539918 
  87      1A
  88 0026 85808A19 		.ascii	"\205\200\212\031g0\3253\201\245\030\030\032\032\024"
  88      6730D533 
  88      81A51818 
ARM GAS  /tmp/ccJoT9UY.s 			page 6


  88      1A1A14
  89 0035 18189881 		.ascii	"\030\030\230\201p\311\203\177\214\014\000^\264\020D"
  89      70C9837F 
  89      8C0C005E 
  89      B41044
  90              		.text
  91              		.section	.gnu.lto_.refs.83bdcbece76f85b5,"",%progbits
  92 0000 789C6361 		.ascii	"x\234ca`\004B \000\000\0009\000\007"
  92      60044220 
  92      00000039 
  92      0007
  93              		.text
  94              		.section	.gnu.lto_.decls.83bdcbece76f85b5,"",%progbits
  95 0000 789C9556 		.ascii	"x\234\225V}LSW\024\177\267\257\324R\312G\300,.!\031"
  95      7D4C5357 
  95      147FB7AF 
  95      D452CA47 
  95      C02C2E21 
  96 0015 3135F28F 		.ascii	"15\362\2174\"1K\226,:\0205aJ\024\375\267)\264J\263J"
  96      3422314B 
  96      962C3A10 
  96      35614A14 
  96      FDB729B4 
  97 002c 9BB66C9A 		.ascii	"\233\266l\232\375\261\347\300O\242\200nF\234:\025#("
  97      FDB1E7C0 
  97      4FA2806E 
  97      469C3A15 
  97      2328
  98 003e 1F2D1F3A 		.ascii	"\037-\037:\004?P'\"\202 \370\305\370\260\023\250\" "
  98      043F5027 
  98      228220F8 
  98      C5F8B013 
  98      A82220
  99 0051 149CC21C 		.ascii	"\024\234\302\034\272s\357}}\017\036\230\350M\177\357"
  99      BA73EF7D 
  99      7D0F1E98 
  99      E84D7FEF 
 100 0061 DE73CF39 		.ascii	"\336s\3179\277s\356\271\347\265\2253\210\301c\324\237"
 100      BF73EEB9 
 100      E7B59533 
 100      88C163D4 
 100      9F
 101 0072 61EEC072 		.ascii	"a\356\300r\034\326\357a\310a\336\310\210\203\005\224"
 101      1CD6EF61 
 101      C861DEC8 
 101      88830594 
 102 0082 009C8032 		.ascii	"\000\234\2002\000\366\3622\323G\011o\207\375F\001\305"
 102      00F6F232 
 102      D347096F 
 102      87FD4601 
 102      C5
 103 0093 FCBE8CD7 		.ascii	"\374\276\214\327\22513\207\223\347\362\305B\374\236"
 103      95313387 
 103      93E7F2C5 
 103      42FC9E
 104 00a2 747879EE 		.ascii	"txy\356\205\200G\200\021@0\240\031\320\012h\002\264"
 104      85804780 
ARM GAS  /tmp/ccJoT9UY.s 			page 7


 104      114030A0 
 104      19D00A68 
 104      02B4
 105 00b4 011A01F7 		.ascii	"\001\032\001\367\001-\200^@\037\3409\340\005\240\037"
 105      012D805E 
 105      401FE039 
 105      E005A01F 
 106 00c4 D0031800 		.ascii	"\320\003\030\000<\233%\006\036\2232t.\367A5\333\201"
 106      3C9B2506 
 106      1E933274 
 106      2EF74135 
 106      DB81
 107 00d6 DA11E48D 		.ascii	"\332\021\344\215BhV\210>\021\001CADX\310\310\223\021"
 107      42685688 
 107      3E110143 
 107      414458C8 
 107      C89311
 108 00e9 B790CF10 		.ascii	"\267\220\317\020?\341!C\374\036#\220\221\017\357O\352"
 108      3FE12143 
 108      FC1E2390 
 108      910FEF4F 
 108      EA
 109 00fa 4D062111 		.ascii	"M\006!\021\331\021\357\204\204\014\210\232\241z\201"
 109      D911EF84 
 109      840C889A 
 109      A17A81
 110 0109 954E32D1 		.ascii	"\225N2\321a\012\037M\227\247\023s\026\316\204|\207\366"
 110      610A1F4D 
 110      97A71373 
 110      16CE847C 
 110      87F6
 111 011b 0E65DF0D 		.ascii	"\016e\337\015fe\010\257\237L\024\306G\025s0r8N\366\205"
 111      666508AF 
 111      9F4C14C6 
 111      47157330 
 111      72384EF6 
 112 0130 58997B99 		.ascii	"X\231{\231\256\243\354+\031\012U!9\366i:\322\023\004"
 112      AEA3EC2B 
 112      190A5521 
 112      39F6693A 
 112      D21304
 113 0143 E25C158A 		.ascii	"\342\\\025\212\000q\362\366oGd\363\016\021\277\014."
 113      0071F2F6 
 113      6F4764F3 
 113      0E11BF0C 
 113      2E
 114 0154 428E367E 		.ascii	"B\2166~\206\212P8:\207\302!P1\232\007\317d9e:y\255\342"
 114      868A5038 
 114      3A87C221 
 114      50319A07 
 114      CF643965 
 115 016c A87CFE09 		.ascii	"\250|\376\011\356\204\213s{\007\325\2072\270zp\213\300"
 115      EE848B73 
 115      7B07D587 
 115      32B87A70 
 115      8BC0
 116 017e 56A810B1 		.ascii	"V\250\020\261\350,\212\302\331\301\022O\005\250\003"
ARM GAS  /tmp/ccJoT9UY.s 			page 8


 116      E82C8AC2 
 116      D9C1124F 
 116      05A803
 117 018d D22E41F3 		.ascii	"\322.A\363\301\263\321\323\365#\3735\311s\360J\303\200"
 117      C1B3D1D3 
 117      F523FB35 
 117      C973F04A 
 117      C380
 118 019f 12485C2E 		.ascii	"\022H\\.\2566\247A\315\345l\347\270e\204\242T\244(\235"
 118      AE36A741 
 118      CDE56CE7 
 118      B86584A2 
 118      54A4289D 
 119 01b3 4AE12414 		.ascii	"J\341$\024\334\363\232\316`v\025\341\270\340\254\030"
 119      DCF39ACE 
 119      607615E1 
 119      B8E0AC18 
 120 01c3 0B040E37 		.ascii	"\013\004\0167\307\271\307\352\222\256\272z\271\335\241"
 120      C7B9C7EA 
 120      92AEBA7A 
 120      B9DDA1
 121 01d2 245BE412 		.ascii	"$[\344\022I\\\204\004\026e\204\240\376F\351\353\000"
 121      495C8404 
 121      166584A0 
 121      FE46E9EB 
 121      00
 122 01e3 F6574418 		.ascii	"\366WD\030\252\273\274\265\001\264(n\004\362\304\340"
 122      AABBBCB5 
 122      01B4286E 
 122      04F2C4E0 
 123 01f3 E1074A5A 		.ascii	"\341\007JZ\025.\010d\327\245\314\241 \252\257\305\372"
 123      152E0864 
 123      D7A5CCA1 
 123      20AAAFC5 
 123      FA
 124 0204 AACB43D1 		.ascii	"\252\313C\321T\014\237\342=\227\367\036+,?\256\244\352"
 124      540C9FE2 
 124      3D97F71E 
 124      2B2C3FAE 
 124      A4EA
 125 0216 422CF74F 		.ascii	"B,\367O\326\015\370\261\2054\324\313\314>7\037j\036"
 125      D60DF8B1 
 125      8534D4CB 
 125      CC3E371F 
 125      6A1E
 126 0228 88AD238D 		.ascii	"\210\255#\215\307x1\004\304\316=;\217+X'5\355\252?["
 126      C7783104 
 126      C4CE3D3B 
 126      8F2B5827 
 126      35EDAA3F 
 127 023d 84AF6AA1 		.ascii	"\204\257j\241\012\341N\010\206-\347\340\305\211@\272"
 127      0AE14E08 
 127      862DE7E0 
 127      C58940BA 
 128 024d 852D5AB3 		.ascii	"\205-Z\263GO\317a+\211\271\254n_Ey\000\212T\235\301"
 128      474FCF61 
 128      2B89B9AC 
ARM GAS  /tmp/ccJoT9UY.s 			page 9


 128      6E5F4579 
 128      008A549D 
 129 0262 B7E77E7F 		.ascii	"\267\347~\177'.w\027\\=\272\206T\350\252X\206\205*x"
 129      272E7717 
 129      5C3DBA86 
 129      54E8AA58 
 129      86852A78 
 130 0276 EEE6B89F 		.ascii	"\356\346\270\237\361\005\207\326\0071\302\375\302\321"
 130      F10587D6 
 130      0731C2FD 
 130      C2D1
 131 0284 22313136 		.ascii	"\"116DW`\3632lB\220\263\247sO)\330!\032$\257\362\334"
 131      445760F3 
 131      326C4290 
 131      B3A7734F 
 131      29D8211A 
 132 029c 1B9510A4 		.ascii	"\033\225\020\244+;\006z,\004\375\0111\256\2131 \344"
 132      2B3B067A 
 132      2C04FD09 
 132      31AE8B31 
 132      20E4
 133 02ae 0783DC98 		.ascii	"\007\203\334\230=\310\323\352\316\35526\2176\357\221"
 133      3DC8D3EA 
 133      CEED3236 
 133      8F36EF91 
 134 02be 9A570D7E 		.ascii	"\232W\015~\264(J\020\207\017\336l\222\261\307\250\316"
 134      B4284A10 
 134      870FDE6C 
 134      92B1C7A8 
 134      CE
 135 02cf F338234F 		.ascii	"\3638#O\301\346S!g\262\235S\260ET\3307<~R\316\226S\241"
 135      C1E65321 
 135      67B29D53 
 135      B04554D8 
 135      373C7E52 
 136 02e7 3DE3CDC3 		.ascii	"=\343\315\303@\266\212\010\376\245\023Y\275j\244\321"
 136      40B68A08 
 136      FEA51359 
 136      BD6AA4D1 
 137 02f7 84693491 		.ascii	"\204i4\221\032\215\346\024N\314\375\266\355\247\203"
 137      1A8DE614 
 137      4ECCFDB6 
 137      EDA783
 138 0306 053BB91C 		.ascii	"\005;\271\034=\311\376&d\177\027\205\211y\326\220\216"
 138      3DC9FE26 
 138      647F1785 
 138      8979D690 
 138      8E
 139 0317 5F0C0F86 		.ascii	"_\014\017\206\330\327\276nV\373\214\353\245\306u\242"
 139      D8D7BE6E 
 139      56FB8CEB 
 139      A5C675A2 
 140 0327 712EFFCE 		.ascii	"q.\377\316q\310\301\240?\300\340\002\321as83\272\007"
 140      71C8C1A0 
 140      3FC0E002 
 140      D1617338 
 140      33BA07
ARM GAS  /tmp/ccJoT9UY.s 			page 10


 141 033a C76F461A 		.ascii	"\307oF\032\324\012h\002\264\001\032\001\367\001-HC:"
 141      D40A6802 
 141      B4011A01 
 141      F7012D48 
 141      433A
 142 034c 94C6EB16 		.ascii	"\224\306\353\026\3435H\343i%\271\035j\025l\357Hm\253"
 142      E33548E3 
 142      6925B91D 
 142      6A156CEF 
 142      486DAB
 143 035f C5DCC8A5 		.ascii	"\305\334\310\245\325v\0001\247\304F\014\177ab\320\261"
 143      D5760031 
 143      A7C4460C 
 143      7F6162D0 
 143      B1
 144 0370 E6F03CAE 		.ascii	"\346\360<\2566\223%T\267g\015[\204\304\270\377\2129"
 144      36932554 
 144      B7670D5B 
 144      84C4B8FF 
 144      8A39
 145 0382 DE9ABD26 		.ascii	"\336\232\275&S\255\017\210Y^\232\275\334\324\032\256"
 145      53AD0F88 
 145      595E9ABD 
 145      DCD41AAE 
 146 0392 EFEABBCC 		.ascii	"\357\352\273\314\026\005\373\216\\\237,\343\2647W\211"
 146      1605FB8E 
 146      5C9F2CE3 
 146      B4375789 
 147 03a2 22C368FA 		.ascii	"\"\303h\372y\255\010\247\377\010\274\037\210-\207O\363"
 147      79AD08A7 
 147      FF08BC1F 
 147      882D874F 
 147      F3
 148 03b3 81E2A387 		.ascii	"\201\342\243\207P\363O\251?\304/n\272\325\311\177K\356"
 148      50F34FA9 
 148      3FC42F6E 
 148      BAD5C97F 
 148      4BEE
 149 03c5 C6AF70DB 		.ascii	"\306\257p\333\233\226]*6\227%\275\365\276\277=\337\237"
 149      9B965D2A 
 149      369725BD 
 149      F5BEBF3D 
 149      DF9F
 150 03d7 2A47B0BC 		.ascii	"*G\260\274\367\374\301\374`\3660U\266yNf\252\251\262"
 150      F7FCC1FC 
 150      60F63055 
 150      B6794E66 
 150      AAA9B2
 151 03ea 05CBFBB3 		.ascii	"\005\313\373\263+\312T\354\357TY\3509\272\237W~\011"
 151      2BCA54EC 
 151      EF5459E8 
 151      39BA9F57 
 151      7E09
 152 03fc E2F9A6AA 		.ascii	"\342\371\246\252n?\366\014\325u\216>\334\025\300\226"
 152      6E3FF60C 
 152      D5758E3E 
 152      DC15C096 
ARM GAS  /tmp/ccJoT9UY.s 			page 11


 153 040c 50C1F9DF 		.ascii	"P\301\371\337/\005\012\266\222\012Y;\262\367\314ak\210"
 153      2F050AB6 
 153      920A593B 
 153      B2F7CC61 
 153      6B88
 154 041e A0720F3F 		.ascii	"\240r\017?\032\225A/\343f\206\021y\212\026\245-|;\271"
 154      1A95412F 
 154      E3668611 
 154      798A16A5 
 154      2D7C3BB9 
 155 0432 375C9676 		.ascii	"7\\\226v(\213\007f\241\000\217\247_\005\330\267\254"
 155      288B0766 
 155      A1008FA7 
 155      5F05D8B7 
 155      AC
 156 0443 C337818D 		.ascii	"\3037\201\215\377\226\032O\353-0},\230\272\245\246\325"
 156      FF961A4F 
 156      EB2D307D 
 156      2C98BAA5 
 156      A6D5
 157 0455 5378A795 		.ascii	"Sx\247\225\276\022,*\210\322\303\327}\020\352\336\013"
 157      BE122C2A 
 157      88D2C3D7 
 157      7D10EADE 
 157      0B
 158 0466 35EE033C 		.ascii	"5\356\003<\007\274\000\364\003z\000\003\200gb\357C\314"
 158      07BC00F4 
 158      037A0003 
 158      806762EF 
 158      43CC
 159 0478 AAF5BE98 		.ascii	"\252\365\276\230O\2451\317\3178\313\210\220\340\023"
 159      4FA531CF 
 159      CF38CB88 
 159      90E013
 160 0487 A9713792 		.ascii	"\251q7\222\034&G \356\220\332\376%\265\035\027x\273"
 160      1C264720 
 160      EE90DAFE 
 160      25B51D17 
 160      78BB
 161 0499 A4B69D33 		.ascii	"\244\266\2353\222p\011\304\027\245\306U\322\027\260"
 161      927009C4 
 161      17A5C655 
 161      D217B0
 162 04a8 A695BC80 		.ascii	"\246\225\274\200\236\351/ \\\364\265\211\301\035\301"
 162      9EE92F20 
 162      5CF4B589 
 162      C11DC1
 163 04b7 EC7572D1 		.ascii	"\354ur\321\262\202\252\254\236 \241\353\377i#]?\014"
 163      B282AAAC 
 163      9E20A1EB 
 163      FF69235D 
 163      3F0C
 164 04c9 C44362D7 		.ascii	"\304Cb\327{fv\275\257\364\350%T\374S\253\0179tg\215"
 164      7B6676BD 
 164      AFF4E825 
 164      54FC53AB 
 164      0F397467 
ARM GAS  /tmp/ccJoT9UY.s 			page 12


 165 04de BD0E0CE3 		.ascii	"\275\016\014\343)k?H\311|,\337\333KE\237/\310\347\\"
 165      296B3F48 
 165      C97C2CDF 
 165      DB4B459F 
 165      2FC8E75C 
 166 04f2 F0F3EC1D 		.ascii	"\360\363\354\035_}\200\343V\241\021\240(\247\207\230"
 166      5F7D80E3 
 166      56A111A0 
 166      28A78798 
 167 0502 D2297827 		.ascii	"\322)x'\011\376\207y\321\002\354\326\347|\246V\357\025"
 167      09FE8779 
 167      D102ECD6 
 167      E77CA656 
 167      EF15
 168 0514 7F42C8CF 		.ascii	"\177B\310\317\271\370Wd\024\251}E\200%\243\326\351\214"
 168      B9F85764 
 168      14A97D45 
 168      8025A3D6 
 168      E98C
 169 0526 7A9B799B 		.ascii	"z\233y\233\316\224fr(W\256\331\020\021\273x1\263 *J"
 169      CE946672 
 169      2857AED9 
 169      1011BB78 
 169      31B3202A 
 170 053b 9B6CD1DB 		.ascii	"\233l\321\333\014v\355\372$\335\232\015\261\011+\326"
 170      0C76EDFA 
 170      24DD9A0D 
 170      B1092BD6 
 171 054b 2E8DD1C5 		.ascii	".\215\321\305\307\304,]\267\202j\242R\030\177\262X\015"
 171      C7C42C5D 
 171      B7826AA2 
 171      52187FB2 
 171      580D
 172 055d 8E2176C7 		.ascii	"\216!v\307\226%\321\272\024\263%\345;\302\364\025\020"
 172      9625D1BA 
 172      14B325E5 
 172      3BC2F415 
 172      10
 173 056e D04F6CAA 		.ascii	"\320Ol\252)\331\264v\375\242uIZ\213]\233\2527k\255\026"
 173      29D9B476 
 173      FDA27549 
 173      5A8B5D9B 
 173      AA376BAD 
 174 0583 9B03F37E 		.ascii	"\233\003\363~\273$\232>\343c\266n\305\032\235\331l\210"
 174      BB249A3E 
 174      E363B66E 
 174      C51A9DD9 
 174      6C88
 175 0595 4A6542AD 		.ascii	"JeB\255\2604\0307\351\323\315\016]\212%m\223i\263\""
 175      B0341837 
 175      E9D3CD0E 
 175      5D8A256D 
 175      9369B322 
 176 05a9 71659CDE 		.ascii	"qe\234\336\241\227\3537\331\314*\235.\335\224\346\200"
 176      A197EB37 
 176      D9CC2A9D 
 176      2EDD94E6 
ARM GAS  /tmp/ccJoT9UY.s 			page 13


 176      80
 177 05ba 708E45DA 		.ascii	"p\216E\332t\273MkJK1\247\033\214\3324\343\017fS\262"
 177      74BB4D6B 
 177      4A4B31A7 
 177      1B8CDA34 
 177      E30F6653 
 178 05cf 768B3E25 		.ascii	"v\213>%\325\224f\324\012\024\216mV\243\035x\225>\267"
 178      D59466D4 
 178      0A148E6D 
 178      56A31D78 
 178      953EB7
 179 05e2 F9B3B9D9 		.ascii	"\371\263\271\331\267\331\265:\273\303\0006`\313Z\014"
 179      B7D9B53A 
 179      BBC30036 
 179      60CB5A0C 
 180 05f2 363F6BBA 		.ascii	"6?k\272\325`\233c\261[\215F\203Ma\301<6\277-\026\203"
 180      D5609B63 
 180      B15B8D46 
 180      834D61C1 
 180      3C36BF2D 
 181 0608 D1861349 		.ascii	"\321\206\023I]\366\221gLH\210\323\256L\\\275\366\373"
 181      5DF69167 
 181      4C4888D3 
 181      AE4C5CBD 
 181      F6FB
 182 061a 687248AB 		.ascii	"hrH\253xPZ\265\315V\223Eg7:\322\255:\207\"1\036\037"
 182      78505AB5 
 182      CD569345 
 182      67373AD2 
 182      AD3A8722 
 183 0631 5491B882 		.ascii	"T\221\270\202Nqt\212\245\3237tZN\247Ux\362O\\\236\020"
 183      4E71748A 
 183      A5D33774 
 183      5A4EA755 
 183      78F24F5C 
 184 0647 4B6AF43F 		.ascii	"Kj\364?X7\201\003"
 184      58378103 
 185              		.text
 186              		.section	.gnu.lto_.symtab.83bdcbece76f85b5,"",%progbits
 187 0000 5F5F6561 		.ascii	"__early_init\000"
 187      726C795F 
 187      696E6974 
 187      00
 188 000d 00       		.ascii	"\000"
 189 000e 00       		.ascii	"\000"
 190 000f 00       		.ascii	"\000"
 191 0010 00000000 		.ascii	"\000\000\000\000\000\000\000\000"
 191      00000000 
 192 0018 AD000000 		.ascii	"\255\000\000\000"
 193 001c 626F6172 		.ascii	"boardInit\000"
 193      64496E69 
 193      7400
 194 0026 00       		.ascii	"\000"
 195 0027 00       		.ascii	"\000"
 196 0028 00       		.ascii	"\000"
 197 0029 00000000 		.ascii	"\000\000\000\000\000\000\000\000"
 197      00000000 
ARM GAS  /tmp/ccJoT9UY.s 			page 14


 198 0031 AF000000 		.ascii	"\257\000\000\000"
 199 0035 70616C5F 		.ascii	"pal_default_config\000"
 199      64656661 
 199      756C745F 
 199      636F6E66 
 199      696700
 200 0048 00       		.ascii	"\000"
 201 0049 00       		.ascii	"\000"
 202 004a 00       		.ascii	"\000"
 203 004b 00000000 		.ascii	"\000\000\000\000\000\000\000\000"
 203      00000000 
 204 0053 F1000000 		.ascii	"\361\000\000\000"
 205 0057 73746D33 		.ascii	"stm32_clock_init\000"
 205      325F636C 
 205      6F636B5F 
 205      696E6974 
 205      00
 206 0068 00       		.ascii	"\000"
 207 0069 02       		.ascii	"\002"
 208 006a 00       		.ascii	"\000"
 209 006b 00000000 		.ascii	"\000\000\000\000\000\000\000\000"
 209      00000000 
 210 0073 B1000000 		.ascii	"\261\000\000\000"
 211              		.text
 212              		.section	.gnu.lto_.opts,"",%progbits
 213 0000 272D666D 		.ascii	"'-fmath-errno' '-fsigned-zeros' '-ftrapping-math' '"
 213      6174682D 
 213      6572726E 
 213      6F272027 
 213      2D667369 
 214 0033 2D666E6F 		.ascii	"-fno-trapv' '-fno-openmp' '-fno-openacc' '-mcpu=cor"
 214      2D747261 
 214      70762720 
 214      272D666E 
 214      6F2D6F70 
 215 0066 7465782D 		.ascii	"tex-m0' '-mno-thumb-interwork' '-mthumb' '-ggdb' '-"
 215      6D302720 
 215      272D6D6E 
 215      6F2D7468 
 215      756D622D 
 216 0099 4F322720 		.ascii	"O2' '-fomit-frame-pointer' '-falign-functions=16' '"
 216      272D666F 
 216      6D69742D 
 216      6672616D 
 216      652D706F 
 217 00cc 2D666675 		.ascii	"-ffunction-sections' '-fdata-sections' '-fno-common"
 217      6E637469 
 217      6F6E2D73 
 217      65637469 
 217      6F6E7327 
 218 00ff 2720272D 		.ascii	"' '-flto'\000"
 218      666C746F 
 218      2700
 219              		.text
 220              		.comm	__gnu_lto_v1,1,1
 221              		.comm	__gnu_lto_slim,1,1
 222              		.ident	"GCC: (15:5.4.1+svn241155-1) 5.4.1 20160919"
ARM GAS  /tmp/ccJoT9UY.s 			page 15


ARM GAS  /tmp/ccJoT9UY.s 			page 16


DEFINED SYMBOLS
                            *ABS*:0000000000000000 board.c
                            *COM*:0000000000000001 __gnu_lto_v1
                            *COM*:0000000000000001 __gnu_lto_slim

NO UNDEFINED SYMBOLS
