ARM GAS  /tmp/cciiFpFw.s 			page 1


   1              		.syntax unified
   2              		.cpu cortex-m0
   3              		.fpu softvfp
   4              		.eabi_attribute 20, 1
   5              		.eabi_attribute 21, 1
   6              		.eabi_attribute 23, 3
   7              		.eabi_attribute 24, 1
   8              		.eabi_attribute 25, 1
   9              		.eabi_attribute 26, 1
  10              		.eabi_attribute 30, 2
  11              		.eabi_attribute 34, 0
  12              		.eabi_attribute 18, 4
  13              		.thumb
  14              		.syntax unified
  15              		.file	"chcore_v7m.c"
  16              		.text
  17              	.Ltext0:
  18              		.section	.gnu.lto_.profile.458dd9ba0b28cde7,"",%progbits
  19 0000 789C6361 		.ascii	"x\234ca`d`a`\000\222\2062\000\000\350\000X"
  19      60646061 
  19      60009286 
  19      320000E8 
  19      0058
  20              		.text
  21              		.section	.gnu.lto_.icf.458dd9ba0b28cde7,"",%progbits
  22 0000 789C6361 		.ascii	"x\234ca`d\000\001\021\006\004`f\350\376\375\265\231"
  22      60640001 
  22      11060460 
  22      66E8FEFD 
  22      B599
  23 0012 85F969EF 		.ascii	"\205\371i\357\377\333|,\313\216\364?cd\000\000e\037"
  23      FFDB7C2C 
  23      CB8EF43F 
  23      63640000 
  23      651F
  24 0024 0960     		.ascii	"\011`"
  25              		.text
  26              		.section	.gnu.lto_.jmpfuncs.458dd9ba0b28cde7,"",%progbits
  27 0000 789C6361 		.ascii	"x\234ca`d\000\001^\006\004`\206\022, \032\000\002\\"
  27      60640001 
  27      5E060460 
  27      86122C20 
  27      1A00025C 
  28 0014 001D     		.ascii	"\000\035"
  29              		.text
  30              		.section	.gnu.lto_.inline.458dd9ba0b28cde7,"",%progbits
  31 0000 789C6361 		.ascii	"x\234ca`d\000\0017\006\004`f`\340\027cd`\022\271\320"
  31      60640001 
  31      37060460 
  31      6660E017 
  31      63646012 
  32 0016 C3C8C0B6 		.ascii	"\303\310\300\266@\236\011$\310\304\015\226\341\344\000"
  32      409E0924 
  32      C8C40D96 
  32      E1E400
  33 0025 4AF03C88 		.ascii	"J\360<\210\205\213\2630pq\203\204\346D\302\205\030\271"
  33      858BB330 
ARM GAS  /tmp/cciiFpFw.s 			page 2


  33      70718384 
  33      E644C285 
  33      18B9
  34 0037 40240010 		.ascii	"@$\000\020\360\006\322"
  34      F006D2
  35              		.text
  36              		.section	.gnu.lto_.pureconst.458dd9ba0b28cde7,"",%progbits
  37 0000 789C6361 		.ascii	"x\234ca`d\340b```f\330\305\310\274\213\221e\027#\000"
  37      6064E062 
  37      60606066 
  37      D8C5C8BC 
  37      8B916517 
  38 0016 0C24024B 		.ascii	"\014$\002K"
  39              		.text
  40              		.section	.gnu.lto__port_irq_epilogue.part.0.458dd9ba0b28cde7,"",%progbits
  41 0000 789C9D54 		.ascii	"x\234\235TQL\034E\030\236\177fw\3578\016\350\223O<\034"
  41      514C1C45 
  41      189E7F66 
  41      77EF380E 
  41      E8934F3C 
  42 0015 0FA46952 		.ascii	"\017\244iR\331\246>\324D}0$&>\\h\356L|l\354\212B,\275"
  42      D9A63ED4 
  42      447D3024 
  42      263E5C68 
  42      EE4C7C6C 
  43 002e CBDDD5D0 		.ascii	"\313\335\325\320\247[\356n\201Pm\210\221\213\255m.\205"
  43      A75BEE6E 
  43      81506D88 
  43      918BAD6D 
  43      2E85
  44 0040 10682B52 		.ascii	"\020h+R\300V\017\264^i)m\261\020\264\366\245D\351\201"
  44      C0560FB4 
  44      5E69296D 
  44      B110B4F6 
  44      A544E981 
  45 0054 D4D8C640 		.ascii	"\324\330\306@C\215ir\254\377?\273\332J\2531n\356fv\377"
  45      438D6972 
  45      ACFF3FBB 
  45      DA4AAB31 
  45      6EEE6676 
  46 0069 F9BFF9FE 		.ascii	"\371\277\371\376\371\276\231Q\0300z\032T\306\362\330"
  46      F9BE9951 
  46      18307A1A 
  46      54C6F2D8 
  47 0079 BF827FF0 		.ascii	"\277\202\177\3600\320\272g\361E\003.{\316E\347Vf\372"
  47      30D0BA67 
  47      F145032E 
  47      7BCE45E7 
  47      5666FA
  48 008c 146AFD02 		.ascii	"\024j\375\002T\212\266y\225?_T\000z1\275\300\222\032"
  48      548AB679 
  48      953F5F54 
  48      007A31BD 
  48      C0921A
  49 009f 178A0A49 		.ascii	"\027\212\012Ix\300K\034&;V\362|\333\200\211\317\342"
  49      78C04B1C 
  49      263B56F2 
ARM GAS  /tmp/cciiFpFw.s 			page 3


  49      7CDB8089 
  49      CFE2
  50 00b1 D4C60E73 		.ascii	"\324\306\016s\260\000\226`\314\346\222\224\301\000l"
  50      B0009660 
  50      CCE69294 
  50      C1006C
  51 00c0 6398561C 		.ascii	"c\230V\034\331\350\251\3202\224\026p\006a\020\311\031"
  51      D9E8A9D0 
  51      32941670 
  51      066110C9 
  51      19
  52 00d1 1338389F 		.ascii	"\02388\2379sL\254sK\000(\370\271v\375\350R%}r\010\340"
  52      39734CAC 
  52      734B0028 
  52      F8B976FD 
  52      E852257D 
  53 00e8 E7CAA1A9 		.ascii	"\347\312\241\251\363\036\361\002\3204\205\376\2637\241"
  53      F31EF102 
  53      D03485FE 
  53      B337A1
  54 00f7 B6CF3453 		.ascii	"\266\3174S\346bO\373\353\337\366\267\233\335\027\274"
  54      E6624FFB 
  54      EBDFF6B7 
  54      9BDD17BC 
  55 0107 9610701A 		.ascii	"\226\020p\032\004N\013\247\240\032NB\265\303\375\011"
  55      044E0BA7 
  55      A01A4E42 
  55      B5C3FD09 
  56 0117 D422E6BD 		.ascii	"\324\"\346\275\367K\353U\204\351\222\025\036\031,d\002"
  56      F74BEB55 
  56      84E99215 
  56      1E192C64 
  56      02
  57 0128 88604FA4 		.ascii	"\210`O\244\017\311\364\256\253\313\275U\")\351~\335"
  57      0FC9F4AE 
  57      ABCBBD55 
  57      2229E97E 
  57      DD
  58 0139 58E8F23B 		.ascii	"X\350\362;t\205\322t\365\021SB\025\370\364)d\303P;\034"
  58      7485D274 
  58      F5115342 
  58      15F8F429 
  58      64C3503B 
  59 014e 324DDB4E 		.ascii	"2M\333N\233\335\023\317\200\037$?\227\003B\266\012\263"
  59      9BDD13CF 
  59      801F243F 
  59      970342B6 
  59      0AB3
  60 0160 84AA62A3 		.ascii	"\204\252b\2431\266\212\022\220\240\253\\\243^\254q."
  60      31B68A12 
  60      90A0AB5C 
  60      A35EAC71 
  60      2E
  61 0171 FB3BD056 		.ascii	"\373;\320V\354i_\330\271I2\202K\305\330&1\013\207\246"
  61      EC695FD8 
  61      B9493282 
  61      4BC5D826 
ARM GAS  /tmp/cciiFpFw.s 			page 4


  61      310B87A6 
  62 0185 7B416170 		.ascii	"{Aap\0064\233\303f\245\251\002\006#\004\203QlQ\357\014"
  62      06349BC3 
  62      66A5A902 
  62      06230483 
  62      516C51EF 
  63 019a 604EF670 		.ascii	"`N\366p6\247\324|\0009\363#\\\217\207`\245\242\265T"
  63      36A7D47C 
  63      0039F323 
  63      5C8F8760 
  63      A5A2B554 
  64 01ae A6605530 		.ascii	"\246`U0\0065\222\345rql\\\303\010|\006JZ \024\316\""
  64      063592E5 
  64      72716C5C 
  64      C3087C06 
  64      4A5A2014 
  65 01c4 5311528B 		.ascii	"S\021R\213T \315G\323\323\010\305\246\372\346\025\252"
  65      5420CD47 
  65      D3D308C5 
  65      A6FAE615 
  65      AA
  66 01d5 4252B215 		.ascii	"BR\262\025H\335\357\270\001\024H\013\356\344p9<L\020"
  66      48DDEFB8 
  66      0114480B 
  66      EEE47039 
  66      3C4C10
  67 01e8 8E09E963 		.ascii	"\216\011\351c\3557O\356t2\004\206\220\361\273\333\227"
  67      ED374FEE 
  67      74320486 
  67      90F1BBDB 
  67      97
  68 01f9 B2AAB30F 		.ascii	"\262\252\263\017\026m\333\256\202s(\356\337\200\202"
  68      166DDBAE 
  68      827328EE 
  68      DF8082
  69 0208 665E5F9D 		.ascii	"f^_\235M\251\024C\310\362\300\375\2362\202(\016\004"
  69      4DA91443 
  69      C8F2C0FD 
  69      9E328228 
  69      0E04
  70 021a 4337E6E6 		.ascii	"C7\346\346g\312sp\274\015\025\330b\011/\316\015\237"
  70      67CA7370 
  70      BC0D15D8 
  70      62092FCE 
  70      0D9F
  71 022c 934B3876 		.ascii	"\223K8v\357\304\350\307\232>D\342\230\317Y\242\014\276"
  71      EFC4E8C7 
  71      9A3E44E2 
  71      98CF59A2 
  71      0CBE
  72 023e 801C6CC8 		.ascii	"\200\034l\310\275\012y\320i/\376\364pNN\350\003\314"
  72      BD0A79D0 
  72      692FFEF4 
  72      704E4EE8 
  72      03CC
  73 0250 F1C23822 		.ascii	"\361\3028\"\345j~8\345s\212U\250\014\267*\004L\337]"
  73      E56A7E38 
ARM GAS  /tmp/cciiFpFw.s 			page 5


  73      E5738A55 
  73      A80CB72A 
  73      044CDF5D 
  74 0264 3EEE1559 		.ascii	">\356\025Y\220\342\337]^\273X\356n\230\007\035\302\335"
  74      90E2DF5D 
  74      5EBB58EE 
  74      6E98071D 
  74      C2DD
  75 0276 3002269E 		.ascii	"0\002&\236\262a\276\244\005)\354\016\244\320\361\225"
  75      B261BEA4 
  75      0529EC0E 
  75      A4D0F195 
  76 0286 4D8E1766 		.ascii	"M\216\027f\276\017Q\206\353,\177\342\014\301W\322\325"
  76      BE0F5186 
  76      EB2C7FE2 
  76      0CC157D2 
  76      D5
  77 0297 F3748880 		.ascii	"\363t\210\200\365\223\253\275\271\321\337}5c\256\253"
  77      F593ABBD 
  77      B9D1DF7D 
  77      3563AEAB 
  78 02a7 E504195A 		.ascii	"\345\004\031Z\2320\275\322\325\257]W\027\216\216\177"
  78      9A30BDD2 
  78      D5AF5D57 
  78      178E8E7F 
  79 02b7 E823570B 		.ascii	"\350#W\013\344\252\202#\027\344\241\353\033I}\343\257"
  79      E4AA8223 
  79      17E4A1EB 
  79      1B497DE3 
  79      AF
  80 02c8 39F7F896 		.ascii	"9\367\370\226\230=\234:\341\227\340I\002\303Ei\277\343"
  80      983D9C3A 
  80      E197E049 
  80      02C34569 
  80      BFE3
  81 02da 0695C67E 		.ascii	"\006\225\306~\206t\341\307k~G\026\025\021\371\374\275"
  81      8674E1C7 
  81      6B7E4716 
  81      1511F9FC 
  81      BD
  82 02eb 5B9E64C9 		.ascii	"[\236d\311\354\224\312\373m\2167\001\\\202$\356\371"
  82      EC94CAFB 
  82      6D8E3701 
  82      5C8224EE 
  82      F9
  83 02fc 0A761B32 		.ascii	"\012v\0332\267\322{\037%g\255\3119\017)M+\230rUYCH\347"
  83      B7D27B1F 
  83      2567ADC9 
  83      390F294D 
  83      2B987255 
  84 0314 56818A3F 		.ascii	"V\201\212?\354\230=\275\333\325\370\277Z\272\213,\275"
  84      EC983DBD 
  84      DBD5F8BF 
  84      5ABA8B2C 
  84      BD
  85 0325 2C2DA54B 		.ascii	",-\245K\017\246\245\245\217Ue\036\264D\245\315i\331"
  85      0FA6A5A5 
ARM GAS  /tmp/cciiFpFw.s 			page 6


  85      8F55651E 
  85      B444A5CD 
  85      69D9
  86 0337 57B02CE2 		.ascii	"W\260,\342S\376\342\373\355\377\361]}\304w\355\037\370"
  86      53FEE2FB 
  86      EDFFF15D 
  86      7DC477ED 
  86      1FF8
  87 0349 F0EA8519 		.ascii	"\360\352\205\031\227O\225\347\374\027Hmqn\310U\204b"
  87      974F95E7 
  87      FC17486D 
  87      716EC855 
  87      8462
  88 035b 04657EBE 		.ascii	"\004e~\276\256Nw~\365M\315{\233\033\302\317\206^\323"
  88      AE4E777E 
  88      F54DCD7B 
  88      9B1BC2CF 
  88      865ED3
  89 036e 2371DD88 		.ascii	"#q\335\210\264\264D\366\353\321H,\021\327_\016\005\353"
  89      B4B444F6 
  89      EBD1482C 
  89      11D75F0E 
  89      05EB
  90 0380 83ADBAD1 		.ascii	"\203\255\272\321dDb\215{\336\335\325Rg0-\326\030?\260"
  90      6444628D 
  90      7BDEDDD5 
  90      5267302D 
  90      D6183FB0 
  91 0394 2FF1E2BF 		.ascii	"/\361\342\277\343\033[\023z}0\374jXo\336o\354;\360f"
  91      E31B5B13 
  91      7A7D30FC 
  91      6A586FDE 
  91      6FEC3BF0 
  92 03a9 A36EB4C4 		.ascii	"\243n\264\304\233\343{\3366\214\272&\246\030\211\326"
  92      9BE37BDE 
  92      368CBA26 
  92      A61889D6 
  93 03b9 68453014 		.ascii	"hE0\024\016\324\356\330\036\210\306\243>&^\212\261\312"
  93      0ED4EED8 
  93      1E88C6A3 
  93      3E265E8A 
  93      B1CA
  94 03cb 4424DAF0 		.ascii	"D$\332\360\326\356X\304\010'\3360\336\251\010\206C4"
  94      D6EE58C4 
  94      0827DE30 
  94      DEA90886 
  94      4334
  95 03dd B81DB37C 		.ascii	"\270\035\263|\214\307\230\210G\331\0371\340\005O"
  95      8CC79888 
  95      47D91F31 
  95      E0054F
  96              		.text
  97              		.section	.gnu.lto_SVC_Handler.458dd9ba0b28cde7,"",%progbits
  98 0000 789C9D93 		.ascii	"x\234\235\223_hSW\034\307\177\277sn\376\230\246U\237"
  98      5F685357 
  98      1CC77FBF 
  98      736EFE98 
ARM GAS  /tmp/cciiFpFw.s 			page 7


  98      A6559F
  99 0013 062A983C 		.ascii	"\006*\230<\364A\320\3361\006\033\350@\351\223\017\301"
  99      F441D0DE 
  99      31061BE8 
  99      40E9930F 
  99      C1
 100 0024 910CF628 		.ascii	"\221\014\366(\365.[\203\215\011I*\365\311\333\264i\261"
 100      F52E5B83 
 100      8D09492A 
 100      F5C9DBB4 
 100      69B1
 101 0036 42A9A2C5 		.ascii	"B\251\242\305J]P)vs\376i\273\372\247j\274\266\266Z\350"
 101      4A5D5029 
 101      7673FE69 
 101      BBFAA76A 
 101      BCB6B65A 
 102 004b 2A131507 		.ascii	"*\023\025\007}\250iM\241\202XQp\017m\367\373\235\033"
 102      7DA8694D 
 102      A1825851 
 102      700F6DF7 
 102      FB9D1B
 103 005e 4453D960 		.ascii	"DS\331`\227ps\316\371}\177\337\337\357|\316\271\032"
 103      977073CE 
 103      F97D7FDF 
 103      DFEF7CCE 
 103      B91A
 104 0070 20F0F3B3 		.ascii	" \360\363\263\006\260\226\206\353i\214\022PtL\0024\272"
 104      06B09686 
 104      EB698C12 
 104      50744C02 
 104      34BA
 105 0082 05220F4C 		.ascii	"\005\"\017L7\302A\201\007\361\255X\0248\334Z\270.6\235"
 105      37C24181 
 105      07F1AD58 
 105      1438DC5A 
 105      B82E369D 
 106 0096 33E9991E 		.ascii	"3\351\231\036\315J\263\327\302\214\004X\026\312\011"
 106      CD4AB3D7 
 106      C28C0458 
 106      16CA09
 107 00a5 F01C6E02 		.ascii	"\360\034n\002\222\375\331|\271[\276\021\031\211\250"
 107      92FDD97C 
 107      B95BBE11 
 107      1989A8
 108 00b4 D174E18F 		.ascii	"\321t\341\217\2233\025<\025\350\243i\333\370\354\231"
 108      9333153C 
 108      15E8A369 
 108      DBF8EC99 
 109 00c4 D5722BB2 		.ascii	"\325r+\262\362\345\322T\233\267\362\254i\246M\353\310"
 109      F2E5D254 
 109      9BB7F2AC 
 109      69A64DEB 
 109      C8
 110 00d5 D8675DA6 		.ascii	"\330g]\246\325\354\313H\211\277\242$S\374\0057`/nP\346"
 110      D5ECCB48 
 110      89BFA224 
 110      53FC0537 
ARM GAS  /tmp/cciiFpFw.s 			page 8


 110      602F6E50 
 111 00ea A4CEF72D 		.ascii	"\244\316\367-\035/w6sy\037\236\307J\2730\376\206N\352"
 111      1D2F7736 
 111      73791F9E 
 111      C74ABB30 
 111      FE864EEA 
 112 00fe 5FF00A89 		.ascii	"_\360\012\211\012\207Gs.\271]\331[=\203O\320\266\237"
 112      0A874773 
 112      2EB95DD9 
 112      5B3D834F 
 112      D0B69F
 113 0111 CEB67CFF 		.ascii	"\316\266|\377\260\247\305\354\270\343\316H\015/\254"
 113      B0A7C5EC 
 113      B8E3CE48 
 113      0D2FAC
 114 0120 2C8017B1 		.ascii	",\200\027\261\362R\3202\227\227\233hw\033\257\275\233"
 114      F252D032 
 114      97979B68 
 114      771BAFBD 
 114      9B
 115 0131 77BB8807 		.ascii	"w\273\210\007\271j\352\355\200\214t8\225\014\340\025"
 115      B96AEAED 
 115      808C7438 
 115      950CE015 
 116 0141 55663E0B 		.ascii	"Uf>\013B\360\277\234\303\306|\266e\352\213\217\273\264"
 116      42F0BF9C 
 116      C3C67CB6 
 116      65EA8B8F 
 116      BBB4
 117 0153 0E4F34A2 		.ascii	"\016O4\242\246:\\\026\270b\013\354\204\227\320I\265"
 117      A63A5C16 
 117      B8620BEC 
 117      8497D049 
 117      B5
 118 0164 2FD39B36 		.ascii	"/\323\2336\321\214\244\351l\357\314j\376\243\2305O\020"
 118      D18CA4E9 
 118      6CEFCC6A 
 118      FEA39835 
 118      4F10
 119 0176 0C27A72D 		.ascii	"\014'\247-\34633\2534\252\211}\350W,\306\362\003CNZ"
 119      E63333AB 
 119      34AA897D 
 119      E8572CC6 
 119      F203434E 
 120 018b C17ED49A 		.ascii	"\301~\324\232$[\014P\245<\246\247\271\015\366c{\216"
 120      245B0C50 
 120      A53CA6A7 
 120      B90DF663 
 120      7B8E
 121 019d F05AA660 		.ascii	"\360Z\246`i\212\223j\276\200\351\327\255w\221\027\232"
 121      698A936A 
 121      BE80E9D7 
 121      AD779117 
 121      9A
 122 01ae A4B43542 		.ascii	"\244\2645B\205\317s\212$ASwK\241\253\302V\220\277\374"
 122      85CF738A 
 122      24415377 
ARM GAS  /tmp/cciiFpFw.s 			page 9


 122      4BA1ABC2 
 122      5690BFFC 
 123 01c2 F018117D 		.ascii	"\360\030\021}\370;A\373(I\263]\227\272\234v\222\203"
 123      F83B41FB 
 123      2849B35D 
 123      97BA9C76 
 123      9283
 124 01d4 978A0A4A 		.ascii	"\227\212\012J\276\367b\366\224[v\242\202\360bva\244"
 124      BEF762F6 
 124      945B76A2 
 124      82F06276 
 124      61A4
 125 01e6 AC78EA8B 		.ascii	"\254x\352\213\177y\315\216Fu&\203\2378\223+\354\355"
 125      7F79CD8E 
 125      46752683 
 125      9F38932B 
 125      ECED
 126 01f8 80394C13 		.ascii	"\2009L\023\336B)\336\361\007\310\212\"`Q\012\030\360"
 126      DE4229DE 
 126      F107C88A 
 126      2260510A 
 126      18F0
 127 020a AA827B8D 		.ascii	"\252\202{\215/\010B\017\303=\223\355\177\347\361\017"
 127      2F08420F 
 127      C33D93ED 
 127      7FE7F10F 
 128 021a 14E1BA38 		.ascii	"\024\341\2728\345\302\314\015\323\255\340^/\302\235"
 128      E5C2CC0D 
 128      D3ADE05E 
 128      2FC29D
 129 0229 3A3974CC 		.ascii	":9t\314\303p\207\030\256\203\"7\324M>\333\227\236\360"
 129      C3708718 
 129      AE832237 
 129      D44D3EDB 
 129      979EF0
 130 023c FAAF7C78 		.ascii	"\372\257|x2\223\355\351\323^\225|\223\223\361\026\276"
 130      3293EDE9 
 130      D35E957C 
 130      9393F116 
 130      BE
 131 024d DFB66A8D 		.ascii	"\337\266j\215\361\257a\341\334\315\326G(\207l\002\203"
 131      F1AF61E1 
 131      DCCDD647 
 131      28876C02 
 131      83
 132 025e B9A7273C 		.ascii	"\271\247'<\305\213y\244=\332\365t\3264\217\232\310\024"
 132      C58B79A4 
 132      3DDAF574 
 132      D6348F9A 
 132      C814
 133 0270 729FA070 		.ascii	"r\237\240p[\335\354\316\314\360\003\027\037\200F\273"
 133      5BDDECCE 
 133      CCF00317 
 133      1F8046BB 
 134 0280 B1286653 		.ascii	"\261(fS\231\370\262\204\312\241\307X$\"K\210X\247\273"
 134      99F8B284 
 134      CAA1C758 
ARM GAS  /tmp/cciiFpFw.s 			page 10


 134      24224B88 
 134      58A7BB
 135 0293 DB711DE0 		.ascii	"\333q\035\340\035\016j%A\363\355$r%\300a\016;V\322\034"
 135      1D0E6A25 
 135      41F3ED24 
 135      7225C061 
 135      0E3B56D2 
 136 02a8 5134EFDA 		.ascii	"Q4\357\3324\377\376O\232\243E\232K\331g\2712\2469\206"
 136      34FFFE4F 
 136      9AA3459A 
 136      4BD967B9 
 136      32A63986 
 137 02bc 9AEA1BF0 		.ascii	"\232\352\033\360\236\302\331\233\033y\356\365\267\011"
 137      9EC2D99B 
 137      1B79EEF5 
 137      B709
 138 02ca 3BDBCDDA 		.ascii	";\333\315\332\327\027\373\037\227\251\354\373\012\347"
 138      D717FB1F 
 138      97A9ECFB 
 138      0AE7
 139 02d8 B88D5321 		.ascii	"\270\215S!\000\230\247\253\374|\336\315\233S`^\321G"
 139      0098A7AB 
 139      FC7CDECD 
 139      9B53605E 
 139      D147
 140 02ea 455F1FC9 		.ascii	"E_\037\311\277\256\252\322\355_umdOdWhK\360;=\226\324"
 140      BFAEAAD2 
 140      ED5F756D 
 140      644F6457 
 140      684BF03B 
 141 0301 8D58341A 		.ascii	"\215X4\032\333\247\307c\211TR\337\021\014T\007\032t"
 141      DBA7C763 
 141      895452DF 
 141      110C5407 
 141      1A74
 142 0313 A3D68825 		.ascii	"\243\326\210%\302\273\367\177\025\2552@3R\015qg\"\234"
 142      C2BBF77F 
 142      15AD3240 
 142      33520D71 
 142      67229C
 143 0326 ACAF4B6D 		.ascii	"\254\257Km\373w\223pCJ\257\016\204v\206\364\310>\243"
 143      FB779370 
 143      434AAF0E 
 143      847686F4 
 143      C83EA3
 144 0339 AEFE87B0 		.ascii	"\256\376\207\260nD\223\221\344\356\237\014\243\252\026"
 144      6E449391 
 144      E4EE9F0C 
 144      A3AA16
 145 0348 CA03C190 		.ascii	"\312\003\301\220\257\362\363\315\276x2\356\001\371M"
 145      AFF2F3CD 
 145      BE7832EE 
 145      01F94D
 146 0357 022A52B1 		.ascii	"\002*R\261\370\256\037\277M\304\214P\252\306\330[\036"
 146      F8AE1FBF 
 146      4DC48C50 
 146      AAC6D85B 
ARM GAS  /tmp/cciiFpFw.s 			page 11


 146      1E
 147 0368 080539B8 		.ascii	"\010\0059\270\231T\036\020\011\220\31188\366\327\324"
 147      99541E10 
 147      0990C938 
 147      38F6D7D4 
 148 0378 D587FF67 		.ascii	"\325\207\377g\367\265\260\206=\367\324$\303\361D\204"
 148      F7B5B086 
 148      3DF7D424 
 148      C3F14484 
 149 0388 7DC1150D 		.ascii	"}\301\025\015Gc\211\003\360\0178\\\3255"
 149      47638903 
 149      F00F385C 
 149      D535
 150              		.text
 151              		.section	.gnu.lto__port_irq_epilogue.458dd9ba0b28cde7,"",%progbits
 152 0000 789C9D53 		.ascii	"x\234\235S]H\223Q\030~\237s\276\31553v%$^\314\013/\204"
 152      5D489351 
 152      187E9F73 
 152      BECD3533 
 152      7625245E 
 153 0018 F2F32232 		.ascii	"\362\363\"2\250.\302\253.$\320\272\026]#\007\315\311"
 153      A82EC2AB 
 153      2E24D0BA 
 153      165D2307 
 153      CDC9
 154 002a 9661571E 		.ascii	"\226aW\036\235\323\202\210\250\014\213b`\204f\371[V"
 154      9DD38288 
 154      A80C8B62 
 154      608466F9 
 154      5B56
 155 003c D3654B0B 		.ascii	"\323eK\013\214\322(\026H\336\370\223\232e\240\221P\224"
 155      8CD22816 
 155      48DEF893 
 155      9A65A091 
 155      5094
 156 004e 5BE77C53 		.ascii	"[\347|SI\303\202\016\373v\276s\336\3679\317{\236\367"
 156      49C3820E 
 156      FB76BE73 
 156      DEF739CF 
 156      7B9EF7
 157 0061 F93402A9 		.ascii	"\3714\002\251\361\211\023\275\221\363~\371\300L`\347"
 157      F18913BD 
 157      91F37EF9 
 157      C04C60E7 
 158 0071 4788AA2D 		.ascii	"G\210\252-\214\361h*\011\253\026\316%\261\225\303\244"
 158      8CF1682A 
 158      09AB16CE 
 158      25B195C3 
 158      A4
 159 0082 B6A125E6 		.ascii	"\266\241%\346j\213\011P/\302\002\252b\\3\241\012Kl\231"
 159      6A8B0950 
 159      2FC202AA 
 159      625C33A1 
 159      0A4B6C99 
 160 0096 61A07E26 		.ascii	"a\240~&\304\262\232\205\034\343\317b9\242%\202\200$"
 160      C4B29A85 
 160      1CE3CF62 
ARM GAS  /tmp/cciiFpFw.s 			page 12


 160      39A22582 
 160      8024
 161 00a8 8833838B 		.ascii	"\2103\203\213\320\214,\222i\223]\261\206\024s\255J\263"
 161      D08C2C92 
 161      69935DB1 
 161      861473AD 
 161      4AB3
 162 00ba 27826881 		.ascii	"'\202h\201Y\025\324Q\020\021\361\270_\210x\316H\246"
 162      5915D451 
 162      1011F1B8 
 162      5F8878CE 
 162      48A6
 163 00cc 85518083 		.ascii	"\205Q\200\203\253?\242\005\231\2468\027\031S3\237D\215"
 163      AB3FA205 
 163      99A63817 
 163      1953339F 
 163      448D
 164 00de 4D9DF5BA 		.ascii	"M\235\365\272\266\363\032\377\312\002\234A\223\313\305"
 164      B6F31AFF 
 164      CA029C41 
 164      93CBC5
 165 00ed E1AB53DB 		.ascii	"\341\253S\333\324\222\303.\227\263\341\372(\370^\250"
 165      D492C32E 
 165      97B3E1FA 
 165      28F85EA8 
 166 00fd CC9EFED1 		.ascii	"\314\236\376\321Fk\346\015!j\304\370\305\272#WF\337"
 166      466BE60D 
 166      216AC4F8 
 166      C5BA2357 
 166      46DF
 167 010f 0B7141C8 		.ascii	"\013qA\310\0025\334\006\227e\240\025\351\270\205\364"
 167      0235DC06 
 167      9765A015 
 167      E9B885F4 
 168 011f 44AD7790 		.ascii	"D\255w\220)A\365s\342\221\246\316\323`G\233\214\315"
 168      2941F573 
 168      E291A6CE 
 168      D360479B 
 168      8CCD
 169 0131 A26672A9 		.ascii	"\242fr\251\376\345\256\365\327\210\234\211\301\270D"
 169      FEE5AEF5 
 169      D7889C89 
 169      C1B844
 170 0140 9C61C30D 		.ascii	"\234a\303\015#7\317\376\300vB\273\012\262\015A17\014"
 170      2337CFFE 
 170      C07642BB 
 170      0AB20D41 
 170      31370C
 171 0153 C544E850 		.ascii	"\305D\350Pa\376\207:\350\224]!t)y@\017 \343M\301\356"
 171      61FE873A 
 171      E8945D21 
 171      74297940 
 171      0F20E34D 
 172 0169 6FD68C21 		.ascii	"o\326\214!\004E\243=\300M\012\3226\325',\232T\010\335"
 172      0445A33D 
 172      C04D0AD2 
 172      36D5272C 
ARM GAS  /tmp/cciiFpFw.s 			page 13


 172      9A5408DD 
 173 017d C820B5B3 		.ascii	"\310 \265\2630\037\035cr\007we\327T\335\204{\206@-\375"
 173      301F1D63 
 173      72077765 
 173      D754DD84 
 173      7B86402D 
 174 0192 83D35B33 		.ascii	"\203\323[3^\254\240\315*\367K{\367\333d\003\335\243"
 174      5EACA0CD 
 174      2AF74B7B 
 174      F7DB6403 
 174      DDA3
 175 01a4 D0B80F8D 		.ascii	"\320\270\017\215&\301\014\011\210f0\320\033\232\013"
 175      26C10C09 
 175      886630D0 
 175      1B9A0B
 176 01b3 EE56B7F3 		.ascii	"\356V\267\363s\325\345\313\201\201WIJ\223$\343\256\325"
 176      73D5E5CB 
 176      81815749 
 176      4A9324E3 
 176      AED5
 177 01c5 A1F02553 		.ascii	"\241\360%Sb)\336\371\3056\325\224\306\232\011K\020\327"
 177      6229DEF9 
 177      C536D594 
 177      C69A094B 
 177      10D7
 178 01d7 A5B8163C 		.ascii	"\245\270\026<\224\252>P\025\310\300|\303P\253Uo\023"
 178      94AA3E50 
 178      15C8C07C 
 178      C350AB55 
 178      6F13
 179 01e9 B532B205 		.ascii	"\2652\262\005!\004\0213\274\201^\350\222\311\377\263"
 179      21041133 
 179      BC815EE8 
 179      92C9FFB3 
 180 01f9 2ECA1244 		.ascii	".\312\022D<\301\365\371\345t\223\241? l\350\223\307"
 180      3CC1F5F9 
 180      E57493A1 
 180      3F206CE8 
 180      93C7
 181 020b 4CA076CC 		.ascii	"L\240v\314\237\266\222$3:\346C\337S\022\031\204\360"
 181      9FB69224 
 181      333AE643 
 181      DF531219 
 181      84F0
 182 021d 4AF716A5 		.ascii	"J\367\026\245\224\321T\376\001~\233\312T\324\241\320"
 182      94D154FE 
 182      017E9BCA 
 182      54D4A1D0 
 183 022d FC5852D5 		.ascii	"\374XR\325\2628-\204-\300\255q\246I\332G\250\222\366"
 183      B2382D84 
 183      2DC0AD71 
 183      A649DA47 
 183      A892F6
 184 0240 4A36101A 		.ascii	"J6\020\032\205s\327l\265\336,\356\177\231\245\3370\313"
 184      8573D76C 
 184      B5DE2CEE 
 184      7F99A5DF 
ARM GAS  /tmp/cciiFpFw.s 			page 14


 184      30CB
 185 0252 9A309A2C 		.ascii	"\2320\232,\345\361\346fy>\303V\314b\372\323,\347\220"
 185      E5F1E666 
 185      793EC356 
 185      CC62FAD3 
 185      2CE790
 186 0265 4688A8A0 		.ascii	"F\210\250\240y\243Y\226F\240\230\010O61\313\200a\226"
 186      79A35996 
 186      46A09808 
 186      4F3631CB 
 186      806196
 187 0278 C1DFCC12 		.ascii	"\301\337\314\022\013N\364'\257\372\340\261\341\203\247"
 187      0B4EF427 
 187      AFFAE0B1 
 187      E183A7
 188 0287 860F3636 		.ascii	"\206\01766\375\331j\323\025\201\241\207\311\370\316"
 188      FDD96AD3 
 188      1581A187 
 188      C9F8CE
 189 0296 3E2A418C 		.ascii	">*A\214\261 \255-w$dOv\266\236\370\345\225\272J\\\207"
 189      B120AD2D 
 189      7724644F 
 189      76B69EF8 
 189      E595BA4A 
 190 02ac 0A77161C 		.ascii	"\012w\026\034\326=>\335\341q\273=ez\271\307{\302\247"
 190      D63D3EDD 
 190      E171BB3D 
 190      657AB9C7 
 190      7BC2A7
 191 02bf 1F28C8CF 		.ascii	"\037(\310\317\313\257\324\035\245\016\217\327Yt2\327"
 191      CBAFD41D 
 191      A50E8FD7 
 191      597432D7 
 192 02cf 9DED20D3 		.ascii	"\235\355 \323\311\342\343\025\316\377\204\227\322\276"
 192      C9E2E315 
 192      CEFF8497 
 192      D2BE
 193 02dd BF039D95 		.ascii	"\277\003\235\225'\364\274\374\302\203\205\272\253\314"
 193      27F4BCFC 
 193      C28385BA 
 193      ABCC
 194 02eb 71BCE2A8 		.ascii	"q\274\342\250Sw\270}._\3211\207C\202m\371\205\005\366"
 194      5377B87D 
 194      2E5FD131 
 194      8743826D 
 194      F98505F6 
 195 02ff 92629FB3 		.ascii	"\222b\237\263\334\353\332a\317\314!\346\245$\267\323"
 195      DCEBDA61 
 195      CFCC21E6 
 195      A524B7D3 
 196 030f EDF19EA2 		.ascii	"\355\361\236\242_\236\000\230\272"
 196      5F9E0098 
 196      BA
 197              		.text
 198              		.section	.gnu.lto_.symbol_nodes.458dd9ba0b28cde7,"",%progbits
 199 0000 789C6361 		.ascii	"x\234ca`d\250a\000\002\246\377\214\365\014\014\023\316"
 199      6064A861 
ARM GAS  /tmp/cciiFpFw.s 			page 15


 199      0002A6FF 
 199      8CF50C0C 
 199      13CE
 200 0012 3130D433 		.ascii	"10\32430\356lY\330\240\300\300\300\370\223\261\236\021"
 200      30EE6C59 
 200      D8A0C0C0 
 200      C0F893B1 
 200      9E11
 201 0024 2CC6C0D0 		.ascii	",\306\300\320\260\000$\360\213\261\236\011Y\200\351"
 201      B00024F0 
 201      8BB19E09 
 201      5980E9
 202 0033 1B633D33 		.ascii	"\033c=3T\027\303\256\006E\240\310w\306z\026\024\021"
 202      5417C3AE 
 202      0645A0C8 
 202      77C67A16 
 202      1411
 203 0045 C61F8CF5 		.ascii	"\306\037\214\365\2540M c\231\031X\031\226\264\277\221"
 203      AC304D20 
 203      63991958 
 203      1996B4BF 
 203      91
 204 0056 67666160 		.ascii	"gfa`x\264R\215\001\000$\370\037\355"
 204      78B4528D 
 204      010024F8 
 204      1FED
 205              		.text
 206              		.section	.gnu.lto_.refs.458dd9ba0b28cde7,"",%progbits
 207 0000 789C6361 		.ascii	"x\234ca`d\340d```b`b\344gb\022`\000\000\001x\0007"
 207      6064E064 
 207      60606062 
 207      6062E467 
 207      62126000 
 208              		.text
 209              		.section	.gnu.lto_.decls.458dd9ba0b28cde7,"",%progbits
 210 0000 789CBD58 		.ascii	"x\234\275XkL\024Y\026\356[\267yt\323\200Afw&!\033\343"
 210      6B4C1459 
 210      16EE5BB7 
 210      7974D380 
 210      41667726 
 211 0017 9A48B219 		.ascii	"\232H\262\031\321q\222\235d\347\307 \352\352\017wL\243"
 211      D171929D 
 211      64E7C720 
 211      EAEA0F77 
 211      4CA3
 212 0029 FE99647A 		.ascii	"\376\231dz\260i\245\263\274\246\273\335q\222M\246\024"
 212      B069A5B3 
 212      BCA6BBDD 
 212      71924DA6 
 212      14
 213 003a 14D4D101 		.ascii	"\024\324\321\001\305\007\212\012\250(/A\236\">Z\224"
 213      C5078A0A 
 213      A8282F41 
 213      9E223E5A 
 213      94
 214 004b 870F1804 		.ascii	"\207\017\030\004\344%\330-\202ODP\004\021\224=\367\336"
 214      E425D82D 
ARM GAS  /tmp/cciiFpFw.s 			page 16


 214      824F4450 
 214      0411943D 
 214      F7DE
 215 005d AAAEA26D 		.ascii	"\252\256\242m\334\231\375\261\025O5\247\352\273\337"
 215      DC99FDB1 
 215      154F35A7 
 215      EABBDF
 216 006c 79DC734F 		.ascii	"y\334sO\335\253R\201\024\344r\377X\241\210\302\012E"
 216      DDAB5281 
 216      14E472FF 
 216      58A188C2 
 216      0A45
 217 007e 3CA89370 		.ascii	"<\250\223p)\341\331\032\205t\271\203\344\203\024\202"
 217      29E1D91A 
 217      8574B983 
 217      E4831482 
 218 008e 14819480 		.ascii	"\024\201\224\200\224\201\\T\274\177\021\234\2570\336"
 218      94815C54 
 218      BC7F119C 
 218      AF30DE
 219 009d 0FC41FA4 		.ascii	"\017\304\037\244\006\244\007d.H\005H?H\007\310u\220"
 219      06A40764 
 219      2E480548 
 219      3F4807C8 
 219      7590
 220 00af D520CF41 		.ascii	"\325 \317A\006A.\200\014\201p \235 \3352\333# \343\202"
 220      06412E80 
 220      0C817020 
 220      9D20DD32 
 220      DB2320E3 
 221 00c4 4DD10FE7 		.ascii	"M\321\017\347\213\370\245r\262\335#\330\237+\330%\266"
 221      8BF8A572 
 221      B2DD23D8 
 221      9F2BD825 
 221      B6
 222 00d5 84B02977 		.ascii	"\204\260)w\211\214\233\203\347J\020\017\364>7\211W#"
 222      898C9B83 
 222      E74A100F 
 222      F43E3789 
 222      5723
 223 00e7 70CF758A 		.ascii	"p\317u\212M\344\324\201|\013\362g\220\357@\362\004S"
 223      4DE4D481 
 223      7C0BF267 
 223      90EF40F2 
 223      0453
 224 00f9 DF104E81 		.ascii	"\337\020N\201c-\374\035.\330\310\227\331t\276\336r("
 224      632DFC1D 
 224      2ED8C897 
 224      D974BEDE 
 224      7228
 225 010b 27F9F639 		.ascii	"'\371\3669|\007u \310\007\232A\237\"\304\356\210\212"
 225      7C077520 
 225      C8079A41 
 225      9F22C4EE 
 225      888A
 226 011d 820955E1 		.ascii	"\202\011U\341\017\216\336\025\322#$\002\311\035n\034"
 226      0F8EDE15 
ARM GAS  /tmp/cciiFpFw.s 			page 17


 226      D2232402 
 226      C91D6E1C 
 227 012d 129E291C 		.ascii	"\022\236)\034d\364\2370\236\316=\275(\211\304\216\204"
 227      64F49F30 
 227      9ECE3DBD 
 227      2889C48E 
 227      84
 228 013e 41C8E101 		.ascii	"A\310\341\001}\255`\357\035\254\354\207\223\006\310"
 228      7DAD60EF 
 228      1DACEC87 
 228      9306C8
 229 014d F898BB02 		.ascii	"\370\230\273\002\235\344\263#&$\006=\261\363b\231\006"
 229      9DE4B323 
 229      2624063D 
 229      B1F36299 
 229      06
 230 015e 4356E06F 		.ascii	"CV\340o\333\330\251\245\363\362x\270\222x\236\373R\312"
 230      DBD8A9A5 
 230      F3F278B8 
 230      92789EFB 
 230      52CA
 231 0170 CCADF8C2 		.ascii	"\314\255\370\3024<\314!?5R\202:T\177\360\276\017\250"
 231      343CCC21 
 231      3F355282 
 231      3A547FF0 
 231      BE0FA8
 232 0183 FE6A340B 		.ascii	"\376j4\013\324\267\327\016\035\344>\336G\307\305\361"
 232      D4B7D70E 
 232      1DE43EDE 
 232      47C7C5F1 
 233 0193 B39468CD 		.ascii	"\263\224h\315\037P.\012@9(\000\014\345!\250v\264V\311"
 233      1F502E0A 
 233      40392800 
 233      0CE521A8 
 233      76B456C9 
 234 01a7 988AF73E 		.ascii	"\230\212\367>k\327\314N\347\255\205\274\375\320c\337"
 234      6BD7CC4E 
 234      E7AD85BC 
 234      FDD063DF 
 235 01b7 7D71F175 		.ascii	"}q\361u0l>A\241S\010\243l4\217x\007\177\222\237\223"
 235      306C3E41 
 235      A15308A3 
 235      6C348F78 
 235      077F929F 
 236 01cc E80EB89D 		.ascii	"\350\016\270\235\217f\303\310g\365EE\276\370[\352\350"
 236      8F66C3C8 
 236      67F54545 
 236      BEF85BEA 
 236      E8
 237 01dd 872D164C 		.ascii	"\207-\026L\261\230\225:q\321\013,\332y\336\336Q\033"
 237      B198953A 
 237      71D10B2C 
 237      DA79DEDE 
 237      511B
 238 01ef 9D706CAB 		.ascii	"\235pl\2535\011Q\020:-\031<M\015\302\037\205\324\330"
 238      35095110 
 238      3A2D193C 
ARM GAS  /tmp/cciiFpFw.s 			page 18


 238      4D0DC21F 
 238      85D4D8
 239 0202 3DFB8917 		.ascii	"=\373\211\027^8\037QkCm\326qo\306`=o\323\300p:\372\214"
 239      5E381F51 
 239      6B436DD6 
 239      716FC660 
 239      3D6FD3C0 
 240 021a 34FA8C38 		.ascii	"4\372\2148\272\210\216>U=|\002\343\313lt\247\375d\231"
 240      BA888E3E 
 240      553D7C02 
 240      E3CB6C74 
 240      A7FD6499 
 241 022e 3B8C4E27 		.ascii	";\214N'\021\217-L\345\255\361\3406G)\212%\212by\304"
 241      118F2D4C 
 241      E5ADF1E0 
 241      3647298A 
 241      258A6279 
 242 0243 2594C636 		.ascii	"%\224\3066\370\262\326\013\3273\232\232'\335\025\236"
 242      F8B2D60B 
 242      D7339A9A 
 242      27DD159E 
 243 0253 8CC63A5C 		.ascii	"\214\306:\\\253\341\2236\361\351_Q\222R\211\244TNRF"
 243      ABE19336 
 243      F1E95F51 
 243      925289A4 
 243      544E5246 
 244 0267 49D20F8C 		.ascii	"I\322\017\214<v\307vFR_\335|\300\003\277\241\212\262"
 244      3C76C776 
 244      46525FDD 
 244      7CC003BF 
 244      A18AB2
 245 027a F774492B 		.ascii	"\367tI+F\252\000\004\211C\201\011<\277\231\037\334\234"
 245      46AA0004 
 245      89438109 
 245      3CBF991F 
 245      DC9C
 246 028c 3EEB7B05 		.ascii	">\353{\005Z\030\200\346\007(\320y\024\210*\020,pt\016"
 246      5A1880E6 
 246      0728D079 
 246      14882A10 
 246      2C70740E 
 247 02a0 209590DB 		.ascii	" \225\220\333\203\274'}r\220O\344\371\031\364\317,\261"
 247      83BC277D 
 247      72904FE4 
 247      F919F4CF 
 247      2CB1
 248 02b2 5C144445 		.ascii	"\\\024DEg\205L\260\3347\017\334\267\272\311\347\211"
 248      67854CB0 
 248      DC370FDC 
 248      B7BAC9E7 
 248      89
 249 02c3 40A489BA 		.ascii	"@\244\211\2720e\2422\317\036h\022\322lO\336m\020'\012"
 249      3065A232 
 249      CF1E6812 
 249      D26C4FDE 
 249      6D10270A 
 250 02d7 40A85C0A 		.ascii	"@\250\\\012\261\\L\365E\032^w]v.\251\314\271jD\012\337"
ARM GAS  /tmp/cciiFpFw.s 			page 19


 250      B15C4CF5 
 250      451A5E77 
 250      5D762EA9 
 250      CCB96A44 
 251 02ed 171E15F4 		.ascii	"\027\036\025\364W\214y\263G\204\266\351\227\027\307"
 251      578C79B3 
 251      4784B6E9 
 251      9717C7
 252 02fc 3D701EAD 		.ascii	"=p\036\255p\256fgq\221\027\012TS\257\355\266\346\305"
 252      70AE6667 
 252      7191170A 
 252      5453AFED 
 252      B6E6C5
 253 030f C909642E 		.ascii	"\311\011d.\256 5\272,\331\230\253\206{\"I\010x\355W"
 253      AE2035BA 
 253      2CD998AB 
 253      867B2249 
 253      0878ED57 
 254 0323 E7A370F8 		.ascii	"\347\243p\370\214\252 '@L\200\310\012\017/\301C0\222"
 254      8CAA2027 
 254      404C80C8 
 254      0A0F2FC1 
 254      433092
 255 0336 7D3C39D3 		.ascii	"}<9\323\035\3671#\251%9\243j\207\221\013\373?\317#\311"
 255      1DF73123 
 255      A92539A3 
 255      6A87910B 
 255      FB3FCF23 
 256 034b AA011B57 		.ascii	"\252\001\033W%\033`rZ#\325.\214\220\361`h \276\317\356"
 256      251B6072 
 256      5A23D52E 
 256      8C90F160 
 256      6820BECF 
 257 0360 C556E2C7 		.ascii	"\305V\342\307\240n*=\366\213\006'c\032\351\321\256\241"
 257      A06E2A3D 
 257      F68B0627 
 257      631AE9D1 
 257      AEA1
 258 0372 7C0FBC8F 		.ascii	"|\017\274\217*\334\303\344\254b5\322\004n\227,\310W"
 258      2ADCC3E4 
 258      AC6235D2 
 258      046E972C 
 258      C857
 259 0384 09BA0136 		.ascii	"\011\272\0016Vk\004o\230\247\223\235\353\206\342H:\256"
 259      566B046F 
 259      98A7939D 
 259      EB86E248 
 259      3AAE
 260 0396 230DBA26 		.ascii	"#\015\272&\271\272Z\303&h\337\376\234v\025na\306\232"
 260      B9BA5AC3 
 260      2668DFFE 
 260      9C76156E 
 260      61C69A
 261 03a9 066F1E16 		.ascii	"\006o\036\026\034\231\001\352\323\264\316N\015nc\357"
 261      1C9901EA 
 261      D3B4CE4E 
 261      0D6E63EF 
ARM GAS  /tmp/cciiFpFw.s 			page 20


 262 03b9 8A6B876A 		.ascii	"\212k\207jU\370.S\016V\016_wc@OP;\032\013w\370\340\036"
 262      55F82E53 
 262      0E560E5F 
 262      7763404F 
 262      503B1A0B 
 263 03d1 F66EEBB1 		.ascii	"\366n\353\261+c\336\270\217)\247\236\330&0~\304\224"
 263      2B63DEB8 
 263      8F29A79E 
 263      D826307E 
 263      C494
 264 03e3 F18A6ADE 		.ascii	"\361\212j\336\023?e\312\311\332\216Z_<\300\024\261\371"
 264      133F65CA 
 264      C9DA8E5A 
 264      5F3CC014 
 264      B1F9
 265 03f5 F8B1E673 		.ascii	"\370\261\346s\372\321\24545\353E<\367\226S\357H\032"
 265      FAD1A534 
 265      35EB453C 
 265      F79653EF 
 265      481A
 266 0407 6E54A239 		.ascii	"nT\24293\347\300\025\010\222I\342\207\205\377S\312\211"
 266      33E7C015 
 266      089249E2 
 266      8785FF53 
 266      CA89
 267 0419 AD7C5218 		.ascii	"\255|R\030\215\355W\210\255\003\315\224\222QO\313q\001"
 267      8DED5788 
 267      AD03CD94 
 267      92514FCB 
 267      7101
 268 042b DC14C942 		.ascii	"\334\024\311B=\363\310\242@m\000h%\200\333\302\010\310"
 268      3DF3C8A2 
 268      406D0068 
 268      2580DBC2 
 268      08C8
 269 043d 08BA0B99 		.ascii	"\010\272\013\231\273\203\346 \033H\027\310=\220v\020"
 269      BB83E620 
 269      1B4817C8 
 269      3D907610 
 270 044d 3B483748 		.ascii	";H7H'\232C+\224Z\266\246\264jD\263u\316fk\251\331\\"
 270      279A432B 
 270      945AB6A6 
 270      B46A44B3 
 270      75CE666B 
 271 0464 7217D023 		.ascii	"r\027\320#\315\016t\2133:\310\341#\303\276\221\260M"
 271      CD0E748B 
 271      333AC8E1 
 271      23C3BE91 
 271      B04D
 272 0476 CED846E4 		.ascii	"\316\330F\344\004\336-\271q\323\265\033\024L\013\301"
 272      04DE2DB9 
 272      71D3B51B 
 272      144C0BC1 
 273 0486 FA6A8F86 		.ascii	"\372j\217\206\207\225\016 \205P\003R<c\315\376\244\205"
 273      87950E20 
 273      85500352 
 273      3C63CDFE 
ARM GAS  /tmp/cciiFpFw.s 			page 21


 273      A485
 274 0498 614AD5EC 		.ascii	"aJ\325\354\322Gy@I\222\335\006\327Y\227\243'\244\220"
 274      D2477940 
 274      4992DD06 
 274      D75997A3 
 274      27A490
 275 04ab 6EB90E89 		.ascii	"n\271\016\211\241a\336\257\354\332\261J#/n9X\201z\220"
 275      A161DEAF 
 275      ECDAB14A 
 275      232F6E39 
 275      58817A90 
 276 04bf 867609F8 		.ascii	"\206v\011\370\005p\365\344\250\325\227\325\014\324\010"
 276      0570F5E4 
 276      A8D597D5 
 276      0CD408
 277 04ce DA3FD8D8 		.ascii	"\332?\330\330\244V'\012m\211\014\206\027\322\330^\262"
 277      A456270A 
 277      6D890C86 
 277      17D2D85E 
 277      B2
 278 04df 34211474 		.ascii	"4!\024t\237-\356\252\027\205'5l4\226-A\177\266\004o"
 278      9F2DEEAA 
 278      17852735 
 278      6C34962D 
 278      417FB604 
 279 04f4 BFBEF046 		.ascii	"\277\276\360F\203\337\320\342T\026o\266e\370\240@\326"
 279      83DFD0E2 
 279      54166FB6 
 279      65F8A040 
 279      D6
 280 0505 53D5B2DE 		.ascii	"S\325\262\336\370\024V\377C\2517\322\006:\370\023yL"
 280      F81456FF 
 280      43A937D2 
 280      063AF813 
 280      794C
 281 0517 9B2AF9A5 		.ascii	"\233*\371\245\275`0\223\207\335\241\330\201\037A\251"
 281      BD603093 
 281      87DDA1D8 
 281      811F41A9 
 282 0527 3DA5DE3C 		.ascii	"=\245\336<\001\302\307\314\235\314\275\257\357!\277"
 282      01C2C7CC 
 282      9DCCBDAF 
 282      EF21BF
 283 0536 2481FB2B 		.ascii	"$\201\373+D\271\037\300\373>\352}?\362\023c\240\012"
 283      44B91FC0 
 283      FB3EEA7D 
 283      3FF21363 
 283      A00A
 284 0548 8C283DDC 		.ascii	"\214(=\334z\304k\372x\237\211\361\316\017\220\257l\177"
 284      7AC46BFA 
 284      789F89F1 
 284      CE0F90AF 
 284      6C7F
 285 055a B6B2DB47 		.ascii	"\266\262\333Gm\243\336\2029\253hn\000\261\354(\320s"
 285      6DA3DE82 
 285      39AB686E 
 285      00B1EC28 
ARM GAS  /tmp/cciiFpFw.s 			page 22


 285      D073
 286 056c 6AEE1933 		.ascii	"j\356\0313\367\234\232k\351\315=\243\23127\244\207K"
 286      F79C9A6B 
 286      E9CD3DA3 
 286      993237A4 
 286      874B
 287 057e F60685B9 		.ascii	"\366\006\205\271\031\244s3\336W\360p*\272`\012zH@\017"
 287      19A47333 
 287      DE57F070 
 287      2ABA600A 
 287      7A48400F 
 288 0592 51746B57 		.ascii	"QtkW\323\001\025\236d\255 '\377H\241\017\336\246\244"
 288      D301159E 
 288      64AD2027 
 288      FF48A10F 
 288      DEA6A4
 289 05a5 CA8EAA2B 		.ascii	"\312\216\252+i\356JH\365K\232fxR\271\251\314W\376\361"
 289      69EE4A48 
 289      F54B9A66 
 289      7852B9A9 
 289      CC57FEF1 
 290 05b9 211D58E2 		.ascii	"!\035X\342}5\345\343s8\2631Y-\354Kl=\337\345\274\351"
 290      7D35E5E3 
 290      7338B331 
 290      592DEC4B 
 290      6C3DDFE5 
 291 05cf E3F9DD3C 		.ascii	"\343\371\335<\037\217\374\011\020\275\020\273!\032F"
 291      1F8FFC09 
 291      10BD10BB 
 291      211A46
 292 05de 4AA2499F 		.ascii	"J\242I\237\331\021\372\035\352\317j\233\201[\246\363"
 292      D911FA1D 
 292      EACF6A9B 
 292      815BA6F3 
 293 05ee 24A1FF78 		.ascii	"$\241\377x+\247$\333J\342\003\330$\215\2605s\341\264"
 293      2BA724DB 
 293      4AE203D8 
 293      248DB035 
 293      73E1B4
 294 0601 5B9837D4 		.ascii	"[\2307\324\2711$x\2677\356Y\237\340\235u\357\215/\331"
 294      B9312478 
 294      B737EE59 
 294      9FE09D75 
 294      EF8D2FD9 
 295 0615 1E22434D 		.ascii	"\036\"CM`h\324\341\332kpmT\356\3328u\255w<\377\234\320"
 295      6068D4E1 
 295      DA6B706D 
 295      54EEDA38 
 295      75AD773C 
 296 062c 30DD417D 		.ascii	"0\335A}~\177\264\307s\372bx+\026\303\004\253\266\341"
 296      7E7FB4C7 
 296      73FA6278 
 296      2B16C304 
 296      ABB6E1
 297 063f ED5B4685 		.ascii	"\355[F\205\255\237\007i\322\017\322viXq|A\032x\372\276"
 297      AD9F0769 
 297      D20FD276 
ARM GAS  /tmp/cciiFpFw.s 			page 23


 297      6958717C 
 297      411A78FA 
 298 0654 E75ECEB5 		.ascii	"\347^\316\2658\011d\357(\031\317\371\211\224T\201\021"
 298      380964EF 
 298      2819CFF9 
 298      89945481 
 298      11
 299 0665 D77AF3AB 		.ascii	"\327z\363\253|\360]\226\251\246\344\221:1\353\035\011"
 299      7CF05D96 
 299      A9A6E491 
 299      3A31EB1D 
 299      09
 300 0676 4B0FB6F7 		.ascii	"K\017\266\367\012YW\322\"\330\3049\276A\360\247\024"
 300      0A5957D2 
 300      22D8C439 
 300      BE41F0A7 
 300      14
 301 0687 D7668EC4 		.ascii	"\327f\216\304e?\372p\2177~\311\230.nI\315R\012\031*"
 301      653FFA70 
 301      8F377EC9 
 301      982E6E49 
 301      CD520A19 
 302 069c 592F2488 		.ascii	"Y/$\210m\262\342$\22689K<ei{P\025\216'\247\233\270g"
 302      6DB2E224 
 302      9638394B 
 302      3C65697B 
 302      50158E27 
 303 06b4 872F3DF5 		.ascii	"\207/=\365r\224El\335\013\251,H\356\267\210\324h+\247"
 303      7294456C 
 303      DD0BA92C 
 303      48EEB788 
 303      D4682BA7 
 304 06c8 249AC49E 		.ascii	"$\232\304\236@\331\363\352k\273\204\354%\"\320'\037"
 304      40D9F3EA 
 304      6BBB84EC 
 304      2522D027 
 304      1F
 305 06d9 771C5331 		.ascii	"w\034S1}\220~\314&\016\227\013\272?\331\327\332\222"
 305      7D907ECC 
 305      260E970B 
 305      BA3FD9D7 
 305      DA92
 306 06eb 923C5876 		.ascii	"\222<Xv\323\011\374^\367\303\355>x\247\033\333\235\027"
 306      D309FC5E 
 306      F7C3ED3E 
 306      78A71BDB 
 306      9D17
 307 06fd 9E19759B 		.ascii	"\236\031u\233~\342vr\302\304\345\260\211;\2659#E)M\215"
 307      7EE27672 
 307      C2C4E5B0 
 307      893BB539 
 307      2345294D 
 308 0712 8596DE0E 		.ascii	"\205\226\336\016.\000m\347\010|\027\235\032:\210\240"
 308      2E006DE7 
 308      087C179D 
 308      1A3A88A0 
 309 0722 37577624 		.ascii	"7Wv$\013\035\322N\364\322\246\266\021\025\336\317,\347"
ARM GAS  /tmp/cciiFpFw.s 			page 24


 309      0B1DD24E 
 309      F4D2A6B6 
 309      1115DECF 
 309      2CE7
 310 0734 B7F3DB54 		.ascii	"\267\363\333T\304r\034XN\372\357{\025\030\222\374\356"
 310      C4721C58 
 310      4EFAEF7B 
 310      151892FC 
 310      EE
 311 0745 4EA39BDC 		.ascii	"N\243\233\334z2\367\001\353\315\0172\342\205\016\333"
 311      7A32F701 
 311      EBCD0F32 
 311      E2850EDB 
 312 0755 48F4B207 		.ascii	"H\364\262\007\327j\304\217:\311CeM\023\354G\322\230"
 312      D76AC48F 
 312      3AC94365 
 312      4D13EC47 
 312      D298
 313 0767 37CF4733 		.ascii	"7\317G3\267}\240\200\367\211y\350c\236$\034\266\025"
 313      B77DA080 
 313      F78979E8 
 313      639E241C 
 313      B615
 314 0779 BB39E721 		.ascii	"\2739\347!\005<a\237\237\375\324\223}\242'u[.\355\177"
 314      053C619F 
 314      9FFDD493 
 314      7DA22775 
 314      5B2EED7F 
 315 078d CFEF69D1 		.ascii	"\317\357i\321;\252Kk\204\351\255#\372\203w\305\327="
 315      3BAA4B6B 
 315      84E9AD23 
 315      FA8377C5 
 315      D73D
 316 079f 7006F373 		.ascii	"p\006\363s\317\356\327\327=\361\011\246\224\017\344"
 316      CFEED7D7 
 316      3DF109A6 
 316      940FE4
 317 07ae 967B33A4 		.ascii	"\226{3\244U\256\373\013\372\313\334\301\023\3568\233"
 317      55AEFB0B 
 317      FACBDCC1 
 317      13EE389B 
 318 07be 810F75BC 		.ascii	"\201\017u\274+\364\225Z.s\37108\301\276\201G9"
 318      2BF4955A 
 318      2E73F930 
 318      38C1BE81 
 318      4739
 319 07d0 A9E59246 		.ascii	"\251\345\222F\362\262!\001\313\321\304\345i\321\342"
 319      F2B22101 
 319      CBD1C4E5 
 319      69D1E2
 320 07df 02F6630B 		.ascii	"\002\366c\013\370\300X\306\023o\234\317\3546\236Ll\304"
 320      F8C058C6 
 320      136F9CCF 
 320      EC369E4C 
 320      6CC4
 321 07f1 E23CFF86 		.ascii	"\342<\377\206=)Y \003\023\005>\270\210\215\257,?_#l"
 321      3D295920 
ARM GAS  /tmp/cciiFpFw.s 			page 25


 321      0313053E 
 321      B8888DAF 
 321      2C3F5F23 
 322 0806 F5E6839A 		.ascii	"\365\346\203\232\233w\271\301\013\227\263w\023IG\213"
 322      9B77B9C1 
 322      0B97B377 
 322      1349478B 
 323 0816 55F88210 		.ascii	"U\370\202\020\340\313\356\307B\331\007\222\017\354\261"
 323      E0CBEEC7 
 323      42D90792 
 323      0FECB1
 324 0825 23BB55B8 		.ascii	"#\273U\270\212\275\233LJL\365\300\265LIiH9\346\205o"
 324      8ABD9B4C 
 324      4A4CF5C0 
 324      B54C4969 
 324      4839E685 
 325 083a 3265FC51 		.ascii	"2e\374QJ\007b\2434\262\222\365\027J\366\364\310\256"
 325      4A0762A3 
 325      34B292F5 
 325      174AF6F4 
 325      C8AE
 326 084c FD5EB889 		.ascii	"\375^\270\211a\333:\342+\004\254\027\250qw\336U\371"
 326      61DB3AE2 
 326      2B04AC17 
 326      A87177DE 
 326      55F9
 327 085e 4E5F3385 		.ascii	"N_3\205b\315\024p4\252\202-\275\331\2360:\20043\331"
 327      62CD1470 
 327      34AA822D 
 327      BDD99E30 
 327      3A803433 
 328 0873 9122801D 		.ascii	"\221\"\200\035)J\254/\363\225\270\225Z\342n\025wT\253"
 328      294AAC2F 
 328      F395B895 
 328      5AE26E15 
 328      7754AB
 329 0886 64478A3F 		.ascii	"dG\212?\235%\273\375R\230\203b\251\361\00486\373S?\360"
 329      9D25BBFD 
 329      52988362 
 329      A9F10438 
 329      36FB533F 
 330 089b 255C2021 		.ascii	"%\\ !\245Y-\202);\303\354g\037=u\325\033\333\231\201"
 330      A5592D82 
 330      293BC3EC 
 330      671F3D75 
 330      D51BDB99 
 331 08b0 67294F13 		.ascii	"g)O\023\261\3548\021\220K\014\234\005\003e\222\201R"
 331      B1EC3811 
 331      904B0C9C 
 331      05036592 
 331      8152
 332 08c2 6E1A0BE5 		.ascii	"n\032\013\345\256-\\J\254L\363\2207n\302\227\017\357"
 332      AE2D5C4A 
 332      AC4CF390 
 332      376EC297 
 332      0FEF
 333 08d4 F3E8FAAC 		.ascii	"\363\350\372\254\240ES(\326y\306\266\342$5+\214\337"
ARM GAS  /tmp/cciiFpFw.s 			page 26


 333      A0455328 
 333      D679C6B6 
 333      E224352B 
 333      8CDF
 334 08e6 C49ED9D3 		.ascii	"\304\236\331\323u\221\223\263\237\373\020\373\205\246"
 334      759193B3 
 334      9FFB10FB 
 334      85A6
 335 08f4 AEAFF023 		.ascii	"\256\257\360#6o\257\032\272\356!\334\317\224\370\033"
 335      366FAF1A 
 335      BAEE21DC 
 335      CF94F81B 
 336 0904 D74E7AE0 		.ascii	"\327Nz\340A\246\364g\327\327\271\343\021\246\364>xs"
 336      41A6F467 
 336      D7D7B9E3 
 336      11A6F43E 
 336      7873
 337 0916 16E371A6 		.ascii	"\026\343q\246d\365g\356Ta\336\235\215\351\035h\020\316"
 337      64F567EE 
 337      5461DE9D 
 337      8DE91D68 
 337      10CE
 338 0928 253F93A9 		.ascii	"%?\223\251\033\037,k\021\253\204\234?\236\274\352\233"
 338      1B1F2C6B 
 338      11AB849C 
 338      3F9EBCEA 
 338      9B
 339 0939 F4C45B29 		.ascii	"\364\304[)\370\217\366#\007\256k\320\034z\315\234#\273"
 339      F88FF623 
 339      07AE6BD0 
 339      1C7ACD9C 
 339      23BB
 340 094b D8C9213E 		.ascii	"\330\311!>\216\267W\274\330\370\266\205|\2264\350\030"
 340      8EB757BC 
 340      D8F8B685 
 340      7C9634E8 
 340      18
 341 095c 04910329 		.ascii	"\004\221\003)\277\301\311\266\245\2478\371N\0336\317"
 341      BFC1C9B6 
 341      A5A738F9 
 341      4E1B36CF 
 342 096c C33AB285 		.ascii	"\303:\262\205\205\006\207~\026\260b\333C\3338\371\206"
 342      8506877E 
 342      16B062DB 
 342      43DB38F9 
 342      86
 343 097d 17D8AD4D 		.ascii	"\027\330\255M6\272\341%\314'\235\231O\310\231\011\270"
 343      36BAE125 
 343      CC279D99 
 343      4FC89909 
 343      B8
 344 098e 510267BB 		.ascii	"Q\002g\273vCN=\"\241\257:\243\023\235\251[%\360qgp\206"
 344      76434E3D 
 344      22A1AF3A 
 344      A3139DA9 
 344      5B25F071 
 345 09a5 049E7238 		.ascii	"\004\236r8\272\002aU\321w\004NNF\355P\015\267\2709\350"
ARM GAS  /tmp/cciiFpFw.s 			page 27


 345      BA026155 
 345      D177044E 
 345      4E46ED50 
 345      0DB7B839 
 346 09ba 0E481BC8 		.ascii	"\016H\033\310\257 7An\203\264\2004\203T\203\324\201"
 346      AF203741 
 346      6E83B480 
 346      34835483 
 346      D481
 347 09cc D482D483 		.ascii	"\324\202\324\203\\\007i\004i\000\351\000i\002i\005\351"
 347      5C076904 
 347      6900E900 
 347      69026905 
 347      E9
 348 09dd 04A901B9 		.ascii	"\004\251\001\271\306\211\247)\342g\231\344\347\005g"
 348      C689A729 
 348      E26799E4 
 348      E70567
 349 09ec 3F658738 		.ascii	"?e\2078\006n\221\300Y\256\223+\346+e\023o\355\244\363"
 349      066E91C0 
 349      59AE932B 
 349      E62B6513 
 349      6FEDA4F3 
 350 0a00 960EF376 		.ascii	"\226\016\363vD\000\213=\024\2459\247\253Db\276\350\314"
 350      44008B3D 
 350      14A539A7 
 350      AB4462BE 
 350      E8CC
 351 0a12 2C3FA730 		.ascii	",?\2470t\273\204\316t\235\\\207\037\200>\302\320\244"
 351      74BB84CE 
 351      749D5C87 
 351      1F803EC2 
 351      D0A4
 352 0a24 895F7646 		.ascii	"\211_vF\313\217\200\004{W\302\036t\306\246\276W\021"
 352      CB8F8004 
 352      7B57C21E 
 352      74C6A6BE 
 352      5711
 353 0a36 E7253F72 		.ascii	"\347%?r\235\321\255S\275\206|\234\323\361\205\337\241"
 353      9DD1AD53 
 353      BD867C9C 
 353      D3F185DF 
 353      A1
 354 0a47 4AC8C769 		.ascii	"J\310\307i\001,.`\371\201\2211\237\225\230\317\273\236"
 354      012C2E60 
 354      F9819131 
 354      9F9598CF 
 354      BB9E
 355 0a59 1679A607 		.ascii	"\026y\246\007i\246\017\000\363^\001,~`\321\036\347L"
 355      69A60F00 
 355      F35E012C 
 355      7E60D11E 
 355      E74C
 356 0a6b 1749CC97 		.ascii	"\027I\314\227\\gZvn=d\243\347V\000M=\267\222Tu\037\375"
 356      5C675A76 
 356      6E3D64A3 
 356      E756004D 
ARM GAS  /tmp/cciiFpFw.s 			page 28


 356      3DB79254 
 357 0a82 889D5B49 		.ascii	"\210\235[I\262\016\271N\326\002\311\307\027\324\307"
 357      B20EB94E 
 357      D602C9C7 
 357      17D4C7
 358 0a91 DDE06392 		.ascii	"\335\340c\222\363*\376\305\331\307B\311G\253\313\031"
 358      F32AFEC5 
 358      D9C742C9 
 358      47ABCB19 
 359 0aa1 731C5A1B 		.ascii	"s\034Z\033l{\033\224\270\2166\037\356\376\325\202~\370"
 359      6C7B1B94 
 359      B88E361F 
 359      EEFED582 
 359      7EF8
 360 0ab3 FECD64BE 		.ascii	"\376\315d\276\217\331\020\361\375.\014\356\222\332:"
 360      8FD910F1 
 360      FD2E0CEE 
 360      92DA3A
 361 0ac2 09659A65 		.ascii	"\011e\232e\207\272a\265\375?V\036\371O\304\201G{|\247"
 361      87BA61B5 
 361      FD3F561E 
 361      F94FC481 
 361      477B7CA7 
 362 0ad6 9CD1EE72 		.ascii	"\234\321\356r\362\323\266\215cg4\370uy\242\313\233r"
 362      F2D3B68D 
 362      636734F8 
 362      7579A2CB 
 362      9B72
 363 0ae8 A2B30B68 		.ascii	"\242\263\013h;E_\031i\315\367\300\267X\367\356\346\337"
 363      3B455F19 
 363      69CDF7C0 
 363      B758F7EE 
 363      E6DF
 364 0afa A6FA8A07 		.ascii	"\246\372\212\007\202\332\177\247:\035\010\356I\231\271"
 364      82DA7FA7 
 364      3A1D08EE 
 364      4999B9
 365 0b09 27DF6CF7 		.ascii	"'\337l\367\320\315v\326\350\353\035>\270\2271=\264\376"
 365      D0CD76D6 
 365      E8EB1D3E 
 365      B897313D 
 365      B4FE
 366 0b1b 9CED2D1C 		.ascii	"\234\355-\034\010Z\326M9\020\334\227X\356\313Yz\271"
 366      085AD64D 
 366      3910DC97 
 366      58EECB59 
 366      7AB9
 367 0b2d D98A4F74 		.ascii	"\331\212Ot\2611&\213\316h\372^g\2105F\306\254\337`\230"
 367      B131268B 
 367      CE68FA5E 
 367      67883546 
 367      C6ACDF60 
 368 0b42 171B66B2 		.ascii	"\027\033f\262\314\233\357\371\367\177\254\236\025\262"
 368      CC9BEFF9 
 368      F77FAC9E 
 368      15B2
 369 0b50 6081E28B 		.ascii	"`\201\342\213y\363\202\330\277\220\010\343Z\343\327"
ARM GAS  /tmp/cciiFpFw.s 			page 29


 369      79F382D8 
 369      BF9008E3 
 369      5AE3D7
 370 0b5f A19F6A57 		.ascii	"\241\237jW\005\305\230\203\3641QQ1\321Ad\2749(X\273"
 370      05C59883 
 370      F4315151 
 370      31D14164 
 370      BC392858 
 371 0b74 2264C5C6 		.ascii	"\"d\305\306 }\204>\306d\320\375\353\257Q\363\364\212"
 371      207D843E 
 371      C664D0FD 
 371      EBAF51F3 
 371      F48A
 372 0b86 8F18B7F9 		.ascii	"\217\030\267\371\007\243E\037\241[g\212\211\322\031"
 372      07A3451F 
 372      A15B678A 
 372      89D219
 373 0b95 CDA6FF91 		.ascii	"\315\246\377\221.B1\223\321\0316\032-\0162\257\3205"
 373      2E423193 
 373      D119361A 
 373      2D0E32AF 
 373      D035
 374 0ba7 21BA6561 		.ascii	"!\272ea\321\341\221\006\223\337\373\241|\242\217\010"
 374      D1E19106 
 374      93DFFBA1 
 374      7CA28F08 
 375 0bb7 D5472C37 		.ascii	"\325G,7\2574\031\014Q\261\026cL\264\326\360\375\006"
 375      AF34190C 
 375      51B11663 
 375      4CB4D6F0 
 375      FD06
 376 0bc9 A3C910EE 		.ascii	"\243\311\020\356\246[\024\023\023\371\227i|1Y\202\214"
 376      A65B1413 
 376      13F99769 
 376      7C315982 
 376      8C
 377 0bda D1FAC80D 		.ascii	"\321\372\310\015\341\006p\301\254\217\010\007\363j\235"
 377      E10670C1 
 377      AC8F0807 
 377      F36A9D
 378 0be9 6E8331DA 		.ascii	"n\2031\332\262\3603\235\345\323\240\015f\223\003\021"
 378      B2F0339D 
 378      E5D3A00D 
 378      66930311 
 379 0bf9 6DF821D2 		.ascii	"m\370!\322\2706(*L\037a\2146\004\351\302\015\353\302"
 379      B836282A 
 379      4C1F618C 
 379      3604E9C2 
 379      0DEBC2
 380 0c0c 36445A74 		.ascii	"6DZt\226\037c\015f\030\350)\016\233\355j\230\371Gs\220"
 380      961F630D 
 380      6618E829 
 380      0E9BED6A 
 380      98F94773 
 381 0c21 CE6C0907 		.ascii	"\316l\011\007\014`\225\033c\315&O\223a}\230)Jg\371\374"
 381      0C60951B 
 381      63CD264F 
ARM GAS  /tmp/cciiFpFw.s 			page 30


 381      93617D98 
 381      294A67F9 
 382 0c36 77A70A28 		.ascii	"w\247\012(\270X\275{\244Ig\211\010\307\246\005\237q"
 382      B858BD7B 
 382      A4496789 
 382      08C7A605 
 382      9F71
 383 0c48 A6859C09 		.ascii	"\246\205\234\011\356\0138\323|/!\177\026\275e\243R\037"
 383      EE0B38D3 
 383      7C2F217F 
 383      16BD65A3 
 383      521F
 384 0c5a 116652E9 		.ascii	"\021fR\351t\353\015\026\335\312\320\225\336a\221?\204"
 384      74EB0D16 
 384      DDCAD095 
 384      DE61913F 
 384      84
 385 0c6b FD68D619 		.ascii	"\375h\326\031\243#!\206/?l\027\030\202BV\204.\017\225"
 385      A3232186 
 385      2F3F6C17 
 385      18824256 
 385      842E0F95 
 386 0c7f 92146536 		.ascii	"\222\024e6\232u\353\365z\260\017\244fF\352O\355m\210"
 386      9A75EBF5 
 386      7AB00FA4 
 386      6646EA4F 
 386      ED6D88
 387 0c92 8E8CD1FF 		.ascii	"\216\214\321\377S\2321\331Co\006]\024\034\272d\245v"
 387      539A31D9 
 387      436F065D 
 387      141CBA64 
 387      A576
 388 0ca4 B94ABB24 		.ascii	"\271J\273$t\211v\315\222\305\363\225\313C\203\265\312"
 388      748976CD 
 388      92C5F395 
 388      CB4383B5 
 388      CA
 389 0cb5 152B966A 		.ascii	"\025+\226jq\360b-^\014\277+\227j\225\301KC\265\312E"
 389      71F0622D 
 389      5E0CBF2B 
 389      976A95C1 
 389      4B43B5CA 
 390 0cca 4B83B56E 		.ascii	"K\203\265n\360\012\000\213\211\276\214\334B\340\346"
 390      F00A008B 
 390      89BE8CDC 
 390      42E0E6
 391 0cd9 16BA2C24 		.ascii	"\026\272,$T\213C\227\255T\261\231\372Bg\361\020~qH\010"
 391      548B4397 
 391      AD54B199 
 391      FA4267F1 
 391      107E7148 
 392 0cee BC09D1BA 		.ascii	"\274\011\321\272\005/\327\206h\225kV}\255U.\007\264"
 392      052FD786 
 392      68956B56 
 392      7DAD552E 
 392      07B4
 393 0d00 5BC8CAD5 		.ascii	"[\310\312\325\313\027\303=8D\373\267\337\0354)M}\324"
ARM GAS  /tmp/cciiFpFw.s 			page 31


 393      CB17C33D 
 393      3844FBB7 
 393      DF1D3429 
 393      4D7DD4
 394 0d13 E7648A43 		.ascii	"\347d\212CC\026\351V\301|\373\321\350\246\004\254r<"
 394      4316E956 
 394      C17CFBD1 
 394      E8A604AC 
 394      723C
 395 0d25 FA0F5540 		.ascii	"\372\017U@B!"
 395      4221
 396              		.text
 397              		.section	.gnu.lto_.symtab.458dd9ba0b28cde7,"",%progbits
 398 0000 5356435F 		.ascii	"SVC_Handler\000"
 398      48616E64 
 398      6C657200 
 399 000c 00       		.ascii	"\000"
 400 000d 00       		.ascii	"\000"
 401 000e 00       		.ascii	"\000"
 402 000f 00000000 		.ascii	"\000\000\000\000\000\000\000\000"
 402      00000000 
 403 0017 B4000000 		.ascii	"\264\000\000\000"
 404 001b 5F706F72 		.ascii	"_port_irq_epilogue\000"
 404      745F6972 
 404      715F6570 
 404      696C6F67 
 404      756500
 405 002e 00       		.ascii	"\000"
 406 002f 00       		.ascii	"\000"
 407 0030 00       		.ascii	"\000"
 408 0031 00000000 		.ascii	"\000\000\000\000\000\000\000\000"
 408      00000000 
 409 0039 B6000000 		.ascii	"\266\000\000\000"
 410 003d 5F706F72 		.ascii	"_port_switch_from_isr\000"
 410      745F7377 
 410      69746368 
 410      5F66726F 
 410      6D5F6973 
 411 0053 00       		.ascii	"\000"
 412 0054 02       		.ascii	"\002"
 413 0055 00       		.ascii	"\000"
 414 0056 00000000 		.ascii	"\000\000\000\000\000\000\000\000"
 414      00000000 
 415 005e B0000000 		.ascii	"\260\000\000\000"
 416 0062 5F706F72 		.ascii	"_port_exit_from_isr\000"
 416      745F6578 
 416      69745F66 
 416      726F6D5F 
 416      69737200 
 417 0076 00       		.ascii	"\000"
 418 0077 02       		.ascii	"\002"
 419 0078 00       		.ascii	"\000"
 420 0079 00000000 		.ascii	"\000\000\000\000\000\000\000\000"
 420      00000000 
 421 0081 B2000000 		.ascii	"\262\000\000\000"
 422 0085 63685363 		.ascii	"chSchIsPreemptionRequired\000"
 422      68497350 
ARM GAS  /tmp/cciiFpFw.s 			page 32


 422      7265656D 
 422      7074696F 
 422      6E526571 
 423 009f 00       		.ascii	"\000"
 424 00a0 02       		.ascii	"\002"
 425 00a1 00       		.ascii	"\000"
 426 00a2 00000000 		.ascii	"\000\000\000\000\000\000\000\000"
 426      00000000 
 427 00aa BE000000 		.ascii	"\276\000\000\000"
 428              		.text
 429              		.section	.gnu.lto_.opts,"",%progbits
 430 0000 272D666D 		.ascii	"'-fmath-errno' '-fsigned-zeros' '-ftrapping-math' '"
 430      6174682D 
 430      6572726E 
 430      6F272027 
 430      2D667369 
 431 0033 2D666E6F 		.ascii	"-fno-trapv' '-fno-openmp' '-fno-openacc' '-mcpu=cor"
 431      2D747261 
 431      70762720 
 431      272D666E 
 431      6F2D6F70 
 432 0066 7465782D 		.ascii	"tex-m0' '-mno-thumb-interwork' '-mthumb' '-ggdb' '-"
 432      6D302720 
 432      272D6D6E 
 432      6F2D7468 
 432      756D622D 
 433 0099 4F322720 		.ascii	"O2' '-fomit-frame-pointer' '-falign-functions=16' '"
 433      272D666F 
 433      6D69742D 
 433      6672616D 
 433      652D706F 
 434 00cc 2D666675 		.ascii	"-ffunction-sections' '-fdata-sections' '-fno-common"
 434      6E637469 
 434      6F6E2D73 
 434      65637469 
 434      6F6E7327 
 435 00ff 2720272D 		.ascii	"' '-flto'\000"
 435      666C746F 
 435      2700
 436              		.text
 437              		.comm	__gnu_lto_v1,1,1
 438              		.comm	__gnu_lto_slim,1,1
 439              		.ident	"GCC: (15:5.4.1+svn241155-1) 5.4.1 20160919"
ARM GAS  /tmp/cciiFpFw.s 			page 33


DEFINED SYMBOLS
                            *ABS*:0000000000000000 chcore_v7m.c
                            *COM*:0000000000000001 __gnu_lto_v1
                            *COM*:0000000000000001 __gnu_lto_slim

NO UNDEFINED SYMBOLS
