ARM GAS  /tmp/ccPhG9zf.s 			page 1


   1              		.syntax unified
   2              		.cpu cortex-m0
   3              		.fpu softvfp
   4              		.eabi_attribute 20, 1
   5              		.eabi_attribute 21, 1
   6              		.eabi_attribute 23, 3
   7              		.eabi_attribute 24, 1
   8              		.eabi_attribute 25, 1
   9              		.eabi_attribute 26, 1
  10              		.eabi_attribute 30, 2
  11              		.eabi_attribute 34, 0
  12              		.eabi_attribute 18, 4
  13              		.thumb
  14              		.syntax unified
  15              		.file	"chdynamic.c"
  16              		.text
  17              	.Ltext0:
  18              		.section	.gnu.lto_.profile.6a45be429d7cc49f,"",%progbits
  19 0000 789C6361 		.ascii	"x\234ca`d`a`\000\222\031\006\000\001j\000\243"
  19      60646061 
  19      60009219 
  19      0600016A 
  19      00A3
  20              		.text
  21              		.section	.gnu.lto_.icf.6a45be429d7cc49f,"",%progbits
  22 0000 789C6361 		.ascii	"x\234ca`d\000\001>\006\004`bX\366\342\3551.\306\025"
  22      60640001 
  22      3E060460 
  22      6258F6E2 
  22      ED312EC6 
  23 0015 F3A67CE3 		.ascii	"\363\246|\343`\000\0000\351\006:"
  23      60000030 
  23      E9063A
  24              		.text
  25              		.section	.gnu.lto_.jmpfuncs.6a45be429d7cc49f,"",%progbits
  26 0000 789C6361 		.ascii	"x\234ca`d\000\201\245\014\010\300\304\300\306\010\006"
  26      60640081 
  26      A50C08C0 
  26      C4C0C608 
  26      06
  27 0011 F68CF520 		.ascii	"\366\214\365 \300\302\300\310\330\301\364\227\211q\313"
  27      C0C2C0C8 
  27      D8C1F497 
  27      8971CB
  28 0020 91E36D1C 		.ascii	"\221\343m\034_\230Z\231\201\002\214\313\031e\030\030"
  28      5F985A99 
  28      81028CCB 
  28      19651818 
  29 0030 8182EBDF 		.ascii	"\201\202\353\337\354\374\311\013\022ddd`\\\001\024\004"
  29      ECFCC90B 
  29      12646464 
  29      605C0114 
  29      04
  30 0041 EA676064 		.ascii	"\352g`da`c\252\004\231\315T\011\262\000\244p\326\356"
  30      616063AA 
  30      0499CD54 
  30      09B200A4 
ARM GAS  /tmp/ccPhG9zf.s 			page 2


  30      70D6EE
  31 0054 2FA75841 		.ascii	"/\247XA\012\231\0309\030W\202\0242\262\202\255\221G"
  31      0A991839 
  31      18578214 
  31      32B282AD 
  31      9147
  32 0066 B5E5E8FF 		.ascii	"\265\345\350\377\357\007\370!\26601\256\002\331\202"
  32      EF07F821 
  32      B63031AE 
  32      02D982
  33 0075 6C2C13C4 		.ascii	"l,\023\304X\006\000\206\232#y"
  33      58060086 
  33      9A2379
  34              		.text
  35              		.section	.gnu.lto_.inline.6a45be429d7cc49f,"",%progbits
  36 0000 789C6361 		.ascii	"x\234ca`d\000\201p\006\004`b\220\2202bd`\222X\261\205"
  36      60640081 
  36      70060460 
  36      62909032 
  36      62646092 
  37 0017 91816D81 		.ascii	"\221\201m\201<\023H\220\231\007(1\301\017L32\260\362"
  37      3C134890 
  37      99072831 
  37      C10F4C33 
  37      32B0F2
  38 002a 014526F8 		.ascii	"\001E&\370\001\371\214\020\265\322\327N12\260\337R\303"
  38      01F98C10 
  38      B5D2D74E 
  38      3132B0DF 
  38      52C3
  39 003c A2164C02 		.ascii	"\242\026L\002y\000\373\331\012\355"
  39      7900FBD9 
  39      0AED
  40              		.text
  41              		.section	.gnu.lto_.pureconst.6a45be429d7cc49f,"",%progbits
  42 0000 789C6361 		.ascii	"x\234ca`d`g```b\330\305\310\270\213\021\000\005\321"
  42      60646067 
  42      60606062 
  42      D8C5C8B8 
  42      8B110005 
  43 0015 0186     		.ascii	"\001\206"
  44              		.text
  45              		.section	.gnu.lto_chThdCreateFromHeap.6a45be429d7cc49f,"",%progbits
  46 0000 789C8595 		.ascii	"x\234\205\225{LSW\034\307\317\357\236\333\366\322\322"
  46      7B4C5357 
  46      1CC7CFEF 
  46      9EDBF6D2 
  46      D2
  47 0011 8ADB98BA 		.ascii	"\212\333\230\272\370\007\376A\210\313\240&\3332\376"
  47      F807FE41 
  47      88CBA026 
  47      DB32FE
  48 0020 D8FED8CC 		.ascii	"\330\376\330\314\222\231\214l\001\227\354\277\005k'"
  48      92998C6C 
  48      0197ECBF 
  48      056B27
  49 002f 4DAC6D5A 		.ascii	"M\254mZ|-Y\270\320^\224\031\347#\231\021d\253q!\352"
ARM GAS  /tmp/ccPhG9zf.s 			page 3


  49      7C2D59B8 
  49      D05E9419 
  49      E7239911 
  49      64AB7121 
  50 0044 1044A74E 		.ascii	"\020D\247N\204b\347\243L|\315\007\276@\307S|2\253l>"
  50      8462E7A3 
  50      4C7CCD07 
  50      BE40C753 
  50      7C32AB6C 
  51 0059 36E87EBF 		.ascii	"6\350~\277s+\221\242\354\006\302\275\347|\277\277\337"
  51      732B91A2 
  51      EC06C2BD 
  51      E77CBFBF 
  51      DF
  52 006a 39BFDFE7 		.ascii	"9\277\337\347\034d\006\214\036\277\302X:\276\276\215"
  52      1C64068C 
  52      1EBFC258 
  52      3ABEBE8D 
  53 007a EF606020 		.ascii	"\357`` \255=\305X\251\"Ir\033g\252\231G\333\030SS9\310"
  53      AD3DC558 
  53      A9224972 
  53      1B67AA99 
  53      47DB1853 
  54 0091 FAB80C40 		.ascii	"\372\270\014@/\252\002\254D\3422\224\300_\322\260\004"
  54      2FAA02AC 
  54      44E23294 
  54      C05FD2B0 
  54      04
  55 00a2 67820DD5 		.ascii	"g\202\015\325|H\3228\003\031?c'\253zm\364\011\220\201"
  55      7C48D238 
  55      03193F63 
  55      27AB7A6D 
  55      F4099081 
  56 00b6 9F9BD4B3 		.ascii	"\237\233\324\263\025\246\231[U\265L\355:z\353\363u\001"
  56      15A6995B 
  56      55B54CED 
  56      3A7AEBF3 
  56      7501
  57 00c8 ED238D4B 		.ascii	"\355#\215K,.1\330\006\323a+L\247\344\333a&j\367\014"
  57      2C2E31D8 
  57      06D3612B 
  57      4CA7E4DB 
  57      61266AF7 
  58 00dd 6EBC9FC2 		.ascii	"n\274\237\302\263\201\341{\325\232\376\220!\253\206"
  58      B381E17B 
  58      D59AFE90 
  58      21AB86
  59 00ec 7C6AD8A9 		.ascii	"|j\330\251\246h\234\303O\300\237\365\341\020\203Z\310"
  59      A6689CC3 
  59      4FC09FF5 
  59      E110835A 
  59      C8
  60 00fd 42F596D2 		.ascii	"B\365\226\322\366\343V\376\246p\256\250\013\337\264"
  60      F6E356FE 
  60      A670AEA8 
  60      0BDFB4
  61 010c 259C8F85 		.ascii	"%\234\217\205S\206\035\311N\231A\235p\226\365\354\273"
ARM GAS  /tmp/ccPhG9zf.s 			page 4


  61      53861DC9 
  61      4E99419D 
  61      7096F5EC 
  61      BB
  62 011d 003C5738 		.ascii	"\000<W87\267o^\252\033#\027\243\331\225jD\326\270\001"
  62      37B76F5E 
  62      AA1B2317 
  62      A3D9956A 
  62      44D6B801 
  63 0131 EA93BD58 		.ascii	"\352\223\275X\251\235\302[[6p\227\363\367\204\267\342"
  63      A99DC25B 
  63      5B367097 
  63      F3F784B7 
  63      E2
  64 0142 D870AF29 		.ascii	"\330p\257)\221\365\201\310j\204\206d\247\221\301.\341"
  64      91F581C8 
  64      6A848664 
  64      A791C12E 
  64      E1
  65 0153 3C71AB69 		.ascii	"<q\253i\257\302?\020\316\370\376\232\277-\211\264\227"
  65      AFC23F10 
  65      CEF8FE9A 
  65      BF2D89B4 
  65      97
  66 0164 A3597A5A 		.ascii	"\243YzZ\023\354N6\233\030\374,\314\267\325Ua\340\037"
  66      13EC4E36 
  66      9B18FC2C 
  66      CCB7D555 
  66      61E01F
  67 0177 0A73FB85 		.ascii	"\012s\373\205\355s\023Y\317\211\254\012\354I6*\014\366"
  67      ED731359 
  67      CF89AC0A 
  67      EC49362A 
  67      0CF6
  68 0189 4216A907 		.ascii	"B\026\251\007\203\375]\026\275US\361\263\2419x7\321"
  68      83FD5D16 
  68      BD5553F1 
  68      B3A13978 
  68      37D1
  69 019b AA08E0F7 		.ascii	"\252\010\340\367\345\356\346A3\237#\002\327\365u.\316"
  69      E5EEE641 
  69      339F2302 
  69      D7F5752E 
  69      CE
  70 01ac FC518DA8 		.ascii	"\374Q\215\250j\344\237\350\224R5\022\314\320x\012\354"
  70      6AE49FE8 
  70      94523512 
  70      CCD0780A 
  70      EC
  71 01bd D783FF82 		.ascii	"\327\203\377\202\301\367\211\3261\022Gn\367\326\312"
  71      C1F789D6 
  71      3112476E 
  71      F7D6CA
  72 01cc FC6361EC 		.ascii	"\374ca\354]}t\215\214N\332\316\325hj\245\356T\340\300"
  72      5D7D748D 
  72      8C4EDACE 
  72      D5686AA5 
ARM GAS  /tmp/ccPhG9zf.s 			page 5


  72      EE54E0C0 
  73 01e0 D865259C 		.ascii	"\330e%\234G\372\377=k\341\237\012gi\355\246\352\324"
  73      47FAFF3D 
  73      6BE19F0A 
  73      6769EDA6 
  73      EAD4
  74 01f2 84B3236A 		.ascii	"\204\263#jK8%h~\256\263g\327\310wVcP\305'\003\302\220"
  74      4B382568 
  74      7EAEB367 
  74      D7C87756 
  74      6350C527 
  75 0209 094DF8DB 		.ascii	"\011M\370\333\010\231\204\026\022\325\002F$\233?;\263"
  75      08998416 
  75      12D50246 
  75      249B3F3B 
  75      B3
  76 021a 333FA2C6 		.ascii	"3?\242\306\343\001\254\262q\360\321\023\3455\300\332"
  76      E301ACB2 
  76      71F0D113 
  76      E535C0DA 
  77 022a 48083522 		.ascii	"H\0105\"d\000\302\001+\214R\005\250\275\026\2344[\201"
  77      6400C201 
  77      2B8C5205 
  77      A8BD169C 
  77      345B81
  78 023d FA3509A8 		.ascii	"\3725\011\250\360\223\201\252\230\316(\"c\3670\011\035"
  78      F09381AA 
  78      98CE2822 
  78      63F73009 
  78      1D
  79 024e 869824D1 		.ascii	"\206\230$\321_~\003\312#\261(\247\264\001n\302\3455"
  79      5F7E03CA 
  79      23B128A7 
  79      B4016EC2 
  79      E535
  80 0260 36DEE930 		.ascii	"6\336\3510\225\014\253+U5M\343\226\270\204\253\201\203"
  80      950CAB2B 
  80      55354DE3 
  80      96B884AB 
  80      8183
  81 0272 50C2025C 		.ascii	"P\302\002\\\016p\003\021\3364\324f\240\352\247\202\202"
  81      0E700311 
  81      DE34D466 
  81      A0EAA782 
  81      82
  82 0283 F59FAE71 		.ascii	"\365\237\256q+\353\001I\254\034\227\201aX7\004\257\004"
  82      2BEB0149 
  82      AC1C9781 
  82      61583704 
  82      AF04
  83 0295 06561B13 		.ascii	"\006V\033\023a!G\337}L\342\014\317&\277\016eU\261k1"
  83      612147DF 
  83      7D4CE20C 
  83      CF26BF0E 
  83      6555B16B 
  84 02aa 034D63C0 		.ascii	"\003Mc\300\265\033~Xe\262\327QE\322\010\\\334\362\010"
  84      B51B7E58 
ARM GAS  /tmp/ccPhG9zf.s 			page 6


  84      65B2D751 
  84      45D2085C 
  84      DCF208
  85 02bd D582C1AF 		.ascii	"\325\202\301\257`\017 \006\250\337\000\317\025\233u"
  85      600F2006 
  85      A8DF00CF 
  85      159B75
  86 02cc 315D0B70 		.ascii	"1]\013p\210\304&\024\007\252\313\243\325f=\267\005\207"
  86      88C42614 
  86      07AACBA3 
  86      D5663DB7 
  86      0587
  87 02de 70D922C4 		.ascii	"p\331\"\304\013S&\242\210\372\037\246(\026\322W=?\245"
  87      0B5326A2 
  87      88FA1FA6 
  87      2816D257 
  87      3D3FA5
  88 02f1 51177312 		.ascii	"Q\027s\022\037!\261u\002\261I\027\313$>J\342Ic\304C"
  88      1F21B175 
  88      02B14917 
  88      CB243E4A 
  88      E24963C4 
  89 0306 DB621D30 		.ascii	"\333b\0350*Vt\261\201\304Q\022O\306\272\226\245\021"
  89      2A5674B1 
  89      81C45112 
  89      4FC6BA96 
  89      A511
  90 0318 3403CD2B 		.ascii	"4\003\315+\316\003/\020\270\355m\271\264\321\254\343"
  90      CE032F10 
  90      B8ED6DB9 
  90      B4D1ACE3 
  91 0328 D6F5A0FC 		.ascii	"\326\365\240\374\263\312K}\252\272^\005\215\333\240"
  91      B3CA4B7D 
  91      AABA5E05 
  91      8DDBA0
  92 0337 753C71F0 		.ascii	"u<q\360\033d\322\345rS\015\313\3244\033d\3001\234\033"
  92      1B64D2E5 
  92      72530DCB 
  92      D4341B64 
  92      C0319C1B 
  93 034b C01BA4FD 		.ascii	"\300\033\244\375\233\023o\215%2R1\010\202\3018V#ij\270"
  93      9B136F8D 
  93      25325231 
  93      0882C138 
  93      5623696A 
  94 0360 FA115DB6 		.ascii	"\372\021]\266m4\311\223'\373W\037\200i\224\213\301q"
  94      6D34C993 
  94      27FB571F 
  94      8069948B 
  94      C171
  95 0372 12C8C9A8 		.ascii	"\022\310\311\25038\001F\\\316I\342\033\330\023:\267"
  95      33380146 
  95      5CCE49E2 
  95      1BD8133A 
  95      B7
  96 0383 5B42BB1F 		.ascii	"[B\273\037\231g\254\222B\352F<0\223\304\361\355mR\025"
  96      9967AC92 
ARM GAS  /tmp/ccPhG9zf.s 			page 7


  96      42EA463C 
  96      3093C4F1 
  96      ED6D5215 
  97 0397 193B01A7 		.ascii	"\031;\001\247`\2068/\367\356\234\357\220p\004N\203,"
  97      6086382F 
  97      F7EE9CEF 
  97      9070044E 
  97      832C
  98 03a9 56CEE077 		.ascii	"V\316\340wqaok9\334\237:\343\333\204[\224\351~\375\356"
  98      71616F6B 
  98      39DC9F3A 
  98      E3DB845B 
  98      94E97EFD 
  99 03be 768B709F 		.ascii	"v\213p\237!7\234\005\231\320\024E`\354\006\004\273j"
  99      21379C05 
  99      99D01445 
  99      60EC0604 
  99      BB6A
 100 03d0 1ECED2C1 		.ascii	"\036\316\322\301H\037\307\372\3448\225\036\316!\353"
 100      481FC7FA 
 100      E438951E 
 100      CE21EB
 101 03df 38777DDD 		.ascii	"8w}\335\272\012\216s\364|\255\361\227\2507\344dp\036"
 101      BA0A8E73 
 101      F47CADF1 
 101      97A837E4 
 101      64701E
 102 03f2 4A34FE32 		.ascii	"J4\3762\265F\265\012\350\303\004}:5v\250\341\3173<\321"
 102      B546B50A 
 102      E8C3047D 
 102      3A3576A8 
 102      E1CF333C 
 103 0407 DB0DDAA1 		.ascii	"\333\015\332\241\323&\252\270$\272\366\260\265mej\010"
 103      D326AAB8 
 103      24BAF6B0 
 103      B56D656A 
 103      08
 104 0418 BE2FA580 		.ascii	"\276/\245\200\026\215\277\202\026h\247\355\340dM_Y\275"
 104      168DBF82 
 104      1668A7ED 
 104      E0644D5F 
 104      59BD
 105 042a C99EADE1 		.ascii	"\311\236\255\341\320\005\010\301\210d\244\316]\004;"
 105      D00508C1 
 105      8864A4CE 
 105      5D043B
 106 0439 FD7339D2 		.ascii	"\375s9\322Z\256P\234W\001\340\022\032n\200\0269\330"
 106      5AAE509C 
 106      5701E012 
 106      1A6E8016 
 106      39D8
 107 044b 2A1062E3 		.ascii	"*\020b\34361%N^\270,\016,\355q\347\235\306\307V\262"
 107      3631254E 
 107      5EB82C0E 
 107      2CED71E7 
 107      9DC6C756 
 108 0460 4FC5B25F 		.ascii	"O\305\262_\241\323:m\224\252\261$\271\377\217\244\016"
ARM GAS  /tmp/ccPhG9zf.s 			page 8


 108      A1D33A6D 
 108      94AAB124 
 108      B9FF8FA4 
 108      0E
 109 0471 41D2E8BE 		.ascii	"A\322\350\276l\030\260s\002\222\206\236\222d\032\317"
 109      6C18B073 
 109      0292869E 
 109      92641ACF 
 110 0481 C2556261 		.ascii	"\302Uba\034_!*\3575\262(\343\371\272\212|u\020_\177"
 110      1C5F212A 
 110      EF35B228 
 110      E3F9BA8A 
 110      7C75105F 
 111 0496 BC80AF2E 		.ascii	"\274\200\257.\301W\3673|\215\204\272[,O\321\351\024"
 111      C157F733 
 111      7C8D84BA 
 111      5B2C4FD1 
 111      E914
 112 04a8 E8F40874 		.ascii	"\350\364\010t\2229\351}\312\011%\020\027\225,n\307\353"
 112      9239E97D 
 112      CA092510 
 112      17952C6E 
 112      C7EB
 113 04ba 70A8535C 		.ascii	"p\250S\\\031\324}\364UvE\326\033r\367\251+\261F)\014"
 113      19D47DF4 
 113      557645D6 
 113      1B72F7A9 
 113      2BB14629 
 114 04cf FA2097DD 		.ascii	"\372 \227\335\242Z\0068\335@\367\261A\330Q\251~\250"
 114      A25A0638 
 114      DD40F7B1 
 114      41D851A9 
 114      7EA8
 115 04e1 DC86C5E7 		.ascii	"\334\206\305\347;\302Ex\337\002E\302T\257\347\344\330"
 115      3BC24578 
 115      DF0245C2 
 115      54AFE7E4 
 115      D8
 116 04f2 F59FD945 		.ascii	"\365\237\331E\256y\256O\012\262\363\347\332=~\273\257"
 116      AE79AE4F 
 116      0AB2F3E7 
 116      DA3D7EBB 
 116      AF
 117 0503 D8EEF739 		.ascii	"\330\356\3679\354\216\242\371\313\027\025\272]\216\034"
 117      EC8EA2F9 
 117      CB1715BA 
 117      5D8E1C
 118 0512 07331439 		.ascii	"\0073\0249\013\275^\331\357\372\312)\343\230S\366\372"
 118      0BBD5ED9 
 118      EFFACA29 
 118      E39853F6 
 118      FA
 119 0523 5C1EC9FB 		.ascii	"\\\036\311\373%/\364-\220\212\347\363\245~\257T\354"
 119      252FF42D 
 119      908AE7F3 
 119      A57EAF54 
 119      EC
ARM GAS  /tmp/ccPhG9zf.s 			page 9


 120 0534 352C295C 		.ascii	"5,)\\\270\330\231\373\202\260\016\217\333\355Yd\367"
 120      B8D899FB 
 120      82B00E8F 
 120      DBED5964 
 120      F7
 121 0545 7A7CC57E 		.ascii	"z|\305~\373\373\371y\263\363\226a\016\207\307\347\374"
 121      FBFBF979 
 121      B3F39661 
 121      0E87C7E7 
 121      FC
 122 0556 62C93BEE 		.ascii	"b\311;\356\234\"\366\356\304F\347\262b\373\354\274\202"
 122      9C22F6EE 
 122      C446E7B2 
 122      62FBECBC 
 122      82
 123 0567 390576D7 		.ascii	"9\005v\327\"\307\302\305\363\235v\207\333\357\362\177"
 123      22C7C2C5 
 123      F39D7687 
 123      DBEFF27F 
 124 0577 B1C0E140 		.ascii	"\261\300\341@\363\004\233\031\225\027\371\227\373Q\232"
 124      F3049B19 
 124      9517F997 
 124      FB519A
 125 0586 9657909F 		.ascii	"\226W\220\2371\257\320\357\304M\274\221\2219\213I>f"
 125      31AFD0EF 
 125      C44DBC91 
 125      91398B49 
 125      3E66
 126 0598 723BDD1E 		.ascii	"r;\335\036\337r\366\037\034:%\014"
 126      DF72F61F 
 126      1C3A250C 
 127              		.text
 128              		.section	.gnu.lto_chThdCreateFromMemoryPool.6a45be429d7cc49f,"",%progbits
 129 0000 789C8555 		.ascii	"x\234\205UYLTW\030>\377=w\026g\030\300\266Tmi\202\017"
 129      594C5457 
 129      183EFF3D 
 129      77166718 
 129      C0B6546D 
 130 0017 C4D82863 		.ascii	"\304\330(c\223\232\232\246}0\366\301\246!M\300>\364"
 130      939A9AA6 
 130      7D30F6C1 
 130      A6214DC0 
 130      3EF4
 131 0029 C9E03815 		.ascii	"\311\3408\025\022G\310\014n\017\015\007\206\253\240"
 131      1247C80C 
 131      6E0F0D07 
 131      86ABA0
 132 0038 31551317 		.ascii	"1U\023\027\220vL\033\342BA\304\202\"K\247.X\307\255"
 132      90764C1B 
 132      E24241C4 
 132      82224BA7 
 132      2E58C7AD 
 133 004c A2A888D8 		.ascii	"\242\250\210\330a\267nu\010\2556\255L\377\377\334\201"
 133      61B76E75 
 133      08AD36AD 
 133      4CFFFFDC 
 133      81
ARM GAS  /tmp/ccPhG9zf.s 			page 10


 134 005d CA8CD01B 		.ascii	"\312\214\320\033\002\347\336\377\373\376\365\373\017"
 134      02E7DEFF 
 134      FBFEF5FB 
 134      0F
 135 006a 2A0346CF 		.ascii	"*\003F\317e3c6<.\3043\030\030(\333/3VhV\0245\300\231"
 135      65336336 
 135      3C2EC433 
 135      181828DB 
 135      2F335668 
 136 0083 B0F0B600 		.ascii	"\260\360\266\000c\"\216\203\252\177W\001\350 \314\300"
 136      63228E83 
 136      AA7F5701 
 136      E820CCC0 
 137 0093 0A14AE42 		.ascii	"\012\024\256B\001\374\241<W\340jqm\005\037Q4\316@\305"
 137      01FCA13C 
 137      57E06A71 
 137      6D051F51 
 137      34CE40C5 
 138 00a7 D7D0A5F2 		.ascii	"\327\320\245\362\276xz\005H\301\327}\242\275\3244\367"
 138      BE787A05 
 138      48C1D77D 
 138      A2BDD434 
 138      F7
 139 00b8 80104522 		.ascii	"\200\020E\"Xy\370\363\035^m\251\306\025\026V\030\034"
 139      5879F8F3 
 139      1D5E6DA9 
 139      C6151656 
 139      181C
 140 00ca 84643800 		.ascii	"\204d8\000\311\024\374\020\314E\354\275\023m%f>\037"
 140      C914FC10 
 140      CC45ECBD 
 140      136D2566 
 140      3E1F
 141 00dc 189E7B82 		.ascii	"\030\236{\202\241\267\346T\022Mt:\3054\215s8\014\374"
 141      A1B7E654 
 141      124D743A 
 141      C5348D73 
 141      380CFC
 142 00ef 451A7E62 		.ascii	"E\032~bP\005s\020\\\324\333p\003\370\002I\334\337\261"
 142      50057310 
 142      5CD4DB70 
 142      03F80249 
 142      DCDFB1
 143 0102 7F7D8458 		.ascii	"\177}\204X\326\026'\266\203\206\251~\037MU\031TKjU\321"
 143      D61627B6 
 143      8386A97E 
 143      1F4D5519 
 143      544B6A55 
 144 0117 D023CE17 		.ascii	"\320#\316\027Jj\351\371\347}&\235\353\357\010\244\225"
 144      4A6AE9F9 
 144      E77D269D 
 144      EBEF08A4 
 144      95
 145 0128 09BFAA71 		.ascii	"\011\277\252q\003\324D\223\261UG$\371\342\375\246z3"
 145      03D44493 
 145      B1554724 
 145      F9E2FDA6 
ARM GAS  /tmp/ccPhG9zf.s 			page 11


 145      7A33
 146 013a 7F5F92C3 		.ascii	"\177_\222\303'*\377\264F\002?\225\031\033\2416\232i"
 146      272AFFB4 
 146      46023F95 
 146      191BA136 
 146      9A69
 147 014c 64705432 		.ascii	"dpT2\037\210\255-\300?\224\314\216\033\207\226E\210"
 147      1F88AD2D 
 147      C03F94CC 
 147      8E1B8796 
 147      4588
 148 015e FB22199B 		.ascii	"\373\"\031\233\240.\232jbp\014\346\020\376q\361@\320"
 148      A02E9A6A 
 148      62700CE6 
 148      10FE71F1 
 148      40D0
 149 0170 AA377C26 		.ascii	"\2527|&\276\3266\027?\2124\334\017\370\336\331\323\374"
 149      BED63617 
 149      3F8A34DC 
 149      0FF8DED9 
 149      D3FC
 150 0182 D8C2174B 		.ascii	"\330\302\027K\327\325\375w\326\246~'\374B\370\377\016"
 150      D7D5FD77 
 150      D6A67E27 
 150      FC42F8FF 
 150      0E
 151 0193 CC2814FE 		.ascii	"\314(\024\376\342\024\215\233\241Aw^\217\316\177\220"
 151      E2148D9B 
 151      A141775E 
 151      8FCE7F90 
 152 01a3 036004F6 		.ascii	"\003`\004\366?\350\253R\371G\222\330\267\355\354W*2"
 152      3FE8AB52 
 152      F94792D8 
 152      B7EDEC57 
 152      2A32
 153 01b5 A9159D81 		.ascii	"\251\025\235\201\2702\235i\202\023\023\323\2120\317"
 153      B8329D69 
 153      821313D3 
 153      8A30CF
 154 01c4 0CFCD36E 		.ascii	"\014\374\323n\345K%\263\260j_E\\\204y3\020\037a*p\362"
 154      E54B25B3 
 154      B06A5F45 
 154      5C847933 
 154      101F612A 
 155 01da A5CCDEA3 		.ascii	"\245\314\336\243\243\273l\306b\201O\0124A*4Bj)\026v"
 155      A3BB6CC6 
 155      62814F0A 
 155      34412A34 
 155      426A2916 
 156 01ef 1C524923 		.ascii	"\034RI#(\215f0\242D\371\230\221,G2\374\"\034\366\342"
 156      288D6630 
 156      A244F998 
 156      912C4732 
 156      FC221CF6 
 157 0204 902CE5DE 		.ascii	"\220,\345\336c{\340M\300\376((OT\003v\030Q&\240\361"
 157      637BE04D 
 157      C0FE2828 
ARM GAS  /tmp/ccPhG9zf.s 			page 12


 157      4F540376 
 157      185126A0 
 158 0219 5AF0F334 		.ascii	"Z\360\3634+\376\262\330\200&\226\000\324\375\351@\215"
 158      2BFEB2D8 
 158      80269600 
 158      D4FDE940 
 158      8D
 159 022a 4C62E491 		.ascii	"Lb\344\221\261'\030\204T\035R\024\372\313\357A\261?"
 159      B1271884 
 159      541D5214 
 159      FACBEF41 
 159      B13F
 160 023c 14E014D6 		.ascii	"\024\340\024\326\313\215\230ac\343\303.S\301sQ\"D\242"
 160      CB8D9861 
 160      63E3C32E 
 160      53C17351 
 160      2244A2
 161 024f C6AD6105 		.ascii	"\306\255a\005\263\201\026(`^\216\352\210c\275\240\310"
 161      B3811628 
 161      605E8EEA 
 161      8863BDA0 
 161      C8
 162 0260 1C312A12 		.ascii	"\0341*\022X\017\024\337\366\016\3552F\034@\232^jH\341"
 162      580F14DF 
 162      F60EED32 
 162      461C409A 
 162      5E6A48E1 
 163 0274 0CD7890F 		.ascii	"\014\327\211\017BQy\350\356\260\201\314\350|\373\356"
 163      425179E8 
 163      EEB081CC 
 163      E87CFBEE 
 164 0284 6FB69AEC 		.ascii	"o\266\232\354\325T~\"\351\024\213\033\245\252\031\264"
 164      D5547E22 
 164      E9148B1B 
 164      A5AA19B4 
 165 0294 82DD8B33 		.ascii	"\202\335\2133G\374nx)\330\242\203i\223\341G\002\033"
 165      47FC6E78 
 165      29D8A283 
 165      6993E147 
 165      021B
 166 02a6 097CF268 		.ascii	"\011|\362h\177\3354=\266\005)\273\265SWL\244\015.g\363"
 166      7FDD343D 
 166      B60529BB 
 166      B553574C 
 166      A40D2E67 
 167 02bb F45CA024 		.ascii	"\364\\\240$\316\007_\027\222\017\037u\315\206U\240l"
 167      CE075F17 
 167      920F1F75 
 167      CD8655A0 
 167      6C
 168 02cc 92E5302A 		.ascii	"\222\3450*\373\213j\"\001\304\036Ta<\374\004>\030U\344"
 168      FB8B6A22 
 168      01C41E54 
 168      613CFC04 
 168      3E1855E4 
 169 02e0 1C4E811D 		.ascii	"\034N\201\035\003x+6\315\323\335[1\"\006\221\031NZQ"
 169      03782B36 
ARM GAS  /tmp/ccPhG9zf.s 			page 13


 169      CDD3DD5B 
 169      31220691 
 169      194E5A51 
 170 02f4 24494E0E 		.ascii	"$IN\016NS\222V\302\227\277\274\"\203\016V\011|\206\300"
 170      4E539256 
 170      C297BFBC 
 170      22830E56 
 170      097C86C0 
 171 0308 B629C046 		.ascii	"\266)\300F\035l \360Y\002'L\000\217\034\014u\3018\330"
 171      1D6C20F0 
 171      5902274C 
 171      008F1C0C 
 171      75C138D8 
 172 031c A4838D04 		.ascii	"\244\203\215\004n#\360t\034[Q\"\325<\324\274\371:\360"
 172      6E23F074 
 172      1C5B5122 
 172      D53CD4BC 
 172      F93AF0
 173 032f 4F647BEA 		.ascii	"Od{\352[o\355\265\350\322\015^\333\364Y\331\255~!v\012"
 173      5B6FEDB5 
 173      E8D20D5E 
 173      DBF459D9 
 173      AD7E2176 
 174 0344 6C44029C 		.ascii	"lD\002\234\213U/\374\014\251H\332\374\233hQ\251\305"
 174      8B552FFC 
 174      0CA948DA 
 174      FC9B6851 
 174      A9C5
 175 0356 099002E7 		.ascii	"\011\220\002\347\3216\204\327Q\375\226\213\357NT\267"
 175      D13684D7 
 175      51FD968B 
 175      EF4E54B7 
 176 0366 BFF4B122 		.ascii	"\277\364\261\"\305\034\306vF\231Z*\236\321\365\033 "
 176      C51CC676 
 176      46995A2A 
 176      9ED1F51B 
 176      20
 177 0377 238F3656 		.ascii	"#\2176Vn;\011\263(\026\203\013\004P\243\327\206\301"
 177      6E3B09B3 
 177      2816830B 
 177      0450A3D7 
 177      86C1
 178 0389 45C0CAE0 		.ascii	"E\300\312\340\022-\012\260a\272\003\276\365\325=\263"
 178      122D0AB0 
 178      61BA03BE 
 178      F5D53DB3 
 179 0399 CCF62A3E 		.ascii	"\314\366*>\261\027\227O\026Z\335\327$\314*\216\022."
 179      B117974F 
 179      165ADDD7 
 179      24CC2A8E 
 179      122E
 180 03ab C36C39EE 		.ascii	"\303l9\356'\017\257w)\370\005\256\200*3g\360\213\274"
 180      270FAF77 
 180      29F805AE 
 180      802A3367 
 180      F08BBC
 181 03be C20FB69E 		.ascii	"\302\017\266\236\036\210\233\275)\302\236N\330\341\232"
ARM GAS  /tmp/ccPhG9zf.s 			page 14


 181      1E889BBD 
 181      29C29E4E 
 181      D8E19A
 182 03cd BA0EAB64 		.ascii	"\272\016\253d_%6\264\203J\312\227M`\014\227&Xy\374\035"
 182      5F2536B4 
 182      834ACA97 
 182      4D600C97 
 182      265879FC 
 183 03e2 5D184931 		.ascii	"]\030I1K\363J\230\346\004\327pi\3206\270cG)G\033=_j"
 183      4BF34A98 
 183      E604D770 
 183      69D036B8 
 183      63472947 
 184 03fa FC559A0D 		.ascii	"\374U\232\0151\031\\\207\002\215\277F\243\0216\271S"
 184      31195C87 
 184      028DBF46 
 184      A31136B9 
 184      53
 185 040b 4DB45349 		.ascii	"M\264SI4\330\221\332\337\333yd\266\343\242VbEm\325x"
 185      34D891DA 
 185      DFDB7964 
 185      B6E3A256 
 185      62456DD5 
 186 0420 1252A063 		.ascii	"\022R\240c\202\244\347k\374u\270!\265l\242\311\335\004"
 186      82A4E76B 
 186      FC75B821 
 186      B56CA2C9 
 186      DD04
 187 0432 3BDACE86 		.ascii	";\332\316\206\237\372\023\310\317\014\\\341[H\220\313"
 187      9FFA13C8 
 187      CF0C5CE1 
 187      5B4890CB 
 188 0442 F95F9C29 		.ascii	"\371_\234)\035w\267\3645prl\202N\351\330L\216o\223\270"
 188      1D77B7F4 
 188      3570726C 
 188      824EE9D8 
 188      4C8E6F93 
 189 0457 54EC87E6 		.ascii	"T\354\207\346\277zAj\221\305tcf\230\204\010]\362\012"
 189      BF7A416A 
 189      91C57463 
 189      66988408 
 189      5DF20A
 190 046a A1661D79 		.ascii	"\241f\035y\330\370\227\215\362\230\205\363\273\003\311"
 190      D8F8978D 
 190      F29885F3 
 190      BB03C9
 191 0479 1A7F635C 		.ascii	"\032\177c\\\236\023%\351\372?IvKI\2167(\001\035\336"
 191      9E1325E9 
 191      FA3F4976 
 191      4B498E37 
 191      28011DDE 
 192 048d 9D5C92E7 		.ascii	"\235\\\222\347G\306$i\212\025\325\257$\252\030\241\372"
 192      47C62469 
 192      8A15D5AF 
 192      24AA18A1 
 192      FA
 193 049e 684E41A2 		.ascii	"hNA\242\230c\205\332\215B\355&\241\366L\"\324^)\324"
ARM GAS  /tmp/ccPhG9zf.s 			page 15


 193      986385DA 
 193      8D42ED26 
 193      A1F64C22 
 193      D45E29D4 
 194 04b2 BE17843A 		.ascii	"\276\027\204:\352\353i\265\216i\360\256\324`\277\324"
 194      EAEB69B5 
 194      8E69F0AE 
 194      D460BFD4 
 195 04c2 60B4E006 		.ascii	"`\264\340\006\306\004G\001\344\205\252\312\373z\020"
 195      C6044701 
 195      E485AACA 
 195      FB7A10
 196 04d1 4EDD9177 		.ascii	"N\335\221w\017\311\010yeA\377N\303\242\006Q\202=23\030"
 196      0FC90879 
 196      6541FF4E 
 196      C3A20651 
 196      823D3233 
 197 04e6 8445EC3E 		.ascii	"\204E\354>\365\322\313\351\246\034\006\240\011*5#[\342"
 197      F5D2CBE9 
 197      A61C06A0 
 197      092A3523 
 197      5BE2
 198 04f8 B1F9BCB9 		.ascii	"\261\371\274\271;\033\377\003\000y\302Po\247\245\331"
 198      3B1BFF03 
 198      0079C250 
 198      6FA7A5D9 
 199 0508 F59F25D9 		.ascii	"\365\237%\3319+r>\315\234\237\261\314\236\353\261\273"
 199      392B723E 
 199      CD9C9FB1 
 199      CC9EEBB1 
 199      BB
 200 0519 F3ED1EB7 		.ascii	"\363\355\036\267\303\356\310^\271qM\226+\307\221\346"
 200      C3EEC85E 
 200      B9714D96 
 200      2BC791E6 
 201 0529 608A2B4F 		.ascii	"`\212+O\305\263S\315s\347\344*y_\360,\367*%\177%_\357"
 201      C5B353CD 
 201      73E7E42A 
 201      795FF02C 
 201      F72A257F 
 202 0540 C953F2F3 		.ascii	"\311S\362\363\014\353\262V\257u.\232\304\235#\327\345"
 202      0CEBB256 
 202      AF752E9A 
 202      C49D23D7 
 202      E5
 203 0551 CA5D63CF 		.ascii	"\312]c\317\313u\347{\354\2133\322\227\244o@\337\216"
 203      CB75E77B 
 203      EC8B33D2 
 203      97A46F40 
 203      DF8E
 204 0563 5CB773F9 		.ascii	"\\\267s\371\272\367\\i\331\354\203\251\211\316\015\371"
 204      BAF75C69 
 204      D9EC83A9 
 204      89CE0DF9 
 205 0573 F625E999 		.ascii	"\366%\351\231\037g\332s\3268V\257]\351\264;\\\236\034"
 205      1F67DA73 
 205      D63856AF 
ARM GAS  /tmp/ccPhG9zf.s 			page 16


 205      5DE9B43B 
 205      5C9E1C
 206 0586 CFF2550E 		.ascii	"\317\362U\016\007\222\247(b\034\236\355\331\350Ahbz"
 206      0792A728 
 206      621C9EED 
 206      D9E84168 
 206      627A
 207 0598 6646CA8A 		.ascii	"fF\312\212,\217\023\213\230\227\222\272\200)nfr9]\271"
 207      2C8F138B 
 207      989792BA 
 207      80296E66 
 207      72395DB9 
 208 05ac EE8DEC5F 		.ascii	"\356\215\354_W\030?N"
 208      57183F4E 
 209              		.text
 210              		.section	.gnu.lto_.symbol_nodes.6a45be429d7cc49f,"",%progbits
 211 0000 789C55C9 		.ascii	"x\234U\311\273\015\2000\020\003P;\2375\020Lz\351\220"
 211      BB0D8030 
 211      1003503B 
 211      9F35104C 
 211      7AE990
 212 0013 A8A8A933 		.ascii	"\250\250\2513\005553Pd\006~\002\304\001\015qc\353\331"
 212      05353533 
 212      5064067E 
 212      02C4010D 
 212      7163EBD9 
 213 0027 81E8A031 		.ascii	"\201\350\24013\005hG@\253\017\225\312Ba&\334)\346\025"
 213      33056847 
 213      40AB0F95 
 213      CA426126 
 213      DC29E615 
 214 003b 20845261 		.ascii	" \204Ra\243\330\014V\212\313\340\240\370?X8\304\351"
 214      A3D80C56 
 214      8ACBE0A0 
 214      F83F5838 
 214      C4E9
 215 004d A2D535D4 		.ascii	"\242\3255\324gaa\020\033m\372\317\365I\217\323 \251"
 215      67616110 
 215      1B6DFACF 
 215      F5498FD3 
 215      20A9
 216 005f E3061163 		.ascii	"\343\006\021c(\337"
 216      28DF
 217              		.text
 218              		.section	.gnu.lto_.refs.6a45be429d7cc49f,"",%progbits
 219 0000 789C6361 		.ascii	"x\234ca`\004B \000\000\0009\000\007"
 219      60044220 
 219      00000039 
 219      0007
 220              		.text
 221              		.section	.gnu.lto_.decls.6a45be429d7cc49f,"",%progbits
 222 0000 789CB53A 		.ascii	"x\234\265:kPT\331\231}\356\2714M\323\300\024\232\354"
 222      6B5054D9 
 222      997DEEB9 
 222      344DD3C0 
 222      149AEC
 223 0013 244BB253 		.ascii	"$K\262SS\246Bmjd\336\231T\2456\353\232L2[;;\231\230"
ARM GAS  /tmp/ccPhG9zf.s 			page 17


 223      53A6426D 
 223      6A64DE99 
 223      54A536EB 
 223      9A4C325B 
 224 002b C9D656ED 		.ascii	"\311\326V\355V\007\233\036a\206\227\335\3558\354\237"
 224      56079B1E 
 224      618697DD 
 224      ED38EC9F 
 225 003b 5C105001 		.ascii	"\\\020P\001\225\247@#\202\210\310SPTF\036\322\242\202"
 225      95A74023 
 225      8288C853 
 225      5054461E 
 225      D2A282
 226 004e E28B87F2 		.ascii	"\342\213\207\362R\001_ \002\312K@\020\335\357\234s\273"
 226      52015F20 
 226      02CA4B40 
 226      10DDEF9C 
 226      73BB
 227 0060 EFEDA65B 		.ascii	"\357\355\246[\235\037A\277\276\367;\367;\337\373\373"
 227      9D1F41BF 
 227      BEF73BF7 
 227      3BDFFBFB 
 228 0070 CEB90F5E 		.ascii	"\316\271\017^\201\024\344/&@\241X\341\256P\334\007\364"
 228      8114E42F 
 228      2640A158 
 228      E1AE50DC 
 228      07F4
 229 0082 39FC6118 		.ascii	"9\374a\030\373\013\0009\372\001(\001>S\260?r\336\000"
 229      FB0B0039 
 229      FA012801 
 229      3E53B03F 
 229      72DE00
 230 0095 7457017A 		.ascii	"tW\001z\001\036\001<\006x\202\024\313\376\010\335\217"
 230      011E013C 
 230      06788214 
 230      CBFE08DD 
 230      8F
 231 00a6 E1E80BB0 		.ascii	"\341\350\013\260\022`#\340U\000\027\341\274\231\\\007"
 231      126023E0 
 231      550017E1 
 231      BC995C07 
 232 00b6 380CF005 		.ascii	"8\014\360\005\300\010\214\377\012`\0011Y3p\254\203\343"
 232      C0088CFF 
 232      0A600131 
 232      593370AC 
 232      83E3
 233 00c8 121C390E 		.ascii	"\022\0349\016t\001\340\001\036\002n\000x\0271\335\334"
 233      7401E001 
 233      1E026E00 
 233      781731DD 
 233      DC
 234 00d9 38A6530F 		.ascii	"8\246S\017\340`\202\342\026\034\357\001\334\001\030"
 234      E06082E2 
 234      161CEF01 
 234      DC0118
 235 00e8 06B80D70 		.ascii	"\006\270\015p\027 \035\300C\324\211\350\253\202yj\200"
 235      17201DC0 
ARM GAS  /tmp/ccPhG9zf.s 			page 18


 235      43D489E8 
 235      AB82796A 
 235      80
 236 00f9 D7386603 		.ascii	"\3278f\003\261\305\027\316Wr\313\355 \266\376\243\203"
 236      B1C517CE 
 236      5772CBED 
 236      20B6FEA3 
 236      83
 237 010a 1DEDC8B9 		.ascii	"\035\355\310\271\015Dwb\307\017\200\317<\034\257\210"
 237      0D447762 
 237      C70F80CF 
 237      3C1CAF88 
 238 011a F67E5F5B 		.ascii	"\366~_[<d\266\264\272\260'X\244\273*\372\377E6\221\360"
 238      3C64B6B4 
 238      BAB02758 
 238      A4BB2AFA 
 238      FF453691 
 239 012f FCD4C1B6 		.ascii	"\374\324\301\266%\016\225\246\\\253\305\327Q/\"$\257"
 239      250E95A6 
 239      5CABC5D7 
 239      512F2224 
 239      AF
 240 0140 D15184D8 		.ascii	"\321Q\204\330/\242\240`@Q8\341\350\257B\032BVB\362\013"
 240      2FA2A060 
 240      405138E1 
 240      E8AF421A 
 240      425642F2 
 241 0155 3F1C12C7 		.ascii	"?\034\022\307\0246f\364\2778\237\346\027\375\243L$\356"
 241      143666F4 
 241      BF389FE6 
 241      17FDA34C 
 241      24EE
 242 0167 489C846C 		.ascii	"H\234\204l\032\320\313\012v\335\306\225\0358i\202\214"
 242      1AD0CB0A 
 242      76DDC695 
 242      1D386982 
 242      8C
 243 0178 1F535764 		.ascii	"\037SWd'\351l\263\011Y\215\316\233+^t\307\034\"\347"
 243      27E96CB3 
 243      09598DCE 
 243      9B2B5E74 
 243      C71C22E7 
 244 018c 034F8A3F 		.ascii	"\003O\212?^].\300_\262 p\253%\317\034*_\254R\223(\241"
 244      5E5D2EC0 
 244      5FB22070 
 244      AB25CF1C 
 244      2A5FAC52 
 245 01a3 2F34683D 		.ascii	"/4h=O\206\332c\253\366\340\031\016\371\252\021\017\350"
 245      4F86DA63 
 245      ABF6E019 
 245      0EF9AA11 
 245      0FE8
 246 01b5 E425F31D 		.ascii	"\344%\363\035o@W\252\321\033\316'\364\304]\335\313\275"
 246      6F4057AA 
 246      D11BCE27 
 246      F4C45DDD 
 246      CBBD
ARM GAS  /tmp/ccPhG9zf.s 			page 19


 247 01c7 BE9B72DF 		.ascii	"\276\233r\337\"\274\301\243\277\374\020\225#?T\206 "
 247      22BCC1A3 
 247      BFFC1095 
 247      233F5486 
 247      20
 248 01d8 DCE8107A 		.ascii	"\334\350\020z\035~+\020\317\004\012y\302.N\223 \010"
 248      1D7E2B10 
 248      CF040A79 
 248      C22E4E93 
 248      2008
 249 01ea 3184D8F7 		.ascii	"1\204\330\367\2347!\220\221W\"\015*A\253\031qeS\341"
 249      9C372190 
 249      9157220D 
 249      2A41AB19 
 249      716553E1 
 250 01fe 980AFF13 		.ascii	"\230\012\377\0231\201\333\177.\243\010#\215\277\253"
 250      3181DB7F 
 250      2EA30823 
 250      8DBFAB
 251 020d A9E808F2 		.ascii	"\251\350\010\362\227\315.\"\352\014\346\355\323\024"
 251      97CD2E22 
 251      EA0CE6ED 
 251      D314
 252 021b 0BC26BE8 		.ascii	"\013\302k\3500\214W!,^#dL@\\\325\321:wj\015\241(E\324"
 252      308C5721 
 252      2C5E2364 
 252      4C405CD5 
 252      D13A776A 
 253 0234 9E9BE74A 		.ascii	"\236\233\347J\312\210\003~\256F\304\345>D\221\261\023"
 253      CA88037E 
 253      AE46C4E5 
 253      3E4491B1 
 253      13
 254 0245 4FBCD810 		.ascii	"O\274\330\020\241\350\3305U\350\216\377B\365j\336Q}"
 254      A1E8D835 
 254      55E88EFF 
 254      42F56ADE 
 254      517D
 255 0257 C413F9AB 		.ascii	"\304\023\371\253\231\300\264\226\337\246l\005\027\243"
 255      99C0B496 
 255      DFA66C05 
 255      17A3
 256 0265 EF901A1D 		.ascii	"\357\220\032\035\227$\376\\\015\277\333$\325\025\222"
 256      9724FE5C 
 256      0DBFDB24 
 256      D51592
 257 0274 DE35A037 		.ascii	"\3365\2407\360%\204\350\030\014\036\205A\220QR\230R"
 257      F02584E8 
 257      180C1E85 
 257      41905152 
 257      9852
 258 0286 A0C4BB10 		.ascii	"\240\304\273\020\025\222}\264tNm\0232\231\360~9\261"
 258      15927DB4 
 258      744E6D13 
 258      3299F07E 
 258      39B1
 259 0298 AA0E649C 		.ascii	"\252\016d\234\220d\200H\227Bj\235\013\021\322\027\363"
ARM GAS  /tmp/ccPhG9zf.s 			page 20


 259      90648048 
 259      97426A9D 
 259      0B11D217 
 259      F3
 260 02a9 BC701D13 		.ascii	"\274p\035\023\222\223\331\330\340\206\324\376\3169\234"
 260      9293D9D8 
 260      E086D4FE 
 260      CE399C
 261 02b8 74C281A9 		.ascii	"t\302\201\251\223\271\363\267\355\324\346\006\320\247"
 261      93B9F3B7 
 261      EDD4E606 
 261      D0A7
 262 02c6 5ED2A78E 		.ascii	"^\322\247\216\352\003R\216\035\2176\263\234!\024\325"
 262      EA03528E 
 262      1D8F36B3 
 262      9C2114D5 
 263 02d6 CCCBD7E6 		.ascii	"\314\313\327\346\033\0264x+\315O\276:f`\2377\362\367"
 263      1B163478 
 263      2BCD4FBE 
 263      3A66609F 
 263      37F2F7
 264 02e9 43C01831 		.ascii	"C\300\0301+I\242*\320\031\230`A\330Z\313f\001\224\233"
 264      2B49A22A 
 264      D0199860 
 264      41D85ACB 
 264      6601949B 
 265 02fd F81B1986 		.ascii	"\370\033\031\206s\025=Ru'\012\004\345\353\012\364\236"
 265      73153D52 
 265      75270A04 
 265      E5EB0AF4 
 265      9E
 266 030e 1F7A1B74 		.ascii	"\037z\033t=\005\272\222K\012t\032\03061[\373Z.\306*"
 266      3D05BA92 
 266      4B0A741A 
 266      1836315B 
 266      FB5A2EC6 
 267 0323 D52275F2 		.ascii	"\325\"u\362\313\250G\313\206\272\274\355\362\364,\250"
 267      CBA847CB 
 267      86BABCED 
 267      F2F42CA8 
 268 0333 22E56933 		.ascii	"\"\345i3M!By\240\370t\271\212Z\007c\250\321>\207>[\236"
 268      4D214279 
 268      A0F874B9 
 268      8A5A0763 
 268      A8D13E87 
 269 034a 439FB11C 		.ascii	"C\237\261\034*|\362\250F\203\223\250\375\\\376\216\212"
 269      2A7CF2A8 
 269      468393A8 
 269      FD5CFE8E 
 269      8A
 270 035b 11375B7C 		.ascii	"\0217[|\273S\377g:\2168\364\"\210l\225\034\372\231\353"
 270      BB53FF67 
 270      3A8E38F4 
 270      22886C95 
 270      1CFA99EB 
 271 036f F85E001B 		.ascii	"\370^\000\033>\023\243s\036\006\3171+\3667\326\214\363"
 271      3E13A373 
ARM GAS  /tmp/ccPhG9zf.s 			page 21


 271      1E06CF31 
 271      2BF637D6 
 271      8CF3
 272 0381 5437C2AA 		.ascii	"T7\302\252\205\351\3261q1\327\223\025\370k\200\036\037"
 272      85E9D631 
 272      7131D793 
 272      15F86B80 
 272      1E1F
 273 0393 3ADFAC66 		.ascii	":\337\254f\005. \300\315u3\255n\354\262\012\320\232"
 273      052E20C0 
 273      CD7533AD 
 273      6EECB20A 
 273      D09A
 274 03a5 8765355E 		.ascii	"\207e5^\354\262\205\314>1-\034\365\302\315\254\257\234"
 274      ECB285CC 
 274      3E312D1C 
 274      F5C2CDAC 
 274      AF9C
 275 03b7 991928D2 		.ascii	"\231\031(\322\340K\014\231\352/.\365\300\035\014I\276"
 275      E04B0C99 
 275      EA2F2EF5 
 275      C01D0C49 
 275      BE
 276 03c8 F1A4DE13 		.ascii	"\361\244\336\023\367\210\310\342\322\240;\276\311\220"
 276      F788C8E2 
 276      D2A03BBE 
 276      C990
 277 03d6 F103978F 		.ascii	"\361\003\227\217x\000C\1775\372\233\314-\376\314-{R"
 277      7800437F 
 277      35FA9BCC 
 277      2DFECC2D 
 277      7B52
 278 03e8 6E677AE0 		.ascii	"ngz\340;\314-\031%\363\005\2345#\363\267\010oF\037\006"
 278      3BCC2D19 
 278      25F3059C 
 278      3523F3B7 
 278      086F461F 
 279 03fd 5BDBC1BE 		.ascii	"[\333\301\2766b\364u0\332_4\272\007\006\273m)\231\326"
 279      3662F475 
 279      30DA5F34 
 279      BA0706BB 
 279      6D2999D6 
 280 0411 F2BFAC0C 		.ascii	"\362\277\254\014\373\300\354^\311\203\376bFn\215-\336"
 280      FBC0EC5E 
 280      C983FE62 
 280      466E8D2D 
 280      DE
 281 0422 E5891F32 		.ascii	"\345\211\0372){Sf\353\324\256\245\364\273\2242\231\360"
 281      297B5366 
 281      EBD4AEA5 
 281      F4BB9432 
 281      99F0
 282 0434 2FB40E6F 		.ascii	"/\264\016o\202\220\033\222\220>k\336\367W^?\303\343"
 282      82901B92 
 282      903E6BDE 
 282      F7575E3F 
 282      C3E3
ARM GAS  /tmp/ccPhG9zf.s 			page 22


 283 0446 3926A5E9 		.ascii	"9&\245\351x\357\244\322\265\224[.\245d\364\205\357\243"
 283      78EFA4D2 
 283      B5945B2E 
 283      A564F485 
 283      EFA3
 284 0458 D9300862 		.ascii	"\3310\010b\006$17\255b\016\304_\033\366\3065\230\372"
 284      06243137 
 284      AD620EC4 
 284      5F1BF6C6 
 284      3598FA
 285 046b AFBC29BB 		.ascii	"\257\274)\273\325\023\237fHA\364\265\013^\370\034C\006"
 285      D5139F66 
 285      4841F4B5 
 285      0B5EF81C 
 285      4306
 286 047d 16FB8F61 		.ascii	"\026\373\217a|\211!\245\317fZ}p\007C\256\357m\036\321"
 286      7C8921A5 
 286      CF665A7D 
 286      700743AE 
 286      EF6D1ED1 
 287 0491 E0418648 		.ascii	"\340A\206H\015\036\362\2115\370\363\271)%\356\266,\272"
 287      0D1EF289 
 287      35F8F3B9 
 287      2925EEB6 
 287      2CBA
 288 04a3 CFB22863 		.ascii	"\317\262(c\317\001_y\323\207\345@\252\216\007\264\351"
 288      CF015F79 
 288      D387E540 
 288      AA8E07B4 
 288      E9
 289 04b4 8F589B7E 		.ascii	"\217X\233~\356dw\274\306\256\230\036\3305\375Qy\323"
 289      EE6477BC 
 289      C6AE981E 
 289      D835FD51 
 289      79D3
 290 04c6 AFEEDF79 		.ascii	"\257\356\337y\332\013\217Pm\270\224\221\314h\037\344"
 290      DA0B8F50 
 290      6DB89491 
 290      CC681FE4 
 291 04d6 AF61AEB8 		.ascii	"\257a\256\2709\360\373\024\352\212\2070aLr\305(-FW\374"
 291      39F0FB14 
 291      EA8A8730 
 291      614C72C5 
 291      282D4657 
 292 04eb D138F8D6 		.ascii	"\3218\370\326ND\372\356\236R\037\\\311S\203\255\013"
 292      4E44FAEE 
 292      9E521F5C 
 292      C95383AD 
 292      0B
 293 04fc 9CAFB8C0 		.ascii	"\234\257\270\300\335o\334c-\007\016\360\342\312C\335"
 293      DD6FDC63 
 293      2D070EF0 
 293      E2CA43DD 
 294 050c 9EB88ED1 		.ascii	"\236\270\216\321\226\315\305\036\363\301\215\014\261"
 294      96CDC51E 
 294      F3C18D0C 
 294      B1
ARM GAS  /tmp/ccPhG9zf.s 			page 23


 295 0519 5686AF58 		.ascii	"V\206\257X\031\305C{vj\030\376\021\240W\333\372\017"
 295      19C5437B 
 295      766A18FE 
 295      11A057DB 
 295      FA0F
 296 052b 607C96D1 		.ascii	"`|\226\321\336\250\336qZ\205/3\244\256\246\276Y\254"
 296      DEA8DE71 
 296      5A852F33 
 296      A4AEA6BE 
 296      59AC
 297 053d B0B701DD 		.ascii	"\260\267\001\335r7\367\2267\356b\327\232w\305&\251\361"
 297      7237F796 
 297      37EE62D7 
 297      9A77C526 
 297      A9F1
 298 054f 0045B823 		.ascii	"\000E\270#C9\271\036\266\266\220y\371w\254\317>\205"
 298      4339B91E 
 298      B6B69079 
 298      F977ACCF 
 298      3E85
 299 0561 282C38F6 		.ascii	"(,8\366Y\347}a\321y\337\317\231\2769\342\3014\360'k"
 299      59E77D61 
 299      D179DFCF 
 299      99BE39E2 
 299      C134F027 
 300 0576 4DEDF401 		.ascii	"M\355\364\001%\036e\032\234\271\323y\316\015\3170$\277"
 300      251E651A 
 300      9CB9D379 
 300      CE0DCF30 
 300      24BF
 301 0588 E9D65B38 		.ascii	"\351\326[8\316\215\236\327f\324\217\253p\002Cn?\177"
 301      CE8D9ED7 
 301      66D48FAB 
 301      7002436E 
 301      3F7F
 302 059a F61536B3 		.ascii	"\366\0256\263\363\355\345\333\233\275q\001C\012\032"
 302      F3EDE5DB 
 302      9BBD7101 
 302      430A1A
 303 05a9 EBC6DCF1 		.ascii	"\353\306\334\361\021\206\024?\030x\212\361)\206\334"
 303      1186143F 
 303      18788AF1 
 303      2986DC
 304 05b8 BAD152E5 		.ascii	"\272\321R\345\215O3\244n.\247\316\007\2672\344\322\235"
 304      8D4F33A4 
 304      6E2EA7CE 
 304      07B732E4 
 304      D29D
 305 05ca E7536ADC 		.ascii	"\347Sj\334\316\220\032\3633\013\217{\030\022\267\243"
 305      CE901AF3 
 305      330B8F7B 
 305      1812B7A3 
 306 05da 22934443 		.ascii	"\"\223DC\311\372\250;\014\335\235X8\316\263!\342\226"
 306      C9FAA83B 
 306      0CDD9D58 
 306      38CEB321 
 306      E296
ARM GAS  /tmp/ccPhG9zf.s 			page 24


 307 05ec 6F497E65 		.ascii	"oI~e\3378\354\215o\320)\\\343\\e\263J\266 \377\346;"
 307      DF38EC8D 
 307      6FD0295C 
 307      E35C65B3 
 307      4AB620FF 
 308 0602 52A33B39 		.ascii	"R\243;95J\342l>S\212.\023\226\273l\007\347OxS\227%r"
 308      354AE26C 
 308      3E538A2E 
 308      1396BB6C 
 308      07E74F78 
 309 061a 7E2881A3 		.ascii	"~(\201\243.\233z2q\224\307CLFC\302X\203\207l=^]Fd\244"
 309      2E9B7A32 
 309      7194C743 
 309      4C4643C2 
 309      5883876C 
 310 0634 808C5D92 		.ascii	"\200\214]\222\014\020\351RH\262s!\267\204\305l\015~"
 310      0C10E952 
 310      48B27321 
 310      B784C56C 
 310      0D7E
 311 0646 C884D425 		.ascii	"\310\204\324%\334\274\311\263\216\341\204C\272\023\016"
 311      DCBCC9B3 
 311      8EE18443 
 311      BA130E
 312 0655 D63CF998 		.ascii	"\326<\371\230\345I\032\350\223*\351\223\302\211\015"
 312      E5491AE8 
 312      932AE993 
 312      C2890D
 313 0664 6321EDC4 		.ascii	"c!\355\3041O<\303<\234\2301^\344\215\027\030\262x?\275"
 313      314F3CC3 
 313      3C9C9831 
 313      5EE48D17 
 313      18B2783F 
 314 0679 17B1BCD0 		.ascii	"\027\261\274\320\000\032S\327\233\342\303ja\220\256"
 314      001A53D7 
 314      9BE2C36A 
 314      6190AE
 315 0688 1C0BDB9E 		.ascii	"\034\013\333\236\361x\253\222\322v'u^\207\015\212\222"
 315      F178AB92 
 315      D2762775 
 315      5E870D8A 
 315      92
 316 0699 65EAF6DE 		.ascii	"e\352\366\336l7\227\272\356q\245\253%U\011z\346\200"
 316      6C3797BA 
 316      EE71A5AB 
 316      2555097A 
 316      E680
 317 06ab 9E66277A 		.ascii	"\236f'z6_\311\237V\341\014&\356DJ*d_\016C\372\263\022"
 317      365FC99F 
 317      56E10C26 
 317      EE444A2A 
 317      645F0E43 
 318 06c2 EB3CF121 		.ascii	"\353<\361!\206\234\3345\365\235\007>\306\220\255\363"
 318      869CDC35 
 318      F59D073E 
 318      C690ADF3 
 319 06d2 B7AB7CF0 		.ascii	"\267\253|\360I\206XW\272\225l\245{\260\305r\213\307"
ARM GAS  /tmp/ccPhG9zf.s 			page 25


 319      49865857 
 319      BA956CA5 
 319      7BB0C572 
 319      8BC7
 320 06e4 67D9B5CA 		.ascii	"g\331\265\312\270\273%*\270\346\007\231\205d\353\220"
 320      B8BB252A 
 320      B8E60799 
 320      8564EB90 
 321 06f4 1F5B878E 		.ascii	"\037[\207\216Z\246+x\334\312\254k\257\356=\353!K\251"
 321      5AA62B78 
 321      DCCAAC6B 
 321      AFEE3DEB 
 321      214BA9
 322 0707 9FD2942A 		.ascii	"\237\322\224*\006\265\213$\265\375lUh\277\0319\010\306"
 322      06B58B24 
 322      B5FD6C55 
 322      68BF1939 
 322      08C6
 323 0719 FB89C61F 		.ascii	"\373\211\306\037\000\343\013Y\250K\362\212\317x\341"
 323      00E30B59 
 323      A84BF28A 
 323      CF78E1
 324 0728 AB4CC078 		.ascii	"\253L\300x\372\3506,\313'?\232Oe \240D\022P\314\271"
 324      FAE8362C 
 324      CB273F9A 
 324      4F6520A0 
 324      441250CC 
 325 073d 9050EA5C 		.ascii	"\220P\352\\BLZg\271\007\276\301$\244WT\224IU\221\271"
 325      424C5A67 
 325      B907BEC1 
 325      24A45754 
 325      94495591 
 326 0752 F3370D44 		.ascii	"\3637\015D\302!\220P.I(s%\241\302\271\204\014\363\320"
 326      C2219050 
 326      2E492873 
 326      25A1C2B9 
 326      840CF3D0 
 327 0766 EBF82EF3 		.ascii	"\353\370.\363gb\322\263J\214\0370is\015\373\217\332"
 327      6762D2B3 
 327      4A8C1F30 
 327      69730DFB 
 327      8FDA
 328 0778 1C669947 		.ascii	"\034f\231G\257\241# \251\352\025$\035v.\351f\356\243"
 328      AFA12320 
 328      A9EA1524 
 328      1D762EE9 
 328      66EEA3
 329 078b 691E4F31 		.ascii	"i\036O1Q\205\247+\333\335\361<\023\26540^\343m\023\265"
 329      5185A72B 
 329      DBDDF13C 
 329      13B53430 
 329      5EE36D13 
 330 07a0 00A28E83 		.ascii	"\000\242\216\203\250\243\257 \352\230sQ\017c\357\015"
 330      A8A3AF20 
 330      EA987351 
 330      0F63EF0D 
 331 07b0 8ADBA3D7 		.ascii	"\212\333\243\327I\261\244g\275\207\243\335\251\340\242"
ARM GAS  /tmp/ccPhG9zf.s 			page 26


 331      49B1A467 
 331      BD87A3DD 
 331      A9E0A2
 332 07bf F6B154FB 		.ascii	"\366\261T\373\233\227A\273M\341\011\316\272)\214\271"
 332      9B9741BB 
 332      4DE109CE 
 332      BA298CB9 
 333 07cf 7D       		.ascii	"}"
 334 07d0 BC0BE16D 		.ascii	"\274\013\341ml\332\251K[J<\361\016\206\334^\332w\327"
 334      6CDAA94B 
 334      5B4A3CF1 
 334      0E86DC5E 
 334      DA77D7
 335 07e3 1DA73164 		.ascii	"\035\2471d>\353|\241\027\316fHjy[\267\022\3472\244\377"
 335      3EEB7CA1 
 335      17CE6648 
 335      6A795BB7 
 335      12E732A4 
 336 07f8 D0B37A25 		.ascii	"\320\263z%\316gH\336\215\311\012w\274\237\"\334pJQ\265"
 336      CE6748DE 
 336      8DC90A77 
 336      BC9F22DC 
 336      704A51B5 
 337 080c DAE14648 		.ascii	"\332\341FHv\307\205\232\300\254/\354o\2032\372\276\234"
 337      76C7859A 
 337      C0AC2FEC 
 337      6F8332FA 
 337      BE9C
 338 081e DC423AC2 		.ascii	"\334B:\302)N\203,\222k\276\020o\203\006c\232;U\270\234"
 338      294E832C 
 338      926BBE10 
 338      6F830663 
 338      9A3B55B8 
 339 0833 099B7C78 		.ascii	"\011\233|x\365\251\027\256b\210\360\344d\237\022\037"
 339      F5A917AE 
 339      6288F0E4 
 339      649F121F 
 340 0843 65C8F58C 		.ascii	"e\310\365\214\371A\017\\\303\220s\327\022\033y\\\313"
 340      F9410F5C 
 340      C39073D7 
 340      121B795C 
 340      CB
 341 0854 90831706 		.ascii	"\220\203\027\006\0057\334\300\220\372\204\013OU\330"
 341      0537DCC0 
 341      90FA840B 
 341      4F55D8
 342 0863 C21073ED 		.ascii	"\302\020s\355\326\0305>\315\220\262\347\323\2734\270"
 342      D618353E 
 342      CD90B2E7 
 342      D3BB34B8 
 343 0873 59B4BDBE 		.ascii	"Y\264\275\276\275\200c~^Ev$\226\304s\230\325j>\254\273"
 343      BD80637E 
 343      5E457624 
 343      96C47398 
 343      D56A3EAC 
 344 0888 9E499D5D 		.ascii	"\236I\235]{9\264\212\376\255\360\207\237\002b\357\340"
 344      7B39B48A 
ARM GAS  /tmp/ccPhG9zf.s 			page 27


 344      FEADF087 
 344      9F0262EF 
 344      E0
 345 0899 B5677FED 		.ascii	"\265g\177\355\357\270+\010\251\032jL#\030s\225[!Y?A"
 345      EFB82B08 
 345      A91A6A4C 
 345      23187395 
 345      5B21593F 
 346 08ae 03F10E79 		.ascii	"\003\361\016y\320@'XNvk\204\344@J\334\342H\334F\211"
 346      D0402758 
 346      4E766B84 
 346      E4404ADC 
 346      E248DC46 
 347 08c3 CB91447D 		.ascii	"\313\221D}U\242>\343H]\3039\260\356\222\210O;'\226\263"
 347      55A23EE3 
 347      485DC339 
 347      B0EE9288 
 347      4F3B2796 
 348 08d8 AE95A8CF 		.ascii	"\256\225\250\317;R\0078\022wH\304g\035\211/\313\264"
 348      3B520738 
 348      127748C4 
 348      671D892F 
 348      CBB4
 349 08ea 4E116F95 		.ascii	"N\021o\225\004dR\240K\220\304\0279r7 N\2010\243k\220"
 349      046452A0 
 349      4B90C417 
 349      39723720 
 349      4E8130A3 
 350 0900 0E5DDC2A 		.ascii	"\016]\334*\324\001\320\003p\005\240\033\240\023\240"
 350      D401D003 
 350      7005A01B 
 350      A013A0
 351 090f 0DA01DE0 		.ascii	"\015\240\035\3402\267\212\336^\261\032\232\336\255\021"
 351      32B78ADE 
 351      5EB11A9A 
 351      DEAD11
 352 091e E0DE0A18 		.ascii	"\340\336\012\030(\304DQ\330\364:\321\2752[\260\304b"
 352      28C44451 
 352      D8F43AD1 
 352      BD325BB0 
 352      C462
 353 0930 AA59AB53 		.ascii	"\252Y\253S3d\016j\223\254hvn\205\214\270^\">\347<P\224"
 353      33640E6A 
 353      93AC6876 
 353      6E858CB8 
 353      5E223EE7 
 354 0947 1852A561 		.ascii	"\030R\245a\336\234\346aW\206rb\005\352\265\225a\177"
 354      DE9CE661 
 354      57867262 
 354      05EAB595 
 354      617F
 355 0959 7DC19C17 		.ascii	"}\301\234\027NT\221\204\303\331\345\003\263\036h\225"
 355      4E549184 
 355      C3D9E503 
 355      B31E6895 
 356 0969 FF0A9649 		.ascii	"\377\012\226I\031\346O\247\016\304\023\221@\217N\202"
 356      19E64FA7 
ARM GAS  /tmp/ccPhG9zf.s 			page 28


 356      0EC41391 
 356      408F4E82 
 357 0979 C89BCE6D 		.ascii	"\310\233\316ma^\251N\240^\271i\357\225\024q\275\243"
 357      615EA94E 
 357      A05EB969 
 357      EF951471 
 357      BDA3
 358 098b FEB7CDED 		.ascii	"\376\267\315\355\023\231\021\377\337\000\377_\027\375"
 358      139911FF 
 358      DF00FF5F 
 358      17FD
 359 0999 4B4A2066 		.ascii	"KJ fx\034\343,\252\021\032\035*\353\342p.C\366\0144"
 359      781CE32C 
 359      AA111A1D 
 359      2AEBE270 
 359      2E43F60C 
 360 09ae F58B7BB2 		.ascii	"\365\213{\2623\004?>\220\276]#\026\004y\0203<;\333\245"
 360      33043F3E 
 360      90BE5D23 
 360      16047910 
 360      333C3BDB 
 361 09c3 C4071971 		.ascii	"\304\007\031q\365\363\222x\214+\030\362\364\300\225"
 361      F5F39278 
 361      8C2B18F2 
 361      F4C095
 362 09d2 1E153ECE 		.ascii	"\036\025>\316\220SK\275{\324\270\221\"\277^\030\211"
 362      90534BBD 
 362      7BD4B891 
 362      22BF5E18 
 362      89
 363 09e3 7DE48556 		.ascii	"}\344\205V\255\200\362\321\254\020\377\223\177\376\376"
 363      AD80F2D1 
 363      AC10FF93 
 363      7FFEFE
 364 09f2 E400BF2B 		.ascii	"\344\000\277+\331\225UP`\032\015\2512\377U\266?\270"
 364      D9955550 
 364      601A0DA9 
 364      32FF55B6 
 364      3FB8
 365 0a04 ECEFCF7C 		.ascii	"\354\357\317|\225W\264\346\342\024\253:\262\371|\002"
 365      9557B4E6 
 365      E214AB3A 
 365      B2F97C02 
 366 0a14 9BCF61B9 		.ascii	"\233\317a\271\263\346]\245\344-H\311A\222\222\003\034"
 366      B3E65DA5 
 366      E42D48C9 
 366      41929203 
 366      1C
 367 0a25 9B425C92 		.ascii	"\233B\\\222\213\375\321\036\274\012\345\000\230\001"
 367      8BFDD11E 
 367      BC0AE500 
 367      9801
 368 0a33 B201B200 		.ascii	"\262\001\262\0002\001v\003d\000\244\003\244\001\010"
 368      32017603 
 368      6400A403 
 368      A40108
 369 0a42 000B90A2 		.ascii	"\000\013\220\242\323\000C\000\017\000F\000\356\213."
ARM GAS  /tmp/ccPhG9zf.s 			page 29


 369      D3004300 
 369      0F004600 
 369      EE8B2E
 370 0a51 65B9732D 		.ascii	"e\271s-\355',-\241\361\335\346\034\224\233q\314\264"
 370      ED272C2D 
 370      A1F1DDE6 
 370      1C949B71 
 370      CCB4
 371 0a63 9A4E3F46 		.ascii	"\232N?FM\036G\314:\332\362xYS\310\263r\037\205D\231"
 371      4D1E47CC 
 371      3ADAF278 
 371      5953C8B3 
 371      721F8544 
 372 0a78 734E4FD9 		.ascii	"sNO\331\313Sr\314.%GYJ\332\371\346\012\\%U\200\356\202"
 372      CB5372CC 
 372      2E254759 
 372      4ADAF9E6 
 372      0A5C2555 
 373 0a8f C663A26F 		.ascii	"\306c\242o\362\3017y`\363\004\3308.\267q\260\353\340"
 373      F2C13779 
 373      60F304D8 
 373      382EB771 
 373      B0EBE0
 374 0aa2 C6CC2DC2 		.ascii	"\306\314-\302\271\267\321C\320\342\032\302v\022\354"
 374      B9B7D143 
 374      D0E21AC2 
 374      7612EC
 375 0ab1 5A995C8D 		.ascii	"Z\231\\\215Gvj<|\221\032\373@\364K\325\260\314\353\205"
 375      47766A3C 
 375      7C911AFB 
 375      40F44BD5 
 375      B0CCEB85 
 376 0ac5 ED4A3409 		.ascii	"\355J4\011:L;\327a\231'\246\354T 3Y\3758O\224\275 \371"
 376      3A4C3BD7 
 376      619927A6 
 376      EC542033 
 376      59FD384F 
 377 0add EF9428E4 		.ascii	"\357\224(\344\201`\321\347\027\246bi\"\317\200\220g"
 377      8160D1E7 
 377      17A66269 
 377      22CF8090 
 377      67
 378 0aee 62306DB7 		.ascii	"b0m\267\341K\256\022\331F\361\004\352yV\324o\036\316"
 378      E14BAE12 
 378      D946F104 
 378      EA7956D4 
 378      6F1ECE
 379 0b01 E740C663 		.ascii	"\347@\306c;\017u&\210\351BL\025 \266\263.Z=\023`q\020"
 379      3B0F7526 
 379      88E9424C 
 379      1520B6B3 
 379      2E5A3D13 
 380 0b18 F01CE197 		.ascii	"\360\034\341\227\010hk\245\235rR\314\203\345\354em\253"
 380      08686BA5 
 380      9D7252CC 
 380      83E5EC65 
 380      6DAB
ARM GAS  /tmp/ccPhG9zf.s 			page 30


 381 0b2a 91B5AD59 		.ascii	"\221\265\255Y\373\266\305\266\005K\245k\314\251\321"
 381      FBB6C5B6 
 381      054BA56B 
 381      CCA9D1
 382 0b39 C21BD415 		.ascii	"\302\033\324\025\321\322\266\200\020K\016\013l\025+"
 382      D1D2B680 
 382      104B0E0B 
 382      6C152B
 383 0b48 7F11A862 		.ascii	"\177\021\250b\034\213kI\212\271\363^\370\034LX\022\315"
 383      1C8B6B49 
 383      8AB9F35E 
 383      F81C4C58 
 383      12CD
 384 0b5a 7906E74F 		.ascii	"y\006\347O\355L\251\226\373\212\030\263\344\334\030"
 384      ED4CA996 
 384      FB8A18B3 
 384      E4DC18
 385 0b69 E7BCB770 		.ascii	"\347\274\267p\330)of\372af\372\222s\323?\311N&\246\023"
 385      D8296F66 
 385      FA6166FA 
 385      9273D33F 
 385      C94E26A6 
 386 0b7e A36225D3 		.ascii	"\243b%\323\227\354L\217:/\232\036\215W\2428G\323'd\271"
 386      97EC4C8F 
 386      3A2F9A1E 
 386      8D57A238 
 386      47D32764 
 387 0b93 92EA4C3F 		.ascii	"\222\352L?\005\235G\224K\205DN\201\004M\006\330\005"
 387      059D4794 
 387      4B85444E 
 387      81044D06 
 387      D805
 388 0ba5 90089000 		.ascii	"\220\010\220\000\020\013\260\005 \006\313\235R\333A"
 388      100BB005 
 388      2006CB9D 
 388      52DB41
 389 0bb4 E34B3A6D 		.ascii	"\343K:m<\010%L\\.\2619\251\262\336\264\365e\324\363"
 389      3C08254C 
 389      5C2EB139 
 389      A9B2DEB4 
 389      F565D4F3 
 390 0bc8 5728E738 		.ascii	"W(\3478\254A\333\\\323\312\2137\036\313\213\027&.\353"
 390      AC41DB5C 
 390      D3CA8B37 
 390      1ECB8B17 
 390      262EEB
 391 0bdb 1F5950B9 		.ascii	"\037YP\271\231\244rw\003GBN\014\336\016\006o\003\303"
 391      99A47277 
 391      0347424E 
 391      0CDE0E06 
 391      6F03C3
 392 0bee B66279F5 		.ascii	"\266by\3655\034\212\332}\220.\271\344\326t\273H\357"
 392      351C8ADA 
 392      7D902EB9 
 392      E4D674BB 
 392      48EF
 393 0c00 AC7F507A 		.ascii	"\254\177PzK\237\033\3515$;3DZ[\2258\346y\357>D\202\015"
ARM GAS  /tmp/ccPhG9zf.s 			page 31


 393      4B9F1BE9 
 393      35243B33 
 393      445A5B95 
 393      38E679EF 
 394 0c18 340E9B16 		.ascii	"4\016\233\026\032\310\377>)\006\222\334jf\277\314K\015"
 394      1AC8FF3E 
 394      290692DC 
 394      6A66BFCC 
 394      4B0D
 395 0c2a BB449F26 		.ascii	"\273D\237&\201\237r_\315O;\260\374\371W\022\363\223"
 395      819F725F 
 395      CD4F3BB0 
 395      FCF95712 
 395      F393
 396 0c3c AB2E8876 		.ascii	"\253.\210v\202{\244FhM\311\300\254\036\001R\222\260"
 396      827BA446 
 396      684DC9C0 
 396      AC1E0152 
 396      92B0
 397 0c4e DA2BA5E4 		.ascii	"\332+\245\344$\355\331\326u8\252~\206Y\002+]\336\013"
 397      24EDD9D6 
 397      7538AA7E 
 397      8659022B 
 397      5DDE0B
 398 0c61 0D01A7A4 		.ascii	"\015\001\247\244\\\021\027:bv\376\313\250\247.\323\344"
 398      5C11173A 
 398      6276FECB 
 398      A8A72ED3 
 398      E4
 399 0c72 20B4FB5C 		.ascii	" \264\373\\\3232w_\273L\335\0154\313\367\210K\027\374"
 399      D332775F 
 399      BB4CDD0D 
 399      34CBF788 
 399      4B17FC
 400 0c85 32054B34 		.ascii	"2\005K4\246w\227\373\305\252\021\357\271X\315\024p\222"
 400      A67797FB 
 400      C5AA11EF 
 400      B958CD14 
 400      7092
 401 0c97 B3A72E78 		.ascii	"\263\247.x\012U\177\245\367\207\225\316h\337\223H\373"
 401      0A557FA5 
 401      F78795CE 
 401      68DF9348 
 401      FB
 402 0ca8 1829B9BF 		.ascii	"\030)\271\277\253vF*\013a{\242\030B\270%C\3379V\356"
 402      AB76462A 
 402      0B617BA2 
 402      1842B825 
 402      43DF3956 
 403 0cbd F2CDF9DE 		.ascii	"\362\315\371\336\013\324v\362\004\277\3269\265\214y"
 403      0BD476F2 
 403      04BFD639 
 403      B58C79
 404 0ccc F2055BFF 		.ascii	"\362\005[\377\255s$\226o\316\031\3653\251[\327;\247"
 404      AD732496 
 404      6FCE19F5 
 404      33A95BD7 
ARM GAS  /tmp/ccPhG9zf.s 			page 32


 404      3BA7
 405 0cde 96C560B1 		.ascii	"\226\305`\261U\214\030\331>68\222/\277_\231g\314\311"
 405      558C18D9 
 405      3E363892 
 405      2FBF5F99 
 405      67CCC9
 406 0cf1 46A6DF39 		.ascii	"F\246\3379\265\214\371\354\277\023Zk9\331\255{\216\361"
 406      B58CF9EC 
 406      BF135A6B 
 406      39D9AD7B 
 406      8EF1
 407 0d03 7DCC7AE7 		.ascii	"}\314z\347\260\363\336\031u\220>_\")}GJ\324aY\357\354"
 407      B0F3DE19 
 407      75903E5F 
 407      22297D47 
 407      4AD46159 
 408 0d19 3EF879E6 		.ascii	">\370y\346AA.n\354E\342\246\003\211\2641'\322,\275\367"
 408      41412E6E 
 408      EC45E2A6 
 408      0389B431 
 408      27D22CBD 
 409 0d2e 68A6917D 		.ascii	"h\246\221}\314=I\326\030\225\005\333\335\266\322\202"
 409      CC3D49D6 
 409      189505DB 
 409      DDB6D282 
 410 0d3e 1C0D7EE2 		.ascii	"\034\015~\342A\266\273\257\027=Z<\216\310vW\263\222"
 410      41B6BBAF 
 410      173D5A3C 
 410      8EC87657 
 410      B392
 411 0d50 EC6CFD57 		.ascii	"\354l\375W\254b\033^\330\307\372[\267\262{\217l4\037"
 411      AC621B5E 
 411      D8C7FA5B 
 411      B7B27B8F 
 411      6C341F
 412 0d63 11485F21 		.ascii	"\021H_!\017\263\257\302\222S\210\277\307\362\254\240"
 412      0FB3AFC2 
 412      925388BF 
 412      C7F2ACA0 
 413 0d73 E4A4C5D5 		.ascii	"\344\244\305\325B\015\037\200\026\267\337\256w_\217"
 413      420D1F80 
 413      16B7DFAE 
 413      775F8F
 414 0d82 1713AF08 		.ascii	"\027\023\257\010\263\005m9\367e\275\343\240\254\322"
 414      B3056D39 
 414      F765BDE3 
 414      A0ACD2
 415 0d91 1464A2C2 		.ascii	"\024d\242\302\272\242\344\223\025%\313[\266;8\001RK"
 415      BAA2E493 
 415      1525CB5B 
 415      B63B3801 
 415      524B
 416 0da3 C455A51C 		.ascii	"\304U\245\034\316\313@\203R\200by\243\265\3145s\321"
 416      CECB4083 
 416      52806279 
 416      A3B5CC35 
 416      73D1
ARM GAS  /tmp/ccPhG9zf.s 			page 33


 417 0db5 548B0A90 		.ascii	"T\213\012\220~\207<*\206)N\274\357B\310mq\306\213\205"
 417      7E873C2A 
 417      86294EBC 
 417      EF42C86D 
 417      71C68B85 
 418 0dc9 F47F4CE2 		.ascii	"\364\177L\342K\354\353t-\201y\245;\336\307,X\262\336"
 418      4BECEB74 
 418      2D8179A5 
 418      3BDEC72C 
 418      58B2DE
 419 0ddc A6CF4BBA 		.ascii	"\246\317K\272\\S\213\315\245\031\223\220\227\3307\027"
 419      5C538BCD 
 419      A5199390 
 419      97D83717 
 420 0dec 17E1A810 		.ascii	"\027\341\250\020\303\361\035\350Y\011:\036\262\013\307"
 420      C3F11DE8 
 420      59093A1E 
 420      B20BC7
 421 0dfb E366B19E 		.ascii	"\343f\261\236H\260\357\"\346\020\327\267\335\323\326"
 421      48B0EF22 
 421      E610D7B7 
 421      DDD3D6
 422 0e0a E85541F4 		.ascii	"\350UA\364\3569%_\026\275\303v+d\225\343\012I\034;\011"
 422      EE39255F 
 422      16BDC376 
 422      2B6495E3 
 422      0A491C3B 
 423 0e1f 9727682B 		.ascii	"\227'h+\001%\253E\205\217\303\3711P\370(\300\021;\307"
 423      0125AB45 
 423      858FC3F9 
 423      3150F828 
 423      C0113BC7 
 424 0e33 E6B6F8B1 		.ascii	"\346\266\370\261\350\221\244\237\002-\310\024\3336]"
 424      E891A49F 
 424      022DC814 
 424      DB365D
 425 0e42 D6335C48 		.ascii	"\3263\\Hy$Ny\261\224\254\255^Br\274\206f_\2078\303\026"
 425      79244E79 
 425      B194ACAD 
 425      5E4272BC 
 425      86665F87 
 426 0e59 12FBDE01 		.ascii	"\022\373\336\001\236Io\241\215\206\274x\031\026\211"
 426      9E496FA1 
 426      8D86BC78 
 426      191689
 427 0e68 5D2E0E69 		.ascii	"].\016i[i\363\250\306N\312\371p\374O\3115\342\264\002"
 427      5B69F3A8 
 427      C64ECAF9 
 427      70FC4FC9 
 427      35E2B402 
 428 0e7c 6C2B6742 		.ascii	"l+gBj\245\230l\246\005_\341lv]\363O\3105\242\362\220"
 428      6AA5986C 
 428      A6055FE1 
 428      6C765DF3 
 428      4FC835A2 
 429 0e92 F4028424 		.ascii	"\364\002\204$\212\255]\260\331\205\366\263\311\353\257"
 429      8AAD5DB0 
ARM GAS  /tmp/ccPhG9zf.s 			page 34


 429      D985F6B3 
 429      C9EBAF
 430 0ea1 A58AC3EC 		.ascii	"\245\212\303\354U(\211\355%\366\022kr\307\323d\225\374"
 430      552889ED 
 430      25F6126B 
 430      72C7D364 
 430      95FC
 431 0eb3 2D16E9D2 		.ascii	"-\026\351\322R0\3531y\215U\207\305\327X]c\263\331\374"
 431      5230EB31 
 431      798D5587 
 431      C5D7585D 
 431      63B3D9FC 
 432 0ec7 9BF9427E 		.ascii	"\233\371B~\2250\270X\375\271\3718\254\304\276<\241B"
 432      9530B858 
 432      FDB9F938 
 432      ACC4BE3C 
 432      A142
 433 0ed9 C59236C5 		.ascii	"\305\2226\305\364u5:\210\256#\005j\300o\302\304\263"
 433      F475353A 
 433      88AE2305 
 433      6AC06FC2 
 433      C4B3
 434 0eeb 43076A94 		.ascii	"C\007j\224\370\276\332\341\005\233\355\013\012\373\317"
 434      F8BEDAE1 
 434      059BED0B 
 434      0AFBCF
 435 0efa 101A311D 		.ascii	"\020\0321\035\264\177kna\203\366/\233O\261\301Qsn\026"
 435      B47F6B6E 
 435      6183F62F 
 435      9B4FB1C1 
 435      51736E16 
 436 0f0e 8F633C29 		.ascii	"\217c<)\373\254\324\362\023\010\357\244\010?\32472\304"
 436      FBACD4F2 
 436      1308EFA4 
 436      083FD437 
 436      32C4
 437 0f20 4343D488 		.ascii	"CC\324\210\315\357q\355'\007\331\006\254ElO\315\316"
 437      CDEF71ED 
 437      2707D906 
 437      AC456C4F 
 437      CDCE
 438 0f32 03E97CBF 		.ascii	"\003\351|\277}\006\263\011$\261\316Ab\235\025\023J^"
 438      7D06B309 
 438      24B1CE41 
 438      629D1513 
 438      4A5E
 439 0f44 0ECD76E5 		.ascii	"\016\315v\345\320\302\312A\214,\355\362\315\216\241"
 439      D0C2CA41 
 439      8C2CEDF2 
 439      CD8EA1
 440 0f53 71BBD865 		.ascii	"q\273\330e\276\347\203\350s>\226li\3262\264jy\321\271"
 440      BEE783E8 
 440      733E966C 
 440      69D632B4 
 440      6A79D1B9 
 441 0f67 968C3A43 		.ascii	"\226\214:C^\343\247\2613jy\215g5\333e\362E\027;P\247"
 441      5EE3A7B1 
ARM GAS  /tmp/ccPhG9zf.s 			page 35


 441      336A798D 
 441      6735DB65 
 441      F245173B 
 442 0f7d 7B5C0525 		.ascii	"{\\\005%'\346_\002\363\317CM\265\002\\\300\362\333\216"
 442      27E65F02 
 442      F3CF434D 
 442      B5025CC0 
 442      F2DB8E
 443 0f90 94669AFD 		.ascii	"\224f\232\375\027\227e`\307\356\263e\356\370*\215"
 443      17976560 
 443      C7EEB365 
 443      EEF82A8D 
 444 0fa0 0C97B9FB 		.ascii	"\014\227\271\373V\2777Z\341\357|+\335\006\334_.)\227"
 444      56BF375A 
 444      E1EF7C2B 
 444      DD06DC5F 
 444      2E2997
 445 0fb3 E5FA1520 		.ascii	"\345\372\025 \274,\325\322E,.\215\231}{\276\262{Jv\305"
 445      BC2CD5D2 
 445      452C2E8D 
 445      997D7BBE 
 445      B27B4A76 
 446 0fc8 2E34EDD8 		.ascii	".4\355\330\372\224\254(\357\301\274\222&\025\214\241"
 446      FA94AC28 
 446      EFC1BC92 
 446      26158CA1 
 447 0fd8 269654ED 		.ascii	"&\226T\355\226\003\025J\327\245\321IK\243\303Z\032\013"
 447      9603154A 
 447      D7A5D149 
 447      4BA3C35A 
 447      1A0B
 448 0fea FD3B4B3C 		.ascii	"\375;K<l\245\361I\251X\032@\205NJ\252\301\251T\032W"
 448      6CA5F149 
 448      A9581A40 
 448      854E4AAA 
 448      C1A9541A 
 449 0fff 69       		.ascii	"i"
 450 1000 69245696 		.ascii	"i$V\226\017\251\361m\226\273\231\267\036\2152E\310&"
 450      0FA9F16D 
 450      96BB99B7 
 450      1E8D3245 
 450      C826
 451 1012 94D5C640 		.ascii	"\224\325\306@mA\214\033\035#\012t1\345\3164\334\273"
 451      6D418C1B 
 451      1D230A74 
 451      31E5CE34 
 451      DCBB
 452 1024 E3E3F293 		.ascii	"\343\343\362\223\243\036\252[\267U\267\336\371})\244"
 452      A31EAA5B 
 452      B755B7DE 
 452      F97D29A4 
 453 1034 6C07E9AD 		.ascii	"l\007\351\255\300\232\247Uw\205m\276\224\012]\223t\273"
 453      C09AA755 
 453      77856DBE 
 453      940A5D93 
 453      74BB
 454 1046 86D95726 		.ascii	"\206\331W&\250\227\352\225Z\332u\231\307\217\230^-\263"
ARM GAS  /tmp/ccPhG9zf.s 			page 36


 454      A897EA95 
 454      5ADA7599 
 454      C78F985E 
 454      2DB3
 455 1058 15793E38 		.ascii	"\025y>8NC\221\341\234\035\371j\234\310\220\262E\363"
 455      4E4391E1 
 455      9C1DF96A 
 455      9CC890B2 
 455      45F3
 456 106a 1D0D4E66 		.ascii	"\035\015NfHU}\354\270\370\251\224\205\274R\032\025\022"
 456      48557DEC 
 456      B8F8A994 
 456      85BC521A 
 456      1512
 457 107c 1B10DE4D 		.ascii	"\033\020\336M/\252\306\217uV`\264\202=Y[e\027\366~\354"
 457      2FAAC68F 
 457      755660B4 
 457      823D595B 
 457      6517F67E 
 458 1091 276E3207 		.ascii	"'n2\007\305\230\017A\314oA\274\357\001\334\001\030\006"
 458      C5980F41 
 458      CC6F41BC 
 458      EF01DC01 
 458      1806
 459 10a3 B80D7057 		.ascii	"\270\015pW\276\270\015\346\335\323\034b[\031\353\276"
 459      BEB80DE6 
 459      DDD31C62 
 459      5B19EBBE 
 460 10b3 75F04575 		.ascii	"u\360Eu2\335\374CV'\244\311\\\307\016\324\313\236\307"
 460      32DDFC43 
 460      5627A4C9 
 460      5CC70ED4 
 460      CB9EC7
 461 10c6 76C6FF83 		.ascii	"v\306\377\203\264\205\276\341H\276l\201X`e\005=m\300"
 461      B485BEE1 
 461      48BE6C81 
 461      58606505 
 461      3D6DC0
 462 10d9 396BBB67 		.ascii	"9k\273g\341\214\230p\276\351H-+X\226\3469\254\240\006"
 462      E18C9870 
 462      BEE9482D 
 462      2B5896E6 
 462      39ACA006 
 463 10ed 97DDDA91 		.ascii	"\227\335\332\221\355\226\325&\353\016\330\211\222\214"
 463      ED96D526 
 463      EB0ED889 
 463      928C
 464 10fb 17C4A369 		.ascii	"\027\304\243i`\250\026c3\215\007w\275\240v\324\313\261"
 464      60A81663 
 464      338D0777 
 464      BDA076D4 
 464      CBB1
 465 110d 00AD9140 		.ascii	"\000\255\221@\017 \000\257\032\014\246\345\022+\306"
 465      0F2000AF 
 465      1A0CA6E5 
 465      122BC6
 466 111c 1198745F 		.ascii	"\021\230t_\312\252Ak1v4\245\335u_!\012\263\270\024\246"
ARM GAS  /tmp/ccPhG9zf.s 			page 37


 466      CAAA416B 
 466      317634A5 
 466      DD755F21 
 466      0AB3B814 
 467 1131 78A124E0 		.ascii	"x\241$\340\2236q\362\260\332\256\252G\355\252z\314V"
 467      933671F2 
 467      B0DAAEAA 
 467      47EDAA7A 
 467      CC56
 468 1143 D5CF2B52 		.ascii	"\325\317+R;\331\372\001cb1\365\235=\377\013\3275\375"
 468      3BD9FA01 
 468      636231F5 
 468      9D3DFF0B 
 468      D735FD
 469 1156 90D6CDB8 		.ascii	"\220\326\315\270\265nZ\256\267m\363duci\274\342\235"
 469      B56E5AAE 
 469      B76DF364 
 469      756369BC 
 469      E29D
 470 1168 2D34F184 		.ascii	"-4\361\204\004\365I\346\365Y\213\346\021-\232\347\373"
 470      04F549E6 
 470      F5598BE6 
 470      112D9AE7 
 470      FB
 471 1179 FB1BBCF0 		.ascii	"\373\033\274\360!\315\253}H2\311jyKrQ\261\2640O\261"
 471      21CDAB7D 
 471      4832C96A 
 471      794B7251 
 471      B1B4304F 
 472 118e C1567361 		.ascii	"\301Vsa\274\332\345\347%3T\321i\253\242\347g\277\253"
 472      BCDAE5E7 
 472      253354D1 
 472      69ABA2E7 
 472      67BFAB
 473 11a1 F4B016F8 		.ascii	"\364\260\026\370\2215\305GX\201\003\025\232\220t\235"
 473      9135C547 
 473      58810315 
 473      9A90749D 
 474 11b1 B0EAFA98 		.ascii	"\260\352\372\230\352z\352\361\366\035j|\212\351\272"
 474      EA7AEAF1 
 474      F61D6A7C 
 474      8AE9BA
 475 11c0 74BFADDA 		.ascii	"t\277\255\332\303\326\001\231\262\213\035\363\013\032"
 475      C3D60199 
 475      B28B1DF3 
 475      0B1A
 476 11ce 972ACC53 		.ascii	"\227*\314S\025\346\254*\024\016\357\237\366\021U\230"
 476      15E6AC2A 
 476      140EEF9F 
 476      F6115598 
 477 11de A90D2C3D 		.ascii	"\251\015,=\"\304z\020\0324+)0kU\340\011U\240~GJ\273"
 477      22C47A10 
 477      1A342B29 
 477      306B55E0 
 477      0955A07E 
 478 11f5 FDCB44A2 		.ascii	"\375\313D\242\260$a\201E\222\034\311n \267k\257\247"
 478      B0246181 
ARM GAS  /tmp/ccPhG9zf.s 			page 38


 478      45921CC9 
 478      6E20B76B 
 478      AFA7
 479 1207 5AF67A9D 		.ascii	"Z\366z\235\274'\220\210\0271\371~-\200\336\015\223\015"
 479      BC279088 
 479      1731F97E 
 479      2D80DE0D 
 479      930D
 480 1219 C7F3398B 		.ascii	"\307\3639\213\017{\227@\276a\351\231\033\230\363\362"
 480      0F7B9740 
 480      BE61E999 
 480      1B98F3F2 
 481 1229 4D1637D0 		.ascii	"M\0267\320\377\212\350gup\023\216\236b2y\011\373ZYP"
 481      FF8AE867 
 481      7570138E 
 481      9E623279 
 481      09FB5A59 
 482 123e 847C64B1 		.ascii	"\204|d\261XQ+~\024\243\004\364\321\235\271\333*\327"
 482      58512B7E 
 482      14A304F4 
 482      D19DB9DB 
 482      2AD7
 483 1250 D29F5BA5 		.ascii	"\322\237[\245?\303T\374LB\334\234\370\011\251\273\354"
 483      3FC354FC 
 483      4C42DC9C 
 483      F809A9BB 
 483      EC
 484 1261 C39895EC 		.ascii	"\303\230\225\354\303\230\370\374\335\217<Em\004\253"
 484      C398F8FC 
 484      DD8F3C45 
 484      6D04AB
 485 1270 36D1BC1F 		.ascii	"6\321\274\037\022x\302,\206\367\265\262\244\010i\244"
 485      1278C22C 
 485      86F7B5B2 
 485      A40869A4 
 486 1280 DBF64FF2 		.ascii	"\333\366O\362v\256zh\347\252-<s\025\034\201z\357h\211"
 486      76AE7A68 
 486      E7AA2D3C 
 486      73151C81 
 486      7AEF6889 
 487 1294 5969473D 		.ascii	"YiG=bW\"\261\"u,\245\256\277\2253b\317\273\307\216w"
 487      625722B1 
 487      22752CA5 
 487      AEBF9533 
 487      62CFBBC7 
 488 12aa 9C481D47 		.ascii	"\234H\035G\251\223\342J\243\335\361%1k\316\347\230]"
 488      A993E24A 
 488      A3DDF125 
 488      316BCEE7 
 488      985D
 489 12bc 7FF8BA95 		.ascii	"\177\370\272\225'\031\262^L\220\326\366+\023$G-\260"
 489      2719B25E 
 489      4C90D6F6 
 489      2B132447 
 489      2DB0
 490 12ce 400E0C6D 		.ascii	"@\016\014m\354\357!Oq\004!\026\361\204\020\305\363\266"
 490      ECEF214F 
ARM GAS  /tmp/ccPhG9zf.s 			page 39


 490      71042116 
 490      F18410C5 
 490      F3B6
 491 12e0 34815369 		.ascii	"4\201Si\221\334\306\223T)\232\233O\364\3061^l\375\261"
 491      91DCC693 
 491      54299A9B 
 491      4FF4C631 
 491      5E6CFDB1 
 492 12f4 24957889 		.ascii	"$\225x\211\234\256>\373\243y?\354\347\242\205\374?P"
 492      9CAE3EFB 
 492      A3793FEC 
 492      E7A285FC 
 492      3F50
 493 1306 8968BBC4 		.ascii	"\211h\273\304h\273\234Q\002e\324=\324\024\204\223\030"
 493      68BB9C51 
 493      0265D43D 
 493      D4148493 
 493      18
 494 1317 9FD28ABD 		.ascii	"\237\322\212\275U\336\330\314\220\304\246\323{\310\312"
 494      55DED8CC 
 494      90C4A6D3 
 494      7BC8CA
 495 1326 8B92E824 		.ascii	"\213\222\350$\362!\305Xa\027GK\202|f\312J\242\267\253"
 495      F221C558 
 495      6117474B 
 495      827C66CA 
 495      4AA2B7AB 
 496 133a E03D97F6 		.ascii	"\340=\227\366\356\242\366\356\344E\203\307s\033G=E5"
 496      EEA2F6EE 
 496      E44583C7 
 496      731B473D 
 496      4535
 497 134c 0F8F6E3C 		.ascii	"\017\217n<7uO4x%\241D\211V=\321\016\236'\230\244j2U"
 497      37754F34 
 497      7825A144 
 497      89563DD1 
 497      0E9E2798 
 498 1364 B5ED615D 		.ascii	"\265\355a]\222'\276\307\324\023\016^\372\265\315y\237"
 498      9227BEC7 
 498      D4130E5E 
 498      FAB5CD79 
 498      9F
 499 1375 DF77705E 		.ascii	"\337wp^\212ds\212\234Q*e4\2307\234\346\205'\031\243"
 499      8A64738A 
 499      9C512A65 
 499      3498379C 
 499      E6852719 
 500 138a 9371D945 		.ascii	"\223q\331E\274\344\274\\{\347\245I\214\322\344\214\322"
 500      BCE4BC5C 
 500      7BE7A549 
 500      8CD2E48C 
 500      D2
 501 139b 29A3C99C 		.ascii	")\243\311\234\305N\373\274\232\267\313\224\0141S2h\246"
 501      C54EFBBC 
 501      9AB7CB94 
 501      0C315332 
 501      68A6
ARM GAS  /tmp/ccPhG9zf.s 			page 40


 502 13ad B46DED1B 		.ascii	"\264m\355\033\362\306Kb\314\206\367\245\213\237\206"
 502      F2C64B62 
 502      CC86F7A5 
 502      8B9F86
 503 13bc FD987CCD 		.ascii	"\375\230|\315\220v*W\311\012\242\215l\024\366]\232\336"
 503      90762A57 
 503      C90AA28D 
 503      6C14F65D 
 503      9ADE
 504 13ce 0D5B0A6F 		.ascii	"\015[\012oJ;\223y\261W\254\335\037\001\232\023\323\262"
 504      4A3B9379 
 504      B157ACDD 
 504      1F019A13 
 504      D3B2
 505 13e0 5DEDBAF4 		.ascii	"]\355\272\364rx\261\364\314<-\275\007\226\352'*\307"
 505      7278B1F4 
 505      CC3C2DBD 
 505      0796EA27 
 505      2AC7
 506 13f2 E2CA82E2 		.ascii	"\342\312\202\342\312\244\305\265\207\026\027\235D\277"
 506      CAA4C5B5 
 506      8716179D 
 506      44BF
 507 1400 372ABCB2 		.ascii	"7*\274\262\213\223S\237}\021u\313\261\347\215\374\317"
 507      8B93539F 
 507      7D1175CB 
 507      B1E78DFC 
 507      CF
 508 1411 F60B6DF9 		.ascii	"\366\013m\371d\223\267\261\264H\330V\005K^.\357\213"
 508      6493B7B1 
 508      B448D856 
 508      054B5E2E 
 508      EF8B
 509 1423 B2C173B0 		.ascii	"\262\301s\260\241\223\315\335\015#\177\206\204\332\313"
 509      A193CDDD 
 509      0D237F86 
 509      84DACB
 510 1432 FF4CB142 		.ascii	"\377L\261B\027\374\347\340\240\265\006}\240I\377\261"
 510      17FCE7E0 
 510      A0B5067D 
 510      A049FFB1 
 511 1442 2122EC0F 		.ascii	"!\"\354\017\372\300H\325\357\377\363\2137\326\276\363"
 511      FAC048D5 
 511      EFFFF38B 
 511      37D6BEF3 
 512 1452 8EC2DDF4 		.ascii	"\216\302\335\364\345\246p\235\326\264z\365\352\000\366"
 512      E5A6709D 
 512      D6B47AF5 
 512      EA00F6
 513 1461 7F6D70C8 		.ascii	"\177mp\310\372\220\317\326\275\365\247?\007D\030\003"
 513      FA90CFD6 
 513      BDF5A73F 
 513      07441803 
 514 1471 0CA68090 		.ascii	"\014\246\200\220p]\350\246 }\200.\330\024\014L\202\214"
 514      705DE8A6 
 514      207D802E 
 514      D8140C4C 
ARM GAS  /tmp/ccPhG9zf.s 			page 41


 514      828C
 515 1483 AB83156A 		.ascii	"\253\203\025j\255vSH\270\351\275w\265\246\267\0026\031"
 515      AD765348 
 515      B8E9BD77 
 515      B5A6B702 
 515      3619
 516 1495 0D36A270 		.ascii	"\0156\242p\375\346\320\220\365\001a\201\272\340\220"
 516      FDE6D090 
 516      F5016181 
 516      BAE090
 517 14a4 707D8036 		.ascii	"p}\2006H\377e\340\246P\223\326\024\025\251'\023U\326"
 517      48FF65E0 
 517      A65093D6 
 517      1415A927 
 517      1355D6
 518 14b7 696F3A9B 		.ascii	"io:\233f\2142\006h\215\246 \240\001ZwS\244!$BkZ\353"
 518      668C3206 
 518      688DA620 
 518      A0015A77 
 518      53A42124 
 519 14cf 42375D44 		.ascii	"B7]DXXDx@d\204\301d\014X\363\247O\327~\372-\031\213"
 519      58584478 
 519      406484C1 
 519      640C58F3 
 519      A74FD77E 
 520 14e7 0C09D51B 		.ascii	"\014\011\325\033\214\001\277_\273\226\250,\312\345u"
 520      8C01BF5F 
 520      BB96A82C 
 520      CAE575
 521 14f6 C18106A5 		.ascii	"\301\201\006\2451\344\377\364Z\323\273T4\221\267A\247"
 521      31E4FFF4 
 521      5AD3BB54 
 521      3491B741 
 521      A7
 522 1507 0B083484 		.ascii	"\013\0104\204\275\025\036\021\256\177K\037\270>$\340"
 522      BD151E11 
 522      AE7F4B1F 
 522      B83E24E0 
 523 1517 83D5EFAF 		.ascii	"\203\325\357\257~\307\246\026\250\002\006\300te0\030"
 523      7EC7A616 
 523      A80206C0 
 523      74653018 
 524 1527 AE37F05F 		.ascii	"\2567\360_\032\364z\267\310\300\015z#\037\256\377\326"
 524      1AF47AB7 
 524      C8C00D7A 
 524      231FAEFF 
 524      D6
 525 1538 E416181A 		.ascii	"\344\026\030\032\262!\\t\306\207\357kM*\353\211\332"
 525      B2215C74 
 525      C687EF6B 
 525      4D2AEB89 
 525      DA
 526 1549 68FA9A5E 		.ascii	"h\372\232^\324\232\336\377>\352\007\353\"\014z\020\350"
 526      D49ADEFF 
 526      3EEA07EB 
 526      220C7A10 
 526      E8
ARM GAS  /tmp/ccPhG9zf.s 			page 42


 527 155a 090223B5 		.ascii	"\011\002#\265\242\324MF}\020Ot\347\311\250\227\354\022"
 527      A2D44D46 
 527      7D104F74 
 527      E7C9A897 
 527      EC12
 528 156c 488C3444 		.ascii	"H\2144D|\023\002\247\2320}\330\006\275\030\316\217^"
 528      7C1302A7 
 528      9A307DD8 
 528      06BD18CE 
 528      8F5E
 529 157e 2C33C248 		.ascii	",3\302H\254\227\002\013S\255r\3414\302\020E\330G\342"
 529      AC97020B 
 529      53AD72E1 
 529      34C21045 
 529      D847E2
 530 1591 30D3B76E 		.ascii	"0\323\267n\021\233\303\365\006\025\304=\224\004\303"
 530      119BC3F5 
 530      0615C43D 
 530      9404C3
 531 15a0 1D864243 		.ascii	"\035\206BC\214&\225>R\037\016a\332\340\251\377F\037"
 531      8C26953E 
 531      521F0E61 
 531      DAE0A9FF 
 531      461F
 532 15b2 6E0A0B34 		.ascii	"n\012\0134~\015\252\204\0317l\334\244\337\244\177M\027"
 532      7E0DAA84 
 532      19376CDC 
 532      A4DFA47F 
 532      4D17
 533 15c4 AC157345 		.ascii	"\254\025sEK\007\370H\203\376\033\037\273!\255\311}s"
 533      4B07F848 
 533      83FE1B1F 
 533      BB21ADC9 
 533      7D73
 534 15d6 60880958 		.ascii	"`\210\011X\370\310\250\011oo9\2425\241MJ\375f\"@\271"
 534      F8C8A809 
 534      6F6F39A2 
 534      35A14D4A 
 534      FD662240 
 535 15eb D904D223 		.ascii	"\331\004\322#\341`\324\207Eb]\270\311C\253\025\263\311"
 535      E160D487 
 535      45625DB8 
 535      C943AB15 
 535      B3C9
 536 15fd 5D3CBAC1 		.ascii	"]<\272\301(\374R\011\032\340\013\224\201\221\301`\232"
 536      28FC5209 
 536      1AE00B94 
 536      8191C160 
 536      9A
 537 160e BB91A869 		.ascii	"\273\221\250i\334\340\006\000\004\233M&C\244/\023\244"
 537      DCE00600 
 537      049B4D26 
 537      43A42F13 
 537      A4
 538 161f 35E8BFD4 		.ascii	"5\350\277\324\033\364\341:\320\011\230G\254\377*R\245"
 538      1BF4E13A 
 538      D0099847 
ARM GAS  /tmp/ccPhG9zf.s 			page 43


 538      ACFF2A52 
 538      A5
 539 1630 FF36C4A4 		.ascii	"\3776\304\244\213\010\322+\015AQ0\203\007\022\243\007"
 539      8B08D22B 
 539      0D415130 
 539      830712A3 
 539      07
 540 1641 0BF34720 		.ascii	"\013\363G \315z4\221q`\367eh\340\006\243\273)\014f\000"
 540      CD7A3491 
 540      7160F765 
 540      68E006A3 
 540      BB290C66 
 541 1656 663441A5 		.ascii	"f4A\245\251L\364@X\006\256\0174\352\371\360\3000\275"
 541      A94CF440 
 541      5806AE0F 
 541      34EAF9F0 
 541      C030BD
 542 1669 5B442844 		.ascii	"[D(D\312\015\262]o\300:\323\267\2341\222\013%\336\335"
 542      CA0DB25D 
 542      6FC03AD3 
 542      B79C3192 
 542      0B25DEDD 
 543 167d 0059A835 		.ascii	"\000Y\2505a\303;\357\000\274\315\031~\305\031>\342\014"
 543      61C33BEF 
 543      00BCCD19 
 543      7EC5193E 
 543      E20C
 544 168f BFE40C1F 		.ascii	"\277\344\014\037r\206\0178\303\373\236$K\210\2610\351"
 544      72860F38 
 544      C3FB9E24 
 544      4B88B130 
 544      E9
 545 16a0 25B17592 		.ascii	"%\261u\222O\332o~\031\006\261\325P&\272\210p\023\244"
 545      4FDA6F7E 
 545      1906B1D5 
 545      5026BA88 
 545      7013A4
 546 16b3 2E4FC2E9 		.ascii	".O\302\351as\275[XdDD\250J\364\210I\005\027\3026\001"
 546      6173BD5B 
 546      58644444 
 546      A84AF488 
 546      490517C2 
 547 16c9 9D3BFDD5 		.ascii	"\235;\375\325\232~\361*\375\301\250\013\016\0029\377"
 547      9A7EF12A 
 547      FDC1A80B 
 547      0E0239FF 
 548 16d9 FC2AB410 		.ascii	"\374*\264\020J \015x%\266QFk\031\277\022k\010:\220z"
 548      4A200D78 
 548      25B65146 
 548      6B19BF12 
 548      6B083A90 
 549 16ee C932596B 		.ascii	"\3112Yk\372\340\373\025\004\231\364bqF\203\016\350\202"
 549      FAE0FB15 
 549      0499F462 
 549      7146830E 
 549      E882
 550 1700 A220AC21 		.ascii	"\242 \254!\272\325:\305\217\034\272\354\247T\372\037"
ARM GAS  /tmp/ccPhG9zf.s 			page 44


 550      BAD53AC5 
 550      8F1CBAEC 
 550      A754FA1F 
 551 1710 C1A99E90 		.ascii	"\301\251\236\220Qz\235IK\012\330\223xY\254\335_}\357"
 551      517A9D49 
 551      4B0AD893 
 551      7859ACDD 
 551      5F7DEF
 552 1723 1A25938D 		.ascii	"\032%\223\2152\323(3\023\344\371:]\360\177\005~\255"
 552      32D32833 
 552      13E4F93A 
 552      5DF07F05 
 552      7EAD
 553 1735 DF14B9EE 		.ascii	"\337\024\271\356\00725\326m2\222*\325\007}\342F\272"
 553      073235D6 
 553      6D32922A 
 553      D5077DE2 
 553      46BA
 554 1747 4224BF19 		.ascii	"B$\277\0310\267\315$\033q\240a\303\0121\330Az\243\316"
 554      30B7CD24 
 554      1B71A061 
 554      C30A31D8 
 554      417AA3CE 
 555 175b 1012698A 		.ascii	"\020\022i\212\200n\342\253\013&\313\303\232\320\320"
 555      806EE2AB 
 555      0B26CBC3 
 555      9AD0D0
 556 176a 08DD1AD2 		.ascii	"\010\335\032\322\276\364A\236\272`b\005\035\202|Y\027"
 556      BEF4419E 
 556      BA606205 
 556      1D827C59 
 556      17
 557 177b 65FC8F08 		.ascii	"e\374\217\010\335\327\257\026\210(\242\255\007M;\230"
 557      DDD7AF16 
 557      8828A2AD 
 557      074D3B98 
 558 178b FDB59716 		.ascii	"\375\265\227\026\012\322\244\375\2675\353~\367\307?"
 558      0AD2A4FD 
 558      B735EB7E 
 558      F7C73F
 559 179a 7DE21518 		.ascii	"}\342\025\030\27290\312\010Y\035\012K\305\257_\354\015"
 559      BA3930CA 
 559      08591D0A 
 559      4BC5AF5F 
 559      EC0D
 560 17ac C8D880B5 		.ascii	"\310\330\200\265\237\256\373d\235\304>\314\030b\324"
 560      9FAEFB64 
 560      9DC43ECC 
 560      1862D4
 561 17bb 4207275D 		.ascii	"B\007']\213\352\365E8\021\302JeS\270(\220\366C\355\352"
 561      8BEAF545 
 561      3811C24A 
 561      6553B828 
 561      90F643ED 
 562 17d0 0F3FFCE8 		.ascii	"\017?\374\350\003\225\025\373\177\300E0n"
 562      039515FB 
 562      7FC04530 
ARM GAS  /tmp/ccPhG9zf.s 			page 45


 562      6E
 563              		.text
 564              		.section	.gnu.lto_.symtab.6a45be429d7cc49f,"",%progbits
 565 0000 63685468 		.ascii	"chThdCreateFromHeap\000"
 565      64437265 
 565      61746546 
 565      726F6D48 
 565      65617000 
 566 0014 00       		.ascii	"\000"
 567 0015 00       		.ascii	"\000"
 568 0016 00       		.ascii	"\000"
 569 0017 00000000 		.ascii	"\000\000\000\000\000\000\000\000"
 569      00000000 
 570 001f BD010000 		.ascii	"\275\001\000\000"
 571 0023 63685468 		.ascii	"chThdCreateFromMemoryPool\000"
 571      64437265 
 571      61746546 
 571      726F6D4D 
 571      656D6F72 
 572 003d 00       		.ascii	"\000"
 573 003e 00       		.ascii	"\000"
 574 003f 00       		.ascii	"\000"
 575 0040 00000000 		.ascii	"\000\000\000\000\000\000\000\000"
 575      00000000 
 576 0048 D4010000 		.ascii	"\324\001\000\000"
 577 004c 63685363 		.ascii	"chSchWakeupS\000"
 577      6857616B 
 577      65757053 
 577      00
 578 0059 00       		.ascii	"\000"
 579 005a 02       		.ascii	"\002"
 580 005b 00       		.ascii	"\000"
 581 005c 00000000 		.ascii	"\000\000\000\000\000\000\000\000"
 581      00000000 
 582 0064 D9010000 		.ascii	"\331\001\000\000"
 583 0068 63685468 		.ascii	"chThdCreateSuspendedI\000"
 583      64437265 
 583      61746553 
 583      75737065 
 583      6E646564 
 584 007e 00       		.ascii	"\000"
 585 007f 02       		.ascii	"\002"
 586 0080 00       		.ascii	"\000"
 587 0081 00000000 		.ascii	"\000\000\000\000\000\000\000\000"
 587      00000000 
 588 0089 EF010000 		.ascii	"\357\001\000\000"
 589 008d 63684865 		.ascii	"chHeapAllocAligned\000"
 589      6170416C 
 589      6C6F6341 
 589      6C69676E 
 589      656400
 590 00a0 00       		.ascii	"\000"
 591 00a1 02       		.ascii	"\002"
 592 00a2 00       		.ascii	"\000"
 593 00a3 00000000 		.ascii	"\000\000\000\000\000\000\000\000"
 593      00000000 
 594 00ab F5010000 		.ascii	"\365\001\000\000"
ARM GAS  /tmp/ccPhG9zf.s 			page 46


 595 00af 6368506F 		.ascii	"chPoolAlloc\000"
 595      6F6C416C 
 595      6C6F6300 
 596 00bb 00       		.ascii	"\000"
 597 00bc 02       		.ascii	"\002"
 598 00bd 00       		.ascii	"\000"
 599 00be 00000000 		.ascii	"\000\000\000\000\000\000\000\000"
 599      00000000 
 600 00c6 F9010000 		.ascii	"\371\001\000\000"
 601              		.text
 602              		.section	.gnu.lto_.opts,"",%progbits
 603 0000 272D666D 		.ascii	"'-fmath-errno' '-fsigned-zeros' '-ftrapping-math' '"
 603      6174682D 
 603      6572726E 
 603      6F272027 
 603      2D667369 
 604 0033 2D666E6F 		.ascii	"-fno-trapv' '-fno-openmp' '-fno-openacc' '-mcpu=cor"
 604      2D747261 
 604      70762720 
 604      272D666E 
 604      6F2D6F70 
 605 0066 7465782D 		.ascii	"tex-m0' '-mno-thumb-interwork' '-mthumb' '-ggdb' '-"
 605      6D302720 
 605      272D6D6E 
 605      6F2D7468 
 605      756D622D 
 606 0099 4F322720 		.ascii	"O2' '-fomit-frame-pointer' '-falign-functions=16' '"
 606      272D666F 
 606      6D69742D 
 606      6672616D 
 606      652D706F 
 607 00cc 2D666675 		.ascii	"-ffunction-sections' '-fdata-sections' '-fno-common"
 607      6E637469 
 607      6F6E2D73 
 607      65637469 
 607      6F6E7327 
 608 00ff 2720272D 		.ascii	"' '-flto'\000"
 608      666C746F 
 608      2700
 609              		.text
 610              		.comm	__gnu_lto_v1,1,1
 611              		.comm	__gnu_lto_slim,1,1
 612              		.ident	"GCC: (15:5.4.1+svn241155-1) 5.4.1 20160919"
ARM GAS  /tmp/ccPhG9zf.s 			page 47


DEFINED SYMBOLS
                            *ABS*:0000000000000000 chdynamic.c
                            *COM*:0000000000000001 __gnu_lto_v1
                            *COM*:0000000000000001 __gnu_lto_slim

NO UNDEFINED SYMBOLS
