ARM GAS  /tmp/ccxEIKFo.s 			page 1


   1              		.syntax unified
   2              		.cpu cortex-m0
   3              		.fpu softvfp
   4              		.eabi_attribute 20, 1
   5              		.eabi_attribute 21, 1
   6              		.eabi_attribute 23, 3
   7              		.eabi_attribute 24, 1
   8              		.eabi_attribute 25, 1
   9              		.eabi_attribute 26, 1
  10              		.eabi_attribute 30, 2
  11              		.eabi_attribute 34, 0
  12              		.eabi_attribute 18, 4
  13              		.thumb
  14              		.syntax unified
  15              		.file	"chmemcore.c"
  16              		.text
  17              	.Ltext0:
  18              		.section	.gnu.lto_.profile.b238ec90ba4dd81c,"",%progbits
  19 0000 789C6361 		.ascii	"x\234ca`d`a`\000\222\332\352\000\000\347\000]"
  19      60646061 
  19      600092DA 
  19      EA0000E7 
  19      005D
  20              		.text
  21              		.section	.gnu.lto_.icf.b238ec90ba4dd81c,"",%progbits
  22 0000 789C6361 		.ascii	"x\234ca`d\000\0015\006\004`c\230\363\371\353Wv\306\275"
  22      60640001 
  22      35060460 
  22      6398F3F9 
  22      EB5776C6 
  23 0015 0FDFB5B3 		.ascii	"\017\337\265\2632\203I\326\205\375\323;\331\331fM\235"
  23      328349D6 
  23      85FDD33B 
  23      D9D9664D 
  23      9D
  24 0026 738889FD 		.ascii	"s\210\211\375K\333\247\373\034\014\000q{\0221"
  24      4BDBA7FB 
  24      1C0C0071 
  24      7B1231
  25              		.text
  26              		.section	.gnu.lto_.jmpfuncs.b238ec90ba4dd81c,"",%progbits
  27 0000 789C6361 		.ascii	"x\234ca`d\000\0011\006\004`\001bV&FF\346\372z6\010\305"
  27      60640001 
  27      31060460 
  27      01625626 
  27      4646E6FA 
  28 0018 0E140100 		.ascii	"\016\024\001\000\027w\002<"
  28      1777023C 
  29              		.text
  30              		.section	.gnu.lto_.inline.b238ec90ba4dd81c,"",%progbits
  31 0000 789C6361 		.ascii	"x\234ca`d\000\201\012\006\004`a``ead`bY \317\300\266"
  31      60640081 
  31      0A060460 
  31      61606065 
  31      61646062 
  32 0019 409E0924 		.ascii	"@\236\011$\306\312 (\300\310\304\250\000R\015\"XD&\314"
  32      C6CA2028 
ARM GAS  /tmp/ccxEIKFo.s 			page 2


  32      C0C8C4A8 
  32      00520D22 
  32      584426CC 
  33 002d 6484C8B2 		.ascii	"d\204\310\262}\320\343a`\272\300\317\002R\307\306 ,"
  33      7DD0E361 
  33      60BAC0CF 
  33      0252C7C6 
  33      202C
  34 003f C4C80456 		.ascii	"\304\310\004V\002V\314\"\261a\007\232:\016\220:v\006"
  34      0256CC22 
  34      B161079A 
  34      3A0E903A 
  34      7606
  35 0051 3656A015 		.ascii	"6V\240\025@1\270\025\014\000\021\267\015x"
  35      4031B815 
  35      0C0011B7 
  35      0D78
  36              		.text
  37              		.section	.gnu.lto_.pureconst.b238ec90ba4dd81c,"",%progbits
  38 0000 789C6361 		.ascii	"x\234ca`d\340b```a\220`\225`\333\305\310\316\002\000"
  38      6064E062 
  38      60606061 
  38      90609560 
  38      DBC5C8CE 
  39 0016 05AC0115 		.ascii	"\005\254\001\025"
  40              		.text
  41              		.section	.gnu.lto__core_init.b238ec90ba4dd81c,"",%progbits
  42 0000 789C7D91 		.ascii	"x\234}\221\317K\033A\024\307\337w&\304P\014\366\342"
  42      CF4B1B41 
  42      14C7DF77 
  42      26C4500C 
  42      F6E2
  43 0012 A93D78C9 		.ascii	"\251=x\311\301\203Y\017\242\007o\255x-Z\357\213\331"
  43      C183590F 
  43      A2076FAD 
  43      782D5AEF 
  43      8BD9
  44 0024 2E24608C 		.ascii	".$`\214\230? \0235\265\366\344\305\036\204b\241\007"
  44      983F2013 
  44      35B5F6E4 
  44      C51E8462 
  44      A107
  45 0036 7FD62435 		.ascii	"\177\326$5\255\346\344\022<\212\202\020Z(\024)UA\244"
  45      ADE6E412 
  45      3C8A8210 
  45      5A281429 
  45      5541A4
  46 0049 2A55A142 		.ascii	"*U\241B\032\337\354\006-\030:\3540o\336\316\367\373"
  46      1ADFEC06 
  46      2D183AEC 
  46      306FDECE 
  46      F7FB
  47 005b 3EF3C647 		.ascii	">\363\306G =\236\010\242>^\037\361\204$\210\351\035"
  47      203D9E08 
  47      A23E5E1F 
  47      F1842488 
  47      E91D
ARM GAS  /tmp/ccxEIKFo.s 			page 3


  48 006d A2744000 		.ascii	"\242t@\000:P\001PJ \205KQ\021(M\036\026E\353\274\342"
  48      3A500150 
  48      4A20854B 
  48      5111284D 
  48      1E1645EB 
  49 0083 B17F70D4 		.ascii	"\261\177p\324\256\026\034d$QU\270N\204y\264\022\037"
  49      AE161C64 
  49      245155B8 
  49      4E8479B4 
  49      121F
  50 0095 BB7CFDFB 		.ascii	"\273|\375\373 (\273\240\343w\233\245\335\246\320{\265"
  50      2028BBA0 
  50      E3779BA5 
  50      DDA6D07B 
  50      B5
  51 00a6 AF94537E 		.ascii	"\257\224S~\331\234V\245tKF\002\013\2205\231\016I\037"
  51      D99C56A5 
  51      744B4602 
  51      0B903599 
  51      0E491F
  52 00b9 FDF2B390 		.ascii	"\375\362\263\220\207\354qe\337\213\253y\177M\266\327"
  52      87EC7165 
  52      DF8BAB79 
  52      7F4DB6D7 
  53 00c9 EBE45440 		.ascii	"\353\344T@\213\226\356DK5\321\217\374\337\231\240\177"
  53      8B96EE44 
  53      4B35D18F 
  53      FCDF99A0 
  53      7F
  54 00da 4223B560 		.ascii	"B#\265`\031!,\"\344\001a\005~}\305l\277\243\252\325"
  54      19212C22 
  54      E4016105 
  54      7E7DC56C 
  54      BFA3AAD5 
  55 00ee 71E56CFA 		.ascii	"q\345l\372\263_O\003>\2423\376\255/w.\204^\345!\306"
  55      B35F4F03 
  55      3EA233FE 
  55      AD2F772E 
  55      845EE521 
  56 0103 AE277FCD 		.ascii	"\256'\177\315vj\005[\276\311\224v\033.DF\012\027\245"
  56      766A055B 
  56      BEC99476 
  56      1B2E4446 
  56      0A17A5
  57 0116 583CF9D6 		.ascii	"X<\371\326\220\252\250WJ=\344\334\024\327\325\351\343"
  57      90AAA857 
  57      4A3DE4DC 
  57      14D7D5E9 
  57      E3
  58 0127 EDF2D683 		.ascii	"\355\362\326\2039\274M+7/\261\312]\372\200\307\\8\213"
  58      39BC4D2B 
  58      372FB1CA 
  58      5DFA80C7 
  58      5C388B
  59 013a 39FCEBE3 		.ascii	"9\374\353\343\253\343\343\233\222\250\347\003\344\331"
  59      ABE3E39B 
  59      92A8E703 
ARM GAS  /tmp/ccxEIKFo.s 			page 4


  59      E4D9
  60 0148 27A77D74 		.ascii	"'\247}t\367\256\377\224\033=\215\352\326F\037\331\232"
  60      F7AEFF94 
  60      1B3D8DEA 
  60      D6461FD9 
  60      9A
  61 0159 2BAC2145 		.ascii	"+\254!E.\365\325-\365=LQ\037\263p\213\371\311\303\274"
  61      2EF5D52D 
  61      F53D4C51 
  61      1FB3708B 
  61      F9C9C3BC 
  62 016d C725EB73 		.ascii	"\307%\353s}\376\037\327\272\307\265\301\\\307\030s*"
  62      7DFE1FD7 
  62      BAC7B5C1 
  62      5CC71873 
  62      2A
  63 017e BD9ACA7D 		.ascii	"\275\232\312}\2513\356\"7\231i:\302a\303\373\236Fc\221"
  63      A933EE22 
  63      3799693A 
  63      C261C3FB 
  63      9E466391 
  64 0192 D8B3E76D 		.ascii	"\330\263\347m\375\003F\"iX\211x<1\314\321P,b$G-\303"
  64      FD034622 
  64      69588978 
  64      3C31CCD1 
  64      502C6224 
  65 01a9 8AC6EDB8 		.ascii	"\212\306\355\270\225\030\265\303\0265\232f\324\036\034"
  65      9518B5C3 
  65      16359A66 
  65      D41E1C
  66 01b8 31EDE117 		.ascii	"1\355\341\027\246\031\254m\"\203I\3334o\000}\200\357"
  66      A619AC6D 
  66      228349DB 
  66      346F007D 
  66      80EF
  67 01ca 60       		.ascii	"`"
  68              		.text
  69              		.section	.gnu.lto_chCoreAllocAlignedI.b238ec90ba4dd81c,"",%progbits
  70 0000 789C9553 		.ascii	"x\234\225S\317KTQ\024>\347\336\367\346M3\3168*m\302"
  70      CF4B5451 
  70      143EE7DE 
  70      F7E64D33 
  70      CE382A6D 
  71 0015 851B11A1 		.ascii	"\205\033\021\241f6F-\242E\376\001\201\365\017\3440\344"
  71      6636462D 
  71      A245FE01 
  71      81F50FE4 
  71      30E4
  72 0027 80E388EE 		.ascii	"\200\343\210\356\332x\30773\346\316\215\222a\211E\250"
  72      DA78C737 
  72      33E6CE8D 
  72      92618945 
  72      A8
  73 0038 A9A9FD96 		.ascii	"\251\251\375\226\020\207\020\011\262\242\302\220\"P"
  73      10871009 
  73      B2A2C290 
  73      2250
ARM GAS  /tmp/ccxEIKFo.s 			page 5


  74 0046 034B71E1 		.ascii	"\003Kq\341H\226\220:\235s\3370\230\270\3512s\336\275"
  74      4896903A 
  74      9D73DF30 
  74      98B8E932 
  74      73DEBD
  75 0059 DF3BDFB9 		.ascii	"\337;\337\271\337w\356}\006 \360X\223\000\265\364<M"
  75      DF77EE7D 
  75      0620F058 
  75      9300B5F4 
  75      3C4D
  76 006b 7F340145 		.ascii	"\1774\001E\327[\200\204[\010\343\207\005\312#\207\346"
  76      D75B8084 
  76      5B08E387 
  76      05CA2387 
  76      E6
  77 007c 00549144 		.ascii	"\000T\221D\303\301\015D\236(7B\233\220\006\266\341\266"
  77      C3C10D44 
  77      9E283742 
  77      9B9006B6 
  77      E1B6
  78 008e D813F83E 		.ascii	"\330\023\370>9\321'\177\212\224\0044h\231}s\363\233"
  78      39D1277F 
  78      8A940434 
  78      68997D73 
  78      F39B
  79 00a0 9F978815 		.ascii	"\237\227\210\025\374v\375{\322[=\250T\273ZJ\375>\333"
  79      FC76FD7B 
  79      D25B3DA8 
  79      54BB5A4A 
  79      FD3EDB
  80 00b3 3B943152 		.ascii	";\2241RR@N\000\016a9\016b9o>\214\325\224{'\261\360\332"
  80      52404E00 
  80      0E61390E 
  80      62396F3E 
  80      8CD5947B 
  81 00cb 27CF20D0 		.ascii	"'\317 \320\274clz\315_u\217y\252;\242\216\245\244\304"
  81      BC636C7A 
  81      CD5F758F 
  81      79AA3BA2 
  81      8EA5A4C4 
  82 00df FB280FF2 		.ascii	"\373(\017\362\010\002\034\301*\312\356\372\263\267d"
  82      08021CC1 
  82      2ACAEEFA 
  82      B3B764
  83 00ee C9739A69 		.ascii	"\311s\232i\017|\2361\362\314\217\232i\340\350a\246\001"
  83      0F7C9E31 
  83      F2CC8F9A 
  83      69E0E861 
  83      A601
  84 0100 3886559C 		.ascii	"8\206U\234>\237\351\034\367\310\013\232\272\377am\323"
  84      3E9FE91C 
  84      F7C80B9A 
  84      BAFF616D 
  84      D3
  85 0111 ACBCCBD4 		.ascii	"\254\274\313\324\314\213\016\177\257\312$+R\322\304"
  85      CC8B0E7F 
  85      AFCA242B 
ARM GAS  /tmp/ccxEIKFo.s 			page 6


  85      52D2C4
  86 0120 07FFD279 		.ascii	"\007\377\322yP\366\312\344~\267\317\225T4*p\034+;\251"
  86      50F6CAE4 
  86      7EB7CF95 
  86      54342A70 
  86      1C2B3BA9 
  87 0134 9D944676 		.ascii	"\235\224Fv&\320E\035F\006\307\3532*\227\263Uf\312\332"
  87      26D0451D 
  87      4606C7EB 
  87      322A97B3 
  87      5566CADA 
  88 0148 D9D9771F 		.ascii	"\331\331w\037G\332\\Pohw\352'\2517Y\215\213\203\305"
  88      47DA5C50 
  88      6F6877EA 
  88      27A93759 
  88      8D8B83C5 
  89 015c C1AD2D79 		.ascii	"\301\255-yhjzy]\304\301\307\301\317\241\030\270h\200"
  89      686A7A79 
  89      5DC4C1C7 
  89      C1CFA118 
  89      B86880
  90 016f 5F97F0BA 		.ascii	"_\227\360\272\224C\031/\0016io>\240\254\020\374\224"
  90      9443192F 
  90      0136696F 
  90      3EA0AC10 
  90      FC94
  91 0181 AB68F7A4 		.ascii	"\253h\367\244?\335\256a9\2664m)m\362\315\250\313\201"
  91      3FDDAE61 
  91      39B6346D 
  91      296DF2CD 
  91      A8CB81
  92 0194 18251F5F 		.ascii	"\030%\037__\015\217\350\00340G\243\030'\311\343*\266"
  92      5F0D8FE8 
  92      03343047 
  92      A31827C9 
  92      E32AB6
  93 01a7 2FE6D32C 		.ascii	"/\346\323,b2m7=\213\016\342\326\\\013VPh\257\244\230"
  93      62326D37 
  93      3D8B0EE2 
  93      D65C0B56 
  93      5068AFA4 
  94 01bc 40E6F464 		.ascii	"@\346\364d\267\007L'\311C\245{R/\337Y\\\332\245\373"
  94      B7074C27 
  94      C943A57B 
  94      522FDF59 
  94      5CDAA5FB 
  95 01d0 3B35B5F1 		.ascii	";5\265\361\305j\333S\327\225\012\020\326)Q7r}~a\326"
  95      C56ADB53 
  95      D7950A10 
  95      D6295137 
  95      727D7E61 
  96 01e5 D38FB712 		.ascii	"\323\217\267\022J\343&>\242\273\365\220\033\215\217"
  96      4AE3263E 
  96      A2BBF590 
  96      1B8D8F
  97 01f4 B11FB9EE 		.ascii	"\261\037\271\356\226\345\024\365R\335\203\026\212\264"
  97      96E514F5 
ARM GAS  /tmp/ccxEIKFo.s 			page 7


  97      52DD8316 
  97      8AB4
  98 0202 2BEF41C8 		.ascii	"+\357A\310Gh\336\202\275\233\307\374\332\205OW\3528"
  98      4768DE82 
  98      BD9BC7FC 
  98      DA854F57 
  98      EA38
  99 0214 E960C504 		.ascii	"\351`\305\004\027\034PS\011q\034\374JH'#p\224dq\264"
  99      171C5053 
  99      09711CFC 
  99      4A482723 
  99      70946471 
 100 0229 E42705C9 		.ascii	"\344'\005\311O\017I.\241B\254\345FzW8H\251\006\375\260"
 100      4F0F492E 
 100      A142ACE5 
 100      467A5738 
 100      48A906FD 
 101 023e 8CC945FB 		.ascii	"\214\311E\373D\241\245\245\372be\205\004\372\360\370"
 101      44A1A5A5 
 101      FA626585 
 101      04FAF0F8 
 102 024e F4FAD273 		.ascii	"\364\372\322s\375\347\235\327eZ\257\323\342e\037c\377"
 102      FDE79DD7 
 102      655AAFD3 
 102      E2651F63 
 102      FF
 103 025f D1CE6705 		.ascii	"\321\316g\005m\317I\033\025\323\333\030\372\222\254"
 103      6DCF491B 
 103      15D3DB18 
 103      FA92AC
 104 026e 637B006C 		.ascii	"c{\000lf\302\026\"\006\313\305\306t3m&Gg\032\350F!'"
 104      66C21622 
 104      06CBC5C6 
 104      74336D26 
 104      47671AE8 
 105 0285 91E59A60 		.ascii	"\221\345\232`0\344\374j\033\242\365\321\213\227N\325"
 105      30E4FC6A 
 105      1BA2F5D1 
 105      8B974ED5 
 106 0295 5D0EC55B 		.ascii	"]\016\305[C\341x,\026o\242Yc\264>\324\332\022\016\205"
 106      43E1782C 
 106      166FA259 
 106      63B43ED4 
 106      DA120E85 
 107 02a9 1B629158 		.ascii	"\033b\221X8\336\022\011\206\301h\215^\213\230W\032\243"
 107      38DE1209 
 107      86C1688D 
 107      5E8B9857 
 107      1AA3
 108 02bb 579BB0F9 		.ascii	"W\233\260\371/F\342L\236"
 108      2F46E24C 
 108      9E
 109              		.text
 110              		.section	.gnu.lto_chCoreAllocAligned.b238ec90ba4dd81c,"",%progbits
 111 0000 789C9554 		.ascii	"x\234\225T_L\233U\024\277\347\273_\377BK\307H\214\206"
 111      5F4C9B55 
 111      14BFE7BB 
ARM GAS  /tmp/ccxEIKFo.s 			page 8


 111      5FFF424B 
 111      C7488C86 
 112 0014 87F240C8 		.ascii	"\207\362@\310\314\244>\314L\223\305D\361\305\007b\002"
 112      CCA43ECC 
 112      4C93C544 
 112      F1C50762 
 112      02
 113 0025 FABC406D 		.ascii	"\372\274@mF\023JI\313\226\315\027>hK\207\361a\361\017"
 113      46134A49 
 113      CB96CD17 
 113      3E684B87 
 113      F161F10F 
 114 0039 82411B34 		.ascii	"\202A\0334\023\306\306\330:qc\014\350\030\342\006\014"
 114      13C6C6D8 
 114      3A71630C 
 114      E818E206 
 114      0C
 115 004a 64198638 		.ascii	"d\031\2068\227\360G\307`$\002qJ\"P\317\271\337W\306"
 115      97F047C7 
 115      60240271 
 115      4A2250CF 
 115      B9DF57C6 
 116 005e 5A86F1E6 		.ascii	"Z\206\361\346\353\355\275\347\236\337\271\347\337\375"
 116      EBEDBDE7 
 116      9EDFB9E7 
 116      DFFD
 117 006c C90C188D 		.ascii	"\311\014\030\215\032\003cz\\\276\202k\3201\220N\215"
 117      1A03637A 
 117      5CBE826B 
 117      D031904E 
 117      8D
 118 007d A1D02849 		.ascii	"\241\320(I\362C\003S\314\274m\2101%\235\203\254\312"
 118      F2430353 
 118      CCBC6D88 
 118      31259D83 
 118      ACCA
 119 008f 65005A28 		.ascii	"e\000Z(F`\325\022\227\241\032\036K\033\022L\004/4\363"
 119      4660D512 
 119      97A11A1E 
 119      4B1B124C 
 119      042F34F3 
 120 00a3 3FA51067 		.ascii	"?\245\020g \343v\345\366\027sV\332\002\330\351tq>\230"
 120      20E376E5 
 120      F6177356 
 120      DA02D8E9 
 120      74713E98 
 121 00b7 B6AF5551 		.ascii	"\266\257UQj\225\351\323\337\276\326\324\026\223C\\b"
 121      6A95E9D3 
 121      DFBED6D4 
 121      1693435C 
 121      62
 122 00c8 7189411B 		.ascii	"q\211A\033dC+d\323\345g`\037\352~]39b\341\007\201\341"
 122      64432B64 
 122      D3E56760 
 122      1FEA7E5D 
 122      333962E1 
 123 00df 3ADCD1BB 		.ascii	":\334\321\273`\315;M8\345\023\227b\012q\016\355\300"
ARM GAS  /tmp/ccxEIKFo.s 			page 9


 123      60CD3B4D 
 123      38E51397 
 123      620A710E 
 123      EDC0
 124 00f1 B7E350C4 		.ascii	"\267\343P\304\340,\344\241\366\251\1776\246\015\374"
 124      E02CE4A1 
 124      F6A97F36 
 124      A60DFC
 125 0100 9040065A 		.ascii	"\220@\006Z~\351\2275\344\204@\312p.\031)3\350\200<R"
 125      7EE99735 
 125      E48440CA 
 125      702E1929 
 125      33E8803C 
 126 0115 1F8DD577 		.ascii	"\037\215\325w\232\371\233\002\372\353\311\315\313r\356"
 126      9AF99B02 
 126      FAEBC9CD 
 126      CB72EE
 127 0124 37048D75 		.ascii	"7\004\215u\015\2477)\261\240\035\275\205\363O\303i\240"
 127      0DA73729 
 127      B1A01DBD 
 127      85F34FC3 
 127      69A0
 128 0136 F6ECC5CD 		.ascii	"\366\354\305\315\317,\372\240\202\303\016\235\220KA"
 128      CF2CFAA0 
 128      82C30E9D 
 128      904B41
 129 0145 612C1780 		.ascii	"a,\027\200rJ\231ix\270\266i\320\314]\032\346\232\271"
 129      724A9969 
 129      78B8B669 
 129      D0CC5D1A 
 129      E69AB9
 130 0158 943868C0 		.ascii	"\2248h\300E\310E\304\346\235\205e\235\206\350\011[5"
 130      45C845C4 
 130      E69D8565 
 130      9D86E809 
 130      5B35
 131 016a 846E2707 		.ascii	"\204n'\007 \012\271\235E1%\036\017\240u\363\037W\332"
 131      200AB99D 
 131      4531251E 
 131      0FA075F3 
 131      1F57DA
 132 017d 4DCF61CE 		.ascii	"M\317a\3161\037X'\214MOQ\032h2\322d\022W\230q\251K\243"
 132      311F5827 
 132      8C4D4F51 
 132      1A6832D2 
 132      64125798 
 133 0195 7D3A4D16 		.ascii	"}:M\026\232\2544e\010{6:\336C\373L\232\366\3226\213"
 133      9AAC3465 
 133      087B363A 
 133      DE43FB4C 
 133      9AF6D236 
 134 01aa 51BDD832 		.ascii	"Q\275\3302\376\250\372+\222D\377|\026jm\224\204\371"
 134      FEA8FA2B 
 134      9244FF7C 
 134      166A6D94 
 134      84F9
 135 01bc 6BE1BBC0 		.ascii	"k\341\273\300\337\022\351\353\352\233j4\253\336Ow\325"
ARM GAS  /tmp/ccxEIKFo.s 			page 10


 135      DF12E9EB 
 135      EA9B6A34 
 135      ABDE4F77 
 135      D5
 136 01cd BDD734F5 		.ascii	"\275\3274\365\233\242|\254@\210\353\341\322\016\001"
 136      9BA27CAC 
 136      4088EBE1 
 136      D20E01
 137 01dc 7C27420E 		.ascii	"|'B\016/(\2752\365\213\036\354\320\205g\363P;\373\371"
 137      2F28BD32 
 137      F58B1EEC 
 137      D08567F3 
 137      503BFBF9 
 138 01f0 87A3079E 		.ascii	"\207\243\007\236\316p\254~L\022\271\215K\220\224\374"
 138      CE70AC7E 
 138      4C12B98D 
 138      4B9094FC 
 139 0200 584BF31A 		.ascii	"XK\363\032\265\357\367t(%\037.|t\025\236\247\273\030"
 139      B5EFF774 
 139      28251F2E 
 139      7C74159E 
 139      A7BB18
 140 0213 5C26059E 		.ascii	"\\&\005\236\\:\006W@\217\356tS\335\200=\002\352\304"
 140      5C3A0657 
 140      408FEE74 
 140      53DD803D 
 140      02EAC4
 141 0226 4874CD9C 		.ascii	"Ht\315\234\263\016\021\245\021\363o H\307\\\217b\224"
 141      B30E11A5 
 141      11F36F20 
 141      48C75C8F 
 141      6294
 142 0238 310B7015 		.ascii	"1\013p\025rD\375\227\227\356\336\223P\002= \013\317"
 142      7244FD97 
 142      97EEDE93 
 142      50023D20 
 142      0BCF
 143 024a 195C134F 		.ascii	"\031\\\023O\240\255\357\306\357\3519q\015m$\335\325"
 143      A0ADEFC6 
 143      EFE93971 
 143      0D6D24DD 
 143      D5
 144 025b F3D1C934 		.ascii	"\363\321\3114\201\356%4\364\201\314fA\022I`\270\252"
 144      81EE2534 
 144      F481CC66 
 144      41124960 
 144      B8AA
 145 026d 9D0EB682 		.ascii	"\235\016\266\202h\035\254R\000\033\033\017i\213\320"
 145      681DAC52 
 145      001B1B0F 
 145      698BD0
 146 027c 5B73038F 		.ascii	"[s\003\217\244\224.J\351i\221\322~\002\313\354\001\004"
 146      A4942E4A 
 146      E96991D2 
 146      7E02CBEC 
 146      0104
 147 028e 1AEA7EFE 		.ascii	"\032\352~\376*)\205\312\337\237\352H\203\256\320R)\247"
ARM GAS  /tmp/ccxEIKFo.s 			page 11


 147      2A2985CA 
 147      DF9FEA48 
 147      83AED052 
 147      29A7
 148 02a0 F47194CE 		.ascii	"\364q\224\316b\"!\327A\037\340\370\361\355&U\251\001"
 148      622221D7 
 148      411FE0F8 
 148      F1ED2655 
 148      A901
 149 02b2 0F1079FF 		.ascii	"\017\020y\377\346\231\263\342\351\313\020\307\221\001"
 149      E699B3E2 
 149      E9CB10C7 
 149      9101
 150 02c0 03E8C803 		.ascii	"\003\350\310\003\250\235\322\253jF\015\271^7\010\252"
 150      A89DD2AB 
 150      6A460DB9 
 150      5E3708AA 
 151 02d0 C424B046 		.ascii	"\304$\260F\021\336\365D\264&\3024\254<n\321\251Jfz;"
 151      11DEF544 
 151      B426C234 
 151      AC3C6ED1 
 151      A94A667A 
 152 02e5 A1817103 		.ascii	"\241\201q\003\2316\211rww/\3353To('\025\305\206\262"
 152      99368972 
 152      77772FDD 
 152      33546F28 
 152      2715C586 
 153 02fa 7AAE3EC1 		.ascii	"z\256>\301\305\321\311As\004\276\254Q\204\\\007\203"
 153      C5D1C941 
 153      7304BEAC 
 153      51845C07 
 153      83
 154 030b C84A3744 		.ascii	"\310J7D)~\200\010\220\335U\203j4\015\355\212(4\337\322"
 154      297E8008 
 154      90DD5583 
 154      6A340DED 
 154      8A2834DF 
 155 0320 D137946E 		.ascii	"\3217\224n\027YP\252\205\020X\327dV\021\205EX\012\357"
 155      175950AA 
 155      851058D7 
 155      64561185 
 155      45580AEF 
 156 0334 57651928 		.ascii	"We\031(\336\212 J\021d\250\021\374U\303U\015\333N.\303"
 156      DE8A204A 
 156      1164A811 
 156      FC55C355 
 156      0DDB4E2E 
 157 0349 CE2E0F6D 		.ascii	"\316.\017m\271\374c\222\313{\320\020\371\322X\267.\251"
 157      B9FC6392 
 157      CB7BD010 
 157      F9D258B7 
 157      2EA9
 158 035b 924C21B4 		.ascii	"\222L!\264\262\031\010N\005^\330Ji\246\250\376\012\366"
 158      B219084E 
 158      055ED84A 
 158      69A6A8FE 
 158      0AF6
ARM GAS  /tmp/ccxEIKFo.s 			page 12


 159 036d 36523647 		.ascii	"6R6GDs\335P\344u\365x\257\360WM\361\214\205d\377#\235"
 159      4473DD50 
 159      E475F578 
 159      AFF0574D 
 159      F18C8564 
 160 0384 37B77CBB 		.ascii	"7\267|\273\205\276\2411q\215\234`\200X\317\260\224h"
 160      85BEA131 
 160      718D9C60 
 160      8058CFB0 
 160      9468
 161 0396 5A966859 		.ascii	"Z\226hYj\261'\233\350\366M\247\326\354\266T\266\360"
 161      6AB1279B 
 161      E8F64DA7 
 161      D6ECB654 
 161      B6F0
 162 03a8 FC175B0C 		.ascii	"\374\027[\014\013\266\330j\013z\253#\273\260\305x\202"
 162      0BB6D86A 
 162      0B7AAB23 
 162      BBB0C578 
 162      82
 163 03b9 2D74A9EF 		.ascii	"-t\251\357}\224\332;\205C\"(\205\333\004\321\247r\310"
 163      7D94DA3B 
 163      85432228 
 163      85DB04D1 
 163      A772C8
 164 03cc 7DE49061 		.ascii	"}\344\220az\032c\317\340\220q\361d~\332\306!\233\221"
 164      7A1A63CF 
 164      E09071F1 
 164      647EDAC6 
 164      219B91
 165 03df 99BEB404 		.ascii	"\231\276\264\004=\214\210$N\010zH\346\202;\011.\240"
 165      3D8C8824 
 165      4E087A48 
 165      E6823B09 
 165      2EA0
 166 03f1 0BD82272 		.ascii	"\013\330\"rA\250}B\220A\200ga\350\253\220\005\371\331"
 166      41A87D42 
 166      90418067 
 166      61E8AB90 
 166      05F9D9
 167 0404 D2526F25 		.ascii	"\322Ro%\226\222\237\353/C2\006*\001\2328\220\237\357"
 167      96929FEB 
 167      2F433206 
 167      2A019A38 
 167      909FEF
 168 0417 50BF8232 		.ascii	"P\277\2022w\251\373\235\342\227\212\336ux\375\016\247"
 168      77A9FB9D 
 168      E2978ADE 
 168      7578FD0E 
 168      A7
 169 0428 D7E3F156 		.ascii	"\327\343\361V\340\252\334]\352\360\373\234\016g\231"
 169      E0AADC5D 
 169      EAF0FB9C 
 169      0E6799
 170 0437 C7E5717A 		.ascii	"\307\345qz}\256|'\223\375\356\017\\\272\222r\367\221"
 170      7DAE7C27 
 170      93FDEE0F 
ARM GAS  /tmp/ccxEIKFo.s 			page 13


 170      5CBA9272 
 170      F791
 171 0449 0AA8D41D 		.ascii	"\012\250\324\035+)?\352zuw;\225^_\225\337\361FQaA\341"
 171      2B293FEA 
 171      7A75773B 
 171      955E5F95 
 171      DFF14651 
 172 0460 71344576 		.ascii	"q4Ev\016\037;\350\311/c\207v\007\272\216W9\012\012\213"
 172      0E1F3BE8 
 172      C92F6387 
 172      7607BA8E 
 172      57390A0A 
 173 0475 DF2E76B8 		.ascii	"\337.v\270+\234\345G\337w9\234\036\277\333\177\370\210"
 173      2B9CE547 
 173      DF77399C 
 173      1EBFDB7F 
 173      F888
 174 0487 D389E017 		.ascii	"\323\211\340\027\237\001\366U=Q/\363\237\360\243\252"
 174      9F01F655 
 174      3D512FF3 
 174      9FF0A3AA 
 175 0497 ADB0B8C8 		.ascii	"\255\260\270\310^Z\342wU\372\334\373\355\271/3\311\307"
 175      5E5AE277 
 175      55FADCFB 
 175      EDB92F33 
 175      C9C7
 176 04a9 0C1892D7 		.ascii	"\014\030\222\327w\202\375\013\257=\272\300"
 176      7782FD0B 
 176      AF3DBAC0 
 177              		.text
 178              		.section	.gnu.lto_chCoreGetStatusX.b238ec90ba4dd81c,"",%progbits
 179 0000 789C6D91 		.ascii	"x\234m\221=K\003A\020\206gv\357rAP\354M\221\306\"\205"
 179      3D4B0341 
 179      10866776 
 179      EF724150 
 179      EC4D91C6 
 180 0016 390BB117 		.ascii	"9\013\261\027\033;!\372\013r\004\022\360<H~@6\271\034"
 180      1B3B21FA 
 180      0B720412 
 180      F03C487E 
 180      4036B91C 
 181 002a 9A4E0B83 		.ascii	"\232N\013\203\370A M\374L\264L\245\210v~\240h%\210("
 181      F841204D 
 181      FC4CB44C 
 181      A588767E 
 181      A0682588 
 182 003f 58048B44 		.ascii	"X\004\213D\264\214q&\027,\304\345vg\336\271\341\231"
 182      B48C7126 
 182      172CC4E5 
 182      7667DEB9 
 182      E199
 183 0051 77EF3440 		.ascii	"w\3574@\340U\2410Iq\2046J@\261r\015\220\013\012DNT\020"
 183      E055A130 
 183      49718436 
 183      4A40B172 
 183      0D900B0A 
 184 0069 212B308B 		.ascii	"!+0\213_\242#\360\266p\264%?\205Gm\032\311\366\325\306"
ARM GAS  /tmp/ccxEIKFo.s 			page 14


 184      5FA223F0 
 184      B670B425 
 184      3F85476D 
 184      1AC9F6D5 
 185 007e EB104BC4 		.ascii	"\353\020K\3040\311MuW4\"U\245\362\352\371\2426\265\352"
 185      30C94D75 
 185      57342255 
 185      A5F2EAF9 
 185      A236B5EA 
 186 0092 7A339E14 		.ascii	"z3\236\024\320\025\200;\030\302*\206x\304.F\200\232"
 186      D015803B 
 186      18C22A86 
 186      78C42E46 
 186      809A
 187 00a4 5F8EBFD7 		.ascii	"_\216\277\327\006\003\005E+\314-\364f\017\003l\251\036"
 187      06030545 
 187      2BCC2DF4 
 187      660F036C 
 187      A91E
 188 00b6 3B55DDAE 		.ascii	";U\335\256\253Tw\374d4(\300\223R\322\241i\234\351\234"
 188      AB5477FC 
 188      643428C0 
 188      9352D2A1 
 188      699CE99C 
 189 00ca 05F83080 		.ascii	"\005\3700\200\341\320\242\315F\333Bp\224o\230/\265\237"
 189      E1D0A2CD 
 189      46DB4270 
 189      946F982F 
 189      B59F
 190 00dc 2A06D35C 		.ascii	"*\006\323\\\311\246K\336\331\215\301.u\344\301\215\306"
 190      C9A64BDE 
 190      D98DC12E 
 190      75E4C18D 
 190      C6
 191 00ed FBA391ED 		.ascii	"\373\243\221\355\250e\245\206\251V\2244\222\312\315"
 191      A865A586 
 191      A9569434 
 191      92CACD
 192 00fc CB87F381 		.ascii	"\313\207\363\2012n\347T\257.\361\200.\275\317\226\361"
 192      326EE754 
 192      AF2EF180 
 192      2EBDCF96 
 192      F1
 193 010d 10CB08C4 		.ascii	"\020\313\010\304\375\350C%qY\227\320\327\332\177T\374"
 193      FDE84325 
 193      715997D0 
 193      D7DA7F54 
 193      FC
 194 011e 9F5AFBA5 		.ascii	"\237Z\373\245\326\377Pu\002\221v\327\003\276\366\007"
 194      D6FF5075 
 194      029176D7 
 194      03BEF607 
 195 012e E9BD96A5 		.ascii	"\351\275\226\245\373\376(\203\352\320D\321W\374\377"
 195      FBFE2883 
 195      EAD044D1 
 195      57FCFF
 196 013d 5A02F9E2 		.ascii	"Z\002\371\342\364\031&\242Q\323\177\246\223\251xjvn"
ARM GAS  /tmp/ccxEIKFo.s 			page 15


 196      F41926A2 
 196      51D37FA6 
 196      93A9786A 
 196      766E
 197 014f 2C366F3A 		.ascii	",6o:\031\323rl\333Y\244l!\02573i\313\264\222v\302\266"
 197      19D3726C 
 197      DB59A46C 
 197      21153733 
 197      69CBB492 
 198 0166 9C74226A 		.ascii	"\234t\"j\301\017-\272\227\273"
 198      C10F2DBA 
 198      97BB
 199              		.text
 200              		.section	.gnu.lto_.symbol_nodes.b238ec90ba4dd81c,"",%progbits
 201 0000 789C55CB 		.ascii	"x\234U\313\311\015\2000\020C\321\357\011\323\000\025"
 201      C90D8030 
 201      1043D1EF 
 201      09D30015 
 202 0010 407FF430 		.ascii	"@\177\3640)\201z(\202r\302.\021\304)\276Xz\262;\304"
 202      29817A28 
 202      8272C22E 
 202      11C429BE 
 202      587AB23B 
 203 0025 448DED0A 		.ascii	"D\215\355\012\230W\250\265\344\021\274\210\334C\362"
 203      9857A8B5 
 203      E411BC88 
 203      DC43F2
 204 0034 5B1AEAC4 		.ascii	"[\032\352\3047\331\017\217\322\007v(\324|\354TX+\227"
 204      37D90F8F 
 204      D2077628 
 204      D47CEC54 
 204      582B97
 205 0047 2235C20B 		.ascii	"\"5\302\013>Z\030\264"
 205      3E5A18B4 
 206              		.text
 207              		.section	.gnu.lto_.refs.b238ec90ba4dd81c,"",%progbits
 208 0000 789C05C1 		.ascii	"x\234\005\301\261\021\2000\020\003\301;\351\261\003"
 208      B1118030 
 208      1003C13B 
 208      E9B103
 209 000f 86C40955 		.ascii	"\206\304\011U\320\177{\354\016\362\001\203\232h\223"
 209      D07F7BEC 
 209      0EF20183 
 209      9A6893
 210 001e 492F5CF4 		.ascii	"I/\\\364\321\323\2057=\372fS\261\374\026s\000\324"
 210      D1D38537 
 210      3DFA6653 
 210      B1FC1673 
 210      00D4
 211              		.text
 212              		.section	.gnu.lto_.decls.b238ec90ba4dd81c,"",%progbits
 213 0000 789C8556 		.ascii	"x\234\205VkP\024W\026\356\323=a`^Z\023v\313\037\263"
 213      6B501457 
 213      16EED33D 
 213      61605E5A 
 213      1376CB1F 
 214 0015 5B949594 		.ascii	"[\224\225\224\326V9\023\243I\334\252\374\210\313\346"
ARM GAS  /tmp/ccxEIKFo.s 			page 16


 214      D6563913 
 214      A349DCAA 
 214      FC88CBE6 
 215 0025 6125C694 		.ascii	"a%\306\224\204\324V\355Vu\015\303$3\025f\260\230a\215"
 215      84D456ED 
 215      56750DC3 
 215      24331566 
 215      B098618D 
 216 0039 F9934605 		.ascii	"\371\223F\005Y4Y\360A\302+\031\361\021@\020\024\022"
 216      593459F0 
 216      41C22B19 
 216      F1114010 
 216      1412
 217 004b D0489C90 		.ascii	"\320H\234\220\360\024\025\314\372\300\307B\0245\276"
 217      F01415CC 
 217      FAC0C742 
 217      1435BE
 218 005a 02CCE022 		.ascii	"\002\314\340\" f\317\275\267g\272Q0]sz\356\275}\316"
 218      2066CFBD 
 218      B767BA51 
 218      305D737A 
 218      EEBD7DCE 
 219 006e F77DF79C 		.ascii	"\367}\367\234{o\267\206\003\216\\\036=\307\245\360\034"
 219      7B6FB786 
 219      038E5C1E 
 219      3DC7A5F0 
 219      1C
 220 007f 978BDD5F 		.ascii	"\227\213\335_\361z\002\307\336\341\224K\203V\203\326"
 220      F17A02C7 
 220      DEE1944B 
 220      835683D6 
 221 008f 887608ED 		.ascii	"\210v\010\355\210<\326\216\326\205\326\215v\202\233"
 221      883CD68E 
 221      D685D68D 
 221      76829B
 222 009e 7E11FF08 		.ascii	"~\021\377\010N'\332I\2646\264\036\3719\310>\277\205"
 222      4E27DA49 
 222      B436B41E 
 222      F939C83E 
 222      BF85
 223 00b0 4338B568 		.ascii	"C8\265hf\264x\264d\264\006\264U2\336I\025\036\361\025"
 223      66B478B4 
 223      64B406B4 
 223      5532DE49 
 223      151EF115 
 224 00c4 D0FA65CC 		.ascii	"\320\372e\314\356\207\260\210v\335c\260\256\243\335"
 224      EE87B088 
 224      76DD63B0 
 224      AEA3DD
 225 00d3 421B56E1 		.ascii	"B\033V\341j\345\270\020\332(\332\204\314s\037\355\001"
 225      6AE5B810 
 225      DA28DA84 
 225      CC731FED 
 225      01
 226 00e4 1A3F0B17 		.ascii	"\032?\013\027\311Q\214\212\253A\346x\353!\315Gd\214"
 226      C9518C8A 
 226      AB41E678 
ARM GAS  /tmp/ccxEIKFo.s 			page 17


 226      EB21CD47 
 226      648C
 227 00f6 6E19477D 		.ascii	"n\031G}M\361PUp\372\260p\001\372\000}`.\213\002v\007"
 227      4DF15055 
 227      70FAB070 
 227      01FA007D 
 227      602E8B02 
 228 010c 6A1C33DA 		.ascii	"j\0343\332\305\006O\357\2342\004\021Gr\307\033\017\362"
 228      C5064FEF 
 228      9C320411 
 228      4772C71B 
 228      0FF2
 229 011e 181705A3 		.ascii	"\030\027\005\243?9\236\326\237^\024DA\0079\010\242\012"
 229      3F399ED6 
 229      9F5E1444 
 229      41073908 
 229      A20A
 230 0130 E8638E3D 		.ascii	"\350c\216=\217\242\262?^\011P\3411\2712\234\2429:'\210"
 230      8FA2B23F 
 230      5E0950E1 
 230      31B9329C 
 230      A2393A27 
 231 0145 4CFAE681 		.ascii	"L\372\346\201\213;M\002\017\244\335?^\361\212\265Z\302"
 231      8B3B4D02 
 231      0FA4DD3F 
 231      5EF18AB5 
 231      5AC2
 232 0157 2B5F92F8 		.ascii	"+_\222\370?(\231\351\335XW*\214\362`\326\201\006\273"
 232      3F2899E9 
 232      DD58572A 
 232      8CF260D6 
 232      8106BB
 233 016a 23C78BAF 		.ascii	"#\307\213\257\230\260\033\257\203\004\354Nu\226\024"
 233      98B01BAF 
 233      8304EC4E 
 233      759614
 234 0179 F3F30A69 		.ascii	"\363\363\012i\334\006)A\003\357\374\036\366\201\005"
 234      DC062941 
 234      03EFFC1E 
 234      F68105
 235 0188 AAC08244 		.ascii	"\252\300\202D\3250\017\357)\032\206$\205C\177\237\037"
 235      D5300FEF 
 235      291A8624 
 235      85437F9F 
 235      1F
 236 0199 900275D2 		.ascii	"\220\002u\322\300\245\373\206\302\015R\007F%\020'\250"
 236      C0A5FB86 
 236      C20D5207 
 236      46251027 
 236      A8
 237 01aa 00012AC1 		.ascii	"\000\001*\301J\304a\223\374}\011\027Pu\015\314\307\300"
 237      4AC46193 
 237      FC7D0917 
 237      50750DCC 
 237      C7C0
 238 01bc BA53B99D 		.ascii	"\272S\271\235&\341u\252s\177\365d\235NC\252\264JG\220"
 238      26E175AA 
ARM GAS  /tmp/ccxEIKFo.s 			page 18


 238      737FF564 
 238      9D4E43AA 
 238      B44A4790 
 239 01d0 71E85247 		.ascii	"q\350RG\345>\242\020\007H\002\346\340P\355\355C\343"
 239      E53EA210 
 239      074802E6 
 239      E050EDED 
 239      43E3
 240 01e2 4636443C 		.ascii	"F6D<v\217\0175\032\004\221\264\371\300\30757\236\200"
 240      768F0F35 
 240      1A0491B4 
 240      F9C0C735 
 240      379E80
 241 01f5 85BABD44 		.ascii	"\205\272\275D\363@\331\246\177\204\263q\302\320\000"
 241      F340D9A6 
 241      7F84B371 
 241      C2D000
 242 0204 3A38A8A8 		.ascii	":8\250\250XE\326o\256$\255'\3232w\230\270\350\254\240"
 242      5845D66F 
 242      AE24AD27 
 242      D3327798 
 242      B8E8ACA0 
 243 0218 1E16125C 		.ascii	"\036\026\022\\\342\010\007p\260\016\007\221\243\263"
 243      E2080770 
 243      B00E0791 
 243      A3B3
 244 0226 ACA0524B 		.ascii	"\254\240RK\205\021\250Z\240\322v\224\3561\253\263\223"
 244      8511A85A 
 244      A0D27694 
 244      EE31ABB3 
 244      93
 245 0237 6C5065E7 		.ascii	"lPe\347k\232\235\257@NO\353\215\311\002#\346g\200\344"
 245      6B9A9DAF 
 245      404E4FEB 
 245      8DC90223 
 245      E66780E4 
 246 024b 67D8F429 		.ascii	"g\330\364)\315O~\002q\203\375\212\262\375\352\3744\322"
 246      CD4F7E02 
 246      7183FD8A 
 246      B2FDEAFC 
 246      34D2
 247 025d FC84F276 		.ascii	"\374\204\362v\3356\012E@\347Z\326\261\347\242\201\301"
 247      DD360A45 
 247      40E75AD6 
 247      B1E7A281 
 247      C1
 248 026e 040F7619 		.ascii	"\004\017v\031\244\374,Iz\211\2024) Mj\220C\024\244v"
 248      A4FC2C49 
 248      7A898234 
 248      29204D6A 
 248      904314A4 
 249 0283 A4AE442B 		.ascii	"\244\256D+T3\220\233\245E;\215j\341dN\212\362o\246\325"
 249      5433909B 
 249      A5453B8D 
 249      6AE1644E 
 249      8AF26FA6 
 250 0298 F5D3C0E4 		.ascii	"\365\323\300\344\3369\254\260\301\273y\206\")\270\021"
ARM GAS  /tmp/ccxEIKFo.s 			page 19


 250      DE39ACB0 
 250      C1BB7986 
 250      2229B811 
 251 02a8 E3CCC40B 		.ascii	"\343\314\304\013\016+\234\207\325\234G(\347\315\315"
 251      0E2B9C87 
 251      D59C4728 
 251      E7CDCD
 252 02b7 77EB79A1 		.ascii	"w\353y\241\231q\326f\017V\306b\315,XFP\325\320\302j"
 252      9971D666 
 252      0F56C662 
 252      CD2C5846 
 252      50D5D0C2 
 253 02cc D8100CD7 		.ascii	"\330\020\014\327h\204V\352\313\367\326\367\265\306E"
 253      688456EA 
 253      CBF7D6F7 
 253      B5C645
 254 02db 8B78F4C4 		.ascii	"\213x\364\304\037\233$i.\264\240\310\240Bh\211\326p"
 254      1F9B2469 
 254      2EB4A0C8 
 254      A0426889 
 254      D670
 255 02ed B85C8A99 		.ascii	"\270\\\212\231\307\301\022\013<\203\005\374\016\013"
 255      C7C1120B 
 255      3C8305FC 
 255      0E0B
 256 02fb 68910B78 		.ascii	"h\221\013x\024\347\364-+`\345\027\025?\030\205)Fpg\373"
 256      14E7F42D 
 256      2B60E517 
 256      153F1885 
 256      29467067 
 257 0310 AD5C214A 		.ascii	"\255\\!JP\262\325\262\217\020\264\"\301\367\012\001"
 257      50B2D5B2 
 257      8F10B422 
 257      C1F70A01 
 258 0320 F2CDCCF0 		.ascii	"\362\315\314\360\303\314\014\333\177n\2173\344)\213"
 258      C3CC0CDB 
 258      7F6E8F33 
 258      E4298B
 259 032f 8AE22959 		.ascii	"\212\342)Ym\003\203\274\347\212o\224?0<\275K\222\312"
 259      6D0383BC 
 259      E78A6F94 
 259      3F303CBD 
 259      4B92CA
 260 0342 C956797D 		.ascii	"\311Vy}\353\006\3515\362\024\232\031\267*\246\231$\025"
 260      EB06E935 
 260      F2149A19 
 260      B72AA699 
 260      2415
 261 0354 DAE1698C 		.ascii	"\332\341i\214:;\330p\000\204\012\266\237\217my\020\342"
 261      3A3BD870 
 261      00840AB6 
 261      9F8F6D79 
 261      10E2
 262 0366 CDF9F286 		.ascii	"\315\371\362\206~\011\010\027=\001:\301\034\335\333"
 262      7E090817 
 262      3D013AC1 
 262      1CDDDB
ARM GAS  /tmp/ccxEIKFo.s 			page 20


 263 0375 C5977655 		.ascii	"\305\227vU\230\220g@\222\202?\346\374.Kj\001\362\034"
 263      98906740 
 263      92823FE6 
 263      FC2E4B6A 
 263      01F21C
 264 0388 3A68A9D0 		.ascii	":h\251\320\2316\240\213\302\217\354\350\333&\010_3\370"
 264      9936A08B 
 264      C28FECE8 
 264      DB26085F 
 264      33F8
 265 039a F6A62313 		.ascii	"\366\246#\023\261La\260\240-\036k\256\241\012\217=\242"
 265      B14C61B0 
 265      A02D1E6B 
 265      AEA10A8F 
 265      3DA2
 266 03ac F01885E8 		.ascii	"\360\030\205\350\246\020w\363\302W\215B3\203\370\252"
 266      A61077F3 
 266      C2578D42 
 266      3383F8AA 
 267 03bc BD76BD51 		.ascii	"\275v\275Q&?\255\"?\036!\247\0158A#Krj\363\215\323r"
 267      263FAD22 
 267      3F1E21A7 
 267      0D384123 
 267      4B726AF3 
 268 03d3 47D81496 		.ascii	"G\330\024\226\223,w\344\237l\210\356\363C0\315\233\000"
 268      932C77E4 
 268      9F6C88EE 
 268      F34330CD 
 268      9B00
 269 03e5 2BDE3DB2 		.ascii	"+\336=\262w\017\365\016W\226\366\032\205.\246j\344~"
 269      770FF50E 
 269      5796F61A 
 269      852EA66A 
 269      E47E
 270 03f7 59631C3B 		.ascii	"Yc\034;\356\342\311\371\326\237\237\257e\307]\200,\312"
 270      EEE2C9F9 
 270      D69F9FAF 
 270      65C75D80 
 270      2CCA
 271 0409 9DC7C385 		.ascii	"\235\307\303\205:\341\034\363\035=\2243ab\276Ob\267"
 271      3AE11CF3 
 271      1D3D9433 
 271      6162BE4F 
 271      62B7
 272 041b A6B1B056 		.ascii	"\246\261\260V\320\345\312\233\206\260\232\325\345=C"
 272      D0E5CA9B 
 272      86B09AD5 
 272      E53D43
 273 042a 0A00360B 		.ascii	"\012\0006\013\234f\253\341\364\275\346\011\203\360\023"
 273      9C66ABE1 
 273      F4BDE609 
 273      83F013
 274 0439 85D2D4AF 		.ascii	"\205\322\324\257\357\337i\202\205\026@w`\253\216\234"
 274      EFDF6982 
 274      85164077 
 274      60AB8E9C 
 275 0449 C31C6E16 		.ascii	"\303\034n\026\035\234\2253\202W\261\204\370\303\037"
ARM GAS  /tmp/ccxEIKFo.s 			page 21


 275      1D9C9533 
 275      8257B184 
 275      F8C31F
 276 0458 91616CC7 		.ascii	"\221al\307\322\377\031\026\3409\\\200\027(\337y\004"
 276      D2FF1916 
 276      E0395C80 
 276      1728DF79 
 276      04
 277 0469 EC638483 		.ascii	"\354c\204\203\347\266\005\004\365\222 \330?\342\363"
 277      E7B60504 
 277      F59220D8 
 277      3FE2F3
 278 0478 5354DF45 		.ascii	"ST\337E\2620\230J\342}\276\275{c\214N\306\316\377-\354"
 278      B230984A 
 278      E27DBEBD 
 278      7B638C4E 
 278      C6CEFF2D 
 279 048d A670E538 		.ascii	"\246p\3458\250\261/=\016\273d{_\035\217\245\357\011"
 279      A8B12F3D 
 279      0EBB647B 
 279      5F1D8FA5 
 279      EF09
 280 049f 48C1DE76 		.ascii	"H\301\336v\310\012\004\263\022\340\277X\242\377\340"
 280      C80A04B3 
 280      12E0BF58 
 280      A2FFE0
 281 04ae F2C1334D 		.ascii	"\362\3013M\025\331\213#oc\036\372\3512\210\034\365\013"
 281      15D98B23 
 281      6F631EFA 
 281      E932881C 
 281      F50B
 282 04c0 1E3DEA17 		.ascii	"\036=\352\027\260c\342\324\277C\273\265\3025\232U\276"
 282      B063E2D4 
 282      BF43BBB5 
 282      C2359A55 
 282      BE
 283 04d1 EDE3FA83 		.ascii	"\355\343\372\203z\3251\361\327\202M\344\254\037Dm\227"
 283      7AD531F1 
 283      D7824DE4 
 283      AC1F446D 
 283      97
 284 04e2 956DBC60 		.ascii	"\225m\274`\366\263\376\012\316u\201\274\221\177\302"
 284      F6B3FE0A 
 284      CE7581BC 
 284      917FC2
 285 04f1 C101F9A8 		.ascii	"\301\001\371\250\330]P\036#\2140\222\242\206\2521\235"
 285      D85D501E 
 285      238C3092 
 285      A286AA31 
 285      9D
 286 0502 EAA8585A 		.ascii	"\352\250XZM\216\212\353\310qU\341\030\204\331I\256\315"
 286      4D8E8AEB 
 286      C87155E1 
 286      1884D949 
 286      AECD
 287 0514 4042E2C9 		.ascii	"@B\342\311\036);\363\271~\366%\365sdI=Ce\265\376:\026"
 287      1E293BF3 
ARM GAS  /tmp/ccxEIKFo.s 			page 22


 287      B97EF625 
 287      F5736449 
 287      3D4365B5 
 288 052b 9CC3D623 		.ascii	"\234\303\326#OR1\334]\246gkw.v\317\215\365\217\031\345"
 288      4F5231DC 
 288      5DA6676B 
 288      772E76CF 
 288      8DF58F19 
 289 0540 120523E5 		.ascii	"\022\005#\345\277\211X7(\326-Z\"\212H;d\301L\326\034"
 289      BF895837 
 289      28D62D5A 
 289      228A483B 
 289      64C14CD6 
 290 0555 96D7770C 		.ascii	"\226\327w\014v\207\256\214]\216\235]\314\235\210\230"
 290      7687AE8C 
 290      5D8E9D5D 
 290      CC9D8898 
 291 0565 DB2C49A3 		.ascii	"\333,I\243y\331c\362\207\203\026\273\025\327J?105\313"
 291      79D963F2 
 291      878316BB 
 291      15D74A3F 
 291      313035CB 
 292 0579 B09B1328 		.ascii	"\260\233\023(\034\322?\274\030\207\020\354\027\0126"
 292      1CD23FBC 
 292      188710EC 
 292      170A36
 293 0588 4CD5DC61 		.ascii	"L\325\334aj\206\251\232-\331UYZa\202m\275\256\336\223"
 293      6A86A99A 
 293      2DD95559 
 293      5A61826D 
 293      BDAEDE93 
 294 059c C371F8CE 		.ascii	"\303q\370\316\011\342\313\362\263\342\265;\330\313\362"
 294      09E2CBF2 
 294      B3E2B53B 
 294      D8CBF2
 295 05ab 29FA3131 		.ascii	")\37211\242\244}D\375\316\011\321w\316\336\261{\233"
 295      A2A47D44 
 295      FDCE09D1 
 295      77CEDEB1 
 295      7B9B
 296 05bd 4D42AD40 		.ascii	"MB\255@a\256\007\267T\032e\230PIr\321AI\372\227$\265"
 296      61AE07B7 
 296      541A6598 
 296      504972D1 
 296      4149FA97 
 297 05d3 68284E58 		.ascii	"h(NX\301\011\253qF)\316\331k-\251B\210\301T\325|^g\022"
 297      C109AB71 
 297      4629CED9 
 297      6B2DA942 
 297      88C154D5 
 298 05eb 240DED6C 		.ascii	"$\015\355ln\371\2764\006?\004\340\1774\010G6\335\336"
 298      6EF9BE34 
 298      063F04E0 
 298      7F340847 
 298      36DDDE
 299 05fe 7D86A79F 		.ascii	"}\206\247\237\006dU\260\217\226\2763\345Kf\375n\032"
 299      066455B0 
ARM GAS  /tmp/ccxEIKFo.s 			page 23


 299      8F96BE33 
 299      E54B66FD 
 299      6E1A
 300 0610 A7EFD77B 		.ascii	"\247\357\327{\221/\203;eGo\351e\225\315\227\327t\204"
 300      912F833B 
 300      65476FE9 
 300      6595CD97 
 300      D77484
 301 0623 AE4AD256 		.ascii	"\256J\322VI\332\010\361\304\023\356Ft\302\030hHO\221"
 301      49DA08F1 
 301      C413EE46 
 301      74C21868 
 301      484F91
 302 0636 3A41A5F6 		.ascii	":A\245\366\374\362\315\026\275p\214\311\223\276<\376"
 302      FCF2CD16 
 302      BD708CC9 
 302      93BE3CFE 
 303 0646 A28C5554 		.ascii	"\242\214UT\374r\333\236\034\362\205\020x\215~\254\301"
 303      FC72DB9E 
 303      1CF28510 
 303      788D7EAC 
 303      C1
 304 0657 A432E549 		.ascii	"\2442\345I5\316}\2123\360\305\365mF\341,\303\3716\273"
 304      35CE7D8A 
 304      33F0C5F5 
 304      6D46E12C 
 304      C3F936BB 
 305 066b 68AF269A 		.ascii	"h\257&\232:\317\364\324M)8Sj\234\0070\237\323\211\216"
 305      3ACFF4D4 
 305      4D293853 
 305      6A9C0730 
 305      9FD3898E 
 306 067f F40CA7E8 		.ascii	"\364\014\247\350\366\272\375\261\257\276\231\234\220"
 306      F6BAFDB1 
 306      AFBE999C 
 306      90
 307 068c B87831B7 		.ascii	"\270x1\267\324j\265\261_\242\313\235\342^\225\264h\365"
 307      D46AB5B1 
 307      5FA2CB9D 
 307      E25E95B4 
 307      68F5
 308 069e DBB6749F 		.ascii	"\333\266t\237\315\221\356\361\244{\261\225\346N\261"
 308      CD91EEF1 
 308      A47BB195 
 308      E64EB1
 309 06ad F9321C36 		.ascii	"\3712\0346\207\313\343\364\220x\253\203{\322\341J\304"
 309      87CBE3F4 
 309      9078AB83 
 309      7BD2E14A 
 309      C4
 310 06be D6F2B4B4 		.ascii	"\326\362\264\264t\307\3624\367{^g\352\212\030\237\373"
 310      74C7F234 
 310      F77B5E67 
 310      EA8A189F 
 310      FB
 311 06cf 43A7E87F 		.ascii	"C\247\350\177\326\226\351\313\260\221\240\367\034\016"
 311      D696E9CB 
ARM GAS  /tmp/ccxEIKFo.s 			page 24


 311      B091A0F7 
 311      1C0E
 312 06dd 9B3DC3B3 		.ascii	"\233=\303\263\310\233\356u.r\332S\334\266\347\254K\255"
 312      C89BEE75 
 312      2E72DA53 
 312      DCB6E7AC 
 312      4BAD
 313 06ef 8B6D6EAF 		.ascii	"\213mn\257#-3\325i\363\371SS\235\357Z]\234\371Q\264"
 313      232D33D5 
 313      69F3F953 
 313      539DEF5A 
 313      5D9CF951 
 314 0704 B96CE855 		.ascii	"\271l\350U\247?\311o\367g\372\376\246\365:?\360\243"
 314      A73FC96F 
 314      F767FAFE 
 314      A6F53A3F 
 314      F0A3
 315 0716 803851CC 		.ascii	"\2008Q\314t{\375\313D\377\"J\024\001\363:\327\022N\217"
 315      747BFDCB 
 315      44FF224A 
 315      1401F33A 
 315      D7124E8F 
 316 072a DDE1727B 		.ascii	"\335\341r{\2356\021\221\355\231i~\321\277n\215\323\207"
 316      9D361191 
 316      ED99697E 
 316      D1BF6E8D 
 316      D387
 317 073c 1C5A396A 		.ascii	"\034Z9j\376LQ\276u>\233\210r\320\005]\215\242\350r\332"
 317      FE4C51BE 
 317      753E9B88 
 317      72D0055D 
 317      8DA2E872 
 318 0751 D7882976 		.ascii	"\327\210)v\237S\024c\234\336T\3445\310\203\330\023E"
 318      9F531463 
 318      9CDE54E4 
 318      35C883D8 
 318      1345
 319 0763 F47837D3 		.ascii	"\364x7\323\353\020E\353\363\317\277\360\347\330HO\343"
 319      EB1045EB 
 319      F3CFBFF0 
 319      E7D8484F 
 319      E3
 320 0774 70D93374 		.ascii	"p\3313tL\340\222gE\177l\244\021\347p%\255\363\275\221"
 320      4CE09267 
 320      457F6CA4 
 320      11E77025 
 320      ADF3BD91 
 321 0788 EE78FF4F 		.ascii	"\356x\377O\263d;\303\037\325\344p\241\034\224\021\267"
 321      B3643BC3 
 321      1FD5E470 
 321      A11C9411 
 321      B7
 322 0799 263DC32F 		.ascii	"&=\303/bJ\336_\366\370\022\021?\237m\371\352\225\211"
 322      624ADE5F 
 322      F6F81211 
 322      3F9F6DF9 
 322      EA9589
ARM GAS  /tmp/ccxEIKFo.s 			page 25


 323 07ac 2B3FC068 		.ascii	"+?\300hZ\342\177\276\340a3\3619\375\342_\226'\275\374"
 323      5AE27FBE 
 323      E06133F1 
 323      39FDE25F 
 323      9627BDFC 
 324 07c0 D6EA1546 		.ascii	"\326\352\025F{\332Z\373:\037\226?\015S\364\342"
 324      7BDA5AFB 
 324      3A1F963F 
 324      0D53F4E2 
 325 07d0 E34131DB 		.ascii	"\343A1\333\266\304\225I+\222\024]\036\237\333'bQ\021"
 325      B6C49549 
 325      2B92145D 
 325      1E9FDB27 
 325      625111
 326 07e3 584F2794 		.ascii	"XO'\224\354%\352\364Tg&m\377\037\224\256^\213"
 326      EC25EAF4 
 326      5467266D 
 326      FF1F94AE 
 326      5E8B
 327              		.text
 328              		.section	.gnu.lto_.symtab.b238ec90ba4dd81c,"",%progbits
 329 0000 5F636F72 		.ascii	"_core_init\000"
 329      655F696E 
 329      697400
 330 000b 00       		.ascii	"\000"
 331 000c 00       		.ascii	"\000"
 332 000d 00       		.ascii	"\000"
 333 000e 00000000 		.ascii	"\000\000\000\000\000\000\000\000"
 333      00000000 
 334 0016 AD000000 		.ascii	"\255\000\000\000"
 335 001a 6368436F 		.ascii	"chCoreAllocAlignedI\000"
 335      7265416C 
 335      6C6F6341 
 335      6C69676E 
 335      65644900 
 336 002e 00       		.ascii	"\000"
 337 002f 00       		.ascii	"\000"
 338 0030 00       		.ascii	"\000"
 339 0031 00000000 		.ascii	"\000\000\000\000\000\000\000\000"
 339      00000000 
 340 0039 B7000000 		.ascii	"\267\000\000\000"
 341 003d 6368436F 		.ascii	"chCoreAllocAligned\000"
 341      7265416C 
 341      6C6F6341 
 341      6C69676E 
 341      656400
 342 0050 00       		.ascii	"\000"
 343 0051 00       		.ascii	"\000"
 344 0052 00       		.ascii	"\000"
 345 0053 00000000 		.ascii	"\000\000\000\000\000\000\000\000"
 345      00000000 
 346 005b B9000000 		.ascii	"\271\000\000\000"
 347 005f 6368436F 		.ascii	"chCoreGetStatusX\000"
 347      72654765 
 347      74537461 
 347      74757358 
 347      00
ARM GAS  /tmp/ccxEIKFo.s 			page 26


 348 0070 00       		.ascii	"\000"
 349 0071 00       		.ascii	"\000"
 350 0072 00       		.ascii	"\000"
 351 0073 00000000 		.ascii	"\000\000\000\000\000\000\000\000"
 351      00000000 
 352 007b BC000000 		.ascii	"\274\000\000\000"
 353 007f 5F5F6865 		.ascii	"__heap_base__\000"
 353      61705F62 
 353      6173655F 
 353      5F00
 354 008d 00       		.ascii	"\000"
 355 008e 02       		.ascii	"\002"
 356 008f 00       		.ascii	"\000"
 357 0090 00000000 		.ascii	"\000\000\000\000\000\000\000\000"
 357      00000000 
 358 0098 CA000000 		.ascii	"\312\000\000\000"
 359 009c 5F5F6865 		.ascii	"__heap_end__\000"
 359      61705F65 
 359      6E645F5F 
 359      00
 360 00a9 00       		.ascii	"\000"
 361 00aa 02       		.ascii	"\002"
 362 00ab 00       		.ascii	"\000"
 363 00ac 00000000 		.ascii	"\000\000\000\000\000\000\000\000"
 363      00000000 
 364 00b4 CE000000 		.ascii	"\316\000\000\000"
 365              		.text
 366              		.section	.gnu.lto_.opts,"",%progbits
 367 0000 272D666D 		.ascii	"'-fmath-errno' '-fsigned-zeros' '-ftrapping-math' '"
 367      6174682D 
 367      6572726E 
 367      6F272027 
 367      2D667369 
 368 0033 2D666E6F 		.ascii	"-fno-trapv' '-fno-openmp' '-fno-openacc' '-mcpu=cor"
 368      2D747261 
 368      70762720 
 368      272D666E 
 368      6F2D6F70 
 369 0066 7465782D 		.ascii	"tex-m0' '-mno-thumb-interwork' '-mthumb' '-ggdb' '-"
 369      6D302720 
 369      272D6D6E 
 369      6F2D7468 
 369      756D622D 
 370 0099 4F322720 		.ascii	"O2' '-fomit-frame-pointer' '-falign-functions=16' '"
 370      272D666F 
 370      6D69742D 
 370      6672616D 
 370      652D706F 
 371 00cc 2D666675 		.ascii	"-ffunction-sections' '-fdata-sections' '-fno-common"
 371      6E637469 
 371      6F6E2D73 
 371      65637469 
 371      6F6E7327 
 372 00ff 2720272D 		.ascii	"' '-flto'\000"
 372      666C746F 
 372      2700
 373              		.text
ARM GAS  /tmp/ccxEIKFo.s 			page 27


 374              		.comm	__gnu_lto_v1,1,1
 375              		.comm	__gnu_lto_slim,1,1
 376              		.ident	"GCC: (15:5.4.1+svn241155-1) 5.4.1 20160919"
ARM GAS  /tmp/ccxEIKFo.s 			page 28


DEFINED SYMBOLS
                            *ABS*:0000000000000000 chmemcore.c
                            *COM*:0000000000000001 __gnu_lto_v1
                            *COM*:0000000000000001 __gnu_lto_slim

NO UNDEFINED SYMBOLS
