ARM GAS  /tmp/ccFpHK9d.s 			page 1


   1              		.syntax unified
   2              		.cpu cortex-m0
   3              		.fpu softvfp
   4              		.eabi_attribute 20, 1
   5              		.eabi_attribute 21, 1
   6              		.eabi_attribute 23, 3
   7              		.eabi_attribute 24, 1
   8              		.eabi_attribute 25, 1
   9              		.eabi_attribute 26, 1
  10              		.eabi_attribute 30, 2
  11              		.eabi_attribute 34, 0
  12              		.eabi_attribute 18, 4
  13              		.thumb
  14              		.syntax unified
  15              		.file	"chmsg.c"
  16              		.text
  17              	.Ltext0:
  18              		.section	.gnu.lto_.profile.489be3061b069d04,"",%progbits
  19 0000 789C6361 		.ascii	"x\234ca`d`a`\000\222~\352\000\001-\000\200"
  19      60646061 
  19      6000927E 
  19      EA00012D 
  19      0080
  20              		.text
  21              		.section	.gnu.lto_.icf.489be3061b069d04,"",%progbits
  22 0000 789C6361 		.ascii	"x\234ca`d\000\001\021\006\004`fX\263\370\303{&\246e"
  22      60640001 
  22      11060460 
  22      6658B3F8 
  22      C37B26A6 
  23 0015 57B7CDE0 		.ascii	"W\267\315\340c\376vg\331\0366\006\000d\234\011c"
  23      63FE7667 
  23      D91E3606 
  23      00649C09 
  23      63
  24              		.text
  25              		.section	.gnu.lto_.jmpfuncs.489be3061b069d04,"",%progbits
  26 0000 789C6361 		.ascii	"x\234ca`d\000\201P\006\004`f`bdd\256\257gb\374\313\304"
  26      60640081 
  26      50060460 
  26      66606264 
  26      64AEAF67 
  27 0018 F8FBC594 		.ascii	"\370\373\305\224\233\214_\230Z\231\031\030y\030\227"
  27      9B8C5F98 
  27      5A991918 
  27      791897
  28 0027 33CA3030 		.ascii	"3\3120001U\202T1\001\021H\301\337;\215\377\230 \012"
  28      30315582 
  28      54310111 
  28      48C1DF3B 
  28      8DFF9820 
  29 003c F8185780 		.ascii	"\370\030W\200\0240\203\26432\262@\325U\202m\000\000"
  29      143083B4 
  29      3332B240 
  29      D555826D 
  29      0000
  30 004e 503C103D 		.ascii	"P<\020="
ARM GAS  /tmp/ccFpHK9d.s 			page 2


  31              		.text
  32              		.section	.gnu.lto_.inline.489be3061b069d04,"",%progbits
  33 0000 789C6361 		.ascii	"x\234ca`d\000\2018\006\004`f`\020\221addP\000J1\211"
  33      60640081 
  33      38060460 
  33      66601091 
  33      61646450 
  34 0018 DFD8CCC8 		.ascii	"\337\330\314\310\300y\303\214\011$\303\304\315\000T"
  34      C079C38C 
  34      0924C3C4 
  34      CD0054
  35 0027 0F2627F8 		.ascii	"\017&'\37011\010\362\0039\022\007v32\260-\220GR\300"
  35      313108F2 
  35      03391207 
  35      763332B0 
  35      2D904752 
  36 003c CCC02100 		.ascii	"\314\300!\000\224aY \017\227`\346\001JN\360\233\340"
  36      94615920 
  36      0F9760E6 
  36      014A4EF0 
  36      9BE0
  37 004e C70000EF 		.ascii	"\307\000\000\357,\012u"
  37      2C0A75
  38              		.text
  39              		.section	.gnu.lto_.pureconst.489be3061b069d04,"",%progbits
  40 0000 789C6361 		.ascii	"x\234ca`d\340b```f\330\305\310\264\213\221y\027#\000"
  40      6064E062 
  40      60606066 
  40      D8C5C8B4 
  40      8B917917 
  41 0016 0C1B0249 		.ascii	"\014\033\002I"
  42              		.text
  43              		.section	.gnu.lto_chMsgSend.489be3061b069d04,"",%progbits
  44 0000 789C9555 		.ascii	"x\234\225U]L\024W\024\276g\356\354\356\354.\260\264"
  44      5D4C1457 
  44      14BE67EE 
  44      ECEEEC2E 
  44      B0B4
  45 0012 BE348D89 		.ascii	"\2764\215\211\370\200\306\026\031\233\232T\323\246M"
  45      F880C616 
  45      199B9A54 
  45      D3A64D
  46 0021 E3531F68 		.ascii	"\343S\037h\0230\351\243\321u#$\256\340.\032M\3320\374"
  46      1330E9A3 
  46      D1752324 
  46      AEE02E1A 
  46      4DDA30FC 
  47 0035 AC48DA34 		.ascii	"\254H\3324\232\240\005\321ll1\376+\370W\027\225.*`-"
  47      9AA005D1 
  47      6C6C31FE 
  47      2BF85717 
  47      952E2A60 
  48 004a 8888D41F 		.ascii	"\210\210\324\037\250 \312\002\202Qj-\266\225\335\236"
  48      A820CA02 
  48      82516A2D 
  48      B695DD9E 
  49 005a 736740D8 		.ascii	"sg@\330\005\265\023\302\316\334{\317\371\316\371\276"
ARM GAS  /tmp/ccFpHK9d.s 			page 3


  49      05B513C2 
  49      CEDC7BCF 
  49      F9CEF9BE 
  50 006a 73CF9119 		.ascii	"s\317\221\0310z\374V\306\346\340\353B|\007\023\003i"
  50      307AFC56 
  50      C6E6E0EB 
  50      427C0713 
  50      0369
  51 007c CB15C6F2 		.ascii	"\313\025\306\362\025I\342\015\016\246\331\344\313\037"
  51      1549E20D 
  51      0EA6D9E4 
  51      CB1F
  52 008a 332D8E83 		.ascii	"3-\216\203\254/\313\000\364\242)\300\362$.C\036<\225"
  52      AC2FCB00 
  52      F4A229C0 
  52      F2242E43 
  52      1E3C95
  53 009d 4625682D 		.ascii	"F%h-\252\332\311\377\224|\234\201\214\237\303\315;\356"
  53      AADAC9FF 
  53      947C9C81 
  53      8C9FC3CD 
  53      3BEE
  54 00af 25D02740 		.ascii	"%\320'@\022~\336\017lz(\317\333\253\341\323\335;\270"
  54      127EDE0F 
  54      6C7A28CF 
  54      DBABE1D3 
  54      DD3BB8
  55 00c2 A87C5F50 		.ascii	"\250|_P\366q\211E$\006\373`&\354\205\231\204\275\037"
  55      F6718945 
  55      2406FB60 
  55      26EC8599 
  55      84BD1F
  56 00d5 E6E1D98B 		.ascii	"\346\341\331\213\275\317\257\331\371<`\370\276sow\245"
  56      BDCFAFD9 
  56      F93C60F8 
  56      BE736F77 
  56      A5
  57 00e6 75EE1E4D 		.ascii	"u\356\036M+\320\264\221\225\232\325\3079\034\000>\321"
  57      2BD0B491 
  57      959AD5C7 
  57      391C003E 
  57      D1
  58 00f7 0E97181C 		.ascii	"\016\227\030\034\204\271x\272\251*pC\346)\302\262t\260"
  58      84B978BA 
  58      A92A7043 
  58      E629C2B2 
  58      74B0
  59 0109 EFA6832C 		.ascii	"\357\246\203,\361\251p\221\245\004\207\242-\361\343"
  59      F1A97091 
  59      A50487A2 
  59      2DF1E3
  60 0118 30CCA5E3 		.ascii	"0\314\245\343M\341\023-6\276@\230\036zX\377\334\234"
  60      4DE1132D 
  60      36BE4098 
  60      1E7A58FF 
  60      DC9C
  61 012a FC238106 		.ascii	"\374#\201\006\207\033\022\312\265`Q\022\001\037\231"
ARM GAS  /tmp/ccFpHK9d.s 			page 4


  61      871B12CA 
  61      B5605112 
  61      011F99
  62 0139 6C4E0F9E 		.ascii	"lN\017\236\356\251\016o\2137\027\021N\022\034\205\344"
  62      EEA90E6F 
  62      8B371711 
  62      4E121C85 
  62      E4
  63 014a 12CE282F 		.ascii	"\022\316(/L\247\012\314\310*\320\342\321\364\240\026"
  63      4CA70ACC 
  63      C82AD0E2 
  63      D1F4A016 
  64 015a 89146AC1 		.ascii	"\211\024j\301.\363\355gO\224\031\0302\256\232\200\340"
  64      2EF3ED67 
  64      4F941918 
  64      32AE9A80 
  64      E0
  65 016b 2D40E12B 		.ascii	"-@\341+\030\216l\303\177\246x\021\224C$\306\036\243"
  65      188E6CC3 
  65      7FA67811 
  65      944324C6 
  65      1EA3
  66 017d 27A27B58 		.ascii	"'\242{X\222\350\227\207\240\240\246\272\263\225\223"
  66      92E89787 
  66      A0A0A6BA 
  66      B39593
  67 018c F342CE11 		.ascii	"\363B\316\021\177\273\357|\213\205\2306\213\340\003"
  67      7FBBEF7C 
  67      8B859836 
  67      8BE003
  68 019b 81A10E4B 		.ascii	"\201\241\016K\336\250\266Y\323\022q\255\204\203\210"
  68      DEA8B659 
  68      D31271AD 
  68      848388
  69 01aa F24153FB 		.ascii	"\362AS\373E\233\037v\345kb\335\002\307P\270j\312\002"
  69      459B1F76 
  69      E56B62DD 
  69      02C750B8 
  69      6ACA02
  70 01bd 37BF3B5D 		.ascii	"7\277;]U\242\250\207\005W_\372\270\002\307\301\017a"
  70      55A2A887 
  70      05575FFA 
  70      B802C7C1 
  70      0F61
  71 01cf C948B0FE 		.ascii	"\311H\260\376\333\326JE\235O\014\234\0005,Q\321\300"
  71      DBD64A45 
  71      9D4F0C9C 
  71      00352C51 
  71      D1C0
  72 01e1 4950590F 		.ascii	"IPY\017\024h\037\212,1\027\014\206\026\022\311\242\357"
  72      14681F8A 
  72      2C31170C 
  72      861612C9 
  72      A2EF
  73 01f3 6CF175E0 		.ascii	"l\361u\340\013E<'ko\226\331t2\273\237\356O\253\333\263"
  73      0B453C27 
  73      6B6F96D9 
ARM GAS  /tmp/ccFpHK9d.s 			page 5


  73      7432BB9F 
  73      EE4FABDB 
  74 0208 49DB92AF 		.ascii	"I\333\222\257\370\270\025N\305\322\011?A2\332\024\017"
  74      F8B8154E 
  74      C5D2093F 
  74      4132DA14 
  74      0F
  75 0219 68E7644A 		.ascii	"h\347dJ\311\012Ip\032\367\372\240\240\347Fq\323\302"
  75      C90A4970 
  75      1AF7FAA0 
  75      A0E74671 
  75      D3C2
  76 022b C974074B 		.ascii	"\311t\007K\356\200`9\"A\224\022\301\335\337?\243R\016"
  76      EE806039 
  76      22419412 
  76      C1DDDF3F 
  76      A3520E
  77 023e D0A614BD 		.ascii	"\320\246\024\2759\320V\001@X\014j\350\000\217\326\221"
  77      39D05601 
  77      40580C6A 
  77      E8008FD6 
  77      91
  78 024f C1193063 		.ascii	"\301\0310c8gIA`\035\200\373?\370\217=\263\315\036\002"
  78      38674941 
  78      601D80FB 
  78      3FF88F3D 
  78      B3CD1E02 
  79 0263 BF5686D5 		.ascii	"\277V\206\325`#\223\303\367\316h\212\214<\3019\230-"
  79      602393C3 
  79      F7CE688A 
  79      8C3CC139 
  79      982D
  80 0275 B87A3C74 		.ascii	"\270z<t\275C\302\025\250\005YD\316\340gq\037\366\325"
  80      BD43C215 
  80      A8055944 
  80      CEE06771 
  80      1FF6D5
  81 0288 5EE88D9B 		.ascii	"^\350\215\233\375\310\260\266\323\331?\216\034k\267"
  81      FDC8B0B6 
  81      D3D93F8E 
  81      1C6BB7
  82 0297 0BEB2059 		.ascii	"\013\353 YC\035\310\310\240$H`\014\205\336\021\030\250"
  82      431DC8C8 
  82      A0244860 
  82      0C85DE11 
  82      18A8
  83 02a9 584AF94D 		.ascii	"XJ\371MT\231\213TG\032/o\2163\344\324\342}<\016\351"
  83      54998B54 
  83      471A2F6F 
  83      8E33E4D4 
  83      E27D3C0E 
  84 02be 87F3869C 		.ascii	"\207\363\206\234{\356\027\034\261\220`\361pA\010)\351"
  84      7BEE171C 
  84      B19060F1 
  84      70410829 
  84      E9
  85 02cf 42B66DD1 		.ascii	"B\266m\321\312\300\220\371}\272\017\027INN\274\327\203"
ARM GAS  /tmp/ccFpHK9d.s 			page 6


  85      CAC090F9 
  85      7DBA0F17 
  85      494E4EBC 
  85      D783
  86 02e1 5AC84D04 		.ascii	"Z\310M\004\372O\361_\025f\275\272\224\011@ 0,\261\030"
  86      FA4FF15F 
  86      1566BDBA 
  86      94094020 
  86      302CB118 
  87 02f5 09D02030 		.ascii	"\011\320 0d\035\243\243\262\256\322\236\3675\32624b"
  87      641DA3A3 
  87      B2AED29E 
  87      F735D632 
  87      3462
  88 0307 8930B804 		.ascii	"\2110\270\004y\224\225\221F\376\301\212\235q\306\325"
  88      79949591 
  88      46FEC18A 
  88      9D71C6D5 
  89 0317 EA6AE0E3 		.ascii	"\352j\340\343W\353\300\024\265\360\313xQ\005G\033\300"
  89      57EBC014 
  89      B5F0CB78 
  89      5105471B 
  89      C0
  90 0328 70D05971 		.ascii	"p\320Yq'l\345# X\270\340\253+\260\304x\223\341\362\024"
  90      276CE523 
  90      2058B8E0 
  90      AB2BB0C4 
  90      7893E1F2 
  91 033d DE7E256F 		.ascii	"\336~%o\212\240\365\357\321\343\201M\263\242j\342\233"
  91      8AA0F5EF 
  91      D1E3814D 
  91      B3A26AE2 
  91      9B
  92 034e AEF7E80C 		.ascii	"\256\367\350\014\241\0325%\307VE\223\250\212f\021\311"
  92      A11A3525 
  92      C7564593 
  92      A88A6611 
  92      C9
  93 035f 440912A7 		.ascii	"D\011\022\247T@0\335=\322\342*\267\021OW\004O&\335K"
  93      544030DD 
  93      3DD2E22A 
  93      B7114F57 
  93      044F26DD 
  94 0374 941C8B89 		.ascii	"\224\034\213\211\204\026\222\303\254\357\303URD\304"
  94      841692C3 
  94      ACEFC355 
  94      5244C4
  95 0383 5B531D2A 		.ascii	"[S\035*\337\016\204Z\310\035h\027*\315\217\000\225\202"
  95      DF0E845A 
  95      C81D6817 
  95      2ACD8F00 
  95      9582
  96 0395 0C29F8D9 		.ascii	"\014)\370\331\336\322\\f\177\021G\002\251\324j\304\321"
  96      DED25C66 
  96      7F114702 
  96      A9D46AC4 
  96      D1
ARM GAS  /tmp/ccFpHK9d.s 			page 7


  97 03a6 77A9B49F 		.ascii	"w\251\264\237\353W\367\232@\267\030\336\333P\033t\275"
  97      EB57F79A 
  97      40B718DE 
  97      DB501B74 
  97      BD
  98 03b7 7DF7ACFF 		.ascii	"}\367\254\377\227\215f\247L\256\277*\223v\312d\014\353"
  98      978D66A7 
  98      4CAEBF2A 
  98      9376CA64 
  98      0CEB
  99 03c9 37CAC421 		.ascii	"7\312\304!\230\037\016\225\1775-\240cJ\300\014\002\274"
  99      981F0E95 
  99      7F352DA0 
  99      634AC00C 
  99      02BC
 100 03db F112C0B5 		.ascii	"\361\022\300\265\004xs\"u\267\010\220\013\300\352\276"
 100      04787322 
 100      75B70890 
 100      0BC0EABE 
 101 03eb 71C057F3 		.ascii	"q\300W\363\244\373\213'\177\267'\261\325\241;\304J\354"
 101      A4FB8B27 
 101      7FB727B1 
 101      D5A13BC4 
 101      4AEC
 102 03fd AE7FF496 		.ascii	"\256\177\364\226\350xT&cuMu#.l\315p\327V\2433\333^\347"
 102      E8785426 
 102      63754D75 
 102      232E6CCD 
 102      70D756A3 
 103 0415 EE38A053 		.ascii	"\3568\240S\340(T\240\277\243$w\241\350v\341\333/<\214"
 103      E02854A0 
 103      BFA32477 
 103      A1E876E1 
 103      DB2F3C8C 
 104 0429 76E68725 		.ascii	"v\346\207%\222\332\004\011p\307(\345a\274\262\015\016"
 104      92DA0409 
 104      70C728E5 
 104      61BCB20D 
 104      0E
 105 043a DE0F45C1 		.ascii	"\336\017E\301\255\215\"\200\330\276\237\030A\266\030"
 105      AD8D2280 
 105      D8BE9F18 
 105      41B618
 106 0449 74E1E543 		.ascii	"t\341\345Cd\037\177C\330\311b\204\220\341\266F\230\332"
 106      641F7F43 
 106      D8C96284 
 106      90E1B646 
 106      98DA
 107 045b F0CD8844 		.ascii	"\360\315\210D%\336\215\206\270\367o\177\351-\320\361"
 107      25DE8D86 
 107      B8F76F7F 
 107      E92DD0F1 
 108 046b E3E02ECC 		.ascii	"\343\340.\314\364\361\031z\236\275k\365 \343\243{\321"
 108      F4F1197A 
 108      9EBD6BF5 
 108      20E3A37B 
 108      D1
ARM GAS  /tmp/ccFpHK9d.s 			page 8


 109 047c 62367D33 		.ascii	"b6}3\352\231\256\031}B\315\350\036Ih%&\356\033\263\305"
 109      EA99AE19 
 109      7D42CDE8 
 109      1E496825 
 109      26EE1BB3 
 110 0491 21C8C559 		.ascii	"!\310\305Y\2108\343\263e\322<\031\370\374\025\363\244"
 110      8838E3B3 
 110      65D23C19 
 110      F8FC15F3 
 110      A4
 111 04a2 57CC93F1 		.ascii	"W\314\223\361\346i\305n\036z\311<\011\215\315\023K\354"
 111      E669C56E 
 111      1E7AC93C 
 111      098DCD13 
 111      4BEC
 112 04b4 DDEFA3BB 		.ascii	"\335\357\243\273\0373e\374T\037\375d\242\304L\231\301"
 112      1F3365FC 
 112      541FFD64 
 112      A2C44C99 
 112      C1
 113 04c5 5D38657A 		.ascii	"]8ez\251\237\014L3e\036\210~28a\312\204\375wk\355c\003"
 113      A99F0C4C 
 113      33651E88 
 113      7E323861 
 113      CA84FD77 
 114 04dd 242406C8 		.ascii	"$$\006\310\220\030 \321\323\342\341\330\264 \000\366"
 114      901820D1 
 114      D3E2E1D8 
 114      B42000F6 
 115 04ed 804AF3C9 		.ascii	"\200J\363\311U0T\241\334\037\343PD\271\321bNj\252\252"
 115      553054A1 
 115      DC1FE350 
 115      44B9D162 
 115      4E6AAAAA 
 116 0501 FF2DC9CC 		.ascii	"\377-\311\314Z\221\365E\306\374\364\245j\266W\365\344"
 116      5A91F545 
 116      C6FCF4A5 
 116      6AB657F5 
 116      E4
 117 0512 AA5E8F53 		.ascii	"\252^\217Suf\272\275\253R\235L\312\315\341\370\306\235"
 117      7566BABD 
 117      AB529D4C 
 117      CACDE1F8 
 117      C69D
 118 0524 B939A6F5 		.ascii	"\2719\246\365\313W\257s-\232\306\316\231\355vg\257Q"
 118      CB57AF73 
 118      2D9AC6CE 
 118      99ED7667 
 118      AF51
 119 0536 73B23DB9 		.ascii	"s\262=\271^\365\323\364\264%i\033\320\2113\333\343Z"
 119      5EF5D3F4 
 119      B425691B 
 119      D08933DB 
 119      E35A
 120 0548 B6FE0377 		.ascii	"\266\376\003wj&\373\350\345\206\256\015\271\352\222"
 120      6A26FBE8 
 120      E586AE0D 
ARM GAS  /tmp/ccFpHK9d.s 			page 9


 120      B9EA92
 121 0557 B48CCF32 		.ascii	"\264\214\3172\324\2545\316\325\353V\272T\247\333\233"
 121      D4AC35CE 
 121      D5EB56BA 
 121      54A7DB9B 
 122 0567 E55DB6CA 		.ascii	"\345]\266\312\351D\343w\246\217v\374x\246w\243\027\217"
 122      E944E377 
 122      A68F76FC 
 122      78A677A3 
 122      178F
 123 0579 26A665A4 		.ascii	"&\246e\244'\255X\356u\345x\262R\222\222\0270\311\303"
 123      27AD58EE 
 123      75E578B2 
 123      52929217 
 123      30C9C3
 124 058c 2C6E973B 		.ascii	",n\227;\333\263\221\361\334\2659\357\276\226+g\346J"
 124      DBB391F1 
 124      DCB539EF 
 124      BE962B67 
 124      E64A
 125 059e F4F51F7B 		.ascii	"\364\365\037{\034\226."
 125      1C962E
 126              		.text
 127              		.section	.gnu.lto_chMsgWait.489be3061b069d04,"",%progbits
 128 0000 789C9555 		.ascii	"x\234\225U]L\024W\024\276g\356\354\316\302.\224\347"
 128      5D4C1457 
 128      14BE67EE 
 128      ECCEC22E 
 128      94E7
 129 0012 86077CA0 		.ascii	"\206\007|\240\211\2550\232\264i\233\366\245\361\245"
 129      89AD309A 
 129      B4699BF6 
 129      A5F1A5
 130 0021 3ED026D0 		.ascii	">\320&\320\246M\372`t%B\342\012\356\242\321\370\300"
 130      A64DFA60 
 130      742542E2 
 130      0AEEA2D1 
 130      F8C0
 131 0033 DD852D92 		.ascii	"\335\205-\2226\215\032k@4\233*F\255U\001k\025P\\\344"
 131      368D1A6B 
 131      40349B2A 
 131      46AD5501 
 131      6B15505C 
 132 0048 CFFA4711 		.ascii	"\317\372G\021hU\254\374\010\242h,4\222b[v{\316\235Y"
 132      6855ACFC 
 132      08A2682C 
 132      3492625B 
 132      767BCE9D 
 133 005d 9459A438 		.ascii	"\224Y\2448\331\314\316\314=\347|\347|\347\273\367\250"
 133      D9CCCECC 
 133      3DE77CE7 
 133      7CE7BBF7 
 133      A8
 134 006e 0C185DDF 		.ascii	"\014\030]\337%0\266\002\037\337\302g\2601P\266_c\314"
 134      2530B602 
 134      1FDFC267 
 134      B03150B6 
ARM GAS  /tmp/ccFpHK9d.s 			page 10


 134      5F63CC
 135 0081 EF50143E 		.ascii	"\357P\024>\2511\221\250V\2653&\\\034T\343\273\012@\017"
 135      A93191A8 
 135      56B53326 
 135      5C1C54E3 
 135      BB0A400F 
 136 0095 C201AC58 		.ascii	"\302\001\254X\341*\024\303\2442\255@Wi\315^\376D\011"
 136      E12A14C3 
 136      A432AD40 
 136      5769CD5E 
 136      FE4409
 137 00a8 72062ABE 		.ascii	"r\006*\276N\\\335s7\231^\001\322\360\265J\\/\327\026"
 137      4E5CDD73 
 137      37995E01 
 137      D2F0B54A 
 137      5C2FD716 
 138 00bc 1F122220 		.ascii	"\037\022\" \006F\376\371|GI\360\303 WXTap\030R\341\020"
 138      0646FEF9 
 138      7C4749F0 
 138      C3205758 
 138      54617018 
 139 00d3 A412F811 		.ascii	"\244\022\370\021X\314\320\270u\344\337\353N\276\030"
 139      58CCD0B8 
 139      75E4DFEB 
 139      4EBE18
 140 00e2 E8D97FB4 		.ascii	"\350\331\177\264j\257+\375\0009\206':\222+E\2704\015"
 140      6AAF2BFD 
 140      00398627 
 140      3A922B45 
 140      B8340D
 141 00f5 3DE17BE0 		.ascii	"=\341{\340\263\235\031Y\017\325F\276M\262\227\012\274"
 141      B39D1959 
 141      0FD546BE 
 141      4DB2970A 
 141      BC
 142 0106 D2E028A4 		.ascii	"\322\340(\244\023\000\306\375\001\354X\037\320\227\023"
 142      1300C6FD 
 142      01EC581F 
 142      D09713
 143 0115 D961118D 		.ascii	"\331a\021\215\226\210p\277\3268\265?!\2053\214\246\322"
 143      968870BF 
 143      D638B53F 
 143      2185338C 
 143      A6D2
 144 0127 CD46378D 		.ascii	"\315F7\215n\016\274q'#s\027=26\216a\250\350\011E\241"
 144      6E0EBC71 
 144      27237317 
 144      3D32368E 
 144      61A8E809 
 145 013d 7F3E0481 		.ascii	"\177>\004\201\024\302\033=[\326\003|\211\314\364T\323"
 145      14C21B3D 
 145      5BD6037C 
 145      89CCF454 
 145      D3
 146 014e 8D8A4423 		.ascii	"\215\212D#\323\201\336#Y\315\007\277\024\333\375\216"
 146      D381DE23 
 146      59CD07BF 
ARM GAS  /tmp/ccFpHK9d.s 			page 11


 146      14DBFD8E 
 147 015e 2032742C 		.ascii	" 2t,>W8\016\351\350S\366@\234S\211%\025\322\340\004"
 147      3E57380E 
 147      E9E853F6 
 147      409C5389 
 147      2515D2E0 
 148 0173 AE8D4260 		.ascii	"\256\215B`\350t\331\2257g\327\022.\237\006YET\001K\231"
 148      E874D995 
 148      3767D712 
 148      2E9F0659 
 148      4554014B 
 149 0188 E1C1DD53 		.ascii	"\341\301\335S\324\264\032ZT\254\213G\272\253\000\010"
 149      D4B41A5A 
 149      54AC8B47 
 149      BAAB0008 
 150 0198 8B412D19 		.ascii	"\213A-\031p+I\014\352\300\216\351\234$\206\200u\003"
 150      702B490C 
 150      EAC08EE9 
 150      9C248680 
 150      7503
 151 01aa AEEF0FD5 		.ascii	"\256\357\017\325M%.\032\206\220\250@\252m\344r\354n"
 151      4D252E1A 
 151      8690A840 
 151      AA6DE472 
 151      EC6E
 152 01bc A370A848 		.ascii	"\243p\250H\002\374\010\213$\323\343\217z\372\024\374"
 152      02FC088B 
 152      24D3E38F 
 152      7AFA14FC 
 153 01cc 02A74095 		.ascii	"\002\247@\225\2313\370I6\376pS\313\210k\321\250\351"
 153      9933F849 
 153      36FE7053 
 153      CB886BD1 
 153      A8E9
 154 01de 6D27DB3F 		.ascii	"m'\333?\217\327\365:\245\367i\362\2063\240\262!P$\011"
 154      8FD7F53A 
 154      A5F769F2 
 154      8633A0B2 
 154      21502409 
 155 01f2 8CDD8340 		.ascii	"\214\335\203@C\375\315\320R\252\257\204S\210\335\301"
 155      43FDCDD0 
 155      52AAAF84 
 155      5388DDC1 
 156 0202 0B9D1AB1 		.ascii	"\013\235\032\261\242\311j\353\353\037\365i\305\323b"
 156      A2C96AEB 
 156      EB1FF569 
 156      C5D362
 157 0211 9B1029F8 		.ascii	"\233\020)\370\255\234\033\275\036\273\322\333\232\030"
 157      AD9C1BBD 
 157      1EBBD2DB 
 157      9A18
 158 021f 827D7E21 		.ascii	"\202}~!\277;\240\001\245XO\231\340\3427gj\312\035\372"
 158      BF3BA001 
 158      A5584F99 
 158      E0E23767 
 158      6ACA1DFA 
 159 0233 31AA516C 		.ascii	"1\252Ql\010\362\004h\204\020D\024S&m_wU\307V\227\221"
ARM GAS  /tmp/ccFpHK9d.s 			page 12


 159      08F20468 
 159      84104414 
 159      53266D5F 
 159      7755C756 
 160 0249 9ACE821E 		.ascii	"\232\316\202\036Qh7\3009\320)7J\306\242\276\376\216"
 160      516837C0 
 160      39D02937 
 160      4AC6A2BE 
 160      FE8E
 161 025b A4F9D407 		.ascii	"\244\371\324\007M\220\216\351\313r\236\376q\362\324"
 161      4D908EE9 
 161      CB729EFE 
 161      71F2D4
 162 026a 13B0F4E2 		.ascii	"\023\260\364\342\362\264\037{\321D\275\220\235T\343"
 162      F2B41F7B 
 162      D144BD90 
 162      9D54E3
 163 0279 7B715EF6 		.ascii	"{q^\366\"L<\330\236\347\301\350\372_\035\227\266\271"
 163      224C3CD8 
 163      9EE7C1E8 
 163      FA5F1D97 
 163      B6B9
 164 028b 9E159C88 		.ascii	"\236\025\234\210h\320l\326{p8p\\3*\0328\337\371i\255"
 164      68D06CD6 
 164      7B703870 
 164      5C332A1A 
 164      38DFF969 
 165 02a0 2DC89D70 		.ascii	"-\310\235pA\326\254\030q\321\250{\273\250\000\263\354"
 165      41D6AC18 
 165      71D1A87B 
 165      BBA800B3 
 165      EC
 166 02b1 AD14B585 		.ascii	"\255\024\265\205\312\346\306:\264b\345\230\374\337e"
 166      CAE6C63A 
 166      B462E598 
 166      FCDF65
 167 02c0 3D762305 		.ascii	"=v#\005\327\3021E\037\020`\233\005\260\257\272\271\332"
 167      D7C23145 
 167      1F10609B 
 167      05B0AFBA 
 167      B9DA
 168 02d2 899DA3AB 		.ascii	"\211\235\243\253\027-8\264\203n\240u@1\362\034\030\030"
 168      172D38B4 
 168      836EA075 
 168      4031F21C 
 168      1818
 169 02e4 898441EE 		.ascii	"\211\204A\356O\"\206\015B\351\255\222W\015%\3300\003"
 169      4F22860D 
 169      42E9AD92 
 169      570D25D8 
 169      3003
 170 02f6 C9EC04A6 		.ascii	"\311\354\004\2468\251\361\373P\032~\332!;\023\257\012"
 170      38A9F1FB 
 170      501A7EDA 
 170      213B13AF 
 170      0A
 171 0307 5714F72F 		.ascii	"W\024\367/\203\213\030\025\327\246o\373#\012\021\227"
ARM GAS  /tmp/ccFpHK9d.s 			page 13


 171      838B1815 
 171      D7A66FFB 
 171      230A1197 
 172 0317 04C9F033 		.ascii	"\004\311\3603\244\006y\262\214\243\312\315K\035\252"
 172      A40679B2 
 172      8CA3CACD 
 172      4B1DAA
 173 0326 8DD66A06 		.ascii	"\215\326j\006\214\366\022\012\273\024\247\260\014\322"
 173      8CF6120A 
 173      BB14A7B0 
 173      0CD2
 174 0334 D6E5786D 		.ascii	"\326\345xme\020\275WfTu5\306m+\030\250\016\013\267b"
 174      6510BD57 
 174      66547535 
 174      C66D2B18 
 174      A80E0BB7 
 175 0349 073049AF 		.ascii	"\0070I\257f\2417\203x\275f\362\312\254\244.#N;18\203"
 175      66A13783 
 175      78BD66F2 
 175      CAACA42E 
 175      234E3B31 
 176 035f 5F24A131 		.ascii	"_$\2411\341\336\256\272\023I\340{\014\341\264\004\233"
 176      E1DEAEBA 
 176      1349E07B 
 176      0CE1B404 
 176      9B
 177 0370 035A9C8A 		.ascii	"\003Z\234\2129t\315\241\342\353\244b\207\261)\373\253"
 177      3974CDA1 
 177      E2EBA462 
 177      87B129FB 
 177      AB
 178 0381 1BDB932D 		.ascii	"\033\333\223-*\376*\272\212lL\015\333-G\364\300\364"
 178      2AFE2ABA 
 178      8A6C4C0D 
 178      DB2D47F4 
 178      C0F4
 179 0393 4E4F65C3 		.ascii	"NOe\303\260\020;\005,\360\224\356\241`\335R\370\275"
 179      B0103B05 
 179      2CF094EE 
 179      A160DD52 
 179      F8BD
 180 03a5 C48C130D 		.ascii	"\304\214\023\015\356\355\362G\201\372\307a\011\276\366"
 180      EEEDF247 
 180      81FAC761 
 180      09BEF6
 181 03b4 765EAD70 		.ascii	"v^\255p>\353\203\223X\372\325di\364\342\256\373\334"
 181      3EEB8393 
 181      58FAD564 
 181      69F4E2AE 
 181      FBDC
 182 03c6 14E11704 		.ascii	"\024\341\027\004\371\233\344\212\0331\341\206\334\316"
 182      F99BE48A 
 182      1B31E186 
 182      DCCE
 183 03d4 01F11E05 		.ascii	"\001\361\036\005',\004\220\305\325>\256\254\000\003"
 183      272C0490 
 183      C5D53EAE 
ARM GAS  /tmp/ccFpHK9d.s 			page 14


 183      AC0003
 184 03e3 91CFA973 		.ascii	"\221\317\251s\347\234:\337J\355\270)!T\003\302\262\257"
 184      E79C3ADF 
 184      4AEDB829 
 184      215403C2 
 184      B2AF
 185 03f5 2A65DDB7 		.ascii	"*e\335\267\314\215%s\3503\232\277{0\225\360^\242\236"
 185      CC8D2573 
 185      E8339ABF 
 185      7B3095F0 
 185      5EA29E
 186 0408 240A757B 		.ascii	"$\012u{V=\277\203\216\011S\270=\023\217+\275f\300\370"
 186      563DBF83 
 186      8E0953B8 
 186      3D138F2B 
 186      BD66C0F8 
 187 041c ECF99CD9 		.ascii	"\354\371\234\331\277K\331\337\231'\373\317\010\261\237"
 187      BF4BD9DF 
 187      9927FBCF 
 187      08B19F
 188 042b 92B79980 		.ascii	"\222\267\231\200\003\004\350\220[\265-*\317h\331\376"
 188      0304E890 
 188      5BB52D2A 
 188      CF68D9FE 
 189 043b 98D464FB 		.ascii	"\230\324d\373f^\216\232\347\371\223\361h\0277\2258K"
 189      665E8E9A 
 189      E7F993F1 
 189      68173795 
 189      384B
 190 044d E5CE39A9 		.ascii	"\345\3169\251E\215\277\002\2032-;ip\010t\\;0V\337b3"
 190      458DBF02 
 190      83322D3B 
 190      69700874 
 190      5C3B3056 
 191 0464 367112DC 		.ascii	"6q\022\334E\207\330\320\2355h\037|\364?\203vX\016\332"
 191      4587D8D0 
 191      9D35681F 
 191      7CF43F83 
 191      76580EDA 
 192 0478 99A354C5 		.ascii	"\231\243T\305172\317\240mULik\361\307\363=Ri\334\370"
 192      313732CF 
 192      A06D554C 
 192      696BF1C7 
 192      F33D5269 
 193 048e 0D114DA3 		.ascii	"\015\021M\243\344\342\210\033\277\017\367\341\221?L"
 193      E4E2881B 
 193      BF0FF7E1 
 193      913F4C
 194 049d 0ABFFF82 		.ascii	"\012\277\377\202\361\373@*\177\354\271\361\033\011\015"
 194      F1FB402A 
 194      7FECB9F1 
 194      1B090D
 195 04ac 36396393 		.ascii	"69c\223uDN\326\207r\262Z\307\350\243\330\030%\0006F"
 195      75444ED6 
 195      8772B25A 
 195      C7E8A3D8 
 195      18250036 
ARM GAS  /tmp/ccFpHK9d.s 			page 15


 196 04c1 1DDADF65 		.ascii	"\035\332\337e\236/N\252}\034\267?\036x\350\361Zf\246"
 196      9E2F4EAA 
 196      7D1CB73F 
 196      1E78E8F1 
 196      5A66A6
 197 04d4 6EFC96E7 		.ascii	"n\374\226\347\345\257\316\3778'#\373\023\275\300\247"
 197      E5AFCEFF 
 197      382723FB 
 197      13BDC0A7 
 198 04e4 7B8B749F 		.ascii	"{\213t\237\327\255\273\363<\276\265\231n\246\024\025"
 198      D7ADBBF3 
 198      3CBEB599 
 198      6EA61415 
 199 04f4 DA36AD5A 		.ascii	"\3326\255Z\2671\367\235\027\330\273\013<\236\202\365"
 199      B731F79D 
 199      17D8BB0B 
 199      3C9E82F5 
 200 0504 7A6181B7 		.ascii	"za\201\267\310\247\177\220\235\265<k3:\273\013\274\271"
 200      C8A77F90 
 200      9DB53C6B 
 200      333ABB0B 
 200      BCB9
 201 0516 2B37BDED 		.ascii	"+7\275\355\311\314c\357\317\357\230\273\271H_\236\225"
 201      C9CC63EF 
 201      CFEF98BB 
 201      B9485F9E 
 201      95
 202 0527 B32247CF 		.ascii	"\263\"G\317_\357^\267qM\256\356\366\370\362}+\327\272"
 202      5FEF5EB7 
 202      714DAEEE 
 202      F6F8F27D 
 202      2BD7BA
 203 053a DDE8FCFA 		.ascii	"\335\350\374\372\213\263\2341\317\363m\361\241iJVNv"
 203      8BB39C31 
 203      CFF36DF1 
 203      A1694A56 
 203      4E76
 204 054c DAEA55BE 		.ascii	"\332\352U\276\334Bo\376\222\264\364\245L\3612\315\223"
 204      DC426FFE 
 204      92B4F4A5 
 204      4CF132CD 
 204      93
 205 055d EB29F06E 		.ascii	"\353)\360nYX\030*8\217\361\242\015\205o,\010\325\235"
 205      5958182A 
 205      388FF1A2 
 205      0D856F2C 
 205      08D59D
 206 0570 B706EDFF 		.ascii	"\267\006\355\377\003\0075\253e"
 206      030735AB 
 206      65
 207              		.text
 208              		.section	.gnu.lto_chMsgRelease.489be3061b069d04,"",%progbits
 209 0000 789C8D53 		.ascii	"x\234\215SMLTW\024>\347\3367?\010\265\354\265\311\260"
 209      4D4C5457 
 209      143EE7DE 
 209      373F08B5 
 209      ECB5C9B0 
ARM GAS  /tmp/ccFpHK9d.s 			page 16


 210 0014 1809C6F2 		.ascii	"\030\011\306\362$i\322.\3344\254\272\030\233\200{\243"
 210      2469D22E 
 210      DC34ACBA 
 210      189B807B 
 210      A3
 211 0025 CF893389 		.ascii	"\317\2113\211\343\220yhd\305\005yR\273r!F+f\342\017"
 211      E3907968 
 211      64C50579 
 211      52BB7221 
 211      462B66E2 
 212 003a 01451451 		.ascii	"\001E\024Ql\247 <~j\253\261%\255XHH\223)\206\242\342"
 212      6CA7203C 
 212      7E6AABB1 
 212      25AD5848 
 212      48932986 
 213 0050 021A35A6 		.ascii	"\002\0325\246\376L\317\271\303\030\235\021\365\345%"
 213      FE4CCFB9 
 213      C3189D11 
 213      F5E525
 214 005f 73EEBDDF 		.ascii	"s\356\275\337\367\335s\276\371\236\001\010\374\264\031"
 214      F7DD73BE 
 214      F99E0108 
 214      FCB419
 215 006e 009F50B9 		.ascii	"\000\237P\271\206j\224\200\342\320o\000M~\201\310\205"
 215      866A9480 
 215      E2D06F00 
 215      4D7E81C8 
 215      85
 216 007f F223340A 		.ascii	"\362#4\012l\304\307\342\205\300\321\326\177R\242\242"
 216      6CC4C7E2 
 216      85C0D1D6 
 216      7F52A2A2 
 217 008f 53D1939E 		.ascii	"S\321\223\236\353\254R].:\022 #\264\022`'V\020\352\367"
 217      EBAC525D 
 217      2E3A1220 
 217      23B41260 
 217      275610EA 
 218 00a4 96DE76F9 		.ascii	"\226\336v\371H8\022\321\240\345\322\257\337\335]\315"
 218      483812D1 
 218      A0E5D2AF 
 218      DFDD5DCD 
 219 00b4 4B81015A 		.ascii	"K\201\001Z\216\317=\377\243XV P\335\336\231>ST\336\241"
 219      8ECF3DFF 
 219      A3585620 
 219      50DDDE99 
 219      3E5354DE 
 220 00c9 54B352CF 		.ascii	"T\263R\317v\250\"GJ<\207\222\364\360,\256\305.\\\013"
 220      76A82247 
 220      4A3C8792 
 220      F4F02CAE 
 220      C52E5C0B 
 221 00dd B405D88D 		.ascii	"\264\005\330\215\345\204\276\325\233\2322\344\006\315"
 221      E584BED5 
 221      9B9A32E4 
 221      06CD
 222 00eb 3CBC303F 		.ascii	"<\2740?\37513\351I\206\231i\340\371|\246\001\330\203"
 222      FD3133E9 
ARM GAS  /tmp/ccFpHK9d.s 			page 17


 222      49869969 
 222      E0F97CA6 
 222      01D883
 223 00fe E50C9FBD 		.ascii	"\345\014\237\275\364\262\355#o\013\243\003\007s\035"
 223      F4B2ED23 
 223      6F0BA303 
 223      07731D
 224 010d E305F4B2 		.ascii	"\343\005\364\262\007\027k\\\225\311\354W*U\325\023\364"
 224      07176B5C 
 224      95C9EC57 
 224      2A55D513 
 224      F4
 225 011e 51D7749D 		.ascii	"Q\327t\235\201\232\012\213\004d\037\226\204\340_9\213"
 225      819A0A8B 
 225      04641F96 
 225      84E05F39 
 225      8B
 226 012f CDA52C38 		.ascii	"\315\245,8?\330:\211r\243\356\245\177h\372\350\252\340"
 226      3FD83A89 
 226      72A3EEA5 
 226      7F68FAE8 
 226      AAE0
 227 0141 699E22FD 		.ascii	"i\236\"\375\327\331\320H\307\001u\250\311\357H\017^"
 227      D7D9D048 
 227      C70175A8 
 227      C9EF480F 
 227      5E
 228 0152 7CB323ED 		.ascii	"|\263#\355Q/\006\211\323z_]3\330\024\017\006\360\022"
 228      512F0689 
 228      D37A5F5D 
 228      33D8140F 
 228      06F012
 229 0165 9DCD63F3 		.ascii	"\235\315c\363\354p\353\255\317\336l\326\2751)t\237\031"
 229      EC70EBAD 
 229      CFDE6CD6 
 229      BD312974 
 229      9F19
 230 0177 817973B8 		.ascii	"\201ys\270KG\236\242\007\260\217\017E\376a\352\366q"
 230      4B479EA2 
 230      07B08F0F 
 230      45FE61EA 
 230      F671
 231 0189 44BE0BF0 		.ascii	"D\276\013\3602\003d\276\013\200W\320K\355\364\263\007"
 231      320364BE 
 231      0B8057D0 
 231      4BEDF4B3 
 231      07
 232 019a 085348E7 		.ascii	"\010SH\347\247\222}OW\225\335\303\244:\032p\244\227"
 232      A7927D4F 
 232      5795DDC3 
 232      A43A1A70 
 232      A497
 233 01ac 293D7707 		.ascii	")=w\007\224\337 \023\360*\226\001\357,>\234\234\021"
 233      94DF2013 
 233      F02A9601 
 233      EF2C3E9C 
 233      9C11
ARM GAS  /tmp/ccFpHK9d.s 			page 18


 234 01be B483DFA3 		.ascii	"\264\203\337\243\241;\007\374A\377\317]Ccs%e\013\313"
 234      A13B07FC 
 234      41FFCF5D 
 234      43637325 
 234      650BCB
 235 01d1 6C1F63FF 		.ascii	"l\037c\377\275\320w\247X\263S\314\306\037\321\200Y\024"
 235      BDD077A7 
 235      58B353CC 
 235      C61FD180 
 235      5914
 236 01e3 DA04A0AA 		.ascii	"\332\004\240\2529}\346\034\362x\204m\352>\336^\222u"
 236      397DE61C 
 236      F278846D 
 236      EA3EDE5E 
 236      9275
 237 01f5 D11DFE56 		.ascii	"\321\035\376V\036SnK\340-y\320\036\016`p?\345\202\004"
 237      1E536E4B 
 237      E02D79D0 
 237      1E0E6070 
 237      3FE58204 
 238 0209 DCDB3773 		.ascii	"\334\3337s\002m\377M\235,f\001\365\272@A,\264\300 \013"
 238      026DFF4D 
 238      9D2C6601 
 238      F5BA4041 
 238      2CB4C020 
 239 021e 18700F9D 		.ascii	"\030p\017\235\364\324\304\223\252|\323\357\010F\360"
 239      F4D4C493 
 239      AA7CD3EF 
 239      0846F0
 240 022d 35CBE61B 		.ascii	"5\313\346\033\205\366]\323\366\015\241\266)\225z8\343"
 240      85F65DD3 
 240      F60DA1B6 
 240      29957A38 
 240      E3
 241 023e 6B7CA1BE 		.ascii	"k|\241\276Q\252\324\221\376\214\360\350s\034\306F\240"
 241      51AAD491 
 241      FE8CF0E8 
 241      731CC646 
 241      A0
 242 024f 4EE92E47 		.ascii	"N\351.G\026\361\350:s\003\331\351\263\213\301e+J\013"
 242      16F1E83A 
 242      7303D9E9 
 242      B38BC165 
 242      2B4A0B
 243 0262 A2747FF3 		.ascii	"\242t\177\363{\242\344\352(\035qF'|\331(\001\216\254"
 243      7BA2E4EA 
 243      281D7146 
 243      277CD928 
 243      018EAC
 244 0275 1CA5837F 		.ascii	"\034\245\203\177\346\242\344-\234f\224\247)\010X\222"
 244      E6A2E42D 
 244      9C6694A7 
 244      29085892 
 245 0285 6718638A 		.ascii	"g\030c\212\257 `\013'(`.;4\276B\300~\322\016]\177-`"
 245      AF20600B 
 245      2728602E 
 245      3B34BE42 
ARM GAS  /tmp/ccFpHK9d.s 			page 19


 245      C07ED20E 
 246 029d 2F937F0F 		.ascii	"/\223\177\017\025\347\2623\242\263\363\263\316N~P~\311"
 246      15E7B233 
 246      A2B3F3B3 
 246      CE4E7E50 
 246      7EC9
 247 02af 05852F80 		.ascii	"\005\205/\200\007\024\224\216\356\"n^\017\276H\037\003"
 247      0714948E 
 247      EE226E5E 
 247      0FBE481F 
 247      03
 248 02c0 7D8C045F 		.ascii	"}\214\004_WYif\337\352Ht{\364\353\332Ok\266\230q\333"
 248      57596966 
 248      DFEA4874 
 248      7BF4EBDA 
 248      4F6BB698 
 249 02d6 4CD49B76 		.ascii	"L\324\233v\3022\255H\314\336Yi\201\250\257\223Ty\366"
 249      C232AD48 
 249      CCDE5969 
 249      81A8AF93 
 249      5479F6
 250 02e9 6EDBB527 		.ascii	"n\333\265'\374\305\012\034+\036\213\305w\233u\361D\275"
 250      FCC50A1C 
 250      2B1E8BC5 
 250      779B75F1 
 250      44BD
 251 02fb 6D7E5913 		.ascii	"m~Y\023\252\016\355#\001+\236\010o\335\373y\2542\002"
 251      AA0EED23 
 251      012B9E08 
 251      6FDDFB79 
 251      AC3202
 252 030e 9BDE4D0C 		.ascii	"\233\336M\014\357\2537\253C\265_\325\232\321\335\326"
 252      EFAB37AB 
 252      43B55FD5 
 252      9AD1DDD6 
 253 031e AE3D3BC2 		.ascii	"\256=;\302\246\025\263\243\366\326\235\226E\344\365"
 253      A615B3A3 
 253      F6D69D96 
 253      45E4F5
 254 032d 2B77FA0A 		.ascii	"+w\372\012\036\261\033l\202\226\206jk\002\333\267\331"
 254      1EB11B6C 
 254      8296866A 
 254      6B02DBB7 
 254      D9
 255 033e E1BA4474 		.ascii	"\341\272DtC \270\021D\002|\261p,\236h\3700\031\036:"
 255      4320B811 
 255      44027CB1 
 255      702C9E68 
 255      F830191E 
 256 0353 02FF032D 		.ascii	"\002\377\003->\337\325"
 256      3EDFD5
 257              		.text
 258              		.section	.gnu.lto_.symbol_nodes.489be3061b069d04,"",%progbits
 259 0000 789C55CB 		.ascii	"x\234U\313=\012\302@\030\204\341w\366\333\365\0321'"
 259      3D0AC240 
 259      1884E177 
 259      F6DBF51A 
ARM GAS  /tmp/ccFpHK9d.s 			page 20


 259      3127
 260 0012 FDB6B0B3 		.ascii	"\375\266\260\263\021r\233\324A\301\"w\010\004+k\377"
 260      11729BD4 
 260      41C12277 
 260      08042B6B 
 260      FF
 261 0023 02D1D5CA 		.ascii	"\002\321\325\312\235f\340\031&\":J\302M\016\207\021"
 261      9D66E019 
 261      26223A4A 
 261      C24D0E87 
 261      11
 262 0034 4AF5B985 		.ascii	"J\365\271\205\364\024\333\357r\227\253Z\302C\036*\321"
 262      F414DBEF 
 262      7297AB5A 
 262      C2431E2A 
 262      D1
 263 0045 22B79F40 		.ascii	"\"\267\237@\316\345\245\227<V\360\226\247\1770\022\363"
 263      CEE5A597 
 263      3C56F096 
 263      A77F3012 
 263      F3
 264 0056 F9644664 		.ascii	"\371dFd\267\2776\026\"\303\361\"\263\015\303\264\212"
 264      B7BF3616 
 264      22C3F122 
 264      B30DC3B4 
 264      8A
 265 0067 0FAE0F25 		.ascii	"\017\256\017%\226"
 265      96
 266              		.text
 267              		.section	.gnu.lto_.refs.489be3061b069d04,"",%progbits
 268 0000 789C6361 		.ascii	"x\234ca`d\340c`\000\222\014\214\214LL\014\214,\014\214"
 268      6064E063 
 268      6000920C 
 268      8C8C4C4C 
 268      0C8C2C0C 
 269 0015 DC0C0001 		.ascii	"\334\014\000\001\366\000,"
 269      F6002C
 270              		.text
 271              		.section	.gnu.lto_.decls.489be3061b069d04,"",%progbits
 272 0000 789CB55A 		.ascii	"x\234\265ZyP\024Y\232\257\227/)\252\212\002\\uf\373"
 272      79501459 
 272      9AAF972F 
 272      29AA8A02 
 272      5C7566FB 
 273 0014 0F26A2B7 		.ascii	"\017&\242\267\203\236awc\244{\272\267\247'\242c\267"
 273      839E6177 
 273      63A47BBA 
 273      B7A727A2 
 273      63B7
 274 0026 67DDDD99 		.ascii	"g\335\335\231\336\330\236q\332\351\231\211\330\330\255"
 274      DED89E71 
 274      DAE99989 
 274      D8D8AD
 275 0035 462C8569 		.ascii	"F,\205i\256\256*\273\365\257I.\021\244\005DEP\024\361"
 275      AEAE2ABB 
 275      F5AF492E 
 275      11A40544 
ARM GAS  /tmp/ccFpHK9d.s 			page 21


 275      455014F1 
 276 0049 44415150 		.ascii	"DAQP\344\222\022\345P\0249\024D\224\303\003o\224C\356"
 276      E49212E5 
 276      50143914 
 276      4494C303 
 276      6F9443EE 
 277 005d 63BF7754 		.ascii	"c\277wTeV\231\245\316\037[\372Q\3652\277\367}\277\357"
 277      655699A5 
 277      CE1F5BFA 
 277      51F532BF 
 277      F77DBFEF 
 278 0071 CC972F53 		.ascii	"\314\227/S\324 \015\371\004\374L\243\271\244\325h\336"
 278      D4200DF9 
 278      04FC4CA3 
 278      B9A4D568 
 278      DE
 279 0082 12349A79 		.ascii	"\0224\232y\370\210p\354\017@\344l\200\206}\340\264&"
 279      F88870EC 
 279      0F40E46C 
 279      80867DE0 
 279      B426
 280 0094 160E2400 		.ascii	"\026\016$\000%\003}\017\224\001\224\211\030\3373\244"
 280      25037D0F 
 280      94019489 
 280      18DF33A4 
 281 00a4 71F910DE 		.ascii	"q\371\020\336\305\360\275P\303\276O\002\375\006\216"
 281      C5F0BD50 
 281      C3BE4F02 
 281      FD068E
 282 00b3 3D474CE6 		.ascii	"=GL\346\020|\017\002]\007\252\205\361(|O\002\375\026"
 282      107C0F02 
 282      5D07AA85 
 282      F1287C4F 
 282      02FD16
 283 00c6 E87F817E 		.ascii	"\350\177\201~\007\204\201\246\200\322\201\246\201R\201"
 283      078481A6 
 283      80D281A6 
 283      815281
 284 00d5 0CC07B0F 		.ascii	"\014\300{\017\276\233\201\376\007h5\3202\240u@\277\007"
 284      BE9B81FE 
 284      076835D0 
 284      32A07540 
 284      BF07
 285 00e7 FA02C802 		.ascii	"\372\002\310\002\024\005\244\3478\346\0106\260M\013"
 285      1405A4E7 
 285      38E60836 
 285      B04D0B
 286 00f6 E42330DC 		.ascii	"\344#0\334\004\277/\374\366\027\350)j\273\273\015\304"
 286      04BF2FFC 
 286      F617E829 
 286      6ABBBB0D 
 286      C4
 287 0107 D6050A1B 		.ascii	"\326\005\012\033\034\370\225x\225v\374\226\343\236\346"
 287      1CF89578 
 287      9576FC96 
 287      E39EE6
 288 0116 36A6721B 		.ascii	"6\246r\033\274\025\230\227q\234\353\024X\365\\\227\022"
ARM GAS  /tmp/ccFpHK9d.s 			page 22


 288      BC159897 
 288      719CEB14 
 288      58F55C97 
 288      12
 289 0127 E7DF090C 		.ascii	"\347\337\011\014\343\273\202\214S\315\317\311\334'\177"
 289      E3BB828C 
 289      53CDCFC9 
 289      DC277F
 290 0136 70C349FC 		.ascii	"p\303I\374\255\304\371c\230\277\201\317\325\361yJ}A"
 290      ADC4F963 
 290      98BF81CF 
 290      D5F1794A 
 290      7D41
 291 0148 028BA552 		.ascii	"\002\213\245RW\260\340\252kV@\2073\256U\340n\324\205"
 291      57B0E0AA 
 291      6B564087 
 291      33AE55E0 
 291      6ED485
 292 015b 08CB027A 		.ascii	"\010\313\002z\024!\366\027Q\3220\242C\370!hx~8\016!"
 292      1421F617 
 292      51D230A2 
 292      43F82168 
 292      787E380E 
 293 0170 0723F90B 		.ascii	"\007#\371\013\177\004\304\217i\234\302\350\177>\237"
 293      7F04C48F 
 293      699CC2E8 
 293      7F3E9F
 294 017f E623FD50 		.ascii	"\346#\375P!\262t\304'!'\002zZ\303\316;\245\262/A\236"
 294      21B274C4 
 294      27212702 
 294      7A5AC3CE 
 294      3BA5B22F 
 295 0195 A090C7E0 		.ascii	"\240\220\307\340rq2f\247M\310at\177\331\235ro, \362"
 295      72713266 
 295      A74DC861 
 295      747FD99D 
 295      726F2C20 
 296 01aa BB77F2D0 		.ascii	"\273w\362\320\177,)\224\340\223.IB\200\354\231\304\357"
 296      7F2C2994 
 296      E0932E49 
 296      4280EC99 
 296      C4EF
 297 01bc 8BB20CA3 		.ascii	"\213\262\014\243\002\322\032\020\021\357\015\207\356"
 297      02D21A10 
 297      11EF0D87 
 297      EE
 298 01c9 3E9F3A25 		.ascii	">\237:%\262Cd\302Z8\224\233}\363\270\037\376\001\025"
 298      B24364C2 
 298      5A38949B 
 298      7DF3B81F 
 298      FE0115
 299 01dc D59A50BC 		.ascii	"\325\232P\274\023\303\351\205\006$\302p\350r\316\035"
 299      13C3E985 
 299      0624C270 
 299      E872CE1D 
 300 01ec 3F182E36 		.ascii	"?\030.6\240\267g\005\241f\374X\275\016\005\031\016\220"
 300      A0B76705 
ARM GAS  /tmp/ccFpHK9d.s 			page 23


 300      A166FC58 
 300      BD0E0519 
 300      0E90
 301 01fe A97DF333 		.ascii	"\251}\3633K\343%\011\241bd@\205\010\243\002\264\204"
 301      4BE32509 
 301      A1626440 
 301      8508A302 
 301      B484
 302 0210 20D492D0 		.ascii	" \324\222\320o\240h\342\245\205\215~\032t\024\005\240"
 302      6FA068E2 
 302      A5858D7E 
 302      1A741405 
 302      A0
 303 0221 2214A041 		.ascii	"\"\024\240A\307P\020QL\030\321\0218x\030\016\202\226"
 303      C7501051 
 303      4C18D111 
 303      3878180E 
 303      8296
 304 0233 E1C9E7A5 		.ascii	"\341\311\347\245\"\376\234\000\020\252S\236T\353\235"
 304      22FE9C00 
 304      10AA539E 
 304      54EB9D
 305 0242 2ABAD72F 		.ascii	"*\272\327/9\"I\013P\011\2508.\253\000\215\036u\234P"
 305      3922490B 
 305      5009A838 
 305      2EAB008D 
 305      1E759C50 
 306 0256 D7D199DA 		.ascii	"\327\321\231\332\336\255\305k\251\216\023\311]\331^"
 306      DEADC56B 
 306      A98E13C9 
 306      5DD95E
 307 0265 C810A42E 		.ascii	"\310\020\244.\340\224\212\000\206f\266\341\337Z\223"
 307      E0948A00 
 307      8666B6E1 
 307      DF5A93
 308 0274 C0C3E824 		.ascii	"\300\303\350$\300)\225\341\224P8\240$\253\377\331c\255"
 308      C02995E1 
 308      945038A0 
 308      24ABFFD9 
 308      63AD
 309 0286 48D29070 		.ascii	"H\322\220p\254\020\311\261\262\301#e\276\314\243v2>"
 309      AC10C9B1 
 309      B2C12365 
 309      BECCA376 
 309      323E
 310 0298 34B07393 		.ascii	"4\260s\223\221\215?\206\341\325\226\236\375\030\327"
 310      918D3F86 
 310      E1D5969E 
 310      FD18D7
 311 02a7 22EAFD5B 		.ascii	"\"\352\375[\215\005G\210\367\177\302\342\345\017\207"
 311      8D054788 
 311      F77FC2E2 
 311      E50F87
 312 02b6 8E3D299F 		.ascii	"\216=)\237\364e\207\010G[\332\360>o\334D\331\205\372"
 312      F4658708 
 312      475BDAF0 
 312      3E6FDC44 
ARM GAS  /tmp/ccFpHK9d.s 			page 24


 312      D985FA
 313 02c9 EF4B4EF8 		.ascii	"\357KN\3708|\2257\177\027\"\252C5\240\271Z\306\366\023"
 313      387C9537 
 313      7F1722AA 
 313      4335A0B9 
 313      5AC6F613 
 314 02dd EEA9B897 		.ascii	"\356\251\270\227\015=\003\206\376\204\033Z\005\007+"
 314      0D3D0386 
 314      FE841B5A 
 314      05072B
 315 02ec 99A70AF6 		.ascii	"\231\247\012\366e\344kq\007S\221]zx\334\240\010\307"
 315      65E46B71 
 315      0753915D 
 315      7A78DCA0 
 315      08C7
 316 02fe 8785241C 		.ascii	"\207\205$\034\265\240\303.\353\250A\236\225\234UW\""
 316      B5A0C32E 
 316      EBA8419E 
 316      959C5557 
 316      22
 317 030f 6D99DEED 		.ascii	"m\231\336\355\213{\231\222\035Y5\325<\036*\022\352T"
 317      8B7B9992 
 317      1D5935D5 
 317      3C1E2A12 
 317      EA54
 318 0321 24F07824 		.ascii	"$\360x$\361x\234\007<\347d<\265\216x\334,\371\376\234"
 318      F1789C07 
 318      3CE7643C 
 318      B58E78DC 
 318      2CF9FE9C 
 319 0335 0EDF67CE 		.ascii	"\016\337g\316\315\251\034\275\350\305\034\257\203a\372"
 319      CDA91CBD 
 319      E8C51CAF 
 319      8361FA
 320 0344 CDC92A1F 		.ascii	"\315\311*\037\374\214\235;2\236p\322\037\217\262\201"
 320      FC8C9D3B 
 320      329E70D2 
 320      1F8FB281 
 321 0354 23628B79 		.ascii	"#b\213y\304\2462\313O\372\340)v\362\374\235\366F/,\261"
 321      C4A632CB 
 321      4FFAE029 
 321      76F2FC9D 
 321      F6462F2C 
 322 0369 C2CBABED 		.ascii	"\302\313\253\355\377)\316`\277+\266V=\325\341mlpv\266"
 322      FF29CE60 
 322      BF2BB656 
 322      3DD5E16D 
 322      6C7076B6 
 323 037d 6BA7011F 		.ascii	"k\247\001\037`\203\266\347\227r}\230\342\0050<5p\241"
 323      6083B6E7 
 323      97727D98 
 323      E205303C 
 323      3570A1
 324 0390 DEC0C44B 		.ascii	"\336\300\304K\010\3063\373\257\\\327\341\243\214\267"
 324      08C633FB 
 324      AF5CD7E1 
 324      A38CB7
ARM GAS  /tmp/ccFpHK9d.s 			page 25


 325 039f B2ACAA9E 		.ascii	"\262\254\252\236\203|\017\206\361ws\373\375p\031;W\237"
 325      837C0F86 
 325      F17773FB 
 325      FD70193B 
 325      579F
 326 03b1 96906AC0 		.ascii	"\226\220j\300v\201\345\360\300\216\\g\235\330\267i\001"
 326      7681E5F0 
 326      C08E5C67 
 326      9DD8B769 
 326      01
 327 03c2 512778E1 		.ascii	"Q'x\341\232\273\027\324}\332\241\036\225\035#\267\036"
 327      9ABB17D4 
 327      7DDAA11E 
 327      951D23B7 
 327      1E
 328 03d3 EA99F620 		.ascii	"\352\231\366 \222\011\025#\373\265\370\022\323~{~\356"
 328      92091523 
 328      FBB5F812 
 328      D37E7B7E 
 328      EE
 329 03e4 CFF81AFB 		.ascii	"\317\370\032\373\235\\\230\\\357\207o\261A~M\345\023"
 329      9D5C985C 
 329      EF876FB1 
 329      417E4DE5 
 329      13
 330 03f5 6FFC940D 		.ascii	"o\374\224\015\034\015c!m\030\350\320\243\336\031\214"
 330      1C0D6321 
 330      6D18E8D0 
 330      A3DE198C 
 331 0405 67D8B9FE 		.ascii	"g\330\271\376\233\015\305~x\216\033:\276\243\322\037"
 331      9B0DC57E 
 331      788E1B3A 
 331      BEA3D21F 
 332 0415 27623AB8 		.ascii	"'b:\270|g~\330\200S\331\240,g\316.\342L6\350\227\246"
 332      7C677ED8 
 332      8053D9A0 
 332      2C67CE2E 
 332      E24C36E8 
 333 042b B38D388B 		.ascii	"\263\2158\213\016\204\312\224[\267D\217u{\317S\335\332"
 333      0E84CA94 
 333      5BB7448F 
 333      757BCF53 
 333      DDDA
 334 043d 738877EE 		.ascii	"s\210w\356\202w\356\250\324\354\306\255O\017\370\341"
 334      8277EEA8 
 334      D4ECC6AD 
 334      4F0FF8E1 
 335 044d 5CA66EFA 		.ascii	"\\\246n\372\301\226.\304\340\033a\030W\331\225\341\317"
 335      C1962EC4 
 335      E01B6118 
 335      57D995E1 
 335      CF
 336 045e 42D54723 		.ascii	"B\325G#9\265aN\304\207\031o\375\225\274\021\035>\301"
 336      39B5614E 
 336      C487196F 
 336      FD95BC11 
 336      1D3EC1
ARM GAS  /tmp/ccFpHK9d.s 			page 26


 337 0471 06E5199B 		.ascii	"\006\345\031\233!\372\247\331\240g\373\306J\037\334"
 337      21FAA7D9 
 337      A067FBC6 
 337      4A1FDC
 338 0480 C40667D2 		.ascii	"\304\006g\322\206O\353q\033\033$M\334.\366\307\335\330"
 338      864FEB71 
 338      1B1B244D 
 338      DC2EF6C7 
 338      DDD8
 339 0492 252F16B3 		.ascii	"%/\026\263\274x\024o\357\027\361mv\356X\342\335\002"
 339      BC78146F 
 339      EF17F16D 
 339      76EE58E2 
 339      DD02
 340 04a4 1D9C0B80 		.ascii	"\035\234\013\200N\200\024m \200\265\201R\373H\221\210"
 340      4E80146D 
 340      2080B581 
 340      52FB4891 
 340      88
 341 04b5 EF33B7B4 		.ascii	"\3573\267\264\226t\325\311-s~\364\227\264+\277\000{"
 341      9674D5C9 
 341      2D737EF4 
 341      97B42BBF 
 341      007B
 342 04c7 47647B03 		.ascii	"Gd{\003\234\311\360<_\322\276\245A\037\004\240\367\300"
 342      9CC9F03C 
 342      5FD2BEA5 
 342      411F04A0 
 342      F7C0
 343 04d9 6BA3E0B5 		.ascii	"k\243\340\265\000\356\265a\360\332\020o\002\273\017"
 343      00EEB561 
 343      F0DA106F 
 343      02BB0F
 344 04e8 9DF7C543 		.ascii	"\235\367\305CL\301\323-\2177`E\023\010\240=y\002\024"
 344      4CC1D32D 
 344      8F376045 
 344      1308A03D 
 344      790214
 345 04fb 8CC90A5E 		.ascii	"\214\311\012^ \017\032\306\3255\304e\266\027\352\361"
 345      200F1AC6 
 345      D535C465 
 345      B617EAF1 
 346 050b 24D3B0A5 		.ascii	"$\323\260\245\250\350\210|a\231M\372\227j\242a\0324"
 346      A8E8887C 
 346      61994DFA 
 346      976AA261 
 346      1A34
 347 051d 4CCA1A26 		.ascii	"L\312\032&<i\230R\327\2605g\340-\034+R\207mL\235;\206"
 347      3C699852 
 347      D7B03567 
 347      E02D1C2B 
 347      52876D4C 
 348 0534 71121D08 		.ascii	"q\022\035\010\343\325{K\345\332\231@\013\300\307\006"
 348      E3D57B4B 
 348      E5DA9940 
 348      0BC0C706 
 349 0544 34FB069A 		.ascii	"4\373\006\232\346\3245\335\312}6\"\3424\246j\337\271"
ARM GAS  /tmp/ccFpHK9d.s 			page 27


 349      E6D435DD 
 349      CA7D3622 
 349      E234A66A 
 349      DFB9
 350 0556 63ADDE78 		.ascii	"c\255\336x+S5\333\373\264\314\317\251j\012T\305\013"
 350      2B5335DB 
 350      FBB4CCCF 
 350      A96A0A54 
 350      C50B
 351 0568 06142BBC 		.ascii	"\006\024+\274^U\234\240\252j0\341^\037o&o\221\336\264"
 351      5E559CA0 
 351      AA6A30E1 
 351      5E1F6F26 
 351      6F91DEB4 
 352 057c 65FB0778 		.ascii	"e\373\007x\027S\374t\177\363\011R\275A\006\364\027E"
 352      1753FC74 
 352      7FF30952 
 352      BD4106F4 
 352      1745
 353 058e CA04B194 		.ascii	"\312\004\261\224\331\231q;K\217\3673X[\013&\362\005"
 353      D999713B 
 353      4B8FF733 
 353      585B0B26 
 353      F205
 354 05a0 47C7CD8B 		.ascii	"G\307\315\213\227\336\211=\016*/\202\232\006RJ)\240"
 354      97DE893D 
 354      0E2A2F82 
 354      9A06524A 
 354      29A0
 355 05b2 3B88EB4E 		.ascii	";\210\353N\022\002\320z\301\321r\347\237\370\226\223"
 355      1202D07A 
 355      C1D172E7 
 355      9FF89693 
 356 05c2 D0248315 		.ascii	"\320$\203\025\033d+\202x1%%\034J\363\301\305L\311\256"
 356      1B642B82 
 356      78312525 
 356      1C4AF3C1 
 356      C54CC9AE 
 357 05d6 8CB14A83 		.ascii	"\214\261J\203g%\337{T\322\275\376\237\351e&\025\224"
 357      6725DF7B 
 357      54D2BDFE 
 357      9FE96526 
 357      1594
 358 05e8 6C949580 		.ascii	"l\224\225\200N\246\245\347X\367y\021\2273-\265\247\272"
 358      4EA6A5E7 
 358      58F77911 
 358      97332DB5 
 358      A7BA
 359 05fa 86B49EB5 		.ascii	"\206\264\236\265\244{\324\222=\020\226{U\222\336Fi\240"
 359      A47BD492 
 359      3D10967B 
 359      5592DE46 
 359      69A0
 360 060c 6693AC26 		.ascii	"f\223\254&\325\241\346@\353\223\315\2021En\240\224\323"
 360      D5A1E640 
 360      EB93CD82 
 360      31456EA0 
ARM GAS  /tmp/ccFpHK9d.s 			page 28


 360      94D3
 361 061e D16F3428 		.ascii	"\321o4(C0\362uV\334\355S\035\010O\2620\\\233\250\236"
 361      4330F275 
 361      56DCED53 
 361      1D084FB2 
 361      305C9BA8 
 362 0633 32E2393A 		.ascii	"2\3429:\020K\342z\367@\374\003\020\314B,\013\310\032"
 362      104BE27A 
 362      F740FC03 
 362      10CC422C 
 362      0BC81A
 363 0646 4D83B240 		.ascii	"M\203\262@T\246\200\035\313\330\034\011\360?\377\013"
 363      54A6801D 
 363      CBD81C09 
 363      F03FFF0B 
 364 0656 390CBF75 		.ascii	"9\014\277u\364[%)\266\2005\344\224\006m\003[\266\012"
 364      F45B2529 
 364      B68035E4 
 364      94066D03 
 364      5BB60A
 365 0669 34256E34 		.ascii	"4%n4\\J\320\0328w\372\353\270\037\037\031\350\360s\261"
 365      5C4AD01A 
 365      3877FAEB 
 365      B81F1F19 
 365      E8F073B1 
 366 067d 6ABB8B55 		.ascii	"j\273\213U\331N\253\316^\216/\360\301\361^\254\375\317"
 366      D94EABCE 
 366      5E8E2FF0 
 366      C1F15EAC 
 366      FDCF
 367 068f EEB9EB8D 		.ascii	"\356\271\353\215\223\331`b\373\205}\2768\215\0156\027"
 367      93D96062 
 367      FB857DBE 
 367      388D0D36 
 367      17
 368 06a0 B6746A71 		.ascii	"\266tjq&\033\364\034\235\253\322\342ml\260\373\346P"
 368      261BF41C 
 368      9DABD2E2 
 368      6D6CB0FB 
 368      E650
 369 06b2 9137CEA6 		.ascii	"\2217\316\246\003\341~\306\201\022\350\252AJ\315\177"
 369      03E17EC6 
 369      8112E8AA 
 369      414ACD7F 
 370 06c2 F8A1DCBE 		.ascii	"\370\241\334\276\367\000\330/\215<\010\254\\v4\370\223"
 370      F700D82F 
 370      8D3C08AC 
 370      5C7634F8 
 370      93
 371 06d3 154D9E60 		.ascii	"\025M\236`D\273\345\370|id\360\372\342\352\333u8\237"
 371      44BBE5F8 
 371      7C6964F0 
 371      FAE2EADB 
 371      75389F
 372 06e6 A91A1ABC 		.ascii	"\251\032\032\274:\343\213\017\260\2014y\346\206\026"
 372      3AE38B0F 
 372      B0813479 
ARM GAS  /tmp/ccFpHK9d.s 			page 29


 372      E68616
 373 06f5 1F6683EE 		.ascii	"\037f\203\356\255\023}z\\\304\006\215\3276\326\210\270"
 373      AD137D7A 
 373      5CC4068D 
 373      D736D688 
 373      B8
 374 0706 980D0E36 		.ascii	"\230\015\0166\365I^\270\204\015\252R\232ft\370\024\033"
 374      F5495EB8 
 374      840DAA52 
 374      9A6674F8 
 374      141B
 375 0718 E45424C5 		.ascii	"\344T$\305\031p9\033\034\231\037I3\342*nyUk\276\300"
 375      1970391B 
 375      1C991F49 
 375      33E22A6E 
 375      79556BBE 
 376 072d CA2F90DC 		.ascii	"\312/\220\334z\33076b\326\302\363\204Y\301'\265\275"
 376      7AD83736 
 376      62D6C2F3 
 376      8459C127 
 376      B5BD
 377 073f 63978002 		.ascii	"c\227\200\002\351gQ\020\374\311'\326\366\035\037\374"
 377      E9675110 
 377      FCC927D6 
 377      F61D1FFC 
 378 074f AAA7EDAE 		.ascii	"\252\247\355\256$m6Rcv\2011%\302\"\331\366[\324\363"
 378      246D3652 
 378      63768131 
 378      25C222D9 
 378      F65BD4F3 
 379 0763 EF93953B 		.ascii	"\357\223\225;\235`?\323i\224\322C(\363\001w\346\006"
 379      9D603FD3 
 379      6994D243 
 379      28F30177 
 379      E606
 380 0775 CA7C14C9 		.ascii	"\312|\024\311\334We\356\275\356\334\011\202\233\350"
 380      DC5765EE 
 380      BDEEDC09 
 380      829BE8
 381 0784 0E99395F 		.ascii	"\016\2319_\235Y)\272B\346>\344\316\035\354\316\334&"
 381      9D5929BA 
 381      42E63EE4 
 381      CE1DECCE 
 381      DC26
 382 0796 33EF7367 		.ascii	"3\357sgnQ\240\316\340e !\233\006\025Bj\036\001\275\350"
 382      6E51A0CE 
 382      E0652021 
 382      9B061542 
 382      6A1E01BD 
 383 07ab 309F0261 		.ascii	"0\237\002aF\245\220\014'\205@t\034\250\014\350(\320"
 383      46A5900C 
 383      27854074 
 383      1CA80CE8 
 383      28D0
 384 07bd 29A01340 		.ascii	")\240\023@\307\200\212\201\212\204@Z:,WF\266\031I"
 384      C7808A81 
 384      8A84405A 
ARM GAS  /tmp/ccFpHK9d.s 			page 30


 384      3A2C5746 
 384      B61949
 385 07d0 AE80000D 		.ascii	"\256\200\000\015O\024\215\023Wy\347\342l\311\236\200"
 385      4F148D13 
 385      5779E7E2 
 385      6CC99E80 
 386 07e0 29B20255 		.ascii	")\262\002U3\024\016j\221\255\330\257n\205\202\271Jf"
 386      33140E6A 
 386      91ADD8AF 
 386      6E8582B9 
 386      4A66
 387 07f2 3EA81E28 		.ascii	">\250\036(\312\014\251R=\221\223\251w\251;%\263\006"
 387      CA0CA952 
 387      3D9193A9 
 387      77A93B25 
 387      B306
 388 0804 9D76D65D 		.ascii	"\235v\326]OU\376\270/\216\325\222\204\303\331\205\275"
 388      4F55FEB8 
 388      2F8ED592 
 388      84C3D985 
 388      BD
 389 0815 637A1418 		.ascii	"cz\024\030\264\210eR\366\300\262\202\036\226I0\001\345"
 389      B4886552 
 389      F6C0B282 
 389      1E964930 
 389      01E5
 390 0827 82CE2A75 		.ascii	"\202\316*uc\230[JR\250[\252\\\335\222\301\027P4\000"
 390      63985B4A 
 390      52A85BAA 
 390      5CDD92C1 
 390      17503400 
 391 083b CEB9E55C 		.ascii	"\316\271\345\\\030\011@%\004\240\202;\230\324@\334\375"
 391      18094025 
 391      04A0823B 
 391      98D440DC 
 391      FD
 392 084c A7186FA2 		.ascii	"\247\030o\242\220\320\343\201#\035\002\316d\203\235"
 392      90D0E381 
 392      231D02CE 
 392      64839D
 393 085b BDB53D7C 		.ascii	"\275\265=|\311x\236\214O\365nI6\362\212 w\220\367\307"
 393      C9789E8C 
 393      4FF56E49 
 393      36F28A20 
 393      7790F7C7 
 394 086f C63AB438 		.ascii	"\306:\2648\2271\227\314\027\254\307x/\035|2\3650\341"
 394      973197CC 
 394      17ACC778 
 394      2F1D7C32 
 394      F530E1
 395 0882 992F0A5C 		.ascii	"\231/\012\\\004Ub\\\304\377\223\177AA\344\013\376.f"
 395      0455625C 
 395      C4FF937F 
 395      4141E40B 
 395      FE2E66
 396 0895 6702A18E 		.ascii	"g\002\241\216\214FRLA\201\316\017\234\016\012b.)\037"
 396      8C46524C 
ARM GAS  /tmp/ccFpHK9d.s 			page 31


 396      4181CE0F 
 396      9C0E0A62 
 396      2E291F
 397 08a8 F9F4D230 		.ascii	"\371\364\3220s\011Y\001_\205\313\370y\245K\332=e\236"
 397      73095901 
 397      5F85CBF8 
 397      79A54BDA 
 397      3D659E
 398 08bb 1D32AF86 		.ascii	"\0352\257\206d\336\031\201M!\206O\201\341\223\220]\023"
 398      64DE1981 
 398      4D21864F 
 398      81E19390 
 398      5D13
 399 08cd 40E34063 		.ascii	"@\343@c@/\200F\201F\200\206\201\206\200\236\003\335"
 399      402F8046 
 399      81468086 
 399      8186809E 
 399      03DD
 400 08df 02EA046A 		.ascii	"\002\352\004j\001:\007\324\000T\017T\307\035\307R\344"
 400      013A07D4 
 400      00540F54 
 400      C71DC752 
 400      E4
 401 08f0 5AE68F58 		.ascii	"Z\346\217X\366Aw;+\270\201;\355\236Pe\355\001\214\233"
 401      F641773B 
 401      2BB8813B 
 401      ED9E5065 
 401      ED018C9B 
 402 0904 DCD354B8 		.ascii	"\334\323T\270\333R\376R\355\357vHo\204t\250W\347\247"
 402      DB52FE52 
 402      EDEF7648 
 402      6F8474A8 
 402      57E7A7
 403 0917 E2959977 		.ascii	"\342\225\231w\301%\363\032Y\346\271\370\246\025\316"
 403      C125F31A 
 403      59E6B9F8 
 403      A615CE
 404 0926 9264476D 		.ascii	"\222dGm \362\002\367\315,\370f\006\354\273\014tQic\337"
 404      20F202F7 
 404      CD2CF866 
 404      06ECBB0C 
 404      74516963 
 405 093b F3B198AC 		.ascii	"\363\261\230\254x\251\361=\324\004(\032\371\024\325"
 405      78A9F13D 
 405      D404281A 
 405      F914D5
 406 094a 8EA58471 		.ascii	"\216\245\204q\311\005F\323\253`\314\201\352\327\302"
 406      C90546D3 
 406      AB60CC81 
 406      EAD7C2
 407 0959 B04F98A5 		.ascii	"\260O\230\245d-j\006\014\027\3241\274\344\211+.\020"
 407      642D6A06 
 407      0C17D431 
 407      BCE4892B 
 407      2E10
 408 096b C84C5625 		.ascii	"\310LV%\352\2112\015\232\377\237\022E\"\211\274\254"
 408      EA89320D 
ARM GAS  /tmp/ccFpHK9d.s 			page 32


 408      9AFF9F12 
 408      452289BC 
 408      AC
 409 097c 69388126 		.ascii	"i8\201&r+(\351\342\301t.e\256{Jd'G\007`j\347\370\256"
 409      722B28E9 
 409      E2C1742E 
 409      65AE7B4A 
 409      64274707 
 410 0995 C1EFABA0 		.ascii	"\301\357\253\240\243\315\305C\355)<]\210\251\227AC\273"
 410      A3CDC543 
 410      ED293C5D 
 410      88A99741 
 410      43BB
 411 09a7 878ECE14 		.ascii	"\207\216\316\024\330\335\024\\\3423<+h\271H\033b3\317"
 411      D8DD145C 
 411      E2333C2B 
 411      68B9481B 
 411      6233CF
 412 09ba 8397C52B 		.ascii	"\203\227\305+\232S\015kN\355\256\315\211\255\316\262"
 412      9A530D6B 
 412      4EEDAECD 
 412      89ADCEB2 
 413 09ca A63ECDD9 		.ascii	"\246>\315\331\034\013\2533\342\212fyiN\230e\207}u\221"
 413      1C0BAB33 
 413      E28A6679 
 413      694E9865 
 413      877D7591 
 414 09de 57FE75E0 		.ascii	"W\376u\340\272\341\236\375\327\345\230\253w\274\233"
 414      BAE19EFD 
 414      D7E598AB 
 414      77BC9B
 415 09ed 60C20D6E 		.ascii	"`\302\015nN7\374\356r1\245D\351+b\314\015uc\324ew\363"
 415      4E37FCEE 
 415      7231A544 
 415      E92B62CC 
 415      0D7563D4 
 416 0a04 09EEB299 		.ascii	"\011\356\262\231\351\307\231\3517\324M\377uv:1\235\030"
 416      E9C799E9 
 416      37D44DFF 
 416      75763A31 
 416      9D18
 417 0a16 755336FD 		.ascii	"uS6\375\206\213\351k/p\323{\204\305\250\307\335\364"
 417      868BE96B 
 417      2F70D37B 
 417      84C5A8C7 
 417      DDF4
 418 0a28 5B8A5CD9 		.ascii	"[\212\\\331\254\206OC\347\021p\317\000\334 \304\361"
 418      AC864F43 
 418      E71170CF 
 418      00DC20C4 
 418      F1
 419 0a39 29D013A0 		.ascii	")\320\023\240\007@\367\201\372\201\372\200z]\234R\321"
 419      0740F781 
 419      FA81FA80 
 419      7A5D9C52 
 419      D1
 420 0a4a 46E34B3A 		.ascii	"F\343K:m/(%B<^IwlV\364\246\276\327qO\\\241\222o\003"
ARM GAS  /tmp/ccFpHK9d.s 			page 33


 420      6D2F2825 
 420      423C5E49 
 420      776C56F4 
 420      A6BED771 
 421 0a64 6FBF675E 		.ascii	"o\277g^e\361\336q)\336\333*\375\343\001\234\275O\004"
 421      65F1DE71 
 421      29DEDB2A 
 421      FDE3019C 
 421      BD4F04
 422 0a77 0C80C43B 		.ascii	"\014\200\304;<\032\003`\360=0\354\256K\365uN\257\335"
 422      3C1A0360 
 422      F03D30EC 
 422      AE4BF575 
 422      4EAFDD
 423 0a8a 76703D41 		.ascii	"vp=A@v\012ns~\265\376A\371\3557\274H\257!\331\331\304"
 423      40760A6E 
 423      737EB5FE 
 423      41F9ED37 
 423      BC48AF21 
 424 0aa1 799D55E2 		.ascii	"y\235U\342\236\347]{\350\316\334\235\227\326&4\220\177"
 424      9EE75D7B 
 424      E8CEDC9D 
 424      97D62634 
 424      907F
 425 0ab3 3AC30349 		.ascii	":\303\003I\366\014\037\276\316K\325i\334\247\017\301"
 425      F60C1FBE 
 425      CE4BD569 
 425      DCA70FC1 
 426 0ac3 4F8FDECC 		.ascii	"O\217\336\314O\217\200U\366\323C\346'O]\020=\006\367"
 426      4F8F8055 
 426      F6D343E6 
 426      274F5D10 
 426      3D06F7
 427 0ad6 C88DD091 		.ascii	"\310\215\320\221\222_m\277N\356\225\210\250\307rJ6S"
 427      925F6DBF 
 427      4EEE9588 
 427      A8C7724A 
 427      3653
 428 0ae8 598EEBF0 		.ascii	"Y\216\353\360\332\252Qf\011\\\351\236\274\322\020pJ"
 428      DAAA5166 
 428      095CE99E 
 428      BCD21070 
 428      4A
 429 0af9 C6157EA1 		.ascii	"\306\025~\241#f?}\035\367p3M\016\302;\350\231\227\271"
 429      23663F7D 
 429      1DF77033 
 429      4D0EC23B 
 429      E89997B9 
 430 0b0d FB5A3375 		.ascii	"\373Z3u7\360\274\274\024\234m\012\310\222\354\261\230"
 430      37F0BCBC 
 430      149C6D0A 
 430      C892ECB1 
 430      98
 431 0b1e EE2D3CE7 		.ascii	"\356-<\347U\303o\227X\315<S\\\\\207\233|\244\342\257"
 431      55C36F97 
 431      58CD3C53 
 431      5C5C879B 
ARM GAS  /tmp/ccFpHK9d.s 			page 34


 431      7CA4E2AF 
 432 0b32 E8EEC08C 		.ascii	"\350\356\300\214\032\357\0072\353\015\306J\356\356%"
 432      1AEF0732 
 432      EB0DC64A 
 432      EEEE25
 433 0b41 41855511 		.ascii	"A\205U\021\302\326\215<\204p\003\211\022\335W\004/\257"
 433      C2D68D3C 
 433      84700389 
 433      12DD5704 
 433      2FAF
 434 0b53 C1773551 		.ascii	"\301w5Q\333\341\306\014mV\347V\010Oor\366\337\034wf"
 434      DBE1C60C 
 434      6D56E756 
 434      084F6F72 
 434      F6DF1C77 
 435 0b68 E51A9C71 		.ascii	"\345\032\234q\317\311\335z\207:\267\"\006\323\027y\304"
 435      CFC9DD7A 
 435      873AB722 
 435      06D31779 
 435      C4
 436 0b79 C82271A7 		.ascii	"\310\"q\247;\373\313\267%\023L8Y\310T\253s+\204\217"
 436      3BFBCBB7 
 436      25134C38 
 436      59C854AB 
 436      732B848F 
 437 0b8d FD27E175 		.ascii	"\375'\341u\224\323\371W\225\323\013\326;\317\253\367"
 437      94D3F957 
 437      95D30BD6 
 437      3BCFABF7 
 438 0b9d CEB507E9 		.ascii	"\316\265\007\351\2260I\351Z\371\246\361\274\242w\016"
 438      963049E9 
 438      5AF9A6F1 
 438      BCA2770E 
 439 0bad 8D2DCB3A 		.ascii	"\215-\313:()\325]x\225\272\221\020\242\355\202\2126"
 439      2829D55D 
 439      7895BA91 
 439      10A2ED82 
 439      8A36
 440 0bbf 7BD73D9A 		.ascii	"{\327=\232id\035sE.\212\013T\027y.S\221\037\347E\037"
 440      69641D73 
 440      452E8A0B 
 440      5417792E 
 440      53911FE7 
 441 0bd5 07100797 		.ascii	"\007\020\007\227!\372<`\313\225\324\355>om\343=\371"
 441      21FA3C60 
 441      CB95D4ED 
 441      3E6F6DE3 
 441      3DF9
 442 0be7 6D91E6B4 		.ascii	"m\221\346\264\\\235\022~\013\376\316\013\"\023q\254"
 442      5C9D127E 
 442      0BFECE0B 
 442      221371AC 
 443 0bf7 AEF00E7E 		.ascii	"\256\360\016~'O\312+\226\372f\347\326\346\034\205\016"
 443      274FCA2B 
 443      96FA66E7 
 443      D6E61C85 
 443      0E
ARM GAS  /tmp/ccFpHK9d.s 			page 35


 444 0c08 152B499F 		.ascii	"\025+I\237RFtHV\012?\311\327A\270\356hP,~\007\346\246"
 444      52467448 
 444      560A3FC9 
 444      D741B8EE 
 444      68502C7E 
 445 0c1f 1435266B 		.ascii	"\0245&kq\242\216.\275\023j'\352uJ\265\315.M!\236\252"
 445      71A28E2E 
 445      BD136A27 
 445      EA754AB5 
 445      CD2E4D21 
 446 0c35 5DC1B54A 		.ascii	"]\301\265J]W\213}\231V{o\203/\211\272D\234\012\\(\016"
 446      5D578B7D 
 446      99567B6F 
 446      832F89BA 
 446      449C0A5C 
 447 0c4b 3B75C24F 		.ascii	";u\302OYg\002\325Yr\254mT\300iL\247\332\343\020W\237"
 447      596702D5 
 447      5972AC6D 
 447      54C0694C 
 447      A7DAE310 
 448 0c61 ACC7F4E0 		.ascii	"\254\307\364\340\371\352{w\374\225\340\024\033\003\032"
 448      F9EA7B77 
 448      FC95E014 
 448      1B031A
 449 0c70 B481624B 		.ascii	"\264\201bK\302\016p#\251q\006\016\256&\005;\301\001"
 449      C20E7023 
 449      A971060E 
 449      AE26053B 
 449      C101
 450 0c82 1B4A94C1 		.ascii	"\033J\224\301%*\301%Sp\255O\253\253|\360N\006\256)\345"
 450      252AC125 
 450      5370AD4F 
 450      ABAB7CF0 
 450      4E06AE29 
 451 0c97 F47D4481 		.ascii	"\364}D\201\220\232e\340\006v%\365\371z\304\221Jqlt\340"
 451      909A65E0 
 451      067625F5 
 451      F97AC491 
 451      4A716C74 
 452 0cac E8AB485B 		.ascii	"\350\253H[\357\0038\372h\027\217\231.\276+mXH\271P\212"
 452      EF0338FA 
 452      68178F99 
 452      2EBE2B6D 
 452      5848B950 
 453 0cc1 0C2305B3 		.ascii	"\014#\005\263=\036\364=\203 \331\3471>\314 $\345\334"
 453      3D1EF43D 
 453      8320D9E7 
 453      313ECC20 
 453      24E5DC
 454 0cd4 2F129DBE 		.ascii	"/\022\235\276`\020.U\314\325\351=\307)\235bHs`\250\310"
 454      60102E55 
 454      CCD5E93D 
 454      C7299D62 
 454      487360A8 
 455 0ce9 E8EFF763 		.ascii	"\350\357\367c\030\354\223=~\331R\255HX\320&\031\300"
 455      18EC933D 
 455      7ED952AD 
ARM GAS  /tmp/ccFpHK9d.s 			page 36


 455      4858D026 
 455      19C0
 456 0cfb 2607800C 		.ascii	"&\007\200\014\012`\343\261\302\001\003>\305\000tM\354"
 456      0A60E3B1 
 456      C201033E 
 456      C500744D 
 456      EC
 457 0d0c C910F9F4 		.ascii	"\311\020\371\364\214\335F:\235\270q\263<}\263cz&\235"
 457      8CDD463A 
 457      9DB871B3 
 457      3C7DB363 
 457      7A269D
 458 0d1f DE393A5E 		.ascii	"\3369:^k\300\347\330\364\015\375I\355\006v\3577A\357"
 458      6BC0E7D8 
 458      F40DFD49 
 458      ED0676EF 
 458      3741EF
 459 0d32 12F74E8F 		.ascii	"\022\367N\217{\361\007'\344Y\343\374\303\256\275\374"
 459      7BF10727 
 459      E459E3FC 
 459      C3AEBDFC 
 460 0d42 DEF03939 		.ascii	"\336\36099\277m\340\362\260\036\327\263\311\317\372"
 460      BF6DE0F2 
 460      B01ED7B3 
 460      C9CFFA
 461 0d51 E3F7F9E3 		.ascii	"\343\367\371\343V6\310k\332\320\254\307\327\330\240"
 461      5636C86B 
 461      DAD0ACC7 
 461      D7D8A0
 462 0d60 383D3616 		.ascii	"8=6\026\343{l\020'=N\363\"\267\315\361\257\331\256\302"
 462      E37B6C10 
 462      273D4EF3 
 462      22B7CDF1 
 462      AFD9AEC2 
 463 0d74 CF5AF619 		.ascii	"\317Z\366\031\320\242\240@\365\345X\016\230\224\213"
 463      D0A2A040 
 463      F5E5580E 
 463      98948B
 464 0d83 D9026017 		.ascii	"\331\002`\027\016B\273\261r96\361\267\220@p\332\365"
 464      0E42BBB1 
 464      723936F1 
 464      B7904070 
 464      DAF5
 465 0d95 8291102F 		.ascii	"\202\221\020/\331\263s~\314\232\336N\014=\222\013Q\271"
 465      D9B3737E 
 465      CC9ADE4E 
 465      0C3D920B 
 465      51B9
 466 0da7 F4906715 		.ascii	"\364\220g\025\311/\216\211\370\031\305-4\014O\315\350"
 466      C92F8E89 
 466      F819C52D 
 466      340C4FCD 
 466      E8
 467 0db8 50D02247 		.ascii	"P\320\"G[\372S.]\322\345\303\354<\331\273D\245\247\005"
 467      5BFA532E 
 467      5DD2E5C3 
 467      EC3CD9BB 
ARM GAS  /tmp/ccFpHK9d.s 			page 37


 467      44A5A705 
 468 0dcc E41E40A9 		.ascii	"\344\036@\251\206\0304Mn\177\230\354\213\347\230\207"
 468      8618344D 
 468      6E7F98EC 
 468      8BE79887 
 469 0ddc 1E348EDD 		.ascii	"\0364\216\335\323\341D=\035\244\235\354\236\361\307"
 469      D3E1443D 
 469      1DA49DEC 
 469      9EF1C7
 470 0deb 1BE94098 		.ascii	"\033\351@\230\037\0338i\360\370\\\355 \366\360\\\315"
 470      1F1B3869 
 470      F0F85CED 
 470      20F6F05C 
 470      CD
 471 0dfc DE5940DB 		.ascii	"\336Y@\333\332\001l@\373\361\313O\325\372\013k\241\257"
 471      DA016C40 
 471      FBF1CB4F 
 471      D5FA0B6B 
 471      A1AF
 472 0e0e 6C650A8F 		.ascii	"le\012\217\026N\027\033h\016\177\351H\341\353\211Ww"
 472      164E171B 
 472      680E7FE9 
 472      48E1EB89 
 472      5777
 473 0e20 091EABE8 		.ascii	"\011\036\253\3500\315\340\002g5\357\226\322\\7Y\201"
 473      30CDE002 
 473      6735EF96 
 473      D25C3759 
 473      81
 474 0e31 41C17E04 		.ascii	"A\301~\004;V\"\344qR\331\226#>8\207Y\267\2512\357\254"
 474      3B5622E4 
 474      7152D996 
 474      233E3887 
 474      59B7A932 
 475 0e47 1E051919 		.ascii	"\036\005\031\031\346\311\365\213\011\346\243\300^(c"
 475      E6C9F58B 
 475      09E6A3C0 
 475      5E2863
 476 0e56 86D96E4B 		.ascii	"\206\331nK\035\245tT\004.pQ`/\255(1\342\275\314\264"
 476      1DA57454 
 476      042E7051 
 476      602FAD28 
 476      31E2BDCC 
 477 0e6b A199DC32 		.ascii	"\241\231\3342\236\276\213a8\333\233\236\356\315w6\310"
 477      9EBE8B61 
 477      38DB9B9E 
 477      EECD7736 
 477      C8
 478 0e7c 2399A2BC 		.ascii	"#\231\242\274\221\\\214K\031\257}\372t\267\021\237\246"
 478      915C8C4B 
 478      19AF7DFA 
 478      74B7119F 
 478      A6
 479 0e8d 0343DD70 		.ascii	"\003C\335p\341e?\222\212\306@\272}\341\262$=\216\003"
 479      E1653F92 
 479      8AC640BA 
 479      7DE1B224 
ARM GAS  /tmp/ccFpHK9d.s 			page 38


 479      3D8E03
 480 0ea0 5031260F 		.ascii	"P1&\017\303\001f)\217o\025\0009\205\003Q\005P%P5\320"
 480      C3016629 
 480      8F6F1500 
 480      39850351 
 480      05502550 
 481 0eb6 69970CCD 		.ascii	"i\227\014\315l\010$\366\225\303\204\022\331\276R\274"
 481      6C0824F6 
 481      95C38412 
 481      D9BE52BC 
 482 0ec6 48B1FE8A 		.ascii	"H\261\376\212\271\316\327_e\230\335\260\224\252\347"
 482      B9CED75F 
 482      6598DDB0 
 482      94AAE7
 483 0ed5 AAD21FE5 		.ascii	"\252\322\037\345X\271\206.\243\376\342\327\357S\035"
 483      58B9862E 
 483      A3FEE2D7 
 483      EF531D
 484 0ee4 F4FA0D71 		.ascii	"\364\372\015q=\201\335d)\326\006\352\306\235\004\203"
 484      3D81DD64 
 484      29D606EA 
 484      C69D0483 
 485 0ef4 DEC438BE 		.ascii	"\336\3048\276\302a\232\010\354\313\252\260\225\313\212"
 485      C2619A08 
 485      ECCBAAB0 
 485      95CB8A
 486 0f03 E31D7C19 		.ascii	"\343\035|\031B\362s\237;2\305\302\202o\"\263\215\301"
 486      42F2739F 
 486      3B32C5C2 
 486      826F22B3 
 486      8DC1
 487 0f15 52F7E2A6 		.ascii	"R\367\342\246wx\016Q$m\016\251\213b\252!\304\373\317"
 487      77780E51 
 487      246D0EA9 
 487      8B62AA21 
 487      C4FBCF
 488 0f28 8ED90DB8 		.ascii	"\216\331\015\270\221\305{\346D\321\214\026\367\322\201"
 488      91C57BE6 
 488      44D18C16 
 488      F7D281
 489 0f37 F6E19386 		.ascii	"\366\341\223\206:\035\242\373Sl\233\316~k\033_\3429"
 489      3A1DA2FB 
 489      536C9BCE 
 489      7E6B1B5F 
 489      E239
 490 0f49 2251A71E 		.ascii	"\"Q\247\036\011\306\375\302\335\242\272WZ\324\315,\252"
 490      09C6FDC2 
 490      DDA2BA57 
 490      5AD4CD2C 
 490      AA
 491 0f5a 53B3686B 		.ascii	"S\263hk\247BT\215\272(\2453\207\224@/\253\002U\331p"
 491      A742548D 
 491      BA28A533 
 491      8794402F 
 491      AB0255D9 
 492 0f6f 706ECB9C 		.ascii	"pn\313\234\341\032H\230k!\314v\010\355y\240\263@\347"
 492      E11A4898 
ARM GAS  /tmp/ccFpHK9d.s 			page 39


 492      6B21CC76 
 492      08ED79A0 
 492      B340E7
 493 0f82 E47E9579 		.ascii	"\344~\225y\361\304#o\374\200\325\355\305\273{\272uP"
 493      F1C4236F 
 493      FC80D5ED 
 493      C5BB7BBA 
 493      7550
 494 0f94 1DEA121B 		.ascii	"\035\352\022\033A\312\353$:zj\314"
 494      41CAEB24 
 494      3A7A6ACC 
 495 0fa0 CE62D253 		.ascii	"\316b\322S\033\200\275^\256\211:\314\227_\247\253\237"
 495      1B80BD5E 
 495      AE893ACC 
 495      975FA7AB 
 495      9F
 496 0fb1 FE8C956F 		.ascii	"\376\214\225o\000\271T\336\032\262\363\247\255}\244"
 496      00B954DE 
 496      1AB2F3A7 
 496      AD7DA4
 497 0fc0 7C8B9B37 		.ascii	"|\213\2337\355\204\036\312\302Y\224\021\233)\340\004"
 497      ED841ECA 
 497      C2599411 
 497      9B29E004 
 498 0fd0 F6A4AC2B 		.ascii	"\366\244\254+i\364\242\027\336L\007\272\203\271u\227"
 498      69F4A217 
 498      DE4C07BA 
 498      83B97597 
 499 0fe0 F5C8B19F 		.ascii	"\365\310\261\237\357\250\264\260\036^it\033\005t\267"
 499      EFA8B4B0 
 499      1E5E6974 
 499      1B0574B7 
 500 0ff0 618F8B72 		.ascii	"a\217\213r\210XYg@,\365\262c\301I\330"
 500      88585967 
 500      402CF5B2 
 500      63C149D8 
 501 1000 55169C8C 		.ascii	"U\026\234\214\233\357);V\331m\257\216\340\351N\227U"
 501      9BEF293B 
 501      56D96DAF 
 501      8EE0E94E 
 501      9755
 502 1012 B60AF7CB 		.ascii	"\266\012\367\313ez\021\312\364\002)\323K\034:\361v;"
 502      657A11CA 
 502      F40229D3 
 502      4B1C3AF1 
 502      763B
 503 1024 78FB0A78 		.ascii	"x\373\012x\271\025\250\005\350\032\320U\240f\227>t2"
 503      B915A805 
 503      E81AD055 
 503      A066973E 
 503      7432
 504 1036 8B265F9B 		.ascii	"\213&_\233Z\362]\313Rl\230\344\270\203y\371\356\203"
 504      5AF25DCB 
 504      526C98E4 
 504      B88379F9 
 504      EE83
 505 1048 3F2F70DC 		.ascii	"?/p\334}\250p;.\255w\237m{(\342\034\032\022\241\356"
ARM GAS  /tmp/ccFpHK9d.s 			page 40


 505      7DA8703B 
 505      2EAD779F 
 505      6D7B28E2 
 505      1C1A12A1 
 506 105d 7EF3478A 		.ascii	"~\363G\212+\353\332\234\031rgz\035fw\310Y\320\246\270"
 506      2BEBDA9C 
 506      1972677A 
 506      1D6677C8 
 506      59D0A6B8 
 507 1071 B2BA5BDD 		.ascii	"\262\272[\335\011\226\276\251\325\240\274et/\\\357\016"
 507      0996BEA9 
 507      D5A0BC65 
 507      742F5CEF 
 507      0E
 508 1082 B2E4A8CD 		.ascii	"\262\344\250\315\253\370\021>\316~\217f\336\350\365"
 508      ABF8113E 
 508      CE7E8F66 
 508      DEE8F5
 509 1091 C3A56CF0 		.ascii	"\303\245l\360\260\250\275\035\343J\006qs\343\263\017"
 509      B0A8BD1D 
 509      E34A0671 
 509      73E3B30F 
 510 10a1 3C5E787B 		.ascii	"<^x{<]x\373f\033>\241\017\276oA\361\336|\371\312\213"
 510      3C5D78FB 
 510      661B3EA1 
 510      0FBE6F41 
 510      F1DE7CF9 
 511 10b7 AF2494DE 		.ascii	"\257$\224\336AhQ`\220\352\212A\203z\271Q\375\240\241"
 511      41685160 
 511      90EA8A41 
 511      837AB951 
 511      FDA0A1
 512 10ca 4FD961FB 		.ascii	"O\331a\373\262N\205d\261\335\015\"\273\033d\367\252"
 512      B24E8564 
 512      B1DD0D22 
 512      BB1B64F7 
 512      AA
 513 10db 772416E5 		.ascii	"w$\026\345!3\011r\257k\220\311%q\357\203kZ\374\224\031"
 513      21330972 
 513      AF6B90C9 
 513      2571EF83 
 513      6B5AFC94 
 514 10f0 79A265BC 		.ascii	"y\242e\274\000;\002a\237\366%/Y\200\320\3332\360\336"
 514      003B0261 
 514      9FF6252F 
 514      5980D0DB 
 514      32F0DE
 515 1103 572C6FEE 		.ascii	"W,o\356\000F5\274\263\202wwg\365RZrA\264\237\322\365"
 515      004635BC 
 515      B3827777 
 515      67F5525A 
 515      7241B49F 
 516 1119 F5A74FF8 		.ascii	"\365\247O\370\326(\211s\023\250xLJ\310\021Q\367\022"
 516      D6288973 
 516      13A8784C 
 516      4AC81151 
 516      F712
ARM GAS  /tmp/ccFpHK9d.s 			page 41


 517 112b 6AEBA699 		.ascii	"j\353\246\231E\340\334\340\274N\305Y\330%\017\201\373"
 517      45E0DCE0 
 517      BC4EC559 
 517      D8250F81 
 517      FB
 518 113c F47F1366 		.ascii	"\364\177\023fr\307\270\2353;w|\333\335\357S\267S^\322"
 518      72C7B89D 
 518      333B777C 
 518      DBDDEF53 
 518      B7535ED2 
 519 1150 72F6725E 		.ascii	"r\366r^g\353R\336\271\363EI\016-\226\307/\025\013\331"
 519      67EB52DE 
 519      B9F34549 
 519      0E2D96C7 
 519      2F150BD9 
 520 1164 01ECE69D 		.ascii	"\001\354\346\235\232,\011\263\335Az\334\353\335\006"
 520      9A2C09B3 
 520      DD417ADC 
 520      EBDD06
 521 1173 266F2526 		.ascii	"&o%&w\361)\304\177\017\301\177\367 i\037\000=\002\272"
 521      77F129C4 
 521      7F0FC17F 
 521      F720691F 
 521      003D02BA 
 522 1187 0F342027 		.ascii	"\0174 'pub\302\030\264:\026\265\363\265I5\242\242|>"
 522      707562C2 
 522      18B43A16 
 522      B5F3B549 
 522      35A2A27C 
 523 119c DD354ACA 		.ascii	"\3355J\312g\020D=\221#\367\370\345\362qj~\012\332\336"
 523      6710443D 
 523      9123F7F8 
 523      E5F2716A 
 523      7E0ADADE 
 524 11b0 5073437D 		.ascii	"PsC}Q\035~w/\277GZ6u=\001\356\221\250\256-L\227S\252"
 524      511D7E77 
 524      2FBF475A 
 524      36753D01 
 524      EE91A8AE 
 525 11c9 861C21DB 		.ascii	"\206\034!\333/\370]\362H\373\321\235q\327Ua\253\313"
 525      2FF85DF2 
 525      48FBD19D 
 525      71D75561 
 525      ABCB
 526 11db 5EDF73B6 		.ascii	"^\337s\266N!\337\344\031S\365\351\006\037\027\356A\227"
 526      4E21DFE4 
 526      1953F5E9 
 526      061F17EE 
 526      4197
 527 11ed 55CD10E7 		.ascii	"U\315\020\347\036\242\334's;v\371\030\024\357\020\221"
 527      1EA2DC27 
 527      733B76F9 
 527      1814EF10 
 527      91
 528 11fe 2B84CC3C 		.ascii	"+\204\314<\214\311\003\363`\272w\003\334u\363\343v\177"
 528      8CC903F3 
 528      60BA7703 
ARM GAS  /tmp/ccFpHK9d.s 			page 42


 528      DC75F3E3 
 528      767F
 529 1210 761511C8 		.ascii	"v\025\021\310\332v\274w\334wa:\235l\227>E\3649\3763"
 529      DA76BC77 
 529      DC77613A 
 529      9D6C973E 
 529      45F439FE 
 530 1225 983C426D 		.ascii	"\230<Bm\030\305\013\035\"\350\200\264\256\351\242\012"
 530      18C50B1D 
 530      22E880B4 
 530      AEE9A20A 
 531 1235 FE469496 		.ascii	"\376F\224\226\334\366\334\031\277\255\363\254}\314\241"
 531      DCF6DC19 
 531      BFADF3AC 
 531      7DCCA1
 532 1244 FD05A6EA 		.ascii	"\375\005\246\352GS\022\307\371\373\230\344\216\312\361"
 532      475312C7 
 532      F9FB98E4 
 532      8ECAF1
 533 1253 F2E062F6 		.ascii	"\362\340b\366\362\340\372\274m\317|8\032\311\201f\002"
 533      F2E0FABC 
 533      6DCF7C38 
 533      1AC98166 
 533      02
 534 1264 3C3A4ED1 		.ascii	"<:N\321LR4c\014\315$E38\334\334(\272\270*\335e\271="
 534      4C523463 
 534      0CCD2445 
 534      3338DCDC 
 534      28BAB82A 
 535 127c C55D3545 		.ascii	"\305]5E]u\372\326\372d\3270\244\272pOs\356i\312\235"
 535      5D75FAD6 
 535      FA64D730 
 535      A4BA704F 
 535      73EE69CA 
 536 1291 9A7838D6 		.ascii	"\232x8\326\033\247\370\320v8{aG\216\347\233\200Y\227"
 536      1BA7F8D0 
 536      76387B61 
 536      478EE79B 
 536      805997
 537 12a4 ED868BAD 		.ascii	"\355\206\213\255W\236\353\3416\324^,\365]\257\370\246"
 537      579EEBE1 
 537      36D45E2C 
 537      F55DAFF8 
 537      A6
 538 12b5 E7842425 		.ascii	"\347\204$%K\344^\024\330\320\214\234\2243\312[\3729"
 538      4BE45E14 
 538      D8D08C9C 
 538      9433CA5B 
 538      FA39
 539 12c7 7A3F7A60 		.ascii	"z?z`|b\243\037\256a:\357\333S\013|\271\234\342\301e"
 539      7C62A31F 
 539      AE613AEF 
 539      DB530B7C 
 539      B99CE2C1 
 540 12dc 397BE966 		.ascii	"9{\351fI\336\257\251>4/\013\232W\012\222Dzc;P\273\022"
 540      49DEAFA9 
 540      3E342F0B 
ARM GAS  /tmp/ccFpHK9d.s 			page 43


 540      9A570A92 
 540      447A633B 
 541 12f3 5F60720E 		.ascii	"_`r\016\027\355*\366\303\235l\260\261\366\334N\262\211"
 541      17ED2AF6 
 541      C39D6CB0 
 541      B1F6DC4E 
 541      B289
 542 1305 81E244CC 		.ascii	"\201\342D\314\340&=\331\327!\320[\236Z\347\266FWG\376"
 542      E0263DD9 
 542      D721D05B 
 542      9E5AE7B6 
 542      465747FE 
 543 1319 071EAD4D 		.ascii	"\007\036\255M\024\211\265\011\"7\367in\315c\037\016"
 543      1489B509 
 543      2237F769 
 543      6ECD631F 
 543      0E
 544 132a 7347CD37 		.ascii	"sG\3157\215\303\367\240\261IR\002ZL8Q\254\310q\242x"
 544      8DC3F7A0 
 544      B1495202 
 544      5A4C3851 
 544      ACC871A2 
 545 133f 51242319 		.ascii	"Q$#\031\352z\012\365\374\305\221\003:\234od/\212u\346"
 545      EA7A0AF5 
 545      FCC59103 
 545      3A9C6F64 
 545      2F8A75E6 
 546 1353 64B26D0C 		.ascii	"d\262m\014\250\005\016&?\366P\213\316\271\257\260A\244"
 546      A8050E26 
 546      3FF6508B 
 546      CEB9AFB0 
 546      41A4
 547 1365 07EB1FD7 		.ascii	"\007\353\037\327\276\343\021a\012E\230\354@\270\247"
 547      BEE31161 
 547      0A4598EC 
 547      40B8A7
 548 1374 BBBCD88F 		.ascii	"\273\274\330\217#,\037\371\365\316\370\246T)/N\372\364"
 548      232C1FF9 
 548      F5CEF8A6 
 548      54292F4E 
 548      FAF4
 549 1386 D7841125 		.ascii	"\327\204\021%\211NG&)\321m\244\350Z\006+S}\3601\206"
 549      894E4726 
 549      29D16DA4 
 549      E85A062B 
 549      537DF031 
 550 139b 4E3A78F9 		.ascii	"N:x\371\023g`\177\367\300%\260\251\262\230T\245\230"
 550      1367607F 
 550      F7C025B0 
 550      A9B29854 
 550      A598
 551 13ad EFA998BE 		.ascii	"\357\251\230\276\335\3673}q%\023s&1\373\200(\0076\327"
 551      DDF7337D 
 551      71251373 
 551      2631FB80 
 551      280736D7 
 552 13c1 35B09B64 		.ascii	"5\260\233dA\233\224\202\322\250\240\273\2037\316\032"
ARM GAS  /tmp/ccFpHK9d.s 			page 44


 552      419B9482 
 552      D2A8A0BB 
 552      8337CE1A 
 553 13d1 70031334 		.ascii	"p\003\0234\373\274e\226\277|k\200a\373\300\236\004^"
 553      FBBC6596 
 553      BF7C6B80 
 553      61FBC09E 
 553      045E
 554 13e3 4E2DD4EE 		.ascii	"N-\324\356\313#\333\014\370\032\343=rj\177\005\177\027"
 554      CB23DB0C 
 554      F81AE33D 
 554      726A7F05 
 554      7F17
 555 13f5 504F223C 		.ascii	"PO\"<\233\237\367\212\266\261U\344\205\273Ed\257\267"
 555      9B9FF78A 
 555      B6B155E4 
 555      85BB4564 
 555      AFB7
 556 1407 6D2F1D17 		.ascii	"m/\035\027\334Ks\263\030\2002D\302\276M\\\350\230D\027"
 556      DC4B73B3 
 556      18803244 
 556      C2BE4D5C 
 556      E8984417 
 557 141b 0FB92F3A 		.ascii	"\017\271/:E%\367\366WqO\234\256l%]\265%\217l\012.\333"
 557      4525F7F6 
 557      57714F9C 
 557      AE6C255D 
 557      B5258F6C 
 558 1432 7140DA50 		.ascii	"q@\332PL\336\031\022\027\242L\360E,~G17\035\216\374"
 558      4CDE1912 
 558      17A24CF0 
 558      452C7E47 
 558      31371D8E 
 559 1447 1ED277BB 		.ascii	"\036\322w\273H\032k\303\245\033\311\006\334c\364\270"
 559      481A6BC3 
 559      A51BC906 
 559      DC63F4B8 
 560 1457 FF74B9AE 		.ascii	"\377t\271\256}\2737\036\244\014\342\335\243\245\035"
 560      7DBB371E 
 560      A40CE2DD 
 560      A3A51D
 561 1466 18E9D9DB 		.ascii	"\030\351\331\333KAI\364\015\243\270\274\267\277q\276"
 561      4B4149F4 
 561      0DA3B8BC 
 561      B7BF71BE 
 562 1476 61B45B0C 		.ascii	"a\264[\014B;E=\331\311\000\205\273@!yy\211\034\241/"
 562      423B453D 
 562      D9C90085 
 562      BB402179 
 562      79891CA1 
 563 148b 342DA03F 		.ascii	"4-\240?\025o=\301\020\355\020\235o=\201\276\221\211"
 563      156F3DC1 
 563      10ED109D 
 563      6F3D81BE 
 563      9189
 564 149d C1FD5A65 		.ascii	"\301\375Ze^\022\026\331\255y41s\034\211Y}4\247\320\221"
 564      5E1216D9 
ARM GAS  /tmp/ccFpHK9d.s 			page 45


 564      AD793431 
 564      731C8959 
 564      7D34A7D0 
 565 14b2 085DF7D7 		.ascii	"\010]\367\327e_\277\313K'\220p\242l9\023\262\225\231"
 565      655FBFCB 
 565      4B279070 
 565      A26C3913 
 565      B29599
 566 14c5 B0876642 		.ascii	"\260\207fBl\375\301xo\274\333\327c\335T\017\265$j=\357"
 566      6CFDC178 
 566      6FBCDBD7 
 566      63DD540F 
 566      B5246A3D 
 567 14da BDEDA358 		.ascii	"\275\355\243X\366:\260\214\264e_\327\313E\222\273\267"
 567      F63AB08C 
 567      B4655FD7 
 567      CB4592BB 
 567      B7
 568 14eb D95124C0 		.ascii	"\331Q$\300\210\362e(\371J(\373)\224\252\376\035\017"
 568      88F26528 
 568      F94A28FB 
 568      2994AAFE 
 568      1D0F
 569 14fd 5DDBF006 		.ascii	"]\333\360\006\227\306z@d\215\025\276\201\373f\331\255"
 569      97C67A40 
 569      648D15BE 
 569      81FB66D9 
 569      AD
 570 150e 787F7C9C 		.ascii	"x\177|\234\001\237\2758<\354\353t\301g\273\234.`[w\007"
 570      019FBD38 
 570      3CECEB74 
 570      C167BB9C 
 570      2E605B77 
 571 1523 65BD0795 		.ascii	"e\275\007\225z\017Q\275#\005;[}q\015\223\264\367Q\371"
 571      7A0F51BD 
 571      23053B5B 
 571      7D710D93 
 571      B4F751F9 
 572 1537 39FEAEB1 		.ascii	"9\376\256\261/\321\222\277e\277\310\212\341\0019\275"
 572      2FD192BF 
 572      65BFC88A 
 572      E10139BD 
 573 1547 7E7B7D99 		.ascii	"~{}\231\336s\302\027:\022\236<_#W\252\236{\201\356\371"
 573      DE73C217 
 573      3A129E3C 
 573      5F2357AA 
 573      9E7B81EE 
 574 155c 7E0492E2 		.ascii	"~\004\222\3420\315\302\"\232\301\205\216\014\256\254"
 574      30CDC222 
 574      9AC1858E 
 574      0CAEAC
 575 156b B8D9E5E5 		.ascii	"\270\331\345\345\236\357\036\271\033R\313\347\374\345"
 575      9EEF1EB9 
 575      1B52CBE7 
 575      FCE5
 576 1579 7C3FCCF3 		.ascii	"|?\314\363\375(\317\367d\310wyn\001\317\367c\342\273"
 576      FD28CFF7 
ARM GAS  /tmp/ccFpHK9d.s 			page 46


 576      64C87779 
 576      6E01CFF7 
 576      63E2BB
 577 158c 1A7D68D8 		.ascii	"\032}h\330\347\326\325\313\315Q+u\277\372\315\227o/"
 577      E7D6D5CB 
 577      CD512B75 
 577      BFFACD97 
 577      6F2F
 578 159e 7DFF7D8D 		.ascii	"}\377}\215\336d\012\217\262}\3603\223\355\247\301k\254"
 578      DE640A8F 
 578      B27DF033 
 578      93EDA7C1 
 578      6BAC
 579 15b0 96E0F0A8 		.ascii	"\226\340\360\250\320\2105+\315\301Q\346\357\"\302W\004"
 579      D088352B 
 579      CDC151E6 
 579      EF22C257 
 579      04
 580 15c1 47868486 		.ascii	"G\206\204\206\205G\231\203M+\315\253B\326D\330L\266"
 580      85479983 
 580      4D2BCDAB 
 580      42D644D8 
 580      4CB6
 581 15d3 753166EB 		.ascii	"u1f\353\2220\2157\237\365\216\332,\353:k\260\311j[\011"
 581      92308D37 
 581      9FF58EDA 
 581      2CEB3A6B 
 581      B0C96A5B 
 582 15e8 3CC0EA15 		.ascii	"<\300\352\025i]m\262-]\262$\230\375_\032\026\276\"\374"
 582      695D6DB2 
 582      2D5DB224 
 582      98FD5F1A 
 582      16BE22FC 
 583 15fc B7CB7FFA 		.ascii	"\267\313\177\372\305\357\203\243\255\301\241\321\221"
 583      C5EF83A3 
 583      ADC1A1D1 
 583      91
 584 1609 91D151C1 		.ascii	"\221\321Q\3011\321\026\2335\370\227_|\276\364\363\265"
 584      31D1169B 
 584      35F8975F 
 584      7CBEF4F3 
 584      B5
 585 161a E4584C78 		.ascii	"\344XLx\204\331b\015\376\325\322\245\301\241a\016\245"
 585      84D9620D 
 585      FED5D2A5 
 585      C1A1610E 
 585      A5
 586 162b 3A8B3924 		.ascii	":\2139$\"\306\022\036m0\231\326p\000:\307\017o\0339"
 586      22C6121E 
 586      6D3099D6 
 586      70003AC7 
 586      0F6F1B39 
 587 163f 03DF91B6 		.ascii	"\003\337\221\266\265\021\341V\233\030e^k\363\212\376"
 587      B511E156 
 587      9B18655E 
 587      6BF38AFE 
 588 164f 2ECA6CF1 		.ascii	".\312l\361\372f\215y\215yAh\230\311\026\006\"VZM\364"
ARM GAS  /tmp/ccFpHK9d.s 			page 47


 588      FA668D79 
 588      8D794168 
 588      98C91606 
 588      22565A4D 
 589 1664 80186331 		.ascii	"\200\030c1\177\353\357r\210L_c3\257\005\271\300M\177"
 589      7FEBEF72 
 589      884C5F63 
 589      33AF05B9 
 589      C04D7F
 590 1677 EACC31E0 		.ascii	"\352\3141\340\260\360\250\325>\346o\315Q\266\310\020"
 590      B0F0A8D5 
 590      3EE66FCD 
 590      51B6C810 
 591 1687 EBD77016 		.ascii	"\353\327p\026l\242\023\274\277\013\011\267\301I\177"
 591      6CA213BC 
 591      BF0B09B7 
 591      C1497F
 592 1696 8570A2DD 		.ascii	"\205p\242\335O90\331\320\032\255\371;2U\373\235\015"
 592      4F3930D9 
 592      D01AADF9 
 592      3B3255FB 
 592      9D0D
 593 16a8 F0C5C097 		.ascii	"\360\305\300\227\325\034\031\203C\243l^@&\233\021\346"
 593      D51C1983 
 593      43A36C5E 
 593      40269B11 
 593      E6
 594 16b9 C3919098 		.ascii	"\303\221\220\230\260h\213\331\333J\024YW{}g\263Yb\026"
 594      B0688BD9 
 594      DB4A1459 
 594      577B7D67 
 594      B3596216 
 595 16cd 3251268B 		.ascii	"2Q&\213y\225\331b\216\012\005\2200=z\305\237ct\346\265"
 595      7995D962 
 595      8E0A0590 
 595      303D7AC5 
 595      9F6374E6 
 596 16e2 E1B6D0E8 		.ascii	"\341\266\320\350\225f\255e\345:\340\027\201\305\252"
 596      9566AD65 
 596      E53AE017 
 596      81C5AA
 597 16f1 67BEF918 		.ascii	"g\276\371\030Lq|\333\310q\223\315kUD\310j\253\267-\022"
 597      4C717CDB 
 597      C87193CD 
 597      6B5544C8 
 597      6AABB72D 
 598 1706 66C0C86A 		.ascii	"f\300\310j\013\261\231u6\372ED\206\254\010\261\232\271"
 598      0BB19975 
 598      36FA4544 
 598      86AC08B1 
 598      9AB9
 599 1718 673FFA90 		.ascii	"g?\372\220{\226\3740Xm_\207D\204\257\2162\331>\374k"
 599      7B96FC30 
 599      586D5F87 
 599      4484AF8E 
 599      32D93EFC 
 600 172d A218160A 		.ascii	"\242\030\026\012\266@\330\304\250\220H\263\030\032\026"
ARM GAS  /tmp/ccFpHK9d.s 			page 48


 600      B640D8C4 
 600      A89048B3 
 600      181A16
 601 173c 62F18A8E 		.ascii	"b\361\212\216X\011\341\20041[p\250m\255`\215\021\","
 601      5809E180 
 601      34315B70 
 601      A86DAD60 
 601      8D11222C 
 602 1750 10D6D521 		.ascii	"\020\326\325!\226H\223\015[\336\177\037\350=\301\362"
 602      9648930D 
 602      5BDE7F1F 
 602      E83DC1F2 
 603 1760 0BC1F2B1 		.ascii	"\013\301\362\261`\371\271`\371H\260\374\223`\371\320"
 603      60F9B960 
 603      F948B0FC 
 603      9360F9D0 
 604 1770 87482699 		.ascii	"\207H&\231\012\223>\376\2531\230\276\375y$\3400R!\241"
 604      0A933EFE 
 604      AB3198BE 
 604      FD7924E0 
 604      305221A1 
 605 1784 D1511055 		.ascii	"\321Q\020U\233H\262E\357\214\232WdLtt\204\216\273\332"
 605      9B48B245 
 605      EF8C9A57 
 605      644C7474 
 605      848EBBDA 
 606 1798 F68F1E74 		.ascii	"\366\217\036tXl\316\\\017\015\263\206\206\255\004\261"
 606      586CCE5C 
 606      0F0DB386 
 606      86AD04B1 
 607 17a8 FFF026BC 		.ascii	"\377\360&\274\020t`\015~#\261\353\254\216\204\177#\321"
 607      1074600D 
 607      7E23B1EB 
 607      AC8E847F 
 607      23D1
 608 17ba 9036C0FA 		.ascii	"\2206\300\372c\317\254VK(A`]\275$\224\267\200?B\322"
 608      63CFAC56 
 608      4B284160 
 608      5DBD2494 
 608      B7803F42 
 609 17cf 1A       		.ascii	"\032"
 610 17d0 E9AF2FCC 		.ascii	"\351\257/\314\021f\010\273oh\330\362\320\260_E/\217"
 610      116608BB 
 610      6F68D8F2 
 610      D0B05F45 
 610      2F8F
 611 17e2 309B6396 		.ascii	"0\233c\226\373\320\321\027\340\211u\237\031\351\357"
 611      FBD0D117 
 611      E089759F 
 611      19E9EF
 612 17f1 3F867C6D 		.ascii	"?\206|m^\023\263\\\010\0153D\206@\030\250\233\360\312"
 612      5E13B35C 
 612      080D3344 
 612      864018A8 
 612      9BF0CA
 613 1804 1534EF09 		.ascii	"\0254\357\011`s$\264\210\025kV\353cB\242\302CM\240\314"
 613      607324B4 
ARM GAS  /tmp/ccFpHK9d.s 			page 49


 613      88156B56 
 613      EB6342A2 
 613      C2434DA0 
 614 1819 4F7918F2 		.ascii	"Oy\030\362\353[\033)\005\257\225\346\010[\210\236\234"
 614      EB5B1B29 
 614      05AF95E6 
 614      085B889E 
 614      9C
 615 182a 0B8F84B4 		.ascii	"\013\217\204\264\023W\255\211\012\325}k#_&\033)\321"
 615      1357AD89 
 615      0AD57D6B 
 615      235F261B 
 615      29D1
 616 183c 6FC32DB6 		.ascii	"o\303-\2665!\021&r\336\202cB,\376.GL\266\037\2723\261"
 616      35211126 
 616      72DE8263 
 616      422CFE2E 
 616      474CB61F 
 617 1853 22D34584 		.ascii	"\"\323E\204Xmd\374\003\225\223\220\356\026\362\015v"
 617      586D64FC 
 617      03959390 
 617      EE16F20D 
 617      76
 618 1864 9A08F475 		.ascii	"\232\010\364u\364\250w\350\032\013T\224\315(\0372\331"
 618      F4A877E8 
 618      1A0B5494 
 618      CD281F32 
 618      D9
 619 1875 F44E8B04 		.ascii	"\364N\213\004[\2446z\325*\253\331\346m\261\321*\375"
 619      5BA4367A 
 619      D52AABD9 
 619      E66DB1D1 
 619      2AFD
 620 1887 FB378987 		.ascii	"\3737\211\207\215\204c\201-\322\024\012E\263\302\022"
 620      8D846381 
 620      2DD2140A 
 620      45B3C212 
 621 1897 620B8F86 		.ascii	"b\013\217\206\312\361\221\035ET,_g\375\257\350\320\257"
 621      CAF1911D 
 621      45542C5F 
 621      67FDAFE8 
 621      D0AF
 622 18a9 DF2CC0EB 		.ascii	"\337,\300\353H.\350i\366F\300$_\023\264\012\233\351"
 622      482EE869 
 622      F646C024 
 622      5F13B40A 
 622      9BE9
 623 18bb 5F7FB9FC 		.ascii	"_\177\271\374\337\227}\361\231oH\304w!\353\254P\034"
 623      DF977DF1 
 623      996F48C4 
 623      7721EBAC 
 623      501C
 624 18cd 11D0A93F 		.ascii	"\021\320\251?yuq@\342\007/\375|\371g\313e\361\221\326"
 624      79757140 
 624      E2072FFD 
 624      7CF967CB 
 624      65F191D6 
ARM GAS  /tmp/ccFpHK9d.s 			page 50


 625 18e1 70AB6975 		.ascii	"p\253iuh()\020\326\003\303\243\254f\013\001\014 \277"
 625      68282910 
 625      D603C3A3 
 625      AC660B01 
 625      0C20BF
 626 18f4 8C221A59 		.ascii	"\214\"\032Y\371\255\211\342\332i\260LK>\372\350\347"
 626      F9AD89E2 
 626      DA69B04C 
 626      4B3EFAE8 
 626      E7
 627 1905 EFE91C23 		.ascii	"\357\351\034#\177\232N\237Y\227\261f\371\231\227\351"
 627      7F9A4E9F 
 627      5997B166 
 627      F99997E9 
 628 1915 5FA1A0DE 		.ascii	"_\241\240\336\2546 3\3034\177\303\224\257\012_\025\015"
 628      AC362033 
 628      C3347FC3 
 628      94AF0A5F 
 628      150D
 629 1927 218A8CFE 		.ascii	"!\212\214\376\226$\245\234\241\313]\364\376\342\377"
 629      9624A59C 
 629      A1CB5DF4 
 629      FEE2FF
 630 1936 00AAF001 		.ascii	"\000\252\360\001g"
 630      67
 631              		.text
 632              		.section	.gnu.lto_.symtab.489be3061b069d04,"",%progbits
 633 0000 63684D73 		.ascii	"chMsgSend\000"
 633      6753656E 
 633      6400
 634 000a 00       		.ascii	"\000"
 635 000b 00       		.ascii	"\000"
 636 000c 00       		.ascii	"\000"
 637 000d 00000000 		.ascii	"\000\000\000\000\000\000\000\000"
 637      00000000 
 638 0015 81010000 		.ascii	"\201\001\000\000"
 639 0019 63684D73 		.ascii	"chMsgWait\000"
 639      67576169 
 639      7400
 640 0023 00       		.ascii	"\000"
 641 0024 00       		.ascii	"\000"
 642 0025 00       		.ascii	"\000"
 643 0026 00000000 		.ascii	"\000\000\000\000\000\000\000\000"
 643      00000000 
 644 002e 84010000 		.ascii	"\204\001\000\000"
 645 0032 63684D73 		.ascii	"chMsgRelease\000"
 645      6752656C 
 645      65617365 
 645      00
 646 003f 00       		.ascii	"\000"
 647 0040 00       		.ascii	"\000"
 648 0041 00       		.ascii	"\000"
 649 0042 00000000 		.ascii	"\000\000\000\000\000\000\000\000"
 649      00000000 
 650 004a 89010000 		.ascii	"\211\001\000\000"
 651 004e 636800   		.ascii	"ch\000"
 652 0051 00       		.ascii	"\000"
ARM GAS  /tmp/ccFpHK9d.s 			page 51


 653 0052 02       		.ascii	"\002"
 654 0053 00       		.ascii	"\000"
 655 0054 00000000 		.ascii	"\000\000\000\000\000\000\000\000"
 655      00000000 
 656 005c EF010000 		.ascii	"\357\001\000\000"
 657 0060 63685363 		.ascii	"chSchGoSleepS\000"
 657      68476F53 
 657      6C656570 
 657      5300
 658 006e 00       		.ascii	"\000"
 659 006f 02       		.ascii	"\002"
 660 0070 00       		.ascii	"\000"
 661 0071 00000000 		.ascii	"\000\000\000\000\000\000\000\000"
 661      00000000 
 662 0079 8D010000 		.ascii	"\215\001\000\000"
 663 007d 63685363 		.ascii	"chSchReadyI\000"
 663      68526561 
 663      64794900 
 664 0089 00       		.ascii	"\000"
 665 008a 02       		.ascii	"\002"
 666 008b 00       		.ascii	"\000"
 667 008c 00000000 		.ascii	"\000\000\000\000\000\000\000\000"
 667      00000000 
 668 0094 91010000 		.ascii	"\221\001\000\000"
 669 0098 63685363 		.ascii	"chSchWakeupS\000"
 669      6857616B 
 669      65757053 
 669      00
 670 00a5 00       		.ascii	"\000"
 671 00a6 02       		.ascii	"\002"
 672 00a7 00       		.ascii	"\000"
 673 00a8 00000000 		.ascii	"\000\000\000\000\000\000\000\000"
 673      00000000 
 674 00b0 93010000 		.ascii	"\223\001\000\000"
 675              		.text
 676              		.section	.gnu.lto_.opts,"",%progbits
 677 0000 272D666D 		.ascii	"'-fmath-errno' '-fsigned-zeros' '-ftrapping-math' '"
 677      6174682D 
 677      6572726E 
 677      6F272027 
 677      2D667369 
 678 0033 2D666E6F 		.ascii	"-fno-trapv' '-fno-openmp' '-fno-openacc' '-mcpu=cor"
 678      2D747261 
 678      70762720 
 678      272D666E 
 678      6F2D6F70 
 679 0066 7465782D 		.ascii	"tex-m0' '-mno-thumb-interwork' '-mthumb' '-ggdb' '-"
 679      6D302720 
 679      272D6D6E 
 679      6F2D7468 
 679      756D622D 
 680 0099 4F322720 		.ascii	"O2' '-fomit-frame-pointer' '-falign-functions=16' '"
 680      272D666F 
 680      6D69742D 
 680      6672616D 
 680      652D706F 
 681 00cc 2D666675 		.ascii	"-ffunction-sections' '-fdata-sections' '-fno-common"
ARM GAS  /tmp/ccFpHK9d.s 			page 52


 681      6E637469 
 681      6F6E2D73 
 681      65637469 
 681      6F6E7327 
 682 00ff 2720272D 		.ascii	"' '-flto'\000"
 682      666C746F 
 682      2700
 683              		.text
 684              		.comm	__gnu_lto_v1,1,1
 685              		.comm	__gnu_lto_slim,1,1
 686              		.ident	"GCC: (15:5.4.1+svn241155-1) 5.4.1 20160919"
ARM GAS  /tmp/ccFpHK9d.s 			page 53


DEFINED SYMBOLS
                            *ABS*:0000000000000000 chmsg.c
                            *COM*:0000000000000001 __gnu_lto_v1
                            *COM*:0000000000000001 __gnu_lto_slim

NO UNDEFINED SYMBOLS
