ARM GAS  /tmp/ccvr2HMp.s 			page 1


   1              		.syntax unified
   2              		.cpu cortex-m0
   3              		.fpu softvfp
   4              		.eabi_attribute 20, 1
   5              		.eabi_attribute 21, 1
   6              		.eabi_attribute 23, 3
   7              		.eabi_attribute 24, 1
   8              		.eabi_attribute 25, 1
   9              		.eabi_attribute 26, 1
  10              		.eabi_attribute 30, 2
  11              		.eabi_attribute 34, 0
  12              		.eabi_attribute 18, 4
  13              		.thumb
  14              		.syntax unified
  15              		.file	"crt1.c"
  16              		.text
  17              	.Ltext0:
  18              		.section	.gnu.lto_.profile.2c3e498709a9d472,"",%progbits
  19 0000 789C6361 		.ascii	"x\234ca`d`a`\000\222\222\242\000\000\261\0009"
  19      60646061 
  19      60009292 
  19      A20000B1 
  19      0039
  20              		.text
  21              		.section	.gnu.lto_.icf.2c3e498709a9d472,"",%progbits
  22 0000 789C6361 		.ascii	"x\234ca`d\000\0015\006\004`cX?\363A\013\023#\230d\002"
  22      60640001 
  22      35060460 
  22      63583FF3 
  22      410B1323 
  23 0017 93CC8DB7 		.ascii	"\223\314\215\267O\375\344g9\362d\372[\026\326\213\337"
  23      4FFDE467 
  23      39F264FA 
  23      5B16D68B 
  23      DF
  24 0028 36F6F031 		.ascii	"6\366\3601\000\000S4\021\273"
  24      00005334 
  24      11BB
  25              		.text
  26              		.section	.gnu.lto_.jmpfuncs.2c3e498709a9d472,"",%progbits
  27 0000 789C6361 		.ascii	"x\234ca`d\000\001A\006\004`\005b\240(\023\003\0033\003"
  27      60640001 
  27      41060460 
  27      0562A028 
  27      13030333 
  28 0015 030B9003 		.ascii	"\003\013\220\003\000\003d\000&"
  28      00036400 
  28      26
  29              		.text
  30              		.section	.gnu.lto_.inline.2c3e498709a9d472,"",%progbits
  31 0000 789C6361 		.ascii	"x\234ca`d\000\201x\006\004`e``fbd`\0022\331\026\310"
  31      60640081 
  31      78060460 
  31      65606066 
  31      62646002 
  32 0018 8328A022 		.ascii	"\203(\240\"t\021&\014\021f \017\"\302\002&\201\224\310"
  32      7411260C 
ARM GAS  /tmp/ccvr2HMp.s 			page 2


  32      1166200F 
  32      22C20226 
  32      8194C8
  33 002b 4A0EA088 		.ascii	"J\016\240\210\322\246\347\215\214pe\014\000\000\232"
  33      D2A6E78D 
  33      8C70650C 
  33      00009A
  34 003a 06B8     		.ascii	"\006\270"
  35              		.text
  36              		.section	.gnu.lto_.pureconst.2c3e498709a9d472,"",%progbits
  37 0000 789C6361 		.ascii	"x\234ca`d\340f```e\220`\224`\222`6a\221\002\000\004"
  37      6064E066 
  37      60606065 
  37      90609460 
  37      92603661 
  38 0018 2200B6   		.ascii	"\"\000\266"
  39              		.text
  40              		.section	.gnu.lto___core_init.2c3e498709a9d472,"",%progbits
  41 0000 789C6361 		.ascii	"x\234ca`d\000\201j v\001bi fdf`d\232p\216\201\241\221"
  41      60640081 
  41      6A207601 
  41      62692066 
  41      64666064 
  42 001a 83899111 		.ascii	"\203\211\221\021\304h\340`d\250gb\254g\374\312\364\227"
  42      C468E060 
  42      64A86762 
  42      AC67FCCA 
  42      F497
  43 002c 89F150FB 		.ascii	"\211\361P\373\263\235L\232\313\033\200\340A\3532\303"
  43      B39D4C9A 
  43      CB1B80E0 
  43      41EB32C3 
  44 003c 86150718 		.ascii	"\206\025\007\030[\231\031\030\3763\201Mb`\\\316\250"
  44      5B991918 
  44      FE33814D 
  44      62605CCE 
  44      A8
  45 004d C90054F6 		.ascii	"\311\000T\366h\343\277\251\274l- e\012\020I\306\025"
  45      68E3BFA9 
  45      BC6C2D20 
  45      650A1049 
  45      C615
  46 005f 8C6C20EB 		.ascii	"\214l \353\326\007\035h\370\377\277\271\241\341\243"
  46      D6071D68 
  46      F8FFBFB9 
  46      A1E1A3
  47 006e C13C55A0 		.ascii	"\301<U\240\304\007 \006Y\363\221\211\011D3\277bd\002"
  47      C4072006 
  47      59F39189 
  47      094433BF 
  47      626402
  48 0081 29059BF6 		.ascii	")\005\233\366\201\211\021$\006T\341\244\247\247\017"
  48      81891124 
  48      0654E1A4 
  48      A7A70F
  49 0090 41CE1999 		.ascii	"A\316\031\231I\231\376\301\272A!\372\371\305\372\311"
  49      4999FEC1 
ARM GAS  /tmp/ccvr2HMp.s 			page 3


  49      BA4121FA 
  49      F9C5FAC9 
  50 00a0 F9B9B9F9 		.ascii	"\371\271\271\371y\372\305%\211E%\245\005\372\216A\276"
  50      79FAC525 
  50      894525A5 
  50      05FA8E41 
  50      BE
  51 00b1 CEBE1520 		.ascii	"\316\276\025 \321\202\314\234\324\242b}wgg\375\344\242"
  51      D182CC9C 
  51      D4A2627D 
  51      776767FD 
  51      E4A2
  52 00c3 1243BD64 		.ascii	"\022C\275d\006\000aEBE"
  52      06006145 
  52      4245
  53              		.text
  54              		.section	.gnu.lto___early_init.2c3e498709a9d472,"",%progbits
  55 0000 789C6361 		.ascii	"x\234ca`d\000\201* v\001bi fdf`d\232p\216\201\241\221"
  55      60640081 
  55      2A207601 
  55      62692066 
  55      64666064 
  56 001a 83899111 		.ascii	"\203\211\221\021\304h\340`d\250gb\254g\374\312\364\227"
  56      C468E060 
  56      64A86762 
  56      AC67FCCA 
  56      F497
  57 002c 89F150FB 		.ascii	"\211\361P\373\263\235L\232\313\033\200\340\301\323u"
  57      B39D4C9A 
  57      CB1B80E0 
  57      C1D375
  58 003b 860D2B0E 		.ascii	"\206\015+\0160\266230\374g\002\233\304\300\270\234Q"
  58      30B63233 
  58      30FC6702 
  58      9BC4C0B8 
  58      9C51
  59 004d 9301A8EC 		.ascii	"\223\001\250\354\321\306\177Sy\331Z@\312\024 \222\214"
  59      D1C67F53 
  59      79D95A40 
  59      CA142092 
  59      8C
  60 005e 2B18D940 		.ascii	"+\030\331@\326\255\017:\320\360\377\177sC\303g\005F"
  60      D6AD0F3A 
  60      D0F0FF7F 
  60      7343C367 
  60      0546
  61 0070 A0F80720 		.ascii	"\240\370\007 \006\331\362\221\211\011D3\277bd\002\251"
  61      06D9F291 
  61      89094433 
  61      BF626402 
  61      A9
  62 0081 041BF681 		.ascii	"\004\033\366\201\211\021$\006T\341\244\247\247\017A"
  62      89112406 
  62      54E1A4A7 
  62      A70F41
  63 0090 CE199949 		.ascii	"\316\031\231I\231\376\301\272A!\372\371\305\372\311"
  63      99FEC1BA 
ARM GAS  /tmp/ccvr2HMp.s 			page 4


  63      4121FAF9 
  63      C5FAC9
  64 009f F9B9B9F9 		.ascii	"\371\271\271\371y\372\305%\211E%\245\005\372\216A\276"
  64      79FAC525 
  64      894525A5 
  64      05FA8E41 
  64      BE
  65 00b0 CEBE1520 		.ascii	"\316\276\025 \321\202\314\234\324\242b}wgg\375\344\242"
  65      D182CC9C 
  65      D4A2627D 
  65      776767FD 
  65      E4A2
  66 00c2 1243BD64 		.ascii	"\022C\275d\006\000*\010A\334"
  66      06002A08 
  66      41DC
  67              		.text
  68              		.section	.gnu.lto___late_init.2c3e498709a9d472,"",%progbits
  69 0000 789C6361 		.ascii	"x\234ca`d\000\201* v\001bi fdf`d\232p\216\201\241\221"
  69      60640081 
  69      2A207601 
  69      62692066 
  69      64666064 
  70 001a 83899111 		.ascii	"\203\211\221\021\304h\340`d\250gb\254g\374\312\364\227"
  70      C468E060 
  70      64A86762 
  70      AC67FCCA 
  70      F497
  71 002c 89F150FB 		.ascii	"\211\361P\373\263\235L\232\313\033\200\340\301\322m"
  71      B39D4C9A 
  71      CB1B80E0 
  71      C1D26D
  72 003b 860D2B0E 		.ascii	"\206\015+\0160\266230\374g\002\233\304\300\270\234Q"
  72      30B63233 
  72      30FC6702 
  72      9BC4C0B8 
  72      9C51
  73 004d 9301A8EC 		.ascii	"\223\001\250\354\321\306\177Sy\331Z@\312\024 \222\214"
  73      D1C67F53 
  73      79D95A40 
  73      CA142092 
  73      8C
  74 005e 2B18D940 		.ascii	"+\030\331@\326\255\017:\320\360\377\177sC\303G\005F"
  74      D6AD0F3A 
  74      D0F0FF7F 
  74      7343C347 
  74      0546
  75 0070 A0F80720 		.ascii	"\240\370\007 \006\331\362\221\211\011D3\277bd\002\251"
  75      06D9F291 
  75      89094433 
  75      BF626402 
  75      A9
  76 0081 041BF681 		.ascii	"\004\033\366\201\211\021$\006T\341\244\247\247\017A"
  76      89112406 
  76      54E1A4A7 
  76      A70F41
  77 0090 CE199949 		.ascii	"\316\031\231I\231\376\301\272A!\372\371\305\372\311"
  77      99FEC1BA 
ARM GAS  /tmp/ccvr2HMp.s 			page 5


  77      4121FAF9 
  77      C5FAC9
  78 009f F9B9B9F9 		.ascii	"\371\271\271\371y\372\305%\211E%\245\005\372\216A\276"
  78      79FAC525 
  78      894525A5 
  78      05FA8E41 
  78      BE
  79 00b0 CEBE1520 		.ascii	"\316\276\025 \321\202\314\234\324\242b}wgg\375\344\242"
  79      D182CC9C 
  79      D4A2627D 
  79      776767FD 
  79      E4A2
  80 00c2 1243BD64 		.ascii	"\022C\275d\006\000\003JA\242"
  80      0600034A 
  80      41A2
  81              		.text
  82              		.section	.gnu.lto___default_exit.2c3e498709a9d472,"",%progbits
  83 0000 789C6361 		.ascii	"x\234ca`d\000\201J v\001bS fde`d\232p\216\201\241\221"
  83      60640081 
  83      4A207601 
  83      62532066 
  83      64656064 
  84 001a 83899119 		.ascii	"\203\211\221\031\304`dfd\201\010\260@\004\034\031\031"
  84      C4606466 
  84      648108B0 
  84      40041C19 
  84      19
  85 002b EA999859 		.ascii	"\352\231\230Y\030\201\004\003\004|e\372\313\304x\250"
  85      18810403 
  85      047C65FA 
  85      CBC478A8 
  86 003b FDD94E26 		.ascii	"\375\331N&\315\345\015@\360\340\350n\303\206\025\007"
  86      CDE50D40 
  86      F0E0E86E 
  86      C3861507 
  87 004b 185B810A 		.ascii	"\030[\201\012\3763A\3240.g\324d\000*{\264\361\337T^"
  87      FE3341D4 
  87      302E67D4 
  87      64002A7B 
  87      B4F1DF54 
  88 0060 B6169032 		.ascii	"\266\026\2202\005\210$\343\012F6\220C\326\007\035h\370"
  88      058824E3 
  88      0A463690 
  88      43D6071D 
  88      68F8
  89 0072 FFBFB9A1 		.ascii	"\377\277\271\241\341\273\301oU\240\300\007\240$#\220"
  89      E1BBC16F 
  89      55A0C007 
  89      A0242390 
  90 0082 64023AE1 		.ascii	"d\002:\341\003\320.\240\335\214\037\230X\2404\304\351"
  90      03D02EA0 
  90      DD8C1F98 
  90      58A034C4 
  90      E9
  91 0093 4E7A7AFA 		.ascii	"Nzz\372\020\344\234\221\231\224\351\037\254\033\024"
  91      10E49C91 
  91      9994E91F 
ARM GAS  /tmp/ccvr2HMp.s 			page 6


  91      AC1B14
  92 00a2 A29F5FAC 		.ascii	"\242\237_\254\237\234\237\233\233\237\247_\\\222XTR"
  92      9F9C9F9B 
  92      9B9FA75F 
  92      5C925854 
  92      52
  93 00b3 5AA0EF18 		.ascii	"Z\240\357\030\344\353\354[\001\022-\310\314I-*\326w"
  93      E4EBEC5B 
  93      01122DC8 
  93      CC492D2A 
  93      D677
  94 00c5 7776D64F 		.ascii	"wv\326O.*1\324Kf\000\000;WE#"
  94      2E2A31D4 
  94      4B660000 
  94      3B574523 
  95              		.text
  96              		.section	.gnu.lto___init_ram_areas.2c3e498709a9d472,"",%progbits
  97 0000 789C8D54 		.ascii	"x\234\215T]L\\E\024\2363s\377\366\336\205\335\006|\253"
  97      5D4C5C45 
  97      149E3373 
  97      FFF6DE85 
  97      DD067CAB 
  98 0014 090FF2D0 		.ascii	"\011\017\362\320\007Y\361\311\364\245\251\304\030\023"
  98      0759F1C9 
  98      F4A5A9C4 
  98      1813
  99 0022 D188BE1A 		.ascii	"\321\210\276\032\255h\"\321\226\015\320\244\017&{aw"
  99      AD6822D1 
  99      960DD0A4 
  99      0F267B61 
  99      77
 100 0033 D5566320 		.ascii	"\325Vc \246\015\362#1\215)\226\226\205\326\237.\264"
 100      A60DF223 
 100      318D2996 
 100      9685D69F 
 100      2EB4
 101 0045 76A1582C 		.ascii	"v\241X,Y\321\222\246O\215\3215\222\024\215\331ei\214"
 101      59D192A6 
 101      4F8DD135 
 101      92148DD9 
 101      65698C
 102 0058 8D05CF39 		.ascii	"\215\005\3179s\211\013\265\2467\273w\356\2349\347;\337"
 102      73890BB5 
 102      A637BB77 
 102      EE9C39E7 
 102      3BDF
 103 006a F966E618 		.ascii	"\371f\346\030\002\004==\226\020\3158~\212\177\010\013"
 103      02043D3D 
 103      9610CD38 
 103      7E8A7F08 
 103      0B
 104 007b 90BD8B42 		.ascii	"\220\275\213Bt;\022\224\376P`\352\017C\177\3148\246"
 104      743B1294 
 104      FE5060EA 
 104      0F437FCC 
 104      38A6
 105 008d 34DE9F17 		.ascii	"4\336\237\027\302w\255\224-\374\260\005\016\331\301"
ARM GAS  /tmp/ccvr2HMp.s 			page 7


 105      C277AD94 
 105      2DFCB005 
 105      0ED9C1
 106 009c D6E38CE3 		.ascii	"\326\343\214\343H[\257\207x=$\275\3619\232\272\205\020"
 106      485BAF87 
 106      783D24BD 
 106      F1399ABA 
 106      8510
 107 00ae 4E3D0DBC 		.ascii	"N=\015\274\327\005\240\321w@$\2442L\313vB\236\013\011"
 107      D705A0D1 
 107      774024A4 
 107      324CCB76 
 107      429E0B09 
 108 00c2 4309C819 		.ascii	"C\011\310\031\210F/\"h\012\3758\301xK\336\2210\373\316"
 108      88462F22 
 108      680AFD38 
 108      C1784BDE 
 108      9130FBCE 
 109 00d6 7256EE3A 		.ascii	"rV\356:\341\343\363S\272\320\350\217\346 \255\204\330"
 109      E1E3F353 
 109      BAD0E88F 
 109      E620AD84 
 109      D8
 110 00e7 90DA074E 		.ascii	"\220\332\007N\300.\201nWS\023CjM\246\025\200\201\323"
 110      C02E816E 
 110      57531343 
 110      6A4DA615 
 110      8081D3
 111 00fa D27703BF 		.ascii	"\322w\003\277T\323TB\035NS#\243\031C=\001\344y\362\257"
 111      54D35442 
 111      1D4E5323 
 111      A319433D 
 111      01E479F2 
 112 010f AB4754FD 		.ascii	"\253GT\375q\337\357\361sG?x\360#?\227\252K+\005'A!("
 112      71DFEFF1 
 112      73473F78 
 112      F0233F97 
 112      AA4B2B05 
 113 0127 7C063B61 		.ascii	"|\006;a\024v28z\027&\327\217VY)J_\007cP\257\023\303"
 113      14763238 
 113      7A1726D7 
 113      8F565929 
 113      4A5F0763 
 114 013f 29B05054 		.ascii	")\260PTE\026t\232\373\365\357%O=\305\360\335c\203C\341"
 114      4516749A 
 114      FBF5EF25 
 114      4F3DC5F0 
 114      DD638343 
 115 0154 007E7031 		.ascii	"\000~p1\022\300\033p\372nx\030\347\350|\356p\306UOs"
 115      12C01B70 
 115      FA6E7818 
 115      E7E87CEE 
 115      70C6554F 
 116 0169 F4FAD2CD 		.ascii	"\364\372\322\315\242\031D\017-\206\375\336n\207\202"
 116      A219440F 
 116      2D86FDDE 
 116      6E8782
ARM GAS  /tmp/ccvr2HMp.s 			page 8


 117 0178 33FF113C 		.ascii	"3\377\021<\001\365\231\226\234\277\261\221\364s}\325"
 117      01F59996 
 117      9CBFB191 
 117      F4737DD5 
 118 0188 17FAFF08 		.ascii	"\027\372\377\010=\000\202\010I\006V\354a\360\333\341"
 118      3D008208 
 118      490656EC 
 118      61F0DBE1 
 119 0198 B7CB768F 		.ascii	"\267\313v\217\277\303\002a\253\360eFx\036\345\265\035"
 119      BFC30261 
 119      ABF06546 
 119      781EE5B5 
 119      1D
 120 01a9 64AD6143 		.ascii	"d\255aC-C\011Q\304r\213B\224\244\304A\025\240\2074\343"
 120      2D430951 
 120      C4728B42 
 120      94A4C441 
 120      15A08734 
 121 01be F275E9C7 		.ascii	"\362u\351\307\322\263\337\333$\264\305\374\223\267/"
 121      D2B3DFDB 
 121      24B4C5FC 
 121      93B72F
 122 01cd 96AB1377 		.ascii	"\226\253\023w\374~\337\217\242\355\260\322*^\031\030"
 122      FC7EDF8F 
 122      A2EDB0D2 
 122      2A5E1918 
 123 01dd 7B630486 		.ascii	"{c\004\206\273{\331l\303\031H\300$\025\202k\033+g\306"
 123      BB7BD96C 
 123      C31948C0 
 123      2415826B 
 123      1B2B67C6 
 124 01f1 433AC4EF 		.ascii	"C:\304\357\003\002:\013#(.|\016\011A\231\225H\331\224"
 124      03023A0B 
 124      23282E7C 
 124      0E094199 
 124      9548D994 
 125 0205 39CA9492 		.ascii	"9\312\224\222\012\3042\364L\225.\227\325\366\375\301"
 125      0AC432F4 
 125      4C952E97 
 125      D5F6FDC1 
 126 0215 12883B6F 		.ascii	"\022\210;o\017\002|\001VR\271\225$\025\223\374s~\341"
 126      0F027C01 
 126      5652B995 
 126      241593FC 
 126      737EE1
 127 0228 DD30D1A1 		.ascii	"\3350\321\241\250\227\260f\007A\341\313\200\317\307"
 127      A897B066 
 127      0741E1CB 
 127      80CFC7
 128 0237 FDE7CAD5 		.ascii	"\375\347\312\325\261\323D4\004_!\225u>jp\016b\002Y\370"
 128      B1D34434 
 128      045F2195 
 128      753E6A70 
 128      0E620259 
 129 024c 7B089752 		.ascii	"{\010\227R!63\351\233W:\225\267\035\373\305\377\305"
 129      213633E9 
 129      9B573A95 
ARM GAS  /tmp/ccvr2HMp.s 			page 9


 129      B71DFBC5 
 129      FFC5
 130 025e CE3236DD 		.ascii	"\31626\335M\230\332\202=A\330\236\020\253\000[%E\355"
 130      4D98DA82 
 130      3D41D89E 
 130      10AB005B 
 130      2545ED
 131 0271 1FDA5415 		.ascii	"\037\332T\025\246!!G\355\244\252\365\362\267^F\231\014"
 131      A6212147 
 131      EDA4AAF5 
 131      F2B75E46 
 131      990C
 132 0283 81775121 		.ascii	"\201wQ!\241\333G\256g\037\323\214\252*\2137\266\024"
 132      A1DB47AE 
 132      671FD38C 
 132      AA2A8B37 
 132      B614
 133 0295 8F4ABB49 		.ascii	"\217J\273I\274\036\347\211\032\\ \3111\366\330'U\024"
 133      BC1EE789 
 133      1A5C20C9 
 133      31F6D827 
 133      5514
 134 02a7 B9BD9008 		.ascii	"\271\275\220\010;\253\300\371ktFl\364O\016\275\375c"
 134      3BABC0F9 
 134      6B74466C 
 134      F44F0EBD 
 134      FD63
 135 02b9 F6119D2B 		.ascii	"\366\021\235+B\016t:\013 \377-#\242\275\226\263\217"
 135      420E743A 
 135      0B20FF2D 
 135      23A2BD96 
 135      B38F
 136 02cb 6AAF28E5 		.ascii	"j\257(\345\254\364b!\243\274\321\246\300>\021\3544\007"
 136      ACF46221 
 136      A3BCD1A6 
 136      C03E11EC 
 136      3407
 137 02dd 2BA127EC 		.ascii	"+\241'\354#\365\266\347\317\232\032)\274\265\230{\353"
 137      23F5B6E7 
 137      CF9A1A29 
 137      BCB5987B 
 137      EB
 138 02ee 7C9175E6 		.ascii	"|\221u\346k\233C\235\177\206\324b\362\200\306P\010C"
 138      6B9B439D 
 138      7F86D462 
 138      F280C650 
 138      0843
 139 0300 9BBB0A12 		.ascii	"\233\273\012\022wS\335(\275\205\\\214|\371\325U\300"
 139      7753DD28 
 139      BD855C8C 
 139      7CF9D555 
 139      C0
 140 0311 254FFD4E 		.ascii	"%O\375N\206\210q\276L\002[t\016\321\0253)\023\320`o"
 140      868871BE 
 140      4C025B74 
 140      0ED11533 
 140      2913D060 
ARM GAS  /tmp/ccvr2HMp.s 			page 10


 141 0326 2ABE56BC 		.ascii	"*\276V\274v\\\335[7#\320m\006\211Tn\210\213\367u\026"
 141      765CDD5B 
 141      3723D06D 
 141      0689546E 
 141      888BF775 
 142 033b 5758A1EB 		.ascii	"WX\241\353S\201\2165\024p\227\2165\254\220C\012A\205"
 142      53818E35 
 142      1470978E 
 142      35AC9043 
 142      0A4185
 143 034e 42068B32 		.ascii	"B\006\2132ymS\224\035\367+\312%\026\205\017\322\334"
 143      796D5394 
 143      1DF72BCA 
 143      2516850F 
 143      D2DC
 144 0360 36510C84 		.ascii	"6Q\014\204\321\242\340\227c\341V\327\330\247\370\210"
 144      D1A2E097 
 144      63E156D7 
 144      D8A7F888 
 145 0370 85480166 		.ascii	"\205H\001f[\330\255}k1\001B/\025\363\303\236\356\276"
 145      5BD8AD7D 
 145      6B310142 
 145      2F15F3C3 
 145      9EEEBE
 146 0383 51F8A682 		.ascii	"Q\370\246\202;_\330Z\015?=\254\350b\342\034#\006\246"
 146      3B5FD85A 
 146      0D3F3DAC 
 146      E862E21C 
 146      2306A6
 147 0396 D7164C8A 		.ascii	"\327\026L\212\360\300\271\377\2761_\3217\372\026\006"
 147      F0C0B9FF 
 147      BE315FD1 
 147      37FA1606 
 148 03a6 57CCC68C 		.ascii	"W\314\306\214\217k\376A,\025\276\305\222\340\262n\217"
 148      8F6BFE41 
 148      2C15BEC5 
 148      92E0B26E 
 148      8F
 149 03b7 B8FEDE6F 		.ascii	"\270\376\336o7\177\210\004}\3459\272\372W\240\021\253"
 149      377F8804 
 149      7DE539BA 
 149      FA57A011 
 149      AB
 150 03c8 5DE0AE42 		.ascii	"]\340\256B\215\315\023\037ZP\222.5\266\025ll\245gt\337"
 150      8DCD131F 
 150      5A50922E 
 150      35B6156C 
 150      6CA56774 
 151 03dd E045402B 		.ascii	"\340E@+\036\231\307\033\032b\372\327\364z\333+m\317"
 151      1E99C71B 
 151      1A62FAD7 
 151      F47ADB2B 
 151      6DCF
 152 03ef 3EFF70CB 		.ascii	">\377p\313\013\261\366\316Xk\373\376\375\355\007b\235"
 152      0BB1F6CE 
 152      586BFBFE 
 152      FDED0762 
ARM GAS  /tmp/ccvr2HMp.s 			page 11


 152      9D
 153 0400 5DFB3ABA 		.ascii	"]\373:\272\016\306c{[\232\233\232\017\2215\336\366\346"
 153      0EC6637B 
 153      5B9A9B9A 
 153      0F9135DE 
 153      F6E6
 154 0412 6B1D9DB1 		.ascii	"k\035\235\261'\233\232b\255\035]\215\015\255Bu\354\213"
 154      279B9A62 
 154      AD1D5D8D 
 154      0DAD4275 
 154      EC8B
 155 0424 CBAE38C4 		.ascii	"\313\2568\304\377\001?\2655\276"
 155      FF013FB5 
 155      35BE
 156              		.text
 157              		.section	.gnu.lto_ram_areas.2c3e498709a9d472,"",%progbits
 158 0000 789C75D1 		.ascii	"x\234u\321KO\023Q\030\306\361\363\316i\031@\004\024"
 158      4B4F1351 
 158      18C6F1F3 
 158      CE691940 
 158      0414
 159 0012 50C12A9F 		.ascii	"P\301*\237\300Np\325\215\211P\023V\004\203|\001mHh\""
 159      C04E70D5 
 159      8D895013 
 159      5604837C 
 159      016D4868 
 160 0027 96B42571 		.ascii	"\226\264%q\327Y0\210\356]\341\302\205\204\233H\001\005"
 160      D7593088 
 160      EE5DE1C2 
 160      85849B48 
 160      0105
 161 0039 5B44CAA5 		.ascii	"[D\312\245*\336QY\261aA\\\261\"\030\022\220\313\231"
 161      2ADE5159 
 161      B161415C 
 161      B1221812 
 161      90CB99
 162 004c 7966A1D3 		.ascii	"yf\241\323\274'\223\371'\35799\371e\306'H\330\253\321"
 162      BC2793F9 
 162      27EF3939 
 162      F965C627 
 162      48D8ABD1 
 163 0060 2FC40D81 		.ascii	"/\304\015\201u\250Q&\263\275\241\247\016\315~\323\334"
 163      75A85126 
 163      B3BDA1A7 
 163      0ECD7ED3 
 163      DC
 164 0071 1CDCBFA9 		.ascii	"\034\334\277\251[R<\224\005[\34649\033T\260\221p\346"
 164      5B523C94 
 164      055BE634 
 164      391B54B0 
 164      9170E6
 165 0084 5AC1BCC4 		.ascii	"Z\301\274\304\231Kg\376\347\367\326Bqh\306\354\177j"
 165      994B67FE 
 165      E7F7D642 
 165      7168C6EC 
 165      7F6A
 166 0096 5EB7241D 		.ascii	"^\267$\035i\202F)u\244\021\215\330\321h\330\216\244"
ARM GAS  /tmp/ccvr2HMp.s 			page 12


 166      69824629 
 166      75A4118D 
 166      D8D168D8 
 166      8EA4
 167 00a8 214AD9C7 		.ascii	"!J\331\307w\037Y{rW\263\244F\372\377\267\346\346\037"
 167      771F597B 
 167      7257B3A4 
 167      46FAFFB7 
 167      E6E61F
 168 00bb 5C73EEF5 		.ascii	"\\s\356\365q@?\003,b\200:\007L\0038\001\340\013\000"
 168      71403F03 
 168      2C62803A 
 168      074C0338 
 168      01E00B00 
 169 00cf C701DC3A 		.ascii	"\307\001\334:\030\317\226\003X\344\001\316\272\300b"
 169      18CF9603 
 169      58E401CE 
 169      BAC062
 170 00de 0E58C200 		.ascii	"\016X\302\000K\031\340)\0168\003\340+\000_\0028\015"
 170      4B19E029 
 170      0E3803E0 
 170      2B005F02 
 170      380D
 171 00f0 E0EAB3EC 		.ascii	"\340\352\263\354\3372\000\375\036\340\244\013,\343\200"
 171      DF3200FD 
 171      1EE0A40B 
 171      2CE380
 172 00ff A7196039 		.ascii	"\247\031`9\003\254\340\200o\000\234\0030\013`\006\300"
 172      03ACE080 
 172      6F009C03 
 172      300B6006 
 172      C0
 173 0110 B5DEF413 		.ascii	"\265\336\364\023\367\027\373<\300\001\027X\311\001\317"
 173      F717FB3C 
 173      C0011758 
 173      C901CF
 174 011f 30C0B30C 		.ascii	"0\300\263\014\260\212\003.\001\270\010`\016\300\005"
 174      B08A032E 
 174      01B80860 
 174      0EC005
 175 012e 009776D2 		.ascii	"\000\227v\322C\356\027\224\036\340c\027X\315\001k\030"
 175      43EE1794 
 175      1EE06317 
 175      58CD016B 
 175      18
 176 013f E0390678 		.ascii	"\3409\006x\236\003~\000\360=\200\357\000\314\003\230"
 176      9E037E00 
 176      F03D80EF 
 176      00CC0398 
 177 014f 3FDECB55 		.ascii	"?\336\313U\000\250y\200\307}\000^\340\200\265\014\260"
 177      00A87980 
 177      C77D005E 
 177      E080B50C 
 177      B0
 178 0160 8E015EE4 		.ascii	"\216\001^\344\200_\001\374\002\340g\000?\001\370\257"
 178      805F01FC 
 178      02E06700 
ARM GAS  /tmp/ccvr2HMp.s 			page 13


 178      3F01F8AF 
 179 0170 E8C01505 		.ascii	"\350\300\025\0058\321%Ft\231\021\325s\242\237\020\375"
 179      38D12546 
 179      749911D5 
 179      73A29F10 
 179      FD
 180 0181 80680DA2 		.ascii	"\200h\015\242\357\020\365\016\344\367u\0347\245%%5\004"
 180      EF10F50E 
 180      E4F7751C 
 180      37A52525 
 180      3504
 181 0193 E81785E8 		.ascii	"\350\027\205\350j\200\276\251|\244\000\255\252\256\250"
 181      6A80BEA9 
 181      7CA400AD 
 181      AAAEA8
 182 01a2 2EABBE55 		.ascii	".\253\276U\235W}\255:\253:\245:\251\372\\u\214B\202"
 182      9D577DAD 
 182      3AAB3AA5 
 182      3AA9FA5C 
 182      758C4282 
 183 01b6 D6D5AB29 		.ascii	"\326\325\253)\0304\360\204;\243w\242\255\267\256\264"
 183      1834F084 
 183      3BA377A2 
 183      ADB7AEB4 
 184 01c6 B51BB184 		.ascii	"\265\033\261\204\021\211uu\305\356\031\211\344\355x"
 184      11897575 
 184      C5EE1989 
 184      E4ED78
 185 01d5 B2A7DB68 		.ascii	"\262\247\333hlk\011\267\334\267\247\335\321\273\035"
 185      6C6B09B7 
 185      DCB7A7DD 
 185      D1BB1D
 186 01e4 F184D11C 		.ascii	"\361\204\321\034\016\033\221x\262!\030\021'\345J\037"
 186      0E1B9178 
 186      B2211811 
 186      27E54A1F 
 187 01f4 0D       		.ascii	"\015"
 188              		.text
 189              		.section	.gnu.lto_.symbol_nodes.2c3e498709a9d472,"",%progbits
 190 0000 789C55CD 		.ascii	"x\234U\315WR\002Q\000D\321\276\023\014\030\020P\024"
 190      57520251 
 190      0044D1BE 
 190      130C1810 
 190      5014
 191 0012 5184C5B9 		.ascii	"Q\204\305\271\2167\006\314 (\346\270\016\027\301\206"
 191      8E3706CC 
 191      2028E6B8 
 191      0E17C186 
 192 0022 300DFD43 		.ascii	"0\015\375C\315\327\251\272\325U\235\010\355#)\372V\220"
 192      CDD7A9BA 
 192      D5559D08 
 192      ED2329FA 
 192      5690
 193 0034 06634DF9 		.ascii	"\006cM\371\312:y\371Q\240X~\025\242b\371S\210g\245\222"
 193      CA3A79F9 
 193      51A0587E 
 193      15A262F9 
ARM GAS  /tmp/ccvr2HMp.s 			page 14


 193      538867A5 
 194 0049 978C9014 		.ascii	"\227\214\220\0246\351D\312\252R\234\036@;\277J\017\211"
 194      36E944CA 
 194      AA529C1E 
 194      403BBF4A 
 194      0F89
 195 005b EC11B13D 		.ascii	"\354\021\261=&\261]R{\302\234=e\336\236\261`\317Y\264"
 195      26B15D52 
 195      7BC29C3D 
 195      65DE9EB1 
 195      60CF59B4 
 196 006f 1794EC25 		.ascii	"\027\224\354%K\366\212e\333c\305\366Y\265\327\224\355"
 196      4BF68A65 
 196      DB63C5F6 
 196      59B5D794 
 196      ED
 197 0080 80353BA4 		.ascii	"\2005;\244bo\250\332[jv\304\272\275c\303\336S\267\017"
 197      626FA8DA 
 197      5B6A76C4 
 197      BABD63C3 
 197      DE53B70F 
 198 0094 6CDA47B6 		.ascii	"l\332G\266\354\023\015\373\314\266}\241i_\331\261o\354"
 198      EC130DFB 
 198      CCB67DA1 
 198      695FD9B1 
 198      6FEC
 199 00a6 DA775AF6 		.ascii	"\332wZ\366\203=\373I{\252\376\001\213\3221\357"
 199      833DFB49 
 199      7BAAFE01 
 199      8BD231EF 
 200              		.text
 201              		.section	.gnu.lto_.refs.2c3e498709a9d472,"",%progbits
 202 0000 789C05C1 		.ascii	"x\234\005\301\013\026BP\024\000\300\333\034O\037*\351"
 202      0B164250 
 202      1400C0DB 
 202      1C4F1F2A 
 202      E9
 203 0011 23858456 		.ascii	"#\205\204V\323\376\367c&\213M\374#B&\221\2061\311m\355"
 203      D3FEF763 
 203      268B4DFC 
 203      23422691 
 203      8631C96D 
 204 0026 EC1D144A 		.ascii	"\354\035\024JG'g\225\213\332\325\315\335C\343\251\365"
 204      47276795 
 204      8BDAD5CD 
 204      DD43E3A9 
 204      F5
 205 0037 F2D6E90D 		.ascii	"\362\326\351\015>F_\223\331\342\027+|\302\003\232"
 205      3E465F93 
 205      D9E2172B 
 205      7CC2039A 
 206              		.text
 207              		.section	.gnu.lto_.decls.2c3e498709a9d472,"",%progbits
 208 0000 789C8596 		.ascii	"x\234\205\226kP\024W\026\307\373\316\035a\030\206\201"
 208      6B501457 
 208      16C7FBCE 
 208      1D611886 
ARM GAS  /tmp/ccvr2HMp.s 			page 15


 208      81
 209 0011 422A656D 		.ascii	"B*em\351\206X\244\264j\023&\370\374\232]\2676\237\262"
 209      E98658A4 
 209      B46A1326 
 209      F8FC9A5D 
 209      B7369FB2 
 210 0025 9B4AB2F9 		.ascii	"\233J\262\371\332\2058)\251E\260`\250\350\267\346%\242"
 210      DA853829 
 210      A945B060 
 210      A8E8B7E6 
 210      25A2
 211 0037 22334145 		.ascii	"\"3AE\036>P|\200(\310Ky\250\203\022\202\200\010\002"
 211      1E3E507C 
 211      8028C84B 
 211      79A88312 
 211      82800802 
 212 004b 2AF21634 		.ascii	"*\362\0264\212\2402\240\210/\366\334s{\236=\354v\361"
 212      8AA032A0 
 212      882FF6DC 
 212      737B9E3D 
 212      EC76F1
 213 005e EFE9DB73 		.ascii	"\357\351\333s~\377s\357\271\247\233Q\013D`\307\212 "
 213      7EFF73EF 
 213      B9A79B51 
 213      0B4460C7 
 213      8A20
 214 0070 41F88E0A 		.ascii	"A\370\216\012B\252J\020\026\340\360\205{?\011\316c\011"
 214      42AA4A10 
 214      16E0F085 
 214      7B3F09CE 
 214      6309
 215 0082 A80C5401 		.ascii	"\250\014T\001\252\006\325\201\032@\237\201\206@#\240"
 215      AA06D581 
 215      1A409F81 
 215      864023A0 
 216 0092 87A071D0 		.ascii	"\207\240q\320c\320\023\320\004h\022\364\034\364\022"
 216      63D013D0 
 216      046812F4 
 216      1CF412
 217 00a1 6403CD82 		.ascii	"d\003\315\202^\203\336\200\336\202\336\203>\262\004"
 217      5E83DE80 
 217      DE82DE83 
 217      3EB204
 218 00b0 300D1548 		.ascii	"0\015\025H\015\362\001i@Z\220\016\244\007\005\201\202"
 218      0DF20169 
 218      405A900E 
 218      A4070581 
 218      82
 219 00c1 4121A04F 		.ascii	"A!\240O@\313@\177\002-\007\375\231\010nG\031\267s\314"
 219      40CB407F 
 219      022D07FD 
 219      99086E47 
 219      19B773CC 
 220 00d5 9FC8F73C 		.ascii	"\237\310\367<\217\012/q\025^\342\252\275\304U{\211\253"
 220      8F0A2F71 
 220      155EE2AA 
 220      BDC4557B 
ARM GAS  /tmp/ccvr2HMp.s 			page 16


 220      89AB
 221 00e7 F31257E7 		.ascii	"\363\022W\347%\216\325M'\307\005\203B@\237Bp;|\256\002"
 221      258ED54D 
 221      27C70583 
 221      42409F42 
 221      703B7CAE 
 222 00fc 85C2F520 		.ascii	"\205\302\365 |\016\200>\203\3536\370\374\016\244\006"
 222      7C0E803E 
 222      83EB36F8 
 222      FC0EA406 
 223 010c DD037583 		.ascii	"\335\003u\203z@w\344\034\015\362\347\220G\236!\231i"
 223      7A4077E4 
 223      1C0DF2E7 
 223      90479E21 
 223      9969
 224 011e 97BD589E 		.ascii	"\227\275X\236\301E|\330\021*\360Z.\227k\273L\256u\210"
 224      C1457CD8 
 224      112AF05A 
 224      2E976BBB 
 224      4CAE7588 
 225 0132 5CFB2079 		.ascii	"\\\373 y/t\362\336h\344\275R\313{\307&\301\366\222\355"
 225      2F74F2DE 
 225      68E4BD52 
 225      CB7BC726 
 225      C1F692ED 
 226 0146 29DB5BB6 		.ascii	")\333[\266\307l\257\331\236\263\275g=\300z\201\365\004"
 226      C76CAFD9 
 226      9EB3BD67 
 226      3DC07A81 
 226      F504
 227 0158 EB0DD623 		.ascii	"\353\015\326#\254WX\317\260\336\031\361\230\377\007"
 227      AC5758CF 
 227      B0DE19F1 
 227      98FF07
 228 0167 1529B1F4 		.ascii	"\025)\261\364\326\321~\322G\240-I\020\257*\341g\202"
 228      D6D17ED2 
 228      47A02D49 
 228      10AF2AE1 
 228      6782
 229 0179 12B87008 		.ascii	"\022\270p\010\027*<\013\316[\304\036\310\316pR\021\371"
 229      172A3C0B 
 229      CE5BC41E 
 229      C8CE7052 
 229      11F9
 230 018b 9EE030C3 		.ascii	"\236\3400\303?\231\307\336\307\203\257\307\341Nd\210"
 230      3F99C7DE 
 230      C783AFC7 
 230      E14E6488 
 231 019b 3866805F 		.ascii	"8f\200_\013\374{\207+\377P9\001\027?>]\331\3169g\307"
 231      0BFC7B87 
 231      2BFF5039 
 231      01173F3E 
 231      5DD9CE39 
 232 01b1 9A887DD1 		.ascii	"\232\210}\321\227\036d\375\356C\241\242p}k`\252t\011"
 232      971E64FD 
 232      EE43A1A2 
 232      707D6B60 
ARM GAS  /tmp/ccvr2HMp.s 			page 17


 232      AA7409
 233 01c4 D5E37579 		.ascii	"\325\343uy\301\373.\215\032\226XL(\217\034\236?\373"
 233      C1FB2E8D 
 233      1A96584C 
 233      288F1C9E 
 233      3FFB
 234 01d6 8FF05209 		.ascii	"\217\360R\011\016\263$\251\376\342\254[Wjy\001\235U"
 234      0EB324A9 
 234      FEE2AC5B 
 234      576A7901 
 234      9D55
 235 01e8 91602D51 		.ascii	"\221`-Q\303p\372V\336\230\036\206!Z\022\012\303\017"
 235      C370FA56 
 235      DE981E86 
 235      215A120A 
 235      C30F
 236 01fa 37F3F354 		.ascii	"7\363\363T\313\016!\227\"\205\252\311O\237\220\363d"
 236      CB0E2197 
 236      2285AAC9 
 236      4F9F90F3 
 236      64
 237 020b 392925CB 		.ascii	"9)%\313a\032\027\31028oVs\247dk\305\376\300\225\307"
 237      611A17C8 
 237      32386F56 
 237      73A7646B 
 237      C5FEC095 
 238 0220 A5E3C7A5 		.ascii	"\245\343\307\245\221\371\221\220C)R\013\344\012eQ\344"
 238      91F99190 
 238      4329520B 
 238      E40A6551 
 238      E4
 239 0231 2CA1E41C 		.ascii	",\241\344\034\011\207\350\022\242f#\266\2123\244\037"
 239      0987E812 
 239      A26623B6 
 239      8A33A41F 
 240 0241 D6554656 		.ascii	"\326UFV\262\274SY\035\201T\\d\366%=\327&\002\270\265"
 240      B2BC5359 
 240      1D81545C 
 240      64F6253D 
 240      D72602B8 
 241 0256 F575AB4E 		.ascii	"\365u\253N2\027J\322\327h\\\3560\276\010\306\345\256"
 241      32174AD2 
 241      D7685CEE 
 241      30BE08C6 
 241      E5AE
 242 0268 C61568FC 		.ascii	"\306\025h\374\242\347\345\020\2451\213\030\227\245\244"
 242      A2E7E510 
 242      A5318B18 
 242      97A5A4
 243 0277 B6DA8D2B 		.ascii	"\266\332\215+\332\\\215+\035\306U`\\\351j\\\215\306"
 243      DA5C8D2B 
 243      1DC65560 
 243      5CE96A5C 
 243      8DC6
 244 0289 C57DAFAE 		.ascii	"\305}\257\256\373\323\035h|\354\346\303B\035M'8x\372"
 244      FBD31D68 
 244      7CECE6C3 
ARM GAS  /tmp/ccvr2HMp.s 			page 18


 244      421D4D27 
 244      3878FA
 245 029c A4A73F90 		.ascii	"\244\247?\220e\271d\3172\226\321\325\340g\317K.\023"
 245      65B964CF 
 245      3296D1D5 
 245      E067CF4B 
 245      2E13
 246 02ae 35BBF9C4 		.ascii	"5\273\371\304z\350\275\226\245.\224\254\003n\251k\034"
 246      7AE8BD96 
 246      A52E94AC 
 246      036EA96B 
 246      1C
 247 02bf A96B2175 		.ascii	"\251k!u\215k\352:L\335yx\357.B\315<]\323\340\207/\230"
 247      8D6BEA3A 
 247      4CDD7978 
 247      EF2E42CD 
 247      3C5DD3E0 
 248 02d6 4DB96435 		.ascii	"M\271d5w\200M\222\335\246\336n#\260K\247G\003z\324v"
 248      77804D92 
 248      DDA6DE6E 
 248      23B04BA7 
 248      47037AD4 
 249 02eb 64DFD0D3 		.ascii	"d\337\320\323B\356Q\363\370f\263\2267\201D\330\266\337"
 249      42EE51F3 
 249      F866B396 
 249      378144D8 
 249      B6DF
 250 02fd 7DD64478 		.ascii	"}\326Dx\027H\032\030\317\356I\233\223\233\304\027\206"
 250      17481A18 
 250      CFEE499B 
 250      939BC417 
 250      86
 251 030e F50F3B93 		.ascii	"\365\017;\223u\332\335rW\004\267\350\331\027\316\266"
 251      75DADD72 
 251      5704B7E8 
 251      D917CEB6 
 252 031e 68245A38 		.ascii	"h$Z8\033\226\023+\014!<\257~\266u\011\247\231Y\372L"
 252      1B96132B 
 252      0C213CAF 
 252      7EB67509 
 252      A79959FA 
 253 0333 53B29A9E 		.ascii	"S\262\232\236\343\231\007[\212\3171\347UZ\302z?\220"
 253      E399075B 
 253      8ACF31E7 
 253      555AC27A 
 253      3F90
 254 0345 EDC964ED 		.ascii	"\355\311d\355|\000\277\305\"\356d\331\212|i\015\206"
 254      7C00BFC5 
 254      22EE64D9 
 254      8A7C690D 
 254      86
 255 0356 AB9A332B 		.ascii	"\253\2323++\374\311j\355i\226{$\273\343\357\226thg\322"
 255      2BFCC96A 
 255      ED69967B 
 255      24BBE3EF 
 255      96746867 
 256 036b 42B4A4D9 		.ascii	"B\264\244\331\271\334U\220_\200\351%\313\323\023\034"
ARM GAS  /tmp/ccvr2HMp.s 			page 19


 256      B9DC5590 
 256      5F80E925 
 256      CBD3131C 
 257 037b 9323BF93 		.ascii	"\223#\277\223\325\314\230\005\222\337\340f\023\237b"
 257      D5CC9805 
 257      92DFE066 
 257      139F62
 258 038a 7191E584 		.ascii	"q\221\345\204\017}\301\223\344V\225\314i\035I\246\263"
 258      0F7DC193 
 258      E45695CC 
 258      691D49A6 
 258      B3
 259 039b D6C17313 		.ascii	"\326\301s\023D\332 \307Mg\216\026\262x\222V\357I\244"
 259      44DA20C7 
 259      4D678E16 
 259      B2789256 
 259      EF49A4
 260 03ae DEA321BA 		.ascii	"\336\243!\272=N\002-\235ek':\371\231lk\317\274\352K"
 260      3D4E022D 
 260      9D656B27 
 260      3AF9996C 
 260      6BCFBCEA 
 261 03c3 F3F9736D 		.ascii	"\363\371sm~^p\305\237\236\342\203;/\333\217\370\363"
 261      7E5E70C5 
 261      9F9EE283 
 261      3B2FDB8F 
 261      F8F3
 262 03d5 5206B9EC 		.ascii	"R\006\271\354[\210\274o\267'\347.ki\025\306\372\024"
 262      5B88BC6F 
 262      B727E72E 
 262      6B6915C6 
 262      FA14
 263 03e7 25257552 		.ascii	"%%uR\022\026\026\266zi\330\011\226\025\236\312\037\262"
 263      121616B6 
 263      7A69D809 
 263      96159ECA 
 263      1FB2
 264 03f9 E1A9FC8A 		.ascii	"\341\251\374\212\245\"]\260\226\273d\251s\326\327q\026"
 264      A5225DB0 
 264      96BB64A9 
 264      73D6D771 
 264      16
 265 040a E7D959C0 		.ascii	"\347\331Y\300x\353\200Q\312\360\301\340[\236\301\006"
 265      78EB8051 
 265      CAF0C1E0 
 265      5B9EC106 
 266 041a CFD82147 		.ascii	"\317\330!G\354\015\357\306\021,\026Kj\3553J\222\206"
 266      EC0DEFC6 
 266      112C164B 
 266      6AED334A 
 266      9286
 267 042c C5087235 		.ascii	"\305\010r5\331a\221_N\0221\011\244\023\330\333\2101"
 267      D961915F 
 267      4E123109 
 267      A413D8DB 
 267      8831
 268 043e 270822BD 		.ascii	"'\010\"\275P\323{$\214t\203z@wH\030b<{\377S\222+YS)"
ARM GAS  /tmp/ccvr2HMp.s 			page 20


 268      50D37B24 
 268      8C74837A 
 268      40774818 
 268      623C7BFF 
 269 0458 4EA0C3EB 		.ascii	"N\240\303\353d1?\324\350\356\375\256f?\332\2105R\331"
 269      64313FD4 
 269      E8EEFDAE 
 269      663FDA88 
 269      3552D9
 270 046b 5E978DAB 		.ascii	"^\227\215\253\311\322\325^\223\223\007\220\363\377\345"
 270      C9D2D55E 
 270      93930790 
 270      F3FFE5
 271 047a E72B9A09 		.ascii	"\347+\232\011\200.\354\203\320\373\316\016a\353\303"
 271      802EEC83 
 271      D0FBCE0E 
 271      61EBC3
 272 0489 8C0557DB 		.ascii	"\214\005W\333N\353\203\315r\212\257M\030x\015\222\\"
 272      4EEB83CD 
 272      728AAF4D 
 272      18780D92 
 272      5C
 273 049a C515F693 		.ascii	"\305\025\366\223`\373C\303\242Gg'\273UK\345\011Y\027"
 273      60FB43C3 
 273      A2476727 
 273      BB554BE5 
 273      095917
 274 04ad 9D90E075 		.ascii	"\235\220\340u6\354\177\302\356\247\023>\256\331\006"
 274      36EC7FC2 
 274      EEA7133E 
 274      AED906
 275 04bc FE57B6D7 		.ascii	"\376W\266\327g\036V\222\317OJ\235\360\002\234\337\365"
 275      671E5692 
 275      CF4F4A9D 
 275      F0029CDF 
 275      F5
 276 04cd 69926455 		.ascii	"i\222dU\223A\022L\256\360u\270\200\354\316\217\360\016"
 276      9341124C 
 276      AEF075B8 
 276      80ECCE8F 
 276      F00E
 277 04df 1B229F03 		.ascii	"\033\"\237\003g\233\315\254\012\244]\274+\213N\374v"
 277      679BCDAC 
 277      0AA45DBC 
 277      2B8B4EFC 
 277      76
 278 04f0 500B2623 		.ascii	"P\013&#\260\023\226\346\220\\\351\272\032{{X6q\366\370"
 278      B01396E6 
 278      905CE9BA 
 278      1A7B7B58 
 278      3671F6F8 
 279 0504 307B1191 		.ascii	"0{\021\221\021\264\230\310\354]\010\244\343\334\242"
 279      11B498C8 
 279      EC5D08A4 
 279      E3DCA2
 280 0513 3EC73240 		.ascii	">\3072@\270\205\224oL\365C~T\301\217\"\377\020\371\323"
 280      B885946F 
ARM GAS  /tmp/ccvr2HMp.s 			page 21


 280      4CF5437E 
 280      54C18F22 
 280      FF10F9D3 
 281 0527 1F7B6A7C 		.ascii	"\037{j|\250\215\3633\271\267\313\251\314\367\331\371"
 281      A88DF333 
 281      B9B7CBA9 
 281      CCF7D9F9 
 282 0537 31053F86 		.ascii	"1\005?\206\3748\362\271%S\271Z\232D\221?-\215\355\261"
 282      FC38F2B9 
 282      2553B95A 
 282      9A44913F 
 282      2D8DEDB1 
 283 054b F3B9CD3A 		.ascii	"\363\271\315:+\274\\\231\303#\205\303#tx\214\016\217"
 283      2BBC5C99 
 283      C32385C3 
 283      2374788C 
 283      0E8F
 284 055d 6EB48C6A 		.ascii	"n\264\214j\250\205;\014\2474%\353\345\"\344\270\024"
 284      A8853B0C 
 284      A73425EB 
 284      E522E4B8 
 284      14
 285 056e E10F85C5 		.ascii	"\341\017\205\305\037h\361\004-\222_\346\\\364\247E\334"
 285      1F68F104 
 285      2D925FE6 
 285      5CF4A745 
 285      DC
 286 057f 626F75A9 		.ascii	"bou\251\225z\026\341\251\202\177\212\374\004\362]\326"
 286      957A16E1 
 286      A9827F8A 
 286      FC04F25D 
 286      D6
 287 0590 EA125F5A 		.ascii	"\352\022_Z\301\371\263S_x\226\340\231\202~\206\364$"
 287      C1F9B353 
 287      5F7896E0 
 287      99827E86 
 287      F424
 288 05a2 D28FC7F6 		.ascii	"\322\217\307\366]\364\241\215\234>|\350j\257^Y\202)"
 288      5DF4A18D 
 288      9C3E7CE8 
 288      6AAF5E59 
 288      8229
 289 05b4 85C3143A 		.ascii	"\205\303\024:<G\207\201cg\346u\264\213;\264\\y~\300"
 289      3C478781 
 289      6367E675 
 289      B48B3BB4 
 289      5C797EC0 
 290 05c8 572EC111 		.ascii	"W.\301\021\227\022\274PX\274@\213\227h\221S\327~\311"
 290      9712BC50 
 290      58BC408B 
 290      97689153 
 290      D77EC9
 291 05db 978E738B 		.ascii	"\227\216s\213\023\031\265w\264\236%\230V\360\323\310"
 291      1319B577 
 291      B49E2598 
 291      56F0D3C8 
 292 05eb DB905FE8 		.ascii	"\333\220_\3508vKEm\362.,\\)\366\361,\302\214\202\237"
ARM GAS  /tmp/ccvr2HMp.s 			page 22


 292      38764B45 
 292      6DF22E2C 
 292      5C29F6F1 
 292      2CC28C82 
 293 0600 417E16F9 		.ascii	"A~\026\371\326\206_\353\241\017\324\310\2676\015fy\351"
 293      D6865FEB 
 293      A10FD4C8 
 293      B7360D66 
 293      79E9
 294 0612 83570A87 		.ascii	"\203W\012\207W\350\360\032\035\016\357\313XA-\334\340"
 294      57E8F01A 
 294      1D0EEFCB 
 294      58412DDC 
 294      E0
 295 0623 404D7F49 		.ascii	"@M\177I\240\\\203J\227\032\314)\034\346\320\341\015"
 295      A05C834A 
 295      971ACC29 
 295      1CE6D0E1 
 295      0D
 296 0634 7F162ED4 		.ascii	"\177\026.\324V\373\321\"n1\327>}XQ\203y\005?\217\374"
 296      56FBD122 
 296      6E31D73E 
 296      7D585183 
 296      79053F8F 
 297 0649 5BE4DF15 		.ascii	"[\344\337\025\316\227\250i\005\347Kkk\316h<k\360N\301"
 297      CE97A869 
 297      05E74B6B 
 297      6BCE683C 
 297      6BF04EC1 
 298 065d BF43FE3D 		.ascii	"\277C\376=\362\371\005G\353u\264\221\363\335\303\203"
 298      F2F90547 
 298      EB75B491 
 298      F3DDC383 
 299 066d 432A650D 		.ascii	"C*e\015>(\034>\240\303Gt\270pu\260\316\217vq\007[CY"
 299      3E281C3E 
 299      A0C34774 
 299      B87075B0 
 299      CE8F7671 
 300 0685 72805C84 		.ascii	"r\200\\\204Z\227\",(,\026\320BR1\213\2647\273\3625t"
 300      5A97222C 
 300      282C16D0 
 300      4252318B 
 300      B437BBF2 
 301 069b 9C5BF435 		.ascii	"\234[\3645gU+\212\220\244\362\344\341\016\234\223\221"
 301      67552B8A 
 301      90A4F2E4 
 301      E10E9C93 
 301      91
 302 06ac 6FCEC9AC 		.ascii	"o\316\311\254\362\2476\316\037\274$\335_\342Y\204\024"
 302      F2A736CE 
 302      1FBC24DD 
 302      5FE25984 
 302      14
 303 06bd 059F827C 		.ascii	"\005\237\202|*\362\247f\3157\3254i\011\362y\247\332"
 303      2AF2A766 
 303      CD37D534 
 303      6909F279 
ARM GAS  /tmp/ccvr2HMp.s 			page 23


 303      A7DA
 304 06cf 5A89B208 		.ascii	"Z\211\262\010i\012\2074t\330\205\016\031\215\247\213"
 304      690A8734 
 304      74D8850E 
 304      198DA78B 
 305 06df B5D4C21D 		.ascii	"\265\324\302\035n\265W\027\312\255d\275\346R\204t\205"
 305      6EB55717 
 305      CAAD64BD 
 305      E6528474 
 305      85
 306 06f0 453A5AEC 		.ascii	"E:Z\354F\213\272\263e6x!p\213\363\323\023f?\317\"d("
 306      468BBAB3 
 306      65367821 
 306      708BF3D3 
 306      13663FCF 
 307 0707 F80CE4F7 		.ascii	"\370\014\344\367 \177y\352\301\033\037Z\301\371\372"
 307      207F79EA 
 307      C11B1F5A 
 307      C1F9FA
 308 0716 B7133714 		.ascii	"\267\0237\024o\305\275\012~/\362\373\220\237i3\303\323"
 308      6FC5BD0A 
 308      7E2FF2FB 
 308      909F6933 
 308      C3D3
 309 0728 D0C8F97D 		.ascii	"\320\310\371}\327:\217h\225E\310T8d\242\303~t\250ox"
 309      D73A8F68 
 309      9545C854 
 309      3864A2C3 
 309      7E74A86F 
 310 073d B7827671 		.ascii	"\267\202vq\203\321'c'\344]\260\366\272\324 K\341\220"
 310      83D12763 
 310      27E45DB0 
 310      F6BAD420 
 310      4BE190
 311 0750 850E6674 		.ascii	"\205\016ft0\227\025\276\207F\340\026\363\373\367f+\376"
 311      309715BE 
 311      8746E016 
 311      F3FBF766 
 311      2BFE
 312 0762 335814BC 		.ascii	"3X\024\274\005\371_\371\032\272K\357\005P\033\347\317"
 312      05F95FF9 
 312      1ABA4BEF 
 312      05501BE7 
 312      CF
 313 0773 8C9E7CA4 		.ascii	"\214\236|\244\365\254A\266\202\317F\376\000\362#\325"
 313      F5AC41B6 
 313      82CF46FE 
 313      00F223D5 
 314 0783 35657A9A 		.ascii	"5ez\232\344\203\374\335\376\224N/\257\305\203\012\207"
 314      E483FCDD 
 314      FE944E2F 
 314      AFC5830A 
 314      87
 315 0794 83E87008 		.ascii	"\203\350p\010\035\316\233\307r|\251\205;\244\025<\260"
 315      1DCE9BC7 
 315      727CA985 
 315      3BA4153C 
ARM GAS  /tmp/ccvr2HMp.s 			page 24


 315      B0
 316 07a5 F9CB45E8 		.ascii	"\371\313E\350w)B\216\302\"\007-\016\243E^\367\001\370"
 316      7729428E 
 316      C222072D 
 316      0EA3455E 
 316      F701F8
 317 07b8 D95EC42D 		.ascii	"\331^\304-r\256\247\234T{\026!W\301\347\"\237\207\374"
 317      72AEA79C 
 317      547B1621 
 317      57C1E722 
 317      9F87FC
 318 07cb 64FAF010 		.ascii	"d\372\360\0204"
 318      34
 319 07d0 02E7772D 		.ascii	"\002\347w-\324t)^\011\371\012>\037\371\002\344sf\336"
 319      D474295E 
 319      09F90A3E 
 319      1FF902E4 
 319      7366DE
 320 07e3 A6402370 		.ascii	"\246@#p\376quU\255\227\327\342\021\205\303\021t8\212"
 320      FE717555 
 320      AD97D7E2 
 320      1185C311 
 320      74388A
 321 07f6 0E1D2D35 		.ascii	"\016\035-5\367\325n?x\007\\~\225\011\344\230\012\177"
 321      F7D56E3F 
 321      78075C7E 
 321      9509E498 
 321      0A7F
 322 0808 F0B24F56 		.ascii	"\360\262OV\347\316\223\027\210[4\373\035\342\214>.G"
 322      E7CE9317 
 322      885B34FB 
 322      1DE28C3E 
 322      2E47
 323 081a 1FC7E8B4 		.ascii	"\037\307\350\264ZK\261\306\036m^\364\3074)\004\312_"
 323      5A4BB1C6 
 323      1E6D5EF4 
 323      C7342904 
 323      CA5F
 324 082c 14A3E2E2 		.ascii	"\024\243\342\342\215btl\264I\375\2131\362?\232o\376"
 324      8D62746C 
 324      B449FD8B 
 324      31F23F9A 
 324      6FFE
 325 083e F9EFD04D 		.ascii	"\371\357\320M\021\021\302\337\302\303\015\374o\323\326"
 325      1111C2DF 
 325      C2C30DFC 
 325      6FD3D6
 326 084d E8CDD1FF 		.ascii	"\350\315\321\377\372\341\313\357\1774\304%\030\242\342"
 326      FAE1CBEF 
 326      7F34C425 
 326      18A2E2
 327 085c B66D8B8B 		.ascii	"\266m\213\2135$\230\"\343M\211\333\015\177\375\376\333"
 327      35249822 
 327      E34D89DB 
 327      0D7FFDFE 
 327      DB
 328 086d 4DDFEE60 		.ascii	"M\337\356`w\267G\307\030\343\023\014\337l\332d\210\212"
ARM GAS  /tmp/ccvr2HMp.s 			page 25


 328      77B747C7 
 328      18E3130C 
 328      DF6CDA64 
 328      888A
 329 087f 37458447 		.ascii	"7E\204G\011:Q4F\306\307\354Dw\310\024\023i\342\231\364"
 329      093A5134 
 329      46C6C7EC 
 329      4477C814 
 329      1369E299 
 330 0894 A2B8C5F8 		.ascii	"\242\270\305\370sdb\214I4\356\2106iba\012\246\304\370"
 330      7364628C 
 330      4934EE88 
 330      36696261 
 330      0AA6C4F8 
 331 08a8 D82011BF 		.ascii	"\330 \021\277\026\343#\267\211\221\361\306\310\004?"
 331      16E323B7 
 331      8991F1C6 
 331      C8043F
 332 08b7 C795362A 		.ascii	"\307\2256*\006\274\360Z+\212\211\321\261\246\265kD\323"
 332      06BCF05A 
 332      2B8A89D1 
 332      B1A6B56B 
 332      44D3
 333 08c9 9786C484 		.ascii	"\227\206\304\204xCtlTL\342\026\243!\326\370KL\364f\303"
 333      7843746C 
 333      544CE216 
 333      A321D6F8 
 333      4B4CF466 
 334 08de B6C8A8AD 		.ascii	"\266\310\250\255\321\261F\203#\207i\347vcB\370VAc\307"
 334      D1B14683 
 334      238769E7 
 334      766342F8 
 334      564163C7 
 335 08f2 567AC312 		.ascii	"Vz\303\022v&\030\304\004\323\026\210\201X?\234\010K"
 335      762618C4 
 335      04D31688 
 335      81583F9C 
 335      084B
 336 0904 A7C72B93 		.ascii	"\247\307+\223q\007\037\352b\343D\307w\201l~\216\221"
 336      71071FEA 
 336      62E344C7 
 336      77816C7E 
 336      8E91
 337 0916 680A16D9 		.ascii	"h\012\026\331\334\277\022\235\210\030\340zK\324\313"
 337      DCBF129D 
 337      8818E07A 
 337      4BD4CB
 338 0925 23BE1A31 		.ascii	"#\276\0321P\036\306\306\361\2579\037\241\344#\334\370"
 338      501EC6C6 
 338      F1AF391F 
 338      A1E423DC 
 338      F8
 339 0936 08773EC2 		.ascii	"\010w>\302\203_\243\344\327\270\361k\334\3715\036\374"
 339      835FA3E4 
 339      D7B8F16B 
 339      DCF9351E 
 339      FC
ARM GAS  /tmp/ccvr2HMp.s 			page 26


 340 0947 5A25BFD6 		.ascii	"Z%\277\326\215_\353\316\257\365\340\327)\371un\374:"
 340      8D5FEBCE 
 340      AFF5E0D7 
 340      29F9756E 
 340      FC3A
 341 0959 777E9D07 		.ascii	"w~\235\007\277^\311\257w\343\327\273\363\353=\370\015"
 341      BF5EC9AF 
 341      77E3D7BB 
 341      F3EB3DF8 
 341      0D
 342 096a 4A7E831B 		.ascii	"J~\203\033\277\301\235\337\340\301oT\362\033\335\370"
 342      BFC19DDF 
 342      E0C16F54 
 342      F21BDDF8 
 343 097a 8DEEFC46 		.ascii	"\215\356\374F\007\377_\215%;\000"
 343      07FF5F8D 
 343      253B00
 344              		.text
 345              		.section	.gnu.lto_.symtab.2c3e498709a9d472,"",%progbits
 346 0000 5F5F636F 		.ascii	"__core_init\000"
 346      72655F69 
 346      6E697400 
 347 000c 00       		.ascii	"\000"
 348 000d 01       		.ascii	"\001"
 349 000e 00       		.ascii	"\000"
 350 000f 00000000 		.ascii	"\000\000\000\000\000\000\000\000"
 350      00000000 
 351 0017 AF000000 		.ascii	"\257\000\000\000"
 352 001b 5F5F6561 		.ascii	"__early_init\000"
 352      726C795F 
 352      696E6974 
 352      00
 353 0028 00       		.ascii	"\000"
 354 0029 01       		.ascii	"\001"
 355 002a 00       		.ascii	"\000"
 356 002b 00000000 		.ascii	"\000\000\000\000\000\000\000\000"
 356      00000000 
 357 0033 B2000000 		.ascii	"\262\000\000\000"
 358 0037 5F5F6C61 		.ascii	"__late_init\000"
 358      74655F69 
 358      6E697400 
 359 0043 00       		.ascii	"\000"
 360 0044 01       		.ascii	"\001"
 361 0045 00       		.ascii	"\000"
 362 0046 00000000 		.ascii	"\000\000\000\000\000\000\000\000"
 362      00000000 
 363 004e B5000000 		.ascii	"\265\000\000\000"
 364 0052 5F5F6465 		.ascii	"__default_exit\000"
 364      6661756C 
 364      745F6578 
 364      697400
 365 0061 00       		.ascii	"\000"
 366 0062 01       		.ascii	"\001"
 367 0063 00       		.ascii	"\000"
 368 0064 00000000 		.ascii	"\000\000\000\000\000\000\000\000"
 368      00000000 
 369 006c BA000000 		.ascii	"\272\000\000\000"
ARM GAS  /tmp/ccvr2HMp.s 			page 27


 370 0070 5F5F696E 		.ascii	"__init_ram_areas\000"
 370      69745F72 
 370      616D5F61 
 370      72656173 
 370      00
 371 0081 00       		.ascii	"\000"
 372 0082 00       		.ascii	"\000"
 373 0083 00       		.ascii	"\000"
 374 0084 00000000 		.ascii	"\000\000\000\000\000\000\000\000"
 374      00000000 
 375 008c BC000000 		.ascii	"\274\000\000\000"
 376 0090 5F5F7261 		.ascii	"__ram0_init_text__\000"
 376      6D305F69 
 376      6E69745F 
 376      74657874 
 376      5F5F00
 377 00a3 00       		.ascii	"\000"
 378 00a4 02       		.ascii	"\002"
 379 00a5 00       		.ascii	"\000"
 380 00a6 00000000 		.ascii	"\000\000\000\000\000\000\000\000"
 380      00000000 
 381 00ae E0000000 		.ascii	"\340\000\000\000"
 382 00b2 5F5F7261 		.ascii	"__ram0_init__\000"
 382      6D305F69 
 382      6E69745F 
 382      5F00
 383 00c0 00       		.ascii	"\000"
 384 00c1 02       		.ascii	"\002"
 385 00c2 00       		.ascii	"\000"
 386 00c3 00000000 		.ascii	"\000\000\000\000\000\000\000\000"
 386      00000000 
 387 00cb E2000000 		.ascii	"\342\000\000\000"
 388 00cf 5F5F7261 		.ascii	"__ram0_clear__\000"
 388      6D305F63 
 388      6C656172 
 388      5F5F00
 389 00de 00       		.ascii	"\000"
 390 00df 02       		.ascii	"\002"
 391 00e0 00       		.ascii	"\000"
 392 00e1 00000000 		.ascii	"\000\000\000\000\000\000\000\000"
 392      00000000 
 393 00e9 E4000000 		.ascii	"\344\000\000\000"
 394 00ed 5F5F7261 		.ascii	"__ram0_noinit__\000"
 394      6D305F6E 
 394      6F696E69 
 394      745F5F00 
 395 00fd 00       		.ascii	"\000"
 396 00fe 02       		.ascii	"\002"
 397 00ff 00       		.ascii	"\000"
 398 0100 00000000 		.ascii	"\000\000\000\000\000\000\000\000"
 398      00000000 
 399 0108 E6000000 		.ascii	"\346\000\000\000"
 400 010c 5F5F7261 		.ascii	"__ram1_init_text__\000"
 400      6D315F69 
 400      6E69745F 
 400      74657874 
 400      5F5F00
ARM GAS  /tmp/ccvr2HMp.s 			page 28


 401 011f 00       		.ascii	"\000"
 402 0120 02       		.ascii	"\002"
 403 0121 00       		.ascii	"\000"
 404 0122 00000000 		.ascii	"\000\000\000\000\000\000\000\000"
 404      00000000 
 405 012a E8000000 		.ascii	"\350\000\000\000"
 406 012e 5F5F7261 		.ascii	"__ram1_init__\000"
 406      6D315F69 
 406      6E69745F 
 406      5F00
 407 013c 00       		.ascii	"\000"
 408 013d 02       		.ascii	"\002"
 409 013e 00       		.ascii	"\000"
 410 013f 00000000 		.ascii	"\000\000\000\000\000\000\000\000"
 410      00000000 
 411 0147 EA000000 		.ascii	"\352\000\000\000"
 412 014b 5F5F7261 		.ascii	"__ram1_clear__\000"
 412      6D315F63 
 412      6C656172 
 412      5F5F00
 413 015a 00       		.ascii	"\000"
 414 015b 02       		.ascii	"\002"
 415 015c 00       		.ascii	"\000"
 416 015d 00000000 		.ascii	"\000\000\000\000\000\000\000\000"
 416      00000000 
 417 0165 EC000000 		.ascii	"\354\000\000\000"
 418 0169 5F5F7261 		.ascii	"__ram1_noinit__\000"
 418      6D315F6E 
 418      6F696E69 
 418      745F5F00 
 419 0179 00       		.ascii	"\000"
 420 017a 02       		.ascii	"\002"
 421 017b 00       		.ascii	"\000"
 422 017c 00000000 		.ascii	"\000\000\000\000\000\000\000\000"
 422      00000000 
 423 0184 EE000000 		.ascii	"\356\000\000\000"
 424 0188 5F5F7261 		.ascii	"__ram2_init_text__\000"
 424      6D325F69 
 424      6E69745F 
 424      74657874 
 424      5F5F00
 425 019b 00       		.ascii	"\000"
 426 019c 02       		.ascii	"\002"
 427 019d 00       		.ascii	"\000"
 428 019e 00000000 		.ascii	"\000\000\000\000\000\000\000\000"
 428      00000000 
 429 01a6 F0000000 		.ascii	"\360\000\000\000"
 430 01aa 5F5F7261 		.ascii	"__ram2_init__\000"
 430      6D325F69 
 430      6E69745F 
 430      5F00
 431 01b8 00       		.ascii	"\000"
 432 01b9 02       		.ascii	"\002"
 433 01ba 00       		.ascii	"\000"
 434 01bb 00000000 		.ascii	"\000\000\000\000\000\000\000\000"
 434      00000000 
 435 01c3 F2000000 		.ascii	"\362\000\000\000"
ARM GAS  /tmp/ccvr2HMp.s 			page 29


 436 01c7 5F5F7261 		.ascii	"__ram2_clear__\000"
 436      6D325F63 
 436      6C656172 
 436      5F5F00
 437 01d6 00       		.ascii	"\000"
 438 01d7 02       		.ascii	"\002"
 439 01d8 00       		.ascii	"\000"
 440 01d9 00000000 		.ascii	"\000\000\000\000\000\000\000\000"
 440      00000000 
 441 01e1 F4000000 		.ascii	"\364\000\000\000"
 442 01e5 5F5F7261 		.ascii	"__ram2_noinit__\000"
 442      6D325F6E 
 442      6F696E69 
 442      745F5F00 
 443 01f5 00       		.ascii	"\000"
 444 01f6 02       		.ascii	"\002"
 445 01f7 00       		.ascii	"\000"
 446 01f8 00000000 		.ascii	"\000\000\000\000\000\000\000\000"
 446      00000000 
 447 0200 F6000000 		.ascii	"\366\000\000\000"
 448 0204 5F5F7261 		.ascii	"__ram3_init_text__\000"
 448      6D335F69 
 448      6E69745F 
 448      74657874 
 448      5F5F00
 449 0217 00       		.ascii	"\000"
 450 0218 02       		.ascii	"\002"
 451 0219 00       		.ascii	"\000"
 452 021a 00000000 		.ascii	"\000\000\000\000\000\000\000\000"
 452      00000000 
 453 0222 F8000000 		.ascii	"\370\000\000\000"
 454 0226 5F5F7261 		.ascii	"__ram3_init__\000"
 454      6D335F69 
 454      6E69745F 
 454      5F00
 455 0234 00       		.ascii	"\000"
 456 0235 02       		.ascii	"\002"
 457 0236 00       		.ascii	"\000"
 458 0237 00000000 		.ascii	"\000\000\000\000\000\000\000\000"
 458      00000000 
 459 023f FA000000 		.ascii	"\372\000\000\000"
 460 0243 5F5F7261 		.ascii	"__ram3_clear__\000"
 460      6D335F63 
 460      6C656172 
 460      5F5F00
 461 0252 00       		.ascii	"\000"
 462 0253 02       		.ascii	"\002"
 463 0254 00       		.ascii	"\000"
 464 0255 00000000 		.ascii	"\000\000\000\000\000\000\000\000"
 464      00000000 
 465 025d FC000000 		.ascii	"\374\000\000\000"
 466 0261 5F5F7261 		.ascii	"__ram3_noinit__\000"
 466      6D335F6E 
 466      6F696E69 
 466      745F5F00 
 467 0271 00       		.ascii	"\000"
 468 0272 02       		.ascii	"\002"
ARM GAS  /tmp/ccvr2HMp.s 			page 30


 469 0273 00       		.ascii	"\000"
 470 0274 00000000 		.ascii	"\000\000\000\000\000\000\000\000"
 470      00000000 
 471 027c FE000000 		.ascii	"\376\000\000\000"
 472 0280 5F5F7261 		.ascii	"__ram4_init_text__\000"
 472      6D345F69 
 472      6E69745F 
 472      74657874 
 472      5F5F00
 473 0293 00       		.ascii	"\000"
 474 0294 02       		.ascii	"\002"
 475 0295 00       		.ascii	"\000"
 476 0296 00000000 		.ascii	"\000\000\000\000\000\000\000\000"
 476      00000000 
 477 029e 00010000 		.ascii	"\000\001\000\000"
 478 02a2 5F5F7261 		.ascii	"__ram4_init__\000"
 478      6D345F69 
 478      6E69745F 
 478      5F00
 479 02b0 00       		.ascii	"\000"
 480 02b1 02       		.ascii	"\002"
 481 02b2 00       		.ascii	"\000"
 482 02b3 00000000 		.ascii	"\000\000\000\000\000\000\000\000"
 482      00000000 
 483 02bb 02010000 		.ascii	"\002\001\000\000"
 484 02bf 5F5F7261 		.ascii	"__ram4_clear__\000"
 484      6D345F63 
 484      6C656172 
 484      5F5F00
 485 02ce 00       		.ascii	"\000"
 486 02cf 02       		.ascii	"\002"
 487 02d0 00       		.ascii	"\000"
 488 02d1 00000000 		.ascii	"\000\000\000\000\000\000\000\000"
 488      00000000 
 489 02d9 04010000 		.ascii	"\004\001\000\000"
 490 02dd 5F5F7261 		.ascii	"__ram4_noinit__\000"
 490      6D345F6E 
 490      6F696E69 
 490      745F5F00 
 491 02ed 00       		.ascii	"\000"
 492 02ee 02       		.ascii	"\002"
 493 02ef 00       		.ascii	"\000"
 494 02f0 00000000 		.ascii	"\000\000\000\000\000\000\000\000"
 494      00000000 
 495 02f8 06010000 		.ascii	"\006\001\000\000"
 496 02fc 5F5F7261 		.ascii	"__ram5_init_text__\000"
 496      6D355F69 
 496      6E69745F 
 496      74657874 
 496      5F5F00
 497 030f 00       		.ascii	"\000"
 498 0310 02       		.ascii	"\002"
 499 0311 00       		.ascii	"\000"
 500 0312 00000000 		.ascii	"\000\000\000\000\000\000\000\000"
 500      00000000 
 501 031a 08010000 		.ascii	"\010\001\000\000"
 502 031e 5F5F7261 		.ascii	"__ram5_init__\000"
ARM GAS  /tmp/ccvr2HMp.s 			page 31


 502      6D355F69 
 502      6E69745F 
 502      5F00
 503 032c 00       		.ascii	"\000"
 504 032d 02       		.ascii	"\002"
 505 032e 00       		.ascii	"\000"
 506 032f 00000000 		.ascii	"\000\000\000\000\000\000\000\000"
 506      00000000 
 507 0337 0A010000 		.ascii	"\012\001\000\000"
 508 033b 5F5F7261 		.ascii	"__ram5_clear__\000"
 508      6D355F63 
 508      6C656172 
 508      5F5F00
 509 034a 00       		.ascii	"\000"
 510 034b 02       		.ascii	"\002"
 511 034c 00       		.ascii	"\000"
 512 034d 00000000 		.ascii	"\000\000\000\000\000\000\000\000"
 512      00000000 
 513 0355 0C010000 		.ascii	"\014\001\000\000"
 514 0359 5F5F7261 		.ascii	"__ram5_noinit__\000"
 514      6D355F6E 
 514      6F696E69 
 514      745F5F00 
 515 0369 00       		.ascii	"\000"
 516 036a 02       		.ascii	"\002"
 517 036b 00       		.ascii	"\000"
 518 036c 00000000 		.ascii	"\000\000\000\000\000\000\000\000"
 518      00000000 
 519 0374 0E010000 		.ascii	"\016\001\000\000"
 520 0378 5F5F7261 		.ascii	"__ram6_init_text__\000"
 520      6D365F69 
 520      6E69745F 
 520      74657874 
 520      5F5F00
 521 038b 00       		.ascii	"\000"
 522 038c 02       		.ascii	"\002"
 523 038d 00       		.ascii	"\000"
 524 038e 00000000 		.ascii	"\000\000\000\000\000\000\000\000"
 524      00000000 
 525 0396 10010000 		.ascii	"\020\001\000\000"
 526 039a 5F5F7261 		.ascii	"__ram6_init__\000"
 526      6D365F69 
 526      6E69745F 
 526      5F00
 527 03a8 00       		.ascii	"\000"
 528 03a9 02       		.ascii	"\002"
 529 03aa 00       		.ascii	"\000"
 530 03ab 00000000 		.ascii	"\000\000\000\000\000\000\000\000"
 530      00000000 
 531 03b3 12010000 		.ascii	"\022\001\000\000"
 532 03b7 5F5F7261 		.ascii	"__ram6_clear__\000"
 532      6D365F63 
 532      6C656172 
 532      5F5F00
 533 03c6 00       		.ascii	"\000"
 534 03c7 02       		.ascii	"\002"
 535 03c8 00       		.ascii	"\000"
ARM GAS  /tmp/ccvr2HMp.s 			page 32


 536 03c9 00000000 		.ascii	"\000\000\000\000\000\000\000\000"
 536      00000000 
 537 03d1 14010000 		.ascii	"\024\001\000\000"
 538 03d5 5F5F7261 		.ascii	"__ram6_noinit__\000"
 538      6D365F6E 
 538      6F696E69 
 538      745F5F00 
 539 03e5 00       		.ascii	"\000"
 540 03e6 02       		.ascii	"\002"
 541 03e7 00       		.ascii	"\000"
 542 03e8 00000000 		.ascii	"\000\000\000\000\000\000\000\000"
 542      00000000 
 543 03f0 16010000 		.ascii	"\026\001\000\000"
 544 03f4 5F5F7261 		.ascii	"__ram7_init_text__\000"
 544      6D375F69 
 544      6E69745F 
 544      74657874 
 544      5F5F00
 545 0407 00       		.ascii	"\000"
 546 0408 02       		.ascii	"\002"
 547 0409 00       		.ascii	"\000"
 548 040a 00000000 		.ascii	"\000\000\000\000\000\000\000\000"
 548      00000000 
 549 0412 18010000 		.ascii	"\030\001\000\000"
 550 0416 5F5F7261 		.ascii	"__ram7_init__\000"
 550      6D375F69 
 550      6E69745F 
 550      5F00
 551 0424 00       		.ascii	"\000"
 552 0425 02       		.ascii	"\002"
 553 0426 00       		.ascii	"\000"
 554 0427 00000000 		.ascii	"\000\000\000\000\000\000\000\000"
 554      00000000 
 555 042f 1A010000 		.ascii	"\032\001\000\000"
 556 0433 5F5F7261 		.ascii	"__ram7_clear__\000"
 556      6D375F63 
 556      6C656172 
 556      5F5F00
 557 0442 00       		.ascii	"\000"
 558 0443 02       		.ascii	"\002"
 559 0444 00       		.ascii	"\000"
 560 0445 00000000 		.ascii	"\000\000\000\000\000\000\000\000"
 560      00000000 
 561 044d 1C010000 		.ascii	"\034\001\000\000"
 562 0451 5F5F7261 		.ascii	"__ram7_noinit__\000"
 562      6D375F6E 
 562      6F696E69 
 562      745F5F00 
 563 0461 00       		.ascii	"\000"
 564 0462 02       		.ascii	"\002"
 565 0463 00       		.ascii	"\000"
 566 0464 00000000 		.ascii	"\000\000\000\000\000\000\000\000"
 566      00000000 
 567 046c 1E010000 		.ascii	"\036\001\000\000"
 568              		.text
 569              		.section	.gnu.lto_.opts,"",%progbits
 570 0000 272D666D 		.ascii	"'-fmath-errno' '-fsigned-zeros' '-ftrapping-math' '"
ARM GAS  /tmp/ccvr2HMp.s 			page 33


 570      6174682D 
 570      6572726E 
 570      6F272027 
 570      2D667369 
 571 0033 2D666E6F 		.ascii	"-fno-trapv' '-fno-openmp' '-fno-openacc' '-mcpu=cor"
 571      2D747261 
 571      70762720 
 571      272D666E 
 571      6F2D6F70 
 572 0066 7465782D 		.ascii	"tex-m0' '-mno-thumb-interwork' '-mthumb' '-ggdb' '-"
 572      6D302720 
 572      272D6D6E 
 572      6F2D7468 
 572      756D622D 
 573 0099 4F322720 		.ascii	"O2' '-fomit-frame-pointer' '-falign-functions=16' '"
 573      272D666F 
 573      6D69742D 
 573      6672616D 
 573      652D706F 
 574 00cc 2D666675 		.ascii	"-ffunction-sections' '-fdata-sections' '-fno-common"
 574      6E637469 
 574      6F6E2D73 
 574      65637469 
 574      6F6E7327 
 575 00ff 2720272D 		.ascii	"' '-flto'\000"
 575      666C746F 
 575      2700
 576              		.text
 577              		.comm	__gnu_lto_v1,1,1
 578              		.comm	__gnu_lto_slim,1,1
 579              		.ident	"GCC: (15:5.4.1+svn241155-1) 5.4.1 20160919"
ARM GAS  /tmp/ccvr2HMp.s 			page 34


DEFINED SYMBOLS
                            *ABS*:0000000000000000 crt1.c
                            *COM*:0000000000000001 __gnu_lto_v1
                            *COM*:0000000000000001 __gnu_lto_slim

NO UNDEFINED SYMBOLS
