ARM GAS  /tmp/ccixOoLC.s 			page 1


   1              		.syntax unified
   2              		.cpu cortex-m0
   3              		.fpu softvfp
   4              		.eabi_attribute 20, 1
   5              		.eabi_attribute 21, 1
   6              		.eabi_attribute 23, 3
   7              		.eabi_attribute 24, 1
   8              		.eabi_attribute 25, 1
   9              		.eabi_attribute 26, 1
  10              		.eabi_attribute 30, 2
  11              		.eabi_attribute 34, 0
  12              		.eabi_attribute 18, 4
  13              		.thumb
  14              		.syntax unified
  15              		.file	"hal.c"
  16              		.text
  17              	.Ltext0:
  18              		.section	.gnu.lto_.profile.9772859778a860e6,"",%progbits
  19 0000 789C6361 		.ascii	"x\234ca`d`a`\000\222\246\354\000\000\333\000G"
  19      60646061 
  19      600092A6 
  19      EC0000DB 
  19      0047
  20              		.text
  21              		.section	.gnu.lto_.icf.9772859778a860e6,"",%progbits
  22 0000 789C6361 		.ascii	"x\234ca`d\000\001\016\006\004`d\270y\346\356)N\006\000"
  22      60640001 
  22      0E060460 
  22      64B879E6 
  22      EE294E06 
  23 0015 10440364 		.ascii	"\020D\003d"
  24              		.text
  25              		.section	.gnu.lto_.jmpfuncs.9772859778a860e6,"",%progbits
  26 0000 789C6361 		.ascii	"x\234ca`d\000\001-\006\004\200\210001\376ebl\376\265"
  26      60640001 
  26      2D060480 
  26      88303031 
  26      FE65626C 
  27 0016 FF335FFD 		.ascii	"\3773_\375\337\206\031\015\015\002\255\314\014\235\314"
  27      DF86190D 
  27      0D02ADCC 
  27      0C9DCC
  28 0025 20F9E58C 		.ascii	" \371\345\214\365\014\214,@\026\000\365\025\012V"
  28      F50C8C2C 
  28      401600F5 
  28      150A56
  29              		.text
  30              		.section	.gnu.lto_.inline.9772859778a860e6,"",%progbits
  31 0000 789C6361 		.ascii	"x\234ca`d\000\001=\006\004\000\212p\232220\001\231l"
  31      60640001 
  31      3D060400 
  31      8A709A32 
  31      32300199 
  32 0015 0BE499C0 		.ascii	"\013\344\231\300B\\(\004\0237H\025\230\311\000\0004"
  32      425C2804 
  32      13374815 
  32      98C90000 
ARM GAS  /tmp/ccixOoLC.s 			page 2


  32      34
  33 0026 AA0177   		.ascii	"\252\001w"
  34              		.text
  35              		.section	.gnu.lto_.pureconst.9772859778a860e6,"",%progbits
  36 0000 789C6361 		.ascii	"x\234ca`d`f`\000\222\022\000\000p\000\""
  36      60646066 
  36      60009212 
  36      00007000 
  36      22
  37              		.text
  38              		.section	.gnu.lto_halInit.9772859778a860e6,"",%progbits
  39 0000 789C7590 		.ascii	"x\234u\220=K\003A\020\206\347\335\275\\\242\020\261"
  39      3D4B0341 
  39      1086E7DD 
  39      BD5CA210 
  39      B1
  40 0011 14B4B009 		.ascii	"\024\264\260\011\222\302\234\377\301\316F\210\376\001"
  40      92C29CFF 
  40      C1CE4688 
  40      FE01
  41 001f 4D93A020 		.ascii	"M\223\240 \230\037p\033\223C\355\202\240H@S&1\232\017"
  41      981F701B 
  41      9343ED82 
  41      A0484053 
  41      26319A0F 
  42 0033 B149A347 		.ascii	"\261I\243G:\033-\254\304F,$\004\213\210\332\010\361"
  42      3A1B2DAC 
  42      C4462C24 
  42      048B88DA 
  42      08F1
  43 0045 9CBD8858 		.ascii	"\234\275\210X\230a\227\331\335y\366\235\017\203@\332"
  43      986197D9 
  43      DD79F69D 
  43      0F8340DA 
  44 0055 2ED8CDB0 		.ascii	".\330\315\260\237\344\015I\020\371\033\242LH\000\372"
  44      9FE40D49 
  44      10F91BA2 
  44      4C4800FA 
  45 0065 A042205B 		.ascii	"\240B [\300\306\207\350\013\264\267\237[\"ZRl\217\316"
  45      C0C687E8 
  45      0BB4B79F 
  45      5B225A52 
  45      6C8FCE
  46 0078 B1546517 		.ascii	"\261Te\027\216$\362\204\257D(!J\214=5\277\366\303fN"
  46      8E24F284 
  46      AF442821 
  46      4A8C3D35 
  46      BFF6C366 
  47 008d 63D38320 		.ascii	"c\323\203 \3120u\272z\334U\236\227U\352~\256\022\011"
  47      CA3075BA 
  47      7ADC559E 
  47      9755EA7E 
  47      AE1209
  48 00a0 12F538A8 		.ascii	"\022\3658\250\323\274\012\241\275\354 \353\366\303\232"
  48      D3BC0AA1 
  48      BDEC20EB 
  48      F6C39A
ARM GAS  /tmp/ccixOoLC.s 			page 3


  49 00af D63AADD6 		.ascii	"\326:\255\326\313C\320\356\253\035\245\306\035\011O"
  49      CB43D0EE 
  49      AB1DA5C6 
  49      1D094F
  50 00be B0042AB0 		.ascii	"\260\004*\260\311\221\202:\310\271{\346\377\250\364"
  50      C991823A 
  50      C8B97BE6 
  50      FFA8F4
  51 00cd 588F70C2 		.ascii	"X\217p\302(\307\016\234\366m\360]8\322\200\276f?\257"
  51      28C70E9C 
  51      F66DF05D 
  51      38D280BE 
  51      663FAF
  52 00e0 DEC6183D 		.ascii	"\336\306\030=\364Qc\227\033\320\317\327\205\352Z\021"
  52      F4516397 
  52      1BD0CFD7 
  52      85EA5A11 
  53 00f0 4799BCFF 		.ascii	"G\231\274\377\034\300)7]\305\224\037\363\272\347\265"
  53      1CC02937 
  53      5DC5941F 
  53      F3BAE7B5 
  54 0100 11FE32A1 		.ascii	"\021\3762\2415\316P\204\237\0265\330\2164I\027]\010"
  54      35CE5084 
  54      9F1635D8 
  54      8E344917 
  54      5D08
  55 0112 0E2D9AF5 		.ascii	"\016-\232\365Q\377-:\3536F\207\242\006\243\215?\350"
  55      51FF2D3A 
  55      EB364687 
  55      A206A38D 
  55      3FE8
  56 0124 E57034C0 		.ascii	"\345p4\300h\363\007\355b\313\275[\360Qm=\236\023\017"
  56      68F307ED 
  56      62CBBD5B 
  56      F0516D3D 
  56      9E130F
  57 0137 93271089 		.ascii	"\223'\020\211\305\254\301\232O\246VS\213K\263\361ek"
  57      C5ACC19A 
  57      4FA65653 
  57      8B4BB3F1 
  57      656B
  58 0149 236D2557 		.ascii	"#m%W\326\255\364fB\373X\202\276\001$\340\2450"
  58      D6ADF466 
  58      42FB5882 
  58      BE0124E0 
  58      A530
  59              		.text
  60              		.section	.gnu.lto_.symbol_nodes.9772859778a860e6,"",%progbits
  61 0000 789C55C9 		.ascii	"x\234U\311\261\021\3020\020D\321\177+\211:L\245\247"
  61      B111C230 
  61      1044D17F 
  61      2B893A4C 
  61      A5A7
  62 0012 800248C0 		.ascii	"\200\002H\3006N]\205c\307\256\001f\250\203\341P\204"
  62      364E5D85 
  62      63C7AE01 
  62      66A883E1 
ARM GAS  /tmp/ccixOoLC.s 			page 4


  62      5084
  63 0024 3679337F 		.ascii	"6y3\1773\306LL79\\\017\010\266z\2062\211!\036[\344\326"
  63      33C64C4C 
  63      37395C0F 
  63      08B67A86 
  63      3289211E 
  64 003b 1EA8358A 		.ascii	"\036\2505\212=\344\352\302,O]\030\345\271\013wy\371"
  64      3DE4EAC2 
  64      2C4F5D18 
  64      E5B90B77 
  64      79F9
  65 004d 0F8913EB 		.ascii	"\017\211\023\353\363c\211\302\336\314\274\233\211\313"
  65      F36389C2 
  65      DECCBC9B 
  65      89CB
  66 005b EBA75843 		.ascii	"\353\247XC\2763&$\254"
  66      BE332624 
  66      AC
  67              		.text
  68              		.section	.gnu.lto_.refs.9772859778a860e6,"",%progbits
  69 0000 789C6361 		.ascii	"x\234ca`d`c`\000\222L\214L\014\000\000\243\000\022"
  69      60646063 
  69      6000924C 
  69      8C4C0C00 
  69      00A30012 
  70              		.text
  71              		.section	.gnu.lto_.decls.9772859778a860e6,"",%progbits
  72 0000 789C9556 		.ascii	"x\234\225VkLTG\024\276sgY`Y\320@\323\372\2034\304\254"
  72      6B4C5447 
  72      14BE7367 
  72      596059D0 
  72      40D3FA83 
  73 0017 911F95AD 		.ascii	"\221\037\225\255HL\223\366\207\026\237\211U\242\326"
  73      484C93F6 
  73      87169F89 
  73      55A2D6
  74 0026 FEDC00BB 		.ascii	"\376\334\000\273\312&\310\222\335\245\325\264I\257\262"
  74      CA26C892 
  74      DDA5D5B4 
  74      49AFB2
  75 0035 824A15A8 		.ascii	"\202J\025\250O\324\032\025-\250(\010R\001_X\253\342"
  75      4FD41A15 
  75      2DA82808 
  75      52015F58 
  75      ABE2
  76 0047 83825011 		.ascii	"\203\202P\021\344\265\"\240\224\367\233\005\254=3s\357"
  76      E4B522A0 
  76      94F79B05 
  76      AC3D3373 
  76      EF
  77 0058 5E58C1E8 		.ascii	"^X\301\350\015g\346\236{\276\363\2353\347\314\314\242"
  77      0D67E69E 
  77      7BBEF39D 
  77      33E7CCCC 
  77      A2
  78 0069 E010479E 		.ascii	"\340\020G\236\225^\034\027\301s\3341x\177\003\017\274"
  78      955E1C17 
ARM GAS  /tmp/ccixOoLC.s 			page 5


  78      C173DC31 
  78      787F030F 
  78      BC
  79 007a 721B4088 		.ascii	"r\033@\210\365\025\307\036%H\007H\027H\017H\037\310"
  79      F515C71E 
  79      25480748 
  79      17480F48 
  79      1FC8
  80 008c 10C88888 		.ascii	"\020\310\210\210\033\345&?\004\353.\362\214\201\264"
  80      1BE5263F 
  80      04EB2EF2 
  80      8C81B4
  81 009b 838C8B7C 		.ascii	"\203\214\213|/A\006]xGD\276>\221\277k\032\336\327<z"
  81      2F41065D 
  81      784744BE 
  81      3E91BF6B 
  81      1ADED73C 
  82 00b0 6CCB3986 		.ascii	"l\3139\206\007x\344\253B\012P{K\217\274\360\001\365"
  82      0778E4AB 
  82      420A507B 
  82      4B8FBCF0 
  82      01F5
  83 00c2 23150A00 		.ascii	"#\025\012\0005\347\232\255\323\207Y\213\021\350\005"
  83      35E79AAD 
  83      D387598B 
  83      11E805
  84 00d1 D73B8399 		.ascii	"\327;\203\231\352\017ZQ}o\261\027\003\333\211\265?3"
  84      EA0F5A51 
  84      7D6FB117 
  84      03DB89B5 
  84      3F33
  85 00e3 F7B80733 		.ascii	"\367\270\0073g\022\275\355\365\335v7\314#\022\247\313"
  85      6712BDED 
  85      F5DD7637 
  85      CC2312A7 
  85      CB
  86 00f4 D662F762 		.ascii	"\326b\367b\266Y\240V\364<\372MTg\202Z\267+\341\270\022"
  86      B659A056 
  86      F43CFA4D 
  86      5467825A 
  86      B72BE1B8 
  87 0109 7B52647D 		.ascii	"{Rd}\311\331\363$\243\271*D\3527\003>ew\024:\274\331"
  87      C9D9F324 
  87      A3B92A44 
  87      EA37033E 
  87      6577143A 
  88 011f 27826874 		.ascii	"'\202htd.\013\312\022\340I\021\004\376Sy1\025\311}\247"
  88      642E0BCA 
  88      12E04911 
  88      04FE5379 
  88      3115C97D 
  89 0134 DDF12704 		.ascii	"\335\361'\004\304\337\335\223\227\353\205\002U\277\023"
  89      C4DFDD93 
  89      97EB8502 
  89      55BF13
  90 0143 9CFDC019 		.ascii	"\234\375\300\031u\241 \314D\177 \025\272\2140\312CA"
  90      75A120CC 
ARM GAS  /tmp/ccixOoLC.s 			page 6


  90      447F2015 
  90      BA8C30CA 
  90      4341
  91 0155 A4267355 		.ascii	"\244&sU0\356\024\204\355BJ\274\340[\342\303A\342\376"
  91      30EE1484 
  91      ED424ABC 
  91      E05BE2C3 
  91      41E2FE
  92 0168 2803F973 		.ascii	"(\003\371s(\037\005\222x\004\210r\341\343%\370\010!"
  92      281F0592 
  92      78048872 
  92      E1E325F8 
  92      0821
  93 017a CE9E4E3D 		.ascii	"\316\236N=\245\304a4D\332\345s\303*g\210\376\204\220"
  93      A5C46134 
  93      44DAE573 
  93      C32A6788 
  93      FE8490
  94 018d 2C12A210 		.ascii	",\022\242\020B\\\221C@\304ic\024L\035\243\251\250n\033"
  94      425C9143 
  94      40C46963 
  94      144C1DA3 
  94      A9A86E1B 
  95 01a1 8F7FA26B 		.ascii	"\217\177\242k=ru\340\201\033+\224\007\250\335\373\356"
  95      3D7275E0 
  95      811B2B94 
  95      07A8DDFB 
  95      EE
  96 01b2 94F25840 		.ascii	"\224\362X@\324\326Z\035\237\246\304\011LIy]#(\361^\246"
  96      D4D65A1D 
  96      9FA6C409 
  96      4C49795D 
  96      2328F15E 
  97 01c7 ECE91E39 		.ascii	"\354\351\0369\251\300\007\230R\023?\\\345\215\217R\305"
  97      A9C00798 
  97      52133F5C 
  97      E58D8F52 
  97      C5
  98 01d8 F3A223A9 		.ascii	"\363\242#\251Y\2154\032?\215&P\243\321\234\"y\331S\037"
  98      598D341A 
  98      3F8D2650 
  98      A3D19C22 
  98      79D9531F 
  99 01ec FEBC2F23 		.ascii	"\376\274/#AH\011\247\311\027A\362\267\221\237\234f6"
  99      414809A7 
  99      C91741F2 
  99      B7919F9C 
  99      6636
 100 01fe 0C1C9A0F 		.ascii	"\014\034\232\017\003G\361\305Cej\011|\335\025|U\006"
 100      0347F1C5 
 100      43656A09 
 100      7CDD157C 
 100      5506
 101 0210 A78A2D12 		.ascii	"\247\212-\022\220\225C\347\001p\216\332\010\034\226"
 101      909543E7 
 101      01708EDA 
 101      081C96
ARM GAS  /tmp/ccixOoLC.s 			page 7


 102 021f 8CEEC2EA 		.ascii	"\214\356\302\352\377B\032t\017\344O\220\022\220[ \367"
 102      FF421A74 
 102      0FE44F90 
 102      12905B20 
 102      F7
 103 0230 41EE200D 		.ascii	"A\356 \015m*\213\327 \307\273\351\032O\353\222\333\301"
 103      6D2A8BD7 
 103      20C7BBE9 
 103      1A4FEB92 
 103      DBC1
 104 0242 0A27B6D8 		.ascii	"\012'\266\330\025{Q\316\215\366\254\270\026\210\005"
 104      157B51CE 
 104      8DF6ACB8 
 104      168805
 105 0251 0F02E2C4 		.ascii	"\017\002\342\304~\311A\373\313\374\323\204b\033\246"
 105      7EC941FB 
 105      CBFCD384 
 105      621BA6
 106 0260 5437A60C 		.ascii	"T7\246\014\233\211\344\270\243r\216\327\246\256\311"
 106      9B89E4B8 
 106      A3728ED7 
 106      A6AEC9
 107 026f 44F4AF72 		.ascii	"D\364\257r\2269S\227\233\241\241}7\377\263\225+\361"
 107      96395397 
 107      9BA1A17D 
 107      37FFB395 
 107      2BF1
 108 0281 73DA3E3E 		.ascii	"s\332>>\376to\252\007\012\364c\351\247U \222\376#\360"
 108      FE746FAA 
 108      070AF463 
 108      E9A75520 
 108      92FE23F0 
 109 0295 7E20EF38 		.ascii	"~ \3578\262\232i\212\217\036B\315?\244\376\020?\253"
 109      B29A698A 
 109      8F1E42CD 
 109      3FA4FE10 
 109      3FAB
 110 02a7 F45E9D78 		.ascii	"\364^\235xC\354$\247\272r\270<Q\205\007\330\336z\323"
 110      43EC24A7 
 110      BA72B83C 
 110      518507D8 
 110      DE7AD3
 111 02ba 5693EEC9 		.ascii	"V\223\356\311\214=D\337\235\277/}\006\036c\306\312\326"
 111      8C3D44DF 
 111      9DBF2F7D 
 111      061E63C6 
 111      CAD6
 112 02cc 93363533 		.ascii	"\223653\226\023}or\336%\025\336\316.\204\314\326c{E"
 112      96137D6F 
 112      72DE2515 
 112      DECE2E84 
 112      CCD6637B 
 113 02e1 E317A0E6 		.ascii	"\343\027\240\346\227\0264\270\341]\314V\327W\225\350"
 113      971634B8 
 113      E15DCC56 
 113      D75795E8 
 114 02f1 85539892 		.ascii	"\205S\230\222=\276?C\211\0171E\272r|\305+\307\321q\370"
ARM GAS  /tmp/ccixOoLC.s 			page 8


 114      3DBE3F43 
 114      890F3145 
 114      BA727CC5 
 114      2BC7D171 
 115 0306 8907BB82 		.ascii	"\211\007\273\202\004\037\320\223v$\357r\307\307)Xe\357"
 115      041FD093 
 115      7624EF72 
 115      C7C72958 
 115      65EF
 116 0318 7EDAC7C3 		.ascii	"~\332\307\303^'\233\035\236\300S\254h\225\376\333h_"
 116      5E279B1D 
 116      9EC053AC 
 116      6895FEDB 
 116      685F
 117 032a 49D9FE86 		.ascii	"I\331\376\206\262\325\303\354,P\351\344V\001\276|-\351"
 117      B2D5C3EC 
 117      2C50E9E4 
 117      5601BE7C 
 117      2DE9
 118 033c 140157B9 		.ascii	"\024\001W\271\202'\355=\200V;\241O\\\241\027'\360Nj"
 118      8227ED3D 
 118      80563BA1 
 118      4F5CA117 
 118      27F04E6A 
 119 0350 4D35209E 		.ascii	"M5 \236Rc\275\330\227\027\320\227Z\350A\035H#\310s\020"
 119      5263BDD8 
 119      9717D097 
 119      5AE8411D 
 119      4823C873 
 120 0365 3BC83390 		.ascii	";\3103\220&\220\006\371l@\314\202uR\314\032\327\230"
 120      269006F9 
 120      6C40CC82 
 120      7552CC1A 
 120      D798
 121 0377 67DF5A4B 		.ascii	"g\337ZK\2173\301\177\\\301\225\310e1)N\342rWl\231+v"
 121      8F33C17F 
 121      5CC195C8 
 121      6531294E 
 121      E272576C 
 122 038e C4C95BE1 		.ascii	"\304\311[\341\212}\374V\0229N\342\013\256\340,\327\003"
 122      8A7DFC56 
 122      12394EE2 
 122      0BAEE02C 
 122      D703
 123 03a0 7AB5821E 		.ascii	"z\265\202\036\320\372\311\007\024\032}\313\321\261c"
 123      D0FAC907 
 123      141A7DCB 
 123      D1B163
 124 03af 063E431B 		.ascii	"\006>C\033\315g\024$\275\360q\236\212\301Jz*Z\201\270"
 124      CD671424 
 124      BDF0719E 
 124      8AC14A7A 
 124      2A5A81B8 
 125 03c3 593E15F5 		.ascii	"Y>\025\365o\237\012\251\364\250\005*\376\241\325\207"
 125      6F9F0AA9 
 125      F4A8052A 
 125      FEA1D587 
ARM GAS  /tmp/ccixOoLC.s 			page 9


 126 03d3 1C1A92FA 		.ascii	"\034\032\222\372\207\274\375D\312\342i)\271\367\345"
 126      87BCFD44 
 126      CAE26929 
 126      B9F7E5
 127 03e2 EBDC75B2 		.ascii	"\353\334u\262\\\255\336-\377T\240\227\023\356\005\016"
 127      5CADDE2D 
 127      FF54A097 
 127      13EE050E 
 128 03f2 BD426A82 		.ascii	"\275Bj\202$3\240\317\245>)\302\265\320u\370\017\003"
 128      2433A0CF 
 128      A53E29C2 
 128      B5D075F8 
 128      0F03
 129 0404 CDA41C08 		.ascii	"\315\244\034\010\261\021Q\341\230P\025^x:r\362'$\001"
 129      B11151E1 
 129      9850155E 
 129      783A72F2 
 129      272401
 130 0417 C908038F 		.ascii	"\311\010\003\217\304o\234\223\214\376\211\376\364\277"
 130      C46F9C93 
 130      8CFE89FE 
 130      F4BF
 131 0425 19FA5012 		.ascii	"\031\372P\022\231\035\211N\310\231\0015s\314\356de\023"
 131      991D894E 
 131      C8990135 
 131      73CCEE64 
 131      6513
 132 0437 2F3B4CE0 		.ascii	"/;L\340c\351\212tr\316\3165!\251D=yB\223\012g\263\313"
 132      63E98A74 
 132      72CECE35 
 132      21A9443D 
 132      7942930A 
 133 044e E0F5FDA3 		.ascii	"\340\365\375\243G\370Y\007i\375\343\205\000\005\332"
 133      47F85907 
 133      69FDE385 
 133      0005DA
 134 045d F0F1846A 		.ascii	"\360\361\204j\265\243Y0F(\230c\355\261\302\363\312\331"
 134      B5A35930 
 134      46289863 
 134      EDB1C2F3 
 134      CAD9
 135 046f 27841339 		.ascii	"'\204\0239\202\275q\337W\007\343\205\022p\013 (\364"
 135      82BD71DF 
 135      5707E385 
 135      12700B20 
 135      28F4
 136 0481 AFBC4BE0 		.ascii	"\257\274K\340\225Lm\3202\016u\240\331\340\231\230\333"
 136      954C6DD0 
 136      320E75A0 
 136      D9E09998 
 136      DB
 137 0492 D5E886EB 		.ascii	"\325\350\206\353Y\310\266_\232\213\010\215\035~\360"
 137      59C8B65F 
 137      9A8B088D 
 137      1D7EF0
 138 04a1 D30E7DB7 		.ascii	"\323\016}\267-=\2418\005\321X\250Sf\351\244,\360\322"
 138      2D3DA138 
ARM GAS  /tmp/ccixOoLC.s 			page 10


 138      05D158A8 
 138      5366E9A4 
 138      2CF0D2
 139 04b4 45191EB5 		.ascii	"E\031\036\265\326\377\210S1%h\037\263W\251E\202\241"
 139      D6FF8853 
 139      3125681F 
 139      B357A945 
 139      82A1
 140 04c6 67BA0BB9 		.ascii	"g\272\013\271\202\315\223\272w\313\356\335\222{\017"
 140      82CD93BA 
 140      77CBEEDD 
 140      927B0F
 141 04d5 752F7B90 		.ascii	"u/{\220>\356\215o1\377g\266\361\247R\0029\015\353\367"
 141      3EEE8D6F 
 141      31FF67B6 
 141      F1A75202 
 141      390DEBF7 
 142 04e9 C79F5841 		.ascii	"\307\237XA\335{e\367^\311\275\217\272\237\313Jk\361"
 142      DD7B65F7 
 142      5EC9BD8F 
 142      BA9FCB4A 
 142      6BF1
 143 04fb C40EE65E 		.ascii	"\304\016\346^e\313IT+x\266\211Hq\340[ya\311\015\345"
 143      65CB4954 
 143      2B78B689 
 143      4871E05B 
 143      7961C90D 
 144 0510 B4651CA4 		.ascii	"\264e\034\244e\034@b\035kZ\032\363\025b\374\224\207"
 144      651C4062 
 144      1D6B5A1A 
 144      F31562FC 
 144      9487
 145 0522 86C3347F 		.ascii	"\206\3034\177\300\240~9\201~)\201!\232@\332\361\344"
 145      C0A07E39 
 145      817E2981 
 145      219A40DA 
 145      F1E4
 146 0534 1C8C1315 		.ascii	"\034\214\023\0254\001[\321p\233\264\376\352\246E\243"
 146      34015BD1 
 146      709BB4FE 
 146      EAA645A3 
 147 0544 19720187 		.ascii	"\031r\001\207e\206a\211a\2042\224\334\2768\344\205\313"
 147      65866189 
 147      61843294 
 147      DCBE38E4 
 147      85CB
 148 0556 1983E3CA 		.ascii	"\031\203\343\312X\022?']\350\001\206\324$\335\341\036"
 148      58123F27 
 148      5DE80186 
 148      D424DDE1 
 148      1E
 149 0567 9BB0D397 		.ascii	"\233\260\323\227\236\024\007#\230p\245:\010\017\032"
 149      9E140723 
 149      9870A53A 
 149      080F1A
 150 0576 4573C06F 		.ascii	"Es\300o\254%\373\345\344\323E\202\312\013\035\203\202"
 150      AC25FBE5 
ARM GAS  /tmp/ccixOoLC.s 			page 11


 150      E4D34582 
 150      CA0B1D83 
 150      82
 151 0587 88E1C7E8 		.ascii	"\210\341\307\350\001\273\235\334\322\3541\311ap\222"
 151      01BB9DDC 
 151      D2EC31C9 
 151      617092
 152 0596 C3B8781C 		.ascii	"\303\270x\034\311\254\014[\276$\334\032\256\010\337"
 152      C9AC0C5B 
 152      BE24DC1A 
 152      AE08DF
 153 05a5 688EF658 		.ascii	"h\216\366X\276\372\333\200\320\371\3639\225N\027g\214"
 153      BEFADB80 
 153      D0F9F339 
 153      954E1767 
 153      8C
 154 05b6 B12E08D6 		.ascii	"\261.\010\326Y\347i\343,f\2551&2:No\320\306\030~\210"
 154      59E769E3 
 154      2C66AD31 
 154      26323A4E 
 154      6FD0C618 
 155 05cc 36466837 		.ascii	"6Fh7\207GF\031c\014Z\235\336\2601<.\332\252\263n\215"
 155      87474619 
 155      630C5A9D 
 155      DEB0313C 
 155      2EDAAAB3 
 156 05e2 355882A2 		.ascii	"5X\202\2428\017\311m\366Tn\226\255\026\255\316b\325"
 156      380FC96D 
 156      F6546E96 
 156      AD16ADCE 
 156      62D5
 157 05f4 0306B0D8 		.ascii	"\003\006\260\330\2447\273\305\306\305\352\315\356&K"
 157      A437BBC5 
 157      C6C5EACD 
 157      EE264B
 158 0603 ACC1A037 		.ascii	"\254\301\2407+M\204\307\354\266\331\2447\230IFQ\213"
 158      2B4D84C7 
 158      ECB6D9A4 
 158      37984946 
 158      518B
 159 0615 8282B4EC 		.ascii	"\202\202\264\354/4\312\030a\\\263n\336\332\365Z\223"
 159      2F34CA18 
 159      615CB36E 
 159      DEDAF55A 
 159      93
 160 0626 451B151E 		.ascii	"E\033\025\036\255\2155\231\255\026\355\272\365\337,"
 160      AD8D3599 
 160      AD16EDBA 
 160      F5DF2C
 161 0635 08D6AE5A 		.ascii	"\010\326\256Z\265D\273<l\345\232\357\203\211I\027\013"
 161      B544BB3C 
 161      6CE59AEF 
 161      83894917 
 161      0B
 162 0646 121DAD87 		.ascii	"\022\035\255\207 \276\026\353f\310gS\254\321\244\263"
 162      20BE16EB 
 162      66C86753 
ARM GAS  /tmp/ccixOoLC.s 			page 12


 162      ACD1A4B3 
 163 0656 18AC71B1 		.ascii	"\030\254q\261:\2532l\031Y\2612l)\233\226\260)\224M_"
 163      3AAB326C 
 163      1959B132 
 163      6C299B96 
 163      B029944D 
 164 066b B369319B 		.ascii	"\263i1\233V\220\3113l\361\252PS\314F\343&w _\031c\264"
 164      5690C933 
 164      6CF1AA50 
 164      53CC46E3 
 164      2677205F 
 165 0682 CE79475A 		.ascii	"\316yGZ\026s$\231\203\"9\245\305J\300\237\275\003,\025"
 165      16732499 
 165      832239A5 
 165      C54AC09F 
 165      BD032C15 
 166 0696 88246D21 		.ascii	"\210$m!E\361\2140\205\233\365R\014\252\2205\352V\177"
 166      45F18C30 
 166      859BF552 
 166      0CAA9035 
 166      EA567F
 167 06a9 1BBA6AE9 		.ascii	"\033\272j\351\232\205!\272e!!\013\327.e\026\300+-\024"
 167      9A8521BA 
 167      6521210B 
 167      D72E6516 
 167      C02B2D14 
 168 06bd FCF9FBC6 		.ascii	"\374\371\373\3060\230\215\220[\024\347-\325Hg\004wu"
 168      30988D90 
 168      5B14E72D 
 168      D5486704 
 168      7775
 169 06cf D404E5CB 		.ascii	"\324\004\345\313\367\2549\035\227\205l\331\242\215\222"
 169      F7AC391D 
 169      97856CD9 
 169      A28D92
 170 06de CB4D58A5 		.ascii	"\313MX\245M\021Ik\366?&D\0271"
 170      4D11496B 
 170      F63F2644 
 170      1731
 171              		.text
 172              		.section	.gnu.lto_.symtab.9772859778a860e6,"",%progbits
 173 0000 68616C49 		.ascii	"halInit\000"
 173      6E697400 
 174 0008 00       		.ascii	"\000"
 175 0009 00       		.ascii	"\000"
 176 000a 00       		.ascii	"\000"
 177 000b 00000000 		.ascii	"\000\000\000\000\000\000\000\000"
 177      00000000 
 178 0013 EC000000 		.ascii	"\354\000\000\000"
 179 0017 70616C5F 		.ascii	"pal_default_config\000"
 179      64656661 
 179      756C745F 
 179      636F6E66 
 179      696700
 180 002a 00       		.ascii	"\000"
 181 002b 02       		.ascii	"\002"
 182 002c 00       		.ascii	"\000"
ARM GAS  /tmp/ccixOoLC.s 			page 13


 183 002d 00000000 		.ascii	"\000\000\000\000\000\000\000\000"
 183      00000000 
 184 0035 FA000000 		.ascii	"\372\000\000\000"
 185 0039 7374496E 		.ascii	"stInit\000"
 185      697400
 186 0040 00       		.ascii	"\000"
 187 0041 02       		.ascii	"\002"
 188 0042 00       		.ascii	"\000"
 189 0043 00000000 		.ascii	"\000\000\000\000\000\000\000\000"
 189      00000000 
 190 004b EE000000 		.ascii	"\356\000\000\000"
 191 004f 626F6172 		.ascii	"boardInit\000"
 191      64496E69 
 191      7400
 192 0059 00       		.ascii	"\000"
 193 005a 02       		.ascii	"\002"
 194 005b 00       		.ascii	"\000"
 195 005c 00000000 		.ascii	"\000\000\000\000\000\000\000\000"
 195      00000000 
 196 0064 F0000000 		.ascii	"\360\000\000\000"
 197 0068 7364496E 		.ascii	"sdInit\000"
 197      697400
 198 006f 00       		.ascii	"\000"
 199 0070 02       		.ascii	"\002"
 200 0071 00       		.ascii	"\000"
 201 0072 00000000 		.ascii	"\000\000\000\000\000\000\000\000"
 201      00000000 
 202 007a F2000000 		.ascii	"\362\000\000\000"
 203 007e 5F70616C 		.ascii	"_pal_lld_init\000"
 203      5F6C6C64 
 203      5F696E69 
 203      7400
 204 008c 00       		.ascii	"\000"
 205 008d 02       		.ascii	"\002"
 206 008e 00       		.ascii	"\000"
 207 008f 00000000 		.ascii	"\000\000\000\000\000\000\000\000"
 207      00000000 
 208 0097 F6000000 		.ascii	"\366\000\000\000"
 209 009b 68616C5F 		.ascii	"hal_lld_init\000"
 209      6C6C645F 
 209      696E6974 
 209      00
 210 00a8 00       		.ascii	"\000"
 211 00a9 02       		.ascii	"\002"
 212 00aa 00       		.ascii	"\000"
 213 00ab 00000000 		.ascii	"\000\000\000\000\000\000\000\000"
 213      00000000 
 214 00b3 F8000000 		.ascii	"\370\000\000\000"
 215              		.text
 216              		.section	.gnu.lto_.opts,"",%progbits
 217 0000 272D666D 		.ascii	"'-fmath-errno' '-fsigned-zeros' '-ftrapping-math' '"
 217      6174682D 
 217      6572726E 
 217      6F272027 
 217      2D667369 
 218 0033 2D666E6F 		.ascii	"-fno-trapv' '-fno-openmp' '-fno-openacc' '-mcpu=cor"
 218      2D747261 
ARM GAS  /tmp/ccixOoLC.s 			page 14


 218      70762720 
 218      272D666E 
 218      6F2D6F70 
 219 0066 7465782D 		.ascii	"tex-m0' '-mno-thumb-interwork' '-mthumb' '-ggdb' '-"
 219      6D302720 
 219      272D6D6E 
 219      6F2D7468 
 219      756D622D 
 220 0099 4F322720 		.ascii	"O2' '-fomit-frame-pointer' '-falign-functions=16' '"
 220      272D666F 
 220      6D69742D 
 220      6672616D 
 220      652D706F 
 221 00cc 2D666675 		.ascii	"-ffunction-sections' '-fdata-sections' '-fno-common"
 221      6E637469 
 221      6F6E2D73 
 221      65637469 
 221      6F6E7327 
 222 00ff 2720272D 		.ascii	"' '-flto'\000"
 222      666C746F 
 222      2700
 223              		.text
 224              		.comm	__gnu_lto_v1,1,1
 225              		.comm	__gnu_lto_slim,1,1
 226              		.ident	"GCC: (15:5.4.1+svn241155-1) 5.4.1 20160919"
ARM GAS  /tmp/ccixOoLC.s 			page 15


DEFINED SYMBOLS
                            *ABS*:0000000000000000 hal.c
                            *COM*:0000000000000001 __gnu_lto_v1
                            *COM*:0000000000000001 __gnu_lto_slim

NO UNDEFINED SYMBOLS
