ARM GAS  /tmp/ccM7oboE.s 			page 1


   1              		.syntax unified
   2              		.cpu cortex-m0
   3              		.fpu softvfp
   4              		.eabi_attribute 20, 1
   5              		.eabi_attribute 21, 1
   6              		.eabi_attribute 23, 3
   7              		.eabi_attribute 24, 1
   8              		.eabi_attribute 25, 1
   9              		.eabi_attribute 26, 1
  10              		.eabi_attribute 30, 2
  11              		.eabi_attribute 34, 0
  12              		.eabi_attribute 18, 4
  13              		.thumb
  14              		.syntax unified
  15              		.file	"hal_lld.c"
  16              		.text
  17              	.Ltext0:
  18              		.section	.gnu.lto_.profile.c1760897c0376bc6,"",%progbits
  19 0000 789C6361 		.ascii	"x\234ca`d`c`\000\222m\214-\214\000\003\270\001\031"
  19      60646063 
  19      6000926D 
  19      8C2D8C00 
  19      03B80119 
  20              		.text
  21              		.section	.gnu.lto_.icf.c1760897c0376bc6,"",%progbits
  22 0000 789C6361 		.ascii	"x\234ca`d\000\001\021\006\004`fx\263\366\332\011^\306"
  22      60640001 
  22      11060460 
  22      6678B3F6 
  22      DA095EC6 
  23 0014 25D37777 		.ascii	"%\323wwq3=\371~\366 '\003\000d\011\011a"
  23      71333DF9 
  23      7EF62027 
  23      03006409 
  23      0961
  24              		.text
  25              		.section	.gnu.lto_.jmpfuncs.c1760897c0376bc6,"",%progbits
  26 0000 789C6361 		.ascii	"x\234ca`d\000\001\016\006\004`\002b\220(\000\001Z\000"
  26      60640001 
  26      0E060460 
  26      02629028 
  26      00015A00 
  27 0014 11       		.ascii	"\021"
  28              		.text
  29              		.section	.gnu.lto_.inline.c1760897c0376bc6,"",%progbits
  30 0000 789C6361 		.ascii	"x\234ca`d\000\001]\006\004`b`\220\227cd`\262X\260\236"
  30      60640001 
  30      5D060460 
  30      62609097 
  30      636460B2 
  31 0017 99816D81 		.ascii	"\231\201m\201<\023H\220\221\341%\303\"\026\240\350\031"
  31      3C134890 
  31      91E125C3 
  31      2216A0E8 
  31      19
  32 0028 C66BEB9D 		.ascii	"\306k\353\235\340\302\014\000\256k\007\264"
  32      E0C20C00 
ARM GAS  /tmp/ccM7oboE.s 			page 2


  32      AE6B07B4 
  33              		.text
  34              		.section	.gnu.lto_.pureconst.c1760897c0376bc6,"",%progbits
  35 0000 789C6361 		.ascii	"x\234ca`d`e```b\220b\224\002\000\000\355\000B"
  35      60646065 
  35      60606062 
  35      90629402 
  35      0000ED00 
  36              		.text
  37              		.section	.gnu.lto_hal_lld_init.c1760897c0376bc6,"",%progbits
  38 0000 789CA555 		.ascii	"x\234\245UKL\023Q\024}wfZZRl\023\276A\214n\\\260\220"
  38      4B4C1351 
  38      147D7766 
  38      5A5A526C 
  38      13BE418C 
  39 0018 01656764 		.ascii	"\001egdc\342\302\304\230\000{\343g\001\011\011*,\330"
  39      63E2C2C4 
  39      98007BE3 
  39      67010909 
  39      2A2CD8
  40 002b 31D8168D 		.ascii	"1\330\026\215\211Q\023\305\015\210.\014?\371)\212\024"
  40      895113C5 
  40      0D882E0C 
  40      3FF9298A 
  40      14
  41 003c 14A87C15 		.ascii	"\024\250|\025\013(\370\003\244\030B\214\306\244\010"
  41      0B28F803 
  41      A418428C 
  41      C6A408
  42 004b 06054A7D 		.ascii	"\006\005J}\367\275\027\246\335\030\247N\332;\355\314"
  42      F7BD17A6 
  42      DD18A74E 
  42      DA3BEDCC 
  43 005b 9DF3B9F7 		.ascii	"\235\363\271\367\315}\012\001\202\3079\013!\207\350"
  43      CD7D0A01 
  43      82C7390B 
  43      2187E8
  44 006a 399B7EC1 		.ascii	"9\233~\301D@\272\346#\244\302\"I\362h\016\321b\225a"
  44      4440BAE6 
  44      23A4C222 
  44      49F2680E 
  44      D1629561 
  45 007e 3BD16C32 		.ascii	";\321l2(\374\262\002\200?4\013\220rIV\240\034~JA\011"
  45      28FCB202 
  45      803F340B 
  45      90724956 
  45      A01C7E4A 
  46 0094 BC1797BA 		.ascii	"\274\027\227\272\244\364:\215\036\376\301\365L\255\276"
  46      A4F43A8D 
  46      1EFEC1F5 
  46      4CADBE
  47 00a3 0FDC3221 		.ascii	"\017\3342!!\211Q\020\250\203tB\323>\267o\335\2143\273"
  47      21895110 
  47      A8837442 
  47      D33EB76F 
  47      DD8C33BB 
  48 00b7 306D0FBF 		.ascii	"0m\017\277\011\365`F\035\255\271}Z(\344\324\264\225"
ARM GAS  /tmp/ccM7oboE.s 			page 3


  48      09F56046 
  48      1DADB97D 
  48      5A28E4D4 
  48      B495
  49 00c9 CCEABDBB 		.ascii	"\314\352\275\273$\342\226\251\026\032,\030\254\030l"
  49      24E296A9 
  49      161A2C18 
  49      AC186C
  50 00d8 18EC181C 		.ascii	"\030\354\030\034\030\3421$`H\304\220\204!\031C\012\006"
  50      18E23124 
  50      6048C490 
  50      84211943 
  50      0A06
  51 00ea 4202141D 		.ascii	"B\002\024\035\225.K\022\236\345%\360z\226\327\262\220"
  51      952E4B12 
  51      9EE525F0 
  51      7A96D7B2 
  51      90
  52 00fb CF29A3E4 		.ascii	"\317)\243\344*\267w<fUr\313\022\2404W\315\340\222\225"
  52      2AB7773C 
  52      665572CB 
  52      12A03457 
  52      CDE09295 
  53 010f FFD50297 		.ascii	"\377\325\002\2274\205^\3726\277\321e\252\205\032jE\206"
  53      34855EFA 
  53      36BFD165 
  53      AA851A6A 
  53      4586
  54 0121 46488306 		.ascii	"FH\203\006H#\230\373\243j\302oS\2335W\205\346p\323\""
  54      482398FB 
  54      A36AC26F 
  54      539B3557 
  54      85E670D3 
  55 0136 34412D6C 		.ascii	"4A-l1\253p\037TB\251J\221\307\010D\263\016\321\002*"
  55      31AB701F 
  55      5442A94A 
  55      91C70844 
  55      B30ED102 
  56 014b 4D981B69 		.ascii	"M\230\033ih\222Q\017@\210\036vh\245O\032B\006\304m\323"
  56      6892510F 
  56      40881E76 
  56      68A54F1A 
  56      4206C46D 
  57 0160 71DB19EE 		.ascii	"q\333\031\356\266m\005\010<\340\230\236\311M\340\205"
  57      B66D0508 
  57      3CE0989E 
  57      C94DE085 
  58 0170 3119D1FC 		.ascii	"1\031\321\374\220ac\367\240#J\333\217t\210\307\240F"
  58      906163F7 
  58      A0234ADB 
  58      8F7488C7 
  58      A046
  59 0182 E9B15307 		.ascii	"\351\261S\007yBA\266M\005\205)\213\021E]\014\214-M\017"
  59      794241B6 
  59      4D058529 
  59      8B11455D 
  59      0C8C2D4D 
ARM GAS  /tmp/ccM7oboE.s 			page 4


  60 0197 33E5FC65 		.ascii	"3\345\374e\3460V\216t%8\337\037\326\230\035\320\315"
  60      E630568E 
  60      742538DF 
  60      1FD6981D 
  60      D0CD
  61 01a9 F9AAC0A8 		.ascii	"\371\252\300\250\371\036\235\352)\250\224 \012\357\317"
  61      F91E9DEA 
  61      29A89420 
  61      0AEFCF
  62 01b8 748CDE30 		.ascii	"t\214\3360\357\327\267\204w\233\021A}\014LF\260\376"
  62      EFD7B784 
  62      779B1141 
  62      7D0C4C46 
  62      B0FE
  63 01ca 281BEAD5 		.ascii	"(\033\352\325!\236G\335\320\001\035d0\274\241!a\312"
  63      219E47DD 
  63      D0011D64 
  63      30BCA121 
  63      61CA
  64 01dc 6E44D110 		.ascii	"nD\321\020\003S\020l8\262\241\016\2164\344Y_\261\361"
  64      0353106C 
  64      38B2A10E 
  64      8E34E459 
  64      5FB1F1
  65 01ef 86E26002 		.ascii	"\206\342`\002\030\211\266\241\243:\325\013l\250\203"
  65      1889B6A1 
  65      A33AD50B 
  65      6CA883
  66 01fe C95EEED9 		.ascii	"\311^\356\331\0319\372\264\246\0332\033|!>z\"\246\""
  66      1939FAB4 
  66      A61B321B 
  66      7C213E7A 
  66      22A622
  67 0211 BC04337D 		.ascii	"\274\0043}~\014\005\306\207\277\257&\226{7\350j\261"
  67      7E0C05C6 
  67      87BFAF26 
  67      967B37E8 
  67      6AB1
  68 0223 F2BF9ABF 		.ascii	"\362\277\232\277\202\215\251\333c\263\003\261T^\005"
  68      828DA9DB 
  68      63B303B1 
  68      545E05
  69 0232 7D9ECA30 		.ascii	"}\236\3120\203\217J|%$\372\306/\257\306\204I\034g\022"
  69      838F4A7C 
  69      2524FAC6 
  69      2FAFC684 
  69      491C6712 
  70 0246 4D9C0626 		.ascii	"M\234\006&DA*}\2352\247L\340\254-_z\253cEM$\230\334"
  70      44412A7D 
  70      9D32A74C 
  70      E0AC2D5F 
  70      7AAB6345 
  71 025e 2EC8182B 		.ascii	".\310\030+\210!\306\327\021\214o\260.\011|\215\346p"
  71      8821C6D7 
  71      118C6FB0 
  71      2E097C8D 
  71      E670
ARM GAS  /tmp/ccM7oboE.s 			page 5


  72 0270 CAC4B012 		.ascii	"\312\304\260\022\013\304\277-\216)\206g\026x\323\334"
  72      0BC4BF2D 
  72      8E298667 
  72      1678D3DC 
  73 0280 C166E594 		.ascii	"\301f\345\224\304\321\2228\340\342\275\305;Va\300\014"
  73      C4D19238 
  73      E0E2BDC5 
  73      3B5661C0 
  73      0C
  74 0291 6F29D202 		.ascii	"o)\322\002\270f\234\251\"\211f\334\372\376;U$(\360\016"
  74      B8669CA9 
  74      228966DC 
  74      FAFE3B55 
  74      2428F00E 
  75 02a5 A908EE16 		.ascii	"\251\010\356\0262\031\315\301\315b\265\255w\267\260"
  75      3219CDC1 
  75      CD62B5AD 
  75      77B7B0
  76 02b4 FB6FE2E8 		.ascii	"\373o\342\350\335,\324\367>B\337\0076t\033\327jW\024"
  76      DD2CD4F7 
  76      3E42DF07 
  76      36741BD7 
  76      6A5714
  77 02c7 3E7435CA 		.ascii	">t5\312\366\221\327s5\020%\305L\004\305\254xEP\275\242"
  77      F691D773 
  77      351025C5 
  77      4C04C5AC 
  77      784550BD 
  78 02dc EF758BFD 		.ascii	"\357u\213\375\242\245\311F;6\307\340c\004\374'Qa3GK"
  78      A2A5C946 
  78      3B36C7E0 
  78      6304FC27 
  78      51613347 
  79 02f1 E1801D57 		.ascii	"\341\200\035W\273\247\343\304\024\334\300\355i\376\177"
  79      BBA7E3C4 
  79      14DCC0ED 
  79      69FE7F
  80 0300 D6883F82 		.ascii	"\326\210?\202q\001\327H\012\371\012\027\372\272\216"
  80      7101D748 
  80      0AF90A17 
  80      FABA8E
  81 030f E27BC25A 		.ascii	"\342{\302Z\023\240/\0135GG\335\301\214\014\225\177\016"
  81      13A02F0B 
  81      354747DD 
  81      C18C0C95 
  81      7F0E
  82 0321 17149E2A 		.ascii	"\027\024\236*<\236\267/7_-.Q\013N\026\251g\213\317\227"
  82      3C9EB72F 
  82      375F2D2E 
  82      510B4E16 
  82      A9678BCF 
  83 0336 96A879F9 		.ascii	"\226\250y\371\307\016\354\347\361HvY\031\3369QTt&\343"
  83      C70EECE7 
  83      F1487659 
  83      19DE3951 
  83      547426E3 
  84 034a 34F903E4 		.ascii	"4\371\003\344\320\341s"
ARM GAS  /tmp/ccM7oboE.s 			page 6


  84      D0E173
  85              		.text
  86              		.section	.gnu.lto_stm32_clock_init.c1760897c0376bc6,"",%progbits
  87 0000 789C9D58 		.ascii	"x\234\235XilT\327\025~\347\316>\236\361\206m\274c\343"
  87      696C54D7 
  87      157EE7CE 
  87      3E9EF186 
  87      6DBC63E3 
  88 0014 0508C243 		.ascii	"\005\010\302C APP\225QCCPP\244$\352\337(%J\023\025\211"
  88      20415050 
  88      95514343 
  88      5050A424 
  88      EADF2825 
  89 002c 2AA9AAFC 		.ascii	"*\251\252\374\313\263=\006JI\003\251\343R\2021$$@\000"
  89      CBB33D06 
  89      4A4903A9 
  89      E3528231 
  89      24244000 
  90 0040 2F40C036 		.ascii	"/@\3006\233\331\342@\010;\264a\337b(10c\034\233}z\317"
  90      9BD9E240 
  90      083BB461 
  90      DF622831 
  90      30631C9B 
  91 0057 3DF7BD3B 		.ascii	"=\367\275;3\250\321\314X\326y3\367\274\371\356w\277"
  91      33A8D1CC 
  91      58D67933 
  91      F7BCF9EE 
  91      77BF
  92 0069 EFDCF316 		.ascii	"\357\334\363\026\253\006\032\376\015\315\325\264\251"
  92      AB061AFE 
  92      0DCDD5B4 
  92      A9
  93 0076 FC58C134 		.ascii	"\374X\3014\015Fj\300\026\036\322\264j'\003\013}\260"
  93      0D466AC0 
  93      161ED2B4 
  93      6A27030B 
  93      7DB0
  94 0088 B0110BBA 		.ascii	"\260\021\013\2725Mw[\003\016M\367\214\240q\277\025l"
  94      354D775B 
  94      030E4DF7 
  94      8CA071BF 
  94      156C
  95 009a 94B7B14A 		.ascii	"\224\267\261J\312\333E\276\222\306\375vpP\336\301*("
  95      CADB45BE 
  95      92C6FD76 
  95      7050DEC1 
  95      2A28
  96 00ac EF14F90A 		.ascii	"\357\024\371\012\032\367;\301Ey\027+\247\274[\344\313"
  96      1AF73BC1 
  96      4579172B 
  96      A7BC5BE4 
  96      CB
  97 00bd 69DCEF86 		.ascii	"i\334\357\206\024\312\247\2602\312{D\276\214\306\375"
  97      14CAA7B0 
  97      32CA7B44 
  97      BE8CC6FD 
  98 00cd 1EF052DE 		.ascii	"\036\360R\336\313\206S>U\344\207\323\270?\025\322(\237"
ARM GAS  /tmp/ccM7oboE.s 			page 7


  98      CB86533E 
  98      55E487D3 
  98      B83F15D2 
  98      289F
  99 00df C64A299F 		.ascii	"\306J)\237.\362\2454\356O\207B<B!+\241t\206H\227\320"
  99      2EF2A534 
  99      EE4F8742 
  99      3C42212B 
  99      A1748648 
 100 00f5 B03F0332 		.ascii	"\260?\0032\351\347\231l\030\345\207\210\3740\032\367"
 100      E9E7996C 
 100      18E58788 
 100      FC301AF7 
 101 0105 0F812CCA 		.ascii	"\017\201,\312g\261b\312g\213|1\215\373\263YN0\233\217"
 101      67B162CA 
 101      678B7C31 
 101      8DFBB359 
 101      4E309B8F 
 102 0119 E62E9FC8 		.ascii	"\346.\237\310Gs\330\320\210oC!\217~\233k|\310\203|\372"
 102      4773D8D0 
 102      886F4321 
 102      8F7E9B6B 
 102      7CC8837C 
 103 012e 90CF8A08 		.ascii	"\220\317\212\010\255@\240\025\321\270\277\000\000\217"
 103      AD40A015 
 103      D1B8BF00 
 103      008F
 104 013c BA13B40F 		.ascii	"\272\023\264\017\230e\204\325ViwT8]\345\356\2242\217"
 104      986584D5 
 104      56697754 
 104      385DE5EE 
 104      94328F
 105 014f 77786A5A 		.ascii	"wxjZizaIF\346\260!Y\305\3319Cs\363\362\213\012\340\003"
 105      697A6149 
 105      46E6B021 
 105      59C5D939 
 105      4373F3F2 
 106 0167 8F45A33F 		.ascii	"\217E\243?\233<:\344\321%\217)\362\350\225\3074y,\224"
 106      9B3C3AE4 
 106      D1258F29 
 106      F2E895C7 
 106      34792C94 
 107 017b C74C79CC 		.ascii	"\307Ly\314\222\307|y\374\231=b\260{nO\007\033\265J\347"
 107      92C77C79 
 107      FC993D62 
 107      B07B6E4F 
 107      071BB54A 
 108 0190 7F17BF58 		.ascii	"\177\027\277X\373\264\276\272\013\352\370\204aF\347"
 108      FBB4BEBA 
 108      0BEAF884 
 108      6146E7
 109 019f C02A18A5 		.ascii	"\300*\030\245\361\323.\267=\376\304k\017\340i%\224\204"
 109      F1D32EB7 
 109      3DFEC46B 
 109      0FE06925 
 109      9484
 110 01b1 D560C7C2 		.ascii	"\325`\307\302ky\245K\017\207ku\375\301\330y\243_\266"
ARM GAS  /tmp/ccM7oboE.s 			page 8


 110      6B79A54B 
 110      0F876B75 
 110      FDC1D879 
 110      A35FB6
 111 01c4 697516B0 		.ascii	"iu\026\260cpbpapcH\301\340\305\220\206!\035C\006\206"
 111      63706270 
 111      61706348 
 111      C1E0C590 
 111      86211D43 
 112 01da 4C0CD918 		.ascii	"L\014\331\030r0\344b\310\303\220\217\241\000C\021\206"
 112      7230E462 
 112      C8C3908F 
 112      A1004311 
 112      86
 113 01eb 620C2518 		.ascii	"b\014%\030J1\224a(\307P\201\241\022\303H\014\2430<\205"
 113      4A319461 
 113      28C75081 
 113      A112C348 
 113      0CA3303C 
 114 0200 61348631 		.ascii	"a4\2061\030\2520\3700\214\3050\016\303x\014\317b\230"
 114      18AA30F8 
 114      308CC530 
 114      0EC3780C 
 114      CF6298
 115 0213 80612286 		.ascii	"\200a\"\206I\030&c\230\202\3419\014~\014\317c\230\212"
 115      49182663 
 115      9882E139 
 115      0C7E0CCF 
 115      63988A
 116 0226 E1050CD3 		.ascii	"\341\005\014\3230\274\210a:\206\2270\314\300\240iA\256"
 116      30BC8861 
 116      3A869730 
 116      CCC0A069 
 116      41AE
 117 0238 0DB73CC4 		.ascii	"\015\267<\304\030?Xz`w\177\353\371\032\033\212\305U"
 117      183F587A 
 117      60777FEB 
 117      F91A1B8A 
 117      C555
 118 024a 6CA8DB7D 		.ascii	"l\250\333}\330\321\317\352,\014P\324@\343\276\036\027"
 118      D8D1CFEA 
 118      2C0C50D4 
 118      40E3BE1E 
 118      17
 119 025b 7DD583F3 		.ascii	"}\325\203\363t+\037\372\351\302\203\016[\0234V\243\322"
 119      742B1FFA 
 119      E9C2830E 
 119      5B133456 
 119      A3D2
 120 026d DE3A8B05 		.ascii	"\336:\213\005\276\202BX\003\334K\236\355k8r\321\343"
 120      BE824258 
 120      03DC4B9E 
 120      ED6B3872 
 120      D1E3
 121 027f 5BAF07B8 		.ascii	"[\257\007\270GVX\013M\360X\370\004\353\300\307\323["
 121      4756580B 
 121      4DF058F8 
ARM GAS  /tmp/ccM7oboE.s 			page 9


 121      04EBC0C7 
 121      D35B
 122 0291 4E2E3960 		.ascii	"N.9`C<+\340\317\001\326\363\337!\205\340\325\015\226"
 122      433C2BE0 
 122      CF01D6F3 
 122      DF2185E0 
 122      D50D96
 123 02a4 580A3641 		.ascii	"X\0126Aa\305\243@\263\213\276\352\027\253\005\205e\007"
 123      61C5A340 
 123      B38BBEEA 
 123      17AB0585 
 123      6507
 124 02b6 CFEE7547 		.ascii	"\317\356uGP\260C\013\247\320,)\034:<\277\337aRh\025"
 124      50B0430B 
 124      A7D02C29 
 124      1C3A3CBF 
 124      DF615268 
 125 02cb 14B00CA0 		.ascii	"\024\260\014\240MP\330\327|\377\262\313\240`\201\015"
 125      4D50D8D7 
 125      7CFFB2CB 
 125      A060810D 
 126 02db 44A0B3AD 		.ascii	"D\240\263\255\227\010\324Zl\021\213\204\377\273\276"
 126      9708D45A 
 126      6C118B84 
 126      FFBBBE
 127 02ea 6A3D1D21 		.ascii	"j=\035!6\012xQm\233\270\177=P{\327N0\022i\323\336\356"
 127      360A7851 
 127      6D9BB87F 
 127      3D507BD7 
 127      4E301269 
 128 0301 394E9C0E 		.ascii	"9N\234\016\370\337\3274Y\003\310\245\306=\315f5\315"
 128      F8DFD734 
 128      5903C8A5 
 128      C63DCD66 
 128      35CD
 129 0313 16F07170 		.ascii	"\026\360qp\376)\304,\032\337\252\350`g\250\267O\262"
 129      FE29C42C 
 129      1ADFAAE8 
 129      6067A8B7 
 129      4FB2
 130 0325 77C6052B 		.ascii	"w\306\005+\244iW\240\035\304\375\341\234\253\214`\\"
 130      A46957A0 
 130      1DC4FDE1 
 130      9CAB8C60 
 130      5C
 131 0336 84B42F3C 		.ascii	"\204\264/<\330\225F\354\031tr\224K\0208]\373\226<\207"
 131      D89546EC 
 131      19747294 
 131      4B10385D 
 131      FB963C87 
 132 034a 9FD0D2DB 		.ascii	"\237\320\322\333q\317K'h\260\025hC\007\331\010\215\367"
 132      71CF4B27 
 132      68B01568 
 132      4307D908 
 132      8DF7
 133 035c 160831AB 		.ascii	"\026\0101\253,\261\316\320\355c\222\240;\221uo\023\024"
 133      2CB1CED0 
ARM GAS  /tmp/ccM7oboE.s 			page 10


 133      ED6392A0 
 133      3B91756F 
 133      1314
 134 036e B1BDC076 		.ascii	"\261\275\300vIQ\312\233BH;\006\352\376B\323?\014\207"
 134      4951CA9B 
 134      42483B06 
 134      EAFE42D3 
 134      3F0C87
 135 0381 C369B023 		.ascii	"\303i\260#Y\205w\252\231\272P\341\024Q\025\213\372\245"
 135      598577AA 
 135      99BA50E1 
 135      1451158B 
 135      FAA5
 136 0393 1EDE44B0 		.ascii	"\036\336D\260v)\254\335\202u\022|\366(\214\275\310\307"
 136      7629ACDD 
 136      8275127C 
 136      F6288CBD 
 136      C8C7
 137 03a5 2B1CB729 		.ascii	"+\034\267)\307\373/KA\323\342w|\237\002\375\306p\274"
 137      C7FB2F4B 
 137      41D3E277 
 137      7C9F02FD 
 137      C670BC
 138 03b8 57AE309D 		.ascii	"W\2560\235\220\036\\\257\377\001HQ\017t\223\343g\014"
 138      901E5CAF 
 138      FF014851 
 138      0F7493E3 
 138      670C
 139 03ca C7D3232C 		.ascii	"\307\323#,\256\224\026\333M\213\007\214\035\224\221"
 139      AE9416DB 
 139      4D8B078C 
 139      1D9491
 140 03d9 C842BF55 		.ascii	"\310B\277UU\270?\332\342LBj\331_\327-\031\335\0038\220"
 140      55B83FDA 
 140      E24C426A 
 140      D95FD72D 
 140      19DD0338 
 141 03ee ACC1DFA9 		.ascii	"\254\301\337\251y\016\242\240\231\242\357\264\016\036"
 141      790EA2A0 
 141      99A2EFB4 
 141      0E1E
 142 03fc B3C420C5 		.ascii	"\263\304 \305\323\330\276WB\036\022]\305lZV\276\017"
 142      D3D8BE57 
 142      421E125D 
 142      C56C5A56 
 142      BE0F
 143 040e 0E1B3DE5 		.ascii	"\016\033=\345\261\241Hv\"L\217(\246G\243{J\016!\365"
 143      B1A14876 
 143      224C8F28 
 143      A647A37B 
 143      4A0E21F5 
 144 0422 5DB85093 		.ascii	"]\270P\223J\212\350z\026\034KV\222\343j\242\023(I\216"
 144      4A8AE87A 
 144      161C4B56 
 144      92E36AA2 
 144      1328498E 
 145 0436 A83187AA 		.ascii	"\2501\207\252\261\275W$\377\334\370k\354\244\002=e\324"
ARM GAS  /tmp/ccM7oboE.s 			page 11


 145      B1BD5724 
 145      FFDCF86B 
 145      ECA4023D 
 145      65D4
 146 0448 D8595963 		.ascii	"\330YYcy\204\264g\331\262\0003\370;\341\3371}%/\242"
 146      7984B467 
 146      D9B20033 
 146      F83BE1DF 
 146      317D252F 
 147 045d CA2A6495 		.ascii	"\312*d\2259\315*\353\336#9\345'\262\324\377\010VVd\365"
 147      39CD2AEB 
 147      DE2339E5 
 147      27B2D4FF 
 147      08565664 
 148 0472 43B4A605 		.ascii	"C\264\246\005\034)\371\306|Z\341\236A\011\013\204\204"
 148      1C29F9C6 
 148      7C5AE19E 
 148      41090B84 
 148      84
 149 0483 2E53C2B6 		.ascii	".S\302\266\203\206\204E\361KxV\201\236\213m\314\305"
 149      83868445 
 149      F14B7856 
 149      819E8B6D 
 149      CCC5
 150 0495 1CE9894E 		.ascii	"\034\351\211N\\\034\241X\271T\314m^\335\017\327\332"
 150      5C1CA158 
 150      B954CC6D 
 150      5EDD0FD7 
 150      DA
 151 04a6 9228F1F3 		.ascii	"\222(\361\363\202\004\336\321\301\005Q\342\037\266\327"
 151      8204DED1 
 151      C10551E2 
 151      1FB6D7
 152 04b5 4EA40A9F 		.ascii	"N\244\012\237\267\251\372Wp\321(\362\023\033\345\012"
 152      B7A9FA57 
 152      70D128F2 
 152      131BE50A 
 153 04c5 4B1211EE 		.ascii	"K\022\021\356\222*\223\313\321\206\224\022\322\321\037"
 153      922A93CB 
 153      D1869412 
 153      D2D11F
 154 04d4 EF1F7619 		.ascii	"\357\037v\031E\302\253\344J\262\026]U3\375\210\026\225"
 154      45C2ABE4 
 154      4AB2165D 
 154      5533FD88 
 154      1695
 155 04e6 0A8B5294 		.ascii	"\012\213R\224E\247\014\213\312\"\356-\340\227o+z\004"
 155      45A70C8B 
 155      CA22EE2D 
 155      E0976F2B 
 155      7A04
 156 04f8 285E86E1 		.ascii	"(^\206\341Z\254E\345\204t\346@\373\011\207\261\000\200"
 156      5AAC45E5 
 156      8474E640 
 156      FB0987B1 
 156      0080
 157 050a EB319E95 		.ascii	"\3531\236\225GxV&=\363\030U\336v\316\020\265\".Nr\251"
ARM GAS  /tmp/ccM7oboE.s 			page 12


 157      47785626 
 157      3DF31855 
 157      DE76CE10 
 157      B5222E4E 
 158 0520 FF55373B 		.ascii	"\377U7;7\242E\255$\244k\267\326-09Y\341\247\030M\343"
 158      37A245AD 
 158      24A46BB7 
 158      D62D3039 
 158      59E1A718 
 159 0536 9EA8574D 		.ascii	"\236\250WMt\0235\255\024\232zU\3478wG\362\037\031\277"
 159      741335AD 
 159      149A7A55 
 159      E7387747 
 159      F21F19BF 
 160 054a A6B794A6 		.ascii	"\246\267\224\246\267c\257N\2438\222\240\033)\341\250"
 160      B763AF4E 
 160      A33892A0 
 160      1B29E1A8 
 161 055a 0809874B 		.ascii	"\010\011\207K\011S\315Fq\336\220\360\251DV\026T+\013"
 161      0953CD46 
 161      71DE90F0 
 161      A9445616 
 161      542B0B
 162 056d 454B389A 		.ascii	"EK8\232#\211^\225\224b}\012\367\016*6Z(\226\246\252"
 162      23895E95 
 162      94627D0A 
 162      F70E2A36 
 162      5A2896A6 
 163 0582 F082A1D8 		.ascii	"\360\202\241\330\230\370\025\353W\212\375\034\253X\025"
 163      98F815EB 
 163      578AFD1C 
 163      AB5815
 164 0591 477AA2B5 		.ascii	"Gz\242\265VE(V*\024\013\262tT,\304\012\221\012\010*"
 164      56452856 
 164      2A140BB2 
 164      74542CC4 
 164      0A910A08 
 165 05a6 3D06155F 		.ascii	"=\006\025_\374=k@\355\262\301\330\0151\226\220\276\013"
 165      FC3D6B40 
 165      EDB2C1D8 
 165      0D319690 
 165      BE0B
 166 05b8 2FB86D33 		.ascii	"/\270m3wt:\334\215!76\202\\\211\2643\303\354b77&\323"
 166      77743ADC 
 166      8D213736 
 166      825C89B4 
 166      33C3EC62 
 167 05d0 C5EE095A 		.ascii	"\305\356\011Z\370<\012\367E\027[\336\337\320\224Jm,"
 167      F83C0AF7 
 167      45175BDE 
 167      DFD0944A 
 167      6D2C
 168 05e2 7031B0DC 		.ascii	"p1\260\334\012\017\214>v\313\250\227q\211t\227\207j"
 168      0A0F8C3E 
 168      76CBA897 
 168      71897497 
 168      876A
ARM GAS  /tmp/ccM7oboE.s 			page 13


 169 05f4 DD8FA2EB 		.ascii	"\335\217\242\353e<!\365\236j\271e7W]\002\217\223\355"
 169      653C21F5 
 169      9E6AB965 
 169      37575D02 
 169      8F93ED
 170 0607 63613593 		.ascii	"ca5\223\316x\005\215\027\025\224\251\366\334m\303\266"
 170      CE78058D 
 170      171594A9 
 170      F6DC6DC3 
 170      B6
 171 0618 67E3B7AD 		.ascii	"g\343\267\255\232\231\2405,\306\266\011\204\324<\260"
 171      9A99A035 
 171      2CC6B609 
 171      84D43CB0 
 172 0628 678DB2AD 		.ascii	"g\215\262\255K\203Z\026\355\333\204\010\337\206I\337"
 172      4B835A16 
 172      EDDB8408 
 172      DF8649DF 
 173 0638 8618BE05 		.ascii	"\206\030\276\005\007\222\362- x9\221W\035C\337\232v"
 173      0792F22D 
 173      20783991 
 173      571D43DF 
 173      9A76
 174 064a ADEC03C3 		.ascii	"\255\354\003\303\267\005\334\2679\214|\013\015\032\276"
 174      B705DCB7 
 174      398C7C0B 
 174      0D1ABE
 175 0659 4D4C44CD 		.ascii	"MLD\315\271j\341\363X\224o\223\010\351\233\316\373w"
 175      B96AE1F3 
 175      58946F93 
 175      08E99BCE 
 175      FB77
 176 066b 3CE6B279 		.ascii	"<\346\262y\003\377+K\322\270\371j\252\277\241q\223\204"
 176      03FF2B4B 
 176      D2B8F96A 
 176      AABFA171 
 176      9384
 177 067d 71596AEB 		.ascii	"qYj\353?2\214\233\034\277q\013\024\350\207\261\306M"
 177      3F328C9B 
 177      1CBF710B 
 177      14E887B1 
 177      C64D
 178 068f 21A4AE55 		.ascii	"!\244\256U\003\003\352\012\2523\370{\214qS\"\214+\226"
 178      0303EA0A 
 178      AA33F87B 
 178      8C715322 
 178      8C2B96
 179 06a2 C6659BC6 		.ascii	"\306e\233\306\205\217'sg\374\0213\357\214\027\012\343"
 179      858F2773 
 179      67FC1133 
 179      EF8C170A 
 179      E3
 180 06b3 56059634 		.ascii	"V\005\2264{\344\363\366\352\317\370Eg\021gq\031j\272"
 180      7BE4F3F6 
 180      EACFF845 
 180      67116771 
 180      196ABA
ARM GAS  /tmp/ccM7oboE.s 			page 14


 181 06c6 9A3EC6E7 		.ascii	"\232>\306\347\215\243\201\326\245\026L;\000\037\355"
 181      8DA381D6 
 181      A5164C3B 
 181      001FED
 182 06d5 43DF2FB9 		.ascii	"C\337/\271\"\266\247\023\360&\340P\343\361\036\253\345"
 182      22B6A713 
 182      F026E050 
 182      E3F11EAB 
 182      E5
 183 06e6 D7E245C0 		.ascii	"\327\342E\300\343k\007v\260\212\317u\275F\3277pC\002"
 183      E36B0776 
 183      B08ACF75 
 183      BD46D737 
 183      704302
 184 06f9 25751617 		.ascii	"%u\026\027\3243K\230i\360\017V\010\0373ZL\314\313 \370"
 184      D4334B98 
 184      69F00F56 
 184      081F335A 
 184      4CCCCB20 
 185 070e 84DF45E2 		.ascii	"\204\337E\342J8\245\006f\307\257\2217\354.~\303\376"
 185      4A38A506 
 185      66C7AF91 
 185      37EC2E7E 
 185      C3FE
 186 0720 4F4969E3 		.ascii	"OIi\343\261\324\210S\202\265\233\032\355t\212\216W\313"
 186      B1D48853 
 186      82B59B1A 
 186      ED748A8E 
 186      57CB
 187 0732 C5F2ACF6 		.ascii	"\305\362\254\366L\343$1\2045\021:\261\322\206\203\261"
 187      4CE32431 
 187      8435113A 
 187      B1D28683 
 187      B1
 188 0743 623DADFD 		.ascii	"b=\255\375\262Z\377\022j\341k2X\302|\006\\\177\360d"
 188      B25AFF12 
 188      6AE16B32 
 188      58C27C06 
 188      5C7FF064 
 189 0757 7D329BE6 		.ascii	"}2\233\346S\201\346F\264\245B\373\345+\352\227\272\315"
 189      5381E646 
 189      B4A542FB 
 189      E52BEA97 
 189      BACD
 190 0769 D72D7CEB 		.ascii	"\327-|\3536\032\233\346\346UYr\317Ej\341\026B\317\257"
 190      361A9BE6 
 190      E6555972 
 190      CF456AE1 
 190      1642CFAF 
 191 077d DDB5C149 		.ascii	"\335\265\301I_\365\256\205z*\037:r\276\375\224\274\036"
 191      5FF5AE85 
 191      7A2A1F3A 
 191      72BEFD94 
 191      BC1E
 192 078f A54013D7 		.ascii	"\245@\023\327z\031#\002\233\357\364}\244\010,\027\004"
 192      7A192302 
 192      9BEFF47D 
ARM GAS  /tmp/ccM7oboE.s 			page 15


 192      A4082C17 
 192      04
 193 07a0 F06D1FAC 		.ascii	"\360m\037\254\340E)j-_\315\263\177\217\336!\237[\026"
 193      E045296A 
 193      2D5FCDB3 
 193      7F8FDE21 
 193      9F5B16
 194 07b3 7D5BCD0B 		.ascii	"}[\315\013\3623\351X\210\345h\017Al\206KUt\276?\222"
 194      F233E958 
 194      88E5680F 
 194      416C864B 
 194      5574BE3F 
 195 07c8 9747F0AA 		.ascii	"\227G\360\252\356\330Vo"
 195      EED8566F 
 196 07d0 A3AFFAE9 		.ascii	"\243\257\372\351Z\301\353\350\342\232KN\342\345\205"
 196      5AC1EBE8 
 196      E29A4B4E 
 196      E2E585
 197 07df 959CD7E7 		.ascii	"\225\234\327\347\222\327\215C_\356L\341\274\352y&\025"
 197      92D78D43 
 197      5FEE4CE1 
 197      BCEA7926 
 197      15
 198 07f0 BE10BC3C 		.ascii	"\276\020\274<\310\353K\203W'S\023}z\243\261E\276\305"
 198      C8EB4B83 
 198      57275313 
 198      7D7AA3B1 
 198      45BEC5
 199 0803 D815D839 		.ascii	"\330\025\3309\317\012\253LbC\265n\215.@\267\002O\274"
 199      CF0AAB4C 
 199      6243B56E 
 199      8D2E40B7 
 199      024FBC
 200 0816 244B13BC 		.ascii	"$K\023\274\256\267v\337\367\322W\375.\275$\353^\254"
 200      AEB776DF 
 200      F7D257FD 
 200      2EBD24EB 
 200      5EAC
 201 0828 B7996FA8 		.ascii	"\267\231o\250\360\025^:\254\341\354VKv\201\201\356z"
 201      F0155E3A 
 201      ACE1EC56 
 201      4B768181 
 201      EE7A
 202 083a BBA9DA57 		.ascii	"\273\251\332W\202\035>\340\303Za\333\340\276\271\015"
 202      821D3EE0 
 202      C35A61DB 
 202      E0BEB90D 
 203 084a F21A55C7 		.ascii	"\362\032U\307`\235\340\022b\271\332v;1\271m2Ih\236\365"
 203      609DE012 
 203      62B9DA76 
 203      3B31B96D 
 203      3249689E 
 204 085f 6A9E6631 		.ascii	"j\236f1O\260\355\354l9M*\264\310i\362\314\033\250\301"
 204      4FB0EDEC 
 204      6C394D2A 
 204      B4C869F2 
 204      CC1BA8C1 
ARM GAS  /tmp/ccM7oboE.s 			page 16


 205 0873 13B2469E 		.ascii	"\023\262F\236O\244\333\265\252\006\320\026\335X\247"
 205      4FA4DBB5 
 205      AA06D016 
 205      DD58A7
 206 0882 7224F1E8 		.ascii	"r$\361\350\222T\027\335\240p7b\027\235*\330\346\253"
 206      925417DD 
 206      A0703762 
 206      179D2AD8 
 206      E6AB
 207 0894 2EFAD028 		.ascii	".\372\320(\351\027\342\357\242\233\024\350\327,\346"
 207      E917E2EF 
 207      A29B14E8 
 207      D72CE6
 208 08a3 066A1A47 		.ascii	"\006j\032Gz\342\015\3104\016\261dk\377\001yAt\302ff"
 208      7AE20DC8 
 208      340EB164 
 208      6BFF0179 
 208      4174C266 
 209 08b8 74D022D9 		.ascii	"t\320\"\331A\013L\001\303\317\320\217^Ld\235[\004\245"
 209      410B4C01 
 209      C3CFD08F 
 209      5E4C649D 
 209      5B04A5
 210 08cb 54A4D41E 		.ascii	"T\244\324\036\255\337t\216$\036#\222\322\257C\341v\242"
 210      ADDF748E 
 210      241E2392 
 210      D2AF43E1 
 210      76A2
 211 08dd 7ED34523 		.ascii	"~\323E#\000\202~)\021\244\255\002\011\337\341\303\266"
 211      00827E29 
 211      11A4AD02 
 211      09DFE1C3 
 211      B6
 212 08ee 68863338 		.ascii	"h\20638R\362\014\267+\334\035\310p\206v\203w\333E\277"
 212      52F20CB7 
 212      2BDC1DC8 
 212      70867683 
 212      77DB45BF 
 213 0902 A3DE2D34 		.ascii	"\243\336-4\006\256-\277\346M\256\252\362\321\377o\336"
 213      06AE2DBF 
 213      E64DAEAA 
 213      F2D1FF6F 
 213      DE
 214 0913 7EE7F7EF 		.ascii	"~\347\367\357\274\374\352\230W^\363\315~\317\367\366"
 214      BCFCEA98 
 214      575EF3CD 
 214      7ECFF7F6 
 215 0923 1BB37C7F 		.ascii	"\033\263|\177\232\375\356\237\337\363\275\372\332\214"
 215      9AFDEE9F 
 215      DFF3BDFA 
 215      DA8C
 216 0931 F1E328FE 		.ascii	"\361\343(\376\366\231\367\337\307\314\353\263f\275Y"
 216      F699F7DF 
 216      C7CCEBB3 
 216      66BD59
 217 0940 355373BC 		.ascii	"5Ss\2749\363\2173\337\372\303\273\377\003o\223#\332"
 217      39F38F33 
ARM GAS  /tmp/ccM7oboE.s 			page 17


 217      DFFAC3BB 
 217      FF036F93 
 217      23DA
 218              		.text
 219              		.section	.gnu.lto_.symbol_nodes.c1760897c0376bc6,"",%progbits
 220 0000 789C6361 		.ascii	"x\234ca`d\320g\000\002\246\351L\365\014\014\023\316"
 220      6064D067 
 220      0002A6E9 
 220      4CF50C0C 
 220      13CE
 221 0012 313000A9 		.ascii	"10\000\251]\015\212@\221\031L\365\214(\"\254S\231\030"
 221      5D0D8A40 
 221      91194CF5 
 221      8C2822AC 
 221      539918
 222 0025 1A8540AA 		.ascii	"\032\205@\252\001\016\230\012\012"
 222      010E980A 
 222      0A
 223              		.text
 224              		.section	.gnu.lto_.refs.c1760897c0376bc6,"",%progbits
 225 0000 789C6361 		.ascii	"x\234ca`\004B \000\000\0009\000\007"
 225      60044220 
 225      00000039 
 225      0007
 226              		.text
 227              		.section	.gnu.lto_.decls.c1760897c0376bc6,"",%progbits
 228 0000 789CCD59 		.ascii	"x\234\315YkPT\311\025\236\276=\300\014 \030u\263VBe"
 228      6B5054C9 
 228      159EBE3D 
 228      C00C2018 
 228      75B35642 
 229 0015 AD5D364B 		.ascii	"\255]6KUj\035Qwk+\311\217\305A\204Z]\255\031\327T\366"
 229      556A1D51 
 229      776B2BC9 
 229      8FC54184 
 229      5A5DAD19 
 230 002c 0F51C448 		.ascii	"\017Q\304H\255\217\315\202\025\367G\222+\202 \212\362"
 230      AD8FCD82 
 230      15F74792 
 230      2B82208A 
 230      F2
 231 003d 16908702 		.ascii	"\026\220\207\002*/e\004\025\004\224YTDTDD\004y\013\""
 231      2A2F6504 
 231      15049459 
 231      54445444 
 231      4404790B 
 232 0052 8A220F5F 		.ascii	"\212\"\017_(`Nw\337\231{\347\316`6\177R\231\342\334"
 232      28604E77 
 232      DF997BE7 
 232      CE60367F 
 232      5299E2DC 
 233 0066 EE73FBEB 		.ascii	"\356s\373\353s\272\3179\335\267O\243T \005\371}\366"
 233      73BACF39 
 233      DDB74FA3 
 233      542005F9 
 233      7DF6
 234 0078 8142F10F 		.ascii	"\201B\361\017\254P\374\021\330\267\360\203\252b\215"
ARM GAS  /tmp/ccM7oboE.s 			page 18


 234      AC50FC11 
 234      D8B7F083 
 234      AA628D
 235 0087 42FC7140 		.ascii	"B\374q@\307\201\212\200H\217r\205\345\217\2649\010}"
 235      C7818A80 
 235      488F7285 
 235      E58FB439 
 235      087D
 236 0099 3E017203 		.ascii	">\001r\003\320\257\201\316A\335\035\312\217\200TPw\205"
 236      D0AF81CE 
 236      41DD1DCA 
 236      8F805450 
 236      7785
 237 00ab 72124A27 		.ascii	"r\022J'(\235\021\0236\017h\002\252\037 Q\317o\221\302"
 237      289D1113 
 237      360F6802 
 237      AA1F2051 
 237      CF6F91C2 
 238 00bf EA4774FF 		.ascii	"\352Gt\377\342?\350\230\005\3659@\245@\213\201_\004"
 238      E23FE898 
 238      05F53940 
 238      A5408B81 
 238      5F04
 239 00d1 F42FA07F 		.ascii	"\364/\240\177\002\375\036(\001(\036h\246B\324\375\036"
 239      02FD1E28 
 239      01281E68 
 239      A642D4FD 
 239      1E
 240 00e2 D00C323E 		.ascii	"\320\0142>\2407\3028\336\007\232\202\272\032J\004\364"
 240      A037C238 
 240      DE079A82 
 240      BA1A4A04 
 240      F4
 241 00f3 3BA0BF01 		.ascii	";\240\277\001E\001\271\000\315A\314\016E\326\303TLr"
 241      4501B900 
 241      CD41CC0E 
 241      45D6C354 
 241      4C72
 242 0105 283FF676 		.ascii	"(?\366v9nC\255\010\346\203\250.*\205<\021%\005#\312"
 242      396E43AD 
 242      08E683A8 
 242      2E2A853C 
 242      11250523 
 243 011a 42855308 		.ascii	"B\205S\010\362L\257\220\011H\236\360\340\220\360Na\026"
 243      F24CAF90 
 243      09489EF0 
 243      E090F04E 
 243      6116
 244 012c 46FF84FE 		.ascii	"F\377\204\376\324g\364\307lj\226\216\204N\310<\002\332"
 244      D467F4C7 
 244      6C6A968E 
 244      844EC83C 
 244      02DA
 245 013e AC60ED66 		.ascii	"\254`\355f\251\254\340\304\016\022yl\270\2028q\314\346"
 245      A9ACE0C4 
 245      0E12796C 
 245      B8823871 
ARM GAS  /tmp/ccM7oboE.s 			page 19


 245      CCE6
 246 0150 3921D3A4 		.ascii	"9!\323\244S2\366\0330\346\020\251w\215\347\372\314/"
 246      5332F61B 
 246      30E610A9 
 246      778DE7FA 
 246      CC2F
 247 0162 E4E117C3 		.ascii	"\344\341\027\303\363\334\007\242en\206\031\322\3603"
 247      F3DC07A2 
 247      656E8619 
 247      D2F033
 248 0171 0ECD7244 		.ascii	"\016\315rDJ`G\256\247\366\272\000;\307\021\315\003v"
 248      4A6047AE 
 248      A7F6BA00 
 248      3BC711CD 
 248      0376
 249 0183 F2CAC154 		.ascii	"\362\312\301Tnn\022\355\267\223\237\247Dk~\211\012\220"
 249      6E6E12ED 
 249      B7939FA7 
 249      446B7E89 
 249      0A90
 250 0195 1BCA476E 		.ascii	"\033\312Gn\240\250\020\315\205\347:%\2234\224||\377"
 250      A0A810CD 
 250      85E73A25 
 250      9334947C 
 250      7CFF
 251 01a7 8C0F0FF1 		.ascii	"\214\017\017\361\207\014|\367H\256k\322N\276\026\272"
 251      870C7CF7 
 251      48AE6BD2 
 251      4EBE16BA 
 252 01b7 CD232894 		.ascii	"\315#(\224\2130\312C\363\311\350\240J\212c\250\015\206"
 252      8B30CA43 
 252      F3C9E8A0 
 252      4A8A63A8 
 252      0D86
 253 01c9 7D1C7D08 		.ascii	"}\034}\010=\371\201\212vW\274\232\016\264\260a\374\276"
 253      3DF9818A 
 253      7657BC9A 
 253      0EB4B061 
 253      FCBE
 254 01db 9A4931DE 		.ascii	"\232I1\336\255s\346cv\360\374\227T\306\011Q\306\011"
 254      AD73E663 
 254      76F0FC97 
 254      54C60951 
 254      C609
 255 01ed A98C222A 		.ascii	"\251\214\"*\243\2436\257\200\314\343\023GD\314\344\012"
 255      A3A336AF 
 255      80CCE313 
 255      4744CCE4 
 255      0A
 256 01fe AF8A1E9F 		.ascii	"\257\212\036\237\035\237\301^\021\311\215\373Gs\034"
 256      1D9FC15E 
 256      11C98DFB 
 256      47731C
 257 020d 7020A973 		.ascii	"p \251s5\321%\305N\310\303\361(\231Y\367\315\313\336"
 257      35D125C5 
 257      4EC8C3F1 
 257      289959F7 
ARM GAS  /tmp/ccM7oboE.s 			page 20


 257      CDCBDE
 258 0220 B1116016 		.ascii	"\261\021`\026t\0129\242bQ\315'\216\360\214\344\371P"
 258      740A39A2 
 258      6251CD27 
 258      8EF08CE4 
 258      F950
 259 0232 32F959B5 		.ascii	"2\371Y\265.\012\363\334Q\011\362 r\011\020\235\204\227"
 259      2E0AF3DC 
 259      5109F220 
 259      7209109D 
 259      8497
 260 0244 0678093A 		.ascii	"\006x\011:\362rb\263\354q\006\242JRN\345\277t4+\311"
 260      F27262B3 
 260      EC7106A2 
 260      4A524EE5 
 260      BF74342B 
 261 0259 DCB318EC 		.ascii	"\334\263\030\354?\023\225\202\216\323\242\016P9\255"
 261      3F139582 
 261      8ED3A20E 
 261      5039AD
 262 0268 9233B695 		.ascii	"\2223\266\225\334;\321yO\011\363\"\222\370\374G\267"
 262      DC3BD179 
 262      4F09F322 
 262      92F8FC47 
 262      B7
 263 0279 C93B43CE 		.ascii	"\311;C\316\375\217p\035\325\213\352^E=u\3758\233?\224"
 263      FD8F701D 
 263      D58BEA5E 
 263      453D75FD 
 263      389B3F94 
 264 028d 058EA8D4 		.ascii	"\005\216\250\324\305\356\344})\366,\323*q ySF4\225\243"
 264      C5EEE47D 
 264      29F62CD3 
 264      2A712079 
 264      53463495 
 265 02a2 8FA1E3D8 		.ascii	"\217\241\343\330\305\3341W\026\0131\010\370\363S\203"
 265      C5DC3157 
 265      160B3108 
 265      F8F35383 
 266 02b2 754EF82E 		.ascii	"uN\370.\223\332p,\262\001;\302@w\376\354\201\026^\277"
 266      93DA702C 
 266      B2013BC2 
 266      4077FEEC 
 266      81165EBF 
 267 02c6 DC2EC456 		.ascii	"\334.\304V$\221w\364V\352\210=\356e\362\016%\327\206"
 267      249177F4 
 267      56EA883D 
 267      EE65F20E 
 267      25D786
 268 02d9 72789031 		.ascii	"rx\2201g\372\257\32482$O\2209e\335\023\010\277`\215"
 268      67FAAFD4 
 268      3832244F 
 268      903965DD 
 268      1308BF60 
 269 02ee C69ABD4F 		.ascii	"\306\232\275O\020\336\301\0029\262'\342\226\200|E\370"
 269      10DEC102 
 269      39B227E2 
ARM GAS  /tmp/ccM7oboE.s 			page 21


 269      96807C45 
 269      F8
 270 02ff D48A6775 		.ascii	"\324\212guv\214W\001[:TP:\203\305\257\2214\277\255~"
 270      768C5701 
 270      5B3A5450 
 270      3A83C5AF 
 270      9134BFAD 
 271 0314 D9320347 		.ascii	"\3312\003G\260\276\247\323\2333\234\310\024xa\012\244"
 271      B0BEA7D3 
 271      9B339CC8 
 271      1478610A 
 271      A4
 272 0325 97688D5A 		.ascii	"\227h\215Z\342\012\244qC\013\350\350\017\266N\031\\"
 272      E20AA471 
 272      430BE8E8 
 272      0FB64E19 
 272      5C
 273 0336 67C550B4 		.ascii	"g\305P\264\221\3772\204\332\260\006\320\227(\372\012"
 273      91FF3284 
 273      DAB006D0 
 273      9728FA0A 
 274 0346 9A65EA43 		.ascii	"\232e\352C\025=l\315V\263q\014\023\376\300\331{\303"
 274      153D6CCD 
 274      56B3710C 
 274      13FEC0D9 
 274      7BC3
 275 0358 2E389629 		.ascii	".8\226)\216\275\360|\314\011'2\246=+\341\210\222!\007"
 275      8EBDF07C 
 275      CC092732 
 275      A63D2BE1 
 275      88922107 
 276 036c 089F3E31 		.ascii	"\010\237>1\021\246\304\251\2541\264\2425VpA7\015\332"
 276      11A6C4A9 
 276      AC31B4A2 
 276      35567041 
 276      370DDA
 277 037f D0F81C7B 		.ascii	"\320\370\034{\234\303\032\337\014\035\033\266\307'\030"
 277      9CC31ADF 
 277      0C1D1BB6 
 277      C72718
 278 038e 53DA9358 		.ascii	"S\332\223X%(l!\374\205\261\264\021g\\\306\032\303s\232"
 278      25286C21 
 278      FC85B1B4 
 278      11675CC6 
 278      1AC3739A 
 279 03a2 F63AE06A 		.ascii	"\366:\340j\306\334\352?\034\346\314\220\015\204\037"
 279      C6DCEA3F 
 279      1CE6CC90 
 279      0D841F
 280 03b1 6B8BAE71 		.ascii	"k\213\256q\306\327X\343\305\332\336[*\334\314\230=\227"
 280      C6D758E3 
 280      C5DADE5B 
 280      2ADCCC98 
 280      3D97
 281 03c3 4ED7080E 		.ascii	"N\327\010\016\253%\374\216\001C\004\306\335\202B\301"
 281      AB25FC8E 
 281      014304C6 
ARM GAS  /tmp/ccM7oboE.s 			page 22


 281      DD8242C1 
 282 03d3 B4B304D3 		.ascii	"\264\263\004\323\2164\\\210R\343G\254\361\372\356\270"
 282      8E345C88 
 282      52E347AC 
 282      F1FAEEB8 
 283 03e3 440E8F32 		.ascii	"D\016\2172&\267?m\237\240\360\013b\232\203\303\351\316"
 283      26B73F6D 
 283      9FA0F00B 
 283      629A83C3 
 283      E9CE
 284 03f5 F8356BAB 		.ascii	"\3705k\253\314\016\317S\3410L\231\212\322\312\032\301"
 284      CC0ECF53 
 284      E1304C99 
 284      8AD2CA1A 
 284      C1
 285 0406 790B800D 		.ascii	"y\013\200\015\253\217nw\306{Y\333\211\201\010\243\003"
 285      AB8F6E77 
 285      C67B59DB 
 285      898108A3 
 285      03
 286 0417 4E60CCC1 		.ascii	"N`\314\301\261\216\207\302d=\210\220\353\343\205.8\215"
 286      B18E87C2 
 286      643D8890 
 286      EBE3852E 
 286      388D
 287 0429 B599B6AC 		.ascii	"\265\231\266\254Yl\313\252l;\255\301GY\323\341\201\263"
 287      596CCBAA 
 287      6C3BADC1 
 287      4759D3E1 
 287      81B3
 288 043b F1AEB888 		.ascii	"\361\256\270\2101Ca\367\273\235\030n.\260=\035\017\242"
 288      314361F7 
 288      BB9D186E 
 288      2EB03D1D 
 288      0FA2
 289 044d 5C70196B 		.ascii	"\\p\031k\333U\225xN\215\253\031\3238|-]\000\316$\026"
 289      DB559578 
 289      4E8DAB19 
 289      D3387C2D 
 289      5D00CE24 
 290 0462 EAEE44F8 		.ascii	"\352\356D\370*k\032\2142\266r\270\2111yg\243{\354p\007"
 290      2A6B1A8C 
 290      32B672B8 
 290      89317967 
 290      A37BEC70 
 291 0477 637A4BC3 		.ascii	"czK\303^(q\017c\012&2\032\324\270\2371\015\345\335\367"
 291      5E28710F 
 291      630A2632 
 291      1AD4B89F 
 291      310DE5DD 
 292 048c 5DF01063 		.ascii	"]\360\020c\256\204F\037\023L\223L\002}(\251\270\332"
 292      AE84461F 
 292      134C934C 
 292      027D28A9 
 292      B8DA
 293 049e 5E885735 		.ascii	"^\210W5\360\217\366d\344(\361\010\005\273\017$\355O"
 293      F08FF664 
ARM GAS  /tmp/ccM7oboE.s 			page 23


 293      E428F108 
 293      05BB0F24 
 293      ED4F
 294 04b0 B247EED3 		.ascii	"\262G\356\323\377<\334g\263J\026\335b\236w\371\2444"
 294      FF3CDC67 
 294      B34A16DD 
 294      629E77F9 
 294      A434
 295 04c2 86F17C9C 		.ascii	"\206\361|\2343\211N\324\007\253;\216\233m\216Y\324K"
 295      33894ED4 
 295      07AB3B8E 
 295      9B6D8E59 
 295      D44B
 296 04d4 03D7131E 		.ascii	"\003\327\023\036\212,>l'ol\334\220\302\033\301\027\347"
 296      8A2C3E6C 
 296      276F6CDC 
 296      90C21BC1 
 296      17E7
 297 04e6 20B26F0A 		.ascii	" \262o\012h\363\242\276!G\307I\320\217\344\350\001)"
 297      68F3A2BE 
 297      2147C749 
 297      D08FE4E8 
 297      0129
 298 04f8 1A7EC6F6 		.ascii	"\032~\306\366\015;(\232\214\344\262|$\027\345\262;%"
 298      0D3B289A 
 298      8CE4B27C 
 298      2417E5B2 
 298      3B25
 299 050a B22FC865 		.ascii	"\262/\310e\377$\227\335,\221]/\227}].\373U\200({X.["
 299      FF2497DD 
 299      2C915D2F 
 299      977D5D2E 
 299      FB558028 
 300 0522 43C00548 		.ascii	"C\300\005HD\267HFrM\216\256\223\313\216\221\240\037"
 300      44B74846 
 300      724D8EAE 
 300      93CB8E91 
 300      A01F
 301 0534 CBD18348 		.ascii	"\313\321\203H.|T\0027\312\341\347\345\3023$\350\036"
 301      2E7C5402 
 301      37CAE1E7 
 301      E5C23324 
 301      E81E
 302 0546 39BADB4A 		.ascii	"9\272\333J\370)\011\274]\016\277ke\025\011\372\231\034"
 302      F82909BC 
 302      5D0EBF6B 
 302      651509FA 
 302      991C
 303 0558 5D61211C 		.ascii	"]a!\034\276M\306\004\001N6\301\207\266\235/\035\313"
 303      BE4DC604 
 303      014E36C1 
 303      87B69D2F 
 303      1DCB
 304 056a 0B89F44A 		.ascii	"\013\211\364J\333\322=E\341\305\022\341\235rt\207\225"
 304      DBD23D45 
 304      E1C512E1 
 304      9D727487 
ARM GAS  /tmp/ccM7oboE.s 			page 24


 304      95
 305 057b F0098943 		.ascii	"\360\011\211C\207\344\360KV\3604\311X\356\3316\243\304"
 305      87E4F04B 
 305      56F034C9 
 305      58EED936 
 305      A3C4
 306 058d 2E0609BA 		.ascii	".\006\011\272\313\366X$\350\273\022\364U\333\321\"\035"
 306      CBF65824 
 306      E8BB12F4 
 306      55DBD122 
 306      1D
 307 059e CA3309BC 		.ascii	"\3123\011\274\312\266\377\245\360J\011\274Y\016\277"
 307      CAB6FFA5 
 307      F04A09BC 
 307      590EBF
 308 05ad 6D054F92 		.ascii	"m\005O\222\300\037\310\341\367\345CO\226\240\373m\243"
 308      C01FC8E1 
 308      F7E5434F 
 308      96A0FB6D 
 308      A3
 309 05be A5C25F4B 		.ascii	"\245\302_K\214\376\324\266\321%\302\317H\204\267\331"
 309      8CFED4B6 
 309      D125C2CF 
 309      4884B7D9 
 310 05ce 8E45A9F0 		.ascii	"\216E\251\360)\211\360'\266\227\021\025N\217R\306\261"
 310      2989F027 
 310      B6971115 
 310      4E8F52C6 
 310      B1
 311 05df 5E5F3815 		.ascii	"^_8\025\"\202R\010\347(\2059\226n\366\373\306\301\321"
 311      22825208 
 311      E7288539 
 311      966EF6FB 
 311      C6C1D1
 312 05f2 73010DA6 		.ascii	"s\001\015\246[rY\215\022\325\261\302q\230G!\0124\006"
 312      5B72598D 
 312      12D5B1C2 
 312      71984721 
 312      0A3406
 313 0605 8851DA48 		.ascii	"\210Q\332H\360\344\230\024\303y\240D\316\035\275A\356"
 313      F0E49814 
 313      C379A044 
 313      CE1DBD41 
 313      EE
 314 0616 281ACA70 		.ascii	"(\032\312p\240\375@\223\300\277\004\012\205\372\036"
 314      A0FD4093 
 314      C0BF040A 
 314      85FA1E
 315 0625 A0BD40CF 		.ascii	"\240\275@\317\201\337\005\345[(#\240\014\003\342\201"
 315      81DF05E5 
 315      5B2823A0 
 315      0C03E281 
 316 0635 F6012503 		.ascii	"\366\001%\003\305\003E\001%\001\305\002\275\000\\\002"
 316      C5034501 
 316      2501C502 
 316      BD005C02 
 317 0645 94AFA19C 		.ascii	"\224\257\241\234\000\212\204\372+(\307\201\016@}\012"
ARM GAS  /tmp/ccM7oboE.s 			page 25


 317      008A84FA 
 317      2B28C781 
 317      0E407D0A 
 318 0655 CADD50EE 		.ascii	"\312\335P\356\004\332\301\271\013\323#\226*\227\030"
 318      04DAC1B9 
 318      0BD32396 
 318      2A9718
 319 0664 F68EED90 		.ascii	"\366\216\355\220\220\270\241I\202n\260\275\301[\254"
 319      90B8A149 
 319      826EB0BD 
 319      C15BAC
 320 0673 5A891B46 		.ascii	"Z\211\033Fl\356\224\022\331\347%\262\233l\333Y\202\036"
 320      6CEE9412 
 320      D9E725B2 
 320      9B6CDB59 
 320      821E
 321 0685 96A0AB6D 		.ascii	"\226\240\253mo\360\346\355\006\\\\&\331\341[\345;|\213"
 321      6FF0E6ED 
 321      065C5C26 
 321      D9E15BE5 
 321      3B7C8B
 322 0698 281C3E99 		.ascii	"(\034>\231\317\013\013;\234\360y%=s\217>\270\220\356"
 322      CF0B0B3B 
 322      9CF07925 
 322      3D738F3E 
 322      B890EE
 323 06ab 823C66B3 		.ascii	"\202<f\263@y\323?\227\347U\350 tN\341\314Gn\0226\323"
 323      4079D33F 
 323      97E755E8 
 323      20744EE1 
 323      CC476E12 
 324 06c1 781FA582 		.ascii	"x\037\245\202\323\377_\003\000\346Z<\231Q\255r\216\022"
 324      D3FF5F03 
 324      00E65A3C 
 324      9951AD72 
 324      8E12
 325 06d3 B3053A37 		.ascii	"\263\005:7\361\010\233\3069\323<\020\312IN\271//{\210"
 325      F1089BC6 
 325      39D33C10 
 325      CA494EB9 
 325      2F2F7B88 
 326 06e7 43B33DDC 		.ascii	"C\263=\334\335c\205S,\235\254x\206M\027f\232\0013=\004"
 326      DD638553 
 326      2C9DAC78 
 326      864D1766 
 326      9A01333D 
 327 06fc 9A32054D 		.ascii	"\2322\005M\314zU\3022K\227/3\342\317\333\275\30223\355"
 327      CC7A55C2 
 327      324B972F 
 327      33E2CFDB 
 327      BDC23233 
 328 0711 7CE9EFFC 		.ascii	"|\351\357\374\2526\312\"\313\032mrgj\361\305*\007\\"
 328      AA36CA22 
 328      CB1A6D72 
 328      676AF1C5 
 328      2A075C
 329 0724 C7DC595E 		.ascii	"\307\334Y^\374\364\244\332\354\316;\275\324\235\331"
ARM GAS  /tmp/ccM7oboE.s 			page 26


 329      FCF4A4DA 
 329      ECCE3BBD 
 329      D49DD9
 330 0733 D0F7B0E8 		.ascii	"\320\367\260\350\316t\211;e3DY0\261\351&\011\272\242"
 330      CE74893B 
 330      65334459 
 330      30B1E926 
 330      09BAA2
 331 0746 B3B3E29D 		.ascii	"\263\263\342\235-\314\231ma\316\034\301\2349\304\234"
 331      2DCC996D 
 331      61CE1CC1 
 331      9C39C49C 
 332 0756 28BD25EB 		.ascii	"(\275%\353<\207\233\225,}9{\356\226\013\344\251F\222"
 332      3C879B95 
 332      2C7D397B 
 332      EE960BE4 
 332      A94692
 333 0769 ED967D17 		.ascii	"\355\226}\027K\263\335\030\226\355\036\021\007\007U"
 333      4BB3DD18 
 333      96ED1E11 
 333      070755
 334 0778 31533DCA 		.ascii	"1S=\312\221Lu\274q_\270\035\036ab.t\030\014*\374Ji\221"
 334      914C75BC 
 334      715FB81D 
 334      1E61622E 
 334      74180C2A 
 335 0790 05CD11B2 		.ascii	"\005\315\021\262\240\311\276\252n5~K\033\355\207\243"
 335      A0C9BEAA 
 335      6E357E4B 
 335      1BED87A3 
 336 07a0 721A1162 		.ascii	"r\032\021b\207>j\323\356\347\231\353\023\217\354\342"
 336      873E6AD3 
 336      EEE799EB 
 336      138FECE2 
 337 07b0 63D652AB 		.ascii	"c\326R\253\346\202R\303\273\326k\302\035g\023\366\230"
 337      E68252C3 
 337      BBD66BC2 
 337      1D6713F6 
 337      98
 338 07c1 1C6BB57F 		.ascii	"\034k\265\177'\211\340|\333`\346]\346\230\311"
 338      2789E07C 
 338      DB60E65D 
 338      E698C9
 339 07d0 6667E218 		.ascii	"fg\342\030\203\255@\211\2773\307\322\365\326\203\264"
 339      83AD4089 
 339      BF33C7D2 
 339      F5D683B4 
 340 07e0 B11DE771 		.ascii	"\261\035\347qn\302\276o\020\334w\002\334W\000\356+\002"
 340      6EC2BE6F 
 340      10DC7702 
 340      DC5700EE 
 340      2B02
 341 07f2 2A043A2E 		.ascii	"*\004:.\2721\271o\262\033\341]v4d\342^\347_S\231C&\345"
 341      BA31B96F 
 341      B21BE15D 
 341      763464E2 
 341      5EE75F53 
ARM GAS  /tmp/ccM7oboE.s 			page 27


 342 080a 0022232B 		.ascii	"\000\"#+\001!'E\257\030\254w\000\223BT\014z~\206\316"
 342      01212745 
 342      AF18AC77 
 342      00934254 
 342      0C7A7E86 
 343 081f E8CE5603 		.ascii	"\350\316V\003\266\010\235\022\213\3209%\204\316)\032"
 343      B6089D12 
 343      8BD03925 
 343      84CE291A 
 344 082f 3A2313E9 		.ascii	":#\023\351\245B\3762\2078\266+&\306\2019\372\020qt\227"
 344      A542FE32 
 344      8738B62B 
 344      26C68139 
 344      FA107174 
 345 0844 E1E44BBB 		.ascii	"\341\344K\273\351\023\323RNHL\363Y^\235\033z8A)d\246"
 345      E913D352 
 345      4E484CF3 
 345      595E9D1B 
 345      7A384129 
 346 085a BC29333D 		.ascii	"\274)3=\003\0238\315\021x\0317\313\324\211f\275\215"
 346      031338CD 
 346      11781937 
 346      CBD48966 
 346      BD8D
 347 086c 775EA871 		.ascii	"w^\250q\"\265\016:\336\302\357V\233\262\370\230\237"
 347      22B50E3A 
 347      DEC2EF56 
 347      9BB2F898 
 347      9F
 348 087d 95C5C74E 		.ascii	"\225\305\307N\2655\330I\265\225s\357\320VQ\323x\005"
 348      B535D849 
 348      B59573EF 
 348      D05651D3 
 348      7805
 349 088f E154A6AD 		.ascii	"\341T\246\255z\324`\312v0\260O_f\355VM?\315\363\246"
 349      7AD460CA 
 349      7630B04F 
 349      5F66ED56 
 349      4D3FCDF3 
 350 08a4 699EE3A8 		.ascii	"i\236\343\250\342\210\364\256\022;\3714\305\300\250"
 350      E288F4AE 
 350      123BF934 
 350      C5C0A8
 351 08b3 A28ACF9B 		.ascii	"\242\212\317\233\024\327\206W\035\260\032\346\264\350"
 351      14D78657 
 351      1DB01AE6 
 351      B4E8
 352 08c1 FEA9923A 		.ascii	"\376\251\222:\007\234\311\206\031\037\367\252N\205\263"
 352      079CC986 
 352      191FF7AA 
 352      4E85B3
 353 08d0 19335630 		.ascii	"\0313V0|\304\036\037cL\353X}\004\226\336\001\020\241"
 353      7CC41E1F 
 353      634CEB58 
 353      7D0496DE 
 353      0110A1
 354 08e3 D3DE0124 		.ascii	"\323\336\001$\217\037~4\003\027\260\256O\206&\212\\"
ARM GAS  /tmp/ccM7oboE.s 			page 28


 354      8F1F7E34 
 354      0317B0AE 
 354      4F86268A 
 354      5C
 355 08f4 B0813105 		.ascii	"\260\2011\005\205?\325;\341\323\214\231\210\311,Q\343"
 355      853FD53B 
 355      E1D38C99 
 355      88C92C51 
 355      E3
 356 0905 0AC144D9 		.ascii	"\012\301D\331\031qjld\314\333\230\310\024\007|\2111"
 356      19716A6C 
 356      64CCDB98 
 356      C814077C 
 356      8931
 357 0917 09F509D9 		.ascii	"\011\365\011\331N\270\2161o\006\022Z\021\263\244\263"
 357      4EB88E31 
 357      6F06125A 
 357      11B3A4B3 
 358 0927 E49A608E 		.ascii	"\344\232`\216pMp\342\305\276\003N\270\201a\357\264\206"
 358      704D70E2 
 358      C5BE034E 
 358      B88161EF 
 358      B486
 359 0939 9D15B04E 		.ascii	"\235\025\260N\300\356l\233\252v\235\336\352\015&\253"
 359      C0EE6C9B 
 359      AA769DDE 
 359      EA0D26AB 
 360 0949 DF60562F 		.ascii	"\337`V/\012\357\313SAo7G\370\230In\321\334\330-\332"
 360      0AEFCB53 
 360      416F3747 
 360      F898496E 
 360      D1DCD82D 
 361 095e 29E3D871 		.ascii	")\343\330q%nbk\355fI\353%\265\344\032\3557e\344\206"
 361      256E626B 
 361      ED6649EB 
 361      25B5E41A 
 361      ED3765E4 
 362 0973 EB36D8E8 		.ascii	"\3536\330\350\226\270\330\334\314\027\\\303Y\274\375"
 362      96B8D8DC 
 362      CC175CC3 
 362      59BCFD
 363 0982 5C055A44 		.ascii	"\\\005ZDoXP\023,.7!\334\032\301O7\231\376\274\314\334"
 363      6F585013 
 363      2C2E3721 
 363      DC1AC14F 
 363      3799FEBC 
 364 0998 8B337027 		.ascii	"\2133p'S\360$a0\022K\256\320\334\012\210\202\026P\320"
 364      53F02461 
 364      30124BAE 
 364      D0DC0A88 
 364      821650D0 
 365 09ac 2C2AB8CD 		.ascii	",*\270\315M\243\341\216m\015U\221\025i\016b\244 *\357"
 365      4DA3E18E 
 365      6D0D5591 
 365      15690E62 
 365      A4202AEF 
 366 09c0 3AB45FA3 		.ascii	":\264_\243\001\335J#\245\301\024)\207w\227\3048\262"
ARM GAS  /tmp/ccM7oboE.s 			page 29


 366      01DD4A23 
 366      A5C11429 
 366      877797C4 
 366      38B2
 367 09d2 15F3B3A4 		.ascii	"\025\363\263\244g\335k?\317I\245\337}\227\364s\215\355"
 367      67DD6B3F 
 367      CF49A5DF 
 367      7D97F473 
 367      8DED
 368 09e4 5FE27EE6 		.ascii	"_\342~\346\267\347\365\355\220\345=bL\330\325+\307\034"
 368      B7E7F5ED 
 368      90E53D62 
 368      4CD8D52B 
 368      C71C
 369 09f6 F010631E 		.ascii	"\360\020c\036\347]\257\265\307\317\030\323\327\377\272"
 369      E75DAFB5 
 369      C7CF18D3 
 369      D7FFBA
 370 0a05 0CE371C6 		.ascii	"\014\343q\306\034}\234\025\255\306SB\237\276\241z\341"
 370      1C7D9C15 
 370      ADC65342 
 370      9FBEA17A 
 370      E1
 371 0a16 E2622F71 		.ascii	"\342b/q\335\233\3413M\246(!\227c\217\236\337\177\253"
 371      DD9BE133 
 371      4DA62821 
 371      97638F9E 
 371      DF7FAB
 372 0a29 C261F604 		.ascii	"\302a\366\004\374~wFr\235\263p\2710\333\362R\201\334"
 372      FC7E7746 
 372      729DB370 
 372      B930DBF2 
 372      5281DC
 373 0a3c 27900FCC 		.ascii	"'\220\017\314\351\321\355\223M}\364>\201l\336u`\362"
 373      E9D1ED93 
 373      4D7DF43E 
 373      816CDE75 
 373      60F2
 374 0a4e 41E9E66D 		.ascii	"A\351\346mq\237@v\333g\376\344\243\001;\002M\021\011"
 374      719F4076 
 374      DB67FEE4 
 374      A3013B02 
 374      4D1109
 375 0a61 D6B44FD8 		.ascii	"\326\264O\330\310\205\032\273\314\237\230Z\271d\253"
 375      C8851ABB 
 375      CC9F985A 
 375      B964AB
 376 0a70 ACAC4104 		.ascii	"\254\254A\004_\261=\014\213s\254\210\356\223\243\255"
 376      5FB13D0C 
 376      8B73AC88 
 376      EE93A3AD 
 377 0a80 B2EC6611 		.ascii	"\262\354f\021\\#\007K\362=\213\257E/L\353\036\365\347"
 377      5C23074B 
 377      F23D8BAF 
 377      452F4CEB 
 377      1EF5E7
 378 0a93 A0F0A978 		.ascii	"\240\360\251x\005\3210B\016\213@/\201\236\002=&\007"
ARM GAS  /tmp/ccM7oboE.s 			page 30


 378      05D13042 
 378      0E8B402F 
 378      819E023D 
 378      2607
 379 0aa5 43A06740 		.ascii	"C\240g@c@\367\201\006\200\036\000=\001z\0044\0144\004"
 379      6340F781 
 379      06801E00 
 379      3D017A04 
 379      340C3404 
 380 0ab9 340E344A 		.ascii	"4\0164J\016\206\344P\010\324\017\364\320\342\344\177"
 380      0E86E450 
 380      08D40FF4 
 380      D0E2E47F 
 381 0ac9 461C6787 		.ascii	"F\034g\207|\234\203\362I5\211\340\313\266\215k\262W"
 381      7C9C83F2 
 381      493589E0 
 381      CBB68D6B 
 381      B257
 382 0adb 021CB4EF 		.ascii	"\002\034\264\357R\277]\004\277]\020\300\346\023\224"
 382      52BF5D04 
 382      BF5D10C0 
 382      E61394
 383 0aea D5BDC129 		.ascii	"\325\275\301)Qr\247\\\262u\356\335\"\242/\3316\256y"
 383      5172A75C 
 383      B275EEDD 
 383      22A22FD9 
 383      36AE79
 384 0afd 1CE4C283 		.ascii	"\034\344\302\203\241\311&\333#GK\2173\004\333)b\177"
 384      A1C926DB 
 384      23474B8F 
 384      3304DB29 
 384      627F
 385 0b0f 92635BAC 		.ascii	"\222c[\2543iq\034W\345hY\256\013\366(\367\347\015\177"
 385      3369711C 
 385      57E56859 
 385      AE0BF628 
 385      F7E70D7F 
 386 0b23 416D608F 		.ascii	"Am`\217z\001lZ\300\226\367\\Dr\231(\271\335\266[\244"
 386      7A016C5A 
 386      C096F75C 
 386      44729928 
 386      B9DDB65B 
 387 0b38 961EA696 		.ascii	"\226\036\246\2266\202\344J\001l>xX%o\305\242\344.\333"
 387      3682E44A 
 387      016C3E78 
 387      58256FC5 
 387      A2E42EDB 
 388 0b4c 9696E4C4 		.ascii	"\226\226\344\304\007\273\350\021lP~\004#\246\352\310"
 388      07BBE811 
 388      6C507E04 
 388      23A6EAC8 
 389 0b5c 7C8F1DC1 		.ascii	"|\217\035\301\210\261\252m\033\313S\034\343(\035c\005"
 389      88B1AA6D 
 389      1BCB531C 
 389      E3281D63 
 389      05
 390 0b6d 8CF12C27 		.ascii	"\214\361,'[\305Vw\202\006q\214\3356=\306&\017\233O}"
ARM GAS  /tmp/ccM7oboE.s 			page 31


 390      5BC55677 
 390      8206718C 
 390      DD363DC6 
 390      260F9B4F 
 391 0b82 5762BD12 		.ascii	"Wb\275\022\327\320\315\207\353\275X\364\330\321|H\033"
 391      D7D0CD87 
 391      EBBD58F4 
 391      D8D17C48 
 391      1B
 392 0b93 EFA287B4 		.ascii	"\357\242\207\264)\350<!n\353\203\326\2074\323\262\203"
 392      29E83C21 
 392      6EEB83D6 
 392      8734D3B2 
 392      83
 393 0ba4 CDCDE37F 		.ascii	"\315\315\343\177\262\362\310A\177h \336\325\342\240"
 393      B2F2C841 
 393      7F6820DE 
 393      D5E2A0
 394 0bb3 376571D0 		.ascii	"7eq\320{+\034\364\336\322\203^\363\223\3648;|\203\316"
 394      7B2B1CF4 
 394      DED2835E 
 394      F393F438 
 394      3B7C83CE 
 395 0bc7 128DA6D6 		.ascii	"\022\215\246\326\014:\342\333\2149x\"?\014\343\026\306"
 395      0C3AE2DB 
 395      8C397822 
 395      3F0CE316 
 395      C6
 396 0bd8 B457EEB8 		.ascii	"\264W\356\270\350\202\273\031\323\223\031\332g\207\357"
 396      E882BB19 
 396      D39319DA 
 396      6787EF
 397 0be7 33A6ECDC 		.ascii	"3\246\354\334\223\205l\013w\003\256\274c\304\350$\354"
 397      93856C0B 
 397      7703AEBC 
 397      63C4E824 
 397      EC
 398 0bf8 E06447CF 		.ascii	"\340dG\317\034\034\350v\302\017)T\335\364\372\325\015"
 398      1C1CE876 
 398      C20F2954 
 398      DDF4FAD5 
 398      0D
 399 0c09 17246CDE 		.ascii	"\027$l\336\036\302\236\375\274\353\257IbR\260\003c\264"
 399      1EC29EFD 
 399      BCEBAF49 
 399      6252B003 
 399      63B4
 400 0c1b 1B4FB342 		.ascii	"\033O\263B-L\273\013\273\241pL\032\011\236\330u?\366"
 400      2D4CBB0B 
 400      BBA1704C 
 400      1A099ED8 
 400      753FF6
 401 0c2e 40511852 		.ascii	"@Q\030R_\240\275@\221@1@{\200\366a\351\316\224\334f"
 401      5FA0BD40 
 401      91403140 
 401      7B80F661 
 401      E9CE94DC 
ARM GAS  /tmp/ccM7oboE.s 			page 32


 402 0c43 0E8230B9 		.ascii	"\016\2020\271By\026R,by9\326\372\2764MD\207\332\236"
 402      42791652 
 402      2C627939 
 402      D6FABE34 
 402      4D4487DA 
 403 0c58 8A4474AA 		.ascii	"\212Dt\252\010\336is\030\026\227\245\"8B\016\036\220"
 403      08DE6973 
 403      181697A5 
 403      2238420E 
 403      1E90
 404 0c6a 2FAEC436 		.ascii	"/\256\3046\272\270\000d\235\337\234l\223\34576\246d"
 404      BAB80064 
 404      9DDF9C6C 
 404      93E53736 
 404      A664
 405 0c7c CA6D77B5 		.ascii	"\312mw\265\362-Nx\230\255\201\233\375{\302\305\253\212"
 405      F22D4E78 
 405      98AD819B 
 405      FD7BC2C5 
 405      AB8A
 406 0c8e D236BA06 		.ascii	"\3226\272\006\342\241s,6\257\001\242q\032G\2418\360"
 406      E2A1732C 
 406      36AF01A2 
 406      711A47A1 
 406      38F0
 407 0ca0 CF7FE32B 		.ascii	"\317\177\343+\362\257\210\312K)\226\261\034\217\245"
 407      F2AF88CA 
 407      4B2996B1 
 407      1C8FA5
 408 0caf B19C8059 		.ascii	"\261\234\200Y,\223\322y\343\332M\376\2336\255\367\017"
 408      2C93D279 
 408      E3DA4DFE 
 408      9B36ADF7 
 408      0F
 409 0cc0 DA1214A2 		.ascii	"\332\022\024\242Z\366\3657\363\264\236\236\212?\314"
 409      5AF6F537 
 409      F3B49E9E 
 409      8A3FCC
 410 0ccf 9FAF617F 		.ascii	"\237\257a\177\332\215A\353\202V\352?\325\255\326l\015"
 410      DA8D41EB 
 410      8256EA3F 
 410      D5ADD66C 
 410      0D
 411 0ce0 D60058F3 		.ascii	"\326\000X\363\375\326\037B\2025\372\325+\026-dO\237"
 411      FDD61F42 
 411      8235FAD5 
 411      2B162D64 
 411      4F9F
 412 0cf2 C5DBB76B 		.ascii	"\305\333\267k\0041\363\003\0243\203C6/Z\350\037\260"
 412      0431F303 
 412      14338343 
 412      362F5AE8 
 412      1FB0
 413 0d04 696BC077 		.ascii	"ik\300wT\252\243\277\377\266\240-!\360.\344S\315\266"
 413      54AAA3BF 
 413      FFB6A02D 
 413      21F02EE4 
ARM GAS  /tmp/ccM7oboE.s 			page 33


 413      53CDB6
 414 0d17 E01F3441 		.ascii	"\340\0374A[\0026m[\037\250\331\022\370\367MA\3534\233"
 414      5B02366D 
 414      5B1FA8D9 
 414      12F8F74D 
 414      41EB349B 
 415 0d2b D7066C0C 		.ascii	"\327\006l\014\332\022\250\361_\037\270a\355\266M!\376"
 415      DA12A8F1 
 415      5F1FB861 
 415      EDB64D21 
 415      FE
 416 0d3c 213F7E1F 		.ascii	"!?~\037\030<\177\243Be\352\366\241\255n\301?\006k\374"
 416      183C7FA3 
 416      4265EAF6 
 416      A1AD6EC1 
 416      3F066BFC 
 417 0d50 8343D603 		.ascii	"\203C\326\003\006\260\256\372\037\203C\0027k\267\376"
 417      06B0AEFA 
 417      1F834302 
 417      376BB7FE 
 418 0d60 10A8259A 		.ascii	"\020\250%\232U\332\257\226y\255^\372\265\316\301[\373"
 418      55DAAF96 
 418      79AD5EFA 
 418      B5CEC15B 
 418      FB
 419 0d71 95D66799 		.ascii	"\225\326g\231\316q\325\362\345z/?S\325o\241\236T\355"
 419      CE71D5F2 
 419      E57A2F3F 
 419      53D56FA1 
 419      9E54ED
 420 0d84 F47AED32 		.ascii	"\364z\3552\235Z\267T\277T\267f\251\367\347X\253\327"
 420      9D5AB754 
 420      BF54B766 
 420      A9F7E758 
 420      ABD7
 421 0d96 2997786B 		.ascii	")\227xk\305W\237\251\275V-Y\270|\025\210\"5OV3\265."
 421      C5579FA9 
 421      BD562D59 
 421      B87C1588 
 421      22354F56 
 422 0dad 567BF92E 		.ascii	"V{\371.Y$\264\372\232q\276r\334\"\007\"\205\014\207"
 422      5924B4FA 
 422      9A71BE72 
 422      DC220722 
 422      850C87
 423 0dc0 C890B62C 		.ascii	"\310\220\266,t \022h\213\257\200\360\265Dx\252H_\235"
 423      74201268 
 423      8BAF80F0 
 423      B54478AA 
 423      485F9D
 424 0dd3 7EB58E54 		.ascii	"~\265\216T<I\305\334\266@Ez\2636_\023\310\227\201\260"
 424      3C49C5DC 
 424      B640457A 
 424      B3365F13 
 424      C89781B0 
 425 0de7 D64FA724 		.ascii	"\326O\247$\223t\200\371\222\222\323\352T\2025\026j\247"
 425      937480F9 
ARM GAS  /tmp/ccM7oboE.s 			page 34


 425      9292D3EA 
 425      54823516 
 425      6AA7
 426 0df9 F170C0D6 		.ascii	"\361p\300\326\315\233\267n\321\004n\017\321hW\350\375"
 426      CD9BB76E 
 426      D1046E0F 
 426      D16857E8 
 426      FD
 427 0e0a F4E06289 		.ascii	"\364\340b\211\227\251k7,^\374\371\366\355`s'\235V\353"
 427      97A96B37 
 427      2C5EFCF9 
 427      F6ED6073 
 427      279D56EB 
 428 0e1e BF1A9CE5 		.ascii	"\277\032\234\345\035\270\301i\325\237t\246\372\257L"
 428      1DB8C169 
 428      D59F74A6 
 428      FAAF4C
 429 0e2d 31B56E6D 		.ascii	"1\265nm\300w\333\276\367_\277u\363\332\240-4\026\354"
 429      C077DBBE 
 429      F75FBF75 
 429      F3DAA02D 
 429      3416EC
 430 0e40 C90C7CBE 		.ascii	"\311\014|\276\265\367\363\326\256\364^J\270\205>\337"
 430      B5F7F3D6 
 430      AEF45E4A 
 430      B8853EDF 
 431 0e50 BA782F59 		.ascii	"\272x/Y\266B\373\215\251\273\322O\357\245S\256X\341"
 431      B642FB8D 
 431      A9BBD24F 
 431      EFA553AE 
 431      58E1
 432 0e62 A3C35EDE 		.ascii	"\243\303^\336:\354\015\345*\037\235\322\313\207\270"
 432      3AEC0DE5 
 432      2A1F9DD2 
 432      CB87B8
 433 0e71 C6C74B67 		.ascii	"\306\307Kg\007M\000\360&\274/yh\341a\247\367\005\327"
 433      074D00F0 
 433      26BC2F79 
 433      68E161A7 
 433      F705D7
 434 0e84 61BDEF2A 		.ascii	"a\275\357*5\013\267/\374C\034\204\022k\265\320\242\325"
 434      350BB72F 
 434      FC431C84 
 434      126BB5D0 
 434      A2D5
 435 0e96 D979F9E9 		.ascii	"\331y\371\351\264:\345\232\325+uJ?@\333iW}\343\347\015"
 435      B43AE59A 
 435      D52B754A 
 435      3F40DB69 
 435      577DE3E7 
 436 0eab 4F2FAD6E 		.ascii	"O/\255n\272\210\267\262\207)\012\003 \322\374\0036/"
 436      BA88B7B2 
 436      87290A03 
 436      20D2FC03 
 436      362F
 437 0ebd 2671AAD7 		.ascii	"&q\252\327.\241\203\267[\271j\265V\307\351u\016P\371"
 437      2EA183B7 
ARM GAS  /tmp/ccM7oboE.s 			page 35


 437      5BB96AB5 
 437      56C7E975 
 437      0E50F9
 438 0ed0 6AE99F75 		.ascii	"j\351\237uJ\362\300 \336\236\266x\316\360Y\356\245\367"
 438      4AF2C020 
 438      DE9EB678 
 438      CEF059EE 
 438      A5F7
 439 0ee2 354DF4DF 		.ascii	"5M\364\337\225\000\355@"
 439      9500ED40 
 440              		.text
 441              		.section	.gnu.lto_.symtab.c1760897c0376bc6,"",%progbits
 442 0000 68616C5F 		.ascii	"hal_lld_init\000"
 442      6C6C645F 
 442      696E6974 
 442      00
 443 000d 00       		.ascii	"\000"
 444 000e 00       		.ascii	"\000"
 445 000f 00       		.ascii	"\000"
 446 0010 00000000 		.ascii	"\000\000\000\000\000\000\000\000"
 446      00000000 
 447 0018 AD000000 		.ascii	"\255\000\000\000"
 448 001c 73746D33 		.ascii	"stm32_clock_init\000"
 448      325F636C 
 448      6F636B5F 
 448      696E6974 
 448      00
 449 002d 00       		.ascii	"\000"
 450 002e 00       		.ascii	"\000"
 451 002f 00       		.ascii	"\000"
 452 0030 00000000 		.ascii	"\000\000\000\000\000\000\000\000"
 452      00000000 
 453 0038 AF000000 		.ascii	"\257\000\000\000"
 454 003c 53797374 		.ascii	"SystemCoreClock\000"
 454      656D436F 
 454      7265436C 
 454      6F636B00 
 455 004c 00       		.ascii	"\000"
 456 004d 00       		.ascii	"\000"
 457 004e 00       		.ascii	"\000"
 458 004f 00000000 		.ascii	"\000\000\000\000\000\000\000\000"
 458      00000000 
 459 0057 BA000000 		.ascii	"\272\000\000\000"
 460              		.text
 461              		.section	.gnu.lto_.opts,"",%progbits
 462 0000 272D666D 		.ascii	"'-fmath-errno' '-fsigned-zeros' '-ftrapping-math' '"
 462      6174682D 
 462      6572726E 
 462      6F272027 
 462      2D667369 
 463 0033 2D666E6F 		.ascii	"-fno-trapv' '-fno-openmp' '-fno-openacc' '-mcpu=cor"
 463      2D747261 
 463      70762720 
 463      272D666E 
 463      6F2D6F70 
 464 0066 7465782D 		.ascii	"tex-m0' '-mno-thumb-interwork' '-mthumb' '-ggdb' '-"
 464      6D302720 
ARM GAS  /tmp/ccM7oboE.s 			page 36


 464      272D6D6E 
 464      6F2D7468 
 464      756D622D 
 465 0099 4F322720 		.ascii	"O2' '-fomit-frame-pointer' '-falign-functions=16' '"
 465      272D666F 
 465      6D69742D 
 465      6672616D 
 465      652D706F 
 466 00cc 2D666675 		.ascii	"-ffunction-sections' '-fdata-sections' '-fno-common"
 466      6E637469 
 466      6F6E2D73 
 466      65637469 
 466      6F6E7327 
 467 00ff 2720272D 		.ascii	"' '-flto'\000"
 467      666C746F 
 467      2700
 468              		.text
 469              		.comm	__gnu_lto_v1,1,1
 470              		.comm	__gnu_lto_slim,1,1
 471              		.ident	"GCC: (15:5.4.1+svn241155-1) 5.4.1 20160919"
ARM GAS  /tmp/ccM7oboE.s 			page 37


DEFINED SYMBOLS
                            *ABS*:0000000000000000 hal_lld.c
                            *COM*:0000000000000001 __gnu_lto_v1
                            *COM*:0000000000000001 __gnu_lto_slim

NO UNDEFINED SYMBOLS
