ARM GAS  /tmp/ccDev96w.s 			page 1


   1              		.syntax unified
   2              		.cpu cortex-m0
   3              		.fpu softvfp
   4              		.eabi_attribute 20, 1
   5              		.eabi_attribute 21, 1
   6              		.eabi_attribute 23, 3
   7              		.eabi_attribute 24, 1
   8              		.eabi_attribute 25, 1
   9              		.eabi_attribute 26, 1
  10              		.eabi_attribute 30, 2
  11              		.eabi_attribute 34, 0
  12              		.eabi_attribute 18, 4
  13              		.thumb
  14              		.syntax unified
  15              		.file	"hal_st_lld.c"
  16              		.text
  17              	.Ltext0:
  18              		.section	.gnu.lto_.profile.9aa283bb9af0d2d1,"",%progbits
  19 0000 789C6361 		.ascii	"x\234ca`d`a`\000\222\2262\000\000\370\000`"
  19      60646061 
  19      60009296 
  19      320000F8 
  19      0060
  20              		.text
  21              		.section	.gnu.lto_.icf.9aa283bb9af0d2d1,"",%progbits
  22 0000 789C6361 		.ascii	"x\234ca`d\000\001>\006\004`bXun\311Z\026\306\276\275"
  22      60640001 
  22      3E060460 
  22      6258756E 
  22      C95A16C6 
  23 0016 1B3E3332 		.ascii	"\033>32\000\000,h\005\323"
  23      00002C68 
  23      05D3
  24              		.text
  25              		.section	.gnu.lto_.jmpfuncs.9aa283bb9af0d2d1,"",%progbits
  26 0000 789C6361 		.ascii	"x\234ca`d\000\001s\006\004`\002\223@q\026\306\277L\214"
  26      60640001 
  26      73060460 
  26      02934071 
  26      16C6BF4C 
  27 0015 4F4F4E6E 		.ascii	"OONn\343\371\302\324\312\314\300(\303\270\234Q\006("
  27      E3F9C2D4 
  27      CACCC028 
  27      C3B89C51 
  27      0628
  28 0027 0314EDFA 		.ascii	"\003\024\355\372u\275\217\003\"\312\301\270\002$\312"
  28      75BD8F03 
  28      22CAC1B8 
  28      0224CA
  29 0036 00005D34 		.ascii	"\000\000]4\014\267"
  29      0CB7
  30              		.text
  31              		.section	.gnu.lto_.inline.9aa283bb9af0d2d1,"",%progbits
  32 0000 789C6361 		.ascii	"x\234ca`d\000\001+\006\004`b`\340\021ed`\342\273\027"
  32      60640001 
  32      2B060460 
  32      6260E011 
ARM GAS  /tmp/ccDev96w.s 			page 2


  32      656460E2 
  33 0016 C0C0B640 		.ascii	"\300\300\266@\236\011$\306\310\005'\030Dd\200\2222\017"
  33      9E0924C6 
  33      C8052718 
  33      44648092 
  33      320F
  34 0028 6E31C265 		.ascii	"n1\302e\231y\300\272\030\000\261\000\005b"
  34      9979C0BA 
  34      1800B100 
  34      0562
  35              		.text
  36              		.section	.gnu.lto_.pureconst.9aa283bb9af0d2d1,"",%progbits
  37 0000 789C6361 		.ascii	"x\234ca`d`c```b\330\305\310(\005\000\003\241\000\344"
  37      60646063 
  37      60606062 
  37      D8C5C828 
  37      050003A1 
  38              		.text
  39              		.section	.gnu.lto_VectorB0.9aa283bb9af0d2d1,"",%progbits
  40 0000 789C8554 		.ascii	"x\234\205Tmh[U\030~\237so>\232v\332\277\033\243\244"
  40      6D685B55 
  40      187E9F73 
  40      6F3E9A76 
  40      DABF1BA3 
  41 0015 3F8A4C34 		.ascii	"?\212L4w\352@\177\2100\352\237\301\302\240\251\277K"
  41      77EA407F 
  41      8830EA9F 
  41      C1C2A0A9 
  41      BF4B
  42 0027 97051348 		.ascii	"\227\005\023H\226\221te\373\325\263\246Y\305\211\370"
  42      96917465 
  42      FBD5B3A6 
  42      59C589F8 
  43 0037 815A4517 		.ascii	"\201ZE\027pB\353\264\355Z\235\232n\355b\273/\355\307"
  43      7042EBB4 
  43      ED5A9D9A 
  43      6EED62BB 
  43      2FEDC7
  44 004a 10A60CFA 		.ascii	"\020\246\014\372\247\037\256sR$\323\316\370\2616\236"
  44      A71FAE73 
  44      5224D3CE 
  44      F8B1369E 
  45 005a F724AD5D 		.ascii	"\367$\255]\342\342%\334{\317y\336\367}\236\363>\357"
  45      E2E225DC 
  45      7BCF79DE 
  45      F77D9EF3 
  45      3EEF
  46 006c 8D4920BE 		.ascii	"\215I \276\352lD\036\365\272K\275\303F\020\257\315\020"
  46      EA6C441E 
  46      F5BA4BBD 
  46      C34610AF 
  46      CD10
  47 007e 1D730A61 		.ascii	"\035s\012a\214\324\221t\231?X$k\014\230\205m\023\340"
  47      8CD49174 
  47      993F5824 
  47      6B0C9885 
  47      6D13E0
ARM GAS  /tmp/ccDev96w.s 			page 3


  48 0091 17E90475 		.ascii	"\027\351\004u\010\303D\007\356\212U\201\361\356\245"
  48      08C34407 
  48      EE8A5581 
  48      F1EEA5
  49 00a0 B4D8D12B 		.ascii	"\264\330\321+\3255w3W%\3732H\032Dy\241)\010\275\330"
  49      D5357733 
  49      5725FB32 
  49      481A4479 
  49      A12908BD 
  50 00b5 412A6C61 		.ascii	"A*lah\355\255-\366.\016s\027@\364\301\316:\006\2332"
  50      68EDAD2D 
  50      F62E0E73 
  50      1740F4C1 
  50      CE3A069B 
  51 00ca 329F4F48 		.ascii	"2\237OH\271\2723\377\210\313\240\244b\344\033QV\205"
  51      B9BA33FF 
  51      88CBA0A4 
  51      62E41B51 
  51      5685
  52 00dc 31E51D21 		.ascii	"1\345\035!\370i,a|d(7a\343\314\204a\250\252o'\307\257"
  52      F8692C61 
  52      7C642837 
  52      61E3CC84 
  52      61A8AA6F 
  53 00f3 395644D2 		.ascii	"9VD\322\020`\222\231\376\\\326UX2\221\251\266N\015\374"
  53      10609299 
  53      FE5CD655 
  53      583291A9 
  53      B64E0DFC 
  54 0107 7EC599C2 		.ascii	"~\305\231\302\007J\224\201\323\330\216\217\261\2358"
  54      074A9481 
  54      D3D88E8F 
  54      B19D38
  55 0116 F6F4F4CA 		.ascii	"\366\364\364\312o\016\253_v)\304\304'HaMK\306\247\260"
  55      6F0EAB5F 
  55      7629C4C4 
  55      2748614D 
  55      4BC6A7B0 
  56 012a 6809897B 		.ascii	"h\011\211{\307\247\214\002\221Y\340\272\224\317e\036"
  56      C7A78C02 
  56      9159E0BA 
  56      94CF651E 
  57 013a E6E28040 		.ascii	"\346\342\200@\277\2522\217\256\331\304\266b\214\012"
  57      BFAA328F 
  57      AED9C4B6 
  57      628C0A
  58 0149 185C4EFF 		.ascii	"\030\\N\377\271\245\020@\030`\032b\355\006\215\324\261"
  58      B9A51040 
  58      18601A62 
  58      ED068DD4 
  58      B1
  59 015a F4956C6E 		.ascii	"\364\225lnQK\337\244\352\030\313\364Qem\203\377j;\003"
  59      514BDFA4 
  59      EA18CBF4 
  59      51656D83 
  59      FF6A3B03 
  60 016e 6BF3A94D 		.ascii	"k\363\251ME4\244r\026\320Y\313y\337u\235y\337`\300\006"
ARM GAS  /tmp/ccDev96w.s 			page 4


  60      4534A472 
  60      16D059CB 
  60      79DF759D 
  60      79DF60C0 
  61 0183 167467FA 		.ascii	"\026tg\372\275\305\207xi\207[-o\235\357\276\016c\267"
  61      BDC58778 
  61      69875B2D 
  61      6F9DEFBE 
  61      0E63B7
  62 0196 EED4D9B1 		.ascii	"\356\324\331\261\033=\256\206SRv\312\271\324\361\027"
  62      1B3DAE86 
  62      535276CA 
  62      B9D4F117 
  63 01a6 DEBDF1A3 		.ascii	"\336\275\361\243\224oHE\347\300\3470\224?\370L\351\031"
  63      946F4845 
  63      E7C0E730 
  63      943FF84C 
  63      E919
  64 01b8 2E1E0267 		.ascii	".\036\002g\321\240\222\272o\313Q\223\3539\340\306\027"
  64      D1A092BA 
  64      6FCB5193 
  64      EB39E0C6 
  64      17
  65 01c9 0ABB85CE 		.ascii	"\012\273\205\316\205\327_\236\332u\277\277\231\311{"
  65      85D75F9E 
  65      DA75BFBF 
  65      99C97B
  66 01d8 3EED6EBE 		.ascii	">\355n\276\340\312f(\367\316\011\364\330\011_2*J\321"
  66      E0CA6628 
  66      F7CE09F4 
  66      D8095F32 
  66      2A4AD1
  67 01eb F99357A1 		.ascii	"\371\223W\241\300\257\0304J\301\321W\376\306VB\232A"
  67      C0AF1834 
  67      4AC1D157 
  67      FEC65642 
  67      9A41
  68 01fd B30494B7 		.ascii	"\263\004\224\267\247\301\"\011#\014\333\312&\016\347"
  68      A7C12209 
  68      230CDBCA 
  68      260EE7
  69 020c 5461C279 		.ascii	"Ta\302y\0369\320\233<\270\037\246\206\377p\325\177$"
  69      1E39D09B 
  69      3CB81FA6 
  69      86FF70D5 
  69      7F24
  70 021e 52B2C79D 		.ascii	"R\262\307\2354\234\234\322\277xN:M\325j\214\242^;\221"
  70      349C9CD2 
  70      BF784E3A 
  70      4DD56A8C 
  70      A25E3B91 
  71 0232 5DBE3E2B 		.ascii	"]\276>+\324\016\306`\352#\023.\350\336\366\215M\334"
  71      D40EC660 
  71      EA23132E 
  71      E8DEF68D 
  71      4DDC
  72 0244 ACA9EF2D 		.ascii	"\254\251\357-fWq\354\257\003\303\337W\353\354\014g\343"
ARM GAS  /tmp/ccDev96w.s 			page 5


  72      665771EC 
  72      AF03C3DF 
  72      57EBEC0C 
  72      67E3
  73 0256 6B35C70B 		.ascii	"k5\307\013\020\272{D?!1\367\327\344\324\326\222S\235"
  73      10BA7B44 
  73      3F2131F7 
  73      D7E4D4D6 
  73      92539D
  74 0269 585DEF95 		.ascii	"X]\357\225\275\\\364\270\026=\001\015\245\323\313\263"
  74      BD5CF4B8 
  74      163D010D 
  74      A5D3CBB3 
  75 0279 8E8E55F9 		.ascii	"\216\216U\371\222\224\265I\303\225\027\016\215\343\""
  75      9294B549 
  75      C395170E 
  75      8DE322
  76 0288 3AD40055 		.ascii	":\324\000Uo\014\301\375\326F\376\317\332K\332\332\215"
  76      6F0CC1FD 
  76      D646FECF 
  76      DA4BDADA 
  76      8D
  77 0299 9172A8FE 		.ascii	"\221r\250\376\\\256`\355\206\\g\271\265'\265\265W\030"
  77      5CAE60ED 
  77      865C67B9 
  77      B527B5B5 
  77      5718
  78 02ab AD2AB7F6 		.ascii	"\255*\267\366\027\026{\225AW\271\265\257b\033\341\033"
  78      17167B95 
  78      4157B9B5 
  78      AF621BE1 
  78      1B
  79 02bc 06AB4BAD 		.ascii	"\006\253K\255\275;\003\026I\370\366\001\326N\352.Mm"
  79      BD3B0316 
  79      49F8F601 
  79      D64EEA2E 
  79      4D6D
  80 02ce B2762D35 		.ascii	"\262v-5?V\275\356\332e\355\332\264v\255\324\242\231"
  80      3F56BDEE 
  80      DA65EDDA 
  80      B476ADD4 
  80      A299
  81 02e0 758B9840 		.ascii	"u\213\230@\177\255\246\376\247a\263.\346\301'\375\317"
  81      7FADA6FE 
  81      A761B32E 
  81      E6C127FD 
  81      CF
  82 02f1 D6D7A8DC 		.ascii	"\326\327\250\334k\305\276\377\214\316L~\237\016\345"
  82      6BC5BEFF 
  82      8CCE4C7E 
  82      9F0EE5
  83 0300 2BAB865E 		.ascii	"+\253\206^\225P\034\317y<V\341\327\030\014\355\017\355"
  83      95501CCF 
  83      793C56E1 
  83      D7180CED 
  83      0FED
  84 0312 F33DDED4 		.ascii	"\363=\336\324lE\343V\2605l\035\212\306\332\342\226\257"
ARM GAS  /tmp/ccDev96w.s 			page 6


  84      6C45E356 
  84      B0356C1D 
  84      8AC6DAE2 
  84      96AF
  85 0324 D9FBD493 		.ascii	"\331\373\324\223\326\336\275\317[\315{\274\355O0\322"
  85      D6DEBDCF 
  85      5BCD7BBC 
  85      ED4F30D2 
  86 0334 126F6B09 		.ascii	"\022ok\011\207\017x\374dko\015\037\016<\363\200\"\376"
  86      870F78FC 
  86      646B6F0D 
  86      1F0E3CF3 
  86      8022FE
  87 0347 6824123D 		.ascii	"h$\022=X\254\263\273\311\333\350=b\371\203\376h,\320"
  87      58ACB3BB 
  87      C9DBE83D 
  87      62F983FE 
  87      682CD0
  88 035a D2FE74C4 		.ascii	"\322\376t\304\023\244g+'\006\216\264Y\215^\337\036\237"
  88      13A4672B 
  88      27068EB4 
  88      598D5EDF 
  88      1E9F
  89 036c 153AE80F 		.ascii	"\025:\350\017\037>\020\260\374\221x(\336\362\242\337"
  89      1F3E10B0 
  89      FC917828 
  89      DEF2A2DF 
  90 037c AF921FAD 		.ascii	"\257\222\037\255 =\032W\267X\233~V\010U\021\033\225"
  90      203D1A57 
  90      B7589B7E 
  90      56085511 
  90      1B95
  91 038e 83F1A371 		.ascii	"\203\361\243q\025Z\353\3655\271\367\267\306\003\207"
  91      155AEBF5 
  91      35B9F7B7 
  91      C60387
  92 039d 62A1C7DC 		.ascii	"b\241\307\334\015;I\304\310\021\011D\242\261\243\364"
  92      0D3B49C4 
  92      C8110944 
  92      A2B1A3F4 
  93 03ad 0F815B2A 		.ascii	"\017\201[*\332"
  93      DA
  94              		.text
  95              		.section	.gnu.lto_st_lld_init.9aa283bb9af0d2d1,"",%progbits
  96 0000 789C9D94 		.ascii	"x\234\235\224IL\023Q\030\307\337\177f:\035*ng{\360\212"
  96      494C1351 
  96      18C7DF7F 
  96      663A1D2A 
  96      6E677BF0 
  97 0015 898CA067 		.ascii	"\211\214\240g5\321\213\011\304\004\270x\".\007HH0BL"
  97      35D18B09 
  97      C404B878 
  97      222E0748 
  97      4830424C 
  98 0029 3CF5613B 		.ascii	"<\365a;@<(\206\320\033\341`\"\210\262\024\001)\242\226"
  98      403C2886 
  98      D01BE160 
ARM GAS  /tmp/ccDev96w.s 			page 7


  98      2288B214 
  98      0129A296 
  99 003d CA22CA66 		.ascii	"\312\"\312f4`\242,\232\320\020\3610@]\242\201\372\276"
  99      3460A22C 
  99      9AD010F1 
  99      30405DA2 
  99      81FABE
 100 0050 37A562BC 		.ascii	"7\245b\274H_\3327}K\177\277\357{\313h\014\214\3125\027"
 100      485FDA37 
 100      7D4B7FBF 
 100      EF7BCB68 
 100      0C8CCA35 
 101 0065 6327C5F3 		.ascii	"c'\305\363\200\370BeP\352&\031\2532\024\200~p\003\314"
 101      80F84265 
 101      50EA2619 
 101      AB321480 
 101      7E7003CC 
 102 0079 A7C087AF 		.ascii	"\247\300\207\257\312\206\202hM,\254d5sQ\026\227\356"
 102      CA868268 
 102      4D2CAC64 
 102      35735116 
 102      97EE
 103 008b E6F29608 		.ascii	"\346\362\226\010,\225\261\204\"I\014\315\310bb\332\247"
 103      2C95B184 
 103      22490CCD 
 103      C86262DA 
 103      A7
 104 009c D066C36E 		.ascii	"\320f\303n=@\323\016:\203h\201N\272\216\202\010O$\374"
 104      3D40D30E 
 104      3A836881 
 104      4EBA8E82 
 104      084F24FC 
 105 00b0 9CAF1E59 		.ascii	"\234\257\036Y\316\332\2570K\025JQ\271\250\322\251b\314"
 105      CEDAAF30 
 105      4B154A51 
 105      B9A8D2A9 
 105      62CC
 106 00c2 167F20F5 		.ascii	"\026\177 \365\252\242\320S\215!\332\277\372\366\030"
 106      AAA2D053 
 106      8D21DABF 
 106      FAF618
 107 00d1 21FC2A45 		.ascii	"!\374*E\021\264\242S\356\270b\251\012\310\026h\034\216"
 107      11B4A253 
 107      EEB862A9 
 107      0AC81668 
 107      1C8E
 108 00e3 65384D6E 		.ascii	"e8Mn\327rMt\255,\374\012\273\232\320(\242S\321\012/"
 108      D7724D74 
 108      AD2CFC0A 
 108      BB9AD028 
 108      A253D10A 
 109 00f8 EEC1CB68 		.ascii	"\356\301\313h\356Zpz1\323l\343\201*\276\317R5\334G\023"
 109      EE5A707A 
 109      31D36CE3 
 109      812ABECF 
 109      5235DC47 
 110 010d 3665F478 		.ascii	"6e\364x\000\223\305\340\377\241;\"\325qu\017\215V\033"
ARM GAS  /tmp/ccDev96w.s 			page 8


 110      0093C5E0 
 110      FFA13B22 
 110      D571750F 
 110      8D561B
 111 0120 0487286D 		.ascii	"\004\207(m\202\"\242\011\202\246\354D\323\376G\323\001"
 111      8222A209 
 111      82A6EC44 
 111      D3FE47D3 
 111      01
 112 0131 53C009D3 		.ascii	"S\300\011\323\177{Fs\\\256\355I\271dR7\374\203]\206"
 112      7F7B4673 
 112      5CAEED49 
 112      B9645237 
 112      FC835D86 
 113 0145 D3E4913A 		.ascii	"\323\344\221:\276GtM\317\367\315x\034\233\216\220\260"
 113      BE47744D 
 113      CFF7CD78 
 113      1C9B8E90 
 113      B0
 114 0156 75266DBD 		.ascii	"u&m\275\353k\267\266\333\272\244\215\226\033\017\377"
 114      EB6BB7B6 
 114      DBBAA48D 
 114      961B0FFF 
 115 0166 4E8A5CFF 		.ascii	"N\212\\\377d\361\337\334\356?\334\036\312B'L\334\236"
 115      64F1DFDC 
 115      EE3FDC1E 
 115      CA42274C 
 115      DC9E
 116 0178 0DB893A4 		.ascii	"\015\270\223\244T\016n\231\303d\333w\333\3434\351(\320"
 116      540E6E99 
 116      C364DB77 
 116      DBE334E9 
 116      28D0
 117 018a C6DC69FF 		.ascii	"\306\334i\3776j\010W\025u\234\020\373m\340\2210\366"
 117      366A0857 
 117      15759C10 
 117      FB6DE091 
 117      30F6
 118 019c 268DAD13 		.ascii	"&\215\255\023\361u7\031A\276>\351\223\307'\014S\014"
 118      F1753719 
 118      41BE3EE9 
 118      93C7270C 
 118      530C
 119 01ae 7FEC0E34 		.ascii	"\177\354\0164H\276\206\346\021\206~'\221x\347\207T\004"
 119      48BE86E6 
 119      11867E27 
 119      9178E787 
 119      5404
 120 01c0 3BE23F96 		.ascii	";\342?\226|\225\370\003\222\2772\320\371\316\345\360"
 120      7C95F803 
 120      92BF32D0 
 120      F9CEE5F0 
 121 01d0 13A2ECC5 		.ascii	"\023\242\354\305\223\244\301N\323\360T\03242<\223\206"
 121      93A4C14E 
 121      D3F0541A 
 121      34323C93 
 121      86
ARM GAS  /tmp/ccDev96w.s 			page 9


 122 01e1 D40A6960 		.ascii	"\324\012i`\210l\305?\227\016=\003\203\222.\256/\015"
 122      886CC53F 
 122      970E3D03 
 122      83922EAE 
 122      2F0D
 123 01f3 2582A139 		.ascii	"%\202\2419=\247\2036\213\237#~\024&\016y\345\231{\216"
 123      3DA78336 
 123      8B9F237E 
 123      14260E79 
 123      E5997B8E 
 124 0207 9C94CC4E 		.ascii	"\234\224\314NK\246aH\312t\302\015\013r*\366\371\364"
 124      4BA66148 
 124      CA74C20D 
 124      0B722AF6 
 124      F9F4
 125 0219 702312E7 		.ascii	"p#\022\347&\334\3506\234\235&\356\205\304\031\204\033"
 125      26DCE836 
 125      9C9D26EE 
 125      85C41984 
 125      1B
 126 022a 930BDD53 		.ascii	"\223\013\335S3\036\3628\013\015\274\334\012v!=\372+"
 126      331EF238 
 126      0B0DBCDC 
 126      0A76213D 
 126      FA2B
 127 023c 49CF20FA 		.ascii	"I\317 \372\270\010\226p\313\260\"\365o\344\025\242\371"
 127      B8089670 
 127      CBB022F5 
 127      6FE415A2 
 127      F9
 128 024d E1F097F7 		.ascii	"\341\360\227\367n\337\006\257\345tU<\011\272%\230\200"
 128      6EDF06AF 
 128      E574553C 
 128      09BA2598 
 128      80
 129 025e 8FC696C6 		.ascii	"\217\306\226\306\352\2533)\224]B0\011/\335\356\237\263"
 129      EAAB3329 
 129      945D4230 
 129      092FDDEE 
 129      9FB3
 130 0270 370DA7CB 		.ascii	"7\015\247\313\300\024\274\226\232\311>\343z\344u\241"
 130      C014BC96 
 130      9AC93EE3 
 130      7AE475A1 
 131 0280 0452B105 		.ascii	"\004R\261\005B\274\375\304\351?\236\235m:\237S%\245"
 131      42BCFDC4 
 131      E93F9E9D 
 131      6D3A9F53 
 131      25A5
 132 0292 174ACF16 		.ascii	"\027J\317\026\036.(2\313+\314\222\363e\346\345\362+"
 132      1E2E2832 
 132      CB2BCC92 
 132      F365E6E5 
 132      F22B
 133 02a4 95156661 		.ascii	"\225\025faQ\376\321\\3/\357\264Yt&\377j\016\215\024"
 133      51FED15C 
 133      332FEFB4 
ARM GAS  /tmp/ccDev96w.s 			page 10


 133      597426FF 
 133      6A0E8D14 
 134 02b8 57541697 		.ascii	"WT\026\227\225]\312\276\310~\003\226o\357\273"
 134      955DCABE 
 134      C87E0396 
 134      6FEFBB
 135              		.text
 136              		.section	.gnu.lto_.symbol_nodes.9aa283bb9af0d2d1,"",%progbits
 137 0000 789C6361 		.ascii	"x\234ca`d(d\000\002\246\251L\365\014\014\023\31610\000"
 137      60642864 
 137      0002A6A9 
 137      4CF50C0C 
 137      13CE3130 
 138 0015 A95D0D8A 		.ascii	"\251]\015\212@\221iL\365\214(\"\214\323\231\352\231"
 138      4091694C 
 138      F58C2822 
 138      8CD399EA 
 138      99
 139 0026 C0220C0C 		.ascii	"\300\"\014\014\015\015\012@\201\031L\365\314(\0023\231"
 139      0D0D0A40 
 139      81194CF5 
 139      CC280233 
 139      99
 140 0037 EA599005 		.ascii	"\352Y\220\005\230\201\260\345\33016f\006&\206\226\366"
 140      9881B0E5 
 140      D8313666 
 140      06268696 
 140      F6
 141 0048 37F2CC8C 		.ascii	"7\362\314\214,\014O\2004\003\000\351-\032\237"
 141      2C0C4F80 
 141      340300E9 
 141      2D1A9F
 142              		.text
 143              		.section	.gnu.lto_.refs.9aa283bb9af0d2d1,"",%progbits
 144 0000 789C6361 		.ascii	"x\234ca`\004B \000\000\0009\000\007"
 144      60044220 
 144      00000039 
 144      0007
 145              		.text
 146              		.section	.gnu.lto_.decls.9aa283bb9af0d2d1,"",%progbits
 147 0000 789CCD58 		.ascii	"x\234\315X{LT\311\232\357:\325@\363\236E31\0337\231"
 147      7B4C54C9 
 147      9AEF3AD5 
 147      40F39E45 
 147      33311B37 
 148 0015 4CC84A6E 		.ascii	"L\310JnrmAw\366\376\261\273\031mP\310\225\321t3\223"
 148      726D4177 
 148      F6FEB1BB 
 148      196D50C8 
 148      95D17433 
 149 002a CDDD3F3A 		.ascii	"\315\335?:\2108\222\345\341\002z\235\344n\366\360P\001"
 149      883892E5 
 149      E1027A9D 
 149      E46EF6F0 
 149      5001
 150 003c C5E1A108 		.ascii	"\305\341\241\010\010\310K\021\005\007Q\344\245\322\202"
 150      08C84B11 
ARM GAS  /tmp/ccDev96w.s 			page 11


 150      050751E4 
 150      A5D282
 151 004b 222A7A11 		.ascii	"\"*z\021\021e\020AA`\306\027\362VA\367\253\252\323}"
 151      11651041 
 151      4160C617 
 151      F25641F7 
 151      ABAAD37D 
 152 005f AA0F8D3B 		.ascii	"\252\017\215;\373\307&\333\351_\237\363U\375\352W_\325"
 152      FBC726DB 
 152      E95F9FF3 
 152      55FDEA57 
 152      5FD5
 153 0071 57A7CE57 		.ascii	"W\247\316W\255V!\025\371\304\375\235J5\251V\251\374"
 153      AD562115 
 153      F9C4FD9D 
 153      4A35A956 
 153      A9FC
 154 0083 C1FC081F 		.ascii	"\301\374\010\037\014e\337\001H\355Y\025\373\330\001"
 154      0C65DF01 
 154      48ED5915 
 154      FBD801
 155 0092 6A00B580 		.ascii	"j\000\265\200z@#\300\244Z\370!\034\027\251\375\012\200"
 155      7A4023C0 
 155      A45AF821 
 155      1C17A9FD 
 155      0A80
 156 00a4 1A440440 		.ascii	"\032D\004@+\334{\000\226J\232.P\3667\000\017\300y\251"
 156      2BDC7B00 
 156      964A9A2E 
 156      50F63700 
 156      0FC079A9 
 157 00b8 AF770057 		.ascii	"\257w\000WIc)\024|\016X\006\370[\300\027\200/\021\353"
 157      49632914 
 157      7C0E5806 
 157      F85BC017 
 157      802F11EB 
 158 00cc D713AE7F 		.ascii	"\327\023\256\177\017\360\002\374\0161\177\224\237ZI"
 158      0FF002FC 
 158      0E317F94 
 158      9F5A49
 159 00db CBECC77F 		.ascii	"\313\354\307\177\002\357/\222\037)pMF\262o]P\266\037"
 159      02EF2F92 
 159      1F29704D 
 159      46B26F5D 
 159      50B61F
 160 00ee 31BF9A00 		.ascii	"1\277\232\000N\200`\260\343\001\323p?\007\230\001\274"
 160      4E8060B0 
 160      E301D370 
 160      3F079801 
 160      BC
 161 00ff 05BC5131 		.ascii	"\005\274Q1g?\302e\022 H}\331\232\213y\001\365\265\225"
 161      673FC265 
 161      1220487D 
 161      D99A8B79 
 161      01F5B595 
 162 0113 9FC69302 		.ascii	"\237\306\223\002Z\341\204\310\314\272C\321O/\352\337"
 162      5AE184C8 
ARM GAS  /tmp/ccDev96w.s 			page 12


 162      CCBA43D1 
 162      4F2FEADF 
 163 0123 BAB222C2 		.ascii	"\272\262\"\302\350\177{r\375\312\012\021>i\242(\010"
 163      E87F7B72 
 163      FDCA0A11 
 163      3E69A228 
 163      08
 164 0134 72D3CE1F 		.ascii	"r\323\316\037\307K\035\2603%\335M\254\312#2\036NH\015"
 164      C74B1DB0 
 164      3325DD4D 
 164      ACCA2332 
 164      1E4E480D 
 165 0148 E69BDBB9 		.ascii	"\346\233\333\271\203n`.uB_\314\013Bk\352\271jg\344\345"
 165      836E602E 
 165      75425FCC 
 165      0B426BEA 
 165      B96A67E4 
 166 015d 7482A80C 		.ascii	"t\202\250\014\364\225\272\324\213\342g\350\014rB\247"
 166      F495BAD4 
 166      8BE267E8 
 166      0C7242A7 
 167 016d 1046E568 		.ascii	"\020F\345h%qy\005\031U\222(\306\213i\011\242G\233\233"
 167      25717905 
 167      19559228 
 167      C68B6909 
 167      A2479B9B 
 168 0181 0A55A0E5 		.ascii	"\012U\240\345\3504Z\256B\225\310\213xC\210\350$\024"
 168      E8345AAE 
 168      4295C88B 
 168      784388E8 
 168      2414
 169 0193 964121F4 		.ascii	"\226A!\364R^\232^l\217}\211\003B\316\371S3N\226.\032"
 169      525E9A5E 
 169      6C8F7D89 
 169      0342CEF9 
 169      53334E96 
 170 01a9 F7AEA920 		.ascii	"\367\256\251 ]\234\205.~\222\273\200\036\027\355\243"
 170      5D9C852E 
 170      7E92BB80 
 170      1E17EDA3 
 171 01b9 CA461FA4 		.ascii	"\312F\037\244=\364s*\375~\003\356E=\010\006\217>\243"
 171      3DF4732A 
 171      FD7E03EE 
 171      453D0806 
 171      8F3EA3
 172 01cc C34788FD 		.ascii	"\303G\210\375\"\012\025\0035\341F\240\277*\271\010\231"
 172      220A1503 
 172      35E146A0 
 172      BF2AB908 
 172      99
 173 01dd 89E4177E 		.ascii	"\211\344\027~\004$\225\251,b\364+\265\247k\234~\250"
 173      042495A9 
 173      2C62F42B 
 173      B5A76B9C 
 173      7EA8
 174 01ef 88AC8EA4 		.ascii	"\210\254\216\244F\310\342\001\255V\261z\213*\273\010"
 174      46C8E201 
ARM GAS  /tmp/ccDev96w.s 			page 13


 174      AD56B17A 
 174      8B2ABB08 
 175 01ff 72034E8F 		.ascii	"r\003N\217\271+\311\311>[\306\204\314\321}\371\372E"
 175      B92BC9C9 
 175      3E5BC684 
 175      CCD17DF9 
 175      FA45
 176 0211 991BDE41 		.ascii	"\231\033\336A\243;\177\343h\256\260,\213\256\201\004"
 176      A33B7FE3 
 176      68AEB02C 
 176      8BAE8104 
 177 0221 F10B35FA 		.ascii	"\361\0135\372\356s\313\304\251\320y\264\014~\267\250"
 177      EE73CBC4 
 177      A9D079B4 
 177      0C7EB7A8 
 178 0231 59BBDA9A 		.ascii	"Y\273\332\232\270F\367/\013\305\302*q`\342zTf\265(&"
 178      B846F72F 
 178      0BC5C22A 
 178      7160E27A 
 178      5466B528 
 179 0246 433B35A1 		.ascii	"C;5\241\241sr,\340\226\\\252Q/8P\203\276$\253\346\300"
 179      A173722C 
 179      E0965CAA 
 179      512F3850 
 179      83BE24AB 
 180 025c EB42775C 		.ascii	"\353Bw\\\207h\237''\357\033\231\214\2516\003\347\210"
 180      87689F27 
 180      27EF1B99 
 180      8CA93603 
 180      E788
 181 026e A6445011 		.ascii	"\246DP\021\250\312\005Y\345\002\257RKU\372\307&\256"
 181      A8CA0559 
 181      E502AF52 
 181      4B55FAC7 
 181      26AE
 182 0280 3BE3AB4C 		.ascii	";\343\253L\345\324\313\343S\010d\006`Q\364\037\214\330"
 182      E5D4CBE3 
 182      53086406 
 182      6051F41F 
 182      8CD8
 183 0292 57B2D794 		.ascii	"W\262\327\224\206\250\313\250NV\251\243*pSO\025\222"
 183      86A8CBA8 
 183      4E56A9A3 
 183      2A70534F 
 183      1592
 184 02a4 6B5B5231 		.ascii	"k[R1N\023\250\202x\251\267V-)de\356:\224P\350O\2337"
 184      4E13A882 
 184      78A9B756 
 184      2D296465 
 184      EE3A9450 
 185 02bc C8CD1BCC 		.ascii	"\310\315\033\314\315\033i\363\243]OK\004|\2075\337\367"
 185      CD1B69F3 
 185      A35D4F4B 
 185      047C8735 
 185      DFF7
 186 02ce A2B45B50 		.ascii	"\242\264[P\223\205C\326\"L\022\224\015=\272\322\343"
 186      938543D6 
ARM GAS  /tmp/ccDev96w.s 			page 14


 186      224C1294 
 186      0D3DBAD2 
 186      E3
 187 02df 6E29BB84 		.ascii	"n)\273\204h\341\221\254\303S\016\213\316q\023\235\343"
 187      68E191AC 
 187      C3530E8B 
 187      CE71139D 
 187      E3
 188 02f0 CB489AE4 		.ascii	"\313H\232\344\361\344\244\233\216\222S\037\2626\245"
 188      F1E4A49B 
 188      8E92531F 
 188      B236A5
 189 02ff 13A78082 		.ascii	"\023\247\200\202.\312N]4;e\242N\325>9\334\344\310\036"
 189      2ECA4E5D 
 189      343B65A2 
 189      4ED53E39 
 189      DCE4C81E 
 190 0313 D0874421 		.ascii	"\320\207D!\267q\362\246\035\2635\244\372\325\351ZW\366"
 190      B771F2A6 
 190      1DB335A4 
 190      FAD5E95A 
 190      57F6
 191 0325 C09A48F5 		.ascii	"\300\232H\365\275\341\242D\027V\335A\354\226\356\353"
 191      BDE1A244 
 191      1756DD41 
 191      EC96EEEB 
 192 0335 636A9C85 		.ascii	"cj\234\205\351\230:\312\222:\260\023<F\011\277\3551"
 192      E9983ACA 
 192      923AB013 
 192      3C4609BF 
 192      ED31
 193 0347 8226EDED 		.ascii	"\202&\355\355\357o\333\341<\326~\377\265\232Vi\263h"
 193      EF6FDBE1 
 193      3CD67EFF 
 193      B59A5669 
 193      B368
 194 0359 23F6A186 		.ascii	"#\366\241\206\226Fg|\214U\016\246<m\261\307\245\314"
 194      9646677C 
 194      8C550EA6 
 194      3C6DB1C7 
 194      A5CC
 195 036b 30BBE521 		.ascii	"0\273\345!\271u\254w\352&\302'Yec\355\305Vi\010\253"
 195      B975AC77 
 195      EA26C227 
 195      596563ED 
 195      C5566908 
 196 0380 C87634D6 		.ascii	"\310v4\326\236\357\314\314\317\300\2740|\243\325\211"
 196      9EEFCCCC 
 196      CFC0BC30 
 196      7CA3D589 
 197 0390 8D484460 		.ascii	"\215HD`_\352|\3645\256d-\233\307\253\312\244\321a0_"
 197      5FEA7CF4 
 197      35AE642D 
 197      9BC7ABCA 
 197      A4D16130 
 198 03a5 CF14276B 		.ascii	"\317\024'k\310xDi<\244B\236\373N\262k \355rt\227\215"
 198      C8784469 
ARM GAS  /tmp/ccDev96w.s 			page 15


 198      3CA4429E 
 198      FB4EB26B 
 198      20ED7274 
 199 03bb 655F7EFF 		.ascii	"e_~\3779;\2174iG\374:\226F\361\257@\277C\351\367\220"
 199      393B8F34 
 199      6947FC3A 
 199      9646F1AF 
 199      40BF43E9 
 200 03d1 87B91161 		.ascii	"\207\271\021a?\236\313\273\206yv\353\247\330gJ\216\037"
 200      3F9ECBBB 
 200      867976EB 
 200      A7D8674A 
 200      8E1F
 201 03e3 71C26799 		.ascii	"q\302g\231\233G'\372~\221b\346\005\346\211\351\306\004"
 201      9B4727FA 
 201      7E9162E6 
 201      05E689E9 
 201      C604
 202 03f5 0DAE6175 		.ascii	"\015\256au\231\227\363o;\340zf\230\267[\017\272\335"
 202      9997F36F 
 202      3BE07A66 
 202      98B75B0F 
 202      BADD
 203 0407 A2F807EB 		.ascii	"\242\370\007\353\360%V\323\224\236\321\207\360\025f"
 203      F02556D3 
 203      949ED187 
 203      F01566
 204 0416 BC4A7C36 		.ascii	"\274J|6 \315\32020\017\337z\276\002\267\262\252\017"
 204      20CDD032 
 204      300FDF7A 
 204      BE02B7B2 
 204      AA0F
 205 0428 6D2D2B70 		.ascii	"m-+p;\273o\275p\262\014\341Nf\214\347\266>w\302\335"
 205      3BBB6FBD 
 205      70B20CE1 
 205      4E668CE7 
 205      B63E77C2 
 206 043d CC28ECCC 		.ascii	"\314(\354\314\253\323\340\036f\234\230\315:\341\202"
 206      ABD3E01E 
 206      669C98CD 
 206      3AE182
 207 044c 1F33A3AB 		.ascii	"\0373\243\253\376~\2223\036dF\322\331\263\331\316x\204"
 207      FE7E9233 
 207      1E6446D2 
 207      D9B3D9CE 
 207      7884
 208 045e 19F18D3D 		.ascii	"\031\361\215=\351\356\254\323\001\272\370\217\017\025"
 208      E9EEACD3 
 208      01BAF88F 
 208      0F15
 209 046c 3A4A71B1 		.ascii	":Jq\261\007;\245\263}\006\341\347\214\\\223\337]\340"
 209      073BA5B3 
 209      7D06E1E7 
 209      8C5C93DF 
 209      5DE0
 210 047e BC782446 		.ascii	"\274x$F\315\221XE\003q\264\347C\225\2734\265&s Z\200"
 210      CD915845 
ARM GAS  /tmp/ccDev96w.s 			page 16


 210      0371B4E7 
 210      4395BB34 
 210      B5267320 
 211 0494 DD4CD9BF 		.ascii	"\335L\331\277\320\251\0355Omu\346\361V\015\317n\375"
 211      D0A91D35 
 211      4F6D75E6 
 211      F1560DCF 
 211      6EFD
 212 04a6 04FBF3B6 		.ascii	"\004\373\363\266\376\2413\216\310S\361\361\362\364\\"
 212      FEA1338E 
 212      C853F1F1 
 212      F2F45C
 213 04b5 E2E9592C 		.ascii	"\342\351Y,&&\210\003w\217\355\312*\333+\246\005S\241"
 213      26268803 
 213      778FEDCA 
 213      2ADB2BA6 
 213      0553A1
 214 04c8 6BF0E47D 		.ascii	"k\360\344}@K\344\007\341*U\255 \277*\332\300T\335\353"
 214      404BE407 
 214      E12A55AD 
 214      20BF2ADA 
 214      C054DDEB 
 215 04dc 6266F729 		.ascii	"bf\367)\331\217\026\260\263e\366S%\233y\354-\223\317"
 215      D98F16B0 
 215      B365F653 
 215      259B79EC 
 215      2D93CF
 216 04ef CBE45E25 		.ascii	"\313\344^%\271GI\356\220\311\355J\362\255\005~\\\224"
 216      B94749EE 
 216      90C9ED4A 
 216      F2AD057E 
 216      5C94
 217 0501 D9F795EC 		.ascii	"\331\367\225\354\333J\351\\\231\374\304\266\323\274"
 217      DB4AE95C 
 217      99FCC4B6 
 217      D3BC
 218 050f 7497CCBE 		.ascii	"t\227\314\276\241d\267Y\263\343D\323\317\377F\310\277"
 218      A164B759 
 218      B3E344D3 
 218      CFFF46C8 
 218      BF
 219 0520 220F3422 		.ascii	"\"\0174\"\221\315\301CW\224~\034\222\225\207\224\312"
 219      91CDC143 
 219      57947E1C 
 219      92958794 
 219      CA
 220 0531 5A05B753 		.ascii	"Z\005\267S\346\336\264\355\005G\256\223\311\017\225"
 220      E6DEB4ED 
 220      0547AE93 
 220      C90F95
 221 0540 E46E25B9 		.ascii	"\344n%\271J&?\266\035p\216\334-\223\257\333^K\336\362"
 221      4A263FB6 
 221      1D708EDC 
 221      2D93AFDB 
 221      5E4BDEF2 
 222 0554 5C5CA673 		.ascii	"\\\\\246s\321\005s\321!q\315;\212\024\023~\232\363d"
 222      D10573D1 
ARM GAS  /tmp/ccDev96w.s 			page 17


 222      2171CD3B 
 222      8A14137E 
 222      9AF364
 223 0567 E501A5F2 		.ascii	"\345\001\245\362\035Y\231fN\246L \213\032BRIo\022\225"
 223      1D599966 
 223      4EA64C20 
 223      8B1A4252 
 223      496F1295 
 224 057b 45A8B177 		.ascii	"E\250\261w9y\017c*\365\300\366\360\371\216/\310\035"
 224      39790F63 
 224      2AF5C0F6 
 224      F0F98E2F 
 224      C81D
 225 058d FF6C7B55 		.ascii	"\377l{U2v\272\2649\212(V\205\206\201\361\214V\022>\270"
 225      3276BAB4 
 225      398A2856 
 225      858681F1 
 225      8C56123E 
 226 05a2 80DEC32B 		.ascii	"\200\336\303+e\022y\"Q\360D/\341\372\006\360\016\360"
 226      65127922 
 226      51F0442F 
 226      E1FA06F0 
 226      0EF0
 227 05b4 11300378 		.ascii	"\0210\003x\001x\005\230\007L\003\346\000c\200\267\200"
 227      01780598 
 227      074C03E6 
 227      006380B7 
 227      80
 228 05c5 D78029C0 		.ascii	"\327\200)\3008`\026\360\0340\201<\271A\025\310N\366"
 228      386016F0 
 228      1C30813C 
 228      B94115C8 
 228      4EF6
 229 05d7 DB9E1D7E 		.ascii	"\333\236\035~HY2{\320\346\302bd\222X\267w\237t\303g"
 229      4859327B 
 229      D0E6C262 
 229      649258B7 
 229      779F74C3 
 230 05ec D4343BED 		.ascii	"\3244;\355J\250,Gh\211\227\315\221\242\004\301\353\377"
 230      4AA82C47 
 230      688997CD 
 230      91A204C1 
 230      EBFF
 231 05fe 7CB02CBA 		.ascii	"|\260,\272}\275\210D7^X\202\342\004K\252@\202M}\026"
 231      7DBD8844 
 231      375E5882 
 231      E2044BAA 
 231      40824D7D 
 232 0613 F7E43C70 		.ascii	"\367\344<psI\221\363c\312\224\367\337D\301\205\246\024"
 232      734991F3 
 232      63CA94F7 
 232      DF44C185 
 232      A614
 233 0625 7005F6B5 		.ascii	"p\005\366\265\2173&ig\027\270\367\357R\366\376\275?"
 233      8F332669 
 233      6717B8F7 
 233      EF52F6FE 
ARM GAS  /tmp/ccDev96w.s 			page 18


 233      BD3F
 234 0637 7BE99D0B 		.ascii	"{\351\235\013n\240\343W\237\213\357/rC^\313\021H!\226"
 234      6EA0E357 
 234      9F8BEF2F 
 234      72435ECB 
 234      11482196 
 235 064b A393C384 		.ascii	"\243\223\303\204\012\355\027\234\320>\001\233\017$\271"
 235      0AED179C 
 235      D03E019B 
 235      0F24B9
 236 065a 22ECFD63 		.ascii	"\"\354\375c\377E\212\341^C\2574]\037+\026\355\227\251"
 236      FF458AE1 
 236      5E43AF34 
 236      5D1F2B16 
 236      ED97A9
 237 066d D06ABAF5 		.ascii	"\320j\272\365\243$\2300R\245B)\302r\224,\320\267\301"
 237      A3249830 
 237      52A54229 
 237      C272942C 
 237      D0B7C1
 238 0680 C399FE19 		.ascii	"\303\231\376\031Wy\177GT{/\324\357\021\210\357\007\004"
 238      57797F47 
 238      547B2FD4 
 238      EF1188EF 
 238      0704
 239 0692 797F2706 		.ascii	"y\177'\006y\025\275\257l\220^\233\344M\364zp\346\351"
 239      7915BDAF 
 239      6C905E9B 
 239      E44DF47A 
 239      70E6E9
 240 06a5 27D28083 		.ascii	"'\322\200\203\202\364\362Ie\375M\246\354\231\221\262"
 240      82F4F249 
 240      65FD4DA6 
 240      EC9991B2 
 241 06b5 180792AF 		.ascii	"\030\007\222\257\016\347\035ta\303\377\003\230{\013"
 241      0EE71D74 
 241      61C3FF03 
 241      987B0B
 242 06c4 B35E3BCB 		.ascii	"\263^;\313\257}\346M\032x\363#\365&\235zC%\251\001-"
 242      AF7DE64D 
 242      1A78F323 
 242      F5269D7A 
 242      4325A901 
 243 06d9 DE3FFB69 		.ascii	"\336?\373i\304\305j\362I\232)\367\237!\270\230\003\226"
 243      C4C56AF2 
 243      499A29F7 
 243      9F21B898 
 243      0396
 244 06eb 41E77FA4 		.ascii	"A\347\177\244L\234q\303Mt\206\321\217}\235\005$#4A\332"
 244      4C9C71C3 
 244      4D7486D1 
 244      8F7D9D05 
 244      24233441 
 245 0700 7D7FD83F 		.ascii	"}\177\330?)\341\326\001\2610^\374\232%\253\231r\260"
 245      29E1D601 
 245      B1305EFC 
 245      9A25AB99 
ARM GAS  /tmp/ccDev96w.s 			page 19


 245      72B0
 246 0712 33052E63 		.ascii	"3\005.c>$\220\334pl\372V:\306\363L\250\273\246\356\252"
 246      3E2490DC 
 246      706CFA56 
 246      3AC6F34C 
 246      A8BBA6EE 
 247 0727 83249495 		.ascii	"\203$\224\225i\314J\020\333`\010\236T\346\260,s\230"
 247      69CC4A10 
 247      DB60089E 
 247      54E6B02C 
 247      7398
 248 0739 97C9A232 		.ascii	"\227\311\2422-\323\335\225\016\370\240\035\225\351\023"
 248      2DD3DD95 
 248      0EF8A01D 
 248      95E913
 249 0748 E773DC25 		.ascii	"\347s\334%\231\307w\376\222\303\216\001\315\354\030"
 249      99C777FE 
 249      92C38E01 
 249      CDEC18
 250 0757 7044D639 		.ascii	"pD\3269\302\353dS\235\0233\263\373\335p\021\323\031"
 250      C2EB6453 
 250      9D1333B3 
 250      FBDD7011 
 250      D319
 251 0769 311D2877 		.ascii	"1\035(we:\246\256m\354\030P\304\216\0019\262J\016\257"
 251      653AA6AE 
 251      6DEC1850 
 251      C48E0139 
 251      B24A0EAF 
 252 077d 924B551E 		.ascii	"\222KU\036\0147o\305\247\231\310\251\312\202*7\\\317"
 252      0C376FC5 
 252      A799C8A9 
 252      CA822A37 
 252      5CCF
 253 078f 8CFDCD2D 		.ascii	"\214\375\315-y\366\220}\243<\332h\221\034\275\247\273"
 253      79F6907D 
 253      A33CDA68 
 253      911CBDA7 
 253      BB
 254 07a0 78F5A2D9 		.ascii	"x\365\242\331\3701\201d\343\005\202\224\215\277\314"
 254      F8318164 
 254      E3058294 
 254      8DBFCC
 255 07af 6F7AEE2C 		.ascii	"oz\356,\215\365\330\253\035m\343\317D1C\024\023\321"
 255      8DF5D8AB 
 255      1D6DE3CF 
 255      44314314 
 255      13D1
 256 07c1 52C24447 		.ascii	"R\302DG\315~\242|AM,\331\325B\352"
 256      CD7EA27C 
 256      414D2CD9 
 256      D542EA
 257 07d0 EAECD495 		.ascii	"\352\354\324\225+\032\234hO\335+\272v:\325\335\022\310"
 257      2B1A9C68 
 257      4FDD2BBA 
 257      763AD5DD 
 257      12C8
ARM GAS  /tmp/ccDev96w.s 			page 20


 258 07e2 DDD9D681 		.ascii	"\335\331\326\201,\222\307\\\304\013\025S\241\342\207"
 258      2C92C75C 
 258      C40B1553 
 258      A1E287
 259 07f1 3DD5F638 		.ascii	"=\325\3668\233\011=.\270\230\210\244\231\253\333b5s"
 259      9B093D2E 
 259      B89888A4 
 259      99ABDB62 
 259      3573
 260 0803 25B24A09 		.ascii	"%\262J\011\257RJU\016\035\277\236\254\306\225Le\272"
 260      AF524A55 
 260      0E1DBF9E 
 260      ACC6954C 
 260      65BA
 261 0815 6AFEBD9D 		.ascii	"j\376\275\235e9\354\264Z\016\307e\231\343\274\314\011"
 261      6539ECB4 
 261      5A0EC765 
 261      99E3BCCC 
 261      09
 262 0826 2A7363A8 		.ascii	"*sc\250\262\331\015\233\230Lg\372t\233\223y9\034\\\237"
 262      B2D90D9B 
 262      984C67FA 
 262      749B9379 
 262      391C5C9F 
 263 083a 6BB51CCA 		.ascii	"k\265\034\312d\2352^\347$\325\03186\222\351\212\357"
 263      649D325E 
 263      E724D519 
 263      383692E9 
 263      8AEF
 264 084c 339DCB7B 		.ascii	"3\235\313{rN\250\245A\235\377\336jP\345\262J9\257r\212"
 264      724EA8A5 
 264      419DFFDE 
 264      6A50E5B2 
 264      4A39AF72 
 265 0861 AA4C5C3D 		.ascii	"\252L\\=9!mVi\3448p\371\303\363\233\316\370\011S\255"
 265      39216D56 
 265      69E43870 
 265      F9C3F39B 
 265      CEF80953 
 266 0876 B87DFD91 		.ascii	"\270}\375\221\364('\221\312\023\367r\337\330\343_Ye"
 266      F4282791 
 266      CA13F772 
 266      DFD8E35F 
 266      5965
 267 0888 61765BBC 		.ascii	"av[\274\200\307\231a>UxH\247\212\322\272\20198C\260"
 267      80C79961 
 267      3E557848 
 267      A78AD2BA 
 267      81393843 
 268 089d 4A53EB81 		.ascii	"JS\353\201\227\010'9\260$\370\311\276{\022s\226\330"
 268      97082739 
 268      B024F8C9 
 268      BE7B1273 
 268      96D8
 269 08af 1F9B671E 		.ascii	"\037\233g\036\272\342\203\254\362\343/=%Rf?F\017\177"
 269      BAE283AC 
 269      F2E32F3D 
ARM GAS  /tmp/ccDev96w.s 			page 21


 269      2552663F 
 269      460F7F
 270 08c2 F54FC7DC 		.ascii	"\365O\307\334p6\253Lo\231\232p\306y\314xT|\350\270\232"
 270      7036AB4C 
 270      6F999A70 
 270      C679CC78 
 270      547CE8B8 
 271 08d7 3147899D 		.ascii	"1G\211\235?7\227\250\306E\254\2623>\263\324\036\237"
 271      3F3797A8 
 271      C645ACB2 
 271      333EB3D4 
 271      1E9F
 272 08e9 66C6FB57 		.ascii	"f\306\373Wec\366\270\206\031-\023yo\\p\0233\366\224"
 272      6563F6B8 
 272      86192D13 
 272      796F5C70 
 272      1333F694 
 273 08fd 761D70C0 		.ascii	"v\035p\3007\2301\321\233\332\352\202\3571\343j\333\340"
 273      379831D1 
 273      9BDAEA82 
 273      EF31E36A 
 273      DBE0
 274 090f 3D0DEE63 		.ascii	"=\015\356cF\334h\325>\214G\230\361\246\243%\305\021"
 274      46DC68D5 
 274      3E8C4798 
 274      F1A6A325 
 274      C511
 275 0921 BF61C6ED 		.ascii	"\277a\306\355\344\014x\336\3372\303\274\321y\260\215"
 275      E40C78DE 
 275      DF32C3BC 
 275      D179B08D 
 276 0931 EEE3D1B1 		.ascii	"\356\343\321\261|\027\034\247\241u\027K\366\224k\360"
 276      7C171CA7 
 276      A175174B 
 276      F6946BF0 
 277 0941 7E6624DE 		.ascii	"~f$\336I}\344\2023\231qft\237\311\001\037\225h\267\337"
 277      497DE482 
 277      33997166 
 277      749FC901 
 277      1F9568B7 
 278 0956 56B8E112 		.ascii	"V\270\341\022\311\350\255\321\342Jv_4Z\237\351\216/"
 278      C9E8ADD1 
 278      E24A765F 
 278      345A9FE9 
 278      8E2F
 279 0968 30E349DF 		.ascii	"0\343I\337H\012\354o\314\330\333t\370\222#\276\301\214"
 279      480AEC6F 
 279      CCD8DB74 
 279      F89223BE 
 279      C18C
 280 097a AB03904F 		.ascii	"\253\003\220Ou\262\373\347)\246\036\001\3672\243\274"
 280      75B2FBE7 
 280      29A61E01 
 280      F732A3BC 
 281 098a 3EF5891D 		.ascii	">\365\211\035\036b\306`m\342\264\032\2172\343\364\\"
 281      1E62C660 
 281      6DE2B41A 
ARM GAS  /tmp/ccDev96w.s 			page 22


 281      8F32E3F4 
 281      5C
 282 099b 4187237E 		.ascii	"A\207#~\311\214\216\206\201gnx\212\0317\342S\315\207"
 282      C98C8E86 
 282      81676E78 
 282      8A1937E2 
 282      53CD87
 283 09ae C16C12D2 		.ascii	"\301l\022\322WY\325\315\366\322Q\330\021\354_\367\027"
 283      5759D5CD 
 283      F6D251D8 
 283      11EC5FF7 
 283      17
 284 09bf 94AAF12C 		.ascii	"\224\252\361,%{\216f\375\230e\277\340X`uBX\302n\212"
 284      257B8E66 
 284      FD9865BF 
 284      E0586075 
 284      4258C26E 
 285 09d4 E91F5199 		.ascii	"\351\037Q\231\247\302\262Kn\212ba3\"'\014\324\006\213"
 285      A7C2B24B 
 285      6E8A6261 
 285      3322270C 
 285      D4068B
 286 09e7 7442E052 		.ascii	"tB\340R\327\005Ic\34769\307j\224\330\226\024\343\231"
 286      D7054963 
 286      E73639C7 
 286      6A94D896 
 286      14E399
 287 09fa 929DC1B1 		.ascii	"\222\235\301\261\333\225l\253\034\223\274\376\037m\213"
 287      DB956CAB 
 287      1C93BCFE 
 287      1F6D8B
 288 0a09 A36CE2C9 		.ascii	"\243l\342\311y\245'\347\004\205\366cN\273Z\251]%(\264"
 288      79A527E7 
 288      0485F663 
 288      4EBB5AA9 
 288      5D2528B4 
 289 0a1d BB39ED7A 		.ascii	"\2739\355z\245v\235R{6D\326\276\253\324\326*\263\256"
 289      A5769D52 
 289      7B3644D6 
 289      BEABD4D6 
 289      2AB3AE
 290 0a30 879C27B5 		.ascii	"\207\234'\265Jv\215R;\215c\337V\262\027\246t\343\034"
 290      4A768D52 
 290      3B8D63DF 
 290      56B217A6 
 290      74E31C
 291 0a43 FD2725BD 		.ascii	"\375'%\275R)^\300\261[\225\354\205\271\367y\216\336"
 291      52295EC0 
 291      B15B95EC 
 291      85B9F779 
 291      8EDE
 292 0a55 ACA4DF52 		.ascii	"\254\244\337RFs\226c\337W\262O\013\2748d\011\246C\022"
 292      46739663 
 292      DF57B24F 
 292      0BBC3864 
 292      09A64312 
 293 0a69 9DBCB56E 		.ascii	"\235\274\265n\331\016>\357\3134\247^a[\335[\026\257"
ARM GAS  /tmp/ccDev96w.s 			page 23


 293      D90E3EEF 
 293      CB34A75E 
 293      615BDD5B 
 293      16AF
 294 0a7b E6C4AF2A 		.ascii	"\346\304\257*\331-\202R|\216\013\350_\225\364\205G\277"
 294      D92D8252 
 294      7C8E0BE8 
 294      5F95F485 
 294      47BF
 295 0a8d 3CCE97EB 		.ascii	"<\316\227\353\266\247\221?Hq\354k\266}\341\330?s\354"
 295      B6A7913F 
 295      4871EC6B 
 295      B67DE1D8 
 295      3F73EC
 296 0aa0 0BB6570B 		.ascii	"\013\266W\013\357\312$G?c;\376V\347a\216~YI_x\350\317"
 296      EFCA2447 
 296      3F633BFE 
 296      56E7618E 
 296      7E59495F 
 297 0ab7 E2E83795 		.ascii	"\342\3507\225\364\005G\363l\216}\3036\233\027\177\307"
 297      F40547F3 
 297      6C8E7DC3 
 297      369B177F 
 297      C7
 298 0ac8 4D7A87ED 		.ascii	"Mz\207\355I\347\304/p\342Wl\257E^\374\003'~\307\366"
 298      49E7C42F 
 298      70E2576C 
 298      AF455EFC 
 298      03277EC7 
 299 0add 63C49D1B 		.ascii	"c\304\235\033'\006\375\343\340XCX\326\007G\262\226\356"
 299      2706FDE3 
 299      E0584358 
 299      D60747B2 
 299      96EE
 300 0aef 0EFB6740 		.ascii	"\016\373g@\342\260\212.\246\213J\255+\213\035\005\273"
 300      E2B08A2E 
 300      A68B4AAD 
 300      2B8B1D05 
 300      BB
 301 0b00 205DBE47 		.ascii	" ]\276G\003@\370\344t\364\006\022\377i8\031=\002\274"
 301      0340F8E4 
 301      74F40612 
 301      FF693819 
 301      3D02BC
 302 0b13 020C03C6 		.ascii	"\002\014\003\306\000\217\001\017\001\203\200\027\344"
 302      008F010F 
 302      01838017 
 302      E4
 303 0b20 E404E806 		.ascii	"\344\004\350\006\214\000\006\000\243\200g\200'\200\327"
 303      8C000600 
 303      A3806780 
 303      2780D7
 304 0b2f 80B78049 		.ascii	"\200\267\200I\300s\300\014`\034\360\0000\005\350\005"
 304      C073C00C 
 304      601CF000 
 304      3005E805 
 305 0b3f F4017E01 		.ascii	"\364\001~\001\364\000~\006\314\002\372\001\277\002\206"
ARM GAS  /tmp/ccDev96w.s 			page 24


 305      F4007E06 
 305      CC02FA01 
 305      BF0286
 306 0b4e 004F05FE 		.ascii	"\000O\005\376\010\331\300Ml\223\355%\301\205\241\213"
 306      08D9C04D 
 306      6C93ED25 
 306      C185A18B 
 307 0b5e 6337D8DE 		.ascii	"c7\330\336\340\255\236Z.\014\2356wJN\3732\247}\311\366"
 307      E0AD9E5A 
 307      2E0C9D36 
 307      774A4EFB 
 307      32A77DC9 
 308 0b73 3C73EC31 		.ascii	"<s\3541\216}\326\366\006o\331n \304u\334\016oR\356\360"
 308      8E7DD6F6 
 308      066FD96E 
 308      20C475DC 
 308      0E6F52EE 
 309 0b88 DC3F25F0 		.ascii	"\334?%\360\316\234\252\250\350s\306\327\034\351\341"
 309      CE9CAAA8 
 309      E873C6D7 
 309      1CE9E1
 310 0b97 777CA425 		.ascii	"w|\244%\037\016\177K\330By?\274\214\034A\347\240\361"
 310      1F0E7F4B 
 310      D842793F 
 310      BC8C1C41 
 310      E7A0F1
 311 0baa 3B396323 		.ascii	";9c#\313f\221\350\243\367\020\364\377\257\013\200\374"
 311      CB6691E8 
 311      A3F710F4 
 311      FFAF0B80 
 311      FC
 312 0bbb AF385FD0 		.ascii	"\2578_\320\254\261:\267\315Y\035\232\347\245C\363<="
 312      ACB13AB7 
 312      CD591D9A 
 312      E7A543F3 
 312      3C3D
 313 0bcd B4BDED3C 		.ascii	"\264\275\355<\270\307\016\337udYZ_U\225\006?d\306\374"
 313      B8C70EDF 
 313      7564595A 
 313      5F559506 
 313      3F64C6FC 
 314 0be1 50D38023 		.ascii	"P\323\200#\356\247\206\375XJi'B,\237`\301J\177\260T"
 314      EEA786FD 
 314      584A6927 
 314      422C9F60 
 314      C14A7FB0 
 315 0bf6 8ED64798 		.ascii	"\216\326G\230\271\275\370\023\013\341\320\003\313\377"
 315      B9BDF813 
 315      0BE1D003 
 315      CBFF
 316 0c04 141F94DC 		.ascii	"\024\037\224\334\005\033C\226L\026\261M2[\006,\200\363"
 316      051B4396 
 316      4C16B14D 
 316      325B062C 
 316      80F3
 317 0c16 DDF41F22 		.ascii	"\335\364\037\"`-\374\207(\223w\262\323\246\2236\236"
 317      602DFC87 
ARM GAS  /tmp/ccDev96w.s 			page 25


 317      289377B2 
 317      D3A69336 
 317      9E
 318 0c27 73F9DF70 		.ascii	"s\371\337pB'aN\304^(\016{\242=\200x@\002\266Lw\366\320"
 318      4227614E 
 318      C45E280E 
 318      7BA23D80 
 318      784002B6 
 319 0c3f FC00C2C3 		.ascii	"\374\000\302\303lie\274;\325\256\261,\255\234#\364\337"
 319      6C6965BC 
 319      3BD5AEB1 
 319      2CAD9C23 
 319      F4DF
 320 0c51 8D641081 		.ascii	"\215d\020\201D\326\274\264\210\243\213t\210\222\240"
 320      44D6BCB4 
 320      88A38B74 
 320      8892A0
 321 0c60 9FDFD067 		.ascii	"\237\337\320g\352\343\236*l\025\342d\314\2078\005\263"
 321      EAE39E2A 
 321      6C15E264 
 321      CC873805 
 321      B3
 322 0c71 10C3951C 		.ascii	"\020\303\225\034XR_\324\272[\261\233\254\016\362\373"
 322      58525FD4 
 322      BA5BB19B 
 322      AC0EF2FB 
 323 0c81 2536B96A 		.ascii	"%6\271j6|\363\355\027:oo\225\223\321\2703,2v\265\217"
 323      367CF3ED 
 323      173A6F6F 
 323      9593D1B8 
 323      332C3276 
 324 0c97 31F6F7DA 		.ascii	"1\366\367\332\2351\321\332\260\310\220\360\235[C\265"
 324      9D31D1DA 
 324      B0C890F0 
 324      9D5B43B5 
 325 0ca7 91A17F0E 		.ascii	"\221\241\177\016\017\333\242\215\010\016\331\036\026"
 325      0FDBA28D 
 325      080ED91E 
 325      16
 326 0cb4 19AA356E 		.ascii	"\031\2525n\015\335\026\2743<\326\030\373\303\216\320"
 326      0DDD16BC 
 326      333CD618 
 326      FBC38ED0 
 327 0cc4 9895DB55 		.ascii	"\230\225\333U\032s\263/m5\213\371!Fk\214\211\335\012"
 327      1A73B32F 
 327      6D358BF9 
 327      21466B8C 
 327      89DD0A
 328 0cd7 1CC2FD2E 		.ascii	"\034\302\375.4$6*z\335\252\177Y\271R\313\276\272\355"
 328      3424362A 
 328      7ADDAA7F 
 328      59B952CB 
 328      BEBAED
 329 0cea 615BC236 		.ascii	"a[\3026\031~\257\017\322F\305h\267\007\207kwDE\307\306"
 329      197EAF0F 
 329      D246C568 
 329      B707876B 
ARM GAS  /tmp/ccDev96w.s 			page 26


 329      774445C7 
 330 0cff 680D4181 		.ascii	"h\015A\201\253}\264\0337\372j\203\002\002wy\223\032"
 330      AB7DB41B 
 330      37FA6A83 
 330      02027779 
 330      931A
 331 0d11 D0318687 		.ascii	"\3201\206\207o]\031\242rfw\306\260\310\260X\017#i`\014"
 331      6F5D19A2 
 331      726677C6 
 331      B0C8B058 
 331      0F236960 
 332 0d26 8BFE0F63 		.ascii	"\213\376\017c\350\216\260\360\250\357w\206\376a\021"
 332      E88EB0F0 
 332      A8EF7786 
 332      FE6111
 333 0d35 F590A888 		.ascii	"\365\220\250\210\210\250H\251\203\265\372@]\340nm\310"
 333      88A848A9 
 333      83B5FA40 
 333      5DE06E6D 
 333      C8
 334 0d46 F690A8E8 		.ascii	"\366\220\250\350P\343\256\177\214\000\377<B\266\033"
 334      50E3AE7F 
 334      8C00FF3C 
 334      42B61B
 335 0d55 7E88090A 		.ascii	"~\210\011\012\213\010\215\366\017\216\334\032\036\032"
 335      8B088DF6 
 335      0F8EDC1A 
 335      1E1A
 336 0d63 1DF0BB45 		.ascii	"\035\360\273E\264\242c-C\015\331\016\243\204\326\237"
 336      B4A2632D 
 336      430DD90E 
 336      A384D69F 
 337 0d73 45EE0A0B 		.ascii	"E\356\012\013\361\213\014\336\022\036\312\306\371\325"
 337      F18B0CDE 
 337      121ECAC6 
 337      F9D5
 338 0d81 FF384AC9 		.ascii	"\3778J\311#\311\027\322\036t\354t\272@\375ja\223^\355"
 338      23C917D2 
 338      1E74EC74 
 338      BA40FD6A 
 338      61935EED 
 339 0d95 1BB8568F 		.ascii	"\033\270V\217}uz\365:\337 =\326\351\364X\017X\253\327"
 339      7D757AF5 
 339      3ADF203D 
 339      D6E9F458 
 339      0F58ABD7 
 340 0da9 E3CD061D 		.ascii	"\343\315\006\035\326}\023\244\326\351\374\364\224\357"
 340      D67D13A4 
 340      D6E9FCF4 
 340      94EF
 341 0db7 437FBDB1 		.ascii	"C\177\275\261\337\006\275`\200\226\001~z\265!\020\330"
 341      DF06BD60 
 341      8096017E 
 341      7AB52110 
 341      D8
 342 0dc8 3ABD0FC0 		.ascii	":\275\017\300\033\230\377\252\377\347\377\365\264\307"
 342      1B98FFAA 
ARM GAS  /tmp/ccDev96w.s 			page 27


 342      FFE7FFF5 
 342      B4C7
 343 0dd6 C44690D8 		.ascii	"\304F\220\330\206\221\331q\266\030\306Xu\310\366\340"
 343      8691D971 
 343      B618C658 
 343      75C8F6E0 
 344 0de6 688FA898 		.ascii	"h\217\250\230\340p\230\260\215Q!\377\276>:*\"\300\240"
 344      E07098B0 
 344      8D5121FF 
 344      BE3E3A2A 
 344      22C0A0
 345 0df9 5F6CBA48 		.ascii	"_l\272H\017\204M\346\215\\\311t\321\311\346\332z\320"
 345      0F844DE6 
 345      8D5CC974 
 345      D1C9E6DA 
 345      7AD0
 346 0e0b 40864381 		.ascii	"@\206C\201q\033\224\030\303b\242\035-E\256FcLh\254q"
 346      711B9418 
 346      C362A21D 
 346      2D45AE46 
 346      634C68AC 
 347 0e20 DD5A83DF 		.ascii	"\335Z\203\337f}\200kp\370\237\203\177\210\201\005\020"
 347      667D806B 
 347      70F89F83 
 347      7F888105 
 347      10
 348 0e31 0E8BF29F 		.ascii	"\016\213\362\237>\035\357\320\335\261Z]\240!\300 G,"
 348      3E1DEFD0 
 348      DDB15A5D 
 348      A021C020 
 348      472C
 349 0e43 22262CC6 		.ascii	"\"&,\306\370}\010\231\355%\304\235M\326A_*\015\354\333"
 349      F87D0899 
 349      ED25C49D 
 349      4DD6415F 
 349      2A0DECDB 
 350 0e57 C870CE3D 		.ascii	"\310p\316=\352\257U\321R\352\336\316H+\237\235\271B"
 350      EAAF55D1 
 350      52EADECE 
 350      482B9F9D 
 350      B942
 351 0e69 8DEE8F1B 		.ascii	"\215\356\217\033\326\006\371}\243w\360\325\375Q\267"
 351      D606F97D 
 351      A377F0D5 
 351      FD51B7
 352 0e78 7E83DE69 		.ascii	"~\203\336i\363\306\215\206\265\001\346\333\000\037\003"
 352      F3C68D86 
 352      B501E6DB 
 352      001F03
 353 0e87 B9B53318 		.ascii	"\271\2653\030t\033\364\216z?\203\237\376;?\337\257\260"
 353      741BF48E 
 353      7A3F839F 
 353      FE3B3FDF 
 353      AFB0
 354 0e99 CE4062AE 		.ascii	"\316@b\256\223\213\376\301q\355\346u>\0337\203\024\271"
 354      938BFEC1 
 354      71EDE675 
ARM GAS  /tmp/ccDev96w.s 			page 28


 354      3E1B3783 
 354      14B9
 355 0eab F36677E6 		.ascii	"\363fw\346\3325\216k\375\327\255\226j\375-<\177%o\265"
 355      DA358E6B 
 355      FDD7AD96 
 355      6AFD2D3C 
 355      7F256FB5 
 356 0ebf 035121EE 		.ascii	"\003Q!\356\020\015\276\306\307\201(\320\032\177\211"
 356      100DBEC6 
 356      C78128D0 
 356      1A7F89
 357 0ece E16FCDF0 		.ascii	"\341o\315\360\326\220\266zC\220\236\334x\223\033K\335"
 357      D690B67A 
 357      43909EDC 
 357      78931B4B 
 357      DD
 358 0edf 2A0D69CD 		.ascii	"*\015i\315\352\374\315$\177F\302\272\000\275\232\014"
 358      EAFCCD24 
 358      7F46C2BA 
 358      00BD9A0C 
 359 0eef D201C64B 		.ascii	"\322\001\306K\256\202N\257\221f\303G\367[#g\010bKs\375"
 359      AE824EAF 
 359      9166C347 
 359      F75B2367 
 359      08624B73 
 360 0f04 9ADDBBD9 		.ascii	"\232\335\273\331\242\334\266f\315W\273w\223e\251\327"
 360      A2DCB666 
 360      CD57BB77 
 360      9365A9D7 
 361 0f14 E98C41B0 		.ascii	"\351\214A\260\033\371\206n\263'\256\255\377\223}\200"
 361      1BF9866E 
 361      B327AEAD 
 361      FF937D80 
 362 0f24 AF6E93AF 		.ascii	"\257n\223\257\037\261|\326\377\311\315w\335\206@\335"
 362      1FB17CD6 
 362      FFC9CD77 
 362      DD8640DD 
 363 0f34 B766CE7F 		.ascii	"\267f\316\177\003\010\3419~"
 363      0308E139 
 363      7E
 364              		.text
 365              		.section	.gnu.lto_.symtab.9aa283bb9af0d2d1,"",%progbits
 366 0000 56656374 		.ascii	"VectorB0\000"
 366      6F724230 
 366      00
 367 0009 00       		.ascii	"\000"
 368 000a 00       		.ascii	"\000"
 369 000b 00       		.ascii	"\000"
 370 000c 00000000 		.ascii	"\000\000\000\000\000\000\000\000"
 370      00000000 
 371 0014 B5000000 		.ascii	"\265\000\000\000"
 372 0018 73745F6C 		.ascii	"st_lld_init\000"
 372      6C645F69 
 372      6E697400 
 373 0024 00       		.ascii	"\000"
 374 0025 00       		.ascii	"\000"
 375 0026 00       		.ascii	"\000"
ARM GAS  /tmp/ccDev96w.s 			page 29


 376 0027 00000000 		.ascii	"\000\000\000\000\000\000\000\000"
 376      00000000 
 377 002f B7000000 		.ascii	"\267\000\000\000"
 378 0033 5F706F72 		.ascii	"_port_irq_epilogue\000"
 378      745F6972 
 378      715F6570 
 378      696C6F67 
 378      756500
 379 0046 00       		.ascii	"\000"
 380 0047 02       		.ascii	"\002"
 381 0048 00       		.ascii	"\000"
 382 0049 00000000 		.ascii	"\000\000\000\000\000\000\000\000"
 382      00000000 
 383 0051 B9000000 		.ascii	"\271\000\000\000"
 384 0055 63685379 		.ascii	"chSysTimerHandlerI\000"
 384      7354696D 
 384      65724861 
 384      6E646C65 
 384      724900
 385 0068 00       		.ascii	"\000"
 386 0069 02       		.ascii	"\002"
 387 006a 00       		.ascii	"\000"
 388 006b 00000000 		.ascii	"\000\000\000\000\000\000\000\000"
 388      00000000 
 389 0073 BB000000 		.ascii	"\273\000\000\000"
 390 0077 6E766963 		.ascii	"nvicEnableVector\000"
 390      456E6162 
 390      6C655665 
 390      63746F72 
 390      00
 391 0088 00       		.ascii	"\000"
 392 0089 02       		.ascii	"\002"
 393 008a 00       		.ascii	"\000"
 394 008b 00000000 		.ascii	"\000\000\000\000\000\000\000\000"
 394      00000000 
 395 0093 C0000000 		.ascii	"\300\000\000\000"
 396              		.text
 397              		.section	.gnu.lto_.opts,"",%progbits
 398 0000 272D666D 		.ascii	"'-fmath-errno' '-fsigned-zeros' '-ftrapping-math' '"
 398      6174682D 
 398      6572726E 
 398      6F272027 
 398      2D667369 
 399 0033 2D666E6F 		.ascii	"-fno-trapv' '-fno-openmp' '-fno-openacc' '-mcpu=cor"
 399      2D747261 
 399      70762720 
 399      272D666E 
 399      6F2D6F70 
 400 0066 7465782D 		.ascii	"tex-m0' '-mno-thumb-interwork' '-mthumb' '-ggdb' '-"
 400      6D302720 
 400      272D6D6E 
 400      6F2D7468 
 400      756D622D 
 401 0099 4F322720 		.ascii	"O2' '-fomit-frame-pointer' '-falign-functions=16' '"
 401      272D666F 
 401      6D69742D 
 401      6672616D 
ARM GAS  /tmp/ccDev96w.s 			page 30


 401      652D706F 
 402 00cc 2D666675 		.ascii	"-ffunction-sections' '-fdata-sections' '-fno-common"
 402      6E637469 
 402      6F6E2D73 
 402      65637469 
 402      6F6E7327 
 403 00ff 2720272D 		.ascii	"' '-flto'\000"
 403      666C746F 
 403      2700
 404              		.text
 405              		.comm	__gnu_lto_v1,1,1
 406              		.comm	__gnu_lto_slim,1,1
 407              		.ident	"GCC: (15:5.4.1+svn241155-1) 5.4.1 20160919"
ARM GAS  /tmp/ccDev96w.s 			page 31


DEFINED SYMBOLS
                            *ABS*:0000000000000000 hal_st_lld.c
                            *COM*:0000000000000001 __gnu_lto_v1
                            *COM*:0000000000000001 __gnu_lto_slim

NO UNDEFINED SYMBOLS
