ARM GAS  /tmp/ccJ5XLaS.s 			page 1


   1              		.syntax unified
   2              		.cpu cortex-m0
   3              		.fpu softvfp
   4              		.eabi_attribute 20, 1
   5              		.eabi_attribute 21, 1
   6              		.eabi_attribute 23, 3
   7              		.eabi_attribute 24, 1
   8              		.eabi_attribute 25, 1
   9              		.eabi_attribute 26, 1
  10              		.eabi_attribute 30, 2
  11              		.eabi_attribute 34, 0
  12              		.eabi_attribute 18, 4
  13              		.thumb
  14              		.syntax unified
  15              		.file	"hal_pal.c"
  16              		.text
  17              	.Ltext0:
  18              		.section	.gnu.lto_.profile.902a52df6b31b335,"",%progbits
  19 0000 789C6361 		.ascii	"x\234ca`d`a`\000\222\0322\000\000\326\000O"
  19      60646061 
  19      6000921A 
  19      320000D6 
  19      004F
  20              		.text
  21              		.section	.gnu.lto_.icf.902a52df6b31b335,"",%progbits
  22 0000 789C6361 		.ascii	"x\234ca`d\000\001\021\006\004`fX\377\346\325RV\306\331"
  22      60640001 
  22      11060460 
  22      6658FFE6 
  22      D55256C6 
  23 0015 4B676DE2 		.ascii	"Kgm\342dZ\276\360\320uN\006\000_\347\010\316"
  23      645ABEF0 
  23      D0754E06 
  23      005FE708 
  23      CE
  24              		.text
  25              		.section	.gnu.lto_.jmpfuncs.902a52df6b31b335,"",%progbits
  26 0000 789C6361 		.ascii	"x\234ca`d\000\001%\006\004`f`dd\254gdbdd\256\257g\002"
  26      60640001 
  26      25060460 
  26      66606464 
  26      AC676462 
  27 001a 538C6C10 		.ascii	"S\214l\020)\246J\260r\0009\212\002\276"
  27      29A64AB0 
  27      7200398A 
  27      02BE
  28              		.text
  29              		.section	.gnu.lto_.inline.902a52df6b31b335,"",%progbits
  30 0000 789C6361 		.ascii	"x\234ca`d\000\201\357\014\010\300\314\300\300\311\301"
  30      60640081 
  30      EF0C08C0 
  30      CCC0C0C9 
  30      C1
  31 0011 C8CCA0C0 		.ascii	"\310\314\240\300\010b\202H\0070\251\300\301\366A\217"
  31      08628248 
  31      0730A9C0 
  31      C1F6418F 
ARM GAS  /tmp/ccJ5XLaS.s 			page 2


  32 0021 816D813C 		.ascii	"\201m\201<\023\003\343\013v\026\010\011\"8\300L\016"
  32      1303E30B 
  32      76160809 
  32      2238C04C 
  32      0E
  33 0032 10210066 		.ascii	"\020!\000f\012\200\214ad\340\343ed\201\230\302\250\000"
  33      0A808C61 
  33      64E0E365 
  33      648198C2 
  33      A800
  34 0044 B2066C08 		.ascii	"\262\006l\010\304@n\246\013\374\030F\001\305P\014aY"
  34      C4406EA6 
  34      0BFC1846 
  34      01C5500C 
  34      6159
  35 0056 202F0162 		.ascii	" /\001b)010\357\020W`\000Zo\0012\231\211\201[\030\305"
  35      29303130 
  35      EF105760 
  35      005A6F01 
  35      32998981 
  36 006d 7D504339 		.ascii	"}PC9\201r\3049\017h\223\004\310$\026^\240w'\370\201"
  36      8172C439 
  36      0F689304 
  36      C824165E 
  36      A07727F8 
  37 0082 20030004 		.ascii	" \003\000\004\024 \311"
  37      1420C9
  38              		.text
  39              		.section	.gnu.lto_.pureconst.902a52df6b31b335,"",%progbits
  40 0000 789C6361 		.ascii	"x\234ca`d`g```f\220b\224b\222\004\000\001\253\000`"
  40      60646067 
  40      60606066 
  40      90629462 
  40      92040001 
  41              		.text
  42              		.section	.gnu.lto_palReadBus.902a52df6b31b335,"",%progbits
  43 0000 789C8D90 		.ascii	"x\234\215\220\277K\034A\024\307\337w\336\336\356^\242"
  43      BF4B1C41 
  43      14C7DF77 
  43      DEDEEE5E 
  43      A2
  44 0011 FE035E21 		.ascii	"\376\003^!X\310\201\336\222\277!M:\203\261\017\247\010"
  44      58C881DE 
  44      92BF214D 
  44      3A83B10F 
  44      A708
  45 0023 0A82E291 		.ascii	"\012\202\342\221\332\311\355\255\304&h\221\010\236A"
  45      DAC9EDAD 
  45      C4266891 
  45      089E41
  46 0032 521CC6F8 		.ascii	"R\034\306\370[\023\013+QP\010$A\033\253\0201\301\"\225"
  46      5B130B2B 
  46      51500824 
  46      411BAB10 
  46      31C12295 
  47 0046 7718D2A8 		.ascii	"w\030\322\250\347{{\0278\254\034v\346\315\274}\3573"
  47      E77B7B17 
ARM GAS  /tmp/ccJ5XLaS.s 			page 3


  47      38AC1C76 
  47      E6CDBC7D 
  47      EF33
  48 0058 DFEF3804 		.ascii	"\337\3578\004\322\361\324\020\005\022[e\202\011f\352"
  48      D2F1D410 
  48      05125B65 
  48      820966EA 
  49 0068 1BD14BDF 		.ascii	"\033\321K\337\000\272\261>h\334`\034\177\315\265\301"
  49      00BAB13E 
  49      68DC601C 
  49      7FCDB5C1 
  50 0078 51617D8E 		.ascii	"Qa}\216/M$e\216\034\313_g\177\265\350\021h\223c\321"
  50      2F4D2465 
  50      8E1CCB5F 
  50      677FB5E8 
  50      11689363 
  51 008d 1E4F7AE9 		.ascii	"\036Oz\351\005k\363\366\264t6:\035FO\"6T5\204\017Ha"
  51      056BF3F6 
  51      B474363A 
  51      1D464F22 
  51      36543584 
  52 00a4 0129BD62 		.ascii	"\001)\275b\021i\251\215\216f&\230;A\262\377\361\363"
  52      1169A98D 
  52      8E662698 
  52      3B41B2FF 
  52      F1F3
  53 00b6 74D1EF28 		.ascii	"t\321\357(i\237\235\036\260\311\210\031\037\301\215"
  53      699F9D1E 
  53      B0C98819 
  53      1FC18D
  54 00c5 7D92222C 		.ascii	"}\222\",\241C\313\3176n\3364\273\005+\243m\222I\371"
  54      A143CBCF 
  54      366EDE34 
  54      BB052BA3 
  54      6D9249F9 
  55 00d9 825D86AB 		.ascii	"\202]\206\253~\326zvm\265\032Z[|\364\272=)&\244\211"
  55      7ED67A76 
  55      6DB51A5A 
  55      5B7CF4BA 
  55      3D2926A4 
  56 00ee A5DD7164 		.ascii	"\245\335qdI$dq]\335y\272\370\244\372\350B\246z-\033"
  56      49246471 
  56      5DDD79BA 
  56      F8A4FAE8 
  56      42A67A2D 
  57 0103 A391CF91 		.ascii	"\243\221\317\221\337)\037\274ge\206\314r\345\333h\357"
  57      DF291FBC 
  57      676586CC 
  57      72E5DB68 
  57      EF
  58 0114 BBA74639 		.ascii	"\273\247F9\026\374\357\360\313\253\246y\274C\304^\310"
  58      16FCEFF0 
  58      CBABA679 
  58      BC43C45E 
  58      C8
  59 0125 062BEA4C 		.ascii	"\006+\352L\362\245\337\371U/\350\212\330\307*\346q\243"
  59      F2A5DFF9 
ARM GAS  /tmp/ccJ5XLaS.s 			page 4


  59      552FE88A 
  59      D8C72AE6 
  59      71A3
  60 0137 C2086B08 		.ascii	"\302\010k\010\350\034{;\250\361\234F\236\177\227\227"
  60      E81C7B3B 
  60      A8F19C46 
  60      9E7F9797 
  61 0147 940BB15E 		.ascii	"\224\013\261^\347\235T*\373M\301\212-\310\217\007\330"
  61      E79D542A 
  61      FB4DC18A 
  61      2DC88F07 
  61      D8
  62 0158 88916A12 		.ascii	"\210\221j\022\23312\377\037\231\270\217\246\207\330"
  62      9B3132FF 
  62      1F99B88F 
  62      A687D8
  63 0167 8A01F16B 		.ascii	"\212\001\361k}\212\001a\305\255\001T\226`\032\231\336"
  63      7D8A0161 
  63      C5AD0154 
  63      96601A99 
  63      DE
  64 0178 7D98069F 		.ascii	"}\230\006\237c&+s\273\306\274\2523\375\030\353\321\037"
  64      63262B73 
  64      BBC6BCAA 
  64      33FD18EB 
  64      D11F
  65 018a 987A425F 		.ascii	"\230zB_\343B\014\310\033\213\210t&\023\324\276\307\203"
  65      E3420CC8 
  65      1B8B8874 
  65      2613D4BE 
  65      C783
  66 019c 437D43DD 		.ascii	"C}C\335\317\272zz\203\221\\0\230\035\016rc\375\032\237"
  66      CFBA7A7A 
  66      83915C30 
  66      981D0E72 
  66      63FD1A9F 
  67 01b0 8F668733 		.ascii	"\217f\2073\375\304}/r\267CI\300\376"
  67      FDC47D2F 
  67      72B74349 
  67      C0FE
  68              		.text
  69              		.section	.gnu.lto_palWriteBus.902a52df6b31b335,"",%progbits
  70 0000 789C8D52 		.ascii	"x\234\215RKk\023Q\024\276\337\334\311<\222\211\272\267"
  70      4B6B1351 
  70      14BEDFDC 
  70      C93C9289 
  70      BAB7
  71 0012 8B824208 		.ascii	"\213\202B\010\330L\013\376\003\301\255P\335KS\205\006"
  71      D84C0BFE 
  71      03C1AD50 
  71      DD4B5385 
  71      06
  72 0023 0A8AD175 		.ascii	"\012\212\321u\257I\306\007\335\2701\2024\004\204\322"
  72      AF49C607 
  72      DDB83182 
  72      340484D2 
  73 0033 46ED23BE 		.ascii	"F\355#\276j\2721D\244 >\250\202\256\244Ek\027.$\255"
ARM GAS  /tmp/ccJ5XLaS.s 			page 5


  73      6ABA3144 
  73      A4203EA8 
  73      82AEA445 
  73      6B172E24 
  74 0048 8A2E34F1 		.ascii	"\212.4\361\234;\243\204\256:\314\234{\317\271\347\373"
  74      9C3BA384 
  74      AE3ACC9C 
  74      7BCFB9E7 
  74      FB
  75 0059 CE39DF5C 		.ascii	"\3169\337\\S@\360sP\012q\230\326\375\364A\012\030\327"
  75      5340F073 
  75      500A7198 
  75      D6FDF441 
  75      0A18D7
  76 006c 5E0971D1 		.ascii	"^\011q\3211\000\336(\007b\302\300\004~\030\177\014\264"
  76      3100DE28 
  76      0762C2C0 
  76      047E187F 
  76      0CB4
  77 007e 2E6F368C 		.ascii	".o6\214\364\214\242g\375\331\327A5\333D@\360\256\241"
  77      F48CA267 
  77      FDD9D741 
  77      35DB4440 
  77      F0AEA1
  78 0091 99046690 		.ascii	"\231\004f\220\246\254\325\322\342\224\374n\004\0220"
  78      A6ACD5D2 
  78      E294FC6E 
  78      041230
  79 00a0 C9DD7A79 		.ascii	"\311\335zy\363\323\036v\015\364\223\033\254\336\270"
  79      F3D31E76 
  79      0DF4931B 
  79      ACDEB8
  80 00af 24E52108 		.ascii	"$\345!\010\332\177X[\2579\251i\245\012J};\245\334@J"
  80      DA7F585B 
  80      AF39A969 
  80      A50A4A7D 
  80      3BA5DC40 
  81 00c4 DC86243E 		.ascii	"\334\206$>\324\320\207Y\364\011\012\011\334A\212\262"
  81      D4D08759 
  81      F4090A09 
  81      DC418AB2 
  82 00d4 2B9D5B2B 		.ascii	"+\235[+\0119\250\221\215\352T\315\212\220K\247\031i"
  82      0939A891 
  82      8DEA54CD 
  82      8A904BA7 
  82      1969
  83 00e6 E2EE4EA4 		.ascii	"\342\356N\244)0\207\024\247\177\254w\256'\255\0227\336"
  83      29308714 
  83      A77FAC77 
  83      AE27AD12 
  83      37DE
  84 00f8 7FF55FC7 		.ascii	"\177\365_\307\230\207\305\032,\0147U\267[T\352\355\320"
  84      9887C51A 
  84      2C0C3755 
  84      B75B54EA 
  84      EDD0
  85 010a 93037B69 		.ascii	"\223\003{ip*'\011\0363\301\370\030m-\213\215\315\306"
ARM GAS  /tmp/ccJ5XLaS.s 			page 6


  85      702A2709 
  85      1E33C1F8 
  85      186D2D8B 
  85      8DCDC6
  86 011d 2163BB6C 		.ascii	"!c\273l\342\354&\330xl\222l\204h\0235+\267e\030\274"
  86      E2EC26D8 
  86      786C926C 
  86      84681335 
  86      2BB76518 
  87 0132 CA4D1496 		.ascii	"\312M\024\226\353kC\\\254(%\365R\016Z\257m\326C\352"
  87      EB6B435C 
  87      AC2825F5 
  87      520E5AAF 
  87      6DD643EA 
  88 0146 497EAE3C 		.ascii	"I~\256<\277\342UQ!%\235\"i\264@\255s|z\2430o\373\003"
  88      BFE25551 
  88      21259D22 
  88      69B440AD 
  88      737C7AA3 
  89 015e 8174B188 		.ascii	"\201t\261\210*:Zc\324\341\013b\354X!_\254HCr\005\204"
  89      2A3A5A63 
  89      D4E10B62 
  89      EC58215F 
  89      AC484372 
  90 0174 BEB51B42 		.ascii	"\276\265\033B\023\3674!\317\216\373\232\260\370;\"\264"
  90      13F73421 
  90      CF8EFB9A 
  90      B0F83B22 
  90      B4
  91 0185 35A7D5CB 		.ascii	"5\247\325\313\351\354\2063\216\007\232S\353\3720\344"
  91      E9EC8633 
  91      8E079A53 
  91      EBFA30E4 
  92 0195 2C479C6E 		.ascii	",G\234n\310\361\246\375\242\222\340\271m\354\303#\""
  92      C8F1A6FD 
  92      A292E0B9 
  92      6DECC323 
  92      22
  93 01a6 A0947694 		.ascii	"\240\224v\224\022\327\225\335\336N\0224Z\330\311\377"
  93      12D795DD 
  93      DE4E1234 
  93      5AD8C9FF 
  94 01b6 2C4F471D 		.ascii	",OG\035\016\375\212BI\215\365(\324*\353~{\005vw\012"
  94      0EFD8A42 
  94      498DF528 
  94      D42AEB7E 
  94      7B057677 
  95 01cb 4C6889A5 		.ascii	"Lh\211\245\250\367\367\333\333O=\177N\225\350\300\303"
  95      A8F7F7DB 
  95      DB4F3D7F 
  95      4E95E8C0 
  95      C3
  96 01dc 63DD3E5D 		.ascii	"c\335>]\015>\232\334\370\374.\026\035%\321\200\3371"
  96      0D3E9ADC 
  96      F8FC2E16 
  96      1D25D180 
  96      DF31
ARM GAS  /tmp/ccJ5XLaS.s 			page 7


  97 01ee 4C1E6C19 		.ascii	"L\036l\031>\225\024_Phv\217r5}\355\333\244$\375i\032"
  97      3E95145F 
  97      5068768F 
  97      72357DED 
  97      DBA424FD 
  98 0204 3D9DC9F8 		.ascii	"=\235\311\370\341{d,\227\315\035;>0|\302?\223\367\307"
  98      E17B642C 
  98      97CD1D3B 
  98      3E307CC2 
  98      3F93F7C7 
  99 0218 46C6FDFC 		.ascii	"F\306\375\374\271Q^O\236\035\031\317\214\012\231\275"
  99      B9515E4F 
  99      9E1D19CF 
  99      8C0A99BD 
 100 0228 9037B3B9 		.ascii	"\2207\263\271\363\371\277\011Z\376\257"
 100      F3F9BF09 
 100      5AFEAF
 101              		.text
 102              		.section	.gnu.lto_palSetBusMode.902a52df6b31b335,"",%progbits
 103 0000 789C8D90 		.ascii	"x\234\215\220\315KTa\024\306\317\363\236;\367\316\344"
 103      CD4B5461 
 103      14C6CFF3 
 103      9E3BF7CE 
 103      E4
 104 0011 07EE7321 		.ascii	"\007\356s!\264\030\006r\256B\377A\013\241M0\265h\027"
 104      B4180672 
 104      AE42FF41 
 104      0BA14D30 
 104      B56817
 105 0024 7E818261 		.ascii	"~\201\202a4\270\236\267\031\257\351F\204\310 \012W\203"
 105      34B89EB7 
 105      19AFE946 
 105      84C8200A 
 105      5783
 106 0036 DA871F4D 		.ascii	"\332\207\037M\005\023D\203\233\240\250p-\222THD\310"
 106      05134483 
 106      9BA0A870 
 106      2D925448 
 106      44C8
 107 0048 0CA682A0 		.ascii	"\014\246\202\240\3239\357\324\"W\276\334\373~\034\316"
 107      D339EFD4 
 107      2257BEDC 
 107      FB7E1CCE 
 108 0058 F33BE73C 		.ascii	"\363;\347<\036\201t]2D\027\344<+?\230`f>\021\335\216"
 108      1E81745D 
 108      324417E4 
 108      3C2B3F98 
 108      60663E11 
 109 006e 1B402F36 		.ascii	"\033@/6\016\312\031\344\260g\216\014\326\356l\227Mj"
 109      0ECA19E4 
 109      B0678E0C 
 109      D6EE6C97 
 109      4D6A
 110 0080 DECADA2A 		.ascii	"\336\312\332*\036v\331\205\012\"&\252\033G\"\314#%Y"
 110      1E76D985 
 110      0A2226AA 
 110      1B4722CC 
ARM GAS  /tmp/ccJ5XLaS.s 			page 8


 110      232559
 111 0093 EBE32B0F 		.ascii	"\353\343+\017\371\267\211\030\360\344Y\373\370\340["
 111      F9B78918 
 111      F0E459FB 
 111      F8E05B
 112 00a2 AB3E0D3A 		.ascii	"\253>\015:\344\031\255\337\237`>\017\222\373\346\227"
 112      E419ADDF 
 112      9F603E0F 
 112      92FBE697 
 113 00b2 ADC578B2 		.ascii	"\255\305x\262hm\336\332\203\001\233\210\230\361\030"
 113      686DDEDA 
 113      83019B88 
 113      98F118
 114 00c1 2C3C2CA2 		.ascii	",<,\242\035\013h'\011\021\236 )\331\273\245\342\335"
 114      1D0B6827 
 114      09119E20 
 114      29D9BBA5 
 114      E2DD
 115 00d3 26EE72CA 		.ascii	"&\356r\312\017\323o\256\375\025\226\006U\350\341\351"
 115      0FD36FAE 
 115      FD159606 
 115      55E8E1E9 
 116 00e3 49A14778 		.ascii	"I\241Gx\206\244f\177]=\276\327\342\217k\337\035S\377"
 116      86A4667F 
 116      5D3DBED7 
 116      E28F6BDF 
 116      1D53FF
 117 00f6 1AC6127C 		.ascii	"\032\306\022|\265`9S\261\365z\301\332\267\335;\347\022"
 117      B5603953 
 117      B1F57AC1 
 117      DAB7DD3B 
 117      E712
 118 0108 32B75463 		.ascii	"2\267Tc\221\307<\331\374\230l\201\257\267\000\016GU"
 118      91C73CD9 
 118      FC986C81 
 118      AFB7000E 
 118      4755
 119 011a 11AB3535 		.ascii	"\021\25355c\364\344m\344_\327\366\273\025W`\226j\263"
 119      63F4E46D 
 119      E45FD7F6 
 119      BB155760 
 119      966AB3
 120 012d D1DAE740 		.ascii	"\321\332\347@\007f\327\352\301\273\367\223\315sx$V\305"
 120      0766D7EA 
 120      C1BBF793 
 120      CD737824 
 120      56C5
 121 013f 0B62C2B2 		.ascii	"\013b\302\2624\247\361\342\367\374R\020vF\234\300\012"
 121      34A7F1E2 
 121      F7FC5210 
 121      76469CC0 
 121      0A
 122 0150 E670EC4C 		.ascii	"\346p\354L\304*BR\"\032<\3574\2003x\356\000:\015J\377"
 122      C42A4252 
 122      221A3CEF 
 122      34803378 
 122      EE003A0D 
ARM GAS  /tmp/ccJ5XLaS.s 			page 9


 123 0166 0362A701 		.ascii	"\003b\247\0014\341\205\0038[^:@\241\3527\000\332\204"
 123      34E18503 
 123      385B5E3A 
 123      40A1EA37 
 123      00DA84
 124 0179 60E8075C 		.ascii	"`\350\007\\@u\345\362\257\215 wd'\255m\213\270\271\256"
 124      4075E5F2 
 124      AF8D2077 
 124      6427AD6D 
 124      8BB8B9AE 
 125 018d 85F10A39 		.ascii	"\205\361\0129\222\371\235 \210\270\205~\"_\331\354q"
 125      92F99D20 
 125      88B8857E 
 125      225FD9EC 
 125      71
 126 019e 1A5D55C9 		.ascii	"\032]U\311\022\273\244D*\235\016\033\337\305\241\341"
 126      12BBA444 
 126      2A9D0E1B 
 126      DFC5A1E1 
 127 01ae BEE1CB57 		.ascii	"\276\341\313W:3W\303\321l8\324;\022fo\365\353y\375f"
 127      3A3357C3 
 127      D16C38D4 
 127      3B12666F 
 127      F5EB79FD 
 128 01c3 EF48BA9F 		.ascii	"\357H\272\237\270o,\353\335\030\035\030\374\003\244"
 128      B86F2CEB 
 128      DD181D18 
 128      FC03A4
 129 01d2 0DC4C0   		.ascii	"\015\304\300"
 130              		.text
 131              		.section	.gnu.lto_.symbol_nodes.902a52df6b31b335,"",%progbits
 132 0000 789C6361 		.ascii	"x\234ca`d\010d\000\002\246\251L\365\014\014\023\316"
 132      60640864 
 132      0002A6A9 
 132      4CF50C0C 
 132      13CE
 133 0012 313000A9 		.ascii	"10\000\251]\015\212@\221iL\365\214\250\"\323\231\352"
 133      5D0D8A40 
 133      91694CF5 
 133      8CA822D3 
 133      99EA
 134 0024 99504418 		.ascii	"\231PD\030g1\3253\203E\030\030\032\032\024\030\030\230"
 134      6731D533 
 134      83451818 
 134      1A1A1418 
 134      1898
 135 0036 99981996 		.ascii	"\231\230\031\226<\374\307\310\000\000'\223\023v"
 135      3CFCC7C8 
 135      00002793 
 135      1376
 136              		.text
 137              		.section	.gnu.lto_.refs.902a52df6b31b335,"",%progbits
 138 0000 789C6361 		.ascii	"x\234ca`\004B \000\000\0009\000\007"
 138      60044220 
 138      00000039 
 138      0007
 139              		.text
ARM GAS  /tmp/ccJ5XLaS.s 			page 10


 140              		.section	.gnu.lto_.decls.902a52df6b31b335,"",%progbits
 141 0000 789CA558 		.ascii	"x\234\245XyPSI\032\177\375:\301\030\002X\350\316X\265"
 141      79505349 
 141      1A7FFD3A 
 141      C1180258 
 141      E8CE58B5 
 142 0014 586559A8 		.ascii	"XeY\250l\325H\326c\335\343/WQ\307Y\235X\321\231\251"
 142      6CD548D6 
 142      63DDE32F 
 142      5751C759 
 142      9D58D199 
 143 0029 ADDAAA2C 		.ascii	"\255\332\252,r\214\251E\261H\330\255\371k\036\0209t"
 143      728CA945 
 143      B148D8AD 
 143      F96B1E10 
 143      3974
 144 003b 5DCE410E 		.ascii	"]\316A\016\031\005E\271A\024\021Q\311x\313!\240r\253"
 144      190545B9 
 144      41141151 
 144      C978CB21 
 144      A072AB
 145 004e C082E7E8 		.ascii	"\300\202\347\350\310\245\\\023\331\257\273_\362BL\334"
 145      C8A55C13 
 145      D9AFBB5F 
 145      F2424CDC 
 146 005e ADDA57F4 		.ascii	"\255\332W\364\353\327\335\277\376\276\337\367\353\257"
 146      EBD7DDBF 
 146      FEBEDFF7 
 146      EBAF
 147 006c FBBD20E3 		.ascii	"\373\275 \343\020G\256\001o\216\373\214\3478\001\232"
 147      1047AE01 
 147      6F8EFB8C 
 147      E738019A 
 148 007c 3370C9A0 		.ascii	"3p\311\240\357KN\272H[\011c^P>\206\262\010q\357]d\\"
 148      EF4B4EBA 
 148      485B0963 
 148      5E503E86 
 148      B20871EF 
 149 0093 053598E2 		.ascii	"\0055\230\342\026@\251\2062\007\372F\241^\016E\003\305"
 149      1640A986 
 149      3207FA46 
 149      A15E0E45 
 149      03C5
 150 00a5 0DDA6FA1 		.ascii	"\015\332o\241\036\201r\011\212E\264Mh\014@5\003\205"
 150      1E817209 
 150      8A45B44D 
 150      680C4035 
 150      0385
 151 00b7 47B449ED 		.ascii	"G\264I\355\221\372\023\007_\204\203\247\310\317\352"
 151      91FA1307 
 151      5F8483A7 
 151      C8CFEA
 152 00c6 8BF821FE 		.ascii	"\213\370!\376\234\371\262\210\376:E\237r\321\037\361"
 152      9CF9B288 
 152      FE3A459F 
 152      72D11FF1 
 153 00d6 43FC0D42 		.ascii	"C\374\015Big]\3246\251W:\370\374\330\205Oo\027\361U"
ARM GAS  /tmp/ccJ5XLaS.s 			page 11


 153      69675DD4 
 153      36A9573A 
 153      F8FCD885 
 153      4F6F17F1 
 154 00eb 8B7E5741 		.ascii	"\213~WA\333\007\012v\360\311s\222\216\304\325\037\034"
 154      DB070A76 
 154      F0C97392 
 154      8EC4D51F 
 154      1C
 155 00fc FC597854 		.ascii	"\374YxT\224\334v\001\367\240.\004X4\217\366\"\304\356"
 155      94DC7601 
 155      F7A02E04 
 155      58348FF6 
 155      22C4EE
 156 010f 88168E15 		.ascii	"\210\026\216\025\332\204\007\236\023mY\273\220\025H"
 156      DA84079E 
 156      136D59BB 
 156      901548
 157 011e EE70E391 		.ascii	"\356p\343\221\330\307\331\214\321?q>]wzQ#\222u$NB6\006"
 157      D8C7D98C 
 157      D13F713E 
 157      5D777A51 
 157      23927524 
 158 0136 749863E3 		.ascii	"t\230c\3436\253\254\342\245\011v\366\030]\321\234\304"
 158      36ABACE2 
 158      A50976F6 
 158      185DD19C 
 158      C4
 159 0147 D91613B2 		.ascii	"\331\026\023\262\006\335\177\367\242E\201A%x\356\235"
 159      06DD7FF7 
 159      A2458141 
 159      2578EE9D 
 160 0157 2CD8E45F 		.ascii	",\330\344_\"\300\225$\010\374\"I\231VS\305\021<\306"
 160      22C09524 
 160      08FC2249 
 160      995653C5 
 160      113CC6
 161 016a 236F2592 		.ascii	"#o%\222As\270)k\300\023\232\013\224h14\263j\307\352"
 161      4173B829 
 161      6BC0139A 
 161      0B946831 
 161      34B36AC7 
 162 017f E56C5401 		.ascii	"\345lT\001\315\231\223\025\011\012\374\021\265\370\360"
 162      CD999315 
 162      090AFC11 
 162      B5F8F0
 163 018e 56613199 		.ascii	"Va1\231\270\\\211\010//\350*\177Y3\351\301\272\010\342"
 163      B85C8908 
 163      2F2FE82A 
 163      7F5933E9 
 163      C1BA08E2 
 164 01a2 6EE2C889 		.ascii	"n\342\310\2119\370\227\344\231\277q\350L\245;\362S\236"
 164      39F897E4 
 164      99BF71E8 
 164      4CA53BF2 
 164      539E
 165 01b4 2414FA72 		.ascii	"$\024\372r\362U5\2020\017U\"%\252@\030\025\"\177B|\271"
ARM GAS  /tmp/ccJ5XLaS.s 			page 12


 165      F2553582 
 165      300F5522 
 165      25AA4018 
 165      15227F42 
 166 01ca 12EEF182 		.ascii	"\022\356\361\202\020-$\305\010\336\267<9T\214|P\021"
 166      102D24C5 
 166      08DEB73C 
 166      39548C7C 
 166      5011
 167 01dc F2E1D069 		.ascii	"\362\341\320i\344G\314\022 *\207\3162\350\004\027\205"
 167      E447CC12 
 167      202A87CE 
 167      32E80417 
 167      85
 168 01ed 2792F3DC 		.ascii	"'\222\363\334\360N\352\"\363l\321\270\322\346b:vM\011"
 168      F04EEA22 
 168      F36CD1B8 
 168      D2E6623A 
 168      764D09
 169 0200 7151052E 		.ascii	"qQ\005.\316H.\300\243K\037g\235\3730]{\233\354\201\005"
 169      CE482EC0 
 169      A34B1F67 
 169      9DFB305D 
 169      7B9BEC81 
 170 0215 449DA4DF 		.ascii	"D\235\244\337?<\352\216\224~\316-\234wb\201\321\251"
 170      3F3CEA8E 
 170      947ECE2D 
 170      9C776281 
 170      D1A9
 171 0227 ADFFF6C4 		.ascii	"\255\377\366\304~P\036U\003\237s\022\237*\312\007\274"
 171      7E501E55 
 171      039F7312 
 171      9F2ACA07 
 171      BC
 172 0238 B40D8FA4 		.ascii	"\264\015\217\244{\342;\324\013\312\036}\370|.\223\335"
 172      7BE23BD4 
 172      0BCA1E7D 
 172      F87C2E93 
 172      DD
 173 0249 CF6E51BC 		.ascii	"\317nQ\274\331\242L\344\016\246\360\270\215A[N\305\267"
 173      D9A24CE4 
 173      0EA6F0B8 
 173      8D415B4E 
 173      C5B7
 174 025b 6025D089 		.ascii	"`%\320\211\371\237\003\252\230I\353\363\300\335l\376"
 174      F99F03AA 
 174      9849EBF3 
 174      C0DD6CFE 
 175 026b 4FA6C77D 		.ascii	"O\246\307}\356\314\366Bh\226N\364\236\223\343^6v(\355"
 175      EECCF642 
 175      68964EF4 
 175      9E93E35E 
 175      367628ED 
 176 027f CA15191E 		.ascii	"\312\025\031\036d\215\343\231\311qr\374\2345\012S\222"
 176      648DE399 
 176      C97172FC 
 176      9C350A53 
ARM GAS  /tmp/ccJ5XLaS.s 			page 13


 176      92
 177 0290 2A94F847 		.ascii	"*\224\370G\326\270;\324\230\343\316rf\0364\257\317\214"
 177      D6B83BD4 
 177      98E3CE72 
 177      661E34AF 
 177      CF8C
 178 02a2 9BBD9845 		.ascii	"\233\275\230E\036\232\031E\035Ss\361+\006\315\237\232"
 178      1E9A1945 
 178      1D5373F1 
 178      2B06CD9F 
 178      9A
 179 02b3 1E2249B3 		.ascii	"\036\"I\263\214$\015\266K\231e,e\352\032n\237T\341Q"
 179      8C240DB6 
 179      4B99652C 
 179      65EA1A6E 
 179      9F54E151 
 180 02c7 A6F50973 		.ascii	"\246\365\011s\364~d\325\032\342S\026@p\327 \216\353"
 180      F47E64D5 
 180      1AE25316 
 180      4070D720 
 180      8EEB
 181 02d9 24B80608 		.ascii	"$\270\006\010n\231\030\334-\350\274i\323:\347\325g1"
 181      6E9918DC 
 181      2DE8BC69 
 181      D33AE7D5 
 181      6731
 182 02eb 02AC573D 		.ascii	"\002\254W=H}[\222z\231\250\364\345\344\236'J\374\216"
 182      487D5B92 
 182      7A99A8F4 
 182      E5E49E27 
 182      4AFC8E
 183 02fe F9281C6A 		.ascii	"\371(\034j,\361r\351\343\216K\037\323\261\313hz5\201"
 183      2CF172E9 
 183      E38E4B1F 
 183      D3B1CB68 
 183      7A3581
 184 0311 8F46C947 		.ascii	"\217F\311G\275u9\243'\362.*p\034\335|\262\322\264\256"
 184      BD7539A3 
 184      27F22E2A 
 184      701CDD7C 
 184      B2D2B4AE 
 185 0325 A36EC877 		.ascii	"\243n\310w\276\257_\036q\323W{ ,5.Vh\371+\235\336\014"
 185      BEAF5F1E 
 185      71D3577B 
 185      202C352E 
 185      5668F92B 
 186 033c D35BD17C 		.ascii	"\323[\321|\311\253\332\007,\255\204\033\227L7\254\031"
 186      C9ABDA07 
 186      2CAD841B 
 186      974C37AC 
 186      19
 187 034d 82899096 		.ascii	"\202\211\220\226\225\243hp\210\356\001\275\026\344\213"
 187      95A36870 
 187      88EE01BD 
 187      16E48B
 188 035c EE225FBA 		.ascii	"\356\"_\272\235\251use\242\312j\372\206S\323\327\210"
 188      9DA97573 
ARM GAS  /tmp/ccJ5XLaS.s 			page 14


 188      65A2CA6A 
 188      FA8653D3 
 188      D788
 189 036e 111687F9 		.ascii	"\021\026\207\371h3/\010\012\002\342\304\030\330\271"
 189      68332F08 
 189      0A02E2C4 
 189      18D8B9
 190 037d 20CBCBBB 		.ascii	" \313\313\273qF\201\026\370\372\372\245P\022DQ\243="
 190      71468116 
 190      F8FAFAA5 
 190      50124451 
 190      A33D
 191 038f 89FB6801 		.ascii	"\211\373h\001%\321\001$\332\201D\233D\002\354V5\343"
 191      25D10124 
 191      DA81449B 
 191      4402EC56 
 191      35E3
 192 03a1 28C11CCD 		.ascii	"(\301\034\315\334_\005\032\004nKL)BF9\247\331'S0\233"
 192      DC5F051A 
 192      046E4B4C 
 192      29424639 
 192      A7D92753 
 193 03b7 30DDAD57 		.ascii	"0\335\255W\\\243\031\347\354DO\302\0310\2639\243\327"
 193      5CA319E7 
 193      EC444FC2 
 193      1930B339 
 193      A3D7
 194 03c9 23D9ED5E 		.ascii	"#\331\355^\013\200o\224k\276\334,\262v\331\353\315\262"
 194      0B806F94 
 194      6BBEDC2C 
 194      B276D9EB 
 194      CDB2
 195 03db D774B5AD 		.ascii	"\327t\265\255J\205\017\262S\363qCy\264\002'\262\306"
 195      4A850FB2 
 195      53F37143 
 195      79B40227 
 195      B2C6
 196 03ed F74D650D 		.ascii	"\367Me\015r\234\312\032\265\305ewy\234\311\032%5C\007"
 196      729CCA1A 
 196      B5C56577 
 196      799CC91A 
 196      25354307 
 197 0401 11CE658D 		.ascii	"\021\316e\215\341\270r#.`\317\246\234\244f\236\331\376"
 197      E1B87223 
 197      2E60CFA6 
 197      9CA4669E 
 197      D9FE
 198 0413 049AE909 		.ascii	"\004\232\351\011G\372dl\243\364\221\255Q\331^P\253\300"
 198      47FA646C 
 198      A3F491AD 
 198      51D95E50 
 198      ABC0
 199 0425 6514EB91 		.ascii	"e\024\353\221\235~\372>$\011\271\346\223\233\237\257"
 199      9D7EFA3E 
 199      2409B9E6 
 199      939B9FAF 
 200 0435 6F9E608A 		.ascii	"o\236`\212\021\314\207\255\342\\\002qz@\234g \251M\234"
ARM GAS  /tmp/ccJ5XLaS.s 			page 15


 200      11CC87AD 
 200      E25C0271 
 200      7A409C67 
 200      20A94D9C 
 201 0449 2E64A7A5 		.ascii	".d\247\245\0114\257n\346\031\274\023\002\376\301\021"
 201      0934AF6E 
 201      E619BC13 
 201      02FEC111 
 202 0459 5E370B0E 		.ascii	"^7\013\016\326g\356\330Y\357u\204\253\035\320\227\233"
 202      D667EED8 
 202      59EF7584 
 202      AB1DD097 
 202      9B
 203 046a 55425220 		.ascii	"UBR \305\376\333\021{\301\321\364y\011lv\316\243\030"
 203      C5FEDB11 
 203      7BC1D1F4 
 203      79096C76 
 203      CEA318
 204 047d 49592EB0 		.ascii	"IY.\260\005\353\007D\037\035|&f\371+H\260\307\260f?"
 204      05EB0744 
 204      1F1D7C26 
 204      66F92B48 
 204      B0C7B066 
 205 0492 417909E5 		.ascii	"Ay\011\345\005\224\001(\317\241\014By\012\345G(\257"
 205      05940128 
 205      CFA10C42 
 205      790AE547 
 205      28AF
 206 04a4 A13CB125 		.ascii	"\241<\261%!!\220!\021\350v\256\033#\300\320i\022\372"
 206      21219021 
 206      11E876AE 
 206      1B23C0D0 
 206      6912FA
 207 04b7 8123BAE4 		.ascii	"\201#\272\344=\364\005\011}\331\021]\353\250D\212\004"
 207      3DF40509 
 207      7DD9115D 
 207      EBA8448A 
 207      04
 208 04c8 7EE8DCB4 		.ascii	"~\350\334\264]zO\337Q\221\364~6{K2C\311\366\271\360"
 208      5D7A4FDF 
 208      5191F47E 
 208      367B4B32 
 208      43C9F6B9 
 209 04dd C8E96AD9 		.ascii	"\310\351j\331\223\274(\371\275\350\234$CC.\232\233&"
 209      93BC28F9 
 209      BDE89C24 
 209      43432E9A 
 209      9B26
 210 04ef CECA7125 		.ascii	"\316\312q%\315E~\340\366\324\020F~\363\031\241\326f"
 210      CD457EE0 
 210      F6D41046 
 210      7EF319A1 
 210      D666
 211 0501 44088DC0 		.ascii	"D\010\215\300\354!\351\250#\374\\\254\035\032\206%\373"
 211      EC21E9A8 
 211      23FC5CAC 
 211      1D1A8625 
ARM GAS  /tmp/ccJ5XLaS.s 			page 16


 211      FB
 212 0512 7F960FF8 		.ascii	"\177\226\017\3704\335\350\374A\241: \275f\251\177i;"
 212      34DDE8FC 
 212      41A13A20 
 212      BD66A97F 
 212      693B
 213 0524 8F2295C8 		.ascii	"\217\"\225\310\004\300\325\011\031O=p\035#\237\362\300"
 213      04C0D509 
 213      194F3D70 
 213      1D239FF2 
 213      C0
 214 0535 9209E455 		.ascii	"\222\011\344U\214\374\275t\037B\376-\300\307$\3620\033"
 214      8CFCBD74 
 214      1F42FE2D 
 214      C0C724F2 
 214      301B
 215 0547 2A57D6D1 		.ascii	"*W\326\321\033\340<\313\301\364\263\264.\3046\262\212"
 215      1BE03CCB 
 215      C1F4B3B4 
 215      2EC436B2 
 215      8A
 216 0558 9CEEB55D 		.ascii	"\234\356\265]\311^\342F&\303c\251\335\275\236\270\236"
 216      C95EE246 
 216      26C363A9 
 216      DDBD9EB8 
 216      9E
 217 0569 9FF561A4 		.ascii	"\237\365a\244y\377\303H\303\336r/[\232\357!\334\312"
 217      79FFC348 
 217      C3DE722F 
 217      5B9AEF21 
 217      DCCA
 218 057b E866F417 		.ascii	"\350f\364\027M\310\\~Q\274\003&\032\361\0154\015\235"
 218      4DC85C7E 
 218      51BC0326 
 218      1AF10D34 
 218      0D9D
 219 058d 53B63790 		.ascii	"S\2667\220%}m\035y\003Y`q\177\226\"\323\260\027\220"
 219      257D6D1D 
 219      79035960 
 219      717F9622 
 219      D3B01790 
 220 05a1 BCBB23E7 		.ascii	"\274\273#\347\240;\362\225^:\223\207\377\222r*\226\244"
 220      A03BF295 
 220      5E3A9387 
 220      FF92722A 
 220      96A4
 221 05b3 03993109 		.ascii	"\003\2311\0113\242x\347i\310\316\344\213\3654w\210p"
 221      33A278E7 
 221      69C8CEE4 
 221      8BF53477 
 221      8870
 222 05c5 358E60C7 		.ascii	"5\216`\3077\224\270\376\0230>N\355\0204Y\374\030\336"
 222      3794B8FE 
 222      13303E4E 
 222      ED103459 
 222      FC18DE
 223 05d8 0F09BC2F 		.ascii	"\017\011\274/\212\20623\353-\325\311\314\223\317\241"
ARM GAS  /tmp/ccJ5XLaS.s 			page 17


 223      8A863233 
 223      EB2DD5C9 
 223      CC93CFA1 
 224 05e8 52A7E68B 		.ascii	"R\247\346\213\355\336RU\365tK\000\310\341\304\237,\034"
 224      EDDE5255 
 224      F5744B00 
 224      C8E1C49F 
 224      2C1C
 225 05fa 1DC3B808 		.ascii	"\035\303\270\010S%\363\336t\346![\326\216\326\323\254"
 225      5325F3DE 
 225      74E6215B 
 225      D68ED6D3 
 225      AC
 226 060b 8D05C326 		.ascii	"\215\005\303&\336&\0171\341\2025\332\017d?D\034\374"
 226      DE260F31 
 226      E18235DA 
 226      0F643F44 
 226      1CFC
 227 061d 9D1C687C 		.ascii	"\235\034h|\240\232\225\225\261\274}V\306\361*+3SA\037"
 227      A09A9595 
 227      B1BC7D56 
 227      C6F12A2B 
 227      3353411F 
 228 0631 2FE3591F 		.ascii	"/\343Y\037\332%#}\355uw^\273/L\027\337\247\213e4zir"
 228      DA25237D 
 228      ED75775E 
 228      BB2F4C17 
 228      DFA78B65 
 229 0649 02BF10EE 		.ascii	"\002\277\020\356\361\274\214Y\030/})\360K\216\011\307"
 229      F1BC8C59 
 229      182F7D29 
 229      F04B8E09 
 229      C7
 230 065a 2A84BED6 		.ascii	"*\204\276\326\236\200\376\343\260xQ\202\260\216\002"
 230      9E80FEE3 
 230      B0785182 
 230      B08E02
 231 0669 5181B4E4 		.ascii	"Q\201\264\344\360H\252S\360r\340\320\001~\011\314=\225"
 231      F048AA53 
 231      F072E0D0 
 231      017E09CC 
 231      3D95
 232 067b 11D3E08E 		.ascii	"\021\323\340\216\273\251.\250\364l\374\204\007\245B"
 232      BBA92EA8 
 232      F46CFC84 
 232      07A542
 233 068a FC312A35 		.ascii	"\3741*5\265\323%J\033\275\177\362\264s \276j\216=\275"
 233      B5D3254A 
 233      1BBD7FF2 
 233      B47320BE 
 233      6A8E3DBD 
 234 069e 2F3FB263 		.ascii	"/?\262c\367/\312\356\220\225]Wi\375m9cg~\023\213\311"
 234      F72FCAEE 
 234      90955D57 
 234      69FD6D39 
 234      63677E13 
 235 06b4 A92490EF 		.ascii	"\251$\220\357[\200\241\203\222\336\360(qK\244\334,\217"
ARM GAS  /tmp/ccJ5XLaS.s 			page 18


 235      5B80A183 
 235      92DEF028 
 235      714BA4DC 
 235      2C8F
 236 06c6 064678FC 		.ascii	"\006Fx\374\204q+j*\374Y\206\307\330\002FO\035\254R\270"
 236      84712B6A 
 236      2AFC5986 
 236      C7D80246 
 236      4F1DAC52 
 237 06db DC0AA9BC 		.ascii	"\334\012\251\274\313\217\353\003\233\362\351\307u\012"
 237      CB8FEB03 
 237      9BF2E9C7 
 237      750A
 238 06e9 AF44C9FC 		.ascii	"\257D\311\374\373\037\327\343\375q\2671\215\226 \230"
 238      FB1FD7E3 
 238      FD71B731 
 238      8D962098 
 239 06f9 02C30313 		.ascii	"\002\303\003\023O\334l\012\2441\005z*\007\273<]J\220"
 239      4FDC6C0A 
 239      A431057A 
 239      2A07BB3C 
 239      5D4A90
 240 070c 4E25F8CE 		.ascii	"N%\370\316*\301d\\N\233\247m\201\214\375\225\202\220"
 240      2AC1645C 
 240      4E9BA76D 
 240      818CFD95 
 240      8290
 241 071e 00136504 		.ascii	"\000\023e\004\207\222$\032I\366\032\034\246\032\274"
 241      8792241A 
 241      49F61A1C 
 241      A61ABC
 242 072d CA8F49F5 		.ascii	"\312\217I\365\302\026\246\2013v\323G\306\236Jk\226\311"
 242      C216A681 
 242      3376D347 
 242      C69E4A6B 
 242      96C9
 243 073f D875C499 		.ascii	"\330u\304\231\232XN\221]\231\305:_u'\276P\271\244|\204"
 243      9A584E91 
 243      5D99C53A 
 243      5F7527BE 
 243      50B9A47C 
 244 0754 52CEB652 		.ascii	"R\316\266R\316\032\277_\343\016\224\373\250j\241\031"
 244      CE1ABF5F 
 244      E30E94FB 
 244      A86AA119 
 245 0764 158342BC 		.ascii	"\025\203B\2747E\241\014\211p\006%\014\0179\224lgK\353"
 245      3745A10C 
 245      89700625 
 245      0C0F3994 
 245      6C674BEB 
 246 0778 330F9C2A 		.ascii	"3\017\234*\243d;\272L5\342I\350NN\336\376\357\352\346"
 246      A3643BBA 
 246      4C35E249 
 246      E84E4EDE 
 246      FEEFEAE6 
 247 078c B293B093 		.ascii	"\262\223\260\223\014\3476\215\246+q.\303Z\206Z,*\206"
 247      0CE7368D 
ARM GAS  /tmp/ccJ5XLaS.s 			page 19


 247      A62B712E 
 247      C35A865A 
 247      2C2A86
 248 079f 5542B3BB 		.ascii	"UB\263\273x\346\234\033\371\251\"X7\217\267}\372\037"
 248      78E69C1B 
 248      F9A92258 
 248      378FB77D 
 248      FA1F
 249 07b1 E761B560 		.ascii	"\347a\265`\357\243<\236\376Li\233\2704\245\302E\324"
 249      EFA33C9E 
 249      FE4C699B 
 249      B834A5C2 
 249      45D4
 250 07c3 94EC4C74 		.ascii	"\224\354Lto\256'\362\363A\000G\354"
 250      6FAE27F2 
 250      F3410047 
 250      EC
 251 07d0 271EF921 		.ascii	"'\036\371!\013\311\017\222\235\020\371\302\225%\200"
 251      0BC90F92 
 251      9D10F9C2 
 251      952580
 252 07df FDA16F49 		.ascii	"\375\241oI7<+hM\323i(Op[\310\241\325>\350\327\220K\371"
 252      373C2B68 
 252      4DD36928 
 252      4F705BC8 
 252      A1D53EE8 
 253 07f7 904B05D4 		.ascii	"\220K\005\324\337)\336\007\235d\016\333_\036\216C\336"
 253      DF29DE07 
 253      9D640EDB 
 253      5F1E8E43 
 253      DE
 254 0808 49A2ED75 		.ascii	"I\242\355u\210\332>\006\343Gy\302\257\220\367\266\262"
 254      88DA3E06 
 254      E34779C2 
 254      AF90F7B6 
 254      B2
 255 0819 24E8EE9B 		.ascii	"$\350\356\233\215&\032\015\261\235\364\337l\217\027"
 255      8D261A0D 
 255      B19DF4DF 
 255      6C8F17
 256 0828 E60F7BDA 		.ascii	"\346\017{\332\333.\372\220\355\353Y\217k\370\245\307"
 256      DB2EFA90 
 256      EDEB598F 
 256      6BF8A5C7 
 257 0838 85966324 		.ascii	"\205\226c$\2636\236\2166\0131\353P1\357\215ra\225`\213"
 257      B3369E8E 
 257      360B31EB 
 257      5031EF8D 
 257      72619560 
 258 084d DB4DFD1E 		.ascii	"\333M\375\036zv\202\020%\374R\"\232\360\370\336\\\\"
 258      7A768210 
 258      25FC5222 
 258      9AF0F8DE 
 258      5C5C
 259 085f CEF48FE9 		.ascii	"\316\364\217\351yw\305\313\265\340eV\301\2172\2161B"
 259      7977C5CB 
 259      B5E06556 
ARM GAS  /tmp/ccJ5XLaS.s 			page 20


 259      C18F328E 
 259      3142
 260 0871 9CE5BDF8 		.ascii	"\234\345\275\370\2453\275\234r,\263r<\177\250\344\222"
 260      A533BD9C 
 260      722CB372 
 260      3C7FA8E4 
 260      92
 261 0882 9B63442E 		.ascii	"\233cD.\321Q\035\367\243\347\260\210\314\023\233\342"
 261      D1511DF7 
 261      A3E7B088 
 261      CC139BE2 
 262 0892 2B60692A 		.ascii	"+`i*\304p\340T\260\233W*\206s\232\206\263\377\320\243"
 262      C470E054 
 262      B09B572A 
 262      86739A86 
 262      B3FFD0A3 
 263 08a6 9BB259E7 		.ascii	"\233\262Y\347-IU)\204Jv\336\222\032\320\317\373\356"
 263      2D495529 
 263      844A76DE 
 263      921AD0CF 
 263      FBEE
 264 08b8 95CFC597 		.ascii	"\225\317\305\227\304\344{\020\365N\374\366\366$\377"
 264      C4E47B10 
 264      F54EFCF6 
 264      F624FF
 265 08c7 BA78DE75 		.ascii	"\272x\336u\\L\324!\372s\366E\315U\361?\033\036\320L"
 265      5C4CD421 
 265      FA73F645 
 265      CD55F13F 
 265      1B1ED04C 
 266 08db 68689C56 		.ascii	"hh\234V\270\226\252\332*\3259&\325\323\354\204z\231"
 266      B896AADA 
 266      2AD53926 
 266      D5D3EC84 
 266      7A99
 267 08ed A35455B0 		.ascii	"\243TU\260&g\351\232\234\247\301W[\2037\265v\025bG\251"
 267      2667E99A 
 267      9CA7C157 
 267      5B8337B5 
 267      76156247 
 268 0902 5CA2A7C6 		.ascii	"\\\242\247\306n\236\226\213R\265o\246R\325\210R\301"
 268      6E9E968B 
 268      52B56FA6 
 268      52D58852 
 268      C1
 269 0913 E16137EF 		.ascii	"\341a7\357\214(\325\005~)\247\334\027\030\246\015\011"
 269      8C28D505 
 269      7E29A7DC 
 269      1718A60D 
 269      09
 270 0924 0C5E1F69 		.ascii	"\014^\037iPl\376\374\213\305\033V\256\344d{\002\015"
 270      506CFEFC 
 270      8BC51B56 
 270      AEE4647B 
 270      020D
 271 0936 7F53EA74 		.ascii	"\177S\352t\221\372\275\306\325\253t\306\025\352HC\204"
 271      91FABDC6 
ARM GAS  /tmp/ccJ5XLaS.s 			page 21


 271      D5AB74C6 
 271      15EA4843 
 271      84
 272 0947 5ABF3728 		.ascii	"Z\2777(,28D\2757\344\037a\372]\352=\201A\273\365{C\324"
 272      2C323844 
 272      BD37E41F 
 272      61FA5DEA 
 272      3D8141BB 
 273 095f BAE090D0 		.ascii	"\272\340\220\320\300\3100\243\316\370\315\276\020\203"
 273      C0C830A3 
 273      CEF8CDBE 
 273      1083
 274 096d FF6E4E61 		.ascii	"\377nNa\235\266\304\3314\3037\006\265\316`\014\006\014"
 274      9DB6C4D9 
 274      34C33706 
 274      B5CE600C 
 274      060C
 275 097f 6055FAF0 		.ascii	"`U\372\360}\341\021F\342Og\\\347\357\257f\177\033v\353"
 275      7DE11146 
 275      E24F675C 
 275      E7EFAF66 
 275      7F1B76EB 
 276 0993 77E9353B 		.ascii	"w\3515;Vhw\252\303\015\352\335\201aj\2022\250w\354\334"
 276      566877AA 
 276      C30DEADD 
 276      81616A82 
 276      32A877EC 
 277 09a8 B67A957A 		.ascii	"\266z\225z\353\326\000\365\346\355[4\177_E\206t\020"
 277      EBD600F5 
 277      E6ED5B34 
 277      7F5F4586 
 277      7410
 278 09ba 802E2C2C 		.ascii	"\200.,,\030\254\271\021\224>X\366\307M\332O\311m\253"
 278      18ACB911 
 278      943E58F6 
 278      C74DDA4F 
 278      C96DAB
 279 09cd 6CEB863F 		.ascii	"l\353\206?ie\353wh\265\350+\364\251<(,$0B\214k\345Z"
 279      6965EB77 
 279      68B5E82B 
 279      F4A93C28 
 279      2C243042 
 280 09e5 9D51617D 		.ascii	"\235Qa}\300\206\020#\326\004h\361\226\000\255|\373\027"
 280      C0861023 
 280      D60468F1 
 280      9600AD7C 
 280      FB17
 281 09f7 DB03B473 		.ascii	"\333\003\264s4;\266o\334\030\240u\323\354\374\363\366"
 281      343BB66F 
 281      DC18A075 
 281      D3ECFCF3 
 281      F6
 282 0a08 8D5AF936 		.ascii	"\215Z\3716M\300F-^\257\325\252\014\306=\020\334\327"
 282      4DC0462D 
 282      5EAFD5AA 
 282      0CC63D10 
 282      DCD7
ARM GAS  /tmp/ccJ5XLaS.s 			page 22


 283 0a1a FBF4E13A 		.ascii	"\373\364\341:\243\222\321\327\007\353\214n\341\241\241"
 283      A392D1D7 
 283      07EB8C6E 
 283      E1A1A1
 284 0a29 6045454C 		.ascii	"`EEL\352B\003\015\306\337\351\214\213\234\012`\215}"
 284      EA42030D 
 284      C6DFE98C 
 284      8B9C0A60 
 284      8D7D
 285 0a3b C507C2B5 		.ascii	"\305\007\302\265\316\021\343\003\264|\213\006\226\350"
 285      CE11E303 
 285      B47C8B06 
 285      96E8
 286 0a49 571F9863 		.ascii	"W\037\230c\210\010\262\341\2038w\250\276\212\320\033"
 286      8808B2E1 
 286      833877A8 
 286      BE8AD01B 
 287 0a59 43609607 		.ascii	"C`\226\007<\357\0101\302\323\266\360\340\020\205>|\017"
 287      3CEF0831 
 287      C2D3B6F0 
 287      E010853E 
 287      7C0F
 288 0a6b 543AE32F 		.ascii	"T:\343/\254\322\351\200\370\327\021\341\221\373H\277"
 288      ACD2E980 
 288      F8D711E1 
 288      91FB48BF 
 289 0a7b 874E171A 		.ascii	"\207N\027\032\2717H\247\363\377\355\252\337\254QX[\262"
 289      B93748A7 
 289      F3FFEDAA 
 289      DFAC5158 
 289      5BB2
 290 0a8d A0DD8111 		.ascii	"\240\335\201\021\263\306~o\337Z\273\346?\015\224;\011"
 290      B3C67E6F 
 290      DF5ABBE6 
 290      3F0D943B 
 290      09
 291              		.text
 292              		.section	.gnu.lto_.symtab.902a52df6b31b335,"",%progbits
 293 0000 70616C52 		.ascii	"palReadBus\000"
 293      65616442 
 293      757300
 294 000b 00       		.ascii	"\000"
 295 000c 00       		.ascii	"\000"
 296 000d 00       		.ascii	"\000"
 297 000e 00000000 		.ascii	"\000\000\000\000\000\000\000\000"
 297      00000000 
 298 0016 0A010000 		.ascii	"\012\001\000\000"
 299 001a 70616C57 		.ascii	"palWriteBus\000"
 299      72697465 
 299      42757300 
 300 0026 00       		.ascii	"\000"
 301 0027 00       		.ascii	"\000"
 302 0028 00       		.ascii	"\000"
 303 0029 00000000 		.ascii	"\000\000\000\000\000\000\000\000"
 303      00000000 
 304 0031 0F010000 		.ascii	"\017\001\000\000"
 305 0035 70616C53 		.ascii	"palSetBusMode\000"
ARM GAS  /tmp/ccJ5XLaS.s 			page 23


 305      65744275 
 305      734D6F64 
 305      6500
 306 0043 00       		.ascii	"\000"
 307 0044 00       		.ascii	"\000"
 308 0045 00       		.ascii	"\000"
 309 0046 00000000 		.ascii	"\000\000\000\000\000\000\000\000"
 309      00000000 
 310 004e 17010000 		.ascii	"\027\001\000\000"
 311 0052 5F70616C 		.ascii	"_pal_lld_setgroupmode\000"
 311      5F6C6C64 
 311      5F736574 
 311      67726F75 
 311      706D6F64 
 312 0068 00       		.ascii	"\000"
 313 0069 02       		.ascii	"\002"
 314 006a 00       		.ascii	"\000"
 315 006b 00000000 		.ascii	"\000\000\000\000\000\000\000\000"
 315      00000000 
 316 0073 1D010000 		.ascii	"\035\001\000\000"
 317              		.text
 318              		.section	.gnu.lto_.opts,"",%progbits
 319 0000 272D666D 		.ascii	"'-fmath-errno' '-fsigned-zeros' '-ftrapping-math' '"
 319      6174682D 
 319      6572726E 
 319      6F272027 
 319      2D667369 
 320 0033 2D666E6F 		.ascii	"-fno-trapv' '-fno-openmp' '-fno-openacc' '-mcpu=cor"
 320      2D747261 
 320      70762720 
 320      272D666E 
 320      6F2D6F70 
 321 0066 7465782D 		.ascii	"tex-m0' '-mno-thumb-interwork' '-mthumb' '-ggdb' '-"
 321      6D302720 
 321      272D6D6E 
 321      6F2D7468 
 321      756D622D 
 322 0099 4F322720 		.ascii	"O2' '-fomit-frame-pointer' '-falign-functions=16' '"
 322      272D666F 
 322      6D69742D 
 322      6672616D 
 322      652D706F 
 323 00cc 2D666675 		.ascii	"-ffunction-sections' '-fdata-sections' '-fno-common"
 323      6E637469 
 323      6F6E2D73 
 323      65637469 
 323      6F6E7327 
 324 00ff 2720272D 		.ascii	"' '-flto'\000"
 324      666C746F 
 324      2700
 325              		.text
 326              		.comm	__gnu_lto_v1,1,1
 327              		.comm	__gnu_lto_slim,1,1
 328              		.ident	"GCC: (15:5.4.1+svn241155-1) 5.4.1 20160919"
ARM GAS  /tmp/ccJ5XLaS.s 			page 24


DEFINED SYMBOLS
                            *ABS*:0000000000000000 hal_pal.c
                            *COM*:0000000000000001 __gnu_lto_v1
                            *COM*:0000000000000001 __gnu_lto_slim

NO UNDEFINED SYMBOLS
