ARM GAS  /tmp/ccEcLlva.s 			page 1


   1              		.syntax unified
   2              		.cpu cortex-m0
   3              		.fpu softvfp
   4              		.eabi_attribute 20, 1
   5              		.eabi_attribute 21, 1
   6              		.eabi_attribute 23, 3
   7              		.eabi_attribute 24, 1
   8              		.eabi_attribute 25, 1
   9              		.eabi_attribute 26, 1
  10              		.eabi_attribute 30, 2
  11              		.eabi_attribute 34, 0
  12              		.eabi_attribute 18, 4
  13              		.thumb
  14              		.syntax unified
  15              		.file	"hal_pal_lld.c"
  16              		.text
  17              	.Ltext0:
  18              		.section	.gnu.lto_.profile.c9c82dbb4227ad10,"",%progbits
  19 0000 789C6361 		.ascii	"x\234ca`d`c`\000\222G\031\0173\002\000\0052\001\227"
  19      60646063 
  19      60009247 
  19      190F3302 
  19      00053201 
  20              		.text
  21              		.section	.gnu.lto_.icf.c9c82dbb4227ad10,"",%progbits
  22 0000 789C6361 		.ascii	"x\234ca`d\000\001>\006\004`b8\273\350\314un\306\236"
  22      60640001 
  22      3E060460 
  22      6238BBE8 
  22      CC756EC6 
  23 0015 9F47F7F2 		.ascii	"\237G\367\3621\000\0000V\006I"
  23      31000030 
  23      560649
  24              		.text
  25              		.section	.gnu.lto_.jmpfuncs.c9c82dbb4227ad10,"",%progbits
  26 0000 789C6361 		.ascii	"x\234ca`d\000\001\001\006\004`b`dd\254gd\006\222\354"
  26      60640001 
  26      01060460 
  26      62606464 
  26      AC676406 
  27 0016 F5F5F50C 		.ascii	"\365\365\365\014\000\015&\002%"
  27      000D2602 
  27      25
  28              		.text
  29              		.section	.gnu.lto_.inline.c9c82dbb4227ad10,"",%progbits
  30 0000 789C45CE 		.ascii	"x\234E\316\261\015\302@\014\005\320\377}'%\242\272\012"
  30      B10DC240 
  30      0C05D0FF 
  30      7D2725A2 
  30      BA0A
  31 0012 517A0BDA 		.ascii	"Qz\013\332\033\205\0112C\012\012\206\210\020\013\260"
  31      1B850932 
  31      430A0A86 
  31      88100BB0 
  32 0022 4024243A 		.ascii	"@$$:\250@l\301\010\320\021\377+p\361\376weg\02013\376"
  32      A8406CC1 
  32      08D011FF 
ARM GAS  /tmp/ccEcLlva.s 			page 2


  32      2B70F1FE 
  32      77656710 
  33 0039 63C0171F 		.ascii	"c\300\027\037\260\203\023\311e\225;9Rqjqm\201r\346\375"
  33      B08313C9 
  33      65953B39 
  33      52716A71 
  33      6D8172E6 
  34 004e B6C2F670 		.ascii	"\266\302\366pL\006\276\273\334\014z\325>(\252%pU\017"
  34      4C06BEBB 
  34      DC0C7AD5 
  34      3E28AA25 
  34      70550F
  35 0061 AA6A0D46 		.ascii	"\252j\015FZ\013im\261x\213x\340b\244-\347\220\206\375"
  35      5A0B696D 
  35      B1788B78 
  35      E062A42D 
  35      E79086FD 
  36 0075 D3B1995E 		.ascii	"\323\261\231^\313\261\3654[\326\347?cN \322"
  36      CBB1F534 
  36      5BD6E73F 
  36      634E20D2 
  37              		.text
  38              		.section	.gnu.lto_.pureconst.c9c82dbb4227ad10,"",%progbits
  39 0000 789C6361 		.ascii	"x\234ca`d`e```b\220b\224\002\000\000\355\000B"
  39      60646065 
  39      60606062 
  39      90629402 
  39      0000ED00 
  40              		.text
  41              		.section	.gnu.lto__pal_lld_init.c9c82dbb4227ad10,"",%progbits
  42 0000 789CA599 		.ascii	"x\234\245\231yP\024g\032\207\373\353\346\030no\0235"
  42      79501467 
  42      1A87FBEB 
  42      E6186E6F 
  42      1335
  43 0012 C68B18CF 		.ascii	"\306\213\030\317\361H\324\2501ZI\325\326\246\262\233"
  43      F148D4A8 
  43      315A49D5 
  43      D6A6B29B 
  44 0022 DD24FF6F 		.ascii	"\335$\377o\355fw\023\253\254\325\332lm\325\376e#\240"
  44      ED667713 
  44      ABACD5DA 
  44      6C6DD5FE 
  44      6523A0
  45 0035 78C5DBA8 		.ascii	"x\305\333\250x\243\202\242 \"\336\007\"x`PQ\024\015"
  45      78A382A2 
  45      2022DE07 
  45      22786050 
  45      51140D
  46 0048 5EA080A8 		.ascii	"^\240\200\250Q\020\215\242\302\354\367\376\346\373\346"
  46      51108DA2 
  46      C2ECF7FE 
  46      E6FBE6
  47 0057 9BE1D0E9 		.ascii	"\233\341\320\351i*\2762\231\346\351g\272_\036e\014\322"
  47      692ABE32 
  47      99E6E967 
  47      BA5F1E65 
ARM GAS  /tmp/ccEcLlva.s 			page 3


  47      0CD2
  48 0069 98461FDD 		.ascii	"\230F\037\335Gh\332\227\364;\377\305\014\215\351\013"
  48      4768DA97 
  48      F43BFFC5 
  48      0C8DE90B 
  49 0079 CF6A5A9C 		.ascii	"\317jZ\234Cg\214>1\035L\233\256\263\351\354\251\336"
  49      43678C3E 
  49      311D4C9B 
  49      AEB3E9EC 
  49      A9DE
  50 008b A8B3BC59 		.ascii	"\250\263\274YU\373\365\001\251&\377\270\225\370p\230"
  50      55FBF501 
  50      A926FFB8 
  50      95F87098 
  51 009b 9996CB12 		.ascii	"\231\226\313\022\015Ms\351 i,\225\015\340G\025'\354"
  51      0D4D73E9 
  51      20692C95 
  51      0DE04715 
  51      27EC
  52 00ad 5C6D3CD1 		.ascii	"\\m<\321\023\015\306\202\370\303\272\242U\267\243\351"
  52      130DC682 
  52      F8C3BAA2 
  52      55B7A3E9 
  53 00bd A1CE7AF1 		.ascii	"\241\316z\361\2075M\231\325A\306\247L\343\237o\275\221"
  53      87354D99 
  53      D541C6A7 
  53      4CE39F6F 
  53      BD91
  54 00cf FCE7FE9B 		.ascii	"\374\347\376\233Ms\206i&\377\303\014K4\014\266\215\031"
  54      4D738669 
  54      26FFC30C 
  54      4B340CB6 
  54      8D19
  55 00e1 1CC7B6B2 		.ascii	"\034\307\266\262\036,\215\365\320\370\377\322X:\353"
  55      1E2C8DF5 
  55      D0F8FFD2 
  55      583AEB
  56 00f0 4F475764 		.ascii	"OGWd5-\213\012I\240\263\367r\237\223mg!\364*2\277\312"
  56      352D8B0A 
  56      49A0B3F7 
  56      729F936D 
  56      6721F42A 
  57 0107 355DAE78 		.ascii	"5]\256x\323<8<-\366\177:\377\252 \203F0\215\020\032"
  57      D33C383C 
  57      2DF67F3A 
  57      FFAA2083 
  57      46308D10 
  58 011c 0E469470 		.ascii	"\016F\224p\3724\202F$\215(\032\3214bh\264\243\321\236"
  58      FA348246 
  58      248D281A 
  58      D1346268 
  58      B4A3D19E 
  59 0130 46071A1D 		.ascii	"F\007\032\035it\242\321\231F\027\032]i\274E\343m\032"
  59      6974A2D1 
  59      9946171A 
  59      5D69BC45 
  59      E36D1A
ARM GAS  /tmp/ccEcLlva.s 			page 4


  60 0143 DD6874A7 		.ascii	"\335ht\247A\246A\357\320\350I\343]\032\275h\364\246"
  60      41A641EF 
  60      D0E849E3 
  60      5D1ABD68 
  60      F4A6
  61 0155 D187465F 		.ascii	"\321\207F_\032\375h\304\322x\217F\177\032\357\323\030"
  61      1AFD68C4 
  61      D2788F46 
  61      7F1AEFD3 
  61      18
  62 0166 4063208D 		.ascii	"@c \215A4\006\323\030Bc(\015'\215a4\206\323\030Ac$\215"
  62      413406D3 
  62      18426328 
  62      0D278D61 
  62      3486D318 
  63 017e 0F687C48 		.ascii	"\017h|Hc\024\215\3214\306\320\370\210\306X\032\343h"
  63      63148DD1 
  63      34C6D0F8 
  63      88C6581A 
  63      E368
  64 0190 8CA7F131 		.ascii	"\214\247\3611\215\0114>\2411\221\306$\032\232V\313/"
  64      8D09343E 
  64      A13191C6 
  64      241A9A56 
  64      CB2F
  65 01a2 27DDEF3A 		.ascii	"'\335\357:]\247\337\215*\226w \353\301\206`\272\302"
  65      5DA7DF8D 
  65      2A967720 
  65      EBC18660 
  65      BAC2
  66 01b4 F106DDFB 		.ascii	"\361\006\335\373\345\211y\347B\3516\006\343\326%\254"
  66      E58979E7 
  66      42E93606 
  66      E3D625AC 
  67 01c4 29A80A73 		.ascii	")\250\012s?4k\223L\272\321\367o\276\334\037\274\216"
  67      3F346B93 
  67      4CBAD1F7 
  67      6FBEDC1F 
  67      BC8E
  68 01d6 ADE13B11 		.ascii	"\255\341;\021\3022\370\015\334\301o \035\373x\371\371"
  68      C232F80D 
  68      DCC16F20 
  68      1DFB78F9 
  68      F9
  69 01e7 5B91CE1D 		.ascii	"[\221\316\035fB\234\331.\321\010e\231l\035k\302\316"
  69      66429CD9 
  69      2ED10865 
  69      996C1D6B 
  69      C2CE
  70 01f9 B09DCCA9 		.ascii	"\260\235\314\251U\261\370\347!\356\023\031\356se&\336"
  70      55B1F8E7 
  70      21EE1319 
  70      EE736526 
  70      DE
  71 020a D9EA2078 		.ascii	"\331\352 x\020s1\226\3051\334g9\243c\254\234g\227:O"
  71      10733196 
  71      C531DC67 
ARM GAS  /tmp/ccEcLlva.s 			page 5


  71      39A363AC 
  71      9C67973A 
  72 021f 3673723A 		.ascii	"6sr:a\016\024?`\356\223\005[a\355\006\213\226\215\345"
  72      610E143F 
  72      60EE9305 
  72      5B61ED06 
  72      8B968DE5 
  73 0233 F83A1329 		.ascii	"\370:\023)p\307=\212\273\227\034C\264\0126#\267\370"
  73      70C73D8A 
  73      BB971C43 
  73      B40A3623 
  73      B7F8
  74 0245 A404956E 		.ascii	"\244\004\225n<\262$z`\032-}n\361\037W\256w$\032\016"
  74      3CB2247A 
  74      601A2D7D 
  74      6EF11F57 
  74      AE77241A 
  75 025a 4D7CBBED 		.ascii	"M|\273\355c\003\275o\214\201\033\363\354daR$?s\034\276"
  75      6303BD6F 
  75      8C811BF3 
  75      EC646152 
  75      243F731C 
  76 026f 6216ED64 		.ascii	"b\026\355dX\274\341`\373\205\300\332\025\373\352\243"
  76      58BCE160 
  76      FB85C0DA 
  76      15FBEAA3 
  77 027f B9003F7B 		.ascii	"\271\000?{8;\200\263\323%\342\317\344\034\312\037;\275"
  77      383B80B3 
  77      D325E2CF 
  77      E41CCA1F 
  77      3BBD
  78 0291 D15CC8BF 		.ascii	"\321\\\310\2770\224\237\205\035dN\222\320\330!6\235"
  78      30949F85 
  78      1D644E92 
  78      D0D82136 
  78      9D
  79 02a2 5BE9C268 		.ascii	"[\351\302hneZ\234n|\216\223=*>\026\317bS\350;8\267n"
  79      6E655A9C 
  79      6E7C8E93 
  79      3D2A3E16 
  79      CF6253E8 
  80 02ba A6B1D2CC 		.ascii	"\246\261\322\314M\350\225hD\260\303\276\337\305\260"
  80      4DE89568 
  80      44B0C3BE 
  80      DFC5B0
  81 02c9 3DC262F9 		.ascii	"=\302b\371W<)\2538\313\3106\202\231&\337\033v\224?\357"
  81      573C29AB 
  81      38CBC836 
  81      829926DF 
  81      1B76943F 
  82 02de FB929735 		.ascii	"\373\222\2275%\246\206\267\200:\232\247\001\320\\\026"
  82      25A686B7 
  82      803A9AA7 
  82      01D05C16 
  83 02ee 4B97815F 		.ascii	"K\227\201_\373\031\007\352\216\216\365\255\204\231\262"
  83      FB1907EA 
  83      8E8EF5AD 
ARM GAS  /tmp/ccEcLlva.s 			page 6


  83      8499B2
  84 02fd C0C011FC 		.ascii	"\300\300\021\374\324h\205Kg-B\302\216\361\227\250\261"
  84      D468854B 
  84      672D42C2 
  84      8EF197A8 
  84      B1
  85 030e 3CBA95E1 		.ascii	"<\272\225\341\336\227\323\321\342r\362K\026I\227\362"
  85      DE97D3D1 
  85      E272F24B 
  85      164997F2 
  86 031e 78B34BC9 		.ascii	"x\263K\311\257X\256\253\206\337\352(\226\217\013j\270"
  86      AF58AEAB 
  86      86DFEA28 
  86      968F0B6A 
  86      B8
  87 032f A9AC009B 		.ascii	"\251\254\000\233\222\267|Cg\342{\303#\000\217\313\271"
  87      92B77C43 
  87      67E27BC3 
  87      23008FCB 
  87      B9
  88 0340 B3285CC1 		.ascii	"\263(\\\301\243\351b\260\023\202\336\370\274|Q\214{"
  88      A3E962B0 
  88      1382DEF8 
  88      BC7C518C 
  88      7B
  89 0351 53CCE1B4 		.ascii	"S\314\341\264*'\301\016\022\354S\264-\341x\341Y\371"
  89      2A27C10E 
  89      12EC53B4 
  89      2DE178E1 
  89      59F9
  90 0363 1B42DD2F 		.ascii	"\033B\335/`\274\237\306\355\310\3654x\301\202W\330\334"
  90      60BC9FC6 
  90      EDC8F534 
  90      78C18257 
  90      D8DC
  91 0375 D59ADC19 		.ascii	"\325\232\334\031\300B\004\354g\222\033\357\276+\036"
  91      C04204EC 
  91      67921BEF 
  91      BE2B1E
  92 0384 B98FADC8 		.ascii	"\271\217\255\310\025\201\027*xg\355\311\235\003\314"
  92      1581172A 
  92      7867EDC9 
  92      9D03CC
  93 0393 2160E749 		.ascii	"!`\347I\356c\367\225+\220r\023\254\310\025\203\027&"
  93      EE63F795 
  93      2B907213 
  93      ACC81583 
  93      1726
  94 03a5 7817ECC9 		.ascii	"x\027\354\311]\004,\\\300JHn\202\373\312y\344>\261\""
  94      5D042C5C 
  94      C04A486E 
  94      82FBCA79 
  94      E43EB122 
  95 03b9 7709BC08 		.ascii	"w\011\274\010\301\273lO\256\024\260H\001\273Br\237\270"
  95      C1BB6C4F 
  95      AE14B048 
  95      01BB4272 
ARM GAS  /tmp/ccEcLlva.s 			page 7


  95      9FB8
  96 03cb AFDC0929 		.ascii	"\257\334\011)7\321\212\334U\360\242\004\357\027{re\200"
  96      37D18ADC 
  96      55F0A204 
  96      EF177B72 
  96      6580
  97 03dd 450BD835 		.ascii	"E\013\3305\222\233\350\276r\036\271IV\344\256\203\027"
  97      929BE8BE 
  97      721EB949 
  97      56E4AE83 
  97      17
  98 03ee 237837EC 		.ascii	"#x7\354\311\335\004\254\235\200\335\"\271I\336\241C"
  98      C9DD04AC 
  98      9D80DD22 
  98      B949DEA1 
  98      43
  99 03ff 946456A9 		.ascii	"\224dV\251R\032\236\275\034\352G\370\313\021~\237\322"
  99      521A9EBD 
  99      1CEA47F8 
  99      CB117E9F 
  99      D2
 100 0410 97BEA1F4 		.ascii	"\227\276\241\364\025\320i\337z\351o\313\322\337\361"
 100      15D069DF 
 100      7AE96FCB 
 100      D2DFF1
 101 041f 29BD95BA 		.ascii	")\275\225\272W\242\356\253\362^\036\017\023uO\242\272"
 101      57A2EEAB 
 101      F25E1E0F 
 101      13754FA2 
 101      BA
 102 0430 5789BA97 		.ascii	"W\211\272\227\006T\367j\336\356\3626\353\236\311\353"
 102      0654F76A 
 102      DEEEF236 
 102      EB9EC9EB 
 103 0440 4E4754BE 		.ascii	"NGT\276\256\356wQ\367\032\332\205\010\376d\345\351%"
 103      AEEE7751 
 103      F71ADA85 
 103      08FE64E5 
 103      E925
 104 0452 3323DD75 		.ascii	"3#\335u\357\301\037\326.:V\317\232\255\306=q\371\012"
 104      EFC11FD6 
 104      2E3A56CF 
 104      9AADC63D 
 104      71F90A
 105 0465 176C5A19 		.ascii	"\027lZ\031\351[\367\373\262\356De\017\324\202\324\340"
 105      E95BF7FB 
 105      B2EE4465 
 105      0FD482D4 
 105      E0
 106 0476 A5CDB8B4 		.ascii	"\245\315\270\264\346Q\224\367\202Ty-HU\376\254\265A"
 106      E65194F7 
 106      8254792D 
 106      4855FEAC 
 106      B541
 107 0488 DE0BF2AB 		.ascii	"\336\013\362\253\3149`\017iA\"T\316a<\312OEl\357#\231"
 107      CC39600F 
 107      69412254 
ARM GAS  /tmp/ccEcLlva.s 			page 8


 107      CE613CCA 
 107      4F456CEF 
 108 049e 73F06AED 		.ascii	"s\360j\355\311\325\311\234\003\366\230\344F\251\234"
 108      C9D5C99C 
 108      03F698E4 
 108      46A99C
 109 04ad 436EB415 		.ascii	"Cn\264\025\271z\231s\360\236\330\223{*s\016\330o$7Z"
 109      B97A9973 
 109      F09ED893 
 109      7B2A730E 
 109      D86F2437 
 110 04c2 E51C7263 		.ascii	"\345\034rc\254\310=\2239\007\357\271=\271\006\231s\300"
 110      ACC83D93 
 110      3907EFB9 
 110      3DB90699 
 110      73C0
 111 04d4 5E90DC18 		.ascii	"^\220\334\030\225s\310}dE\356\245\3149x\257\354\311"
 111      9573C87D 
 111      6445EEA5 
 111      CC3978AF 
 111      ECC9
 112 04e6 35CA9C03 		.ascii	"5\312\234\003\326Dr\037\251\234Cn\254\0259\227\3149"
 112      D644721F 
 112      A99C436E 
 112      AC153997 
 112      CC39
 113 04f8 78A66E4B 		.ascii	"x\246nK.N\0279\007l\206\316\345\306\252\234Cn\234\025"
 113      2E4E1739 
 113      076C86CE 
 113      E5C6AA9C 
 113      436E9C15 
 114 050c B9785DE4 		.ascii	"\271x]\344\034\274\004{r\211\272\3109`3In\234w\331P"
 114      1CBC047B 
 114      7289BAC8 
 114      39603349 
 114      6E9C77D9 
 115 0521 214FCEAB 		.ascii	"!O\316\253e\316\257\371\223\363Yz\213\234_\177C\316"
 115      65CEAFF9 
 115      93F3597A 
 115      8B9C5F7F 
 115      43CE
 116 0533 93A0D3A1 		.ascii	"\223\240\323\241\365\234\317\326E\316\347\350\201\346"
 116      F59CCFD6 
 116      45CEE7E8 
 116      81E6
 117 0541 7CAE4E39 		.ascii	"|\256N9_\232\267\262$J\344|!\345|\236\356\316\371\365"
 117      5F9AB7B2 
 117      244AE47C 
 117      21E57C9E 
 117      EECEF9F5 
 118 0555 80723E5F 		.ascii	"\200r>_\217\245\327\332F\316\017\362\234\323\021\374"
 118      8FA5D7DA 
 118      46CE0FF2 
 118      9CD311FC 
 119 0565 D46DE7FC 		.ascii	"\324m\347\374G\235r\276@\347\273\020I9\277\260\347d"
 119      479D72BE 
 119      40E7BB10 
ARM GAS  /tmp/ccEcLlva.s 			page 9


 119      4939BFB0 
 119      E764
 120 0577 B43BE7F4 		.ascii	"\264;\347\364\035\037g\226mn\376'\375B\335}\371f\237"
 120      1D1F6796 
 120      6D6EFE27 
 120      FD42DD7D 
 120      F9669F
 121 058a 5AFB30C2 		.ascii	"Z\3730\3027\347\213t\221s\242\262\305jA8\237nYU\212"
 121      37E78B74 
 121      9173A2B2 
 121      C56A4138 
 121      9F6E5955 
 122 059f EF9FF7FC 		.ascii	"\357\237\367\374\325{\026d\333\223y\331a\336\013\262"
 122      D57B1664 
 122      DB9379D9 
 122      61DE0BB2 
 123 05af 44173907 		.ascii	"D\0279\007l)-H\244\3129\214\207\371\251\210\355]\246"
 123      6C292D48 
 123      A4CA398C 
 123      87F9A988 
 123      ED5DA6
 124 05c2 8B9C83B7 		.ascii	"\213\234\203\267\334\236\334O\272\3109`+Hn\230\3129"
 124      DC9EDC4F 
 124      BAC83960 
 124      2B486E98 
 124      CA39
 125 05d4 E4865B91 		.ascii	"\344\206[\221[\251\213\234\203\267\312\236\\\262.r\016"
 125      5BA98B9C 
 125      83B7CA9E 
 125      5CB22E72 
 125      0E
 126 05e5 D86A921B 		.ascii	"\330j\222\033\256r\016\271\021V\344\326\350\"\347\340"
 126      AE720EB9 
 126      1156E4D6 
 126      E822E7E0 
 127 05f5 ADB527B7 		.ascii	"\255\265'\267N\0279\007l=\311\215P9\207\334H+r\033t"
 127      4E173907 
 127      6C3DC98D 
 127      503987DC 
 127      482B721B 
 128 060a 9173F036 		.ascii	"\221s\3606\332\223K\321E\316\001\333Dr#U\316!\367\201"
 128      DA934BD1 
 128      45CE01DB 
 128      44722355 
 128      CE21F781 
 129 061e 15B9CDBA 		.ascii	"\025\271\315\272\3109x[\354\311\245\312\234\003\226"
 129      C839785B 
 129      ECC9A5CA 
 129      9C0396
 130 062d 46721FA8 		.ascii	"Fr\037\250\234C\356C+r[e\316\301\333fO.]\346\034\260"
 130      9C43EE43 
 130      2B725B65 
 130      CEC1DB66 
 130      4F2E5DE6 
 131 0643 ED24F7A1 		.ascii	"\355$\367\241w\331P!O\316\347\353\"\347\217\375\311"
 131      77D95021 
 131      4FCEE7EB 
ARM GAS  /tmp/ccEcLlva.s 			page 10


 131      22E78FFD 
 131      C9
 132 0654 F98E9639 		.ascii	"\371\216\2269\257\177C\3163\240\323\261\365\234g\312"
 132      AF7F43CE 
 132      33A0D3B1 
 132      F59C67CA 
 133 0664 9CEF0C38 		.ascii	"\234\357\0148\347Y\310yR\372\322\024C\344|\005\345|"
 133      E759C879 
 133      52FAD214 
 133      43E47C05 
 133      E57C
 134 0676 97C8797D 		.ascii	"\227\310y}@9\317\346\261\336\321f\316\253y\316\351\210"
 134      4039CFE6 
 134      B1DED166 
 134      CEAB79CE 
 134      E988
 135 0688 ACD7E57C 		.ascii	"\254\327\345|7r\236C\273\020\305\237|\221\235Q#\376"
 135      37729E43 
 135      BB10C59F 
 135      7C919D51 
 135      23FE
 136 069a 765E4207 		.ascii	"v^B\007_|\232]\023\334l7\366\210\335\270\367h\327\211"
 136      5F7C9A5D 
 136      13DC6C37 
 136      F688DDB8 
 136      F768D789 
 137 06ae 70DF9EEF 		.ascii	"p\337\236\357\225=',\333\2476$\007\033\222<\267\251"
 137      953D272C 
 137      DBA73624 
 137      071B923C 
 137      B7A9
 138 06c0 32C47B43 		.ascii	"2\304{Cvym\310\245\372#\013B\2747d\277\3549`\007hC\242"
 138      76796DC8 
 138      A5FA230B 
 138      42BC3764 
 138      BFEC3960 
 139 06d8 54CFA13C 		.ascii	"T\317\241<\320OE\254\357A\331s\360\016\331\223;,{\016"
 139      D04F45AC 
 139      EF41D973 
 139      F00ED993 
 139      3B2C7B0E 
 140 06ec D811921B 		.ascii	"\330\021\222\033\250z\016\271AV\344\216\312\236\203"
 140      A87A0EB9 
 140      4156E48E 
 140      CA9E83
 141 06fb 976B4FEE 		.ascii	"\227kO\356\230\3549`y$7H\365\034r\203\255\310\035\227"
 141      98EC3960 
 141      79243748 
 141      F51C7283 
 141      ADC81D97 
 142 070f 3D072FDF 		.ascii	"=\007/\337\236\\\201\3549`'Hn\260\3529\344\206X\221"
 142      9E5C81EC 
 142      39602748 
 142      6EB0EA39 
 142      E4865891 
 143 0723 3B297B0E 		.ascii	";){\016\336){r\247e\317\001+$\271!\252\347\220\033j"
 143      DE297B72 
ARM GAS  /tmp/ccEcLlva.s 			page 11


 143      A765CF01 
 143      2B24B921 
 143      AAE7901B 
 144 0738 45EE8CEC 		.ascii	"E\356\214\3549x?\333\223+\222=\007\354,\311\015U=\207"
 144      39783FDB 
 144      932B923D 
 144      07EC2CC9 
 144      0D553D87 
 145 074c 9CD38ADC 		.ascii	"\234\323\212\3349\331s\360\316\333\223+\226=\007\354"
 145      39D973F0 
 145      CEDB932B 
 145      963D07EC 
 146 075c 02C939BD 		.ascii	"\002\3119\275\323\206\014yz\236-{\376\334\237\236_l"
 146      D3860C79 
 146      7A9E2D7B 
 146      FEDC9F9E 
 146      5F6C
 147 076e D9F38637 		.ascii	"\331\363\2067\364\274\004:\235Z\357\371%\331\363\313"
 147      F4BC043A 
 147      9D5AEFF9 
 147      25D9F3CB 
 148 077e 01F7BC14 		.ascii	"\001\367\274\024=/\313,\272\357\020=_O=\277\"z\336\020"
 148      3D2FCB2C 
 148      BAEF103D 
 148      5F4F3DBF 
 148      227ADE10 
 149 0792 50CFAFF2 		.ascii	"P\317\257\362Z_l\263\347\365\274\347tD\351\353z\376"
 149      5A5F6CB3 
 149      E7F5BCE7 
 149      7444E9EB 
 149      7AFE
 150 07a4 0B7A5E46 		.ascii	"\013z^F\273\020\315\237,\217;w7\302\335\363Z\\\211\254"
 150      BB10CD9F 
 150      2C8F3B77 
 150      37C2DDF3 
 150      5A5C89AC 
 151 07b8 4D171DCD 		.ascii	"M\027\035\315v\343\232\334\215\232\214;!\276=\277.{"
 151      76E39ADC 
 151      8D9A8C3B 
 151      21BE3DBF 
 151      2E7B
 152 07ca 4E587643 		.ascii	"NXvCmH"
 152      6D48
 153 07d0 1936A4E2 		.ascii	"\0316\244\342\324\034\237\237\337\256x-\310\261\037"
 153      D41C9F9F 
 153      DFAE782D 
 153      C8B11F
 154 07df EF6E89F2 		.ascii	"\357n\211\362y;N\346\034\254[\264 \321*\3470\356\347"
 154      793B4EE6 
 154      1CAC5BB4 
 154      20D12AE7 
 154      30EEE7
 155 07f2 A721B6B7 		.ascii	"\247!\266\267\\\346\034\274\012[n\267e\315\301\272C"
 155      5CE61CBC 
 155      0A5B6EB7 
 155      65CDC1BA 
 155      43
ARM GAS  /tmp/ccEcLlva.s 			page 12


 156 0803 6EFD54CD 		.ascii	"n\375T\315\341\026k\305\255R\326\034\274*[n\3252\346"
 156      E1166BC5 
 156      AD52D61C 
 156      BC2A5B6E 
 156      D532E6
 157 0816 60DD25B7 		.ascii	"`\335%\267X\025s\270\275g\305\255F\306\034\274{\266"
 157      581573B8 
 157      BD67C5AD 
 157      46C61CBC 
 157      7BB6
 158 0828 DCEECB96 		.ascii	"\334\356\313\226\203\365\200\334\336S-\207[\177+n\277"
 158      83F580DC 
 158      DE532D87 
 158      5B7F2B6E 
 158      BF
 159 0839 CA9683F7 		.ascii	"\312\226\203\367\320\226\333#\231r\260j\311\255\277"
 159      D096DB23 
 159      9972B06A 
 159      C9ADBF
 160 0848 4A39DCDE 		.ascii	"J9\334\336\267\342V'S\016\336c[n\365\262\344`=!\267"
 160      B7E25627 
 160      530EDE63 
 160      5B6EF5B2 
 160      E4603D21 
 161 085d F755C9E1 		.ascii	"\367U\311\3416\300\212\333SYr\360~\263\345\366L\206"
 161      36C08ADB 
 161      535972F0 
 161      7EB3E5F6 
 161      4C86
 162 086f 1CACE7E4 		.ascii	"\034\254\347\3446\300\273i\350\217'\344We\310\233\374"
 162      36C0BB69 
 162      E88F27E4 
 162      5765C89B 
 162      FC
 163 0880 097943CB 		.ascii	"\011yC\313\220\273\336\020\362\027\320\351\334z\310"
 163      90BBDE10 
 163      F217D0E9 
 163      DC7AC8
 164 088f 5FCA90BF 		.ascii	"_\312\220\277\0128\344\215\010\371\371\324\352\244`"
 164      0A38E48D 
 164      08F9F9D4 
 164      EAA460
 165 089e 11F2340A 		.ascii	"\021\3624\012y\223\010\271+\240\220\273x\246\033\332"
 165      799308B9 
 165      2BA090BB 
 165      78A61BDA 
 166 08ae 0CB98B87 		.ascii	"\014\271\213\207\234\216h|]\310M\203B\036G\377\270\035"
 166      9C8E687C 
 166      5DC84D83 
 166      421E47FF 
 166      B81D
 167 08c0 C39FCC78 		.ascii	"\303\237\314x\266\3454s\207|\036\243\227x\370\204\031"
 167      B6E53473 
 167      877C1EA3 
 167      9778F884 
 167      19
 168 08d1 D36C3566 		.ascii	"\323l5f\030\356\353W\223\262xG\2637Z\342\015\021r\302"
ARM GAS  /tmp/ccEcLlva.s 			page 13


 168      18EEEB57 
 168      93B27847 
 168      B3375AE2 
 168      0D1172C2 
 169 08e5 B204C3B3 		.ascii	"\262\004\303\263 \374\004\364f\333\242\324\353a\336"
 169      20FC04F4 
 169      66DBA2D4 
 169      EB61DE
 170 08f4 1BD2E4B5 		.ascii	"\033\322\344\265!\217\353J\213\034>\357\304\031\242"
 170      218FEB4A 
 170      8B1C3EEF 
 170      C419A2
 171 0903 E480CD34 		.ascii	"\344\200\3154\370\206\304\250\222C\271\247\237\212\330"
 171      F886C4A8 
 171      9243B9A7 
 171      9F8AD8
 172 0912 DE598628 		.ascii	"\336Y\206(9xI\366\344f\033\"\345\200\315!\271\236*\345"
 172      397849F6 
 172      E4661B22 
 172      E580CD21 
 172      B99E2AE5 
 173 0926 907BD78A 		.ascii	"\220{\327\212\334\\C\244\034\274y\366\344\346\033\242"
 173      DC5C43A4 
 173      1CBC79F6 
 173      E4E61BA2 
 174 0936 E580FD48 		.ascii	"\345\200\375Hr\357\252\226C\256\227\025\271\005\206"
 174      72EFAA96 
 174      43AE9715 
 174      B90586
 175 0945 6839780B 		.ascii	"h9x\013\355\311-2D\314\001[Lr\275T\314!\327\333\212"
 175      EDC92D32 
 175      44CC015B 
 175      4C72BD54 
 175      CC21D7DB 
 176 095a DC1243C4 		.ascii	"\334\022C\304\034\274\245\366\344\226\031\242\346\200"
 176      1CBCA5F6 
 176      E49619A2 
 176      E680
 177 0968 2D27B9DE 		.ascii	"-'\271\336\252\346\220\353cE\356'C\324\034\274\025\366"
 177      AAE690EB 
 177      6345EE27 
 177      43D41CBC 
 177      15F6
 178 097a E4561A22 		.ascii	"\344V\032\"\347\200\255\"\271>*\347\220\353kE.\331\020"
 178      E780AD22 
 178      B93E2AE7 
 178      90EB6B45 
 178      2ED910
 179 098d 39076FB5 		.ascii	"9\007o\265=\2715\206\3509`kI\256\257w\332\220!O\317"
 179      3DB93586 
 179      E839606B 
 179      49AEAF77 
 179      DA90214F 
 180 09a2 5DB2E74B 		.ascii	"]\262\347K\303\375\350\371:\243E\317\227\315y}\317\327"
 180      C3FDE8F9 
 180      3AA345CF 
 180      97CD797D 
ARM GAS  /tmp/ccEcLlva.s 			page 14


 180      CFD7
 181 09b4 43A74BEB 		.ascii	"C\247K\353=\337`\210\236o4\002\355y\012\376\246\266"
 181      3DDF6088 
 181      9E6F3402 
 181      ED790AFE 
 181      A6B6
 182 09c6 E4696AB9 		.ascii	"\344ij\271\354\371N\352\371&\303\335\363e\205\201\364"
 182      ECF94EEA 
 182      F926C3DD 
 182      F3658581 
 182      F4
 183 09d7 7CB3114B 		.ascii	"|\263\021K\257\265\215\236\247/5p\004?u\333=\337\202"
 183      AFB58D9E 
 183      A72F3570 
 183      043F75DB 
 183      3DDF82
 184 09ea 9EA7D22E 		.ascii	"\236\247\322.\264\343OV\272\\\206;\347i\224\363\206"
 184      B4E34F56 
 184      BA5C863B 
 184      E76994F3 
 184      86
 185 09fb A7E77786 		.ascii	"\247\347w\2067[\2154\261\032\257V\335\274\034\352\233"
 185      375B8D34 
 185      B11AAF56 
 185      DDBC1CEA 
 185      9B
 186 0a0c F3AD32E7 		.ascii	"\363\2552\347De\333\324\202\244bA\016/\316\336\343\363"
 186      4465DBD4 
 186      82A46241 
 186      0E2FCEDE 
 186      E3F3
 187 0a1e 4E1C7FF5 		.ascii	"N\034\177\365\236\005Iy\274\375\240\317On\3512\347\200"
 187      9E054979 
 187      BCFDA0CF 
 187      4F6EE932 
 187      E780
 188 0a30 6DA70569 		.ascii	"m\247\005i\247r\016\343\267\374T\304\366\356\2209\007"
 188      A7720EE3 
 188      B7FC54C4 
 188      F6EE9039 
 188      07
 189 0a41 2FC39E5C 		.ascii	"/\303\236\\\246\3149`;I\356-\225s\310\275mE.K\346\034"
 189      A6CC3960 
 189      3B49EE2D 
 189      9573C8BD 
 189      6D452E4B 
 190 0a57 BC5DF6E4 		.ascii	"\274]\366\344\262e\316\001\333Mro\253\234C\256\233\025"
 190      B265CE01 
 190      DB4D726F 
 190      AB9C43AE 
 190      9B15
 191 0a69 B91C9973 		.ascii	"\271\034\231s\360\366\330\223\333+s\016\330>\222\353"
 191      F0F6D893 
 191      DB2B730E 
 191      D83E92EB 
 192 0a79 A6720EB9 		.ascii	"\246r\016\271\356V\344\366\313\234\203w\300\236\334"
 192      EE56E4F6 
ARM GAS  /tmp/ccEcLlva.s 			page 15


 192      CB9C8377 
 192      C09EDC
 193 0a88 419973C0 		.ascii	"A\231s\300\016\221\\w\225s\310\365\260\"wX\346\034\274"
 193      0E915C77 
 193      9573C8F5 
 193      B0227758 
 193      E61CBC
 194 0a9b 23F6E48E 		.ascii	"#\366\344\216\312\234\003\226Kr=T\316!\367\216\025\271"
 194      CA9C0396 
 194      4B723D54 
 194      CE21F78E 
 194      15B9
 195 0aad 6332E7E0 		.ascii	"c2\347\340\345\331\223;.s\016X>\311\275\343]6T\310\223"
 195      E5D9933B 
 195      2E730E58 
 195      3EC9BDE3 
 195      5D3654C8 
 196 0ac2 F3CD86C8 		.ascii	"\363\315\206\310\371*\177r^\3202\347\311o\310\371\011"
 196      F92A7F72 
 196      5ED032E7 
 196      C96FC8F9 
 196      09
 197 0ad3 E8746D3D 		.ascii	"\350tm=\347'e\316O\005\234\363\323\310y\301\356\364"
 197      E72765CE 
 197      4F059CF3 
 197      D3C879C1 
 197      EEF4
 198 0ae5 1299F37D 		.ascii	"\022\231\363}\224\363B\221\363\344\200r~\206\307\272"
 198      94F34291 
 198      F3E48072 
 198      7E86C7BA 
 199 0af5 A0CD9CEF 		.ascii	"\240\315\234\357\3459\247#N\277.\347?#\347E\264\013"
 199      E539A723 
 199      4EBF2EE7 
 199      3F23E745 
 199      B40B
 200 0b07 EDE9EDB0 		.ascii	"\355\351\355\260\364\270l\207\273\347\371\324\363\337"
 200      F4B86C87 
 200      BBE7F9D4 
 200      F3DF
 201 0b15 1A1A0735 		.ascii	"\032\032\0075[\215\263b5\326\345\314\341?(\373\344\374"
 201      5B8DB362 
 201      35D6E5CC 
 201      E13F28FB 
 201      E4FC
 202 0b27 9CCC3951 		.ascii	"\234\3149Q\331y\265 EX\220\007/\017\327\370\274\021"
 202      D979B520 
 202      45589007 
 202      2F0FD7F8 
 202      BC11
 203 0b39 57E8B520 		.ascii	"W\350\265 \361\031%\325>\377N^,s\016\330\005Z\220\366"
 203      F11925D5 
 203      3EFF4E5E 
 203      2C730ED8 
 203      055A90F6 
 204 0b4d 2AE730EE 		.ascii	"*\3470\356\340\237!\226\367\242\2549p%\366\334.\311"
 204      E09F2196 
ARM GAS  /tmp/ccEcLlva.s 			page 16


 204      F7A2AC39 
 204      7025F6DC 
 204      2EC9
 205 0b5f 9A037699 		.ascii	"\232\003v\231\334:\250\232\303\255\243\005\267R\031"
 205      DC3AA89A 
 205      C3ADA305 
 205      B75219
 206 0b6e 73E0AED8 		.ascii	"s\340\256\330s\273*c\016\330/\344\326Q\305\034n\235"
 206      73BB2A63 
 206      0ED82FE4 
 206      D651C51C 
 206      6E9D
 207 0b80 2CB895C9 		.ascii	",\270\225\311\226\003w\315\236\333u\331r\300n\220['"
 207      960377CD 
 207      9EDB75D9 
 207      72C06E90 
 207      5B27
 208 0b92 D572B875 		.ascii	"\325r\270u\266\340vS\246\034\270[\366\334\312e\312\001"
 208      B6E07653 
 208      A61CB85B 
 208      F6DCCA65 
 208      CA01
 209 0ba4 AB20B7CE 		.ascii	"\253 \267\316*\345p\353b\301\355\266,9pw\354\271U\312"
 209      2AE570EB 
 209      62C1EDB6 
 209      2C397077 
 209      ECB955CA 
 210 0bb8 92035645 		.ascii	"\222\003VEn]T\311\341\326\325\202[\265\0149pw\355\271"
 210      6E5D54C9 
 210      E1D6D582 
 210      5BB50C39 
 210      7077EDB9 
 211 0bcc D5C89003 		.ascii	"\325\310\220\003v\217\334\272z7\015\375\361\204\374"
 211      768FDCBA 
 211      7A370DFD 
 211      F184FC
 212 0bdb 0C3DB8C7 		.ascii	"\014=\270\307\237-\376\034I\245\217Z\036\246\205g5]"
 212      9F2DFE1C 
 212      49A58F5A 
 212      1EA68567 
 212      355D
 213 0bed D3260E1D 		.ascii	"\323&\016\035\352t\377\367\351\367\223\3776\371\313"
 213      EA74FFF7 
 213      E9F793FF 
 213      36F9CB
 214 0bfc AF877CF5 		.ascii	"\257\207|\365\215s\352\017\316\357\377:\3059m\352\277"
 214      8D73EA0F 
 214      CEEFFF3A 
 214      C5396DEA 
 214      BF
 215 0c0d FFF383F3 		.ascii	"\377\363\203\363\353o\3760r\204\363\213/>s\376\356O"
 215      EB6FFE30 
 215      7284F38B 
 215      2F3E73FE 
 215      EE4F
 216 0c1f BFFFF2BF 		.ascii	"\277\377\362\277#\350\251\277L\343\277\246L\371\373"
 216      23E8A9BF 
ARM GAS  /tmp/ccEcLlva.s 			page 17


 216      4CE3BFA6 
 216      4CF9FB
 217 0c2e D06FB590 		.ascii	"\320o\265\220o\247\376\353\237\223\277\013\376n\332"
 217      6FA7FEEB 
 217      9F93BF0B 
 217      FE6EDA
 218 0c3d E4A9D3FE 		.ascii	"\344\251\323\376\017\023\230\203\206"
 218      0F139883 
 218      86
 219              		.text
 220              		.section	.gnu.lto__pal_lld_setgroupmode.c9c82dbb4227ad10,"",%progbits
 221 0000 789C9D57 		.ascii	"x\234\235W{PT\347\025\277\347~w\037\354\013\215V\215"
 221      7B5054E7 
 221      15BFE77E 
 221      771FEC0B 
 221      8D568D
 222 0013 12431E84 		.ascii	"\022C\036\204h\220UL\224\252\203L\324\3611 h2\235v\332"
 222      6890554C 
 222      94AA834C 
 222      D4F13120 
 222      68329D76 
 223 0028 99560B33 		.ascii	"\231V\0133:\205\201\001\232\231\376\225\225\205\325"
 223      3A858101 
 223      9A99FE95 
 223      9585D5
 224 0037 44B4B48E 		.ascii	"D\264\264\216\032\035\023\2236\011\232\200B\321*\226"
 224      1A1D1393 
 224      36099A80 
 224      42D12A96 
 225 0047 340451A2 		.ascii	"4\004Q\242\370\210\321\032_5\"J\024\251\302\202\217"
 225      F888D11A 
 225      5F35224A 
 225      14A9C282 
 225      8F
 226 0058 4C79F49C 		.ascii	"Ly\364\234\363\335}\272u\030v\330\303\275\347\373\375"
 226      F3DD7DBA 
 226      751876D8 
 226      C3BDE7FB 
 226      FD
 227 0069 CE3DBFF3 		.ascii	"\316=\277\363\235\357\273\337j\012(\364\031\034\251"
 227      9DEFBBDF 
 227      6A0A28F4 
 227      191CA9
 228 0078 286BF1FF 		.ascii	"(k\361\377~\374B\264\002j\371)EYcVA\310\013\241j\353"
 228      7EFC42B4 
 228      026AF929 
 228      45596356 
 228      41C80BA1 
 229 008e E21597C5 		.ascii	"\342\025\227\305F\326\246\251\206\256\237\340]\324\207"
 229      46D6A6A9 
 229      86AE9FE0 
 229      5DD487
 230 009d C9786750 		.ascii	"\311xgP\215<f\3421#\230%\305\344\2730\203M^D\251\026"
 230      8D3C66E2 
 230      31239825 
 230      C5E4BB30 
 230      834D5E44 
ARM GAS  /tmp/ccEcLlva.s 			page 18


 231 00b3 065A1968 		.ascii	"\006Z\031h\361\271\255\276\013\233\352(1\341\270\275"
 231      F1B9ADBE 
 231      0B9BEA28 
 231      31E1B8BD 
 232 00c3 AC594180 		.ascii	"\254YA\200]>\374+\263\003\200.\\fP\336V\205f0\232\314"
 232      5D3EFC2B 
 232      B303802E 
 232      5C6650DE 
 232      56856630 
 233 00d9 5116ABCD 		.ascii	"Q\026\253\315\356\000\274U\344\347\276\332\257B\343"
 233      EE00BC55 
 233      E4E7BEDA 
 233      AF42E3
 234 00e8 DAF63A75 		.ascii	"\332\366:uR\205\013?\327n\356\235\346\332\325\000\245"
 234      52850B3F 
 234      D76EEE9D 
 234      E6DAD500 
 234      A5
 235 00f9 08185425 		.ascii	"\010\030T%\006*`\022\242\316\224T\357\020\275j\251\000"
 235      062A6012 
 235      A2CE9454 
 235      EF10BD6A 
 235      A900
 236 010b D0F0B6FB 		.ascii	"\320\360\266\373\344\3666\007\335\252\020\213\267\207"
 236      E4F63607 
 236      DDAA108B 
 236      B787
 237 0119 4F0D1EB4 		.ascii	"O\015\036\264\210y\240\340u\361_\2665\331\343?q\271"
 237      8879A0E0 
 237      75F15FB6 
 237      35D9E33F 
 237      71B9
 238 012b 8A5DAE9D 		.ascii	"\212]\256\235\331\256\250R!\3403\020\030\017vC\014\354"
 238      D9AEA852 
 238      21E03310 
 238      180F7643 
 238      0CEC
 239 013d 8218055D 		.ascii	"\202\030\005]\012|\016\361\210\036\374\264\372\035\263"
 239      0A7C0EF1 
 239      881EFCB4 
 239      FA1DB3
 240 014c 58C4CC1F 		.ascii	"X\304\314\0377\177\375>Hf\303\237Z\022\266\271\032\264"
 240      377FFD3E 
 240      4866C39F 
 240      5A12B6B9 
 240      1AB4
 241 015e 52A14165 		.ascii	"R\241Ae8YS\240\212\311=\265\237l\262\212t&\267l\374"
 241      385953A0 
 241      8AC93DB5 
 241      9F6CB28A 
 241      7426B76C 
 242 0173 E2E73A77 		.ascii	"\342\347:wS\313K\222k\200=\341\\\203\002{!\236\010e"
 242      53CB4B92 
 242      6B803DE1 
 242      5C83027B 
 242      219E0865 
 243 0187 6B765F13 		.ascii	"kv_\023b9\223o\236m\273\005q\177ev\315z\007\262KbK\205"
ARM GAS  /tmp/ccEcLlva.s 			page 19


 243      6239936F 
 243      9E6DBB05 
 243      717F6576 
 243      CD7A07B2 
 244 019f 11AA43E9 		.ascii	"\021\252C\351\364A\364\356\301\323\1776\213\2371\363"
 244      F441F4EE 
 244      C1D37F36 
 244      8B9F31F3 
 245 01af BFDFF479 		.ascii	"\277\337\364y\314:\363\203\026\233\253|\215\231\210"
 245      CC3AF383 
 245      169BAB7C 
 245      8D9988
 246 01be 7F8B48BC 		.ascii	"\177\213H\274\267\351\310IU\374\222\211\033w\236lu\350"
 246      B7E9C849 
 246      55FC9289 
 246      1B779E6C 
 246      75E8
 247 01d0 C41D01E2 		.ascii	"\304\035\001\342\276\210\304\366\013\356mF\261\202\211"
 247      BE88C4F6 
 247      0BEE6D46 
 247      B18289
 248 01df 1D1BF79D 		.ascii	"\035\033\367\235\265\350\304\355\001\342\337#\022\313"
 248      B5E8C4ED 
 248      01E2DF23 
 248      12CB
 249 01ed FB2FBA8C 		.ascii	"\373/\272\214b5\023\317\364\324~\246\351\304\367\002"
 249      623513CF 
 249      F4D47EA6 
 249      E9C4F702 
 250 01fd C4831189 		.ascii	"\304\203\021\211\033\356=\372H\023\371Ll\276r\346\226"
 250      1BEE3DFA 
 250      4813F94C 
 250      6CBE72E6 
 250      96
 251 020e 2FD52D01 		.ascii	"/\325-\001\342\241\210\304\3535\003\233\355\306\022"
 251      E2A188C4 
 251      EB35039B 
 251      EDC612
 252 021d 6AA758F8 		.ascii	"j\247X\370\007\304A\035~\017\340w?~k\361[\003q\262\271"
 252      07C4411D 
 252      7E0FE077 
 252      3F7E6BF1 
 252      5B0371B2 
 253 0232 A01E8CB8 		.ascii	"\240\036\214\270\220,\377\017\205\301\372o\327|n\021"
 253      902CFF0F 
 253      85C1FA6F 
 253      D77C6E11 
 254 0242 6F71169F 		.ascii	"oq\026\237\326\367o\360eq`\375h\377\034}\361x\032\360"
 254      D6F76FF0 
 254      657160FD 
 254      68FF1C7D 
 254      F1781AF0 
 255 0256 4F666FBE 		.ascii	"Ofo\276\335^\243\211\267\231\355\0358\372\275>\303\256"
 255      DD5EA389 
 255      B799ED1D 
 255      38FABD3E 
 255      C3AE
ARM GAS  /tmp/ccEcLlva.s 			page 20


 256 0268 FB59AE77 		.ascii	"\373Y\256wR\211\372e\004j\003S7\334\371\343z\020\305"
 256      5289FA65 
 256      046A0353 
 256      37DCF9E3 
 256      7A10C5
 257 027b C0DC1F3C 		.ascii	"\300\334\037<w\3346\235\333\357\343~\025\201\333\310"
 257      77DC369D 
 257      DBEFE37E 
 257      1581DBC8 
 258 028b DCB2D60F 		.ascii	"\334\262\326\017+\242D\251\344\276{\360\306K:us\266"
 258      2BA244A9 
 258      E4BE7BF0 
 258      C64B3A75 
 258      73B6
 259 029d 4E3D1C81 		.ascii	"N=\034\201\332\004q{\2277\270\006\007\335\330\277\326"
 259      DA04717B 
 259      9737B806 
 259      07DDD8BF 
 259      D6
 260 02ae CBEF7544 		.ascii	"\313\357uDagR\233#\020\353\203\353\005+\204\215\217"
 260      6167529B 
 260      2310EB83 
 260      EB052B84 
 260      8D8F
 261 02c0 35C216C6 		.ascii	"5\302\026\306*\031\025\252\221\005\250\235\255\214\261"
 261      2A1915AA 
 261      9105A89D 
 261      AD8CB1
 262 02cf 617B9BEC 		.ascii	"a{\233\354\014t\320e4\243G\320\345H\246<E\227\243\024"
 262      0C74D065 
 262      34A347D0 
 262      E548A63C 
 262      4597A314 
 263 02e3 AAEF68A0 		.ascii	"\252\357h\240\330c\3101\226\31482Os\341\306\343\245"
 263      D863C831 
 263      96CC3832 
 263      4F73E1C6 
 263      E3A5
 264 02f5 79021782 		.ascii	"y\002\027\202\026\214\351\031\272\237\310\342\236\245"
 264      168CE919 
 264      BA9FC8E2 
 264      9EA5
 265 0303 CB584EF6 		.ascii	"\313XN\3669\240\005\374<\001^ \363\"\23182\361d^&3\211"
 265      39A005FC 
 265      3C015E20 
 265      F3229938 
 265      32F1645E 
 266 031a CC643209 		.ascii	"\314d2\011d\246\220I$3\225\31442Id\246\223y\215\314"
 266      64A69049 
 266      243395CC 
 266      34324964 
 266      A693798D 
 267 032f 0C3233C9 		.ascii	"\01423\311$\223\231Ef6\2319dR\310\314%\223J\346u2\363"
 267      24939945 
 267      66369939 
 267      6452C8CC 
 267      25934AE6 
ARM GAS  /tmp/ccEcLlva.s 			page 21


 268 0346 C8CC27B3 		.ascii	"\310\314'\263\200\314B2\213\310,&\263\204L\032\3271"
 268      80CC4232 
 268      8BC82C26 
 268      B3844C1A 
 268      D731
 269 0358 9D0BB394 		.ascii	"\235\013\263\224k\222\301\345\310\344\252-\343:*J\027"
 269      6B92C1E5 
 269      C8E4AA2D 
 269      E33A2A4A 
 269      17
 270 0369 B6246EA4 		.ascii	"\266$n\244\335\252\212\377D;\270\373<W+\223\251G\335"
 270      DDAA8AFF 
 270      443BB8FB 
 270      3C572B93 
 270      A947DD
 271 037c C2EA1616 		.ascii	"\302\352\026\026\332)\275\325\0256\332\364L \340\010"
 271      DA29BDD5 
 271      1536DAF4 
 271      4C20E008 
 272 038c CEDC7550 		.ascii	"\316\334uP\271\2111\014\202\024$y=\355\225\027@\262"
 272      B989310C 
 272      82142479 
 272      3DED9517 
 272      40B2
 273 039e 6C927564 		.ascii	"l\222ud\360aC4\261\314\210>\212,\216}C\007\331\021\207"
 273      F0614334 
 273      B1CC883E 
 273      8A2C8E7D 
 273      4307D911 
 274 03b3 A07D4DCD 		.ascii	"\240}M\315\036\263\014\015\320\034\024\272\216B\333"
 274      1EB30C0D 
 274      D01C14BA 
 274      8E42DB
 275 03c2 65E8BB95 		.ascii	"e\350\273\225\227t\226\003CCBX\250h\364\207\244u\200"
 275      97749603 
 275      43434258 
 275      A868F487 
 275      A47580
 276 03d5 B8D192FB 		.ascii	"\270\321\222\373\300\237\326\010\231\326\261\217\017"
 276      C09FD608 
 276      99D6B18F 
 276      0F
 277 03e2 F5D9645A 		.ascii	"\365\331dZ\006\370:<\255\221\210\013\211\265\237b\215"
 277      06F83A3C 
 277      AD91880B 
 277      89B59F62 
 277      8D
 278 03f3 94B1062A 		.ascii	"\224\261\006*\273t\330S2V\357\273\245\017\205\214e\202"
 278      BB74D853 
 278      3256EFBB 
 278      A50F858C 
 278      6582
 279 0405 63E1B146 		.ascii	"c\341\261F!\016A{\274\275{\214Rb4\034\017\012]K\241"
 279      210E417B 
 279      BCBD7B8C 
 279      5262341C 
 279      0F0A5D4B 
ARM GAS  /tmp/ccEcLlva.s 			page 22


 280 041a 47E16D71 		.ascii	"G\341mqC\265\225=r\361o)m<m\"\002\356\022\320\302\013"
 280      43B5953D 
 280      72F16F29 
 280      6D3C6D22 
 280      02EE12D0 
 281 0430 A51B5F5D 		.ascii	"\245\033_]\370V\023\210\035\301\363\346\026FE\336p\202"
 281      F8561388 
 281      1DC1F3E6 
 281      164645DE 
 281      7082
 282 0442 06FD8695 		.ascii	"\006\375\206\225k\372\015\227P\3507<U\252~\203m\341"
 282      6BFA0D97 
 282      50E8373C 
 282      55AA7E83 
 282      6DE1
 283 0454 1620B33D 		.ascii	"\026 \263=_\225\"\323\035\203.\236\202V(\271\354^\251"
 283      5F9522D3 
 283      1D832E9E 
 283      825628B9 
 283      EC5EA9
 284 0467 3B319FBD 		.ascii	";1\237\275\235u?\332\245\000\005N\310\205\353\005p\213"
 284      9D753FDA 
 284      A500054E 
 284      C885EB05 
 284      708B
 285 0479 D12A9A34 		.ascii	"\321*\2324{_\367*/\250\330\010j\375\305|\267\310\264"
 285      7B5FF72A 
 285      2FA8D808 
 285      6AFDC57C 
 285      B7C8B4
 286 048c 5FE9C9F1 		.ascii	"_\351\311\361\202\300\351SO\220#\335\376q\241\0274\234"
 286      82C0E953 
 286      4F9023DD 
 286      FE71A117 
 286      349C
 287 049e 12F5DC2F 		.ascii	"\022\365\334/\334b\251\275\276\247\310\013\006,\253"
 287      DC62A9BD 
 287      BEA7C80B 
 287      062CAB
 288 04ad DA49E319 		.ascii	"\332I\343\031\366\023D0\222V\265\3542z\226\331;{~\203"
 288      F6134430 
 288      9256B5EC 
 288      327A96D9 
 288      3B7B7E83 
 289 04c1 A235655D 		.ascii	"\2425e]\274l\311\273U\345\020\276\311\342\232\245\305"
 289      BC6CC9BB 
 289      55E510BE 
 289      C9E29AA5 
 289      C5
 290 04d2 4A0B9456 		.ascii	"J\013\224V&\357\253\270\243\234\244\274\307b\201\202"
 290      26EFABB8 
 290      A39CA4BC 
 290      C7628182 
 291 04e2 27C88413 		.ascii	"'\310\204\023tJN\320vO\247&A\343\020\027\374\2127\201"
 291      744A4ED0 
 291      764FA726 
 291      41E31017 
ARM GAS  /tmp/ccEcLlva.s 			page 23


 291      FC8A3781 
 292 04f6 06A725A8 		.ascii	"\006\247%\250\313\323\244J\320\323<\221\343x\326\320"
 292      CBD3A44A 
 292      D0D33C91 
 292      E378D6D0 
 293 0506 414F45A7 		.ascii	"AOE\247\304<\250\232#A\343\341\225\030\232\222v(\366"
 293      C43CA89A 
 293      2341E3E1 
 293      95189A92 
 293      7628F6
 294 0519 AE3D07D2 		.ascii	"\256=\007\3229\001\375~Z\003\321&\310\347\017T\375J"
 294      3901FD7E 
 294      5A03D126 
 294      C8E70F54 
 294      FD4A
 295 052b 22626496 		.ascii	"\"bd\226\376\225bB\3607\276\004z\3650\317`\303#44\366"
 295      FE956242 
 295      F037BE04 
 295      7AF530CF 
 295      60C32334 
 296 0541 44F4FB63 		.ascii	"D\364\373c7R\354\211\222utO\212D<\033\334zfl\2753\020"
 296      3752EC89 
 296      9275744F 
 296      8A443C1B 
 296      DC7A666C 
 297 0558 433A42C2 		.ascii	"C:B\302\304\"\316\037\246\211\302\304\"\240\361Pwo\243"
 297      C422CE1F 
 297      A689C2C4 
 297      22A0F150 
 297      776FA3
 298 056b 49229E0F 		.ascii	"I\"\236\017nH\301[\373\303\346\343\353l;\341}<.E\271"
 298      6E48C15B 
 298      FBC3E6E3 
 298      EB6C3BE1 
 298      7D3C2E45 
 299 0580 C573F02D 		.ascii	"\305s\360-\265\004\372\277\363z\017\333\234U\256\022"
 299      B504FABF 
 299      F37A0FDB 
 299      9C55AE12 
 300 0590 1CB0C059 		.ascii	"\034\260\300Y\330\011\003|\226\202s\340\244\307\016"
 300      D809037C 
 300      968273E0 
 300      A4C70E
 301 059f 78FAF4C2 		.ascii	"x\372\364\302\277\240\227\242\317?\025/\342\223\320"
 301      BFA097A2 
 301      CF3F152F 
 301      E293D0
 302 05ae 4FCE479E 		.ascii	"O\316G\236\033\006\351\244\366\305!\312hK\353\030\362"
 302      1B06E9A4 
 302      F6C521CA 
 302      684BEB18 
 302      F2
 303 05bf 053D7D0D 		.ascii	"\005=}\0155\001m\231O\310\341_\201\034\316\203\023\003"
 303      35016D99 
 303      4FC8E15F 
 303      811CCE83 
 303      1303
ARM GAS  /tmp/ccEcLlva.s 			page 24


 304 05d1 B2B89AFB 		.ascii	"\262\270\232\373>q\361CV\363\035G\242\343/\\\360\251"
 304      3E71F143 
 304      56F31D47 
 304      A2E32F5C 
 304      F0A9
 305 05e3 69D2D37C 		.ascii	"i\322\323|Y/~\237\247WW3\011C\243_\252\351\324a\223"
 305      592F7E9F 
 305      A7575733 
 305      0943A35F 
 305      AAE9D461 
 306 05f8 7165E2D0 		.ascii	"qe\342\320\360\325\\\014\344p\211\324L\226S\345W\223"
 306      F0D55C0C 
 306      E47089D4 
 306      4C9653E5 
 306      5793
 307 060a 30643597 		.ascii	"0d5\2279\022\237E\256\260\032\332\265\364\334\247\260"
 307      39129F45 
 307      AEB01ADA 
 307      B5F4DCA7 
 307      B0
 308 061b A00499FB 		.ascii	"\240\004\231\373\025=\367D\334bph\370\271\377;\360\304"
 308      153DF744 
 308      DC627068 
 308      F8B9FF3B 
 308      F0C4
 309 062d AB947B22 		.ascii	"\253\224{\"\3552\227\334\265[\307\313\007X\271\357\025"
 309      ED3297DC 
 309      B55BC7CB 
 309      0758B9EF 
 309      15
 310 063e DEEA0CCA 		.ascii	"\336\352\014\312#\213\300\341\323\356/\267\306\310a"
 310      238BC0E1 
 310      D3EE2FB7 
 310      C6C861
 311 064d 7ADCB1E3 		.ascii	"z\334\261\343[w\331\344\266h\202\357\375h\243Ro\020"
 311      5B77D9E4 
 311      B66882EF 
 311      FD68A352 
 311      6F10
 312 065f 3CAD7DDF 		.ascii	"<\255}\337\352\205\230:\344B\\\343\264\350g\001\264"
 312      EA85983A 
 312      E4425CE3 
 312      B4E86701 
 312      B4
 313 0670 FAA6D537 		.ascii	"\372\246\3257\211\323\344b\010*M\022\206F\177hi\246"
 313      89D3E462 
 313      082A4D12 
 313      86467F68 
 313      69A6
 314 0682 F31691C4 		.ascii	"\363\026\221\304\245\371hl\244\322\314}ri\256\007rh"
 314      A5F9686C 
 314      A4D2CC7D 
 314      7269AE07 
 314      7268
 315 0694 A3D24C67 		.ascii	"\243\322LgY&\277\254~\237\254\327\206,\353\006\207\324"
 315      5926BFAC 
 315      7E9FACD7 
ARM GAS  /tmp/ccEcLlva.s 			page 25


 315      862CEB06 
 315      87D4
 316 06a6 28E4CD70 		.ascii	"(\344\315pY3\036\2235\023C\243?TV2\313\2329|Y\355\201"
 316      59331E93 
 316      351343A3 
 316      3F545632 
 316      CB9A397C 
 317 06bd 1C7E2059 		.ascii	"\034~ Y\311,\313Ls\313m\333\177]\2275k\310\262nqH\003"
 317      C92CCB4C 
 317      73CB6DDB 
 317      7F5D9735 
 317      6BC8B26E 
 318 06d4 85BCED6B 		.ascii	"\205\274\355k[\237\254\331\334\266\263B\227\334\034"
 318      5B9FACD9 
 318      DCB6B342 
 318      97DC1C
 319 06e3 7CE5E190 		.ascii	"|\345\341\220l\333\210\"f?YDG\340\211wH\304\034\026"
 319      6CDB8822 
 319      663F5944 
 319      47E08977 
 319      48C41C16 
 320 06f7 11A594C7 		.ascii	"\021\245\224\307\310\271ij\323E\244\014YDg \344\177"
 320      C8B9696A 
 320      D345A40C 
 320      59446720 
 320      E47F
 321 0709 C245CC65 		.ascii	"\302E\314e\021)\241\"RY\304\334\341\213\270\033x\342"
 321      1129A122 
 321      5259C4DC 
 321      E18BB81B 
 321      78E2
 322 071b 3D1291AA 		.ascii	"=\022\221\252\360\342\252\330\341[\\A\253\311\242\254"
 322      F0E2AAD8 
 322      E15B5C41 
 322      ABC9A2AC 
 323 072b 73486947 		.ascii	"sHiG\316\352\322^\037\262\264\256@'w\207\267\335\274"
 323      CEEAD25E 
 323      1FB2B4AE 
 323      40277787 
 323      B7DDBC
 324 073e C7DA6E3E 		.ascii	"\307\332n>\206F\177h\333-\340\266\233?\374\266\363\006"
 324      86467F68 
 324      DB2DE0B6 
 324      9B3FFCB6 
 324      F306
 325 0750 72E821B1 		.ascii	"r\350!\261\013X\226\325/\353\250O\326\302!\313\352\015"
 325      0B5896D5 
 325      2FEBA84F 
 325      D6C221CB 
 325      EA0D
 326 0762 74F2FD70 		.ascii	"t\362\375pY\213\036\223\265\030C\243?T\326\022\226\265"
 326      598B1E93 
 326      B51843A3 
 326      3F54D612 
 326      96B5
 327 0774 78F8B21E 		.ascii	"x\370\262\036\004rxH\262\226\260,\033\037\012\345\331"
 327      04727848 
ARM GAS  /tmp/ccEcLlva.s 			page 26


 327      B296B02C 
 327      1B1F0AE5 
 327      D9
 328 0785 F4E0ABF2 		.ascii	"\364\340\253\362\304\226F\307\270W\002\247L>\353\245"
 328      C49646C7 
 328      B85702A7 
 328      4C3EEBA5 
 329 0795 C9EDB66D 		.ascii	"\311\355\266m\3078\035\344;\307a\020\273R\326\314A\272"
 329      C7381DE4 
 329      3BC76110 
 329      BB52D6CC 
 329      41BA
 330 07a7 3CE7EBF4 		.ascii	"<\347\353\364\203\177:\276y\203\203\360Q2]\2360\256"
 330      837F3ABE 
 330      798383F0 
 330      51325D9E 
 330      30AE
 331 07b9 D6CD92A0 		.ascii	"\326\315\222\240\245\370B\343\203}\310\271{\251D\265"
 331      A5F842E3 
 331      837DC8B9 
 331      7BA944B5 
 332 07c9 D7CD90A8 		.ascii	"\327\315\220\250\014|u"
 332      0C7C75
 333 07d0 84A0F8C0 		.ascii	"\204\240\370\300\232!Q\035?\225\240L\354\361\020\020"
 333      9A21511D 
 333      3F95A04C 
 333      ECF11010 
 334 07e0 1F573309 		.ascii	"\037W3\011\264\305\363\240n\252D-\223/\202\375kO\324"
 334      B4C5F3A0 
 334      6EAA442D 
 334      932F82FD 
 334      6B4FD4
 335 07f3 58E48B00 		.ascii	"X\344\213\000\340Q\020\211\317\305\313X\224\203~\314"
 335      E0511089 
 335      CFC5CB58 
 335      94837ECC 
 336 0803 74E0C9BA 		.ascii	"t\340\311\272\366\224\220\347B\205~\352\000\272\361"
 336      F69490E7 
 336      42857EEA 
 336      00BAF1
 337 0812 25949A98 		.ascii	"%\224\232\230\350\224\177\363V\255^\271:\343\215)\313"
 337      E8947FF3 
 337      56AD5EB9 
 337      3AE38D29 
 337      CB
 338 0823 DF74E615 		.ascii	"\337t\346\025:W\255\310q\346\347\025\024\025:\337x3"
 338      3A57ADC8 
 338      71E6E715 
 338      14153ADF 
 338      7833
 339 0835 7D7A9233 		.ascii	"}z\2223-m\276sa\346\342\214\267\222h\350\327\371\370"
 339      2D6DBE73 
 339      61E6E28C 
 339      B79268E8 
 339      D7F9F8
 340 0848 CDC9C94A 		.ascii	"\315\311\311J\374\255\242\021J\313]Q\370;-7/+[\254\\"
 340      FCADA211 
ARM GAS  /tmp/ccEcLlva.s 			page 27


 340      4ACB5D51 
 340      F83B2D37 
 340      2F2B5BAC 
 341 085d 5DA4ADC8 		.ascii	"]\244\255\310)*0\344\377>?\253\300\224W\230\237\235"
 341      292A30E4 
 341      FF3E3FAB 
 341      C0945798 
 341      9F9D
 342 086f 9D5560CC 		.ascii	"\235U`\314+\372C~v\201\201 \005f\032'\206\232;M\315"
 342      2BFA437E 
 342      76818120 
 342      05661A27 
 342      869A3B4D 
 343 0884 4D52735F 		.ascii	"MRs_\375\037>\333\333\252"
 343      FD1F3EDB 
 343      DBAA
 344              		.text
 345              		.section	.gnu.lto_.symbol_nodes.c9c82dbb4227ad10,"",%progbits
 346 0000 789C6361 		.ascii	"x\234ca`dPc\000\002\246iL\365\014\014\023\31610\000"
 346      60645063 
 346      0002A669 
 346      4CF50C0C 
 346      13CE3130 
 347 0015 A95D0D8A 		.ascii	"\251]\015\212@\221\351L\365\214(\"\014\000\264G\010"
 347      4091E94C 
 347      F58C2822 
 347      0C00B447 
 347      08
 348 0026 D0       		.ascii	"\320"
 349              		.text
 350              		.section	.gnu.lto_.refs.c9c82dbb4227ad10,"",%progbits
 351 0000 789C6361 		.ascii	"x\234ca`\004B \000\000\0009\000\007"
 351      60044220 
 351      00000039 
 351      0007
 352              		.text
 353              		.section	.gnu.lto_.decls.c9c82dbb4227ad10,"",%progbits
 354 0000 789CCD59 		.ascii	"x\234\315YkPT\311\025\236\276=\014\3030\300\026\232"
 354      6B5054C9 
 354      159EBE3D 
 354      0CC330C0 
 354      169A
 355 0012 94A9B252 		.ascii	"\224\251\262R\226\305\272$\225u|e+\277R\253\003\212"
 355      96C5BA24 
 355      95757C65 
 355      2BBF52AB 
 355      038A
 356 0024 59375283 		.ascii	"Y7R\203\273I\252R!\254\340J\005\205\202q\343\376\312"
 356      BB49AA52 
 356      21ACE04A 
 356      05858271 
 356      E3FECA
 357 0037 C8C31110 		.ascii	"\310\303\021\020y\212\240\202\212\240\200\250\210\""
 357      798AA082 
 357      8AA080A8 
 357      8822
 358 0045 203E4650 		.ascii	" >FP\004\025y)\212\242\016\242(*\012\242\200(\222\323"
ARM GAS  /tmp/ccEcLlva.s 			page 28


 358      04157929 
 358      8AA20EA2 
 358      282A0AA2 
 358      802892D3 
 359 0059 DD77E6DE 		.ascii	"\335w\346\336\271\334\251\270\265\177r\2133\335\347"
 359      B9DCA9B8 
 359      B57F728B 
 359      33DDE7
 360 0068 F6D7E79C 		.ascii	"\366\327\347\234>}\272\373\364E\251@\012\362\264\377"
 360      3E7DBAFB 
 360      F445A940 
 360      0AF2B4FF 
 361 0078 5AA1D881 		.ascii	"Z\241\330\201\025\212\277\002;\011\017T\025\337*\204"
 361      158ABF02 
 361      3B090F54 
 361      15DF2A84 
 362 0088 87031A00 		.ascii	"\207\003\032\000Z\204\024S\036\362\336\213\307{\003"
 362      5A841453 
 362      1EF2DE8B 
 362      C77B03
 363 0097 4D077A0A 		.ascii	"M\007z\012\364\031\320V\300'\003\215C}\033\224\375P"
 363      F419D056 
 363      C027038D 
 363      437D1B94 
 363      FD50
 364 00a9 A6423917 		.ascii	"\246B9\027(\005(\015\350s\240\031\360\376\007(\343\200"
 364      2805280D 
 364      E873A019 
 364      F0FE0728 
 364      E380
 365 00bb EE42BD09 		.ascii	"\356B\275\011\3507P\277@\344@y\031\312O\241\254\207"
 365      E83750BF 
 365      40E44079 
 365      19CA4FA1 
 365      AC87
 366 00cd D207CA2B 		.ascii	"\322\007\312+P\316\201\362\022\224\277\205\262\001\312"
 366      50CE81F2 
 366      1294BF85 
 366      B201CA
 367 00dc 5950DE83 		.ascii	"YP\336\203\262\007\250\027\350\001P7\320C \253h\014"
 367      B207A817 
 367      E8015037 
 367      D04320AB 
 367      680C
 368 00ee DB65C640 		.ascii	"\333e\306@\306\345.\031\303|x\367\032\312A\240Z~<\201"
 368      C6E52E19 
 368      C37C78F7 
 368      1ACA41A0 
 368      5A7E3C81 
 369 0102 0A662F19 		.ascii	"\012f/\031\217\212\267\221\330Gl#\366\020[\210\035\310"
 369      8F8AB791 
 369      D8476C23 
 369      F6105B88 
 369      1DC8
 370 0114 89AF2638 		.ascii	"\211\257&8T\232~\343\024\276\203\272\020\330\203>\241"
 370      549A7EE3 
 370      14BE83BA 
ARM GAS  /tmp/ccEcLlva.s 			page 29


 370      10D8833E 
 370      A1
 371 0125 6F1162BF 		.ascii	"o\021b\277\210\222\202\021e\241\302)xy\266W\310\006"
 371      88928211 
 371      65A1C229 
 371      7879B657 
 371      C806
 372 0137 24BFF0C3 		.ascii	"$\277\360\303!\376\235\302.\214\376\361\375\351|\322"
 372      21FE9DC2 
 372      2E8CFEF1 
 372      FDE97CD2 
 373 0147 870A11A4 		.ascii	"\207\012\021\244#\276\023\262[@\233\025\254\335.\225"
 373      23BE13B2 
 373      5B409B15 
 373      ACDD2E95 
 374 0157 159CD041 		.ascii	"\025\234\320A$\217\231\313\213\023l\266\217\011\331"
 374      248F99CB 
 374      8B136CB6 
 374      8F09D9
 375 0166 075D96FB 		.ascii	"\007]\226\373\310\015s\210\324\357\277-^:\267\314\004"
 375      C80D7388 
 375      D4EFBF2D 
 375      5E3AB7CC 
 375      04
 376 0177 4F9AC9C4 		.ascii	"O\232\311\304\371\012\236i\213/\337\215_s\310[\203\224"
 376      F90A9E69 
 376      8B2FDF8D 
 376      5F73C85B 
 376      8394
 377 0189 C00E35EF 		.ascii	"\300\0165\357\354\365\004v\272\006\315\002\266\374t"
 377      ECF50476 
 377      BA06CD02 
 377      B6FC74
 378 0198 FC80276B 		.ascii	"\374\200'k\265 \340\253\317\014,`\354L\340N\335\035"
 378      B520E0AB 
 378      CF0C2C60 
 378      EC4CE04E 
 378      DD1D
 379 01aa B2B833B0 		.ascii	"\262\2703\260\225\264\016\027W\344\253Ys1\341\373'\032"
 379      95B40E17 
 379      57E4AB59 
 379      7331E1FB 
 379      271A
 380 01bc 9EB9E05F 		.ascii	"\236\271\340_Q\003^\304?\262\272\263\266\031\300\266"
 380      51035EC4 
 380      3FB2BAB3 
 380      B619C0B6 
 381 01cc 0F5ECDE3 		.ascii	"\017^\315\343\331O\200\355N\334\234\257\302\263(\362"
 381      D94F80ED 
 381      4EDC9CAF 
 381      C2B328F2 
 382 01dc 6E63C921 		.ascii	"nc\311!b\321g\032D\006\354\005\257\216>\257y\353\301"
 382      62D1671A 
 382      4406EC05 
 382      AF8E3EAF 
 382      79EBC1
 383 01ef 5E11447B 		.ascii	"^\021D{\352\253BW\374)\251s\015)\307+\334\221\257\346"
ARM GAS  /tmp/ccEcLlva.s 			page 30


 383      EAAB4257 
 383      FC29A973 
 383      0D29C72B 
 383      DC91AFE6 
 384 0203 00199BB5 		.ascii	"\000\031\233\265\255H[c2}\202\252\221\006\235D\030\225"
 384      AD485B63 
 384      327D82AA 
 384      91069D44 
 384      1895
 385 0215 A0B9C423 		.ascii	"\240\271\304#\237i\340w\213\311\024kJ\2133y7z*\320!"
 385      9F69E077 
 385      8BC9146B 
 385      4A8B3379 
 385      377A2AD0 
 386 022a 341395A2 		.ascii	"4\023\225\242\231\012T\205|\211X\002D\225\360\362\004"
 386      990A5485 
 386      7C895802 
 386      4495F0F2 
 386      04
 387 023b BC041525 		.ascii	"\274\004\025%\205\351\005*\374\017\252\"\367D\351\250"
 387      85E9052A 
 387      FC0FAA22 
 387      F744E9A8 
 388 024b C6AE628F 		.ascii	"\306\256b\217yQ\031QQ\013*j\004\025\240\321\251\216"
 388      79511951 
 388      510B2A6A 
 388      0415A0D1 
 388      A98E
 389 025d 53F23A1E 		.ascii	"S\362:\036\234\352\336\304\341$D\307\264\263\366\365"
 389      9CEADEC4 
 389      E12444C7 
 389      B4B3F6F5 
 390 026d 6517E610 		.ascii	"e\027\346\0205\260/3/6sx\033k\353\273\025\227\253\302"
 390      35B02F33 
 390      2F367378 
 390      1B6BEBBB 
 390      1597ABC2 
 391 0281 598C499B 		.ascii	"Y\214I\233\3502\251\360n\306\244\274\034\333\247\304"
 391      E832A9F0 
 391      6EC6A4BC 
 391      1CDBA7C4 
 392 0291 FB19D315 		.ascii	"\373\031\323\0257\332\351\201K(\343v\344m\362C-\362"
 392      37DAE981 
 392      4B28E376 
 392      E46DF243 
 392      2DF2
 393 02a3 F199E6E3 		.ascii	"\361\231\346\343\343\353\343\343S@\014\263\236\271\362"
 393      E3EBE3E3 
 393      53400CB3 
 393      9EB9F2
 394 02b2 9FCC839B 		.ascii	"\237\314\203\233Mi!\324\372\323`\375E4M\260\263\002"
 394      4D6921D4 
 394      FAD360FD 
 394      45344DB0 
 394      B302
 395 02c4 7E14683E 		.ascii	"~\024h>\374((\3362\322\242\265\201\317I\301g\004p:\037"
 395      FC2828DE 
ARM GAS  /tmp/ccEcLlva.s 			page 31


 395      32D2A2B5 
 395      81CF49C1 
 395      6704703A 
 396 02d9 57266454 		.ascii	"W&dT\240#\0008L\333\010\034\306\214\032a\370\015\310"
 396      A0230038 
 396      4CDB081C 
 396      C68C1A61 
 396      F80DC8
 397 02ec 0735015D 		.ascii	"\0075\001]\000\272\014T\017t\005\350\022\362\241\221"
 397      00BA0C54 
 397      0F7405E8 
 397      12F2A191 
 398 02fc C8F4DD13 		.ascii	"\310\364\335\023\364\235\227\352\323Il\313n\267c\353"
 398      F49D97EA 
 398      D3496CCB 
 398      6EB763EB 
 399 030c A4D86382 		.ascii	"\244\330c\202mt\322,w@\260IM@\012~\302\004\245\303-"
 399      6D74D22C 
 399      7740B049 
 399      4D400A7E 
 399      C204A5C3 
 400 0321 33734D96 		.ascii	"3sM\226xLEYd\325\036B\202\336q\301\306\263\362>\021"
 400      784C4559 
 400      64D51E42 
 400      82DE71C1 
 400      C6B3F23E 
 401 0336 A333042B 		.ascii	"\2433\004+\217\313\273\233\241a\372\316}\210oU\341\227"
 401      8FCBBB9B 
 401      A161FACE 
 401      7D886F55 
 401      E197
 402 0348 74FAB8B8 		.ascii	"t\372\270\270\302\241t5\362\235\306\314\317mG\304\374"
 402      C2A17435 
 402      F29DC6CC 
 402      CF6D47C4 
 402      FC
 403 0359 6BD0FBAA 		.ascii	"k\320\373\252\020rd4N\234\217\232\301\347?\305\377\240"
 403      10726434 
 403      4E9C8F9A 
 403      C1E73FC5 
 403      FFA0
 404 036b BFACF952 		.ascii	"\277\254\371R7\277\023l!\253\267c\264\325\254\301\261"
 404      37BF136C 
 404      21ABB763 
 404      B4D5ACC1 
 404      B1
 405 037c 6CFF98EC 		.ascii	"l\377\230\354\357\332\357\306\032\007\011\237T\231\271"
 405      EFDAEFC6 
 405      1A07099F 
 405      5499B9
 406 038b DF0B27B2 		.ascii	"\337\013'\262\306\216\276}\361Z\326\330J\370m\251\307"
 406      C68EBE7D 
 406      F15AD6D8 
 406      4AF86DA9 
 406      C7
 407 039c 8F69701A 		.ascii	"\217ip\032k,\356\333\275\215o\374\003\260\225\315\325"
 407      6B2CEEDB 
ARM GAS  /tmp/ccEcLlva.s 			page 32


 407      BD8D6FFC 
 407      03B095CD 
 407      D5
 408 03ad F75CF00E 		.ascii	"\367\\\360\016\326\326\375\252\323\354\216\363\031s"
 408      D6D6FDAA 
 408      D3EC8EF3 
 408      1973
 409 03bb F47DD641 		.ascii	"\364}\326A\025.b\214mk\361\346\267\226\267\317sn\250"
 409      152E628C 
 409      6D6BF1E6 
 409      B796B7CF 
 409      736EA8
 410 03ce D95663F2 		.ascii	"\331Vc\362\004>9!5\321\025\227Q\260\306\372\362\346"
 410      043E3921 
 410      35D11597 
 410      51B0C6FA 
 410      F2E6
 411 03e0 2B0E629D 		.ascii	"+\016b\235\004;<\276\005\314i\03537\321y%nk\005\267"
 411      043B3CBE 
 411      05CC691D 
 411      3337D179 
 411      256E6B05 
 412 03f5 DD87D2EE 		.ascii	"\335\207\322\356\240\026\307\251\002|\253\201\314\024"
 412      A016C7A9 
 412      027CAB81 
 412      CC14
 413 0403 01DF9282 		.ascii	"\001\337\222\202\035b\017\240\267\354\320\233R\3501"
 413      1D620FA0 
 413      B7ECD09B 
 413      52E831
 414 0412 915C87A9 		.ascii	"\221\\\207\251\271\015\210.\332x\237\237\227G0/wa\016"
 414      B90D882E 
 414      DA789F9F 
 414      9747302F 
 414      77610E
 415 0425 EE01F500 		.ascii	"\356\001\365\000\365\002=\000\352\006z\010d\025\326"
 415      F5023D00 
 415      EA067A08 
 415      6415D6
 416 0434 06E8AC0E 		.ascii	"\006\350\254\016\262\351\274#\325Y6e,\203v\003;\245"
 416      B2E9BC23 
 416      D5593665 
 416      2C837603 
 416      3BA5
 417 0446 E01B4832 		.ascii	"\340\033H2\2304\273\340v)\266M\212\035\263\313\275."
 417      9834BBE0 
 417      7629B64D 
 417      8A1DB3CB 
 417      BD2E
 418 0458 C5764C31 		.ascii	"\305vL1\242\334.\270\\\012>*]\240\265\355t\201\336w"
 418      A2DC2EB8 
 418      5C0A3E2A 
 418      5DA0B5ED 
 418      7481DE77 
 419 046c 5CA030D1 		.ascii	"\\\2400\321\347\337>O\360\302\307\351Ds\007\253\223"
 419      E7DF3E4F 
 419      F0C2C7E9 
ARM GAS  /tmp/ccEcLlva.s 			page 33


 419      447307AB 
 419      93
 420 047d 7B3DEDAB 		.ascii	"{=\355\253\342M\007]\025O@p\237\260*\356O]\0256\327"
 420      E24D075D 
 420      154F4070 
 420      9FB02AEE 
 420      4F5D1536 
 421 0492 A3C7E0F1 		.ascii	"\243\307\340\361\237\352}\260\341^\362\360\210\3074"
 421      9FEA7DB0 
 421      E15EF2F0 
 421      88C734
 422 04a1 5EA4C5A9 		.ascii	"^\244\305\251H\305\307\312\033H\334\327\252\325&\011"
 422      48C5C7CA 
 422      1B48DCD7 
 422      AAD52609 
 423 04b1 6705EA17 		.ascii	"g\005\352\027\355\013\012\364\024iydg|\271Y\253\344"
 423      ED0B0AF4 
 423      14697964 
 423      677CB959 
 423      ABE4
 424 04c3 D83BF49D 		.ascii	"\330;\364\235\222\274k\255i<\253\232\221M\255\2113\315"
 424      92BC6BAD 
 424      693CAB9A 
 424      914DAD89 
 424      33CD
 425 04d5 52A26F7F 		.ascii	"R\242o\177)\352\373\034AZ\207\236!%\023p\347\304\361"
 425      29EAFB1C 
 425      415A879E 
 425      21251370 
 425      E7C4F1
 426 04e8 326EF65E 		.ascii	"2n\366^\323\336r\223\365]\346\337{*L\246D\350\250$8"
 426      D3DE7293 
 426      F55DE6DF 
 426      7B2A4CA6 
 426      44E8A824 
 427 04fd 38A4ED5E 		.ascii	"8\244\355^\203*)\016Bp)\320\000\232M\254,\212\313\364"
 427      832A290E 
 427      427029D0 
 427      009A4DAC 
 427      2C8ACBF4 
 428 0511 C21FD87A 		.ascii	"\302\037\330z,m.y\257\304Y\230NC\354xr\245\032i|\345"
 428      2C6D2E79 
 428      AFC45998 
 428      4E43EC78 
 428      72A51A69 
 429 0527 4FBB2199 		.ascii	"O\273!\231\323\216\035\235g\222\227\026%@\372\201\006"
 429      D38E1D9D 
 429      67929716 
 429      2540FA81 
 429      06
 430 0538 613B7C29 		.ascii	"a;|)(\257\245g'h\031\35517a:\\\202`\303\215\2770\222"
 430      28AFA567 
 430      276819ED 
 430      3137613A 
 430      5C8260C3 
 431 0550 EE81F398 		.ascii	"\356\201\363\230\346\354\353;\206\335\235j~\343L\263"
 431      E6ECEB3B 
ARM GAS  /tmp/ccEcLlva.s 			page 34


 431      86DD9D6A 
 431      7EE34CB3 
 432 0560 E5C334D0 		.ascii	"\345\3034\320\372\032d\016\313h}\267\373\365c\017\252"
 432      FA1A640E 
 432      CB687DB7 
 432      FBF5630F 
 432      AA
 433 0571 95205E21 		.ascii	"\225 ^!\252v\327\360\335~~\303\363\025\345E\336,/\032"
 433      AA76D7F0 
 433      DD7E7EC3 
 433      F315E545 
 433      DE2C2F1A 
 434 0585 DBF73083 		.ascii	"\333\3670\203\303\245\324(\324zpK+\326\200Iq\037}\364"
 434      C3A5D428 
 434      D47A704B 
 434      2BD68049 
 434      711F7DF4 
 435 0599 974F6659 		.ascii	"\227OfY=\360Q\326\377\360\330\375\223.\370\004cR\262"
 435      3DF051D6 
 435      FFF0D8FD 
 435      932EF804 
 435      6352B2
 436 05ac EAEA94B8 		.ascii	"\352\352\224\270\2061\373s\323\315.\370,cJ2\322\312"
 436      8631FB73 
 436      D3CD2EF8 
 436      2C634A32 
 436      D2CA
 437 05be 35D8C218 		.ascii	"5\330\302\030[\3764\235\345O\027'G-^\314<\016\330\234"
 437      5BFE349D 
 437      E54F1727 
 437      472D5ECC 
 437      3C0ED89C 
 438 05d2 D29BE36E 		.ascii	"\322\233\343n\270\216A\213\306\337\015\222}}\016\311"
 438      B88E418B 
 438      C6DF0D92 
 438      7D7D0EC9 
 439 05e2 A7B0289B 		.ascii	"\247\260(\233\232\303\262\251sW\232\016hq#sp\241%6\001"
 439      9AC3B2A9 
 439      73579A0E 
 439      68712373 
 439      70A12536 
 440 05f7 D91C0C03 		.ascii	"\331\034\014\003\322\024\303hL\334L\264\211\203\321"
 440      D214C368 
 440      4CDC4CB4 
 440      8983D1
 441 0606 98395FD2 		.ascii	"\2309_\322\213\216&\036^\306q\266\251m\033\370S\034"
 441      8B8E261E 
 441      5EC671B6 
 441      A96D1BF8 
 441      531C
 442 0618 2C36B499 		.ascii	",6\264\231\323\240\004\316\356\3439\274\213\317\246"
 442      D3A004CE 
 442      EEE339BC 
 442      8BCFA6
 443 0627 DFE9D3E0 		.ascii	"\337\351\323\340\016\246\243d\360j\231\227S\035INu\354"
 443      0EA6A364 
 443      F06A9997 
ARM GAS  /tmp/ccEcLlva.s 			page 35


 443      531D494E 
 443      75EC
 444 0639 31CFA199 		.ascii	"1\317\241\231W\"\350\330\"\350\000\225LI\354X\301i5"
 444      5722E8D8 
 444      22E80095 
 444      4C49EC58 
 444      C16935
 445 064c EEA64A94 		.ascii	"\356\246J\224\207\263\272\366\250\020\234\010\276|\352"
 445      87B3BAF6 
 445      A8109C08 
 445      BE7CEA
 446 065b 931C9169 		.ascii	"\223\034\221i\336lj\375'\355\236\014\335S\270i\202V"
 446      DE6C6AFD 
 446      27ED9E0C 
 446      DD53B869 
 446      8256
 447 066d 9D2499B1 		.ascii	"\235$\231\261\300`\242\025\242uE\320d\333H\005\363\266"
 447      C060A215 
 447      A27545D0 
 447      64DB4805 
 447      F3B6
 448 067f 723E681B 		.ascii	"r>h\033'N\\*R\2656\321\261\262\242\201\263\357u{Z8\262"
 448      274E5C2A 
 448      52B536D1 
 448      B1B2A281 
 448      B3EF757B 
 449 0696 6F01C871 		.ascii	"o\001\310q\257S\026\0244\034W\243\351p\202e\360\253"
 449      AF531614 
 449      341C57A3 
 449      E9708265 
 449      F0AB
 450 06a8 9BEE3582 		.ascii	"\233\3565\202\021i\334tjD&\030\221\001F\244s\342\023"
 450      1169DC74 
 450      6A442618 
 450      910146A4 
 450      73E213
 451 06bb A2B205C3 		.ascii	"\242\262\005\303\201\027\313\324OB\240\023\270\323\374"
 451      8117CBD4 
 451      4F42A013 
 451      B8D3FC
 452 06ca 294F9CF6 		.ascii	")O\234\366|p\216f6\357J\365$6\003F\262?\277|\265\253"
 452      7C708E66 
 452      36EF4AF5 
 452      24360346 
 452      B23FBF7C 
 453 06e0 D36B3AD8 		.ascii	"\323k:\330\273\311\271\275\012\007c\311\232\256\277"
 453      BBC9B9BD 
 453      0A0763C9 
 453      9AAEBF
 454 06ef 51A9C556 		.ascii	"Q\251\305V\026\237\217\256\034\215U\343\207\214\311"
 454      169F8FAE 
 454      1C8D55E3 
 454      878CC9
 455 06fe 6F3E72C5 		.ascii	"o>r\305\005?aL\355\241#\355\034~\301\230\262\232\301"
 455      053F614C 
 455      EDA123ED 
 455      1C7EC198 
ARM GAS  /tmp/ccEcLlva.s 			page 36


 455      B29AC1
 456 0711 64844718 		.ascii	"d\204G\0303d>j\304\023\254\036\237\227\326\302\261\330"
 456      33643E6A 
 456      C413AC1E 
 456      9F97D6C2 
 456      B1D8
 457 0723 FF1DB0D9 		.ascii	"\377\035\260\331\211\273\255J\376RB\326BEgq\255\032"
 457      89BBAD4A 
 457      FE5242D6 
 457      42456771 
 457      AD1A
 458 0735 C72909D6 		.ascii	"\307)\011\326cW\366\261\353*D\263\004\232+\370\222\314"
 458      6357F6B1 
 458      EB2A44B3 
 458      049A2BF8 
 458      92CC
 459 0747 383ECE64 		.ascii	"8>\316d\331a\363\3068x#\033\246p?\347,1\216\007'W\265"
 459      D961F3C6 
 459      3878231B 
 459      A6703FE7 
 459      2C318E07 
 460 075e 700C9E05 		.ascii	"p\014\236\005#\234@\022\3701\0078H\237\274&\222\276"
 460      239C4012 
 460      F8310738 
 460      489FBC26 
 460      92BE
 461 0770 532A5D27 		.ascii	"S*]'A\237e\031&\301\346I\261\243R\321\325\002\370\275"
 461      419F6519 
 461      26C1E649 
 461      B1A352D1 
 461      D502F8BD 
 462 0784 BC1D32B9 		.ascii	"\274\0352\271\310n\210\315]$\")\236DT1D\324^\230\244"
 462      C86E88CD 
 462      5D242229 
 462      9E445431 
 462      44D45E98 
 463 0799 12A08340 		.ascii	"\022\240\203@E@\371@\205@{\200\012\200\016\000\225\002"
 463      4540F940 
 463      85407B80 
 463      0A800E00 
 463      9502
 464 07ab EDB3471D 		.ascii	"\355\263G\0351 G0`\273\274\337l9\001Ag\011\350\035R"
 464      31204730 
 464      60BBBCDF 
 464      6C390141 
 464      6709E81D 
 465 07c0 F49929E8 		.ascii	"\364\231)\350S\002\372\235tpcROd\010\340"
 465      5302FA9D 
 465      74706352 
 465      4F6408E0 
 466 07d0 1C79D1A2 		.ascii	"\034y\321\242x~w\215\346\033\3739\311\205\200\010J\027"
 466      787E778D 
 466      E61BFB39 
 466      C9858008 
 466      4A17
 467 07e2 C742AEEC 		.ascii	"\307B\256\354l\211\215<-\350}+o\244=\305\2674\217\235"
 467      6C898D3C 
ARM GAS  /tmp/ccEcLlva.s 			page 37


 467      2DE87D2B 
 467      6FA43DC5 
 467      B7348F9D 
 468 07f6 70C1661A 		.ascii	"p\301f\032\213\\o\323\370 \266'3m-4\2319Lz\013{\033"
 468      8B5C6FD3 
 468      F820B627 
 468      336D2D34 
 468      99394C7A 
 469 080d B1CFC9DC 		.ascii	"\261\317\311\334\2412\230\262\2373}`Os\303\255\363j"
 469      A13298B2 
 469      9F337D60 
 469      4F73C3AD 
 469      F36A
 470 081f 8744E430 		.ascii	"\207D\3440'ND\216pZ\336\022\000W%\346<\366\300Y\314"
 470      274E448E 
 470      705ADE12 
 470      005725E6 
 470      3CF6C059 
 471 0834 F88CEE89 		.ascii	"\370\214\356\211\\0^\313\214\357\310\236I\214?\006\360"
 471      5C305ECB 
 471      8CEFC89E 
 471      498C3F06 
 471      F0
 472 0845 A382F1D0 		.ascii	"\243\202\361\320\033\012g\322Q9\330\354\240\340\246"
 472      1B0A67D2 
 472      5139D8EC 
 472      A0E0A6
 473 0854 39BE99A3 		.ascii	"9\276\231\243\3470\0214\302\316\341\201\333\251O\265"
 473      E7301134 
 473      C2CEE181 
 473      DBA94FB5 
 474 0864 4EB39DE3 		.ascii	"N\263\235\343\034\311v*8>\333\351\036\271T\352a\313"
 474      1CC9762A 
 474      383EDBE9 
 474      1EB954EA 
 474      61CB
 475 0876 763A821F 		.ascii	"v:\202\037\330\263\035\300\241\027\302\321\377B\234"
 475      D8B31DC0 
 475      A117C2D1 
 475      FF429C
 476 0885 ED9CE048 		.ascii	"\355\234\340H\2663|\241x\230?A\323\310\205\343\354\207"
 476      B6337CA1 
 476      78983F41 
 476      D3C885E3 
 476      EC87
 477 0897 6797DDF1 		.ascii	"g\227\335\361\036:Zt\240c\347\220\012\0273foN#\354\361"
 477      1E3A5A74 
 477      A063E790 
 477      0A173366 
 477      6F4E23EC 
 478 08ac E58C39D9 		.ascii	"\345\2149\331\327\324\240a\335L\244[a\265\025\226a-"
 478      D7D4A061 
 478      DD4CA45B 
 478      61B51596 
 478      612D
 479 08be 6BB4346C 		.ascii	"k\2644l\035@\270\2011[z\314\035<r\214\272\363\305\241"
 479      1D40B881 
ARM GAS  /tmp/ccEcLlva.s 			page 38


 479      315B7ACC 
 479      1D3C728C 
 479      BAF3C5A1 
 480 08d2 2A0FB64F 		.ascii	"*\017\266OY\350\015\253n\364\226\007\276\312\300\225"
 480      59E80DAB 
 480      6EF49607 
 480      BECAC095 
 481 08e2 799DF9EE 		.ascii	"y\235\371\356$\2450\331\\\007\335\204a\237#G\036D\""
 481      24A530D9 
 481      5C07DD84 
 481      619F2347 
 481      1E4422
 482 08f5 9A47B389 		.ascii	"\232G\263\211]]\037\312\275\274\323\370\203\353K#\335"
 482      5D5D1FCA 
 482      BDBCD3F8 
 482      83EB4B23 
 482      DD
 483 0906 D2CF409C 		.ascii	"\322\317@\234\260\260\267p\336\266>\004\275\243\346"
 483      B0B0B770 
 483      DEB63E04 
 483      BDA3E6
 484 0915 C1A027EE 		.ascii	"\301\240'\356d\212\322\353\337\014\273\343\333\214\351"
 484      648AD2EB 
 484      DF0CBBE3 
 484      DB8CE9
 485 0924 2EC82A52 		.ascii	".\310*R2\023\237\020>\357\375\373x%\276\317\032ck\273"
 485      32139F10 
 485      3EEFFDFB 
 485      7825BECF 
 485      1A636BBB 
 486 0938 D2790759 		.ascii	"\322y\007Yi\006\022\233Y\250\302\375\254\361\335\213"
 486      6906129B 
 486      59A8C2FD 
 486      ACF1DD8B 
 487 0948 83832A3C 		.ascii	"\203\203*<\314\230\252\236\355\347\370\324\351\026\341"
 487      CC98AA9E 
 487      EDE7F8D4 
 487      E916E1
 488 0957 EB87770F 		.ascii	"\353\207w\017i\361\004kL(\274\276\325\025\233](3|'\245"
 488      69F1046B 
 488      4C28BCBE 
 488      D5159B5D 
 488      28337C27 
 489 096c 418BD319 		.ascii	"A\213\323\031s\241\261\267C\215w1&\371be\003\177\031"
 489      73A1B1B7 
 489      438D7731 
 489      26F96265 
 489      037F19
 490 097f 6D24FCA6 		.ascii	"m$\374\246'\345f\214\213X\243\315u\336\274\353\206Z"
 490      27E5668C 
 490      8B58A3CD 
 490      75DEBCEB 
 490      865A
 491 0991 EB93DCF0 		.ascii	"\353\223\334\360Q\326\330\234\230\001\373P\025c&w\015"
 491      51D6D89C 
 491      9801FB50 
 491      15632677 
ARM GAS  /tmp/ccEcLlva.s 			page 39


 491      0D
 492 09a2 E669F139 		.ascii	"\346i\3619\306\234\336\237P\242\306M\214\251\255:\335"
 492      C69CDE9F 
 492      50A2C64D 
 492      8CA9AD3A 
 492      DD
 493 09b3 C07F6F99 		.ascii	"\300\177o\231G\016\221k)\335Z\334\306\332\216<1[\\q"
 493      470E916B 
 493      29DD5ADC 
 493      C6DA8E3C 
 493      315B5C71 
 494 09c7 17DFABF9 		.ascii	"\027\337\253\371m\231'\356\341\231;\225:\374\214\325"
 494      6D9927EE 
 494      E1993B95 
 494      3AFC8CD5 
 495 09d7 F73DA981 		.ascii	"\367=\251\201\374\3705cz\356>N\362\304\023\214\331|"
 495      FCF83563 
 495      7AEE3E4E 
 495      F2C4138C 
 495      D97C
 496 09e9 6EFB1937 		.ascii	"n\373\0317lV\261aY\357!\234\306\352\317\222,]\034\316"
 496      6C56B161 
 496      59EF219C 
 496      C6EACF92 
 496      2C5D1CCE 
 497 09fd 654C494D 		.ascii	"eLIMJ\217\013.`LoU\374\210\022\037`\314\241\367\371"
 497      4A8F0B2E 
 497      604C6F55 
 497      FC88121F 
 497      60CCA1F7 
 498 0a12 AD6EF810 		.ascii	"\255n\370\020cZOY\037y\342\343\214i\212M9\310_\246s"
 498      635A4F59 
 498      1F79E2E3 
 498      8C698A4D 
 498      39C85FA6 
 499 0a27 48B8BDC8 		.ascii	"H\270\275\310\256\250S\361A\344\006\374\323\344\374"
 499      AEA853F1 
 499      41E406FC 
 499      D3E4FC
 500 0a36 42253E49 		.ascii	"B%>I\301>O\262S\263\371\303N\376\361\345/\314>4\177"
 500      C13E4FB2 
 500      53B3F9C3 
 500      4EFEF1E5 
 500      2FCC3E34 
 501 0a4b B04E0EAF 		.ascii	"\260N\016\257\315\331\177\331d\332[\207H\314\240\233"
 501      CDD97FD9 
 501      64DA5B87 
 501      48CCA09B 
 502 0a5b B09463F1 		.ascii	"\260\224c\3614{$M=|\332\327\010\033\345%\036m_\337\027"
 502      347B244D 
 502      3D7CDAD7 
 502      081BE525 
 502      1E6D5FDF 
 503 0a70 39E9062D 		.ascii	"9\351\006-B\337\221\242\035\316L\262\247t\257a\267w"
 503      42DF91A2 
 503      1DCE4CB2 
 503      A774AF61 
ARM GAS  /tmp/ccEcLlva.s 			page 40


 503      B777
 504 0a82 62C959A9 		.ascii	"b\311Y\251%\247\245\262\357\211d\327Je\327p\022\331"
 504      25A7A5B2 
 504      EF8964D7 
 504      4A65D770 
 504      12D9
 505 0a94 9D22D917 		.ascii	"\235\"\331\027\244\262\353\245\262\307V\013\262\255"
 505      A4B2EBA5 
 505      B2C7560B 
 505      B2AD
 506 0aa2 52D9538E 		.ascii	"R\331S\216\203[\"K\352\244\3506\251\007\323D\350n)z"
 506      835B224B 
 506      EAA4E836 
 506      A907D344 
 506      E86E297A 
 507 0ab6 EAF1F94A 		.ascii	"\352\361\371J\004\257\226\302[\244\302\363E\350\033"
 507      04AF96C2 
 507      5BA4C2F3 
 507      45E81B
 508 0ac5 52F4754E 		.ascii	"R\364uN*\374\204\010\3366E\370\024\257\210\320\017\245"
 508      2AFC8408 
 508      DE3645F8 
 508      14AF88D0 
 508      0FA5
 509 0ad7 E84A07E1 		.ascii	"\350J\007\341$\335\314Z#d\233\267\345'_l\313\210H\372"
 509      24DDCC5A 
 509      23649BB7 
 509      E5275F6C 
 509      CB8848FA 
 510 0aeb 4979E9A2 		.ascii	"Iy\351\242\\\266B$\274]\212\2761E\370{\321\204\336\223"
 510      5CB64224 
 510      BC5D8ABE 
 510      3145F87B 
 510      D184DE93 
 511 0aff C2A76621 		.ascii	"\302\247f!\273E\266t\312\273Q\344\227r\021\272C\336"
 511      BB45B674 
 511      CABB51E4 
 511      977211BA 
 511      43DE
 512 0b11 1611FAB6 		.ascii	"\026\021\372\266\010}^>Z\304\246\274\026\301\253\344"
 512      087D5E3E 
 512      5AC4A6BC 
 512      16C1ABE4 
 513 0b21 E7DF2135 		.ascii	"\347\337!5\021\301\257H\341\035S\340\331\"x\227\024"
 513      11C1AF48 
 513      E11D53E0 
 513      D9227897 
 513      14
 514 0b32 3E25DFCA 		.ascii	">%\337\312\021\241o\311\243\305\302\307EN\277/\357t"
 514      11A16FC9 
 514      A3C5C2C7 
 514      454EBF2F 
 514      EF74
 515 0b44 91F09322 		.ascii	"\221\360\223\"\341\255\362\261(\026\376A$\374\256\374"
 515      E1ADF2B1 
 515      2816FE41 
 515      24FCAEFC 
ARM GAS  /tmp/ccEcLlva.s 			page 41


 516 0b54 3212257F 		.ascii	"2\022%\177\303\275\001\233\310e\025PS?\007\267\365\005"
 516      C3BD019B 
 516      C8651550 
 516      533F07B7 
 516      F505
 517 0b66 64C4991A 		.ascii	"d\304\231\032\347\321`j\222\312j\024\251vH\313za\373"
 517      E7D1606A 
 517      92CA6A14 
 517      A97648CB 
 517      7A61FB
 518 0b79 78401B09 		.ascii	"x@\033\011\236\344d&\354\213\022\260\017z\0069\027\354"
 518      9EE46426 
 518      EC8B12B0 
 518      0F7A0639 
 518      17EC
 519 0b8b C6E80DD0 		.ascii	"\306\350\015\320$\320\000\320c\240W@\357\200\336\003"
 519      24D000D0 
 519      63A05740 
 519      EF80DE03 
 520 0b9b 3D021A01 		.ascii	"=\002\032\001z\0114\012\364\032h\020\350\003\320\026"
 520      7A09340A 
 520      F41A6810 
 520      E803D016 
 521 0bab 90110734 		.ascii	"\220\021\0074\016\365\315Pn\002\352\203z<\224O\241|"
 521      0EF5CD50 
 521      6E02EA83 
 521      7A3C944F 
 521      A17C
 522 0bbd 0E3406F4 		.ascii	"\0164\006\364\004\250\037\310\014\357_@\371\026h\030"
 522      04A81FC8 
 522      0CEF5F40 
 522      F9166818 
 523 0bcd 68C8215D 		.ascii	"h\310!]?%r\354U\371\220\020M\303u\021\272A~\203wX\265"
 523      3F2572EC 
 523      55F99010 
 523      4DC37511 
 523      BA417E83 
 524 0be4 A269E891 		.ascii	"\242i\350\221\335)\305\327\034\221\354\313\362~\026"
 524      DD29C5D7 
 524      1C91ECCB 
 524      F27E16
 525 0bf3 A10745E8 		.ascii	"\241\007E\350S\362\033\274\370\333c\265h\207\277&\335"
 525      53F21BBC 
 525      F8DB63B5 
 525      6887BF26 
 525      DD
 526 0c04 E19B05E1 		.ascii	"\341\233\005\341pf\276)+\273\353\216\343\\i^\373\352"
 526      7066BE29 
 526      2BBBEB8E 
 526      E35C695E 
 526      FBEA
 527 0c16 717D9EF0 		.ascii	"q}\236\360\205\361]\337\014\222\327&C\347Dl\317\036"
 527      85F15DDF 
 527      0C92D726 
 527      43E7446C 
 527      CF1E
 528 0c28 49D83899 		.ascii	"I\3308\231}\224\004\223\376\377\032\000\3442<\221_\347"
ARM GAS  /tmp/ccEcLlva.s 			page 42


 528      7D940493 
 528      FEFF1A00 
 528      E4323C91 
 528      5FE7
 529 0c3a 98F02763 		.ascii	"\230\360'cq\302\277\025\323/\217\244\004\364H}\202Y"
 529      71C2BF15 
 529      D32F8FA4 
 529      04F4487D 
 529      8259
 530 0c4c F2DD53EE 		.ascii	"\362\335S\356\037\014\212\217\371\357B\266\245\315\214"
 530      1F0C8A8F 
 530      F9EF42B6 
 530      A5CD8C
 531 0c5b 1C34A738 		.ascii	"\0344\2478h\336\306k\336F5\227my\332\357%\257Y\361\361"
 531      68DEC66B 
 531      DE463597 
 531      6D79DAEF 
 531      25AF59F1 
 532 0c70 6A512A9E 		.ascii	"jQ*\236\006\302\032o\364\346\2505\374'\303\264\377\375"
 532      06C21A6F 
 532      F4E6A835 
 532      FC27C3B4 
 532      FFFD
 533 0c82 7D0EA561 		.ascii	"}\016\245a\015\371\027\307\346\22771N\245q\201.'\225"
 533      0DF917C7 
 533      E6973731 
 533      4EA57181 
 533      2E2795
 534 0c95 5DD3D0BB 		.ascii	"]\323\320\273\011\030\310\177\231\334{\245\250\300\215"
 534      0918C87F 
 534      99DC7BA5 
 534      A8C08D
 535 0ca4 BE23D798 		.ascii	"\276#\327\230\014L_>\355I)\3218\275\257dar_\311\304"
 535      0C4C5F3E 
 535      ED4929D1 
 535      38BDAF64 
 535      61725FC9 
 536 0cb9 FC7D25BB 		.ascii	"\374}%\273\255\377\221\026\356+\026z_\371c\036\273\257"
 536      ADFF9116 
 536      EE2B167A 
 536      5FF9631E 
 536      BBAF
 537 0ccb C42A090E 		.ascii	"\304*\011\016\245\013\021\007U\341\276\262\035\317V"
 537      A50B1107 
 537      55E1BEB2 
 537      1DCF56
 538 0cda 78044785 		.ascii	"x\004G\205D\004GD\204\006\207\257\0177\252\227\375\371"
 538      44044744 
 538      840687AF 
 538      0F37AA97 
 538      FDF9
 539 0cec 9B59FAF9 		.ascii	"\233Y\372\371\363\025\252\300e~!\306\020e\310\232\350"
 539      F315AAC0 
 539      657E21C6 
 539      1065C89A 
 539      E8
 540 0cfd 084D70F0 		.ascii	"\010Mp\360\206\360\365\306\205\013\202\215\237\3536"
ARM GAS  /tmp/ccEcLlva.s 			page 43


 540      86F0F5C6 
 540      850B828D 
 540      9FEB36
 541 0d0c C444EBC2 		.ascii	"\304D\353\302\327\257\216\330\020\032\246[\037\366\357"
 541      D7AF8ED8 
 541      101AA65B 
 541      1FF6EF
 542 0d1b 88F0EF74 		.ascii	"\210\360\357t\353BV\257\015_\037\246\013\016\015[\023"
 542      EB4256AF 
 542      0D5F1FA6 
 542      0B0E0D5B 
 542      13
 543 0d2c B221C218 		.ascii	"\262!\302\030l\3741*,f\356Z\205\332\326m\266\\\267\230"
 543      6CFC312A 
 543      2C66EE5A 
 543      85DAD66D 
 543      B65CB798 
 544 0d40 1F6374C1 		.ascii	"\037ct\3011\306P\300\000\026G\206F\273Dm\210\012\215"
 544      31C650C0 
 544      00164786 
 544      46BB446D 
 544      880A8D
 545 0d53 768D8C89 		.ascii	"v\215\214\211\012\013\013\215VE\0229\321.\353\"C\303"
 545      0A0B0B8D 
 545      56451239 
 545      D12EEB22 
 545      43C3
 546 0d65 A289216B 		.ascii	"\242\211!k\277\234;W\307\376\364k\303\277\013_\031\364"
 546      BF9C3B57 
 546      C7FEF46B 
 546      C3BF0B5F 
 546      19F4
 547 0d77 B961952E 		.ascii	"\271a\225.2F\2676$B\027\025\031m\214\321\005\255\372"
 547      3246B736 
 547      24421715 
 547      196D8CD1 
 547      05ADFA
 548 0d8a 7AE102DD 		.ascii	"z\341\002\335\212\025~\272e\201\313W\376\260\2004\331"
 548      8A157EBA 
 548      6581CB57 
 548      FEB08034 
 548      D9
 549 0d9b 06084ABC 		.ascii	"\006\010J\274c\214\353\300\236\357\243\302#\203c\302"
 549      638CEBC0 
 549      9EEFA3C2 
 549      238363C2 
 550 0dab 8C1BA282 		.ascii	"\214\033\242\202\215\252\300\245d\240\252@\177V\370"
 550      8DAAC0A5 
 550      64A0AA40 
 550      7F56F8
 551 0dba B142CF8A 		.ascii	"\261B\317\212%\254X\314\212\000R\270\005.^\241\217\\"
 551      25AC58CC 
 551      8A0052B8 
 551      052E5EA1 
 551      8F5C
 552 0dcc BF26FCFB 		.ascii	"\277&\374\373\237i\316j\305/\354\276\007c\276\217\216"
 552      9F69CE6A 
ARM GAS  /tmp/ccEcLlva.s 			page 44


 552      C52FECBE 
 552      0763BE8F 
 552      8E
 553 0ddd DC1045C6 		.ascii	"\334\020E\306\252\016\217$E\260Q\033\036I\304\254\013"
 553      AA0E8F24 
 553      45B0511B 
 553      1E49C4AC 
 553      0B
 554 0dee 89F957B0 		.ascii	"\211\371W\260Q\271x\251!\200\374\254P\256\320\177eP"
 554      51B978A9 
 554      2180FCAC 
 554      50AED07F 
 554      6550
 555 0e00 2E093218 		.ascii	".\0112\030\320_P\200\313\352\210\260\220h~\212\346\177"
 555      D05F5080 
 555      CBEA88B0 
 555      90687E8A 
 555      E67F
 556 0e12 116C54DB 		.ascii	"\021lT\333*\030\204\342\225~\006\274\334\317\340\022"
 556      2A1884E2 
 556      957E06BC 
 556      DCCFE012 
 557 0e22 F84DA09F 		.ascii	"\370M\240\237\301ueP\240\277\277\237A\265r\325\337\002"
 557      C1756550 
 557      A0BFBF9F 
 557      41B572D5 
 557      DF02
 558 0e34 FD0D2E5F 		.ascii	"\375\015._\257\364\3637\340%\006\203V\344\027\243\206"
 558      AFF4F337 
 558      E0250683 
 558      56E417A3 
 558      86
 559 0e45 A90D0F05 		.ascii	"\251\015\017\005Y\372\257\226-^\345\377g\203\253\237"
 559      59FAAF96 
 559      2D5EE5FF 
 559      6783AB9F 
 560 0e55 FE2BFDD2 		.ascii	"\376+\375\322e\006M\340\212\025A\213\227\333\252\313"
 560      65064DE0 
 560      8A15418B 
 560      97DBAACB 
 561 0e65 170491AA 		.ascii	"\027\004\221\252KP\220~\231\301\315\340\037\344o\370"
 561      4B50907E 
 561      99C1CDE0 
 561      1FE46FF8 
 562 0e75 D6DFEF0B 		.ascii	"\326\337\357\013\254\017\002\003\375\364\302\253\337"
 562      AC0F0203 
 562      FDF4C2AB 
 562      DF
 563 0e82 BB2D0E5C 		.ascii	"\273-\016\\\262`E \210\"\265\371\254fk]\344\2668`\311"
 563      B2604520 
 563      8822B5F9 
 563      AC666B5D 
 563      E4B63860 
 564 0e97 42BE35C0 		.ascii	"B\2765\300\216\013\220\342\026\272\022)\304\034\"C\334"
 564      8E0B90E2 
 564      16BA1229 
 564      C41C2243 
ARM GAS  /tmp/ccEcLlva.s 			page 45


 564      DC
 565 0ea8 B2C09548 		.ascii	"\262\300\225H\240-\001<\"\300\0211_M\372\032\202V\031"
 565      A02D013C 
 565      22C01131 
 565      5F4DFA1A 
 565      825619
 566 0ebb 48653EA9 		.ascii	"He>\251\330\333\346\251Io\326\026`\003\0050\020\326"
 566      D8DBE6A9 
 566      496FD616 
 566      60030530 
 566      10D6
 567 0ecd 2F3728C9 		.ascii	"/7(\311 ]a\274\244\344\364\0065\357\215\005z'\021\260"
 567      205D61BC 
 567      A4E4F406 
 567      35EF8D05 
 567      7A2711B0 
 568 0ee1 3A72DDBA 		.ascii	":r\335\272\310\365\272\260\215F\235\376\353\240\345"
 568      C8F5BAB0 
 568      8D469DFE 
 568      EBA0E5
 569 0ef0 4110082C 		.ascii	"A\020\010,\026\226.\332\270QG\235\275f\321\242/6n\204"
 569      16962EDA 
 569      B851479D 
 569      BD66D1A2 
 569      2F366E84 
 570 0f04 987437E8 		.ascii	"\230t7\350\365\301\253 \322\375\302\326\250\311\032"
 570      F5C1AB20 
 570      D2FDC2D6 
 570      A8C91A
 571 0f13 24B3F05F 		.ascii	"$\263\360_R\224\343M"
 571      5294E34D 
 572              		.text
 573              		.section	.gnu.lto_.symtab.c9c82dbb4227ad10,"",%progbits
 574 0000 5F70616C 		.ascii	"_pal_lld_init\000"
 574      5F6C6C64 
 574      5F696E69 
 574      7400
 575 000e 00       		.ascii	"\000"
 576 000f 00       		.ascii	"\000"
 577 0010 00       		.ascii	"\000"
 578 0011 00000000 		.ascii	"\000\000\000\000\000\000\000\000"
 578      00000000 
 579 0019 ED000000 		.ascii	"\355\000\000\000"
 580 001d 5F70616C 		.ascii	"_pal_lld_setgroupmode\000"
 580      5F6C6C64 
 580      5F736574 
 580      67726F75 
 580      706D6F64 
 581 0033 00       		.ascii	"\000"
 582 0034 00       		.ascii	"\000"
 583 0035 00       		.ascii	"\000"
 584 0036 00000000 		.ascii	"\000\000\000\000\000\000\000\000"
 584      00000000 
 585 003e 34010000 		.ascii	"4\001\000\000"
 586              		.text
 587              		.section	.gnu.lto_.opts,"",%progbits
 588 0000 272D666D 		.ascii	"'-fmath-errno' '-fsigned-zeros' '-ftrapping-math' '"
ARM GAS  /tmp/ccEcLlva.s 			page 46


 588      6174682D 
 588      6572726E 
 588      6F272027 
 588      2D667369 
 589 0033 2D666E6F 		.ascii	"-fno-trapv' '-fno-openmp' '-fno-openacc' '-mcpu=cor"
 589      2D747261 
 589      70762720 
 589      272D666E 
 589      6F2D6F70 
 590 0066 7465782D 		.ascii	"tex-m0' '-mno-thumb-interwork' '-mthumb' '-ggdb' '-"
 590      6D302720 
 590      272D6D6E 
 590      6F2D7468 
 590      756D622D 
 591 0099 4F322720 		.ascii	"O2' '-fomit-frame-pointer' '-falign-functions=16' '"
 591      272D666F 
 591      6D69742D 
 591      6672616D 
 591      652D706F 
 592 00cc 2D666675 		.ascii	"-ffunction-sections' '-fdata-sections' '-fno-common"
 592      6E637469 
 592      6F6E2D73 
 592      65637469 
 592      6F6E7327 
 593 00ff 2720272D 		.ascii	"' '-flto'\000"
 593      666C746F 
 593      2700
 594              		.text
 595              		.comm	__gnu_lto_v1,1,1
 596              		.comm	__gnu_lto_slim,1,1
 597              		.ident	"GCC: (15:5.4.1+svn241155-1) 5.4.1 20160919"
ARM GAS  /tmp/ccEcLlva.s 			page 47


DEFINED SYMBOLS
                            *ABS*:0000000000000000 hal_pal_lld.c
                            *COM*:0000000000000001 __gnu_lto_v1
                            *COM*:0000000000000001 __gnu_lto_slim

NO UNDEFINED SYMBOLS
