ARM GAS  /tmp/cc1myaNk.s 			page 1


   1              		.syntax unified
   2              		.cpu cortex-m0
   3              		.fpu softvfp
   4              		.eabi_attribute 20, 1
   5              		.eabi_attribute 21, 1
   6              		.eabi_attribute 23, 3
   7              		.eabi_attribute 24, 1
   8              		.eabi_attribute 25, 1
   9              		.eabi_attribute 26, 1
  10              		.eabi_attribute 30, 2
  11              		.eabi_attribute 34, 0
  12              		.eabi_attribute 18, 4
  13              		.thumb
  14              		.syntax unified
  15              		.file	"hal_st.c"
  16              		.text
  17              	.Ltext0:
  18              		.section	.gnu.lto_.profile.2f3d4b9a98f2d90a,"",%progbits
  19 0000 789C6361 		.ascii	"x\234ca`d`a`\000\222R<\000\000\252\0001"
  19      60646061 
  19      60009252 
  19      3C0000AA 
  19      0031
  20              		.text
  21              		.section	.gnu.lto_.icf.2f3d4b9a98f2d90a,"",%progbits
  22 0000 789C6361 		.ascii	"x\234ca`d\000\001\005\006\004`e\230?\363\3201.\306\277"
  22      60640001 
  22      05060460 
  22      65983FF3 
  22      D0312EC6 
  23 0015 BD2B1E32 		.ascii	"\275+\03623\335\357<=\205\231\271\351\342\233\205l,"
  23      33DDEF3C 
  23      3D8599B9 
  23      E9E29B85 
  23      6C2C
  24 0027 17FB8ECD 		.ascii	"\027\373\216\315`e\000\000\365x\016\207"
  24      60650000 
  24      F5780E87 
  25              		.text
  26              		.section	.gnu.lto_.jmpfuncs.2f3d4b9a98f2d90a,"",%progbits
  27 0000 789C6361 		.ascii	"x\234ca`d\000\0011\006\004`\005\021\214@P\317\304\300"
  27      60640001 
  27      31060460 
  27      05118C40 
  27      50CFC4C0 
  28 0014 C00CA259 		.ascii	"\300\014\242Y\200\002\000\015\330\001/"
  28      8002000D 
  28      D8012F
  29              		.text
  30              		.section	.gnu.lto_.inline.2f3d4b9a98f2d90a,"",%progbits
  31 0000 789C6361 		.ascii	"x\234ca`d\000\201T\006\004`e``\341ad`\0022\331\026\310"
  31      60640081 
  31      54060460 
  31      656060E1 
  31      61646002 
  32 0018 83280646 		.ascii	"\203(\006F.\020\301\300\306\012\024f\373\240\007\027"
  32      2E10C1C0 
ARM GAS  /tmp/cc1myaNk.s 			page 2


  32      C60A1466 
  32      FBA00717 
  33 0028 67626061 		.ascii	"gb`a\006\0121]\340\207\0131c\012\261`\0121\000\000\234"
  33      060A315D 
  33      E0870B31 
  33      630AB160 
  33      0A310000 
  34 003d 1B086E   		.ascii	"\033\010n"
  35              		.text
  36              		.section	.gnu.lto_.pureconst.2f3d4b9a98f2d90a,"",%progbits
  37 0000 789C6361 		.ascii	"x\234ca`d\340f```e\220`\224b\222b\226b\221\002\000\003"
  37      6064E066 
  37      60606065 
  37      90609462 
  37      92629662 
  38 0018 EC00A0   		.ascii	"\354\000\240"
  39              		.text
  40              		.section	.gnu.lto_stInit.2f3d4b9a98f2d90a,"",%progbits
  41 0000 789C6361 		.ascii	"x\234ca`d\000\201\225@\254\005\304\322@\314\310\314"
  41      60640081 
  41      9540AC05 
  41      C4D240CC 
  41      C8CC
  42 0012 C0C834E1 		.ascii	"\300\3104\341\034\003C#\007\023##\210\321\300\301\310"
  42      1C034323 
  42      07132323 
  42      88D1C0C1 
  42      C8
  43 0023 50CFC458 		.ascii	"P\317\304X\317\370\225\351/\023\343\241\366g;\2314\227"
  43      CFF895E9 
  43      2F13E3A1 
  43      F6673B99 
  43      3497
  44 0035 3700C183 		.ascii	"7\000\301\203\326\371\314\015+\0160\266230\374g\002"
  44      D6F9CC0D 
  44      2B0E30B6 
  44      323330FC 
  44      6702
  45 0047 9BC4C0B8 		.ascii	"\233\304\300\270\234Q\223\001\250\354\321\306\177Sy"
  45      9C519301 
  45      A8ECD1C6 
  45      7F5379
  46 0056 D95A40CA 		.ascii	"\331Z@\312\024 \222\214+\030\331@\326\255\017:\320\360"
  46      1420928C 
  46      2B18D940 
  46      D6AD0F3A 
  46      D0F0
  47 0068 FF7F7343 		.ascii	"\377\177sC\303u\203\377L@\235\037\200\222 k>21\201h"
  47      C37583FF 
  47      4C409D1F 
  47      8092206B 
  47      3E323181 
  48 007d E6178CCD 		.ascii	"\346\027\214\315\007\376\362\202T\203\314\331\271\363"
  48      07FEF282 
  48      5483CCD9 
  48      B9F3
  49 008b CD6DF6FA 		.ascii	"\315m\366\372\277\015\035\015\015\002\255\314\214\377"
ARM GAS  /tmp/cc1myaNk.s 			page 3


  49      BF0D1D0D 
  49      0D02ADCC 
  49      8CFF
  50 0099 99804630 		.ascii	"\231\200F0\256d\254ghefbx\305\330t\340?+X)\010|\000"
  50      AE64AC67 
  50      68656662 
  50      78C5D874 
  50      E03F2B58 
  51 00b1 4A024D00 		.ascii	"J\002M\000\232\247\241\247\247\017A\316\031\231I\231"
  51      9AA7A1A7 
  51      A70F41CE 
  51      19994999 
  52 00c1 FEC1BA41 		.ascii	"\376\301\272A!\372\371\305\372\031\2119\372\305E\311"
  52      21FAF9C5 
  52      FA198939 
  52      FAC545C9 
  53 00d1 203ABEB8 		.ascii	" :\276\270D/\231\001\000D^J>"
  53      442F9901 
  53      00445E4A 
  53      3E
  54              		.text
  55              		.section	.gnu.lto_stStartAlarm.2f3d4b9a98f2d90a,"",%progbits
  56 0000 789C9D52 		.ascii	"x\234\235RMh\023A\030\2357\023wk\300\332\213 \030\260"
  56      4D681341 
  56      189D3713 
  56      776BC0DA 
  56      8B2018B0 
  57 0014 20A55631 		.ascii	" \245V1k\354]\017\212 \264\010m.\236J\177\204\004\""
  57      6BEC5D0F 
  57      8A20B408 
  57      6D2E9E4A 
  57      7F840422 
  58 0028 9526F4DA 		.ascii	"\225&\364\332I\232U\252\036D\260`\261\344P\244m4M\342"
  58      499A55AA 
  58      1E44B060 
  58      B1E450A4 
  58      6D344DE2 
  59 003c 4F35B6E0 		.ascii	"O5\266\340\022\004\361\320\212\350Q%T\250R\024\022\254"
  59      1204F1D0 
  59      8AE85125 
  59      54A85214 
  59      12AC
  60 004e 7A28367E 		.ascii	"z(6~\337&\202\365 \342\260;3\337\314\373\336{\337\314"
  60      DF2682F5 
  60      20E2B03B 
  60      33DFCCFB 
  60      DE7BDFCC 
  61 0062 780404B7 		.ascii	"x\004\004\267\347R\210a\032\367\320\017% \257.\013\021"
  61      E7528861 
  61      1AF7D00F 
  61      2520AF2E 
  61      0B11
  62 0074 6F90004F 		.ascii	"o\220\000Ot\003\304\210\304\010\276\312\037\022\305"
  62      7403C488 
  62      C408BECA 
  62      1F12C5
  63 0083 8BAB05D9 		.ascii	"\213\253\005\3316\255\251\225\354\017\207\365\214\003"
ARM GAS  /tmp/cc1myaNk.s 			page 4


  63      36ADA995 
  63      EC0F87F5 
  63      8C03
  64 0091 5B095195 		.ascii	"[\011Q\225.\223\3004\332\010\3652\231\273\251\326\245"
  64      2E93C034 
  64      DA08F532 
  64      99BBA9D6 
  64      A5
  65 00a2 AD000F85 		.ascii	"\255\000\017\205\225\245\211\367\215\034J4S\270\221"
  65      95A589F7 
  65      8D1C4A34 
  65      53B891
  66 00b1 CEBDD9A9 		.ascii	"\316\275\331\251\016B\320\374\343\223\3225\264\336\322"
  66      0E42D0FC 
  66      E393D235 
  66      B4DED2
  67 00c0 3AA1F5C6 		.ascii	":\241\365\306\200\336n+\2054\024\361a\026>\314\300'"
  67      80DE6E2B 
  67      853414F1 
  67      61163ECC 
  67      C027
  68 00d2 6849E036 		.ascii	"hI\3406Z\031\276\222\337\274\276\303H\262|\363\330/"
  68      5A19BE92 
  68      DFBCBEC3 
  68      48B27CF3 
  68      D82F
  69 00e4 5DDC81C1 		.ascii	"]\334\201\301\225d\273\034]\255\216j=\031\230\335g\220"
  69      9564BB1C 
  69      5DAD8E6A 
  69      3D1998DD 
  69      6790
  70 00f6 7D4E1265 		.ascii	"}N\022e\202p\035\025)yT+H41\325\230s\351\251W\265\273"
  70      82701D15 
  70      2979542B 
  70      483431D5 
  70      9873E9A9 
  71 010d 2E52E9F9 		.ascii	".R\351\371Oh\231b\027N\341\202\272\241\235d3;\311lu"
  71      4F689962 
  71      174EE182 
  71      BAA19D64 
  71      333BC96C 
  72 0122 E2563887 		.ascii	"\342V8\207\226Q%\305*\212\023\205\305\005\273q\253+"
  72      965125C5 
  72      2A8A1385 
  72      C505BB71 
  72      AB2B
  73 0134 E7F2EB00 		.ascii	"\347\362\353\000C\\SU\211?M\013da\020K\016\006\355\214"
  73      435C5355 
  73      893F4D0B 
  73      6461104B 
  73      0E06ED8C 
  74 0148 DBC51726 		.ascii	"\333\305\027&\037\214\307\005.g\276\227\275\265\220"
  74      1F8CC705 
  74      2E67BE97 
  74      BDB590
  75 0157 C17C7453 		.ascii	"\301|tSs\337\2365\2440\031\247\270\311V\333p\227\274"
  75      73DF9E35 
ARM GAS  /tmp/cc1myaNk.s 			page 5


  75      A43019A7 
  75      B8C956DB 
  75      7097BC
  76 016a E4D90B6D 		.ascii	"\344\331\013m\246\227\326\277\230VF'\343\272T\371\274"
  76      A697D6BF 
  76      98564627 
  76      E3BA54F9 
  76      BC
  77 017b 6BAFAD0C 		.ascii	"k\257\255\014\334C\012\233T\262\253C\230\352x\376\255"
  77      DC430A9B 
  77      54B2AB43 
  77      98EA78FE 
  77      AD
  78 018c 11C83246 		.ascii	"\021\3102F\237\261\225\211\373\260p\300W\007\340\001"
  78      9FB19589 
  78      FBB070C0 
  78      5707E001 
  79 019c 02F56AD6 		.ascii	"\002\365j\326s\357\022f\335\327\277\252\352c\3148\357"
  79      73EF1266 
  79      DDD7BFAA 
  79      EA63CC38 
  79      EF
  80 01ad 4AA2CEF8 		.ascii	"J\242\316\370\020\326\357\225\231\264\376\2102Y\241"
  80      10D6EF95 
  80      99B4FE88 
  80      3259A1
  81 01bc FCBF0A05 		.ascii	"\374\277\012\005WA\326\025\036\273\012\213\251+\263"
  81      5741D615 
  81      1EBB0A8B 
  81      A92BB3
  82 01cb DE9A82C4 		.ascii	"\336\232\202\304\002e\322\305\226\354\265\335\356k\340"
  82      0265D2C5 
  82      96ECB5DD 
  82      EE6BE0
  83 01da 1B106B48 		.ascii	"\033\020kH8\257Nr\354\336\\\231,\322\003\240\263\331"
  83      38AF4E72 
  83      ECDE5C99 
  83      2CD203A0 
  83      B3D9
  84 01ec EFF75BB5 		.ascii	"\357\367[\265\357x(\334\027>\335}\250+h\015F\255Po\304"
  84      EF7828DC 
  84      173EDD7D 
  84      A82B680D 
  84      46AD506F 
  85 0201 8A0EF5F3 		.ascii	"\212\016\365\363\330\023\215\371\373\205\331\333\027"
  85      D8138DF9 
  85      FB85D9DB 
  85      17
  86 020e 8D85CF9D 		.ascii	"\215\205\317\235\365pw\364/Y\347\007\207bQ\253;\330"
  86      F57077F4 
  86      2F59E707 
  86      876251AB 
  86      3BD8
  87 0220 D97EC4EA 		.ascii	"\331~\304\352\3508a\005Ou\016\007\352<=\221\310\200"
  87      E8386105 
  87      4F750E07 
  87      EA3C3D91 
ARM GAS  /tmp/cc1myaNk.s 			page 6


  87      C880
  88 0232 3F247E02 		.ascii	"?$~\002Q\"\032\276"
  88      51221ABE 
  89              		.text
  90              		.section	.gnu.lto_stStopAlarm.2f3d4b9a98f2d90a,"",%progbits
  91 0000 789C6361 		.ascii	"x\234ca`d\000\001\013 \225\011\244\245\201\230\221\231"
  91      60640001 
  91      0B209509 
  91      A4A58198 
  91      9199
  92 0012 819169C2 		.ascii	"\201\221i\3029\006\206F\016&FF\020\243\201\203\221\241"
  92      39068646 
  92      0E264646 
  92      10A38183 
  92      91A1
  93 0024 9E89B19E 		.ascii	"\236\211\261\236\361+\323_&\306C\355\317v2i.o\000\202"
  93      F12BD35F 
  93      26C643ED 
  93      CF763269 
  93      2E6F0082 
  94 0038 0747DF19 		.ascii	"\007G\337\0314\2548\300\330\312\314\300\360\237\011"
  94      34AC38C0 
  94      D8CACCC0 
  94      F09F09
  95 0047 6C1203E3 		.ascii	"l\022\003\343rFM\006\240\262G\033\377M\345ek\001)S\200"
  95      72464D06 
  95      A0B2471B 
  95      FF4DE565 
  95      6B012953 
  96 005c 4832AE60 		.ascii	"H2\256`d\003Y\267>\350@\303\377\377\315\015\015\037"
  96      640359B7 
  96      3EE840C3 
  96      FFFFCD0D 
  96      0D1F
  97 006e 0DF62A03 		.ascii	"\015\366*\003u~\000J\202\254\371\310\304\004\242\231"
  97      757E004A 
  97      82ACF9C8 
  97      C404A299 
  98 007e 9F311EFA 		.ascii	"\2371\036\372\362c\355\371\243\334\250\246\034\350\276"
  98      F263EDF9 
  98      A3DCA8A6 
  98      1CE8BE
  99 008d 670836E3 		.ascii	"g\0106\343?\023#\206\005\214+\031\331\2006\254bd\003"
  99      3F132386 
  99      058C2B19 
  99      D98036AC 
  99      626403
 100 00a0 CA4C6B3D 		.ascii	"\312Lk=t\236\375\013S+3#X\341\271\265\337?pA\270 \305"
 100      749EFD0B 
 100      532B3323 
 100      58E1B9B5 
 100      DF3F7041 
 101 00b7 2C40A1C5 		.ascii	",@\241\305\353\276\035\347\230\3178\267\021\310\027"
 101      EBBE1DE7 
 101      98CF38B7 
 101      11C817
 102 00c6 68656662 		.ascii	"hefb\\\303(\303\270\232Q\206\001\244~\325\331/\237\331"
ARM GAS  /tmp/cc1myaNk.s 			page 7


 102      5CC328C3 
 102      B89A5186 
 102      01A47ED5 
 102      D92F9FD9 
 103 00da F5D736B4 		.ascii	"\365\3276\26446<\330\276WL\276\225\231\231q-\343|\306"
 103      34363CD8 
 103      BE574CBE 
 103      95999971 
 103      2DE37CC6 
 104 00ee 7F407782 		.ascii	"\177@w\202\355a\\\307\250\217l\0153#\003\343z\240\346"
 104      ED615CC7 
 104      A88F6C0D 
 104      332303E3 
 104      7AA0E6
 105 0101 578C4D0F 		.ascii	"W\214M\017\226\276\347\000\271\021\034\024\037\200\016"
 105      96BEE700 
 105      B9111C14 
 105      1F800E
 106 0110 057A08A8 		.ascii	"\005z\010\250MCOO\037\202\23432\2232\375\203u\203B\364"
 106      4D434F4F 
 106      1F829C33 
 106      329332FD 
 106      83758342 
 107 0125 F38BF533 		.ascii	"\363\213\3653\022s\364\213\213\222At|q\211^2\203\035"
 107      1273F48B 
 107      8B924174 
 107      7C71895E 
 107      32831D
 108 0138 1E8505F9 		.ascii	"\036\205\005\371E%\305\372\301!\276\306F\372>>.\372"
 108      4525C5FA 
 108      C121BEC6 
 108      46FA3E3E 
 108      2EFA
 109 014a 219EBE65 		.ascii	"!\236\276e\206P\255\36199)z\031\014\000\015o\223\207"
 109      8650ADF1 
 109      3939297A 
 109      190C000D 
 109      6F9387
 110              		.text
 111              		.section	.gnu.lto_stSetAlarm.2f3d4b9a98f2d90a,"",%progbits
 112 0000 789C7D50 		.ascii	"x\234}PMh\023A\030\2357\263\335\304\202\2657\005\003"
 112      4D681341 
 112      189D37B3 
 112      DDC482B5 
 112      370503
 113 0013 06A4D42A 		.ascii	"\006\244\324*f\215\275{Q\020\241Ehs\361T\372#$\020\251"
 113      668DBD7B 
 113      5110A145 
 113      6873F154 
 113      FA232410 
 114 0028 7443AF9D 		.ascii	"tC\257\235\244\031J\365\"\202\205\026%\207\"\255\321"
 114      A4194AF5 
 114      22828516 
 114      258722AD 
 114      D1
 115 0039 34897F50 		.ascii	"4\211\177P\024\\\202\340\251\025\357\026B\205\"*\222"
 115      145C82E0 
ARM GAS  /tmp/cc1myaNk.s 			page 8


 115      A915EF16 
 115      4285222A 
 115      92
 116 004a 606D0E62 		.ascii	"`m\016b\327\357\333\326C=8\354\3567o\347\315\373\336"
 116      D7EFDBD6 
 116      433D38EC 
 116      EE376FE7 
 116      CDFBDE
 117 005d FB2C01C1 		.ascii	"\373,\001\301\253M\0121I\3658\275P\002\362\316\272\020"
 117      AB4D0A31 
 117      49F538BD 
 117      5002F2CE 
 117      BA10
 118 006f D9B00478 		.ascii	"\331\260\004x\243\303\020S\022S\370)\177K\324f\266V"
 118      A3C31053 
 118      1253F829 
 118      7F4BD466 
 118      B656
 119 0081 65CF92A6 		.ascii	"e\317\222\246U7;\347\364\262\007\243\204\360e\240$\260"
 119      55373BE7 
 119      F4B207A3 
 119      84F065A0 
 119      24B0
 120 0093 841E627D 		.ascii	"\204\036b}\310W\356\253mi\024`\021l\256-|\352`(\021"
 120      C857EEAB 
 120      6D691460 
 120      116CAE2D 
 120      7CEA6028 
 121 00a8 25F8AB58 		.ascii	"%\370\253X\371xD\235\201\240\375\3477\365\273\350~\250"
 121      F978449D 
 121      81A0FDE7 
 121      37F5BBE8 
 121      7EA8
 122 00ba 754EEBD6 		.ascii	"uN\353\326\230>d\224B\021\212\364\360\010\021,#\"\350"
 122      983E6494 
 122      42118AF4 
 122      F008112C 
 122      2322E8
 123 00cd 97C06374 		.ascii	"\227\300ct3}\263\272{\357\260\235\347\366\321\331\277"
 123      337DB3BA 
 123      7BEFB09D 
 123      E7F6D1D9 
 123      BF
 124 00de 7DF10436 		.ascii	"}\361\0046')\017x\332\367\247\265\236\217o\234\264\310"
 124      27290F78 
 124      DAF7A7B5 
 124      9E8F6F9C 
 124      B4C8
 125 00f0 3E5F120D 		.ascii	">_\022\015\242p\216\246\224\\\325&r\235,5\353\335z\333"
 125      A2708EA6 
 125      945CD526 
 125      729D2C35 
 125      EBDD7ADB 
 126 0104 AE7A0317 		.ascii	"\256z\003\027\205\342\313o\350Zd\027^uF\315k/\037e'"
 126      85E2CB6F 
 126      E85A6417 
 126      5E7546CD 
ARM GAS  /tmp/cc1myaNk.s 			page 9


 126      6B2F1F65 
 127 0119 A5834E82 		.ascii	"\245\203N\202\204+\350\232VRl\241\266\260\372\372\253"
 127      842BE89A 
 127      56526CA1 
 127      B6B0FAFA 
 127      AB
 128 012a E938E8CA 		.ascii	"\3518\350\312\273\375=\316\224\300\224/\361\257i\201"
 128      BBFD3DCE 
 128      94C0942F 
 128      F1AF6981 
 129 013a 326C52A9 		.ascii	"2lR\251\300\246\2239S{\037\342\301X\001q\275\324j\264"
 129      C0A69339 
 129      537B1FE2 
 129      C1580171 
 129      BDD46AB4 
 130 014e EF4126F3 		.ascii	"\357A&\363\350\026Wv\336\205\013x\220%\334iT\033\236"
 130      E8165776 
 130      DE850B78 
 130      9025DC69 
 130      541B9E
 131 0161 92972A7B 		.ascii	"\222\227*{\241\303\342\332\366\217\220S\322\371\254"
 131      A1C3E2DA 
 131      F68F9053 
 131      D2F9AC
 132 0170 AE374B47 		.ascii	"\2567KGO\030e\343\031\012\330\245\310A\037\342\370s"
 132      4F1865E3 
 132      190AD8A5 
 132      C8411FE2 
 132      F873
 133 0182 D50D3B5E 		.ascii	"\325\015;^f\216\276fT\010\317\341\340td\237\200\027"
 133      668EBE66 
 133      5408CFE1 
 133      E074649F 
 133      8017
 134 0194 88731A1A 		.ascii	"\210s\032\032J\335\264\216\005\223d\367\342\013r\336"
 134      4ADDB48E 
 134      059364F7 
 134      E20B72DE 
 135 01a4 ABCB8C83 		.ascii	"\253\313\214\203\324\015JB\303#\335S\261\230\263\367"
 135      D40D4A42 
 135      C323DD53 
 135      B198B3F7 
 136 01b4 5C4CA646 		.ascii	"\\L\246FRW\007\317\016$\234q\327I\016\247\035wb\224"
 136      525707CF 
 136      0E249C71 
 136      D7490EA7 
 136      1D776294 
 137 01c8 EB909B89 		.ascii	"\353\220\233\211\215\212\320\360\210\233I\335\270n\361"
 137      8D8AD0F0 
 137      889B49DD 
 137      B86EF1
 138 01d7 E7C27F6E 		.ascii	"\347\302\177n\335\034\237\310\270\316`\242\277\367\274"
 138      DD1C9FC8 
 138      B8CE60A2 
 138      BFF7BC
 139 01e6 D3D777C9 		.ascii	"\323\327w\311I\\\351\237\214\357\353\014\245\323c\261"
 139      495CE99F 
ARM GAS  /tmp/cc1myaNk.s 			page 10


 139      8CEFEB0C 
 139      A5D363B1 
 140 01f6 A4F80331 		.ascii	"\244\370\0031\031\326\276"
 140      19D6BE
 141              		.text
 142              		.section	.gnu.lto_stGetAlarm.2f3d4b9a98f2d90a,"",%progbits
 143 0000 789C7D8F 		.ascii	"x\234}\2179H\203A\020\205\367\355\306?AP\354,L\021\260"
 143      39488341 
 143      1085F7ED 
 143      C63F4150 
 143      EC2C4C11 
 144 0015 51C1ACD1 		.ascii	"Q\301\254\321\336F\013\003\212\240)\354\304\243H \240"
 144      DE460B03 
 144      8AA029EC 
 144      C4A34820 
 144      A0
 145 0026 1811ACDC 		.ascii	"\030\021\254\334\230l\221N\013-<Ha\341\031c*;\021A\254"
 145      986C914E 
 145      0B2D3C48 
 145      61E11963 
 145      2A3B1141 
 146 003b 3C7B2128 		.ascii	"<{!(XX)^X$\2773\321F\013\227\035f\037\363\355\314<\217"
 146      5858295E 
 146      5824BF33 
 146      D1460B97 
 146      1D661FF3 
 147 0053 80E0334B 		.ascii	"\200\3403K)F\271\201\002J@.\\\010\221\364I\200\037\306"
 147      2946B981 
 147      024A402E 
 147      5C0891F4 
 147      49801FC6 
 148 0067 07312731 		.ascii	"\0071'1\2077Y\222\270N\037\254\251Wi\011\363\220|>_"
 148      87375992 
 148      B84E1FAC 
 148      A9576909 
 148      F3907C3E 
 149 007c B9AF6509 		.ascii	"\271\257e\011\004H\256\232\233\214\267y\323\230yS\264"
 149      0448AE9A 
 149      9B8CB779 
 149      D3987953 
 149      B4
 150 008d E5A1C594 		.ascii	"\345\241\305\224\355\261J\012W\012l\301\217M\370y\304"
 150      EDB14A0A 
 150      570A6CC1 
 150      8F4DF879 
 150      C4
 151 009e 369A05C1 		.ascii	"6\232\005\301w\205\362R\215\2236t\002\031%\230\242\342"
 151      7785F252 
 151      8D933674 
 151      02192598 
 151      A2E2
 152 00b0 0E1CDE2A 		.ascii	"\016\034\336*?pl\\7e\314g[\251\221Zp\033\361D\301+="
 152      3F706C5C 
 152      3765CC67 
 152      5BA9915A 
 152      701BF144 
 153 00c7 4BC9593D 		.ascii	"K\311Y=\340\344\3503\347\236:\277\273\035g\312\2504"
ARM GAS  /tmp/cc1myaNk.s 			page 11


 153      E0E4E833 
 153      E79E3ABF 
 153      BB1D67CA 
 153      A834
 154 00d9 7225FE0E 		.ascii	"r%\376\016\022\330\205Cc\366\340\244\024\033Z\266'\227"
 154      12D88543 
 154      63F6E0A4 
 154      141B5AB6 
 154      2797
 155 00eb 5E76A02A 		.ascii	"^v\240*\354E\356\343\251\372[2\317\0367\366\337\317"
 155      EC45EEE3 
 155      A9FA5B32 
 155      CF1E37F6 
 155      DFCF
 156 00fd 7C59AC27 		.ascii	"|Y\254'I\327Y\345\301>Y\311\261\025*\356\234\277\276"
 156      49D759E5 
 156      C13E59C9 
 156      B1152AEE 
 156      9CBFBE
 157 0110 7875CEA4 		.ascii	"xu\316\244\223\246xX\252\017[U\205<\262(\323\252\225"
 157      93A67858 
 157      AA0F5B55 
 157      853CB228 
 157      D3AA95
 158 0123 51C4B8CB 		.ascii	"Q\304\270\313\205['\224g\306\254\303*\007\007\320h\361"
 158      855B2794 
 158      67C6ACC3 
 158      2A0707D0 
 158      68F1
 159 0135 FF102820 		.ascii	"\377\020( $\0361_\264\356\025x\355\024{e\267`\227\364"
 159      241E315F 
 159      B4EE1578 
 159      ED147B65 
 159      B76097F4 
 160 0149 6E0A06F5 		.ascii	"n\012\006\365\367\355\212\306Fc\375\203\255\003\021"
 160      F7ED8AC6 
 160      4663FD83 
 160      AD0311
 161 0158 3D91D0D1 		.ascii	"=\221\320\321\221\270NL\215q\036NL\007\307D\347?\340"
 161      91B84E4C 
 161      8D711E4E 
 161      4C07C744 
 161      E73FE0
 162 016b E4C4D474 		.ascii	"\344\304\324tB\017F\372:\332uoo\267\216\204\373fB?_"
 162      420F46FA 
 162      3ADA756F 
 162      6FB78E84 
 162      FB66423F 
 163 0180 87E3F1F1 		.ascii	"\207\343\361\361`T|\001l\214\250\026"
 163      60547C01 
 163      6C8CA816 
 164              		.text
 165              		.section	.gnu.lto_.symbol_nodes.2f3d4b9a98f2d90a,"",%progbits
 166 0000 789C55C8 		.ascii	"x\234U\310\261\015\2000\014\005\321\363O\262\007\014"
 166      B10D8030 
 166      0C05D1F3 
 166      4FB2070C 
ARM GAS  /tmp/cc1myaNk.s 			page 12


 167 0010 49ED8C40 		.ascii	"I\355\214@\003\004j\246`\010f`\022DD\347kNz\031c\242"
 167      03046AA6 
 167      60086660 
 167      124444E7 
 167      6B4E7A19 
 168 0026 A7450EF3 		.ascii	"\247E\016\363\015}W\035\273\254r\213\262\311\025\245"
 168      0D7D571D 
 168      BBAC728B 
 168      B2C915A5 
 169 0036 C953945D 		.ascii	"\311S\224]\236\203\330!/\277@\255\003$\012\347\363\032"
 169      9E83D821 
 169      2FBF40AD 
 169      03240AE7 
 169      F31A
 170 0048 1F9EB11C 		.ascii	"\037\236\261\034I"
 170      49
 171              		.text
 172              		.section	.gnu.lto_.refs.2f3d4b9a98f2d90a,"",%progbits
 173 0000 789C6361 		.ascii	"x\234ca`\004B \000\000\0009\000\007"
 173      60044220 
 173      00000039 
 173      0007
 174              		.text
 175              		.section	.gnu.lto_.decls.2f3d4b9a98f2d90a,"",%progbits
 176 0000 789CB557 		.ascii	"x\234\265W{LTW\032\277\347\236\001\206a\000;\232\306"
 176      7B4C5457 
 176      1ABFE79E 
 176      01866100 
 176      3B9AC6
 177 0013 CDB25963 		.ascii	"\315\262Yc0\262i\312\024m\267\233l\266\321\216\2565"
 177      30B269CA 
 177      146DB79B 
 177      6CB6D18E 
 177      AE35
 178 0025 A9ED6660 		.ascii	"\251\355f`\233M\272\311\004\021\027\022D\303\214n\372"
 178      9B4DBAC9 
 178      04111712 
 178      44C38C6E 
 178      FA
 179 0036 C7EE5E01 		.ascii	"\307\356^\001\001\321*(\202\362P\236\002\202\202 (\242"
 179      01D12A28 
 179      82F2509E 
 179      02828220 
 179      28A2
 180 0048 32151D51 		.ascii	"2\025\035Q\321\245\310C@\204\372@\251\256\002R\321\""
 180      D1A5C843 
 180      4084FA40 
 180      A9AE0252 
 180      D122
 181 005a B2DF79DC 		.ascii	"\262\337y\334\271\327qp\333?v\302w\357\371\316\371}"
 181      B9D77170 
 181      DB3F76C2 
 181      77EFF9CE 
 181      F97D
 182 006c BFEF75EE 		.ascii	"\277\357u\356\275\007\215\200\004\362[\371\226 l\022"
 182      BD078D80 
 182      04F25BF9 
ARM GAS  /tmp/cc1myaNk.s 			page 13


 182      96206C12 
 183 007c 05211FD4 		.ascii	"\005!\037\324i\370y\302\334\027\202\362#\372a\220S "
 183      69F879C2 
 183      DC1782F2 
 183      23FA6190 
 183      5320
 184 008e 6740EC20 		.ascii	"g@\354 \315 \347\205\327\177\004\207\271\275\003\244"
 184      CD20E785 
 184      D77F0487 
 184      B9BD03A4 
 185 009e 92CF8B7C 		.ascii	"\222\317\213|\315\235\015\341\325r\033\003\310\034\220"
 185      CD9D0DE1 
 185      D5721B03 
 185      C81C90
 186 00ad 13203A88 		.ascii	"\023 :\210G\013\322\013\343V\316;M\014`n\202s\022[="
 186      470BD20B 
 186      E356CE3B 
 186      4D0C606E 
 186      8273125B 
 187 00c2 A253C22F 		.ascii	"\242S\302/\321\253\274$V\015\347\225\271Z\231\271\323"
 187      D1ABBC24 
 187      560DE795 
 187      B95A99B9 
 187      D3
 188 00d3 9E607EE5 		.ascii	"\236`~\345b'\360\034\177JL\210\307$r\233_\363X\026\272"
 188      6227F01C 
 188      7F4A4C88 
 188      C724729B 
 188      5FF35816 
 189 00e8 70927A79 		.ascii	"p\222zy\375\014.\202\377\015\347z\307\205kJD\207\322"
 189      FD0C2E82 
 189      FF0DE77A 
 189      C7856B4A 
 189      4487D2
 190 00fb 3B4FE23E 		.ascii	";O\342>\324\203\000\213f\321Y\204\330\025Q\021\230P"
 190      D483008B 
 190      66D15984 
 190      D8155111 
 190      9850
 191 010d 1506A2C0 		.ascii	"\025\006\242\300\271\344)$\003\311\025.\"\342s\202\223"
 191      B9E42924 
 191      03C9152E 
 191      22E27382 
 191      93
 192 011e 8CFE717B 		.ascii	"\214\376q{\272/\350\217\222(\354\210\033!g\004tY`\353"
 192      BA2FE88F 
 192      9228EC88 
 192      1B216704 
 192      745960EB 
 193 0132 4E567613 		.ascii	"NVv\023\025\003\025\037\013\227\323)1;sBr\322\3115\217"
 193      1503151F 
 193      0B97D329 
 193      313B7342 
 193      72D2C935 
 194 0147 063CB088 		.ascii	"\006<\260\210\310x\340y\331\037\203+%\370\245I\222\370"
 194      C878E079 
 194      D91F832B 
ARM GAS  /tmp/cc1myaNk.s 			page 14


 194      25F8A549 
 194      92F8
 195 0159 0BA532DF 		.ascii	"\013\2452\337&V\347\342q\021\031tH\003\352\350\225\354"
 195      2656E7E2 
 195      71111974 
 195      4803EAE8 
 195      95EC
 196 016b DB7EA0CE 		.ascii	"\333~\240\316\321\241y\240N]\314\311\026\347fR\273\004"
 196      D1A179A0 
 196      4E5DCCC9 
 196      16E76652 
 196      BB04
 197 017d 699E067D 		.ascii	"i\236\006}\3616\252@\001\350\020\012\000G\225h.\\Wk"
 197      F136AA40 
 197      01E8100A 
 197      00479568 
 197      2E5C576B 
 198 0191 18D3D5AD 		.ascii	"\030\323\325\255\222\3445?_\312\257\226\006;G\026\357"
 198      92E4353F 
 198      5FCAAF96 
 198      063B4716 
 198      EF
 199 01a2 93EC8960 		.ascii	"\223\354\211`&\022\024*C\030\225\243`\022\035\014\311"
 199      2612142A 
 199      431895A3 
 199      60121D0C 
 199      C9
 200 01b3 AD14F541 		.ascii	"\255\024\365A\330\207\321|\260L\250\354M\365\300\277"
 200      D887D17C 
 200      B04CA8EC 
 200      4DF5C0BF 
 201 01c3 A781F6B7 		.ascii	"\247\201\366\267\224W\220x\026\352\020I\327\037\246"
 201      94579078 
 201      16EA1049 
 201      D71FA6
 202 01d2 AA1E363C 		.ascii	"\252\0366<\367eS\004\321\276s\254\330\013\177B\306\242"
 202      F7655304 
 202      D1BE73AC 
 202      D80B7F42 
 202      C6A2
 203 01e4 E3EBDA1A 		.ascii	"\343\353\332\032\037\024\244;H\"\034\354v,KO&.k\221"
 203      1F14A43B 
 203      48221CEC 
 203      762C4B4F 
 203      262E6B91 
 204 01f8 0E1D555C 		.ascii	"\016\035U\\.\324\3015E\222\342I\022\206\026?\301\231"
 204      2ED4C135 
 204      4592E249 
 204      1286163F 
 204      C199
 205 020a 03AA4141 		.ascii	"\003\252AA\204\227\000Q5LV\301$\370(/N/\364\304\233"
 205      84970051 
 205      354C56C1 
 205      24F8282F 
 205      4E2FF4C4 
 206 021f 1175B2EF 		.ascii	"\021u\262\357\330\241\011\235\323I]\352\373P\307Y\250"
 206      D8A1099D 
ARM GAS  /tmp/cc1myaNk.s 			page 15


 206      D3495DEA 
 206      FB50C759 
 206      A8
 207 0230 1E7C1C53 		.ascii	"\036|\034S|\200\313\031\235\324\271w\262\263\256\357"
 207      7C80CB19 
 207      9DD4B977 
 207      B2B3AEEF 
 208 0240 853F3ECC 		.ascii	"\205?>\314\234L?\035\252\323!]\220{\206\0067\014,\234"
 208      9C4C3F1D 
 208      AAD3215D 
 208      907B8606 
 208      370C2C9C 
 209 0254 81CB1F1C 		.ascii	"\201\313\037\034\"\341\234\200p\216+\341\324\323p\300"
 209      22E19C80 
 209      708E2BE1 
 209      D4D370C0 
 210 0264 C9818AFE 		.ascii	"\311\201\212\376\"/\015\331\366\004\001\275\202\271"
 210      222F0DD9 
 210      F60401BD 
 210      82B9
 211 0272 FAEA9DA3 		.ascii	"\372\352\235\243\0363v\265\221v\365$\342m\3351V\236"
 211      1E3376B5 
 211      9176F524 
 211      E26DDD31 
 211      569E
 212 0284 A483B60E 		.ascii	"\244\203\266\016\322\266\3523\023\244\026\260\233G`"
 212      D2B6EA33 
 212      13A416B0 
 212      9B4760
 213 0293 E888E2F0 		.ascii	"\350\210\342\360\210\272\255\247h[/N\326\370\341{4="
 213      88BAADA7 
 213      685B2F4E 
 213      D6F8E17B 
 213      343D
 214 02a5 743F63F8 		.ascii	"t?c\370\230\310X\354\343\016\275\224\266Y\222\226\320"
 214      98C858EC 
 214      E30EBD94 
 214      B6599296 
 214      D0
 215 02b6 AD715AE1 		.ascii	"\255qZ\3418\255\3468C9v\325N\034\360\300O\030IwcJ\216"
 215      38ADE638 
 215      433976D5 
 215      4E1CF0C0 
 215      4F184977 
 216 02cd 3727A9BE 		.ascii	"7'\251\276 \223\220@\232\024\222&5\211\235\222T\216"
 216      20939040 
 216      9A149226 
 216      35899D92 
 216      548E
 217 02df B7D5F8E2 		.ascii	"\267\325\370\342\227\214\344\334\364\325N/u\362\244"
 217      978CE4DC 
 217      F4D54E2F 
 217      75F2A4
 218 02ee 2E4AF667 		.ascii	".J\366g_\331\323M\323\305\311\230{\034\275\340\353\334"
 218      5FD9D34D 
 218      D3C5C998 
 218      7B1CBDE0 
ARM GAS  /tmp/cc1myaNk.s 			page 16


 218      EBDC
 219 0300 D38042DF 		.ascii	"\323\200B\337(>\277Q\373l\246>G\267?\316\367\307[\331"
 219      283EBF51 
 219      FB6CA63E 
 219      47B73FCE 
 219      F7C75BD9 
 220 0314 D3777CE2 		.ascii	"\323w|\342\305\220/\241\201\206\365\265\377csQ\222="
 220      C5902FA1 
 220      8186F5B5 
 220      FF637351 
 220      923D
 221 0326 0DD1E707 		.ascii	"\015\321\347\007\235SX\316Q\026\030\234\247\014\223"
 221      9D5358CE 
 221      5116189C 
 221      A70C93
 222 0335 77ABEEE9 		.ascii	"w\253\356\351\365\251\312~\240x%R\007\322\313\2260$"
 222      F5A9CA7E 
 222      A0782552 
 222      07D2CB96 
 222      3024
 223 0347 5EBEDBD3 		.ascii	"^\276\333\323\344\315\036\345\353\304kv\343\370%\017"
 223      E4CD1EE5 
 223      EBC46B76 
 223      E3F8250F 
 224 0357 A66BC9F2 		.ascii	"\246k\311\362\243\212\343\276\354\321\266\223\345kC"
 224      A38AE3BE 
 224      ECD1B693 
 224      E56B43
 225 0366 05897AB6 		.ascii	"\005\211z\266\334F\364\346\256\013#\032\334\301\"n+"
 225      DC46F4E6 
 225      AE0B231A 
 225      DCC1226E 
 225      2B
 226 0377 4D69C33A 		.ascii	"Mi\303:\330\214\011?y;\267\266N^\361\300\275\314~\333"
 226      D88C093F 
 226      793BB7B6 
 226      4E5EF1C0 
 226      BDCC7EDB 
 227 038b F93A077F 		.ascii	"\371:\007\177\255\264\020=\343ds\243\017\356g\213\267"
 227      ADB4103D 
 227      E36473A3 
 227      0FEE678B 
 227      B7
 228 039c 536F357B 		.ascii	"So5{\342[\2746<,\003\017\353@\337\017\227\020\036b\213"
 228      E25BBC36 
 228      3C2C030F 
 228      EB40DF0F 
 228      97101E62 
 229 03b1 8DC74F39 		.ascii	"\215\307O9x\012\357\221G\177\2445\317\207\251\263\310"
 229      780AEF91 
 229      477FA435 
 229      CF87A9B3 
 229      C8
 230 03c2 3E1EBAE8 		.ascii	">\036\272\350\320\261\214$\004\372\351\366\033K\360"
 230      D0B18C24 
 230      04FAE9F6 
 230      1B4BF0
ARM GAS  /tmp/cc1myaNk.s 			page 17


 231 03d1 03667976 		.ascii	"\003fyv\254\272\224g\207A}<Q\270UK\362\221\344b\032"
 231      ACBA9467 
 231      87417D3C 
 231      51B8554B 
 231      F291E462 
 232 03e6 D45DBF4E 		.ascii	"\324]\277N\036\027d\014@\335,\227\344\274\201Z\017C"
 232      1E17640C 
 232      40DD2C97 
 232      E4BC815A 
 232      0F43
 233 03f8 1A7F5F2E 		.ascii	"\032\177_.\261\321\247\275\023\340\035\024\336\203\014"
 233      B1D1A7BD 
 233      13E01D14 
 233      DE830C
 234 0407 B21141DF 		.ascii	"\262\021A\337|\221{\036\253\321\255oB\037)*\311\322"
 234      7C917B1E 
 234      ABD1AD6F 
 234      421F292A 
 234      C9D2
 235 0419 E1C72CCC 		.ascii	"\341\307,\314\234'\375\303\274gA\240\036|\332\230\240"
 235      9C27FDC3 
 235      BC6741A0 
 235      1E7CDA98 
 235      A0
 236 042a C54FD8DA 		.ascii	"\305O\330\332\3563yW\274\360\004S\344\027\263\201\275"
 236      EE337957 
 236      BCF00453 
 236      E417B381 
 236      BD
 237 043b 98E3BB3F 		.ascii	"\230\343\273?\306\223l\245)}W?\302\323Ly\224xw\220W"
 237      C6936CA5 
 237      297D573F 
 237      C2D34C79 
 237      94787790 
 238 0450 682EA87B 		.ascii	"h.\250{.?X\210\0231]z\331\322\274\020\247\262\261\243"
 238      2E3F5888 
 238      13315D7A 
 238      D9D2BC10 
 238      A7B2B1A3 
 239 0464 BEAC14E1 		.ascii	"\276\254\024\3414\246\214e;\036\350p\006S\362\333sO"
 239      34A68C65 
 239      3B1EE870 
 239      0653F2DB 
 239      734F
 240 0476 68711653 		.ascii	"hq\026S\016>\313<\250\307\271L\351h\350L\361\301\005"
 240      0E3ECB3C 
 240      A8C7B94C 
 240      E968E84C 
 240      F1C105
 241 0489 4C49397A 		.ascii	"LI9zt\257\017.aJ|cO\272?s:H\364;%w\362\275y_<AOmo\235"
 241      74AF0F2E 
 241      614A7C63 
 241      4FBA3F73 
 241      3A48F43B 
 242 04a9 40B89C81 		.ascii	"@\270\234\201\353\362\272\366\373\314\334\211Gr'\336"
 242      EBF2BAF6 
 242      FBCCDC89 
ARM GAS  /tmp/cc1myaNk.s 			page 18


 242      477227DE 
 243 04b9 A38DC8E9 		.ascii	"\243\215\310\351yY\355\317Kk\227\033q\021\320-\024\375"
 243      7959EDCF 
 243      4B6B971B 
 243      7111D02D 
 243      14FD
 244 04cb 9896F691 		.ascii	"\230\226\366\221\\\332\232\335%\016\255\032\335\372"
 244      5CDA9ADD 
 244      250EAD1A 
 244      DDFA
 245 04d9 06F4DB2D 		.ascii	"\006\364\333-\003w\216x\243@\227_P`\340\354\300\300"
 245      03778E78 
 245      A340975F 
 245      5060E0EC 
 245      C0C0
 246 04eb 42293141 		.ascii	"B)1A\032<\235\263)\2634IJ\013\247D\227\341QM\024g+\017"
 246      1A3C9DB3 
 246      29B33449 
 246      4A0BA744 
 246      97E1514D 
 247 0503 C225CA5A 		.ascii	"\302%\312ZA\256\0025\260\327\364\351e\364mW\364\255"
 247      41AE0235 
 247      B0D7F4E9 
 247      65F46D57 
 247      F4AD
 248 0515 D7D07B15 		.ascii	"\327\320{\025\364}W4\2138D\001\037S\300\337\271\202"
 248      F47D5734 
 248      8B384401 
 248      1F53C0DF 
 248      B982
 249 0527 075CC16D 		.ascii	"\007\\\301m\012\270\335\025\374\355kq\234R\320}\256"
 249      0AB8DD15 
 249      FCED6B71 
 249      9C52D07D 
 249      AE
 250 0538 E86BAED4 		.ascii	"\350k\256\324\331\012\370\236\373\240\325\324\035\012"
 250      D90AF89E 
 250      FBA0D5D4 
 250      1D0A
 251 0546 FADFAEE8 		.ascii	"\372\337\256\350\253\257\2427K\366\336/\011x\004\031"
 251      ABAFA237 
 251      4BF6DE2F 
 251      09780419 
 252 0556 D07F3858 		.ascii	"\320\1778Xn\036\272\340\032G\206\302\374\275+\263\321"
 252      6E1EBAE0 
 252      1A4786C2 
 252      FCBD2BB3 
 252      D1
 253 0567 05DBAE60 		.ascii	"\005\333\256`\333\334G\241\002\237P\3007]\3017\\\301"
 253      DBDC47A1 
 253      029F50C0 
 253      375DC137 
 253      5CC1
 254 0579 D50AF88E 		.ascii	"\325\012\370\216\373\206\253\300]\012\370\212\373\275"
 254      FB86ABC0 
 254      5D0AF88A 
 254      FBBD
ARM GAS  /tmp/cc1myaNk.s 			page 19


 255 0587 14A2D4E2 		.ascii	"\024\242\324\342\014\255E/\324\242\213c\3457\012\357"
 255      0CAD452F 
 255      D4A28B63 
 255      E5370AEF 
 256 0597 89BACCB9 		.ascii	"\211\272\314\271\012\363\220+s\207\302L\217\014\366"
 256      0AF3902B 
 256      7387C24C 
 256      8F0CF6
 257 05a6 DD0096B4 		.ascii	"\335\000\226\264\004$\360\017\210\340$j\354\013 \037"
 257      0424F00F 
 257      88E0246A 
 257      EC0B201F 
 258 05b6 394CA9FA 		.ascii	"9L\251\372\335\247\257v\\\2578\036t\277+\031:\235\277"
 258      DDA7AF76 
 258      5CAF381E 
 258      74BF2B19 
 258      3A9DBF
 259 05c9 1C256413 		.ascii	"\034%d\023\320C@<\240\213\004\017!\240\315b\020\372"
 259      D043403C 
 259      A08B040F 
 259      21A0CD62 
 259      10FA
 260 05db 1105A224 		.ascii	"\021\005\242$1\020=\201\373\004\210\004\343- S0\036"
 260      31103D81 
 260      FB048804 
 260      E32D2053 
 260      301E
 261 05ed 03190749 		.ascii	"\003\031\007I\000\375\005\334\343\341\376\024\356\323"
 261      00FD05DC 
 261      E3E1FE14 
 261      EED3
 262 05fb 203F804C 		.ascii	" ?\200L\202<\003y\0112\012\362\034\005\252\222\332\257"
 262      823C0379 
 262      09320AF2 
 262      1C05AA92 
 262      DAAF
 263 060d 0479D77D 		.ascii	"\004y\327}u\324)e*\350a\267\033\213\201\311Y\265\265"
 263      75D42965 
 263      2AE861B7 
 263      1B8B81C9 
 263      59B5B5
 264 0620 ABCC0F3F 		.ascii	"\253\314\017?\244\3575\261#\341p9B\263\203\334f\212"
 264      A4EF35B1 
 264      23E17039 
 264      42B383DC 
 264      668A
 265 0632 B64282FF 		.ascii	"\266B\202\377\357dYw\373\373\020\351n\0128K\026\235"
 265      EF645977 
 265      FBFB10E9 
 265      6E0A384B 
 265      169D
 266 0644 670BD26C 		.ascii	"g\013\322l\032\263\264e_\267\337+\247\212\024U\202\002"
 266      1AB3B465 
 266      5FB7DF2B 
 266      A78A1455 
 266      8202
 267 0656 4A15F5F4 		.ascii	"J\025\365\364\014\002w@\027\324\216g\373\342g\354\315"
ARM GAS  /tmp/cc1myaNk.s 			page 20


 267      0C027740 
 267      17D48E67 
 267      FBE267EC 
 267      CD
 268 0667 5D7575EA 		.ascii	"]uu\352\206?\234b\354\325\344\024\363\327\263%I\344"
 268      863F9C62 
 268      ECD5E414 
 268      F3D7B325 
 268      49E4
 269 0679 0496FF09 		.ascii	"\004\226\377\011=2\242m\2123\030*\307\241\355\"9\314"
 269      3D32A26D 
 269      8A33182A 
 269      C7A1ED22 
 269      39CC
 270 068b 74E7BEA8 		.ascii	"t\347\276\250\302x\233\206\022\025}\337\320\314\277"
 270      C2789B86 
 270      12157DDF 
 270      D0CCBF
 271 069a EABEA0DE 		.ascii	"\352\276\240\336(\314(\321\260\317\305}\262\\p\345I"
 271      28CC28D1 
 271      B0CFC57D 
 271      B25C70E5 
 271      49
 272 06ab A60EEF63 		.ascii	"\246\016\357c\330\311\373\031=\210aI@I{\035\307\275"
 272      D8C9FB19 
 272      3D886149 
 272      40497B1D 
 272      C7BD
 273 06bd 67FE7AEC 		.ascii	"g\376z\354\022\371\327#]\244\237\217\316g\247\177\324"
 273      12F9D723 
 273      5DA49F8F 
 273      CE67A77F 
 273      D4
 274 06ce E3424AA5 		.ascii	"\343BJ\245\251\215\037(\360CA\001\010\340\210\235\346"
 274      A98D1F28 
 274      F0434101 
 274      08E0889D 
 274      E6
 275 06df C93F4302 		.ascii	"\311?C\002\312\022uh\267\210\345\377\027\263%\340\037"
 275      CA127568 
 275      B788E5FF 
 275      17B325E0 
 275      1F
 276 06f0 F9179986 		.ascii	"\371\027\231\206\261\226\336\351\261|\244P\362\234+"
 276      B196DEE9 
 276      B17CA450 
 276      F29C2B
 277 06ff A0C5F4E3 		.ascii	"\240\305\364\343\2042\240\215Y\324_\246\030\200\366"
 277      8432A08D 
 277      59D45FA6 
 277      1880F6
 278 070e 3087E337 		.ascii	"0\207\3437\357\006*'\001D\251w\302\362\016\221\204\267"
 278      EF062A27 
 278      0144A977 
 278      C2F20E91 
 278      84B7
 279 0720 5734C841 		.ascii	"W4\310A\022p\357\205\326DO\035\247N\373_\324\215'o\364"
ARM GAS  /tmp/cc1myaNk.s 			page 21


 279      1270EF85 
 279      D6444F1D 
 279      A74EFB5F 
 279      D48D276F 
 280 0735 78A8B9F7 		.ascii	"x\250\271\367\275\211\273)\245};^P$\265\301\251\263"
 280      BD89BB29 
 280      A57D3B5E 
 280      5024B5C1 
 280      A9B3
 281 0747 F3997EB7 		.ascii	"\363\231~\267\224\270W\322\240l\321\200\322\240Qp@W"
 281      94B857D2 
 281      A06CD180 
 281      D2A05170 
 281      4057
 282 0759 997E0D33 		.ascii	"\231~\0153aP\207\034q\001X\366M7\344\373\342RV\376\312"
 282      6150871C 
 282      710158F6 
 282      4D37E4FB 
 282      E25256FE 
 283 076e 9CA9075E 		.ascii	"\234\251\007^\316\236\257U\365\234\034Fs\225\236\347"
 283      CE9EAF55 
 283      F59C1C46 
 283      73959EE7 
 284 077e AA7B9E47 		.ascii	"\252{\236G{\3364\\\234\255\301\015\214\350\310\330\323"
 284      7BDE345C 
 284      9CADC10D 
 284      8CE8C8D8 
 284      D3
 285 078f 2D9E8CC8 		.ascii	"-\236\214\310\336~Y\317X\350\306\331\257\220\354W\223"
 285      DE7E59CF 
 285      58E8C6D9 
 285      AF90EC57 
 285      93
 286 07a0 1CA024C3 		.ascii	"\034\240$\303\203\327\252\274\361%F\322\335\223\330"
 286      83D7AABC 
 286      F12546D2 
 286      DD93D8
 287 07af C037838F 		.ascii	"\3007\203\217\352\300;\207\037x\247F\332\246\370\231"
 287      EAC03B87 
 287      1F78A746 
 287      DAA6F899 
 288 07bf 4F47CA5B 		.ascii	"OG\312[1]\3579\363^)\226\367J\021\253o"
 288      315DEF39 
 288      F35E2996 
 288      F74A11AB 
 288      6F
 289 07d0 D7C3AC64 		.ascii	"\327\303\254d\344\332\273B(R\001-R\011\255o\261\\\337"
 289      E4DABB42 
 289      2852012D 
 289      5209AD6F 
 289      B15CDF
 290 07e3 89F29251 		.ascii	"\211\362\222Q?\327n\314\210\036\267\327gy\310\335\270"
 290      3FD76ECC 
 290      881EB7D7 
 290      6779C8DD 
 290      B8
 291 07f4 EFC7BB71 		.ascii	"\357\307\273q\220w\003\376KQ\231\346\363n\224\322n\324"
ARM GAS  /tmp/cc1myaNk.s 			page 22


 291      907703FE 
 291      4B5199E6 
 291      F36E94D2 
 291      6ED4
 292 0806 67EDF908 		.ascii	"g\355\371\010_g\351\357h\032\275\243u6\343\237\273J"
 292      5F67E9EF 
 292      681ABDA3 
 292      7536E39F 
 292      BB4A
 293 0818 9DCD20FF 		.ascii	"\235\315 \377\217\224)u,S\327\261\234\326\361TG\374"
 293      8F942975 
 293      2C53D7B1 
 293      9CD6F154 
 293      47FC
 294 082a 558C8719 		.ascii	"U\214\207\031Q\317\341\347O\375\234\341\370\273\204"
 294      51CFE1E7 
 294      4FFD9CE1 
 294      F8BB84
 295 0839 D3FC4A38 		.ascii	"\323\374J8\207x8\025\342\002\301\323j[\031\033m\323"
 295      87783815 
 295      E202C1D3 
 295      6A5B191B 
 295      6DD3
 296 084b AEF8ECCF 		.ascii	"\256\370\354\317\363L!!BPp\260\221\375\231\242\242W"
 296      F34C2121 
 296      425070B0 
 296      91FD99A2 
 296      A257
 297 085d 477F1EFA 		.ascii	"G\177\036\372\2569\314\270\336j\214\012\2171Z\343\""
 297      AE39CCB8 
 297      DE6A8C0A 
 297      8F315AE3 
 297      22
 298 086e C8DD62B5 		.ascii	"\310\335b\265\005G\010z\253-\324\026\036g[\032\023\036"
 298      0547087A 
 298      AB2DD416 
 298      1E675B1A 
 298      131E
 299 0880 B74E67B1 		.ascii	"\267Ng\261l\214\216\265-^d\261\275k\334h\2153F\307F"
 299      6C8C8EB5 
 299      2D5E64B1 
 299      BD6BDC68 
 299      8D3346C7 
 300 0895 C46C5C13 		.ascii	"\304l\\\023i\214\215\374{L\364j\343\272\360\210\250"
 300      698C8DFC 
 300      7B4CF46A 
 300      E3BAF088 
 300      A8
 301 08a6 E8D848A3 		.ascii	"\350\330H\243eM\344\332\360\21516\213\355\253\015\221"
 301      654DE4DA 
 301      F08D3136 
 301      8BEDAB0D 
 301      91
 302 08b7 D6E02841 		.ascii	"\326\340(A+\233\315wgf\375\312j\004ok\000\003XoPm\321"
 302      2B9BCD77 
 302      6766FDCA 
 302      6A046F6B 
ARM GAS  /tmp/cc1myaNk.s 			page 23


 302      0003586F 
 303 08ce EB222D36 		.ascii	"\353\"-6\343\014A\306\331\234\014\021Q\004\315\275\370"
 303      E30C41C6 
 303      D99C0C11 
 303      5104CDBD 
 303      F8
 304 08df 9058D76F 		.ascii	"\220X\327o`\241\3028\322&\017W\360! ,11k,\321P\213\217"
 304      60A1C238 
 304      D2260F57 
 304      F021202C 
 304      31316B2C 
 305 08f7 DE50820D 		.ascii	"\336P\202\015\353\343lVch\330\252\305\213\214\237~\272"
 305      EBE36C56 
 305      6368D8AA 
 305      C58B8C9F 
 305      7EBA
 306 0909 CC18B672 		.ascii	"\314\030\266r\325\246\020^\024B\000\316<L\246U\346\305"
 306      D5A6105E 
 306      144200CE 
 306      3C4CA655 
 306      E6C5
 307 091b E2E766CD 		.ascii	"\342\347f\315\262UK\315x\231\311\254\371xY\230\031\233"
 307      B2554BCD 
 307      7899C9AC 
 307      F9785998 
 307      199B
 308 092d 4C666C06 		.ascii	"Lfl\006Yj6\343?\205\232\260\351\2630\215\311\264\334"
 308      596A36E3 
 308      3F859AB0 
 308      E9B3308D 
 308      C9B4DC
 309 0940 4CF18BE8 		.ascii	"L\361\213\3505\004/_a\026C\301r\345r\263&t\025\240M"
 309      35042F5F 
 309      611643C1 
 309      72E572B3 
 309      267415A0 
 310 0955 E6452021 		.ascii	"\346E !\200\374\213\371\017?;0\253m\035)n\364:V\004"
 310      80FC8BF9 
 310      0F3F3B30 
 310      AB6D1D29 
 310      6EF43A56 
 311 096a AE586C06 		.ascii	"\256Xl\006\236\256\225t\320\022N*\340k\261\254\335\030"
 311      9EAE9574 
 311      D0124E2A 
 311      E06BB1AC 
 311      DD18
 312 097c 1B61B104 		.ascii	"\033a\261\004\177\270\350\203\017\265\262\246\211\210"
 312      7FB8E883 
 312      0FB5B2A6 
 312      8988
 313 098a 0A8F7BCB 		.ascii	"\012\217{\313\011_\277\201\241g\3113\221n\314\177\373"
 313      095FBF81 
 313      A167C933 
 313      916ECC7F 
 313      FB
 314 099b BEBCFC37 		.ascii	"\276\274\3747\267\313\277\373/\324\033\342\030"
 314      B7CBBFFB 
ARM GAS  /tmp/cc1myaNk.s 			page 24


 314      2FD41BE2 
 314      18
 315              		.text
 316              		.section	.gnu.lto_.symtab.2f3d4b9a98f2d90a,"",%progbits
 317 0000 7374496E 		.ascii	"stInit\000"
 317      697400
 318 0007 00       		.ascii	"\000"
 319 0008 00       		.ascii	"\000"
 320 0009 00       		.ascii	"\000"
 321 000a 00000000 		.ascii	"\000\000\000\000\000\000\000\000"
 321      00000000 
 322 0012 AD000000 		.ascii	"\255\000\000\000"
 323 0016 73745374 		.ascii	"stStartAlarm\000"
 323      61727441 
 323      6C61726D 
 323      00
 324 0023 00       		.ascii	"\000"
 325 0024 00       		.ascii	"\000"
 326 0025 00       		.ascii	"\000"
 327 0026 00000000 		.ascii	"\000\000\000\000\000\000\000\000"
 327      00000000 
 328 002e BC000000 		.ascii	"\274\000\000\000"
 329 0032 73745374 		.ascii	"stStopAlarm\000"
 329      6F70416C 
 329      61726D00 
 330 003e 00       		.ascii	"\000"
 331 003f 00       		.ascii	"\000"
 332 0040 00       		.ascii	"\000"
 333 0041 00000000 		.ascii	"\000\000\000\000\000\000\000\000"
 333      00000000 
 334 0049 BE000000 		.ascii	"\276\000\000\000"
 335 004d 73745365 		.ascii	"stSetAlarm\000"
 335      74416C61 
 335      726D00
 336 0058 00       		.ascii	"\000"
 337 0059 00       		.ascii	"\000"
 338 005a 00       		.ascii	"\000"
 339 005b 00000000 		.ascii	"\000\000\000\000\000\000\000\000"
 339      00000000 
 340 0063 C0000000 		.ascii	"\300\000\000\000"
 341 0067 73744765 		.ascii	"stGetAlarm\000"
 341      74416C61 
 341      726D00
 342 0072 00       		.ascii	"\000"
 343 0073 00       		.ascii	"\000"
 344 0074 00       		.ascii	"\000"
 345 0075 00000000 		.ascii	"\000\000\000\000\000\000\000\000"
 345      00000000 
 346 007d C3000000 		.ascii	"\303\000\000\000"
 347 0081 73745F6C 		.ascii	"st_lld_init\000"
 347      6C645F69 
 347      6E697400 
 348 008d 00       		.ascii	"\000"
 349 008e 02       		.ascii	"\002"
 350 008f 00       		.ascii	"\000"
 351 0090 00000000 		.ascii	"\000\000\000\000\000\000\000\000"
 351      00000000 
ARM GAS  /tmp/cc1myaNk.s 			page 25


 352 0098 C5000000 		.ascii	"\305\000\000\000"
 353              		.text
 354              		.section	.gnu.lto_.opts,"",%progbits
 355 0000 272D666D 		.ascii	"'-fmath-errno' '-fsigned-zeros' '-ftrapping-math' '"
 355      6174682D 
 355      6572726E 
 355      6F272027 
 355      2D667369 
 356 0033 2D666E6F 		.ascii	"-fno-trapv' '-fno-openmp' '-fno-openacc' '-mcpu=cor"
 356      2D747261 
 356      70762720 
 356      272D666E 
 356      6F2D6F70 
 357 0066 7465782D 		.ascii	"tex-m0' '-mno-thumb-interwork' '-mthumb' '-ggdb' '-"
 357      6D302720 
 357      272D6D6E 
 357      6F2D7468 
 357      756D622D 
 358 0099 4F322720 		.ascii	"O2' '-fomit-frame-pointer' '-falign-functions=16' '"
 358      272D666F 
 358      6D69742D 
 358      6672616D 
 358      652D706F 
 359 00cc 2D666675 		.ascii	"-ffunction-sections' '-fdata-sections' '-fno-common"
 359      6E637469 
 359      6F6E2D73 
 359      65637469 
 359      6F6E7327 
 360 00ff 2720272D 		.ascii	"' '-flto'\000"
 360      666C746F 
 360      2700
 361              		.text
 362              		.comm	__gnu_lto_v1,1,1
 363              		.comm	__gnu_lto_slim,1,1
 364              		.ident	"GCC: (15:5.4.1+svn241155-1) 5.4.1 20160919"
ARM GAS  /tmp/cc1myaNk.s 			page 26


DEFINED SYMBOLS
                            *ABS*:0000000000000000 hal_st.c
                            *COM*:0000000000000001 __gnu_lto_v1
                            *COM*:0000000000000001 __gnu_lto_slim

NO UNDEFINED SYMBOLS
