ARM GAS  /tmp/ccv8maU1.s 			page 1


   1              		.syntax unified
   2              		.cpu cortex-m0
   3              		.fpu softvfp
   4              		.eabi_attribute 20, 1
   5              		.eabi_attribute 21, 1
   6              		.eabi_attribute 23, 3
   7              		.eabi_attribute 24, 1
   8              		.eabi_attribute 25, 1
   9              		.eabi_attribute 26, 1
  10              		.eabi_attribute 30, 2
  11              		.eabi_attribute 34, 0
  12              		.eabi_attribute 18, 4
  13              		.thumb
  14              		.syntax unified
  15              		.file	"memstreams.c"
  16              		.text
  17              	.Ltext0:
  18              		.section	.gnu.lto_.profile.6adcb086bdbdc840,"",%progbits
  19 0000 789C6361 		.ascii	"x\234ca`d`a`\000\222\001\226\000\001C\000\224"
  19      60646061 
  19      60009201 
  19      96000143 
  19      0094
  20              		.text
  21              		.section	.gnu.lto_.icf.6adcb086bdbdc840,"",%progbits
  22 0000 789C6361 		.ascii	"x\234ca`d\000\0015\006\004`c8\364q\376af\306\331\015"
  22      60640001 
  22      35060460 
  22      6338F471 
  22      FE6166C6 
  23 0016 DFDB3898 		.ascii	"\337\3338\230\376\356\273\277\226\221\031L\262L\233"
  23      FEEEBBBF 
  23      9691194C 
  23      B24C9B
  24 0025 D5BE8E8B 		.ascii	"\325\276\216\213\365\353\215\345o\330\030\000i\224\022"
  24      F5EB8DE5 
  24      6FD81800 
  24      699412
  25 0034 5E       		.ascii	"^"
  26              		.text
  27              		.section	.gnu.lto_.jmpfuncs.6adcb086bdbdc840,"",%progbits
  28 0000 789C458B 		.ascii	"x\234E\213\273\021\000 \010C\023@-\235\312\241\254\262"
  28      BB110020 
  28      08431340 
  28      2D9DCAA1 
  28      ACB2
  29 0012 BA5888AF 		.ascii	"\272X\210\257\310]~\001\342\262\360i0\322%&2O\035\242"
  29      C85D7E01 
  29      E2B2F069 
  29      30D22526 
  29      324F1DA2 
  30 0026 BA6DF24D 		.ascii	"\272m\362M\274\3224UD\334\313T\202\003\3606\007\022"
  30      BCD23455 
  30      44DCCB54 
  30      8203F036 
  30      0712
  31              		.text
ARM GAS  /tmp/ccv8maU1.s 			page 2


  32              		.section	.gnu.lto_.inline.6adcb086bdbdc840,"",%progbits
  33 0000 789CB591 		.ascii	"x\234\265\221=\016\3020\014F?;)\211h\252\302T\220\220"
  33      3D0EC230 
  33      0C463F3B 
  33      298968AA 
  33      C2549090 
  34 0014 C8044C3D 		.ascii	"\310\004L=\003\023#g\340(t\353\330\221\221\221\221\243"
  34      03132367 
  34      E02874EB 
  34      D8919191 
  34      91A3
  35 0026 74E4088C 		.ascii	"t\344\010\214\214\214`\267\022B\242#\216\364\222X\362"
  35      8C8C60B7 
  35      1242A223 
  35      8EF49258 
  35      F2
  36 0037 737E2C08 		.ascii	"s~,\010\022U7i$@\026\310 \022\314VyP\306\361\250)\341"
  36      12553769 
  36      244016C8 
  36      2012CC56 
  36      7950C6F1 
  37 004e DB924177 		.ascii	"\333\222Awg;\012\274.=\354y\031@77a%\370\232\317DH\010"
  37      673B0ABC 
  37      2E3DEC79 
  37      19403737 
  37      6125F89A 
  38 0066 69EFEB4C 		.ascii	"i\357\353LG\352\205\246.\340\236\253\037Bs*\206\205"
  38      47EA85A6 
  38      2EE09EAB 
  38      1F42732A 
  38      8685
  39 0078 8CE99CEC 		.ascii	"\214\351\234\354\227\220\243\334@\255\351\273\014\376"
  39      9790A3DC 
  39      40ADE9BB 
  39      0CFE
  40 0086 31784C6E 		.ascii	"1xLn\363 \352\205l\243&\243$7\242\266\031`\232\275\014"
  40      F320EA85 
  40      6CA326A3 
  40      2437A2B6 
  40      19609ABD 
  41 009b F3E9D23F 		.ascii	"\363\351\322?\303\037\232XxG\340\244^#\275\354X?\340"
  41      C31F9A58 
  41      7847E0A4 
  41      5E23BDEC 
  41      583FE0
  42 00ae 05C57735 		.ascii	"\005\305w5\213"
  42      8B
  43              		.text
  44              		.section	.gnu.lto_.pureconst.6adcb086bdbdc840,"",%progbits
  45 0000 789C6361 		.ascii	"x\234ca`d\340f```e\220b\224b\222b\226b\221\002\000\003"
  45      6064E066 
  45      60606065 
  45      90629462 
  45      92629662 
  46 0018 FE00A2   		.ascii	"\376\000\242"
  47              		.text
  48              		.section	.gnu.lto__put.6adcb086bdbdc840,"",%progbits
ARM GAS  /tmp/ccv8maU1.s 			page 3


  49 0000 789C8D52 		.ascii	"x\234\215RMH\024Q\034\177\277\367fgvu\333<\004A,\341"
  49      4D481451 
  49      1C7FBFF7 
  49      66677675 
  49      DB3C0441 
  50 0016 45C4834E 		.ascii	"E\304\203NQ\021D\320\241K\267\300\272v\320\022\\pI\332"
  50      511144D0 
  50      A14BB7C0 
  50      BA76D012 
  50      5C7049DA 
  51 002a CE39EEEC 		.ascii	"\3169\356\354l\036\355\240\221ml\022bY~lj\251}mAJ\265"
  51      6C1EEDA0 
  51      916D6C12 
  51      62597E6C 
  51      6AA97D6D 
  52 0041 16114274 		.ascii	"\026\021BtJ3\017E\037\253E\247\264\377\377\315\202z"
  52      4A330F45 
  52      1FAB45A7 
  52      B4FFFFCD 
  52      827A
  53 0053 CA61F7CD 		.ascii	"\312a\367\315{\377y\277\257\377{\206\200\340\347\205"
  53      7BFF79BF 
  53      AFFF7B86 
  53      80E0E785 
  54 0063 12E208BD 		.ascii	"\022\342\010\275\017\320\037\001\001\331\371Z\210\366"
  54      0FD01F01 
  54      01D9F95A 
  54      88F6
  55 0071 A0944616 		.ascii	"\240\224F\026\302)S\305\202\020NX\301\360\353\006\300"
  55      C22953C5 
  55      82104E58 
  55      C1F0EB06 
  55      C0
  56 0082 132708D1 		.ascii	"\023'\010\321&\225\2016\374\226\177%\336\246F2\352\227"
  56      26958136 
  56      FC967F25 
  56      DEA64632 
  56      EA97
  57 0094 F4948041 		.ascii	"\364\224\200A\313\342l\317\247\010/\201JZ.N\246\277"
  57      CBE26CCF 
  57      A7082F81 
  57      4A5A2E4E 
  57      A6BF
  58 00a6 1935FD0E 		.ascii	"\0315\375\016=\037\237/\264^r\275c\236\222bM\012\334"
  58      3D1F9F2F 
  58      B45E72BD 
  58      639E9262 
  58      4D0ADC
  59 00b9 4414FD88 		.ascii	"D\024\375\210\262\370-\324\320\336w\263s\235\226:\010"
  59      B2F82DD4 
  59      D0DE77B3 
  59      739D963A 
  59      08
  60 00ca 41F3D18E 		.ascii	"A\363\321\216\353\223\341\352>\307I:\316\312\031'\344"
  60      EB93E1EA 
  60      3EC7493A 
  60      CECA1927 
ARM GAS  /tmp/ccv8maU1.s 			page 4


  60      E4
  61 00db 298501A8 		.ascii	")\205\001\250\2158*\011\334F5\355\316\244\007>+uH#\277"
  61      8D382A09 
  61      DC4635ED 
  61      CEA4073E 
  61      2B754823 
  62 00f0 A697BF47 		.ascii	"\246\227\277GJ\310\253\247\034\345\221\325;>r_\024{"
  62      4AC8ABA7 
  62      1CE591D5 
  62      3B3E725F 
  62      147B
  63 0102 1867080C 		.ascii	"\030g\010\014\242\2327\257\374\230{\025R\20750;\341"
  63      A29A37AF 
  63      FC987B15 
  63      52873530 
  63      3BE1
  64 0114 F644AA6E 		.ascii	"\366D\252n00\177yz\307\025'\237\252\364T\000C\233e\371"
  64      30307F79 
  64      7AC71527 
  64      9FAAF454 
  64      00439B65 
  65 0129 A1DD0BB9 		.ascii	"\241\335\013\271\325\256mf\212\203Ub\030U\034\211\222"
  65      D5AE6D66 
  65      8A835562 
  65      18551C89 
  65      92
  66 013a 8CC0E4E6 		.ascii	"\214\300\344\346\016\327\347\235\2655\327\311w\231\357"
  66      0ED7E79D 
  66      B535D7C9 
  66      7799EF
  67 0149 DF2F0523 		.ascii	"\337/\005# UI-!\273\001\232\232&\017\026\015V\220\207"
  67      2055492D 
  67      21BB019A 
  67      9A260F16 
  67      0D569087 
  68 015d 10D85039 		.ascii	"\020\330P9\027\303<\010\361\223\330\270\333E)\371\255"
  68      17C33C08 
  68      F193D8B8 
  68      DB4529F9 
  68      AD
  69 016e 16906453 		.ascii	"\026\220dS\232\237\324\\\312\276\204\344Tq\272Wq\315"
  69      9A9FD45C 
  69      CABE84E4 
  69      5471BA57 
  69      71CD
  70 0180 5501F2D4 		.ascii	"U\001\362\324\355={cq\357\003:\320\237\231\227\035\341"
  70      ED3D7B63 
  70      71EF033A 
  70      D09F9997 
  70      1DE1
  71 0192 2CAEC153 		.ascii	",\256\301SA\002 \307\356\251\336\267\230\034\262\354"
  71      410220C7 
  71      EEA9DEB7 
  71      981CB2EC 
  72 01a2 5A4F8570 		.ascii	"ZO\205p\027Y\254\262q\201Q\330\232\262w\247Ohn\215a"
  72      1759ACB2 
  72      718151D8 
ARM GAS  /tmp/ccv8maU1.s 			page 5


  72      9AB277A7 
  72      4F686E8D 
  73 01b7 4C337066 		.ascii	"L3pf\214\023\303<R\037\334]%K.'\021\034B\011\272LJ;"
  73      8C13C33C 
  73      521FDC5D 
  73      254B2E27 
  73      111C4209 
  74 01cf 9E692F39 		.ascii	"\236i/9\266\266\"`\341\236\026\320\315\275\257-\272"
  74      B6B62260 
  74      E19E16D0 
  74      CDBDAF2D 
  74      BA
  75 01e0 997441FA 		.ascii	"\231tA\372\024\204\261X\204\210{\346wsmc\027\254M]h"
  75      1484B158 
  75      84887BE6 
  75      77736D63 
  75      17AC4D5D 
  76 01f5 E7A3B2E8 		.ascii	"\347\243\262\350\360\011\206\011\326\301$Q\273*\244"
  76      F0098609 
  76      D6C12451 
  76      BB2AA4
  77 0204 63E70A4F 		.ascii	"c\347\012OK\276\312\377\353k\220\251*8\375\324z\372"
  77      4BBECAFF 
  77      EB6B90A9 
  77      2A38FDD4 
  77      7AFA
  78 0216 07BEB96E 		.ascii	"\007\276\271n\323g\011\373D\343\027\013\27126CG\214"
  78      D36709FB 
  78      44E3170B 
  78      B9323643 
  78      478C
  79 0228 87C4425A 		.ascii	"\207\304BZ\335(9\335\252\312\243u\225\307\260\211[\367"
  79      DD2839DD 
  79      AACAA375 
  79      95C7B089 
  79      5BF7
  80 023a D4D017E3 		.ascii	"\324\320\027\343\013\222\025\302U\374q\031 \360Rflz"
  80      0B9215C2 
  80      55FC7119 
  80      20F05266 
  80      6C7A
  81 024c 3B2B4A5C 		.ascii	";+J\\\300\023D\345\342\336\215M!\032\344\021U\231\321"
  81      C01344E5 
  81      E2DE8D4D 
  81      211AE411 
  81      5599D1
  82 025f 66BA6460 		.ascii	"f\272d`\016\352\355\376\272:\333\377\035m\2165\306\216"
  82      0EEAEDFE 
  82      BA3ADBFF 
  82      1D6D8E35 
  82      C68E
  83 0271 9FA8AD3F 		.ascii	"\237\250\255?i\237M\330\315\015-vK\254\321N\234?\327"
  83      699F4DD8 
  83      CD0D2D76 
  83      4BACD14E 
  83      9C3FD7
  84 0284 D4104FD8 		.ascii	"\324\020O\330\361\246xiZwZ\310X+\032U<\321\372\017\246"
ARM GAS  /tmp/ccv8maU1.s 			page 6


  84      F1A67869 
  84      5A775AC8 
  84      582B1A55 
  84      3CD1FA0F 
  85 0299 E04712   		.ascii	"\340G\022"
  86              		.text
  87              		.section	.gnu.lto__get.6adcb086bdbdc840,"",%progbits
  88 0000 789C8D52 		.ascii	"x\234\215RMKTQ\030>\3179w\346\316L\343\307\"Z\304,\334"
  88      4D4B5451 
  88      183ECF39 
  88      77E6CE4C 
  88      E3C7225A 
  89 0017 8808E90D 		.ascii	"\210\010\351\0152\202\026\266h\323.\260\376\200\226"
  89      328216B6 
  89      68D32EB0 
  89      FE8096
  90 0026 E0804343 		.ascii	"\340\200CC\323:\257s\347\216\322\312\026\031\015\023"
  90      D33AAF73 
  90      E78ED2CA 
  90      16190D13 
  91 0036 63845896 		.ascii	"c\204X\226\037\223N9\2320\005)\224\026Q.j\021\371\221"
  91      1F934E39 
  91      9A300529 
  91      9416512E 
  91      6A11F991 
  92 004a 411FD468 		.ascii	"A\037\324h\021Di\357{\357P\272\312\303\275\347\343\345"
  92      114469EF 
  92      7BEF50BA 
  92      CAC3BDE7 
  92      E3E5
  93 005c 7D9EE77D 		.ascii	"}\236\347}\237s4\001\301\243O\011q\204\326\203\364\303"
  93      9F733401 
  93      C1A34F09 
  93      7184D683 
  93      F4C3
  94 006e 23207B9E 		.ascii	"# {\236\012\321\351\223R\313@\230\001U\234\023\302\014"
  94      0AD1E993 
  94      52CB4098 
  94      01559C13 
  94      C20C
  95 0080 2A686E5C 		.ascii	"*hn\\\003xc\372 :\244\322\320\201\357\362\267\304\363"
  95      037863FA 
  95      203AA4D2 
  95      D081EFF2 
  95      B7C4F3
  96 0093 C4685A7D 		.ascii	"\304hZ}\223\266\022\320\350X\234O-\227\363\021\250\242"
  96      93B612D0 
  96      E8589C4F 
  96      2D97F311 
  96      A8A2
  97 00a5 E34A3EF9 		.ascii	"\343J>\371Y\253\0350i\274\265\337G/Z\3661[I\261)\005"
  97      59AB1D30 
  97      69BCB5DF 
  97      472F5AF6 
  97      315B49B1 
  98 00bb 6E208401 		.ascii	"n \204\001\204X\374&j)\367\305\374B\217\256\016A\320"
  98      8458FC26 
ARM GAS  /tmp/ccv8maU1.s 			page 7


  98      6A29F7C5 
  98      FC428FAE 
  98      0E41D0
  99 00ce 7EACBB2F 		.ascii	"~\254\273/\037\254\3517\315\270i\256\2376\375\266R\030"
  99      1FACE937 
  99      CDB869AE 
  99      9F36FDB6 
  99      5218
 100 00e0 84DA8AA3 		.ascii	"\204\332\212\243\220\300-\324p\372\372\227\205'~u\330"
 100      90C02DD4 
 100      70FAFA97 
 100      85277E75 
 100      D8
 101 00f1 816626AC 		.ascii	"\201f&\254Ty\365u\206\026\246gv_1\013\211*\233\352\275"
 101      5479F575 
 101      8616A667 
 101      765F310B 
 101      892A9BEA 
 102 0106 BD1DCE83 		.ascii	"\275\035\316\203\262\323\311\301wJ5:\310G\277^\315\006"
 102      B2D3C9C1 
 102      774A353A 
 102      C847BF5E 
 102      CD06
 103 0118 4AC8A999 		.ascii	"J\310\251\231\262\313f\241\223\220\036\014\273\310\003"
 103      B2CB66A1 
 103      93901E0C 
 103      BBC803
 104 0127 21ECFF8B 		.ascii	"!\354\377\213[\312n\\*\363&\270\261*\214\240\032C\250"
 104      5BCA6E5C 
 104      2AF326B8 
 104      B12A8CA0 
 104      1A43A8
 105 013a E6B6A89B 		.ascii	"\346\266\250\233Qx\311`pt\244\251`nnZf!\357\235\236"
 105      5178C960 
 105      7074A4A9 
 105      606E6E5A 
 105      6621EF9D 
 106 014f F8E82B03 		.ascii	"\370\350+\003U-\311\032*\333C[\257\227'\235&\335\307"
 106      552DC91A 
 106      2ADB435B 
 106      AF97279D 
 106      26DDC7
 107 0162 935F3028 		.ascii	"\223_0(\300\301 g\012\361\225~v\275(%\257j\011qn\312"
 107      C0C12067 
 107      0AF1957E 
 107      76BD2825 
 107      AF6A0971 
 108 0178 D120458B 		.ascii	"\321 E\213<XE|2\373\362\232\342\230\245<T[\257\375\360"
 108      3C58457C 
 108      32FBF29A 
 108      E298A53C 
 108      545BAFFD 
 109 018d 99CE77A0 		.ascii	"\231\316w\2409m\375\230}\334\035\314\340*l\345#\000"
 109      396DFD98 
 109      7DDC1DCC 
 109      E02A6CE5 
 109      2300
ARM GAS  /tmp/ccv8maU1.s 			page 8


 110 019f B2DC3DC5 		.ascii	"\262\334=\305\373W\342\303\272Qg+?\356 \203\015.^`\014"
 110      FB57E2C3 
 110      BA51672B 
 110      3FEE2083 
 110      0D2E5E60 
 111 01b4 8643B9B8 		.ascii	"\206C\271\270\307%\364\356\214a\334a\340\207\205\034"
 111      C725F4EE 
 111      8C61DC61 
 111      E087851C 
 112 01c4 312C22F1 		.ascii	"1,\"\361\332\332[*\211H\034\333\212R\011zT\312\251x"
 112      DADA5B2A 
 112      89481CDB 
 112      8A52097A 
 112      54CAA978 
 113 01d8 E141A962 		.ascii	"\341A\251b}'\002:\356:\002\216\301\367\234\022\255t"
 113      7D27023A 
 113      EE3A028E 
 113      C1F79C12 
 113      AD74
 114 01ea F2937429 		.ascii	"\362\223t)\010\243\263\010\021\377\274\260\317\215\371"
 114      08A3B308 
 114      11FFBCB0 
 114      CF8DF9
 115 01f9 B71AA16F 		.ascii	"\267\032\241o3\242\223o\255\302\346\302|\230`)\344\211"
 115      33A2936F 
 115      ADC2E6C2 
 115      7C986029 
 115      E489
 116 020b 5D90B9E6 		.ascii	"]\220\271\346.\307\332\021\266\326\317\"\275\3117\251"
 116      2EC7DA11 
 116      B6D6CF22 
 116      BDC937A9 
 117 021b 469731E0 		.ascii	"F\2271\340\232\221\353\232\313\006\230\324\017`\222"
 117      9A91EB9A 
 117      CB0698D4 
 117      0F6092
 118 022a D0A4DA0B 		.ascii	"\320\244\332\013N\371o#C,\\\311\310\251\177v\335\207"
 118      4EF96F23 
 118      432C5CC9 
 118      C8A97F76 
 118      DD87
 119 023c 41DCCCB2 		.ascii	"A\334\314\262\326\265\232jp\265\202,\317\216i\316\265"
 119      D6B59A6A 
 119      70B5822C 
 119      CF8E69CE 
 119      B5
 120 024d 7F40BC52 		.ascii	"\177@\274RX\212\363\327\000\342[M\217\317Tp\021\022"
 120      588AF3D7 
 120      00E25B4D 
 120      8FCF5470 
 120      1112
 121 025f E7318D90 		.ascii	"\3471\215\220L\347\242\204Rs\2716z3`\020Y\325P_o\270"
 121      4CE7A284 
 121      5273B936 
 121      7A336010 
 121      59D5505F 
 122 0275 DFD1B670 		.ascii	"\337\321\266pK\370\370\211\272\246\223\306\231\230\321"
ARM GAS  /tmp/ccv8maU1.s 			page 9


 122      4BF8F889 
 122      BAA693C6 
 122      9998D1
 123 0284 D6DC6EB4 		.ascii	"\326\334n\264\207[\214\330\271\263\255\315\221\230\021"
 123      875B8CD8 
 123      B9B3ADCD 
 123      919811
 124 0293 698D94B6 		.ascii	"i\215\224\266\365\247\204\014GU$\026E\313\037%\366:"
 124      F5A7840C 
 124      47552416 
 124      45CB1F25 
 124      F63A
 125 02a5 E1       		.ascii	"\341"
 126              		.text
 127              		.section	.gnu.lto__reads.6adcb086bdbdc840,"",%progbits
 128 0000 789C9592 		.ascii	"x\234\225\222\337KTA\024\307\347;sw\357\256\354\252"
 128      DF4B5441 
 128      14C7E73B 
 128      7377EFAE 
 128      ECAA
 129 0012 4F3D8895 		.ascii	"O=\210\225/\">\350}\021\202@\202\202^\003\353\037\320"
 129      2F223EE8 
 129      7D118240 
 129      82825E03 
 129      EB1FD0
 130 0025 125C704B 		.ascii	"\022\\pK\332\336w\334u\305\350\305 \2274c\203X\264\037"
 130      DADE77DC 
 130      75C5E8C5 
 130      20973463 
 130      8358B41F 
 131 0039 FECA32D7 		.ascii	"\376\3122\327\324\026\211\202J\243\322\207\020\"-\""
 131      D4168982 
 131      4AA3D287 
 131      10222D22 
 132 0049 22B0CD22 		.ascii	"\"\260\315\"$t;g\256e\371\222]v\347\316\234\231\357"
 132      24743B67 
 132      AE65F992 
 132      5D76E7CE 
 132      9C99EF
 133 005c 67CEF79C 		.ascii	"g\316\367\234k\011\010~|\226\020\007\351]C\177x\004"
 133      6B09087E 
 133      7C961007 
 133      E95D437F 
 133      7804
 134 006e 64E79C10 		.ascii	"d\347\234\020\255>)\325\274#t\2015\271G\350\200\202"
 134      AD3E29D5 
 134      BC237481 
 134      35B947E8 
 134      8082
 135 0080 E5862D80 		.ascii	"\345\206-\200'\332\007\021\225\312B\024\337\344\272"
 135      27DA0711 
 135      95CA4214 
 135      DFE4BA
 136 008f C4F3B6E1 		.ascii	"\304\363\266\341^\365U&\224\200E\313\334l\317\333B^"
 136      5EF55526 
 136      948045CB 
 136      DC6CCFDB 
ARM GAS  /tmp/ccv8maU1.s 			page 10


 136      425E
 137 00a1 0265B4BC 		.ascii	"\002e\264\274\244_\234\265+\373\264\216\3517\211\327"
 137      A45F9CB5 
 137      2BFBB48E 
 137      E93789D7 
 138 00b1 45DDFD59 		.ascii	"E\335\375Y+\241\244\310K\201~\224\242\017\245|\3675"
 138      2BA1A4C8 
 138      4B817E94 
 138      A20FA57C 
 138      F735
 139 00c3 54D2D997 		.ascii	"T\322\331\227\263\013\235\266\332\007A\363\321\216+"
 139      B30B9DB6 
 139      DA0741F3 
 139      D18E2B
 140 00d2 9940459A 		.ascii	"\231@E\232uz\355\204\366'\224\302u\250?u\024\022\270"
 140      757AED84 
 140      F62794C2 
 140      75A83F75 
 140      1412B8
 141 00e5 810A3AFD 		.ascii	"\201\012:\375\343\334B\322\257\366\033ekz,%7\225\243"
 141      E3DC42D2 
 141      AFF61B65 
 141      6B7A2C25 
 141      3795A3
 142 00f8 8DACB470 		.ascii	"\215\254\264ps\273\322\022\0300\312u}!Y\250j\215\262"
 142      73BBD212 
 142      1830CA75 
 142      7D2159A8 
 142      6A8DB2
 143 010b 7BA66B31 		.ascii	"{\246k1\270\251|e\224\022\203\333\225\264\030B\005\037"
 143      B8A97C65 
 143      941283DB 
 143      95B41842 
 143      051F
 144 011d 5F5D5978 		.ascii	"_]Yx\342W\007\21445\036\357),\277\312\322\354j\032\335"
 144      E257078C 
 144      34351EEF 
 144      292CBFCA 
 144      D2EC6A1A 
 145 0132 3ADB5696 		.ascii	":\333V\226P\036\014\377-\347\207N/\217lt\005\275m\232"
 145      501E0CFF 
 145      2DE7874E 
 145      2F8F6C74 
 145      05BD6D9A 
 146 0146 9E328CA0 		.ascii	"\2362\214\240\234\313AU\270\005/\367e\250.\253\363\371"
 146      9CCB4155 
 146      B8052FF7 
 146      65A82EAB 
 146      F3F9
 147 0158 B8CEE66A 		.ascii	"\270\316\346j\037\236?\\\004s\241\004[\265(\001\257"
 147      1F9E3F5C 
 147      0473A104 
 147      5BB52801 
 147      AF
 148 0169 87072F0F 		.ascii	"\207\007/\0176x\313\307~\374<\024\200]\005x+\310\203"
 148      3678CBC7 
 148      7EFC3C14 
ARM GAS  /tmp/ccv8maU1.s 			page 11


 148      805D0578 
 148      2BC883
 149 017c 109F09CC 		.ascii	"\020\237\011\314M\313I\311o\265\214\030\347g\256\242"
 149      4DCB49C9 
 149      6FB58C18 
 149      E767AEA2 
 150 018c 8BE364E7 		.ascii	"\213\343d\347=b\023\271\251\022\016\305\025w0\231\230"
 150      3D6213B9 
 150      A9120EC5 
 150      15773099 
 150      98
 151 019d 79667307 		.ascii	"yfs\007=\306\332\367G\217;\002)\\FB\331t\036\243\354"
 151      3DC6DAF7 
 151      478F3B02 
 151      295C4642 
 151      D9741EA3 
 152 01b2 83E2E977 		.ascii	"\203\342\351w\261A\333\251\342\"\335F\012\033lA\340"
 152      B141DBA9 
 152      E222DD46 
 152      0A1B6C41 
 152      E0
 153 01c3 0E1C435C 		.ascii	"\016\034C\\\332\345\002=;#\214\031\002\273\307]C\210"
 153      DAE5023D 
 153      3B238C19 
 153      02BBC75D 
 153      4388
 154 01d5 5F6C7F20 		.ascii	"_l\177 ]\004\247E \261\204\266\271x\311\357\230m\252"
 154      5D04A745 
 154      20B184B6 
 154      B978C9EF 
 154      986DAA
 155 01e8 99934ACC 		.ascii	"\231\223J\314;\306\327\332nc\213*\022g\353\264e\375"
 155      3BC6D7DA 
 155      6E638B2A 
 155      1267EBB4 
 155      65FD
 156 01fa F25C2CDC 		.ascii	"\362\\,\3340\\\267\323\225.\305\267\223\344,\214\233"
 156      305CB7D3 
 156      952EC5B7 
 156      93E42C8C 
 156      9B
 157 020b E44C8B32 		.ascii	"\344L\2132nr\275\355\363\312E\370\211\302\311}@\273"
 157      6E72BDED 
 157      F3CA45F8 
 157      89C2C97D 
 157      40BB
 158 021d B639C4DA 		.ascii	"\2669\304\332L\346\323\242\035]\327\035Z\027'\224/\317"
 158      4CE6D3A2 
 158      1D5DD71D 
 158      5A172794 
 158      2FCF
 159 022f C63081A8 		.ascii	"\3060\201\250\210\253\002#\241\313\374&\225\221\373"
 159      88AB0223 
 159      A1CBFC26 
 159      9591FB
 160 023e 7B5D4EE0 		.ascii	"{]N\340\237\251\014\360\347R\314\305\272\267U\254I7"
 160      9FA90CF0 
ARM GAS  /tmp/ccv8maU1.s 			page 12


 160      E752CCC5 
 160      BAB755AC 
 160      4937
 161 0250 9FA4D7A5 		.ascii	"\237\244\327\245\004\011M,F'M\223\377\203:\265E\235"
 161      04094D2C 
 161      46274D93 
 161      FF833AB5 
 161      459D
 162 0262 86432CF1 		.ascii	"\206C,\361\221\212\232\017\271d\216\177\001\301mI\203"
 162      918A9A0F 
 162      B9648E7F 
 162      01C16D49 
 162      83
 163 0273 573D5D01 		.ascii	"W=]\001}\\\340\002Saj\252\253\035\367w\250)\324\020"
 163      7D5CE002 
 163      53616AAA 
 163      AB1DF777 
 163      A829D410 
 164 0287 3A72B4AA 		.ascii	":r\264\252\356\230s*\3424\3257;\315\241\006'r\346tc"
 164      EE98732A 
 164      E234D537 
 164      3BCDA106 
 164      2772E674 
 165 029c 7D38E284 		.ascii	"}8\342\204\033\303\233\323\352\343B\206ZdC\013N\252"
 165      1BC39BD3 
 165      EAE34286 
 165      5A64430B 
 165      4EAA
 166 02ae 70A4E527 		.ascii	"p\244\345'\317\244P\251"
 166      CFA450A9 
 167              		.text
 168              		.section	.gnu.lto__writes.6adcb086bdbdc840,"",%progbits
 169 0000 789C9552 		.ascii	"x\234\225R\337KTA\024>g\346\356\336\335eW}\013D\303"
 169      DF4B5441 
 169      143E67E6 
 169      EEDEDD65 
 169      577D0B44 
 170 0015 17111FF4 		.ascii	"\027\021\037\364\276\010Q\020A\375\001\201\365\017h"
 170      BE085110 
 170      41FD0181 
 170      F50F68
 171 0024 092EB825 		.ascii	"\011.\270%m\357;\356\335+F/>\344\222fl\021\213V\376"
 171      6DEF3BEE 
 171      DD2B462F 
 171      3EE49266 
 171      6C118B56 
 172 0039 CC1FB9A6 		.ascii	"\314\037\271\246\265\010!T\032\226K\017\022\224ED\024"
 172      B5082154 
 172      1A964B0F 
 172      12944544 
 172      14
 173 004a B565F820 		.ascii	"\265e\370 \272\2353w\313\362\245\032\356\235;s\346|"
 173      BA9D3377 
 173      CBF2A51A 
 173      EE9D3B73 
 173      E67C
 174 005c DF7CDF39 		.ascii	"\337|\3379\327\000\004\036>\003\340(}\033\350E\017\240"
ARM GAS  /tmp/ccv8maU1.s 			page 13


 174      D700041E 
 174      3E03E028 
 174      7D1BE845 
 174      0FA0
 175 006e E85E06E8 		.ascii	"\350^\006\350\360\011!W-P\001cn?\250\240D\303\015\033"
 175      F0092157 
 175      2D500163 
 175      6E3FA8A0 
 175      44C30D1B 
 176 0082 88BC503E 		.ascii	"\210\274P>\204\230\220\006\306\360\273\330\026\270\222"
 176      84989006 
 176      C6F0BBD8 
 176      16B892
 177 0091 18EB971B 		.ascii	"\030\353\227\033\302\221\200\006m\363K}oJx\213XE\333"
 177      C2918006 
 177      6DF34B7D 
 177      6F4A788B 
 177      5845DB
 178 00a4 2BEAD905 		.ascii	"+\352\331\005\263v@\251\270z\365\360Ei\357`\326p\244"
 178      B37640A9 
 178      B87AF5F0 
 178      4569EF60 
 178      D670A4
 179 00b7 8082001C 		.ascii	"\200\202\000\034\304\012\034\300\012\276\373&\326R\356"
 179      C40A1CC0 
 179      0ABEFB26 
 179      D652EE
 180 00c6 F3A55CB7 		.ascii	"\363\245\\\267)\017 \320z\242\353Z&X\223f\234\332:\255"
 180      290F20D0 
 180      7AA2EB5A 
 180      26589366 
 180      9CDA3AAD 
 181 00da FC8E9478 		.ascii	"\374\216\224x\013\345\3578\012\001\336\306\032\312\336"
 181      0BE5EF38 
 181      0A01DEC6 
 181      1ACADE
 182 00e9 BA984BFA 		.ascii	"\272\230K\372\345!\215\354HO\247D\021\271\322\302H\003"
 182      E5218DEC 
 182      484FA744 
 182      11B9D2C2 
 182      4803
 183 00fb 87F6220D 		.ascii	"\207\366\"\015\300a\215\334V\227\222%\362\260F\366."
 183      C0618DDC 
 183      56979225 
 183      F2B046F6 
 183      2E
 184 010c F4AC858A 		.ascii	"\364\254\205\212\310M\215\0248\262\027I\233Q\254\341"
 184      C84D8D14 
 184      38B21749 
 184      9B51ACE1 
 185 011c F46F9F73 		.ascii	"\364o\237s\217\375\362\210\206\246f\354\276\222\352"
 185      8FFDF288 
 185      86A666EC 
 185      BE92EA
 186 012b 1B0CCD3E 		.ascii	"\033\014\315>Hc\257\312&\252\034\351\301\261?\341<("
 186      4863AFCA 
 186      26AA1CE9 
ARM GAS  /tmp/ccv8maU1.s 			page 14


 186      C1B13FE1 
 186      3C28
 187 013d 7B7D7CA7 		.ascii	"{}|\247'\344M(\032U8\216\325\\\016\252\302\035\364r"
 187      27E44D28 
 187      1A55388E 
 187      D55C0EAA 
 187      C21DF472 
 188 0151 5F461BB3 		.ascii	"_F\033\263\252P\260Uv\376\340\342KO)\352\013\005\262"
 188      AA50B055 
 188      76FEE0E2 
 188      4B4F29EA 
 188      0B05B2
 189 0164 55830478 		.ascii	"U\203\004x=<yy2\221\217|\2644\375<\005\220]\005\371"
 189      3D3C7979 
 189      32918F7C 
 189      B434FD3C 
 189      05905D05 
 190 0179 28C413C0 		.ascii	"(\304\023\300\027\"\346\246\345\205\340\257\\\3078\353"
 190      1722E6A6 
 190      E585E0AF 
 190      5CC738EB 
 191 0189 D357D1C5 		.ascii	"\323W\321\3056\331y\207\361\331\374d9\207l\311\035L"
 191      36D97987 
 191      F1D9FC64 
 191      39876CC9 
 191      1D4C
 192 019b 3A0B4F4D 		.ascii	":\013OM\356\240G[\333\\|\324\025L\341Ut\244\217\362"
 192      EEA0475B 
 192      DB5C7CD4 
 192      154CE155 
 192      74A48FF2 
 193 01af 71827D50 		.ascii	"q\202}P<\3756>bZu\\\244IL\341\016[\000\234BK3^\337\347"
 193      3CFD363E 
 193      625A755C 
 193      A4494CE1 
 193      0E5B009C 
 194 01c9 127AFE8D 		.ascii	"\022z\376\215aZ3\260{\274\253\031\354\313\235O\204K"
 194      615A33B0 
 194      7BBCAB19 
 194      ECCB9D4F 
 194      844B
 195 01db C1B28808 		.ascii	"\301\262\210\010^cb\331.\377\0253u5\363B\302\252\245"
 195      5E6362D9 
 195      2EFF1533 
 195      7535F342 
 195      C2AAA5
 196 01ee 7DE52AB5 		.ascii	"}\345*\265-\252\210\315\326\351\310\370\351\271\014"
 196      2DAA88CD 
 196      D6E9C8F8 
 196      E9B90C
 197 01fd DC30BA6E 		.ascii	"\3340\272n\247*]\026\337\277\2103qF\213\323-\312\270"
 197      A72A5D16 
 197      DFBF8833 
 197      71468BD3 
 197      2DCAB8
 198 0210 E2FA3B37 		.ascii	"\342\372;7\212\342\3746\303<\360\036;\225\311!\306f"
 198      8AE2FC36 
ARM GAS  /tmp/ccv8maU1.s 			page 15


 198      C33CF01E 
 198      3B95C921 
 198      C666
 199 0222 321FD7CC 		.ascii	"2\037\327\314\330\266\352R\252\314\221\376\002\033\303"
 199      D8B6EA52 
 199      AACC91FE 
 199      021BC3
 200 0231 598C81CE 		.ascii	"Y\214\201\316\017\220\016G\006\264\224\361\351\012\227"
 200      0F900E47 
 200      06B494F1 
 200      E90A97
 201 0240 27F85729 		.ascii	"'\370W)\303\374\273\224q\261\356\355\026k\316\325\223"
 201      C3FCBB94 
 201      71B1EEED 
 201      166BCED5 
 201      93
 202 0251 F4BA2C21 		.ascii	"\364\272,!\242&.\246N\352&\377\007\353\374.\353}\264"
 202      A2262EA6 
 202      4EEA26FF 
 202      07EBFC2E 
 202      EB7DB4
 203 0264 880B3E50 		.ascii	"\210\013>PQ\327\302.3\307\277\"\221\233\202&\257\034"
 203      51D7C22E 
 203      33C7BF22 
 203      919B8226 
 203      AF1C
 204 0276 FA84F473 		.ascii	"\372\204\364s!\027\230\012\323P_o\271\317\261\326ps"
 204      2117980A 
 204      D3505F6F 
 204      B9CFB1D6 
 204      7073
 205 0288 F8F889BA 		.ascii	"\370\370\211\272\306\223\326\331\250\325\332\324f\265"
 205      C693D6D9 
 205      A8D5DAD4 
 205      66B5
 206 0296 859BADE8 		.ascii	"\205\233\255\350\371s-M\221\250\025i\211\024\227\365"
 206      F9732D4D 
 206      91A81569 
 206      891497F5 
 207 02a6 A74084DB 		.ascii	"\247@\204\333Es;\236\221\221h\373\017\032\341O\360"
 207      45733B9E 
 207      919168FB 
 207      0F1AE14F 
 207      F0
 208              		.text
 209              		.section	.gnu.lto_msObjectInit.6adcb086bdbdc840,"",%progbits
 210 0000 789C9593 		.ascii	"x\234\225\223\317KTQ\024\307\357\367\3357\277\312\031"
 210      CF4B5451 
 210      14C7EFF7 
 210      DD37BFCA 
 210      19
 211 0011 DA6720B4 		.ascii	"\332g \264\030\\\350+\010Z\004-j!\264\011\264\177@c"
 211      185CE82B 
 211      085A042D 
 211      6A21B409 
 211      B47F4063 
 212 0025 C42107C3 		.ascii	"\304!\007\303\251M\233\271\363\3431\265\011\243\037"
ARM GAS  /tmp/ccv8maU1.s 			page 16


 212      A94D9BB9 
 212      F3E331B5 
 212      09A31F
 213 0034 D4D03010 		.ascii	"\324\3200\020\310\2306\352\330O3\233i \"\245\"\310\240"
 213      C89836EA 
 213      D84F339B 
 213      692022A5 
 213      22C8A0
 214 0047 95512924 		.ascii	"\225Q)$\224\016\032\202\240\3239w\336\242\244E>\336"
 214      940E1A82 
 214      A0D33977 
 214      DEA2A445 
 214      3EDE
 215 0059 E3DE7BDE 		.ascii	"\343\336{\336\375~\316\271\337\363\236) \370JK!N\320"
 215      FD7ECEB9 
 215      DFF39E29 
 215      20F84A4B 
 215      214ED0
 216 006c B8971E48 		.ascii	"\270\227\036H\001c\340\255\020q\257\001\360Dy!b\006"
 216      0163E0AD 
 216      1071AF01 
 216      F0447921 
 216      6206
 217 007e 62F8656C 		.ascii	"b\370el\032\250\244\027'\215\346\274\242\353\363\302"
 217      1AA8A417 
 217      278DE6BC 
 217      A2EBF3C2 
 218 008e EA013554 		.ascii	"\352\0015T\206M\362\232\241I\002y4\323\256\367\251\361"
 218      864DF29A 
 218      A1490279 
 218      34D3AEF7 
 218      A9F1
 219 00a0 DB72CDB0 		.ascii	"\333r\315\260%`\322\262\372&\3635\300K\003M\264\\]\236"
 219      2560D2B2 
 219      FA26F335 
 219      C04B034D 
 219      B45C5D9E 
 220 00b4 9BF5C9C3 		.ascii	"\233\365\311\303\0204\037\276V\010\004\007\225J(u5\244"
 220      10341FBE 
 220      56080407 
 220      954A2875 
 220      35A4
 221 00c6 7CB69418 		.ascii	"|\266\224\030\206$\034\356\242\021Ch\024\024\022\030"
 221      86241CEE 
 221      A2114368 
 221      14141218 
 222 00d6 419036E7 		.ascii	"A\2206\347SS\237|\362\210\026~X\314\346\033\034eI+M"
 222      53539F7C 
 222      F288167E 
 222      58CCE61B 
 222      1C65492B 
 223 00eb DCDBAE34 		.ascii	"\334\333\2564\005\012Zy'>7\353\227\307\2642]\230\376"
 223      050A5A79 
 223      273E37EB 
 223      97C7B432 
 223      5D98FE
 224 00fe EEE42C17 		.ascii	"\356\344,\027\323\373n\251\262iK\027F\267\213]\002c"
ARM GAS  /tmp/ccv8maU1.s 			page 17


 224      D3FB6EA9 
 224      B2694B17 
 224      46B78B5D 
 224      0263
 225 0110 5ABC9EAF 		.ascii	"Z\274\236\257\2744e\233\026\317\317\\\276\262\313I\233"
 225      BC34659B 
 225      16CFCF5C 
 225      BEB2CB49 
 225      9B
 226 0121 D3695D18 		.ascii	"\323i]\030\377\207\262\210 o\377R\334\272\356w\247\330"
 226      FF87B288 
 226      206FFF52 
 226      DCBAEE77 
 226      A7D8
 227 0133 AEA6BA49 		.ascii	"\256\246\272I\230\200\233m\037k/\253Z-\251\324\344\301"
 227      98809B6D 
 227      1F6B2FAB 
 227      5A2DA9D4 
 227      E4C1
 228 0145 F9FDBBC9 		.ascii	"\371\375\273\311k:\242\011.\327\015\316\353\205f\210"
 228      6B3AA209 
 228      2ED70DCE 
 228      EB856688 
 229 0155 1512711B 		.ascii	"\025\022q\033\252\206\301\243\\Db#\3751{\2249\224\340"
 229      AA86C1A3 
 229      5C446223 
 229      FD317B94 
 229      3994E0
 230 0168 865D79E7 		.ascii	"\206]y\347ak\245.o\375\325\314\305\206\034\262q\316"
 230      616BA52E 
 230      6FFDD5CC 
 230      C5861CB2 
 230      71CE
 231 017a E8B7A53B 		.ascii	"\350\267\245;I\236\337\247\242\370\345\340\267\304\250"
 231      499EDFA7 
 231      A2F8E5E0 
 231      B7C4A8
 232 0189 C76AB1A5 		.ascii	"\307j\261\245\007\017\220\303\226\356\031\036\302\372"
 232      070F90C3 
 232      96EE191E 
 232      C2FA
 233 0197 93E3D19C 		.ascii	"\223\343\321\234\344Fi5\020\333T7\225\332C\261K\324"
 233      E4466935 
 233      10DB5437 
 233      95DA43B1 
 233      4BD4
 234 01a9 620EBFCE 		.ascii	"b\016\277\316\214\234a\372\200\016{\361\230>\213G\016"
 234      8C9C61FA 
 234      800E7BF1 
 234      983E8B47 
 234      0E
 235 01ba BDB63431 		.ascii	"\275\26641\352\253KT\007s\236P\016\342O\"&\250\350L"
 235      EAAB4B54 
 235      07739E50 
 235      0EE24F22 
 235      26A8E84C 
 236 01ce F547553A 		.ascii	"\365GU:E\377_\225&\236\352*\331-L\301JR;\031T\374\271"
ARM GAS  /tmp/ccv8maU1.s 			page 18


 236      45FF5F95 
 236      269EEA2A 
 236      D92D4CC1 
 236      4A523B19 
 237 01e5 43900BCF 		.ascii	"C\220\013\3174H\333?\315 w\275\242\235\203\236k\020"
 237      3448DB3F 
 237      CD2077BD 
 237      A29D839E 
 237      6B10
 238 01f7 BB811283 		.ascii	"\273\201\022\203\274\014Z\033_\3361\250\254A&\203^\374"
 238      BC0C5A1B 
 238      5FDE31A8 
 238      AC412683 
 238      5EFC
 239 0209 DD001704 		.ascii	"\335\000\027\004*$XB\242\\jc\254\376\263V\310\007\352"
 239      2A245842 
 239      A25C6A63 
 239      ACFEB356 
 239      C807EA
 240 021c 3F9DE150 		.ascii	"?\235\341Pk\253U\277\217\367\204\273\302';Z\332OY}Q"
 240      6BAB55BF 
 240      8FF784BB 
 240      C2273B5A 
 240      DA4F597D 
 241 0231 ABA7B3D7 		.ascii	"\253\247\263\327\352\015wY\321s\375\241\316H\324\212"
 241      EA0D7759 
 241      D173FDA1 
 241      CE48D48A 
 242 0241 8422CEB4 		.ascii	"\204\"\316\264\365\264\220\221\350Yw\327\371\356\356"
 242      F5B49091 
 242      E85977D7 
 242      F9EEEE
 243 0250 50BF190D 		.ascii	"P\277\031\015_\010\311P_\3647\244\277Eq"
 243      5F08C950 
 243      5FF437A4 
 243      BF4571
 244              		.text
 245              		.section	.gnu.lto_vmt.6adcb086bdbdc840,"",%progbits
 246 0000 789C6361 		.ascii	"x\234ca`d\000\201\231@l\306\000\001\177\231\030w\356"
 246      60640081 
 246      99406CC6 
 246      00017F99 
 246      1877EE
 247 0013 7C739BBD 		.ascii	"|s\233\275\376oCGC\303\203\247\257\035$Z\231\031\376"
 247      FE6F4347 
 247      43C383A7 
 247      AF1D245A 
 247      9919FE
 248 0026 33614835 		.ascii	"3aH5|elef\374\317\304\210!q\025(\301\364\237\211\011"
 248      7C656C65 
 248      66FCCFC4 
 248      88217115 
 248      28C1F49F 
 249 003c 43623350 		.ascii	"Cb3P\202\371?\0233X\342\353\263'\3739,\2665t,hphef\371"
 249      82F93F13 
 249      3358E2EB 
 249      B327FB39 
ARM GAS  /tmp/ccv8maU1.s 			page 19


 249      2CB63574 
 250 0057 C7C4C0B8 		.ascii	"\307\304\300\270\212\261\376\037\023#\343J\020\305\304"
 250      8AB1FE1F 
 250      1323E34A 
 250      10C5C4
 251 0066 B8024431 		.ascii	"\270\002D13.g\254g`\\\315h\301`\242\247\247\017A\316"
 251      332E67AC 
 251      67605CCD 
 251      68C160A2 
 251      A7A70F41 
 252 007b 19994999 		.ascii	"\031\231I\231\376\301\272A!\372\371\305\372\031\211"
 252      FEC1BA41 
 252      21FAF9C5 
 252      FA1989
 253 008a 39FA3999 		.ascii	"9\3729\231I\372\305%E\251\211\271\305\372\271\251\271"
 253      49FAC525 
 253      45A989B9 
 253      C5FAB9A9 
 253      B9
 254 009b 50A65E32 		.ascii	"P\246^2\003\000\360\327PF"
 254      0300F0D7 
 254      5046
 255              		.text
 256              		.section	.gnu.lto_.symbol_nodes.6adcb086bdbdc840,"",%progbits
 257 0000 789C5DC9 		.ascii	"x\234]\311\273\015\2000\020\203a\307\2270\000\013\000"
 257      BB0D8030 
 257      108361C7 
 257      9730000B 
 257      00
 258 0011 93DE5594 		.ascii	"\223\336U\224\210\206w\003[ \206`\012J\206 \002\321"
 258      88867703 
 258      5B208660 
 258      0A4A8620 
 258      02D1
 259 0023 C4CD2F7D 		.ascii	"\304\315/}\366ph\020\307\201\012\264'\020\263\257\233"
 259      F6706810 
 259      C7810AB4 
 259      2710B3AF 
 259      9B
 260 0034 49B491EA 		.ascii	"I\264\221\352R\353\251L\255\243Jj3\325\377vX\005\204"
 260      52EBA94C 
 260      ADA34A6A 
 260      33D5FF76 
 260      580584
 261 0047 89B01C10 		.ascii	"\211\260\034\020\267P\303{\001fe\024f\270\352\273\020"
 261      B750C37B 
 261      01666514 
 261      66B8EABB 
 261      10
 262 0058 F98A079C 		.ascii	"\371\212\007\234\027$\223"
 262      172493
 263              		.text
 264              		.section	.gnu.lto_.refs.6adcb086bdbdc840,"",%progbits
 265 0000 789C05C1 		.ascii	"x\234\005\301\261\001\000\000\010\303\2404\326\335\377"
 265      B1010000 
 265      08C3A034 
 265      D6DDFF
ARM GAS  /tmp/ccv8maU1.s 			page 20


 266 000f AF154A38 		.ascii	"\257\025J8 u\323uT\014\017\0037\000:"
 266      2075D375 
 266      540C0F03 
 266      37003A
 267              		.text
 268              		.section	.gnu.lto_.decls.6adcb086bdbdc840,"",%progbits
 269 0000 789C9D57 		.ascii	"x\234\235WkP\024\331\025\356\323w^\014#Zb\266L\212\324"
 269      6B5014D9 
 269      15EED377 
 269      5E0C235A 
 269      62B64C8A 
 270 0015 BA5B6C15 		.ascii	"\272[l\025\177d\326\335M%?R\225l\221d\223\037,U\273"
 270      7F64D6DD 
 270      4D253F52 
 270      956C9164 
 270      931F2C55 
 271 002a 6AFEA46A 		.ascii	"j\376\244j\0028\310\244\230\201b\206\250\251JU\253\200"
 271      0238C8A4 
 271      98816286 
 271      A8A94A55 
 271      AB80
 272 003c 8ABA0BA2 		.ascii	"\212\272\013\242(*\202h\024D\005\037\253\253\202NT\020"
 272      282A8268 
 272      1444051F 
 272      ABAB824E 
 272      5410
 273 004e 1551F0C5 		.ascii	"\025Q\360\305K\001a\025\\\027\020\020\344%9\367\336"
 273      4B016115 
 273      5C171010 
 273      E42539F7 
 273      DE
 274 005f 9EEE196C 		.ascii	"\236\356\031l6\225tq\272\373\236>\347\273\347|\347\334"
 274      36957471 
 274      BAFB9E3E 
 274      E7BBE77C 
 274      E7DC
 275 0071 7B079D00 		.ascii	"{\007\235\000\002\275~9W\020\336\025\005\341\257(\323"
 275      02BD7E39 
 275      5710DE15 
 275      05E1AF28 
 275      D3
 276 0082 781951B7 		.ascii	"x\031Q\267\\P/\003\312e\224\032\224F\224\026\024#\272"
 276      5C502F03 
 276      CA65941A 
 276      94469416 
 276      1423BA
 277 0095 2E44A108 		.ascii	".D\241\010?\005!\340\242\266f\224\371(\013P.\241,C9"
 277      3F0521E0 
 277      A2B66694 
 277      F9280B50 
 277      2EA12C43 
 278 00aa 81A243DB 		.ascii	"\201\242C\333\030|\326\243\210\370^\207OB\235\360}\002"
 278      187CD6A3 
 278      88F85E87 
 278      4F429DF0 
 278      7D02
 279 00bc 1F93FC95 		.ascii	"\037\223\374\225a\314\274jf\301\245\230\024[\013\227"
ARM GAS  /tmp/ccv8maU1.s 			page 21


 279      61CCBC6A 
 279      66C1A598 
 279      145B0B97 
 280 00cc 624EFBE1 		.ascii	"bN\373\341\326h\3406\316\300\255\223q\353\375\342\245"
 280      D668E036 
 280      CEC0AD93 
 280      71EBFDE2 
 280      A5
 281 00dd 983F4359 		.ascii	"\230?CY\004o\343\2122\306Bx\033\233r\025\254\201\375"
 281      046FE38A 
 281      32C64278 
 281      1B9B7215 
 281      AC81FD
 282 00f0 40830B7F 		.ascii	"@\203\013\177|\177>D\031G\013\237\326!H\340\365\362"
 282      7C7F3E44 
 282      19470B9F 
 282      D62148E0 
 282      F5F2
 283 0102 CD4171EB 		.ascii	"\315Aq\353\345\271(\356\010>_\241\350Q\306eL\037\376"
 283      E5B928EE 
 283      083E5FA1 
 283      E851C665 
 283      4C1FFE
 284 0115 B4CC8B71 		.ascii	"\264\314\213q\226Z\3221\365\353Cy\212\322\203\362\\"
 284      965AD231 
 284      F5EB4379 
 284      8AD283F2 
 284      5C
 285 0126 C6D3A1BC 		.ascii	"\306\323\241\274D\031D\031B\351\227u\224\343\313\202"
 285      44194419 
 285      42E99775 
 285      94E3CB82 
 286 0136 DA2B33AF 		.ascii	"\332+3\257)\021\216\344\334?OZ\241\03107\230\307\264"
 286      29118EE4 
 286      DC3F4F5A 
 286      A1193037 
 286      98C7B4
 287 0149 00FC0E4C 		.ascii	"\000\374\016L\004.l\210/\242 \307\347S\201\317\220\336"
 287      042E6C88 
 287      2FA220C7 
 287      E75381CF 
 287      90DE
 288 015b F12682AC 		.ascii	"\361&\202\254\023\0240\366'\373\263\276f\027\003Q\321"
 288      131430F6 
 288      27FBB3BE 
 288      66170351 
 288      D1
 289 016c 41760225 		.ascii	"Av\002%\002\366Y\340\337\025T\376\020U\007?<\036\256"
 289      02F659E0 
 289      DF1554FE 
 289      1055073F 
 289      3C1EAE
 290 017f 0CA7C6AC 		.ascii	"\014\247\306\254\344\004\276\244\257U\355\275:\227`"
 290      E404BEA4 
 290      AF55EDBD 
 290      3A9760
 291 018e 45F0BD7D 		.ascii	"E\360\275}\254\344\017\221G%\274\262%I4\252\314\224"
ARM GAS  /tmp/ccv8maU1.s 			page 22


 291      ACE40F91 
 291      4725BCB2 
 291      254934AA 
 291      CC94
 292 01a0 6774979A 		.ascii	"gt\227\232\206E\0103\3034\320\361\213scs\370\230~>\355"
 292      86450833 
 292      C334D0F1 
 292      8B736373 
 292      F8987E3E 
 293 01b5 1D3AA623 		.ascii	"\035:\246#\363\350\273\330p\252\271:\010\"\314\207("
 293      F3E8BBD8 
 293      70AAB93A 
 293      0822CC87 
 293      28
 294 01c6 4CC7ABE1 		.ascii	"L\307\253\341O\327K\022\300q0\303Q P\012\221t\3620\332"
 294      4FD74B12 
 294      C07130C3 
 294      5120500A 
 294      9174F230 
 295 01db D91B2569 		.ascii	"\331\033%i\2354P,\031\026\012\360q\030|\030&\3001\210"
 295      9D34502C 
 295      19160AF0 
 295      71187C18 
 295      26C03188 
 296 01ef A098D40A 		.ascii	"\240\230\324\012\312 \014\216@\030\305/-,\271:\207\374"
 296      CA200C8E 
 296      4018C52F 
 296      2D2CB93A 
 296      87FC
 297 0201 91E1FFB0 		.ascii	"\221\341\377\260\375\373\215D\301o\310\014+\223\244"
 297      FDFB8D44 
 297      C16FC80C 
 297      2B93A4
 298 0210 797002F1 		.ascii	"yp\002\361\313U|\234N{\202\012\355\011:\373\253\362"
 298      CB557C9C 
 298      4E7B820A 
 298      ED093AFB 
 298      ABF2
 299 0222 8D3A5A76 		.ascii	"\215:Zv\012\024\247\243\272\274\353-\031z\246[f\201"
 299      0A14A7A3 
 299      BABCEB2D 
 299      197AA65B 
 299      6681
 300 0234 93C0740D 		.ascii	"\223\300t\015\351\025{\011\346=\337\014:\034\276\274"
 300      E9157B09 
 300      E63DDF0C 
 300      3A1CBEBC 
 301 0244 B5BB2B04 		.ascii	"\265\273+\004\207\013\314\260\010\207\031[\217\3554"
 301      870BCCB0 
 301      0887195B 
 301      8FED34
 302 0253 E3D0802C 		.ascii	"\343\320\200,\321\035\013U\335\003\343gt\\E\343]\215"
 302      D11D0B55 
 302      DD03E367 
 302      745C45E3 
 302      5D8D
 303 0265 AA82FCB6 		.ascii	"\252\202\374\266\023!\304\315\222\2714Z^cR\311\232\214"
ARM GAS  /tmp/ccv8maU1.s 			page 23


 303      1321C4CD 
 303      92B9345A 
 303      5E6352C9 
 303      9A8C
 304 0277 62649DC7 		.ascii	"bd\235\307\030\276U\2231\310\271`U\326K\363kC\004\370"
 304      18BE5593 
 304      31C8B960 
 304      55D64BF3 
 304      6B4304F8 
 305 028b 06233F8D 		.ascii	"\006#?\215\221\3039L\307 \247s\026\225gx:\203c\003\247"
 305      91C3394C 
 305      C720A773 
 305      16956778 
 305      3A836303 
 306 02a0 75E49F6C 		.ascii	"u\344\237l\212\252\254\027UA~|E2\276\252p\212\013\352"
 306      8AAAAC17 
 306      55417E7C 
 306      4532BEAA 
 306      708A0BEA 
 307 02b4 14E761F6 		.ascii	"\024\347a\3669*\265\347x\270\345n\253\201d\000\233\344"
 307      392AB5E7 
 307      78B8E56E 
 307      AB816400 
 307      9BE4
 308 02c6 E4A6E67C 		.ascii	"\344\246\346|=\230#\264\021\274\032\010<\234\2637~\327"
 308      3D9823B4 
 308      11BC1A08 
 308      3C9CB337 
 308      7ED7
 309 02d8 B0015B0D 		.ascii	"\260\001[\015.a<\027\325x\252X<8Kn\306\355{\306\205"
 309      2E613C17 
 309      D578AA58 
 309      3C384B6E 
 309      C6ED7BC6 
 310 02ed 7932EC22 		.ascii	"y2\354\"\0353\364\001\013\360oX\210\367S\240\343\326"
 310      1D33F401 
 310      0BF06F58 
 310      88F753A0 
 310      E3D6
 311 02ff C76F6F78 		.ascii	"\307ooxc~\277H\362VH\035\227\276\372}\347\201L){\255"
 311      637EBF48 
 311      F256481D 
 311      97BEFA7D 
 311      E7814C29 
 312 0315 24FD9619 		.ascii	"$\375\226\031B\211\212\217\257\364q\030ZqU\\\206\367"
 312      42898A8F 
 312      AFF47118 
 312      5A71555C 
 312      86F7
 313 0327 D137FD49 		.ascii	"\3217\375IY\206\211\244\363\205p\374\350D\205\331W{"
 313      598689A4 
 313      F38570FC 
 313      E84485D9 
 313      577B
 314 0339 DE0E7B3A 		.ascii	"\336\016{:_\217\230f\217\244\232Er\325\027\311\225\233"
 314      5F8F9866 
 314      8FA49A45 
ARM GAS  /tmp/ccv8maU1.s 			page 24


 314      72D517C9 
 314      959B
 315 034b D55D261E 		.ascii	"\325]&\036\211\367\333\032\013\017\203\032\301\0255"
 315      89F7DB1A 
 315      0B0F831A 
 315      C11535
 316 035a 8A2BFE51 		.ascii	"\212+\376Q\324\260(jZ\237\215\031\310&\036\305\243\332"
 316      D4B0286A 
 316      5A9F8D19 
 316      C8261EC5 
 316      A3DA
 317 036c D232DA6D 		.ascii	"\3222\332m1\274\237\346\372-\274\030\276\360\016\216"
 317      31BC9FE6 
 317      FA2DBC18 
 317      BEF00E8E 
 318 037c F59FB590 		.ascii	"\365\237\265\220lf.\026m=\326\253W*\335\276\355/C\031"
 318      6C662E16 
 318      6D3DD6AB 
 318      572ADDBE 
 318      ED2F4319 
 319 0390 94DA3A8C 		.ascii	"\224\332:\214\363\206:i\214\2622\336\252\323M\254S\214"
 319      F3863A69 
 319      8CB232DE 
 319      AAD34DAC 
 319      538C
 320 03a2 5CA7EBA8 		.ascii	"\\\247\353\250\254\345\225n\252\254\033&\214\214:eq"
 320      ACE5956E 
 320      AAAC1B26 
 320      8C8C3A65 
 320      71
 321 03b3 6CEFB916 		.ascii	"l\357\271\026d\311RQ\330\272Q\331\250\007\213\274sT"
 321      64C95251 
 321      D8BA51D9 
 321      A8078BBC 
 321      7354
 322 03c5 D4EFEA0C 		.ascii	"\324\357\352\014a\316\250\203[|\031\355\310\337\274"
 322      61CEA883 
 322      5B7C19ED 
 322      C8DFBC
 323 03d4 45595AB7 		.ascii	"EYZ\267\271.}\272\241\030\374\371\255\013@l`\374\336"
 323      B92E7DBA 
 323      A118FCF9 
 323      AD0B406C 
 323      60FCDE
 324 03e7 F1F13BDC 		.ascii	"\361\361;\334V\373\230(\225\376u\341II\332\204\236:"
 324      56FB9828 
 324      95FE75E1 
 324      4949DA84 
 324      9E3A
 325 03f9 6A07D7D4 		.ascii	"j\007\327\324l\257\371S\334\310(\276{\2442\221\334\340"
 325      6CAFF953 
 325      DCC828BE 
 325      7BA43291 
 325      DCE0
 326 040b 0C6BA556 		.ascii	"\014k\245Vp\377Iv\220Y\336;\262\377\373\336\321\333"
 326      70FF4976 
 326      9059DE3B 
ARM GAS  /tmp/ccv8maU1.s 			page 25


 326      B2FFFBDE 
 326      D1DB
 327 041d 7676D212 		.ascii	"vv\322\022\300\305\375\200\310\037(\\\224\227\274\236"
 327      C0C5FD80 
 327      C81F285C 
 327      9497BC9E 
 328 042d E05CA00E 		.ascii	"\340\\\240\016\356\361\274\313\373_mPZ\355!\327\035"
 328      EEF1BCCB 
 328      FB5F6D50 
 328      5AED21D7 
 328      1D
 329 043e DC53FF58 		.ascii	"\334S\377X?;\027\315\214\213&\037\027\233_OL\311\\x"
 329      3F3B17CD 
 329      8C8B261F 
 329      179B5F4F 
 329      4CC95C78 
 330 0452 2BED320F 		.ascii	"+\3552\017h\003wU\036\356\372\363\320\302x\330\227\267"
 330      68037755 
 330      1EEEFAF3 
 330      D0C278D8 
 330      97B7
 331 0464 ED4D3069 		.ascii	"\355M0i\234\235\210\332\003\325YzE\327\306C\313\313"
 331      9C9D88DA 
 331      03D5597A 
 331      45D7C643 
 331      CBCB
 332 0476 399711A4 		.ascii	"9\227\021\244\324\363\021W6\016\324\025\004\363mq\036"
 332      D4F31157 
 332      360ED415 
 332      04F36D71 
 332      1E
 333 0487 0E775F18 		.ascii	"\016w_\030\276\241\347C\023\016G\017_\256\326\221v>"
 333      BEA1E743 
 333      130E470F 
 333      5FAED691 
 333      763E
 334 0499 51F1DAFB 		.ascii	"Q\361\332\3737\347\220.>8\234~\2419\210\364\360A\316"
 334      37E7902E 
 334      3E389C7E 
 334      A13988F4 
 334      F041CE
 335 04ac F4C17B41 		.ascii	"\364\301{A\244\237\017\246\373\207\036[\310\220<\330"
 335      A49F0FA6 
 335      FB871E5B 
 335      C8903CD8 
 336 04bc DFB42A80 		.ascii	"\337\264*\200`\272\232U:\236*\004\367e\236\177\024B"
 336      60BA9A55 
 336      3A9E2A04 
 336      F7659E7F 
 336      1442
 337 04ce 46B957DF 		.ascii	"F\271W\337\241\252\015$\300\255!\300\255Gq\273\377\354"
 337      A1AA0D24 
 337      C0AD21C0 
 337      AD4771BB 
 337      FFEC
 338 04e0 DC483099 		.ascii	"\334H0\231\344nw\333*\266\213\001n\315\001n\317\025"
 338      E46E77DB 
ARM GAS  /tmp/ccv8maU1.s 			page 26


 338      2AB68B01 
 338      6ECD016E 
 338      CF15
 339 04f2 B7C6CAB2 		.ascii	"\267\306\312\262\372\020\262\2160\2673O\257\327\230"
 339      FA10B28E 
 339      30B7334F 
 339      AFD798
 340 0501 F95120B1 		.ascii	"\371Q \261\023\362Q\361\3069\344k\376\261\265\260\271"
 340      13F251F1 
 340      C639E46B 
 340      FEB1B5B0 
 340      B9
 341 0512 050230AB 		.ascii	"\005\0020\253\0030\373|\230\2067\027\013\274&\010\017"
 341      0330FB7C 
 341      98863717 
 341      0BBC2608 
 341      0F
 342 0523 0D0F0F8F 		.ascii	"\015\017\017\217(\246\366\035\017w\377&w\275T\373!5"
 342      28A6F61D 
 342      0F77FF26 
 342      77BD54FB 
 342      2135
 343 0535 821FB0A2 		.ascii	"\202\037\260\242\003\020\252.\331\016\346\377\015\275"
 343      0310AA2E 
 343      D90EE6FF 
 343      0DBD
 344 0543 0B39F2C1 		.ascii	"\0139\362\301-\201G\200\027h\321N-\276\227]\260\021"
 344      2D814780 
 344      1768D14E 
 344      2DBE975D 
 344      B011
 345 0555 60183BF8 		.ascii	"`\030;\370%\204\303 \312\020J?\204\263\023\236\315$"
 345      2584C320 
 345      CA104A3F 
 345      84B3139E 
 345      CD24
 346 0567 E11A8274 		.ascii	"\341\032\202tB\023\204\336\231\363X\3514K\302f\332\""
 346      421384DE 
 346      99F358E9 
 346      344BC266 
 346      DA22
 347 0579 87F04CD3 		.ascii	"\207\360L\323\226\207\024`\214u\202\357\264\023`\310"
 347      96871460 
 347      8C7582EF 
 347      B41360C8 
 348 0589 6CDFF24E 		.ascii	"l\337\362N\304J\222\211\332\010r\357\312l\037\335\333"
 348      C44A9289 
 348      DA0872EF 
 348      CA6C1FDD 
 348      DB
 349 059a 59620995 		.ascii	"Yb\011\225s\364\316\232\243\240\231 m\312\375WzB\002"
 349      73F4CE9A 
 349      A3A09920 
 349      6DCAFD57 
 349      7A4202
 350 05ad 6AF0CA2F 		.ascii	"j\360\312/\016\001F\224\272\276\234,8\033\304\333w\001"
 350      0E014694 
ARM GAS  /tmp/ccv8maU1.s 			page 27


 350      BABE9C2C 
 350      381BC4DB 
 350      7701
 351 05bf 0EA7DAB3 		.ascii	"\016\247\332\263\263\215\274\262E\264\262\303\271-\355"
 351      B38DBCB2 
 351      45B4B2C3 
 351      B92DED
 352 05ce 21A49655 		.ascii	"!\244\226U\326\270s\260\221\000\026+4\"<\234%\353=\221"
 352      D6B873B0 
 352      9100162B 
 352      34223C9C 
 352      25EB3D91 
 353 05e2 F96EBEE4 		.ascii	"\371n\276\344\305t\021\020\2721\260\251\037\341\321"
 353      C5741110 
 353      BA31B0A9 
 353      1FE1D1
 354 05f1 7BAA06B8 		.ascii	"{\252\006\2705]b\2353\255\375\253\033@%]{]\232\330\032"
 354      355D629D 
 354      33ADFDAB 
 354      1B40255D 
 354      7B5D9AD8 
 355 0606 ADF01A0D 		.ascii	"\255\360\032\015F\031\322\224\334\007o\260\017\306\221"
 355      4619D294 
 355      DC076FB0 
 355      0FC691
 356 0615 9E491449 		.ascii	"\236I\024I\014\207\011|N\313T\361*\024\340\231\205e"
 356      0C87097C 
 356      4ECB54F1 
 356      2A14E099 
 356      8565
 357 0627 980A2C83 		.ascii	"\230\012,\203F\314c3\243h\007\355V\241\306O\264\023"
 357      46CC6333 
 357      A36807ED 
 357      56A1C64F 
 357      B413
 358 0639 64C6F458 		.ascii	"d\306\364X8\362\340\241\211\334f\314\212\275W2F\347"
 358      38F2E0A1 
 358      89DC66CC 
 358      8ABD5732 
 358      46E7
 359 064b 42688466 		.ascii	"Bh\204f*\260^\214\370\037\2629m\300sp\235\030\012kE"
 359      2AB05E8C 
 359      F81FB239 
 359      6DC07370 
 359      9D180A6B 
 360 0660 6547A4A9 		.ascii	"eG\244\251\261Y\017<\272\332g\010h\014j\2516F\272\350"
 360      B1590F3C 
 360      BADA6708 
 360      680C6AA9 
 360      3646BAE8 
 361 0674 6B8C93C7 		.ascii	"k\214\223\307^\034\012f{\037\352\3401\337\373v\217n"
 361      5E1C0A66 
 361      7B1FEAE0 
 361      31DFFB76 
 361      8F6E
 362 0686 DA15F0BB 		.ascii	"\332\025\360\273`\371;~\316\231\"\335\2523Dy\253~\270"
 362      60F93B7E 
ARM GAS  /tmp/ccv8maU1.s 			page 28


 362      CE9922DD 
 362      AA334479 
 362      AB7EB8
 363 0699 73BCC488 		.ascii	"s\274\304\210[u\021=\266\352Wv*\307\026\332\341\326"
 363      5B75113D 
 363      B6EA5776 
 363      2AC716DA 
 363      E1D6
 364 06ab AC04D7EA 		.ascii	"\254\004\327\352\277]o\020\351v\275\347\310\205S\006"
 364      BF5D6F10 
 364      E976BDE7 
 364      C8855306 
 365 06bb D2C63794 		.ascii	"\322\3067\224[\345\275\233\015\244\213\017*\366<\275"
 365      5BE5BD9B 
 365      0DA48B0F 
 365      2AF63CBD 
 366 06cb 417FBCC2 		.ascii	"A\177\274\302&\221\310\207\356Z\357\3419\244\207\177"
 366      2691C887 
 366      EE5AEFE1 
 366      39A4877F 
 367 06db 2EFED7BE 		.ascii	".\376\327\276F\272c\303f\374\014Y\242.\360\007\316\362"
 367      46BA63C3 
 367      66FC0C59 
 367      A22EF007 
 367      CEF2
 368 06ed 7798CBF5 		.ascii	"w\230\313\365\202\234R\243\262\331o\345V-\223\271\343"
 368      829C52A3 
 368      B2D96FE5 
 368      562D93B9 
 368      E3
 369 06fe 26A68CB6 		.ascii	"&\246\214\266\300W\\\227\325|q\233\301w^}\315u\017\326"
 369      C0575C97 
 369      D57C719B 
 369      C1775E7D 
 369      CD750FD6 
 370 0712 6F190979 		.ascii	"o\031\011yo\200\024J&\006V\225\337{J\307lr\304\367\230"
 370      6F80144A 
 370      26065695 
 370      DF7B4AC7 
 370      6C72C4F7 
 371 0727 66E4C9D6 		.ascii	"f\344\311\326\\#\031\344\021\275,\034:D! \027\313\261"
 371      5C2319E4 
 371      11BD2C1C 
 371      3A442120 
 371      17CBB1
 372 073a 8D72C34E 		.ascii	"\215r\303N\364\374J=\031\347\026e;\017\336a)\355\240"
 372      F4FC4A3D 
 372      19E71665 
 372      3B0FDE61 
 372      29EDA0
 373 074d 316FE7B3 		.ascii	"1o\347\263Ll}\336\025\354\3174\006 3\015yh\002;\031"
 373      4C6C7DDE 
 373      15ECCF34 
 373      0620330D 
 373      7968023B 
 374 0762 D9D93EB2 		.ascii	"\331\331>\262\233.e\015R\262;\262\245\216\035OV\257"
 374      9B2E650D 
ARM GAS  /tmp/ccv8maU1.s 			page 29


 374      52B23BB2 
 374      A58E1D4F 
 374      56AF
 375 0774 3B90E9C5 		.ascii	";\220\351\305\237a\244\351'\324\0206\372Z\001\266\210"
 375      9F61A4E9 
 375      27D41036 
 375      FA5A01B6 
 375      88
 376 0785 3A3AE2FF 		.ascii	"::\342\377\033\355bdw\344uW\232?8 \335)\242u\372\363"
 376      1BED6264 
 376      77E47557 
 376      9A3F3820 
 376      DD29A275 
 377 079b FE529C12 		.ascii	"\376R\234\022\330\206\321\315\213\244\354=\002\323,"
 377      D886D1CD 
 377      8BA4EC3D 
 377      02D32C
 378 07aa C550F3C5 		.ascii	"\305P\363\305\017\320sr\244\241(\360\370\240\223\251"
 378      0FD07372 
 378      A4A128F0 
 378      F8A093A9 
 379 07ba 0DB19B77 		.ascii	"\015\261\233w\023}\316r\354n\371\256\375\244\336\207"
 379      137DCE72 
 379      EC6EF9AE 
 379      FDA4DE87 
 380 07ca 904E113E 		.ascii	"\220N\021>\367\357"
 380      F7EF
 381 07d0 A8685F37 		.ascii	"\250h_7f\365\025\277\340\276{\261\033\367\210\2638\007"
 381      66F515BF 
 381      E0BE7BB1 
 381      1BF788B3 
 381      3807
 382 07e2 B42332C6 		.ascii	"\264#2\306;\214\376\267\322\324\324\304+\276\017\375"
 382      3B8CFEB7 
 382      D2D4D4C4 
 382      2BBE0FFD 
 383 07f2 0BB87FF7 		.ascii	"\013\270\177\367\351\306\251\220\037\343\270\210q\\"
 383      E9C6A990 
 383      1FE3B888 
 383      715C
 384 0800 C8386603 		.ascii	"\3108f\003\235-%\315c\372\354\363e\213\242\226,\021"
 384      9D2D25CD 
 384      63FAECF3 
 384      658BA296 
 384      2C11
 385 0812 826CB634 		.ascii	"\202l\2664\207\313\363+\233g\2615\315\235ju\270\342"
 385      87CBF32B 
 385      9B67B135 
 385      CD9D6A75 
 385      B8E2
 386 0824 93D256D8 		.ascii	"\223\322V\330\255.\373\252$G\234\325\031\033\237\350"
 386      AD2EFBAA 
 386      24479CD5 
 386      191B9FE8 
 387 0834 70D9ADB6 		.ascii	"p\331\255\266\025\366\204\330\264$\217\315\263&\305"
 387      15F684D8 
 387      B4248FCD 
ARM GAS  /tmp/ccv8maU1.s 			page 30


 387      B326C5
 388 0843 EE8E4C14 		.ascii	"\356\216L\024\214\262\327\373Z^\3565n\253\315\355Y\201"
 388      8CB2D7FB 
 388      5A5EEE35 
 388      6EABCDED 
 388      5981
 389 0855 26688A53 		.ascii	"&h\212S\340\313\307\037\331<F\371\251w\272W\332<Q\221"
 389      E0CBC71F 
 389      D93C46F9 
 389      A977BA57 
 389      DA3C5191 
 390 0869 9156FE17 		.ascii	"\221V\376\027\225\350\210s\304|\271\370\213\245\326"
 390      95E88873 
 390      C47CB9F8 
 390      8BA5D6
 391 0878 64B7353E 		.ascii	"d\2675>\331\351LvYS\222S=n\353\247_DGE\257\246\272\024"
 391      D9E94C76 
 391      59539253 
 391      3D6EEBA7 
 391      5F444745 
 392 0890 47923DD5 		.ascii	"G\222=\325m\375,*\312\032\237\350\013\343\223Y0\022"
 392      6DFD2C2A 
 392      CA1A9FE8 
 392      0BE39359 
 392      3012
 393 08a2 6393AC2C 		.ascii	"c\223\254,\022O\252=\326\351\266:\355N\37152\036\031"
 393      124FAA3D 
 393      D6E9B63A 
 393      ED4EF935 
 393      321E19
 394 08b5 5869F718 		.ascii	"Xi\367\030l8\\\3416\270\035\377\260\333<\037\2614\250"
 394      6C385CE1 
 394      36B81DFF 
 394      B0DB3C1F 
 394      B134A8
 395 08c8 C7CAF878 		.ascii	"\307\312\370xkl\252s\261+\331e_l\217\215sX\177\021\371"
 395      6B6CAA73 
 395      B12BD965 
 395      5F6C8F8D 
 395      73587F11 
 396 08dd 49E41225 		.ascii	"I\344\022%EL\013\271\240\014\330V\245:<v\267\305\351"
 396      454C0BB9 
 396      A00CD856 
 396      A53A3C76 
 396      B7C5E9
 397 08f0 8E89FB9B 		.ascii	"\216\211\373\233=\336\363'\227\303C\354\311n\035\205"
 397      3DDEF327 
 397      97C343EC 
 397      C96E1D85 
 398 0900 34C4A525 		.ascii	"4\304\245%$\330S\311\337\235\036\202|\353\350dz\346"
 398      24D853C9 
 398      DF9D1E82 
 398      7CEBE864 
 398      7AE6
 399 0912 6089B63B 		.ascii	"`\211\266;\277d\261,\217^J0\222\377#\207D\301\220\234"
 399      BF64B12C 
 399      8F5E4A30 
ARM GAS  /tmp/ccv8maU1.s 			page 31


 399      92FF2387 
 399      44C1909C 
 400 0926 90E0B67B 		.ascii	"\220\340\266{(Xr\352\032\216g@\213\370\2245\272${l\202"
 400      285872EA 
 400      1A8E6740 
 400      8BF89435 
 400      BA247B6C 
 401 093b D195EC49 		.ascii	"\321\225\354ILM^\005K\214\011\256E\356\024{<j\\\256"
 401      4C4D5E05 
 401      4B8C09AE 
 401      45EE147B 
 401      3C6A5CAE 
 402 094f B4A4A49F 		.ascii	"\264\244\244\237kV\314\223\352p\255D\334\377\000\266"
 402      6B56CC93 
 402      EA70AD44 
 402      DCFF00B6 
 403 095f C14591   		.ascii	"\301E\221"
 404              		.text
 405              		.section	.gnu.lto_.symtab.6adcb086bdbdc840,"",%progbits
 406 0000 6D734F62 		.ascii	"msObjectInit\000"
 406      6A656374 
 406      496E6974 
 406      00
 407 000d 00       		.ascii	"\000"
 408 000e 00       		.ascii	"\000"
 409 000f 00       		.ascii	"\000"
 410 0010 00000000 		.ascii	"\000\000\000\000\000\000\000\000"
 410      00000000 
 411 0018 07010000 		.ascii	"\007\001\000\000"
 412              		.text
 413              		.section	.gnu.lto_.opts,"",%progbits
 414 0000 272D666D 		.ascii	"'-fmath-errno' '-fsigned-zeros' '-ftrapping-math' '"
 414      6174682D 
 414      6572726E 
 414      6F272027 
 414      2D667369 
 415 0033 2D666E6F 		.ascii	"-fno-trapv' '-fno-openmp' '-fno-openacc' '-mcpu=cor"
 415      2D747261 
 415      70762720 
 415      272D666E 
 415      6F2D6F70 
 416 0066 7465782D 		.ascii	"tex-m0' '-mno-thumb-interwork' '-mthumb' '-ggdb' '-"
 416      6D302720 
 416      272D6D6E 
 416      6F2D7468 
 416      756D622D 
 417 0099 4F322720 		.ascii	"O2' '-fomit-frame-pointer' '-falign-functions=16' '"
 417      272D666F 
 417      6D69742D 
 417      6672616D 
 417      652D706F 
 418 00cc 2D666675 		.ascii	"-ffunction-sections' '-fdata-sections' '-fno-common"
 418      6E637469 
 418      6F6E2D73 
 418      65637469 
 418      6F6E7327 
 419 00ff 2720272D 		.ascii	"' '-flto'\000"
ARM GAS  /tmp/ccv8maU1.s 			page 32


 419      666C746F 
 419      2700
 420              		.text
 421              		.comm	__gnu_lto_v1,1,1
 422              		.comm	__gnu_lto_slim,1,1
 423              		.ident	"GCC: (15:5.4.1+svn241155-1) 5.4.1 20160919"
ARM GAS  /tmp/ccv8maU1.s 			page 33


DEFINED SYMBOLS
                            *ABS*:0000000000000000 memstreams.c
                            *COM*:0000000000000001 __gnu_lto_v1
                            *COM*:0000000000000001 __gnu_lto_slim

NO UNDEFINED SYMBOLS
