ARM GAS  /tmp/ccmxb9Jt.s 			page 1


   1              		.syntax unified
   2              		.cpu cortex-m0
   3              		.fpu softvfp
   4              		.eabi_attribute 20, 1
   5              		.eabi_attribute 21, 1
   6              		.eabi_attribute 23, 3
   7              		.eabi_attribute 24, 1
   8              		.eabi_attribute 25, 1
   9              		.eabi_attribute 26, 1
  10              		.eabi_attribute 30, 2
  11              		.eabi_attribute 34, 0
  12              		.eabi_attribute 18, 4
  13              		.thumb
  14              		.syntax unified
  15              		.file	"nvic.c"
  16              		.text
  17              	.Ltext0:
  18              		.section	.gnu.lto_.profile.75a1c23531e5e925,"",%progbits
  19 0000 789C6361 		.ascii	"x\234ca`d`a`\000\222Rb\000\000\264\000;"
  19      60646061 
  19      60009252 
  19      620000B4 
  19      003B
  20              		.text
  21              		.section	.gnu.lto_.icf.75a1c23531e5e925,"",%progbits
  22 0000 789C6361 		.ascii	"x\234ca`d\000\001)\006\004`ax:\377\316>f\306eS\316t"
  22      60640001 
  22      29060460 
  22      61783AFF 
  22      CE3E66C6 
  23 0018 73303D58 		.ascii	"s0=X\362l\001/\363\266\357\013\237\2613\000\000\245"
  23      F26C012F 
  23      F3B6EF0B 
  23      9FB13300 
  23      00A5
  24 002a D30C36   		.ascii	"\323\0146"
  25              		.text
  26              		.section	.gnu.lto_.jmpfuncs.75a1c23531e5e925,"",%progbits
  27 0000 789C6361 		.ascii	"x\234ca`d\000\001)\006\004`a`bdd\256\257g\004\202z&"
  27      60640001 
  27      29060460 
  27      61606264 
  27      64AEAF67 
  28 0018 089B19C4 		.ascii	"\010\233\031\304f\000\000)n\0038"
  28      66000029 
  28      6E0338
  29              		.text
  30              		.section	.gnu.lto_.inline.75a1c23531e5e925,"",%progbits
  31 0000 789C4D8C 		.ascii	"x\234M\214\301\021\200 \020\003\223#\002\372\261\004"
  31      C1118020 
  31      10039323 
  31      02FAB104 
  32 0010 ACC0266D 		.ascii	"\254\300&m\204\222,\305\022<pD\363\270\231\233\315F"
  32      84922CC5 
  32      123C7044 
  32      F3B8999B 
  32      CD46
ARM GAS  /tmp/ccmxb9Jt.s 			page 2


  33 0022 205A0E7C 		.ascii	" Z\016|\021\260\3144n\015\265\243x\355\210\265\030\354"
  33      11B0CC34 
  33      6E0DB5A3 
  33      78ED88B5 
  33      18EC
  34 0034 5C05FFB2 		.ascii	"\\\005\377\262\223\354jNd\257\004\325\362T\234\252\217"
  34      93EC6A4E 
  34      64AF04D5 
  34      F2549CAA 
  34      8F
  35 0045 1826917D 		.ascii	"\030&\221}%\270\367\033\360\004\244\370\252\003\016"
  35      25B8F71B 
  35      F004A4F8 
  35      AA030E
  36 0054 153795B3 		.ascii	"\0257\225\263\015\243"
  36      0DA3
  37              		.text
  38              		.section	.gnu.lto_.pureconst.75a1c23531e5e925,"",%progbits
  39 0000 789C6361 		.ascii	"x\234ca`d\340d```a\220b\224b\222b\226\002\000\002\261"
  39      6064E064 
  39      60606061 
  39      90629462 
  39      92629602 
  40 0017 0081     		.ascii	"\000\201"
  41              		.text
  42              		.section	.gnu.lto_nvicEnableVector.75a1c23531e5e925,"",%progbits
  43 0000 789C9D53 		.ascii	"x\234\235S\317k\023A\030\2357\223d\023M\322\243\007"
  43      CF6B1341 
  43      189D3793 
  43      64134DD2 
  43      A307
  44 0012 03163C84 		.ascii	"\003\026<\204\036\314\222\213Rz\020)x+J\364\037\320"
  44      1ECC928B 
  44      527A1029 
  44      782B4AF4 
  44      1FD0
  45 0024 20346093 		.ascii	" 4`\223\322\212x\3534\233M\021/\365G\343\017\324\"\264"
  45      D28A78EB 
  45      349B4D11 
  45      2FF547E3 
  45      0FD422B4 
  46 0038 34B6B669 		.ascii	"4\266\266ij\325\246*\204\240H\017\255\010z\022Dm\211"
  46      6AD5A62A 
  46      84A0480F 
  46      AD087A12 
  46      446D89
  47 004b 20549250 		.ascii	" T\222P\321C\223\370\315n@A\005q\330\235\231o\346{\337"
  47      D14393F8 
  47      CD6E4041 
  47      0571D89D 
  47      996FE67B 
  48 0060 7B6F66D7 		.ascii	"{of\327\301\300T\353\024\214\035\244q7\275\020\014|"
  48      C1C054EB 
  48      148C1DA4 
  48      7137BD10 
  48      0C7C
  49 0072 748DB161 		.ascii	"t\215\261a7\007\324D\272\301\2068\206\360\225\3279J"
ARM GAS  /tmp/ccmxb9Jt.s 			page 3


  49      3707D444 
  49      BAC18638 
  49      86F095D7 
  49      394A
  50 0084 23E502EF 		.ascii	"#\345\002\357\230\222\324\336O\336\0262[\204I\360&\267"
  50      9892D4DE 
  50      4FDE1632 
  50      5B8449F0 
  50      26B7
  51 0096 2A314CA1 		.ascii	"*1L\241\203\262^\245\346o\212-n\012\300Aau\365\306\272"
  51      83B25EA5 
  51      E66F8A2D 
  51      6E0AC041 
  51      6175F5C6 
  52 00ab 5F851CED 		.ascii	"_\205\034\355\024\326\345\225\214_t\202\321\374zi\354"
  52      14D6E595 
  52      8C5F7482 
  52      D1FC7A69 
  52      EC
  53 00bc AD2F3829 		.ascii	"\255/8)eR\312\213\247\244\307\024\002\323\020T\017w"
  53      6552CA8B 
  53      A7A4C714 
  53      02D31054 
  53      0F77
  54 00ce 11401601 		.ascii	"\021@\026\001FK\0143\010R\366L\362\323\246\020]\026"
  54      464B0C33 
  54      0852F64C 
  54      F2D3A610 
  54      5D16
  55 00e0 F2FC4A7D 		.ascii	"\362\374J}]k!\013-\344\275? g\021T\351\037\363\2151"
  55      5D6B210B 
  55      2DE4BD3F 
  55      20671154 
  55      E91FF38D 
  56 00f5 9F2BA584 		.ascii	"\237+\245\204\267\333r1\007\227:\200\\\244(\233MC\312"
  56      B7DB7231 
  56      07973A80 
  56      5CA4289B 
  56      4D43CA
  57 0108 37E10B7B 		.ascii	"7\341\013{\275\200Bp\302:\204\352\234P\334\032M\235"
  57      BD804270 
  57      C23A84EA 
  57      9C50DC1A 
  57      4D9D
  58 011a 6ED579A8 		.ascii	"n\325y\250s1V\241\012\352t\252\234\253Q\224\221\254"
  58      733156A1 
  58      0AEA74AA 
  58      9CAB5194 
  58      91AC
  59 012c 8D34BE09 		.ascii	"\2154\276\011U\324\020\334\020`e\030\025\227\035\013"
  59      55D410DC 
  59      10606518 
  59      15971D0B 
  60 013c 5AFAF558 		.ascii	"Z\372\365X\\p G\002\313(e\240Rh3c\226^jjS\263\354-\336"
  60      5C702047 
  60      02CB2865 
  60      A0526833 
ARM GAS  /tmp/ccmxb9Jt.s 			page 4


  60      63965E6A 
  61 0156 F9F2DD6B 		.ascii	"\371\362\335k\207\262dH?-]\332\254-\371\307qkX\231h"
  61      87B26448 
  61      3F2D5DDA 
  61      AC2DF9C7 
  61      716B5899 
  62 016b 33851B79 		.ascii	"3\205\033y2:Ou\024`\365\335\302h\233>+St!\036,`\034"
  62      323A4F75 
  62      1460F5DD 
  62      C2689B3E 
  62      2B537421 
  63 0183 0DEB5254 		.ascii	"\015\353RT\255\351\255\254\010\347d\212\220\007L\261"
  63      ADE9ADAC 
  63      08E7648A 
  63      90074CB1 
  64 0193 03F7A11B 		.ascii	"\003\367\241\033\302i]\330\"\302\244O\211\255\245\327"
  64      C2695DD8 
  64      22C2A44F 
  64      89ADA5D7 
  65 01a3 AE1DB5F5 		.ascii	"\256\035\265\365j\264K\270\225\211\345m\257\255\327"
  65      6AB44BB8 
  65      9589E56D 
  65      AFADD7
  66 01b2 8907965E 		.ascii	"\211\007\226^c;\375\332a'\271\355\244\313\023s\005\237"
  66      633BFDDA 
  66      6127B9ED 
  66      A4CB1373 
  66      059F
  67 01c4 4A72620F 		.ascii	"Jrb\017\036\332I\225\364F\353$<\212\376\331\213\264"
  67      1EDA4995 
  67      F446EB24 
  67      3C8AFED9 
  67      8BB4
  68 01d6 DB2E033C 		.ascii	"\333.\003<B\200\240\226\363\017\273Z\326\377\335\330"
  68      4280A096 
  68      F30FBB5A 
  68      D6FFDDD8 
  69 01e6 4E2C59C6 		.ascii	"N,Y\306\360\273\261.SxQP\3064\313\330\2622\346\261\210"
  69      F0BBB12E 
  69      53785150 
  69      C634CBD8 
  69      B232E6B1 
  70 01fb F2CFABCE 		.ascii	"\362\317\253\316\377\240zlQ\361\277P=\371I\365\324\246"
  70      FFA07A6C 
  70      51F1BF50 
  70      3DF949F5 
  70      D4A6
  71 020d FA8C64F1 		.ascii	"\372\214d\361\352aEd\375\013\025RI\237\006\341\367\207"
  71      EA614564 
  71      FD0B1552 
  71      499F06E1 
  71      F787
  72 021f 42BAFD74 		.ascii	"B\272\375t\367\306N\306\216\034\333\0279\256'\006\365"
  72      F7C64EC6 
  72      8E1CDB17 
  72      39AE2706 
  72      F5
ARM GAS  /tmp/ccmxb9Jt.s 			page 5


  73 0230 DE13A7F5 		.ascii	"\336\023\247\365\376\304\300\231A=\232\350\353K\304"
  73      FEC4C099 
  73      413D9AE8 
  73      EB4BC4
  74 023f F543919E 		.ascii	"\365C\221\236\356\236sz\374l,\032\2122\304\035\375\003"
  74      EE9E737A 
  74      FC6C2C1A 
  74      8A32C41D 
  74      FD03
  75 0251 B1C40F55 		.ascii	"\261\304\017U\\\036\354"
  75      5C1EEC
  76              		.text
  77              		.section	.gnu.lto_nvicDisableVector.75a1c23531e5e925,"",%progbits
  78 0000 789C8D52 		.ascii	"x\234\215R\317k\023A\024\236of\223nm\223\036=\030\260"
  78      CF6B1341 
  78      149E6F66 
  78      936E6D93 
  78      1E3D18B0 
  79 0014 E0A1F460 		.ascii	"\340\241\364`\306\\\024\365$\005oE\211\376\0035\010"
  79      C65C14F5 
  79      24056F45 
  79      89FE0335 
  79      08
  80 0025 0DD844AC 		.ascii	"\015\330D\254\210\267N\273\331x-\255\015D\224\"T\032"
  80      88B74EBB 
  80      D9782DAD 
  80      0D449422 
  80      541A
  81 0037 A36DD21A 		.ascii	"\243m\322\032\265\365\024\026E<T\021\352I\020\177\221"
  81      B5F51416 
  81      453C5411 
  81      EA49107F 
  81      91
  82 0048 83A02425 		.ascii	"\203\240$%B\017m\343{\273\036\012^\034vg\346\015\337"
  82      420F6DE3 
  82      7BBB1E0A 
  82      5E1C7667 
  82      E60DDF
  83 005b FBBEF7CD 		.ascii	"\373\276\367\315\033K@\360\030\221B\234\242\365\020"
  83      1B4B40F0 
  83      1891429C 
  83      A2F510
  84 006a FD500272 		.ascii	"\375P\002r\372\255\020\223\266\004xcl\210\011\211\011"
  84      FAAD1093 
  84      B6047863 
  84      6C880989 
  84      09
  85 007b FC96BB12 		.ascii	"\374\226\273\022\336\255\306\272\034\\44>\277j\0343"
  85      DEADC6BA 
  85      1C5C3434 
  85      3EBF6A1C 
  85      33
  86 008c A53A5C25 		.ascii	"\245:\\%DG\372L\002\213\030$\324\373\\\365\256jKW\001"
  86      4447FA4C 
  86      028B1824 
  86      D4FB5CF5 
  86      AE6A4B57 
ARM GAS  /tmp/ccmxb9Jt.s 			page 6


  87 00a1 1685AD8D 		.ascii	"\026\205\255\215;\337\242\034J\364S\270kn\027\242\352"
  87      3BDFA21C 
  87      4AF453B8 
  87      6B6E17A2 
  87      EA
  88 00b2 2404ED8B 		.ascii	"$\004\355\213\336\334\307\310\300\003c\246\214\231\275"
  88      DEDCC7C8 
  88      C00363A6 
  88      8C99BD
  89 00c1 6CBA5DA5 		.ascii	"l\272]\245P\206\"><D\014%\304\004\035\011<\302\000\303"
  89      5086223E 
  89      3C440C25 
  89      C4041D09 
  89      3CC200C3 
  90 00d5 BFAEECCD 		.ascii	"\277\256\354\315E\3029\226\357\017D\361\030a\266QI\326"
  90      45C23996 
  90      EF0F44F1 
  90      1861B651 
  90      49D6
  91 00e7 4DA7E318 		.ascii	"M\247\343\030SL\224\217\330\000gH\312\265\024O\026M"
  91      534C948F 
  91      D8006748 
  91      CAB5144F 
  91      164D
  92 00f9 21219A94 		.ascii	"!!\232\224\301\236ZR\362\252\032p\266\362\215\342y&"
  92      C19E5A52 
  92      F2AA1A70 
  92      B6F28DE2 
  92      7926
  93 010b 71947414 		.ascii	"q\224t\024H\343\315\302\213\235^\2566\204\020\226\250"
  93      48E3CDC2 
  93      8B9D5EAE 
  93      36841096 
  93      A8
  94 011c 0042EDE4 		.ascii	"\000B\355\3447\255\000\244\002\320\354\302\362z\204"
  94      37AD00A4 
  94      02D0ECC2 
  94      F27A84
  95 012b 41160E63 		.ascii	"A\026\016c9\0005\363\337U\000b\323\265\227\257\363v"
  95      390035F3 
  95      DF550062 
  95      D3B597AF 
  95      F376
  96 013d 40035410 		.ascii	"@\003T\020\243T\002y\205/\007\031C\200\202\353\275\353"
  96      A3540279 
  96      852F0719 
  96      438082EB 
  96      BDEB
  97 014f 6240D8BF 		.ascii	"b@\330\277\211\332\375_\333\275Ah<\307D\351h\346\347"
  97      89DAFD5F 
  97      DBBD4168 
  97      3CC744E9 
  97      68E6E7
  98 0162 D65A741E 		.ascii	"\326Zt\036\367&\331o\237\253\272\260BwR%5N\330\370\264"
  98      F726D96F 
  98      9FABBAB0 
  98      42775225 
ARM GAS  /tmp/ccmxb9Jt.s 			page 7


  98      354ED8F8 
  99 0177 3ADDA797 		.ascii	":\335\247\227L\216:`c\025\363\330\363\273\300\\\345"
  99      4C8E3A60 
  99      6315F3D8 
  99      F3BBC05C 
  99      E5
 100 0188 7649252A 		.ascii	"vI%*&G\231\247]\325\215'\320\344\317\357P\015\011*\220"
 100      264799A7 
 100      5DD58D27 
 100      D0E4CFEF 
 100      500D092A 
 101 019d 4B695737 		.ascii	"KiW7[\352o1\377/u\000O})\374+u\302U=x\306R\376\303\302"
 101      5BEA6F31 
 101      FF2F7500 
 101      4F7D29FC 
 101      2B75C255 
 102 01b8 7324F6FB 		.ascii	"s$\366\373\354\201\300\0321\376\300T\375\303Y\026\366"
 102      EC81C01A 
 102      31FEC054 
 102      FDC35916 
 102      F6
 103 01c9 DF4C93A8 		.ascii	"\337L\223\250\250\031T\335\361x\\\007\337\320h\372R"
 103      A81954DD 
 103      F1785C07 
 103      DFD068FA 
 103      52
 104 01da FADC85A3 		.ascii	"\372\334\205\243\311\213:;\256GG\256\350\253\331k\327"
 104      C98B3A3B 
 104      AE4747AE 
 104      E8ABD96B 
 104      D7
 105 01eb C7752A3B 		.ascii	"\307u*;6\226\315\3503\311\341\241\341\233:s#\235\212"
 105      3696CDE8 
 105      33C9E1A1 
 105      E19B3A73 
 105      239D8A
 106 01fe A704327F 		.ascii	"\247\0042\177\000\351\256\335\027"
 106      00E9AEDD 
 106      17
 107              		.text
 108              		.section	.gnu.lto_nvicSetSystemHandlerPriority.75a1c23531e5e925,"",%progbits
 109 0000 789C6D91 		.ascii	"x\234m\221\301k\023Q\020\306\337\367f\263\273\025\332"
 109      C16B1351 
 109      10C6DFF7 
 109      66B3BB15 
 109      DA
 110 0011 7FC01E7A 		.ascii	"\177\300\036z\013=\230\265\027\305c\011\342\251\010"
 110      0B3D98B5 
 110      17C56309 
 110      E2A908
 111 0020 A9276F35 		.ascii	"\251'o5\026\022h\263%\025\361\326\227\335,\245\027\021"
 111      161268B3 
 111      2515F1D6 
 111      97DD2CA5 
 111      1711
 112 0032 B5A54A43 		.ascii	"\265\245JC\017\"\255\2555\255z\011\026\011\001\301\036"
 112      0F22ADAD 
ARM GAS  /tmp/ccmxb9Jt.s 			page 8


 112      35AD7A09 
 112      160901C1 
 112      1E
 113 0043 54BC7A52 		.ascii	"T\274zR\013+\212\225T\364\230\306\231M\005\017>vw\336"
 113      0B2B8A95 
 113      54F498C6 
 113      994D050F 
 113      3E7677DE 
 114 0057 BC99DFEC 		.ascii	"\274\231\337\354\367f,\005%\353+\233\363lO\362\013R"
 114      F7662C05 
 114      25EB2B9B 
 114      F36C4FF2 
 114      0B52
 115 0069 D0B7DE2A 		.ascii	"\320\267\336*Uq5 \033\343B\315i\314\341\267\356h\264"
 115      55713520 
 115      1BE342CD 
 115      69CCE1B7 
 115      EE68B4
 116 007c E6E3861E 		.ascii	"\346\343\206\036^3\274>\276\372q\332\2547\021\221R]"
 116      5E33BC3E 
 116      BEFA71DA 
 116      AC371191 
 116      525D
 117 008e 9D545258 		.ascii	"\235TRX\3030g\275\257n\257\320/\035\021`\261{\370\346"
 117      C33067BD 
 117      AF6EAFD0 
 117      2F1D1160 
 117      B17BF8E6 
 118 00a2 FEFE80B8 		.ascii	"\376\376\200\270\032C\354\206w^\356\272t\016\212\367"
 118      1A43EC86 
 118      775EEEBA 
 118      740E8AF7 
 119 00b2 0766AF62 		.ascii	"\007f\257b\247\037\032\023\030\323\2304}\021\0216@\\"
 119      A71F1A13 
 119      18D39834 
 119      7D111136 
 119      405C
 120 00c4 0F8F3088 		.ascii	"\017\2170\210u\014*>R\330D\232\2637\203/\007D\243\011"
 120      750C2A3E 
 120      52D8449A 
 120      B337832F 
 120      0744A309 
 121 00d8 B9B0D7D9 		.ascii	"\271\260\327\331w\216\311\3161\371\370?\344\026\322"
 121      778EC9CE 
 121      31F9F83F 
 121      E416D2
 122 00e7 92FE79E7 		.ascii	"\222\376y\347h\261\337\256\212\360\241\205\277\212\361"
 122      68B1DFAE 
 122      8AF0A185 
 122      BF8AF1
 123 00f6 04B6F4A0 		.ascii	"\004\266\364\240\236k\232n74\346\236\375\342&\034@("
 123      9E6B9A6E 
 123      3734E69E 
 123      FDE2261C 
 123      4028
 124 0108 CDBC45F2 		.ascii	"\315\274E\362IA\376\257T\233\031i\311\241\326b)F\360"
 124      4941FEAF 
ARM GAS  /tmp/ccmxb9Jt.s 			page 9


 124      549B1969 
 124      C9A1D662 
 124      2946F0
 125 011b 733E5EB9 		.ascii	"s>^\271,eB\322!A\305\010\333v\317'>\372\267\027)X\250"
 125      2C6542D2 
 125      2141C508 
 125      DB76CF27 
 125      3EFAB717 
 126 0132 B3AA18AD 		.ascii	"\263\252\030\255%H\012\007\227\242\326;G\202vr\247J"
 126      25480A07 
 126      97A2D63B 
 126      47827672 
 126      A74A
 127 0144 63F76EAA 		.ascii	"c\367n\252\347\232\017\241\031\020|9\370\344\256\242"
 127      E79A0FA1 
 127      19107C39 
 127      F8E4AEA2 
 128 0154 5611E5FD 		.ascii	"V\021\345\375\0219\330\341\333ms\035\001\276/\276\336"
 128      1139D8E1 
 128      DB6D731D 
 128      01BE2FBE 
 128      DE
 129 0165 38E16D99 		.ascii	"8\341m\231*O\301\305S\254\342(\231\004\207\036\334\256"
 129      2A4FC1C5 
 129      53ACE228 
 129      9904871E 
 129      DCAE
 130 0177 6547EAA6 		.ascii	"eG\352\246\312\340\331\210\372\360\014^H\251dH\3171"
 130      CAE0D988 
 130      FAF00C5E 
 130      48A96448 
 130      CF31
 131 0189 C2F2D437 		.ascii	"\302\362\3247\004\315\332\005Q\222\314\256\255!\267"
 131      04CDDA05 
 131      5192CCAE 
 131      AD21B7
 132 0198 62FE4C26 		.ascii	"b\376L&\343\365\236l\241x\245xq\374T\356\222\347\317"
 132      E3F59E6C 
 132      A178A578 
 132      71FC54EE 
 132      92E7CF
 133 01ab 7A858929 		.ascii	"z\205\211)o\306/_\233\365\362\376\364\264_\362Fsc\331"
 133      6FC62F5F 
 133      9BF5F2FE 
 133      F4B45FF2 
 133      467363D9 
 134 01bf B11B5EE9 		.ascii	"\261\033^\351z1\237\311+\2470Q\272:5Y\266f\312E\377"
 134      7A319FC9 
 134      2BA73051 
 134      BA3A3559 
 134      B666CA45 
 135 01d4 0FD209B5 		.ascii	"\017\322\011\265\322"
 135      D2
 136              		.text
 137              		.section	.gnu.lto_nvicClearPending.75a1c23531e5e925,"",%progbits
 138 0000 789C2551 		.ascii	"x\234%QAk\023Q\020~\337\233\3354\205&\375\001\006Z\350"
 138      416B1351 
ARM GAS  /tmp/ccmxb9Jt.s 			page 10


 138      107EDF9B 
 138      DD348526 
 138      FD01065A 
 139 0015 A11431CF 		.ascii	"\241\0241\317\\\004\365$=x*\226\330?\240Ah\300&bE\274"
 139      5C04F524 
 139      3D782A96 
 139      D83FA041 
 139      68C02662 
 140 002b F5359B4D 		.ascii	"\3655\233M\257U\333\210\322R\204\226\306j\233\266z\260"
 140      AF55DB88 
 140      D2528496 
 140      C66A9BB6 
 140      7AB0
 141 003d 9EC2E2C5 		.ascii	"\236\302\342\305C\225\2027AD\241\210\250\244!\242\207"
 141      43958237 
 141      4144A188 
 141      A8A421A2 
 141      87
 142 004e 367166F7 		.ascii	"6qf\367\261\373f\346\343\233of\3368\012J\316O6\027\330"
 142      B1FB66E6 
 142      E39B6F66 
 142      DE380A4A 
 142      CE4F3617 
 143 0063 9EE21FA4 		.ascii	"\236\342\037\244\240\347\337+5\033\327\20086\0165\243"
 143      A0E7DF2B 
 143      351BD780 
 143      38360E35 
 143      A3
 144 0074 31833FFA 		.ascii	"1\203?\372D#\230;\334\323#\353\226\317\227\265\277g"
 144      4423983B 
 144      DCD323EB 
 144      96CF97B5 
 144      BF67
 145 0086 6DAD019F 		.ascii	"m\255\001\237\224\352\352PIa\035#\314:(o/Q[\373\004"
 145      94EAEA50 
 145      49611D23 
 145      CC3A286F 
 145      2F515BFB 
 146 009b 381C1EED 		.ascii	"8\034\036\355?\371\226\224Pc\220\303\023\273PM\322y"
 146      3FF99694 
 146      506390C3 
 146      13BB504D 
 146      D279
 147 00ad 28F61F07 		.ascii	"(\366\037\007\213\237\022\303k\326\226\254\275\177\303"
 147      8B9F12C3 
 147      6BD696AC 
 147      BD7FC3
 148 00bc F6FA44D8 		.ascii	"\366\372D\330\000\261\036\236!\205\032R\212!\205\347"
 148      00B11E9E 
 148      21851A52 
 148      8A2185E7 
 149 00cc 1816FAD7 		.ascii	"\030\026\372\327\235\316b\"V\226\362\203QQ\274@L\306"
 149      9DCE6222 
 149      5696F283 
 149      5151BC40 
 149      4CC6
 150 00de A8671BB6 		.ascii	"\250g\033\266\333\365\254}\224\371>\024\007$Cs\256C"
ARM GAS  /tmp/ccmxb9Jt.s 			page 11


 150      DBF5AC7D 
 150      94F93E14 
 150      07244373 
 150      AE43
 151 00f0 72397CB9 		.ascii	"r9|\271\256xJ59M\006;\322Z,\035\302kU:\313\343\242\344"
 151      AE784A35 
 151      394D063B 
 151      D25A2C1D 
 151      C26B553A 
 152 0108 91F6085C 		.ascii	"\221\366\010\\\350\335\352\233\343>i\331\205\213M\356"
 152      E8DDEA9B 
 152      E33E69D9 
 152      858B4DEE 
 153 0118 8259C795 		.ascii	"\202Y\307\225\267ND\242\210\364puk/!$\007\003\330\212"
 153      B74E44A2 
 153      88F47075 
 153      6B2F2124 
 153      0703D88A 
 154 012c 48CDCA47 		.ascii	"H\315\312G\212H\016N\247\230\312`\2515\327\326\021\350"
 154      8A480E4E 
 154      A798CA60 
 154      A935D7D6 
 154      11E8
 155 013e 32CE4850 		.ascii	"2\316HP\205\304\254Q\365\203\017=\242\021\013\337\343"
 155      85C4AC51 
 155      F5830F3D 
 155      A2110BDF 
 155      E3
 156 014f D5D3DFFF 		.ascii	"\325\323\337\377\372\242\320\006\236M2\364\340W\353"
 156      FAA2D006 
 156      9E4D32F4 
 156      E057EB
 157 015e 757205CB 		.ascii	"ur\005\313\2632u\277O=\330\346\227\251s9I\330\377\274"
 157      B33275BF 
 157      4F3DD8E6 
 157      97A97339 
 157      49D8FFBC 
 158 0172 3BDF6F36 		.ascii	";\337o6m\231\367\020\307\016V\320\011w!Z\033\355\032"
 158      6D99F710 
 158      C70E56D0 
 158      0977215A 
 158      1BED1A
 159 0185 65EAB6CC 		.ascii	"e\352\266\314\231\027}\352\305.\014\017\030\356\351"
 159      99177DEA 
 159      C52E0C0F 
 159      18EEE9
 160 0194 2532DC8C 		.ascii	"%2\334\214\372\201R\343\340\262\264\022\256\257\251"
 160      FA8152E3 
 160      E0B2B412 
 160      AEAFA9
 161 01a3 214FC294 		.ascii	"!O\302\224s\351\264\211\276\321\311\374\365\374\225"
 161      73E9B489 
 161      BED1C9FC 
 161      F5FC95
 162 01b2 AB67B213 		.ascii	"\253g\262\023\2468m&\257\3354\267\212\267\357L\233\\"
 162      A6386D26 
 162      AFDD34B7 
ARM GAS  /tmp/ccmxb9Jt.s 			page 12


 162      8AB7EF4C 
 162      9B5C
 163 01c4 716AAA58 		.ascii	"qj\252X0\227\262c\243c\367L\341n>\227\316)\024\376\003"
 163      3097B263 
 163      A363F74C 
 163      E16E3E97 
 163      CE2914FE 
 164 01d9 7DE0B3CE 		.ascii	"}\340\263\316"
 165              		.text
 166              		.section	.gnu.lto_.symbol_nodes.75a1c23531e5e925,"",%progbits
 167 0000 789C6361 		.ascii	"x\234ca`d\360b\000\002\246\251L\365\014\014\023\316"
 167      6064F062 
 167      0002A6A9 
 167      4CF50C0C 
 167      13CE
 168 0012 313000A9 		.ascii	"10\000\251]\015\212@\221iL\365\214\250\"\323\231\352"
 168      5D0D8A40 
 168      91694CF5 
 168      8CA822D3 
 168      99EA
 169 0024 99504566 		.ascii	"\231PEf0\3253\243\2100\000\000\251\256\021\234"
 169      30D533A3 
 169      88300000 
 169      A9AE119C 
 170              		.text
 171              		.section	.gnu.lto_.refs.75a1c23531e5e925,"",%progbits
 172 0000 789C6361 		.ascii	"x\234ca`\004B \000\000\0009\000\007"
 172      60044220 
 172      00000039 
 172      0007
 173              		.text
 174              		.section	.gnu.lto_.decls.75a1c23531e5e925,"",%progbits
 175 0000 789CBD58 		.ascii	"x\234\275XkPT\311\025\236\276=\300\000\003\270\310&"
 175      6B5054C9 
 175      159EBE3D 
 175      C00003B8 
 175      C826
 176 0012 566A5265 		.ascii	"VjReYliU\262\214\217\315\356V%\225,;j\344\207\273\324"
 176      596C6955 
 176      B28C8FCD 
 176      EE562595 
 176      2C3B6AE4 
 177 0029 E09A7F4E 		.ascii	"\340\232\177N\020\331HJa\003\230\254\277r\005\\@W\005"
 177      10D9484A 
 177      610398AC 
 177      BF72055C 
 177      405705
 178 003c 4141E58D 		.ascii	"AA\345\215\010\212\010\310S\036\202\250\010(,\242\274"
 178      088A08C8 
 178      531E82A8 
 178      08282CA2 
 178      BC
 179 004d 04E4E10B 		.ascii	"\004\344\341\013\025\021EE\024!\247\037w\356x\2351\373"
 179      15114545 
 179      1421A71F 
 179      77EE789D 
 179      31FB
ARM GAS  /tmp/ccmxb9Jt.s 			page 13


 180 005f 23955B9C 		.ascii	"#\225[\234\271\367\334\376\372\353\257Ow\237\356\213"
 180      B9F7DCFE 
 180      FAEBAF4F 
 180      779FEE8B 
 181 006f 5A8554E4 		.ascii	"Z\205T\344\272\272@\245Z!\250T\311\340\316\301e\007"
 181      BABA40A5 
 181      5A21A854 
 181      C9E0CEC1 
 181      6507
 182 0081 EFD6ABE4 		.ascii	"\357\326\253\344K\015V\001V\015V\013V\247z\367\"\345"
 182      4B0D5601 
 182      560D560B 
 182      56A77AF7 
 182      22E5
 183 0093 2EBC9E3B 		.ascii	".\274\236;\230\007X\011\230\016l1\330\327`\037\000\277"
 183      98075809 
 183      980E6C31 
 183      D8D7601F 
 183      00BF
 184 00a5 1B580F3C 		.ascii	"\033X\017<w\203\215\202\335\003\303\244\015xo\017\346"
 184      77838D82 
 184      DD03C3A4 
 184      0D786F0F 
 184      E6
 185 00b6 0886389F 		.ascii	"\010\2068\237\362\"\355k\255\264\241\344\227x\245v\004"
 185      F222ED6B 
 185      ADB4A1E4 
 185      9778A576 
 185      04
 186 00c7 A20DB136 		.ascii	"\242\015\2616\020\347Q^\244_N6\364\023\356\215P\321"
 186      10E7515E 
 186      A45F4E36 
 186      F413EE8D 
 186      50D1
 187 00d9 1FEC8F88 		.ascii	"\037\354\217\210q\022\236\277p\276Z\356\377\003\275"
 187      71129EBF 
 187      70BE5AEE 
 187      FF03BD
 188 00e8 CD596783 		.ascii	"\315Yg\203\223\350\365\265\242\227T\267\347\234\326"
 188      93E8F5B5 
 188      A29754B7 
 188      E79CD6
 189 00f7 62FC4640 		.ascii	"b\374F@'\342;\253p\037\352E\320'4\217\276E\210\375\""
 189      27E23BAB 
 189      701FEA45 
 189      D027348F 
 189      BE4588FD 
 190 010c 6A2A66D4 		.ascii	"j*f\324\205\007A\305\371\244WH\002\222_\370\021\020"
 190      850741C5 
 190      F9A45748 
 190      02925FF8 
 190      1110
 191 011e 7FA73293 		.ascii	"\177\2472\223\321?^\237\316\007zQ\022\231\035\361J\310"
 191      D13F5E9F 
 191      CE077A51 
 191      12991DF1 
 191      4AC8
ARM GAS  /tmp/ccmxb9Jt.s 			page 14


 192 0130 AC8016AB 		.ascii	"\254\200\026\253X\271\231\225\335\004\271\202\005\037"
 192      58B99995 
 192      DD04B982 
 192      051F
 193 013e 93CBE964 		.ascii	"\223\313\351d\315\346>!\251\323G\256\217d\013X@\344"
 193      CDE63E21 
 193      A9D347AE 
 193      8F640B58 
 193      40E4
 194 0150 79703A6F 		.ascii	"yp:o\265\327I\021\2568Q\024~#Gf\240\351x>~&\240\305"
 194      B5D74911 
 194      AE385114 
 194      7E234766 
 194      A0E9783E 
 195 0168 4E88D0BB 		.ascii	"N\210\320\273\301\253\302\2613\323.\354\025At\354{z"
 195      C1ABC2B1 
 195      33D32EEC 
 195      154174EC 
 195      7B7A
 196 017a D401EBE8 		.ascii	"\324\001\353\350\363\325\250\242\024\202vwBjp\237\264"
 196      F3D5A8A2 
 196      14827677 
 196      426A709F 
 196      B4
 197 018b 1EBEE50A 		.ascii	"\036\276\345\012\256\207\023Z\370F\020\032\367\224\234"
 197      AE87135A 
 197      F846101A 
 197      F7949C
 198 019a 76464B9C 		.ascii	"vFK\234\216\221v\206\322s\264gDq\036*BN\350$\302\350"
 198      8E917686 
 198      D273B467 
 198      44711E2A 
 198      424EE824 
 199 01b0 38F222EA 		.ascii	"8\362\"\352\026\223\241\215\021\305\0101.RtorU\241S"
 199      1693A18D 
 199      11C50831 
 199      2E52746F 
 199      7255A153 
 200 01c4 48870A90 		.ascii	"H\207\012\220N\205\012\321\022\322(\001\242|xy\002^"
 200      4E850AD1 
 200      12D22801 
 200      A27C7879 
 200      025E
 201 01d6 422BC78F 		.ascii	"B+\307\217\306g\331\343o\210\000\341P\351\211)'s\023"
 201      C667D9E3 
 201      6F8800E1 
 201      50E98929 
 201      277313
 202 01e9 6F7EF8E4 		.ascii	"o~\370\344$i\242\004\232(\226\233\200\026m\266q\332"
 202      2469A204 
 202      9A28969B 
 202      80166DB6 
 202      71DA
 203 01fb 7A1BD163 		.ascii	"z\033\321cG\273\0045\231\035\204k\243\232\274\273\335"
 203      47BB0435 
 203      991D846B 
 203      A39ABCBB 
ARM GAS  /tmp/ccmxb9Jt.s 			page 15


 203      DD
 204 020c 7FAED7CD 		.ascii	"\177\256\327\315\374\256\024\321\227I\007\017<wXp\220"
 204      FCAE14D1 
 204      9749070F 
 204      3C775870 
 204      90
 205 021d 4632525C 		.ascii	"F2R\\\250F\353\177a&W\241r\0049\001\225!5\013\356\371"
 205      A846EB7F 
 205      612657A1 
 205      72043901 
 205      9521350B 
 206 0233 E8F11861 		.ascii	"\350\361\030aQ\206\230Q$\016%\264\374\341`\244\330\004"
 206      51869851 
 206      240E25B4 
 206      FCE160A4 
 206      D804
 207 0245 F5161218 		.ascii	"\365\026\022\030\312\223\365\302#\271\345\242>\030\311"
 207      CA93F5C2 
 207      23B9E5A2 
 207      3E18C9
 208 0254 0AB4086A 		.ascii	"\012\264\010jv\336\254\235\300\270\022![\342z\273\262"
 208      76DEAC9D 
 208      C0B81221 
 208      5BE27ABB 
 208      B2
 209 0265 56D89451 		.ascii	"V\330\224QEe\234\221d\314\215\305\274qf2\352K\033\265"
 209      45659C91 
 209      64CC8DC5 
 209      BC716632 
 209      EA4B1BB5 
 210 0279 62DC0E51 		.ascii	"b\334\016Q\374\202\200P\245,\242\322RD5\025Q\374\362"
 210      FC828050 
 210      A52CA2D2 
 210      52443515 
 210      51FCF2
 211 028c 6124C62D 		.ascii	"a$\306-LDv\302\201W\210\223<3\223\220\236\324\310$5"
 211      4C4476C2 
 211      81578893 
 211      3C339390 
 211      9ED4C824 
 212 02a1 9624B594 		.ascii	"\226$\265\224\24467\311\007\337c\034\205\011\371\303"
 212      A43637C9 
 212      07DF631C 
 212      8509F9C3 
 213 02b1 6ACE5175 		.ascii	"j\316Qu\311R\310Y\231\343\254%G\035\3458\331\231^\255"
 213      C952C859 
 213      99E3AC25 
 213      471DE538 
 213      D9995EAD 
 214 02c5 65D34ED4 		.ascii	"e\323N\324\221yw.\272\224\373\023\016\340'\026\334\252"
 214      9179772E 
 214      BA94FB13 
 214      0EE02716 
 214      DCAA
 215 02d7 40CC8FF3 		.ascii	"@\314\217\363\000\177\2643\367\260\013\233\227b&\202"
 215      007FB433 
 215      F7B00B9B 
ARM GAS  /tmp/ccmxb9Jt.s 			page 16


 215      97622682 
 216 02e7 17A93333 		.ascii	"\027\25133Qj\374\222\251\030\356\232\275\314'q\244\035"
 216      516AFC92 
 216      A918EE9A 
 216      BDCC2771 
 216      A41D
 217 02f9 F8333D91 		.ascii	"\3703=\221S\256N1<\2260]H\211\034\314F2\233\220^\207"
 217      53AE4E31 
 217      3C96305D 
 217      48891CCC 
 217      46329B90 
 218 030f 2EB2A952 		.ascii	".\262\251R\327\331\235g\347\036\307\327\322\027\341"
 218      D7D99D67 
 218      E71EC7D7 
 218      D217E1
 219 031e 7450CE03 		.ascii	"tP\316\003\274\201\302/!w\251\022\235D9\2673\034\271"
 219      BC81C22F 
 219      2177A912 
 219      9D4439B7 
 219      331CB9
 220 0331 747BF07F 		.ascii	"t{\360\177\210\037\311v\345\322\211\262\366\370\037"
 220      881FC976 
 220      E5D289B2 
 220      F6F81F
 221 0340 13D45C2A 		.ascii	"\023\324\\*Y|{\273\343\377\204#\330\242\355)N(\262c"
 221      597C7BBB 
 221      E3FF8423 
 221      D8A2ED29 
 221      4E28B263 
 222 0354 D8C704FB 		.ascii	"\330\307\004\373\254k\242\305\315\266\320VI\350\025"
 222      AC6BA2C5 
 222      CDB6D056 
 222      49E815
 223 0363 26B470E7 		.ascii	"&\264p\347\355\343\032\250\256\203\245\215,\326\265"
 223      EDE31AA8 
 223      AE83A58D 
 223      2CD6B5
 224 0372 8EADEBD2 		.ascii	"\216\255\353\322\372\311\0025\336I\233\022\256\226\364"
 224      FAC90235 
 224      DE499B12 
 224      AE96F4
 225 0381 5E749497 		.ascii	"^t\224\227\356s\357HQD\250\003z\326.\217\214\316\274"
 225      EE73EF48 
 225      5144A803 
 225      7AD62E8F 
 225      8CCEBC
 226 0394 AC26B244 		.ascii	"\254&\262D\373\005*\264B\207\226\302\232\272\012kJ\307"
 226      FB052AB4 
 226      428796C2 
 226      9ABA0A6B 
 226      4AC7
 227 03a6 D7D44F20 		.ascii	"\327\324O \247\215\257\333\364\274\013.x\037k\340Q\342"
 227      A78DAFDB 
 227      F4BC0B2E 
 227      781F6BE0 
 227      51E2
 228 03b8 C3186CB1 		.ascii	"\303\030l\261pu\371d\341vB\003\327\344\006:\220\215"
ARM GAS  /tmp/ccmxb9Jt.s 			page 17


 228      7075F964 
 228      E1764203 
 228      D7E4063A 
 228      908D
 229 03ca 16AE5B6F 		.ascii	"\026\256[o\2415\263\342\232\275<\024\210\362\265@y3"
 229      A135B3E2 
 229      9ABD3C14 
 229      88F2B540 
 229      7933
 230 03dc 0D48171D 		.ascii	"\015H\027\035\212Vi(2cK\342\234H\370\"\177\036{e\335"
 230      8A566928 
 230      32634BE2 
 230      9C48F822 
 230      7F1E7B65 
 231 03f1 CB3D6A4B 		.ascii	"\313=jK\366\356\367\261\227\017&\306\3629\231Arc\325"
 231      F6EEF7B1 
 231      970F26C6 
 231      F2399941 
 231      7263D5
 232 0404 C0937A67 		.ascii	"\300\223zg\346\017\221\350O\217%wj\370@\273\222\334"
 232      E60F91E8 
 232      4F8F2577 
 232      6AF840BB 
 232      92DC
 233 0416 3099F244 		.ascii	"0\231\362D\213\223\330H7\364\325\306\360\221\376\214"
 233      8B93D848 
 233      37F4D5C6 
 233      F091FE8C 
 234 0426 4CD7D6C2 		.ascii	"L\327\326\302zg\333\003}S\032\350\001&t\340z\371SG\345"
 234      7A67DB03 
 234      7D531AE8 
 234      012674E0 
 234      7AF95347 
 235 043b 8CEC03F8 		.ascii	"\214\354\003\370\015\012\037\244BoJB\223\036M\377\212"
 235      0D0A1FA4 
 235      426F4A42 
 235      931E4DFF 
 235      8A
 236 044c 4F48CB1C 		.ascii	"OH\313\034\356Ns8:5Z\227\342\304e\012D\346\265#\371"
 236      EE4E7338 
 236      3A355A97 
 236      E2C4650A 
 236      44E6B523 
 237 0461 0E3893C9 		.ascii	"\0168\223\311|\266k\347\024_9d\331U\217\264Ghm\313\274"
 237      7CB66BE7 
 237      145F3964 
 237      D9558FB4 
 237      47686DCB 
 238 0476 23C9BCCD 		.ascii	"#\311\274\315d\336\035H\316sQ\312\034\001\3700\205\337"
 238      64DE1D48 
 238      CE7351CA 
 238      1C01F830 
 238      85DF
 239 0488 A532EF48 		.ascii	"\2452\357H2\333sc\3321\033\255\237\233\304;Sr\306\335"
 239      32DB7363 
 239      DA311BAD 
 239      9F9BC43B 
ARM GAS  /tmp/ccmxb9Jt.s 			page 18


 239      5372C6DD 
 240 049c 2C1BB8F7 		.ascii	",\033\270\367\276\006\246\312_\367\361\216g`\360#\252"
 240      BE06A6CA 
 240      5FF7F18E 
 240      6760F023 
 240      AA
 241 04ad 7BE3DDF8 		.ascii	"{\343\335\370\200Y\256\\\017\276rw\214\026Ec|\214Eb"
 241      8059AE5C 
 241      0FBE7277 
 241      8C164563 
 241      7C8C4562 
 242 04c1 326967AC 		.ascii	"2ig\254\206\201\177\011nWNF\216`;\022\343R$\0361\241"
 242      86817F09 
 242      6E574E46 
 242      8E603B12 
 242      E352241E 
 243 04d7 6DC9A3BD 		.ascii	"m\311\243\275\032e$\036\002\374\001\205?\246B\307%\241"
 243      1A65241E 
 243      02FC0185 
 243      3FA642C7 
 243      25A1
 244 04e9 A5B54F72 		.ascii	"\245\265Or\244\024B\204\336\311\037\311v\302EL\310\211"
 244      A4144284 
 244      DEC91FC9 
 244      76C2454C 
 244      C889
 245 04fb FADD4D7C 		.ascii	"\372\335M|H2\310x\315\035\231H\325\3422V(\015\246;\037"
 245      4832C878 
 245      CD1D9948 
 245      D5E23256 
 245      280DA63B 
 246 0510 CC9FEE97 		.ascii	"\314\237\356\227\027\013\270\216\025\276\031\214\213"
 246      170BB88E 
 246      15BE198C 
 246      8B
 247 051d 73E035C9 		.ascii	"s\3405\311\004\035\354\355,\326\342\013\254\260\374"
 247      041DECED 
 247      2CD6E20B 
 247      ACB0FC
 248 052c 6E73A354 		.ascii	"ns\243T\223\024\306\026\216\354\266\303\255\254px\340"
 248      9314C616 
 248      8EECB6C3 
 248      ADAC7078 
 248      E0
 249 053d DE2E57DC 		.ascii	"\336.W\334\301\234K\215\021\177\307\375\354\371\362"
 249      C19C4B8D 
 249      117FC7FD 
 249      ECF9F2
 250 054c ADA8DFB2 		.ascii	"\255\250\337\262JQ$M_<Z\234\216Y\0043\350\032(9\267"
 250      4A51244D 
 250      5F3C5A9C 
 250      8E590433 
 250      E81A2839 
 251 0561 2BD20D0F 		.ascii	"+\322\015\017S\260[uS\341y7\3449\337\323|-\361\364\314"
 251      53B05B75 
 251      53E17937 
 251      E439DFD3 
ARM GAS  /tmp/ccmxb9Jt.s 			page 19


 251      7C2DF1F4 
 252 0576 A2E92135 		.ascii	"\242\351!5\351\253\334\034\210\215?\011\005\032\203"
 252      E9ABDC1C 
 252      888D3F09 
 252      051A83
 253 0585 04210AF3 		.ascii	"\004!\012\363\315\001B\367i\224\226\2213f<\217\241\210"
 253      CD0142F7 
 253      69949691 
 253      33663C8F 
 253      A188
 254 0597 C255E80D 		.ascii	"\302U\350\015\000fh\031\201\303\354@\273\205%(V\360"
 254      00666819 
 254      81C3EC40 
 254      BB852528 
 254      56F0
 255 05a9 4431607B 		.ascii	"D1`{\300v\201E\202\375\010\366\003\330\034\362D\321"
 255      C0768145 
 255      82FD08F6 
 255      03D81CF2 
 255      44D1
 256 05bb 70DF0916 		.ascii	"p\337\011\026\005\026\001\266C\360\244\207\243,1*R\254"
 256      051601B6 
 256      43F0A487 
 256      A32C312A 
 256      52AC
 257 05cd EFB8A925 		.ascii	"\357\270\251%:\310L\232\345:\314\323\260^\326Au\327"
 257      3AC84C9A 
 257      E53ACCD3 
 257      B05ED641 
 257      75D7
 258 05df B76F2058 		.ascii	"\267o X\330\001\320\005\216\225\366\005t\316\022\033"
 258      D801D005 
 258      8E95F605 
 258      74CE121B 
 259 05ef B543AC3F 		.ascii	"\265C\254?M\261\243\200}\316\261\322LE\317\224\330\263"
 259      4DB1A380 
 259      7DCEB1D2 
 259      4C45CF94 
 259      D8B3
 260 0601 1BC4A2BF 		.ascii	"\033\304\242\277\242\036\300^\346X)\015\241&\245\206"
 260      A21EC05E 
 260      E658290D 
 260      A126A586 
 261 0611 1ACA0B6B 		.ascii	"\032\312\013k\036\365s\254\224\011\340\370\253\340-"
 261      1EF573AC 
 261      9409E0F8 
 261      ABE02D
 262 0620 376B78A2 		.ascii	"7kx\242\3240\241\304V\231\261\267\224\330!\245\206\224"
 262      D430A1C4 
 262      5699B1B7 
 262      94D821A5 
 262      8694
 263 0632 0DD2D8BD 		.ascii	"\015\322\330\275R\216\335\260\222\367\260\231\367\265"
 263      528EDDB0 
 263      92F7B099 
 263      F7B5
 264 0640 9257AFA0 		.ascii	"\222W\257\240-2\323N)i_\310\264t\207\251O\202q\0235"
ARM GAS  /tmp/ccmxb9Jt.s 			page 20


 264      2D32D34E 
 264      29695FC8 
 264      B47487A9 
 264      4F827113 
 265 0655 04A4E2BB 		.ascii	"\004\244\342\273\213\312\314S\226\366!4\034\205)\325"
 265      8BCACC53 
 265      96F62134 
 265      1C8529D5 
 266 0665 A492EAA9 		.ascii	"\244\222\352\251Ra\232Y\341\264R\341K\031\013\323{\266"
 266      52619A59 
 266      E1B452E1 
 266      4B190BD3 
 266      7BB6
 267 0677 6B10C63D 		.ascii	"k\020\306=\013\323\015\357L\353\321^G4\177\211\325\031"
 267      0BD30DEF 
 267      4CEBD15E 
 267      47347F89 
 267      D519
 268 0689 8AE26062 		.ascii	"\212\342`b\376/&)\353lg\232@:\273\017\010\367\012\346"
 268      FE2F2629 
 268      EB6C679A 
 268      403ABB0F 
 268      08F70AE6 
 269 069d DD94F49D 		.ascii	"\335\224\364\235}\010\274\316(\326jw\311\347a\212\224"
 269      7D08BCCE 
 269      28D66A77 
 269      C9E7618A 
 269      94
 270 06ae D353BCA0 		.ascii	"\323S\274\240\245_\017p'\207\255\326K\375<\243\304\220"
 270      A55F0F70 
 270      2787ADD6 
 270      4BFD3CA3 
 270      C490
 271 06c0 453B77BF 		.ascii	"E;w\2777\233\247\237\011\302\366d&\265\202\373\036\026"
 271      379BA79F 
 271      09C2F664 
 271      26B582FB 
 271      1E16
 272 06d2 69C4434A 		.ascii	"i\304CJ#E\305Sv\266S\341A\201\247\302\002\226\012\363"
 272      2345C553 
 272      76B653E1 
 272      4181A7C2 
 272      02960AF3 
 273 06e6 223213D5 		.ascii	"\"2\023\325\312Tx@\320\241D\201\300\223\004w\251\022"
 273      CA547840 
 273      D0A14481 
 273      C0930477 
 273      A912
 274 06f8 41977574 		.ascii	"A\227ut\277p\304'i\204QA\217\030\353(\355\020q?k\207"
 274      BF70C427 
 274      69845141 
 274      8F18EB28 
 274      ED10713F 
 275 070e 889FED6B 		.ascii	"\210\237\355k\177\353\354vHxOk\327\356fF\361-\275\235"
 275      7FEBEC76 
 275      48784F6B 
 275      D7EE6646 
ARM GAS  /tmp/ccmxb9Jt.s 			page 21


 275      F12DBD9D 
 276 0722 7E094D5C 		.ascii	"~\011M\\I\345[\372<\213\034\351\301sducG3\302\305L\\"
 276      49E55BFA 
 276      3C8B1CE9 
 276      C1736475 
 276      634733C2 
 277 0739 C3D3A25C 		.ascii	"\303\323\242\\^\227\344\354\307SY\261\032\333Q\311\220"
 277      5E97E4EC 
 277      C75359B1 
 277      1ADB51C9 
 277      90
 278 074a A2922EB0 		.ascii	"\242\222.\260\317\221\324\301\222w\316\230\251\2403"
 278      CF91D4C1 
 278      9277CE98 
 278      A9A033
 279 0759 85EACCA4 		.ascii	"\205\352\314\244:3$\235M;\353\222\336\351\225M\364\356"
 279      3A33249D 
 279      4D3BEB92 
 279      DEE9954D 
 279      F4EE
 280 076b 8B658D7C 		.ascii	"\213e\215||\233\350\266<[\322\342\200\313\231\354\204"
 280      7C9BE8B6 
 280      3C5BD2E2 
 280      80CB99EC 
 280      84
 281 077c FD2F5B34 		.ascii	"\375/[4\270\2129\025\343\371\025.\014YO\374\303\325"
 281      B88A3915 
 281      E3F9152E 
 281      0C594FFC 
 281      C3D5
 282 078e CF5AF829 		.ascii	"\317Z\370)EcQ\354\301\213'\363'r\354\361YV\267,\265"
 282      456351EC 
 282      C18B27F3 
 282      2772ECF1 
 282      5956B72C 
 283 07a3 2BED3D47 		.ascii	"+\355=G\230\023R\207\227\322\376\036\351\235-\222v\356"
 283      98135287 
 283      97D2FE1E 
 283      E99D2D92 
 283      76EE
 284 07b5 7AA9BF79 		.ascii	"z\251\277y\320\203\\\332\203|\332\203\023R\017z'\333"
 284      D0835CDA 
 284      837CDA83 
 284      13520F7A 
 284      27DB
 285 07c7 A2B1259A 		.ascii	"\242\261%\232\364\327&:\357"
 285      F4D7263A 
 285      EF
 286 07d0 6ECA5E3E 		.ascii	"n\312^>\022\237\203\233<\235\371\300\00570\225\217\306"
 286      129F839B 
 286      3C9DF9C0 
 286      05373095 
 286      8FC6
 287 07e2 670A5DF1 		.ascii	"g\012]\361%\346TW\3244\362\356-\0057\377\344\2716g|"
 287      25E65457 
 287      D434F2EE 
 287      2D0537FF 
ARM GAS  /tmp/ccmxb9Jt.s 			page 22


 287      E4B93667 
 288 07f7 8595CDC4 		.ascii	"\205\225\315\304\245\2278\342\016\346\034\231\034\270"
 288      A59738E2 
 288      0EE61C99 
 288      1CB8
 289 0805 CF57C012 		.ascii	"\317W\300\0222\324\331i\373\035q7+\233\213\2139\344"
 289      32D4D969 
 289      FB1D7137 
 289      2B9B8B8B 
 289      39E4
 290 0817 80FB9993 		.ascii	"\200\373\231\223\330\226\230\355\214\207\2313\036ug"
 290      D89698ED 
 290      8C879933 
 290      1E7567
 291 0826 88CF9E05 		.ascii	"\210\317\236\005\340\276\036M\354\345\337,Z\213\323"
 291      E0BE1E4D 
 291      ECE5DF2C 
 291      5A8BD3
 292 0835 87073F7D 		.ascii	"\207\007?}\234z\2617\311\031\337cU\273{\243\316p\254"
 292      9C7AB137 
 292      C919DF63 
 292      55BB7BA3 
 292      CE70AC
 293 0848 33B8917D 		.ascii	"3\270\221}\263\015\357\371\016\250\221b[\315&S]Lu\212"
 293      B30DEFF9 
 293      0EA89162 
 293      5BCD2653 
 293      5D4C758A 
 294 085c 83F2947C 		.ascii	"\203\362\224|\006\302UI\303UK\303U#\205+k\244\377\254"
 294      06C25549 
 294      C3554BC3 
 294      5523852B 
 294      6BA4FFAC 
 295 0870 A03CF5DA 		.ascii	"\240<\365\332D\327v\364\177\201\0372\225\317\333\372"
 295      44D776F4 
 295      7F811F32 
 295      95CFDBFA 
 296 0880 87117ECC 		.ascii	"\207\021~\314\234\250\313\315\271\016x\2229c\307[\233"
 296      9CA8CBCD 
 296      B90E7892 
 296      3963C75B 
 296      9B
 297 0891 ECF13473 		.ascii	"\354\3614sn\337}U\211\361,s\216\215e\355q\304\221jV"
 297      6EDF7D55 
 297      89F12C73 
 297      8E8D65ED 
 297      71C4916A 
 298 08a6 E7F6781B 		.ascii	"\347\366x\033\217\320\217dA\275\236(\277.\305\204L\270"
 298      8FD08F64 
 298      41BD9E28 
 298      BF2EC584 
 298      4CB8
 299 08b8 07CFEFCC 		.ascii	"\007\317\357\314ip,\005\377r(-\271E\213\330\301\301"
 299      69702C05 
 299      FF72282D 
 299      B9458BD8 
 299      C1C1
ARM GAS  /tmp/ccmxb9Jt.s 			page 23


 300 08ca E20C414F 		.ascii	"\342\014AO\021\236l\357\256K\377\360\020\315\363d\367"
 300      119E6CEF 
 300      AE4BFFF0 
 300      10CDF364 
 300      F7
 301 08db 2E83C4D8 		.ascii	".\203\304\330f\271{\227\010\212\355\345\231\211\344"
 301      66B97B97 
 301      088AEDE5 
 301      9989E4
 302 08ea 79C80174 		.ascii	"y\310\001t\327\"X)3\240\004\212=\205t\362\271`\320|"
 302      D7225829 
 302      33A0048A 
 302      3D8574F2 
 302      B960D07C 
 303 08fe 2E38AD64 		.ascii	".8\255d.\262d&\340v\031\\j]\206%\365\013\031}I\211\336"
 303      2EB26426 
 303      E076195C 
 303      6A5D8625 
 303      F50B197D 
 304 0915 AFA4EE92 		.ascii	"\257\244\356\222\301\205Jp\201\014~k\027j\204n]\244"
 304      C1854A70 
 304      810C7E6B 
 304      176A846E 
 304      5DA4
 305 0927 656D7C0B 		.ascii	"em|\013\352\203-\350:l+7\301n\200u\200\375\004\326\003"
 305      EA832DE8 
 305      3A6C2B37 
 305      C16E8075 
 305      80FD04D6 
 306 093c D60DD605 		.ascii	"\326\015\326\005\326\004v\031\254\005\254\035\254\025"
 306      D6047619 
 306      AC05AC1D 
 306      AC15
 307 094a EC1AD855 		.ascii	"\354\032\330U\260~\260N\260^\260\001\260f\260+o\235"
 307      B07EB04E 
 307      B05EB001 
 307      B066B02B 
 307      6F9D
 308 095c A3CA659D 		.ascii	"\243\312e\235\365J\235)\312N]\227\301\305\326\203+\305"
 308      F54A9D29 
 308      CA4E5D97 
 308      C1C5D683 
 308      2BC5
 309 096e 2B11F6E7 		.ascii	"+\021\366\347\033t\334N\302\270\035\347`)\027\240cJ"
 309      1B74DC4E 
 309      C2B81DE7 
 309      602917A0 
 309      634A
 310 0980 E65299F9 		.ascii	"\346R\231\371\234\2229\367\235\221\350\221\321\247\254"
 310      9C9239F7 
 310      9D91E891 
 310      D1A7AC
 311 098f 07D7AC03 		.ascii	"\007\327\254\003\320i\014M\222\321\005%\332\362(C\260"
 311      D0690C4D 
 311      92D10525 
 311      DAF22843 
 311      B0
ARM GAS  /tmp/ccmxb9Jt.s 			page 24


 312 09a0 3765EC51 		.ascii	"7e\354Q%6\373\035\0355\262\216r%\232\035\250\314hrR"
 312      2536FB1D 
 312      1D35B28E 
 312      72259A1D 
 312      A8CC6872 
 313 09b5 3391D322 		.ascii	"3\221\323\",bT\305\301\322\362E\025\312xT\312\314u\326"
 313      2C6254C5 
 313      C1D2F245 
 313      15CA7854 
 313      CACC75D6 
 314 09c9 87C532D2 		.ascii	"\207\3052\322\0234\322Y\300\234\306\301\322.\203\216"
 314      1334D259 
 314      C09CC6C1 
 314      D22E838E 
 315 09d9 28994FCB 		.ascii	"(\231O\313\314\015\326#mqZ;2HOkm\312\323\032\011\325"
 315      CC0DD623 
 315      6D715A3B 
 315      32484F6B 
 315      6DCAD31A 
 316 09ef 80B48A49 		.ascii	"\200\264\212I\260r\254\007k\231\254\361)\325x\0304&"
 316      B072AC07 
 316      6B99ACF1 
 316      29D57818 
 316      3426
 317 0a01 0B8A55FC 		.ascii	"\013\212U\374\000)4\026\311\032\317[\0351\326y\362\305"
 317      00293416 
 317      C91ACF5B 
 317      1D31D679 
 317      F2C5
 318 0a13 3678A04D 		.ascii	"6x\240M\215\367\321\324#\334\272P8\006\251\177>\323"
 318      8DF7D1D4 
 318      23DCBA50 
 318      3806A97F 
 318      3ED3
 319 0a25 3E3D8888 		.ascii	">=\210\210\366a\250<(\037\276\332\350\341\313\352\262"
 319      F661A83C 
 319      281FBEDA 
 319      E8E1CBEA 
 319      B2
 320 0a36 4343B0DA 		.ascii	"CC\260\332\376\037+\017tg\214\217&\270\275u\364\033"
 320      FE1F2B0F 
 320      74678C8F 
 320      26B8BD75 
 320      F41B
 321 0a48 7EEBE837 		.ascii	"~\353\3507\302\217~#\364\350\267\373\371L<\302\311,"
 321      C28F7E23 
 321      F4E8B7FB 
 321      F94C3CC2 
 321      C92C
 322 0a5a 1B678DB6 		.ascii	"\033g\215\2666\363\355\360\327\344\343:al/b\311x\224"
 322      36F3EDF0 
 322      D7E4E33A 
 322      616C2F62 
 322      C97894
 323 0a6d 24E7CCD6 		.ascii	"$\347\314\326\311\203N\370\030\303V\326>Z\316\240\344"
 323      C9834EF8 
 323      18C356D6 
ARM GAS  /tmp/ccmxb9Jt.s 			page 25


 323      3E5ACEA0 
 323      E4
 324 0a7e BBAFE061 		.ascii	"\273\257\340a\374b\333\333\323\250\264=\335c\333S\347"
 324      FC62DBDB 
 324      D3A8B43D 
 324      DD63DB53 
 324      E7
 325 0a8f CBDA575A 		.ascii	"\313\332WZ\\H\211\324%\021\203\231\256h\211\016\001"
 325      5C4889D4 
 325      25118399 
 325      AE68890E 
 325      01
 326 0aa0 1CB17F16 		.ascii	"\034\261\177\026\221\177X\253\320#\030\374\373\002\346"
 326      917F58AB 
 326      D02318FC 
 326      FB02E6
 327 0aaf 33437558 		.ascii	"3CuX\004\376\211\177\223\327\360\254\241w+\3777z\000"
 327      04FE897F 
 327      93D7F0AC 
 327      A1772BFF 
 327      377A00
 328 0ac2 D17D44DB 		.ascii	"\321}D\333\033\203\340?d\015\30657\324b\313\035\216"
 328      1B83E03F 
 328      640DC635 
 328      37D462CB 
 328      1D8E
 329 0ad4 70DF81F2 		.ascii	"p\337\201\362\333t.\215\323\035nT\332\341n\\\272\022"
 329      DB742E8D 
 329      D31D6E54 
 329      DAE16E5C 
 329      BA12
 330 0ae6 65EFC4B9 		.ascii	"e\357\304\271\343\376\033\367\336\214\350$GK\356\307"
 330      E3FE1BF7 
 330      DE8CE824 
 330      474BEEC7 
 331 0af6 EFE38E19 		.ascii	"\357\343\216\031\335\225\216>\312\026\3333\304\241\375"
 331      DD958E3E 
 331      CA16DB33 
 331      C4A1FD
 332 0b05 BB36C48B 		.ascii	"\2736\304\213Q\311\242\032M\300\334\275\0133\251\026"
 332      51C9A21A 
 332      4DC0DCBD 
 332      0B33A916 
 333 0b15 2DB2A87A 		.ascii	"-\262\250z\013\336\254\203@<\021>R\315\013\376gP\300"
 333      0BDEAC83 
 333      403C113E 
 333      52CD0BFE 
 333      6750C0
 334 0b28 AA60FF8D 		.ascii	"\252`\377\215[\002\327\007\006\204\207\204j\376\374"
 334      5B02D707 
 334      06848784 
 334      6AFEFC
 335 0b37 D5370B0D 		.ascii	"\3257\013\015\313\226\251\234L\246mA\301\341+\226\233"
 335      CB96A99C 
 335      4CA66D41 
 335      C1E12B96 
 335      9B
ARM GAS  /tmp/ccmxb9Jt.s 			page 26


 336 0b48 C23FD66F 		.ascii	"\302?\326o\013\013\325\007\005\007l\331\266)P\037\034"
 336      0B0BD507 
 336      05076CD9 
 336      B629501F 
 336      1C
 337 0b59 F8AF2D41 		.ascii	"\370\257-A\033\365[\375\0036\007\005\007\352M\233\002"
 337      1BF55BFD 
 337      03360705 
 337      07EA4D9B 
 337      02
 338 0b6a BFF5DFB6 		.ascii	"\277\365\337\266%\334\024\276\375\273\3000\257\315*"
 338      25DC14BE 
 338      FDBBC030 
 338      AFCD2A
 339 0b79 8D546D91 		.ascii	"\215Tm\221\265ja\333\303\364\246\260\360M\200\001\354"
 339      B56A61DB 
 339      C3F4A6B0 
 339      F04D8001 
 339      EC
 340 0b8a A75E5E7A 		.ascii	"\247^^z\366g\330\034\2641\350k\277\217\215\353\364!"
 340      F667D81C 
 340      B431E86B 
 340      BF8F8DEB 
 340      F421
 341 0b9c 61FACDFE 		.ascii	"a\372\315\376[\364\337\205\204\206\207\351\003B\266"
 341      5BF4DF85 
 341      848687E9 
 341      0342B6
 342 0bab 6E0D09D6 		.ascii	"n\015\011\326{\033\327\032\326~\257'j\275\002T\037\220"
 342      7B1BD71A 
 342      D67EAF27 
 342      6ABD0254 
 342      1F90
 343 0bbd FBCAA030 		.ascii	"\373\312\2400Y\266\216\274\361\013\014\367\333\036\026"
 343      59B68EBC 
 343      F10B0CF7 
 343      DB1E16
 344 0bcc 1EB8758D 		.ascii	"\036\270u\215\177\360\246-\201\241\276\241A!\241A\341"
 344      7FF0A62D 
 344      81A1BEA1 
 344      4121A141 
 344      E1
 345 0bdd DB69270D 		.ascii	"\333i'\015[\002\375C}\003\203\241\345\2779\032W\371"
 345      5B02FD43 
 345      7D0383A1 
 345      E5BF391A 
 345      57F9
 346 0bef AD32AE5F 		.ascii	"\2552\256_\265\362w\202\217\257#\353\350\347\246p\007"
 346      B5F27782 
 346      8FAF23EB 
 346      E8E7A670 
 346      07
 347 0c00 7E37177F 		.ascii	"~7\027\177\242\366\361\376\322hvW\250}\014\276\262\273"
 347      A2F6F1FE 
 347      D2687657 
 347      A87D0CBE 
 347      B2BB
ARM GAS  /tmp/ccmxb9Jt.s 			page 27


 348 0c12 5CEDE3E7 		.ascii	"\\\355\343\347k\324\030\231\267\014\012W\311\205K\241"
 348      6BD41899 
 348      B70C0A57 
 348      C9854BA1 
 349 0c22 709551ED 		.ascii	"p\225Q\355\267\316\307\370{\033\235\344]\013\374>\\"
 349      B7CEC7F8 
 349      7B1B9DE4 
 349      5D0BFC3E 
 349      5C
 350 0c33 6F58EBE7 		.ascii	"oX\353\347\343g\016U@Hh\240)`\353'\020 \307\257\326"
 350      E3670E55 
 350      404868A0 
 350      2960EB27 
 350      1020C7AF 
 351 0c48 FB184CEB 		.ascii	"\373\030L\353 \264\300\347mT\257]\273\332\210\275W\032"
 351      20B4C0E7 
 351      6D54AF5D 
 351      BBDA88BD 
 351      571A
 352 0c5a F14AB8FB 		.ascii	"\361J\270\373\2566\252\275W\373\031\325_\256\3666\332"
 352      AE36AABD 
 352      57FB19D5 
 352      5FAEF636 
 352      DA
 353 0c6b 41110056 		.ascii	"A\021\000V\022\177\015\3711\300\217\235\337\032\203"
 353      127F0DF9 
 353      31C08F9D 
 353      DF1A83
 354 0c7a 9F11FBAD 		.ascii	"\237\021\373\255\361\305\006\003\334\015F;o\037\243"
 354      F1C50603 
 354      DC0D463B 
 354      6F1FA3
 355 0c89 C1A85EBF 		.ascii	"\301\250^\277\356k#\010\006\204\301\367\033\237\225"
 355      EE6B2308 
 355      0684C1F7 
 355      1B9F95
 356 0c98 F0EB6D30 		.ascii	"\360\353m0j\374\014_\322\266\\L\246o\267\005\007\230"
 356      6AFC0C5F 
 356      D2B65C4C 
 356      A66FB705 
 356      0798
 357 0caa 4C5E9F2D 		.ascii	"L^\237-\377t\271F\362\324\001\233\375C\377\003\220\004"
 357      FF74B946 
 357      F2D4019B 
 357      FD43FF03 
 357      9004
 358 0cbc E9DD     		.ascii	"\351\335"
 359              		.text
 360              		.section	.gnu.lto_.symtab.75a1c23531e5e925,"",%progbits
 361 0000 6E766963 		.ascii	"nvicEnableVector\000"
 361      456E6162 
 361      6C655665 
 361      63746F72 
 361      00
 362 0011 00       		.ascii	"\000"
 363 0012 00       		.ascii	"\000"
 364 0013 00       		.ascii	"\000"
ARM GAS  /tmp/ccmxb9Jt.s 			page 28


 365 0014 00000000 		.ascii	"\000\000\000\000\000\000\000\000"
 365      00000000 
 366 001c B7000000 		.ascii	"\267\000\000\000"
 367 0020 6E766963 		.ascii	"nvicDisableVector\000"
 367      44697361 
 367      626C6556 
 367      6563746F 
 367      7200
 368 0032 00       		.ascii	"\000"
 369 0033 00       		.ascii	"\000"
 370 0034 00       		.ascii	"\000"
 371 0035 00000000 		.ascii	"\000\000\000\000\000\000\000\000"
 371      00000000 
 372 003d BB000000 		.ascii	"\273\000\000\000"
 373 0041 6E766963 		.ascii	"nvicSetSystemHandlerPriority\000"
 373      53657453 
 373      79737465 
 373      6D48616E 
 373      646C6572 
 374 005e 00       		.ascii	"\000"
 375 005f 00       		.ascii	"\000"
 376 0060 00       		.ascii	"\000"
 377 0061 00000000 		.ascii	"\000\000\000\000\000\000\000\000"
 377      00000000 
 378 0069 BD000000 		.ascii	"\275\000\000\000"
 379 006d 6E766963 		.ascii	"nvicClearPending\000"
 379      436C6561 
 379      7250656E 
 379      64696E67 
 379      00
 380 007e 00       		.ascii	"\000"
 381 007f 00       		.ascii	"\000"
 382 0080 00       		.ascii	"\000"
 383 0081 00000000 		.ascii	"\000\000\000\000\000\000\000\000"
 383      00000000 
 384 0089 BF000000 		.ascii	"\277\000\000\000"
 385              		.text
 386              		.section	.gnu.lto_.opts,"",%progbits
 387 0000 272D666D 		.ascii	"'-fmath-errno' '-fsigned-zeros' '-ftrapping-math' '"
 387      6174682D 
 387      6572726E 
 387      6F272027 
 387      2D667369 
 388 0033 2D666E6F 		.ascii	"-fno-trapv' '-fno-openmp' '-fno-openacc' '-mcpu=cor"
 388      2D747261 
 388      70762720 
 388      272D666E 
 388      6F2D6F70 
 389 0066 7465782D 		.ascii	"tex-m0' '-mno-thumb-interwork' '-mthumb' '-ggdb' '-"
 389      6D302720 
 389      272D6D6E 
 389      6F2D7468 
 389      756D622D 
 390 0099 4F322720 		.ascii	"O2' '-fomit-frame-pointer' '-falign-functions=16' '"
 390      272D666F 
 390      6D69742D 
 390      6672616D 
ARM GAS  /tmp/ccmxb9Jt.s 			page 29


 390      652D706F 
 391 00cc 2D666675 		.ascii	"-ffunction-sections' '-fdata-sections' '-fno-common"
 391      6E637469 
 391      6F6E2D73 
 391      65637469 
 391      6F6E7327 
 392 00ff 2720272D 		.ascii	"' '-flto'\000"
 392      666C746F 
 392      2700
 393              		.text
 394              		.comm	__gnu_lto_v1,1,1
 395              		.comm	__gnu_lto_slim,1,1
 396              		.ident	"GCC: (15:5.4.1+svn241155-1) 5.4.1 20160919"
ARM GAS  /tmp/ccmxb9Jt.s 			page 30


DEFINED SYMBOLS
                            *ABS*:0000000000000000 nvic.c
                            *COM*:0000000000000001 __gnu_lto_v1
                            *COM*:0000000000000001 __gnu_lto_slim

NO UNDEFINED SYMBOLS
