ARM GAS  /tmp/ccRIJ4Db.s 			page 1


   1              		.syntax unified
   2              		.cpu cortex-m0
   3              		.fpu softvfp
   4              		.eabi_attribute 20, 1
   5              		.eabi_attribute 21, 1
   6              		.eabi_attribute 23, 3
   7              		.eabi_attribute 24, 1
   8              		.eabi_attribute 25, 1
   9              		.eabi_attribute 26, 1
  10              		.eabi_attribute 30, 2
  11              		.eabi_attribute 34, 0
  12              		.eabi_attribute 18, 4
  13              		.thumb
  14              		.syntax unified
  15              		.file	"util_numbers.c"
  16              		.text
  17              	.Ltext0:
  18              		.section	.gnu.lto_.profile.638681a61c4dec3a,"",%progbits
  19 0000 789C6361 		.ascii	"x\234ca`d`a`\000\222R|\000\000\254\0003"
  19      60646061 
  19      60009252 
  19      7C0000AC 
  19      0033
  20              		.text
  21              		.section	.gnu.lto_.icf.638681a61c4dec3a,"",%progbits
  22 0000 789C6361 		.ascii	"x\234ca`d\000\001\021\006\004`fX\372f\343\011\036\306"
  22      60640001 
  22      11060460 
  22      6658FA66 
  22      E3091EC6 
  23 0014 2FCDFBA6 		.ascii	"/\315\373\246s0\255\334\331t\210\207\001\000`\200\010"
  23      7330ADDC 
  23      D9748887 
  23      01006080 
  23      08
  24 0025 BC       		.ascii	"\274"
  25              		.text
  26              		.section	.gnu.lto_.jmpfuncs.638681a61c4dec3a,"",%progbits
  27 0000 789C6361 		.ascii	"x\234ca`d\000\001Q\006\004`f`bbb\256\257g\004\202z&"
  27      60640001 
  27      51060460 
  27      66606262 
  27      62AEAF67 
  28 0018 26464620 		.ascii	"&FF \233\001\000\032<\002\257"
  28      9B01001A 
  28      3C02AF
  29              		.text
  30              		.section	.gnu.lto_.inline.638681a61c4dec3a,"",%progbits
  31 0000 789C6361 		.ascii	"x\234ca`d\000\201\030\006\004`f`\340\021bdbp\000J1\202"
  31      60640081 
  31      18060460 
  31      6660E011 
  31      62646270 
  32 0018 08A00003 		.ascii	"\010\240\000\003\333\002y&\006\241??\031y@J\030\031"
  32      DB027926 
  32      06A13F3F 
  32      1979404A 
ARM GAS  /tmp/ccRIJ4Db.s 			page 2


  32      1819
  33 002a 98991819 		.ascii	"\230\231\030\031\031\024\200\222L0I\006\020\233\225"
  33      19148092 
  33      4C304906 
  33      109B95
  34 0039 05A89103 		.ascii	"\005\250\221\003\244\221\003Y#\313\002y\260>\006\000"
  34      A4910359 
  34      23CB0279 
  34      B03E0600 
  35 0049 57A70693 		.ascii	"W\247\006\223"
  36              		.text
  37              		.section	.gnu.lto_.pureconst.638681a61c4dec3a,"",%progbits
  38 0000 789C6361 		.ascii	"x\234ca`d`g```f\0002\230\030\000\000\302\000\023"
  38      60646067 
  38      60606066 
  38      00329818 
  38      0000C200 
  39              		.text
  40              		.section	.gnu.lto_incr_rnd.638681a61c4dec3a,"",%progbits
  41 0000 789C8D53 		.ascii	"x\234\215SKO\024A\020\356\352\236Y\006vA\217\036\300"
  41      4B4F1441 
  41      10EEEA9E 
  41      59067641 
  41      8F1EC0
  42 0013 600C6E88 		.ascii	"`\014n\210\006\342\335\210\277A\177\200F\300H\002\310"
  42      06E2DD88 
  42      BF417F80 
  42      46C04802 
  42      C8
  43 0024 430E72A1 		.ascii	"C\016r\241\331\331]\220\203\361\000\204\2007%<uY\036"
  43      D9D95D90 
  43      83F10084 
  43      8037253C 
  43      75591E
  44 0037 AEC86B0C 		.ascii	"\256\310k\014\340\301\215\010h\360B\020!Q\243\211\270"
  44      E0C18D08 
  44      68F04210 
  44      2151A389 
  44      B8
  45 0048 088A2FB0 		.ascii	"\010\212/\260\252g\026\345abg\247\247\273\346\373\276"
  45      AA6716E5 
  45      616267A7 
  45      A7BBE6FB 
  45      BE
  46 0059 AEFAAA57 		.ascii	"\256\372\252Wc\300h\\\321\030;\207\357\323\370\200\213"
  46      63C0685C 
  46      D1183B87 
  46      EFD3F880 
  46      8B
  47 006a 01BF39C5 		.ascii	"\001\2779\305X\265\301\271\330Ha2Ik\312a\322#@\267\303"
  47      58B5C1B9 
  47      D8486132 
  47      496BCA61 
  47      D22340B7 
  48 007f 5A7CA103 		.ascii	"Z|\241\003\320B\032\300\252\270\320t\250\202u\376\213"
  48      D0421AC0 
  48      AAB8D074 
ARM GAS  /tmp/ccRIJ4Db.s 			page 3


  48      A88275FE 
  48      8B
  49 0090 43F3D0DA 		.ascii	"C\363\320\332\023}\215\007\004\003\003\267\221\217]"
  49      137D8D07 
  49      040303B7 
  49      918F5D
  50 009f 9164DA02 		.ascii	"\221d\332\002X\014\367f]\347hbf\233\304\261\030\270"
  50      580CF766 
  50      5DE76862 
  50      669BC4B1 
  50      18B8
  51 00b1 E1E96FB7 		.ascii	"\341\351o\267\016\005\004g[\234A;\244B\033\244R\032"
  51      0E050467 
  51      5B9C413B 
  51      A4421BA4 
  51      521A
  52 00c3 1D9089D8 		.ascii	"\035\220\211\330w/;\006uq\004\210\327\321:_\347\362"
  52      772F3B06 
  52      75710488 
  52      D7D13A5F 
  52      E7F2
  53 00d5 B6124FC6 		.ascii	"\266\022O\306\246A\236D\026t\202\370\233HB\320\005^"
  53      A6419E44 
  53      167482F8 
  53      9B4842D0 
  53      055E
  54 00e7 844F6E46 		.ascii	"\204OnFj5qTQ\315Gs\263\211\016\265a\306\241v\357C\275"
  54      6A357154 
  54      51CD4773 
  54      B3890EB5 
  54      61C6A176 
  55 00fe 0B5EC2B7 		.ascii	"\013^\302\267E\027\245.2\024\367m\343\304\030\317\270"
  55      4517A52E 
  55      3214F76D 
  55      E3C418CF 
  55      B8
  56 010f 4D54EB47 		.ascii	"MT\353GI\277\264\232\244F\364{;\3514\020=\\\027\375"
  56      49BFB49A 
  56      A446F47B 
  56      3BE93410 
  56      3D5C17FD 
  57 0123 6908AF62 		.ascii	"i\010\257bN\325\007\236\033\016s\003\023\016K\203\210"
  57      4ED5079E 
  57      1B0E7303 
  57      130E4B83 
  57      88
  58 0134 3DFB1267 		.ascii	"=\373\022g\374=\267\204m\232\206\333\330\323\346\345"
  58      FC3DB784 
  58      6D9A86DB 
  58      D8D3E6E5 
  59 0144 14DBB474 		.ascii	"\024\333\264t\334\256\275j\361q\221\251d\037\317\207"
  59      DCAEBD6A 
  59      F17191A9 
  59      641FCF87 
  60 0154 F21DD52F 		.ascii	"\362\035\325/y\362\372\231\200\020\320ok\366\241f\357"
  60      79F2FA99 
  60      8010D06F 
ARM GAS  /tmp/ccRIJ4Db.s 			page 4


  60      6BF6A166 
  60      EF
  61 0165 1FCDA5F0 		.ascii	"\037\315\245\360fC\262\313O\320t\030\200\014\010\343"
  61      6643B2CB 
  61      4FD07418 
  61      800C08E3 
  62 0175 13820CF2 		.ascii	"\023\202\014\362\032-\276\017.\354?\217GCg-\271\265"
  62      1A2DBE0F 
  62      2EEC3F8F 
  62      4743672D 
  62      B9B5
  63 0187 654AEBB3 		.ascii	"eJ\353\2636\302\223\001\310G\016d\011\346\204\030\015"
  63      36C29301 
  63      C8470E64 
  63      09E68418 
  63      0D
  64 0198 2DD25C34 		.ascii	"-\322\\4%\220Y\006#R\".E\022\005\335\264\362\320\304"
  64      25905906 
  64      2352222E 
  64      451205DD 
  64      B4F2D0C4 
  65 01ac D827D4A7 		.ascii	"\330'\324\247\253\021\343\234\336b\011|\326\267\022"
  65      AB11E39C 
  65      DE62097C 
  65      D6B712
  66 01bb 75200A61 		.ascii	"u \012af\335\343\233\033\220\326\"\015\312T9\037\201"
  66      66DDE39B 
  66      1B90D622 
  66      0DCA5439 
  66      1F81
  67 01cd 3446B04A 		.ascii	"4F\260J\205\012\375\003\365\000Qo\300\234\016n\226\023"
  67      850AFD03 
  67      F500516F 
  67      C09C0E6E 
  67      9613
  68 01df CE14C214 		.ascii	"\316\024\302\024`\342\227%\340qy\014\"\306\267Z3U/l"
  68      60E29725 
  68      E071790C 
  68      22C6B75A 
  68      33552F6C 
  69 01f3 90462107 		.ascii	"\220F!\007A\035\235\364-sq\\\231\371ly\245\327\355\270"
  69      411D9DF4 
  69      2D73715C 
  69      99F96C79 
  69      A5D7EDB8 
  70 0207 19BBD027 		.ascii	"\031\273\320'-\177:\326\002\203{\375\204\207$\255\261"
  70      2D7F3AD6 
  70      02837BFD 
  70      848724AD 
  70      B1
  71 0218 D7E09F1A 		.ascii	"\327\340\237\032\377\372\275\332\275\323`+z'\201 \312"
  71      FFFABDDA 
  71      BDD3602B 
  71      7A278120 
  71      CA
  72 0229 D62D0EBB 		.ascii	"\326-\016\273\375g0\204\177-\006\303*\241\275\305i\014"
  72      FD673084 
ARM GAS  /tmp/ccRIJ4Db.s 			page 5


  72      7F2D06C3 
  72      2AA1BDC5 
  72      690C
  73 023b 46B0381A 		.ascii	"F\2608\0321.\330F\212\300:\233\202+\353\313\007l\216"
  73      312ED846 
  73      8AC03A9B 
  73      822BEBCB 
  73      076C8E
  74 024e 438B8647 		.ascii	"C\213\206G\303\034i\265R\036D\254\214\017P\022\243\312"
  74      C31C69B5 
  74      521E44AC 
  74      8C0F5012 
  74      A3CA
  75 0260 1FDF8BE0 		.ascii	"\037\337\213\340\204n\263\022\221\250$5\326\224C\222"
  75      846EB312 
  75      91A82435 
  75      D6944392 
  76 0270 8DC17997 		.ascii	"\215\301y\227\375)\351\177\004\307v\013\272\221\250"
  76      FD29E97F 
  76      04C7760B 
  76      BA91A8
  77 027f 04F57867 		.ascii	"\004\365xg\027[g\225\317\252\372\355F\014\320\006\231"
  77      175B6795 
  77      CFAAFAED 
  77      460CD006 
  77      99
  78 0290 73C1857E 		.ascii	"s\301\205~\247\015\011&\336\017L\2419x\312\016\030\330"
  78      A70D0926 
  78      DE0F4CA1 
  78      3978CA0E 
  78      18D8
  79 02a2 390C6F73 		.ascii	"9\014osB\344\260\301\336\3435h)u x\326*x\260\020\261"
  79      42E4B0C1 
  79      DEE33568 
  79      29752078 
  79      D62A78B0 
  80 02b8 F0A1E604 		.ascii	"\360\241\346\004\236\257\321\365\002:\034/\331\341\254"
  80      9EAFD1F5 
  80      023A1C2F 
  80      D9E1AC
  81 02c7 AC6CFC95 		.ascii	"\254l\374\225\227\345fW\\-(T\323\371\342\212\242\213"
  81      97E56657 
  81      5C2D2854 
  81      D3F9E28A 
  81      A28B
  82 02d9 F965E559 		.ascii	"\371e\345Y\271\014\362\240\010*\341\032\224\302\245"
  82      B90CF2A0 
  82      082AE11A 
  82      94C2A5
  83 02e8 63BBA005 		.ascii	"c\273\240\005\305\271\205\025y\371;)\227\331o\020m\204"
  83      C5B98515 
  83      79F93B29 
  83      97D96F10 
  83      6D84
  84 02fa 05       		.ascii	"\005"
  85              		.text
  86              		.section	.gnu.lto_sign_extend_13bit.638681a61c4dec3a,"",%progbits
ARM GAS  /tmp/ccRIJ4Db.s 			page 6


  87 0000 789C6D51 		.ascii	"x\234mQMk\023Q\024}\347\335\231t\254\323\330\215+\203"
  87      4D6B1351 
  87      147DE7DD 
  87      9974ACD3 
  87      D88D2B83 
  88 0014 447448DB 		.ascii	"DtH\333E\362_\374\003\202\245\013A]$\006\272\353k2\261"
  88      45F25FFC 
  88      0382A50B 
  88      415D2406 
  88      BAEB6B32 
  89 0029 2E44AA28 		.ascii	".D\252(\330\326`\245\364Cc\233\326V\027\256\006\265"
  89      D8D660A5 
  89      F443639B 
  89      D65617AE 
  89      06B5
  90 003b 5D88153F 		.ascii	"]\210\025?\020\027\342\007)\024q\225\324V\021l\343\275"
  90      1017E207 
  90      29147195 
  90      D456116C 
  90      E3BD
  91 004d 335350F0 		.ascii	"3SP\3602\363\336\334;\347\236w\316}\226\202\222(j\245"
  91      32F3DEDC 
  91      3BE79E77 
  91      CE7D9682 
  91      92286AA5 
  92 0061 FA783FC2 		.ascii	"\372x?\302/HA\217\276Tj\330\321\200|\030\007jHc\010"
  92      2F48418F 
  92      BE546AD8 
  92      D1807C18 
  92      076A4863 
  93 0076 3B7A57E3 		.ascii	";zW\343\265\277x\213\266u\205a\026\247\255\365\361\215"
  93      B5BF788B 
  93      B6758561 
  93      16A7ADF5 
  93      F18D
  94 0088 A4A4409A 		.ascii	"\244\244@\232\323w\327\027jn\357\254\341\370\262:\221"
  94      D377D717 
  94      6A6EEFAC 
  94      E1F8B23A 
  94      91
  95 0099 1C9B0BAC 		.ascii	"\034\233\013\254\012i\325\326\012sHa\026)9\342.z\031"
  95      0A69D5D6 
  95      0A734861 
  95      162939E2 
  95      2E7A19
  96 00ac 3BFE78A4 		.ascii	";\376x\244\324I\307\240\370\373\332\324\344m;3-}fy\300"
  96      D449C7A0 
  96      F8FBDAD4 
  96      E46D3B33 
  96      2D7D6679 
  97 00c1 1CE026DC 		.ascii	"\034\340&\334\003\375\335'<\250!#\360'k\023\365\016"
  97      03FDDD27 
  97      3CA82123 
  97      F0276B13 
  97      F50E
  98 00d3 3A1EB64E 		.ascii	":\036\266N\276\335\251\271\336\224t\006\277>\272ft\330"
  98      BEDDA9B9 
ARM GAS  /tmp/ccRIJ4Db.s 			page 7


  98      DE947406 
  98      BF3EBA66 
  98      74D8
  99 00e5 A910E1FE 		.ascii	"\251\020\341\376\277\335\022\014\376\360\251z\271\253"
  99      BFDD120C 
  99      FEF0A97A 
  99      B9AB
 100 00f3 6726047F 		.ascii	"g&\004\177?lX7\211\2708\304\300\312\3635\220\0272_Y"
 100      3F6C5837 
 100      89B838C4 
 100      C0CAF335 
 100      9017325F 
 101 0108 BF597362 		.ascii	"\277Ysb\346\326\035\214\231\300O\213\260\372\177\251"
 101      E6D61D8C 
 101      99C04F8B 
 101      B0FA7FA9 
 102 0118 1B4B7B37 		.ascii	"\033K{7\272\022\276\240\323X\204\207\005\364`\036^\304"
 102      BA12BEA0 
 102      D3588487 
 102      05F4601E 
 102      5EC4
 103 012a 8F252478 		.ascii	"\217%$x\330\220?\365\223\201i\267\313&\370lO\273\011"
 103      D8903FF5 
 103      938169B7 
 103      CB26F86C 
 103      4FBB09
 104 013d 405C69F6 		.ascii	"@\\i\366g\021/\266\255\004\243T\223\333d\374-\255e\247"
 104      67112FB6 
 104      AD04A354 
 104      93DB64FC 
 104      2DAD65A7 
 105 0151 064AA222 		.ascii	"\006J\242\"$\022\372\276\224\332Dik\344\307{\222Z\231"
 105      2412FABE 
 105      94DA4469 
 105      6BE4C77B 
 105      925A99
 106 0164 74991096 		.ascii	"t\231\020\226:\242\234\270\244\032\320\222\261\276\346"
 106      3AA29CB8 
 106      A41AD092 
 106      B1BEE6
 107 0173 D6F6332B 		.ascii	"\326\3663+7/\372\272\371\030\221\266\247c\355\253\355"
 107      372FFABA 
 107      F91891B6 
 107      A763EDAB 
 107      ED
 108 0184 9FC1A1E8 		.ascii	"\237\301\241\350R\345\216\3374_T\017F\227\332\315\351"
 108      52E58EDF 
 108      345F540F 
 108      4697DACD 
 108      E9
 109 0195 D319FF77 		.ascii	"\323\031\377w'e\302\231|\335\334\335\240\375iW\335K"
 109      2765C299 
 109      7CDDDCDD 
 109      A0FD6957 
 109      DD4B
 110 01a7 AF7C47C8 		.ascii	"\257|G\310\036F#Y\341\221,\363H\360\00091\375\010\036"
 110      1E462359 
ARM GAS  /tmp/ccRIJ4Db.s 			page 8


 110      E1912CF3 
 110      48F00039 
 110      31FD081E 
 111 01bb EB8874EE 		.ascii	"\353\210t\356\313\262\245\022\313\022#\\Q\337\330\333"
 111      CBB2A512 
 111      CB12235C 
 111      51DFD8DB 
 112 01cb D58BC918 		.ascii	"\325\213\311\030 \242\232\032\342\232\005\036\315fs"
 112      20A29A1A 
 112      E29A051E 
 112      CD6673
 113 01da FC14F2FD 		.ascii	"\374\024\362\375\271\342\2053g\303\345\324\371\342\271"
 113      B9E28533 
 113      67C3E5D4 
 113      F9E2B9
 114 01e9 D303F942 		.ascii	"\323\003\371B\266_a\020\005\344\251pb\360\017g\206\327"
 114      B65F6110 
 114      05E4A970 
 114      62F00F67 
 114      86D7
 115 01fb 47       		.ascii	"G"
 116              		.text
 117              		.section	.gnu.lto_bits_get_bit_n.638681a61c4dec3a,"",%progbits
 118 0000 789C654F 		.ascii	"x\234eO=K\003A\024\334\331\275\334\305\240\326\202\207"
 118      3D4B0341 
 118      14DCD9BD 
 118      DCC5A0D6 
 118      8287
 119 0012 2882479A 		.ascii	"(\202G\232D\361OX\213\255\010\011)\004M\221\217\302"
 119      44F14F58 
 119      8BAD0809 
 119      29044D91 
 119      8FC2
 120 0024 2A6BCE90 		.ascii	"*k\316\220\306BA\005\323\011J\324(\222B\013!`)(il-D"
 120      C6424105 
 120      D3094AD4 
 120      2892420B 
 120      21602928 
 121 003c E10A2B13 		.ascii	"\341\012+\023\"i\022\343{\227\003\013\227\333\36717"
 121      226912E3 
 121      7B97030B 
 121      97DBF731 
 121      37
 122 004d F3769E21 		.ascii	"\363v\236! \370lSr(O\322\205\022\220{M\002\303\022\340"
 122      20F86C53 
 122      72284FD2 
 122      8512907B 
 122      4D02C312 
 123 0062 4287210A 		.ascii	"B\207!\012\022\005|\313\276\304S\367q7\022\255j]\324"
 123      12057CCB 
 123      BEC453F7 
 123      713712AD 
 123      6A5DD4
 124 0075 6F256FA9 		.ascii	"o%o\251U,M\224\224\020\003)\260hc\336\346\021UD\211"
 124      552C4D94 
 124      94100329 
 124      B06863DE 
ARM GAS  /tmp/ccRIJ4Db.s 			page 9


 124      E6115544 
 125 008a D9B9BFEB 		.ascii	"\331\271\277\353\216\252\031\010\252O*\247\0158g\254"
 125      8EAA1908 
 125      AA4F2AA7 
 125      0D3867AC 
 126 009a D2FBAB5A 		.ascii	"\322\373\253Z\221\004\347P\177*\236\201\0138\304\355"
 126      9104E750 
 126      7F2A9E81 
 126      0B38C4ED 
 127 00aa EB83A371 		.ascii	"\353\203\243q5\347\353\274\336G\315\010t\215@w\371O"
 127      35E7EBBC 
 127      DE47CD08 
 127      748D4077 
 127      F94F
 128 00bc 5783C3E4 		.ascii	"W\203\303\344\367\372\317\341\230\271\243\351L\263!"
 128      F7FACFE1 
 128      98B9A3E9 
 128      4CB321
 129 00cb FA730593 		.ascii	"\372s\005\223W\274Y~\320\203\201\253\365\313Bev\004"
 129      57BC597E 
 129      D08381AB 
 129      F5CB4265 
 129      7604
 130 00dd E0972469 		.ascii	"\340\227$i\241\300b\203\313\020\007\223\202\264\374"
 130      A1C06283 
 130      CB100793 
 130      82B4FC
 131 00ec A9E28B26 		.ascii	"\251\342\213&\360\376-)9+\017\305v\271y\274\302C]%]"
 131      F0FE2D29 
 131      392B0FC5 
 131      76B979BC 
 131      C2435D25 
 132 0101 05C19035 		.ascii	"\005\301\2205\354\015W)\352\335\2669\354C>\305\360)"
 132      EC0D5729 
 132      EADDB639 
 132      EC433EC5 
 132      F029
 133 0113 E5570C41 		.ascii	"\345W\014A\306\231\324\013H\026Ad\374\266\374\\\217"
 133      C699D40B 
 133      48164164 
 133      FCB6FC5C 
 133      8F
 134 0124 74242F07 		.ascii	"t$/\007\\\303\026\237\220\001A\370F\300\006\310\316"
 134      5CC3169F 
 134      900141F8 
 134      46C006C8 
 134      CE
 135 0135 542C16A7 		.ascii	"T,\026\247/\233I\306\363\271\365\015?\254\245\363\233"
 135      2F9B49C6 
 135      F3B9F50D 
 135      3FACA5F3 
 135      9B
 136 0146 8954261B 		.ascii	"\211T&\033K\012#\261\225K!\375\013\237\237\200\332"
 136      4B0A23B1 
 136      954B21FD 
 136      0B9F9F80 
 136      DA
ARM GAS  /tmp/ccRIJ4Db.s 			page 10


 137              		.text
 138              		.section	.gnu.lto_.symbol_nodes.638681a61c4dec3a,"",%progbits
 139 0000 789C6361 		.ascii	"x\234ca`d0e\000\002&\306z\006\206\011\347\030\030\200"
 139      60643065 
 139      000226C6 
 139      7A068609 
 139      E7181880 
 140 0014 D4AE0645 		.ascii	"\324\256\006E\240\000S=#\252\000s=\023\212\000\003\000"
 140      A000533D 
 140      23AA0073 
 140      3D138A00 
 140      0300
 141 0026 3AB40B6F 		.ascii	":\264\013o"
 142              		.text
 143              		.section	.gnu.lto_.refs.638681a61c4dec3a,"",%progbits
 144 0000 789C6361 		.ascii	"x\234ca`\004B \000\000\0009\000\007"
 144      60044220 
 144      00000039 
 144      0007
 145              		.text
 146              		.section	.gnu.lto_.decls.638681a61c4dec3a,"",%progbits
 147 0000 789C8D94 		.ascii	"x\234\215\224_L\034E\030\300\347\333]\012\354y\210m"
 147      5F4C1C45 
 147      18C0E7DB 
 147      5D0AEC79 
 147      886D
 148 0012 1F886E1A 		.ascii	"\037\210n\032BHCb\274-\341\3057c\010\372f\372\240\276"
 148      42484362 
 148      BC2DE1C5 
 148      376308FA 
 148      66FAA0BE 
 149 0026 6E805BCB 		.ascii	"n\200[\313%t\325\333\275\330\276MJ\033)5\006\232\306"
 149      2574D5DB 
 149      BDD8BE4D 
 149      4A1B2935 
 149      069AC6
 150 0039 14ACDAD4 		.ascii	"\024\254\332\324h\217?\205k\217JA\260W\012-\325k\261"
 150      688F3F85 
 150      6B8F4A41 
 150      B0570A2D 
 150      D56BB1
 151 004c 46ADA41A 		.ascii	"F\255\244\032\251b\322h\211`5\265*\342\367\315\354\335"
 151      A962D268 
 151      896035B5 
 151      2AE2F7CD 
 151      ECDD
 152 005e 5EEB9938 		.ascii	"^\353\2318\271of\276\231\357\317o\276\231=\215\001\243"
 152      B96F66BE 
 152      99EFCF6F 
 152      BE993D8D 
 152      01A3
 153 0070 76A084B1 		.ascii	"v\240\204\261e\034\277FY\307\246\341\370<\013\232\212"
 153      651CBF46 
 153      59C7A6E1 
 153      F83C0B9A 
 153      8A
 154 0081 32829246 		.ascii	"2\202\222F\311\260\1777\332\303\020l#\312f\224&\224"
ARM GAS  /tmp/ccRIJ4Db.s 			page 11


 154      C9B07F37 
 154      DAC3106C 
 154      23CA6694 
 154      2694
 155 0093 ED288DFE 		.ascii	"\355(\215\376\276\342\333\314\024\361\245\230\033\012"
 155      BEE2DBCC 
 155      14F1A598 
 155      1B0A
 156 00a1 7CC92F8B 		.ascii	"|\311/\213R\205r\011\205\010\347\3751]\304?\343\363"
 156      52857209 
 156      8508E7FD 
 156      315DC43F 
 156      E3F3
 157 00b3 4DFABE86 		.ascii	"M\372\276\206\277\016\377\301\272\246\300@\317\027\023"
 157      BF0EFFC1 
 157      BAA6C040 
 157      CF1713
 158 00c2 EA755800 		.ascii	"\352uX\000\344\202Ji\015\262\007!L\212Pq\242\210\236"
 158      E4824A69 
 158      0DB20721 
 158      4C8A5071 
 158      A2889E
 159 00d5 054B9033 		.ascii	"\005K\2203\244\036;\005\3745\226\017&~\276\277\250\251"
 159      A41E3B05 
 159      FC35960F 
 159      267EBEBF 
 159      A8A9
 160 00e7 68224810 		.ascii	"h\"H\020\035|'\310\023\210m&\367\363Q\345\240\004\016"
 160      1D7C27C8 
 160      13886D26 
 160      F7F351E5 
 160      A0040E
 161 00fa 05F124AE 		.ascii	"\005\361$\256\037.`\316\237\011r\207\236Kv\035\016\251"
 161      1F2E60CE 
 161      9F097287 
 161      9E4B761D 
 161      0EA9
 162 010c 0AD0FCDB 		.ascii	"\012\320\374\333\273\311\247\"C\034[7\347\312#Ae\206"
 162      BBC9A722 
 162      431C5B37 
 162      E7CA2341 
 162      6586
 163 011e 87FE4CE9 		.ascii	"\207\376L\351\032\225\245)\004-\032-\3358\376C\"\267"
 163      1A95A529 
 163      042D1A2D 
 163      DD38FE43 
 163      22B7
 164 0130 320062E9 		.ascii	"2\000b\351\352\336\324\021\365W\0056\352\240\241\272"
 164      EADED411 
 164      F5570536 
 164      EAA0A1BA 
 165 0140 7AB9EFFB 		.ascii	"z\271\357\373\012T7\353PM\352\362{\247K\253\336\020"
 165      0A5437EB 
 165      504DEAF2 
 165      7BA74BAB 
 165      DE10
 166 0152 D13B78B5 		.ascii	"\321;x\265F\216'\300\200!\300\253\201a\300\213\205A"
ARM GAS  /tmp/ccRIJ4Db.s 			page 12


 166      468E27C0 
 166      8021C0AB 
 166      8161C08B 
 166      8541
 167 0164 D064C26B 		.ascii	"\320d\302k\331\261\351p\315Q\236J\361\305\205\305'{"
 167      D9B1E970 
 167      CD519E4A 
 167      F1C585C5 
 167      277B
 168 0176 3AF81CFA 		.ascii	":\370\034\372U\223\031$A\205~\210\320!pJ\303q\270\216"
 168      55931924 
 168      41857E88 
 168      D021704A 
 168      C371B88E 
 169 018a A71B811A 		.ascii	"\247\033\201\032\364\034;0\271\242\251\015p/\366v\335"
 169      F41C3B30 
 169      B9A2A90D 
 169      702FF676 
 169      DD
 170 019b C7FE6ADF 		.ascii	"\307\376j\337\347o+\205\024\270\023P\234\022\024's\024"
 170      E76F2B85 
 170      14B81350 
 170      9C121427 
 170      7314
 171 01ad 7F2D755F 		.ascii	"\177-u_\013I\212\3147/\367\362\314^tS\310\012R\001D"
 171      0B498ACC 
 171      372FF7F2 
 171      CC5E7453 
 171      C80A5201 
 172 01c2 AA10222D 		.ascii	"\252\020\"- \272\2227\177\321\324&\0011\262o\251\277"
 172      20BA9237 
 172      7FD1D426 
 172      0131B26F 
 172      A9BF
 173 01d4 0CCB60E8 		.ascii	"\014\313`\350\260\016\244\337\032\277\033\226:m\217"
 173      B00EA4DF 
 173      1ABF1B96 
 173      3A6D8F
 174 01e3 666E9FD0 		.ascii	"fn\237\320\324gi\256\\M/\314\226C\235\376>\341-\256"
 174      D46769AE 
 174      5C4D2FCC 
 174      96439DFE 
 174      3EE12DAE 
 175 01f7 5DD87286 		.ascii	"]\330r\206\363J\030\007\035\306\202t\206\216}'\347{"
 175      F34A1807 
 175      1DC68274 
 175      868E7D27 
 175      E77B
 176 0209 F8CA31BE 		.ascii	"\370\3121\276\241\212A\203\001\333\014\006g\240\216"
 176      A18A4183 
 176      01DB0C06 
 176      67A08E
 177 0218 6292157C 		.ascii	"b\222\025|\200':\215'\302\370\375\357$g\302\352k \022"
 177      80273A8D 
 177      27C2F8FD 
 177      EF2467C2 
 177      EA6B2012 
ARM GAS  /tmp/ccRIJ4Db.s 			page 13


 178 022c 2C1FFAA9 		.ascii	",\037\372\251S\315'X\3502\006)\301$&\230\010\022`\276"
 178      53CD2758 
 178      E8320629 
 178      C1242698 
 178      081260BE 
 179 0240 E2193E2C 		.ascii	"\342\031>,\236\341\306\317S\275\245\242\312\024H\226"
 179      9EE1C6CF 
 179      53BDA5A2 
 179      CA144896 
 180 0250 F9CB3FF6 		.ascii	"\371\313?\366\037\324\362kS\362}\014\255\036\231\017"
 180      1FD4F26B 
 180      53F27D0C 
 180      AD1E990F 
 181 0260 17D69EF6 		.ascii	"\027\326\236\366\202\342\237\025\305\377(W\374\271\341"
 181      82E29F15 
 181      C5FF2857 
 181      FCB9E1
 182 026f D99BC113 		.ascii	"\331\233\301\023x\240\367\024\347\373\321S#;\030\015"
 182      78A0F714 
 182      E7FBD153 
 182      233B180D 
 183 027f 70470BCB 		.ascii	"pG\013\313\237\021\345?\264t\373\357\022u\014\356{\004"
 183      9F11E53F 
 183      B474FBEF 
 183      12750CEE 
 183      7B04
 184 0291 8DA1FFF5 		.ascii	"\215\241\377\365\010\316\013\216\351\034\307\305\203"
 184      08CE0B8E 
 184      E91CC7C5 
 184      83
 185 029e BF65CB91 		.ascii	"\277e\313\221\343S\344x\363J\305\240\344\230\326\310"
 185      E353E478 
 185      F34AC5A0 
 185      E498D6C8 
 186 02ae 0ECE051C 		.ascii	"\016\316\005\034\347\0129f\004\307\354\372\235\314\203"
 186      E70A3966 
 186      04C7ECFA 
 186      9DCC83
 187 02bd F2835050 		.ascii	"\362\203PP\375l%\373VH~\020\225\250\276\373\343\370"
 187      FD6C25FB 
 187      56487E10 
 187      95A8BEFB 
 187      E3F8
 188 02cf F912A986 		.ascii	"\371\022\251\206Q\355\233xu\217\256\336\022\320\352"
 188      51ED9B78 
 188      758FAEDE 
 188      12D0EA
 189 02de C0EB8B53 		.ascii	"\300\353\213S\032\350\006 \025t\022(\3578Z\232\254`"
 189      1AE80620 
 189      15741228 
 189      EF385A9A 
 189      AC60
 190 02f0 70015766 		.ascii	"p\001Wf\005\347%\272'\370\004\365\217Q\357\343h\266"
 190      05E725BA 
 190      27F804F5 
 190      8F51EFE3 
 190      68B6
ARM GAS  /tmp/ccRIJ4Db.s 			page 14


 191 0302 B2FE8458 		.ascii	"\262\376\204X\026\012\357\371N\025\332\232\242\255\236"
 191      160AEFF9 
 191      4E15DA9A 
 191      A2AD9E
 192 0311 4D73804D 		.ascii	"Ms\200Mu\265\265=\376\2519x\254\340\320Y\330Do\027."
 192      75B5B53D 
 192      FEA93978 
 192      ACE0D059 
 192      D8446F17 
 193 0326 E31DCF43 		.ascii	"\343\035\317C\255\370\360\375W\262\364(\347ed ^\267"
 193      ADF8F0FD 
 193      57B2F428 
 193      E7656420 
 193      5EB7
 194 0338 FFA7708C 		.ascii	"\377\247p\214\3662\2777wo\203\255\272t\317\221\201I"
 194      F632BF37 
 194      776F83AD 
 194      BA74CF91 
 194      8149
 195 034a 01EB8DBC 		.ascii	"\001\353\215\274\325\235\223p\230w=L,0\207\005#\343"
 195      D59D9370 
 195      98773D4C 
 195      2C308705 
 195      23E3
 196 035c 8B813155 		.ascii	"\213\2011U\377\012\324J\017\221\247,\346\264\306\255"
 196      FF0AD44A 
 196      0F91A72C 
 196      E6B4C6AD 
 197 036c B8132D7B 		.ascii	"\270\023-{\372\231\347\252\033\353\353\331\226H\304"
 197      FA99E7AA 
 197      1BEBEBD9 
 197      9648C4
 198 037b C49F1B6F 		.ascii	"\304\237\033o5\023^\254]t\226\223\330\331b\307\335H"
 198      35135EAC 
 198      5D749693 
 198      D8D962C7 
 198      DD48
 199 038d 2B7BC88D 		.ascii	"+{\310\215\355p,{\227g;Q\253\276\241%\346U\240\270\326"
 199      ED702C7B 
 199      97673B51 
 199      ABBEA125 
 199      E655A0B8 
 200 03a2 0EDBB370 		.ascii	"\016\333\263pb9\345\226\225\2109\336\343\226\367\230"
 200      6239E596 
 200      958839DE 
 200      E396F798 
 201 03b2 9970E326 		.ascii	"\231p\343&&hODm\323\261_i\217\265\230;\233[\333b\216"
 201      26684F44 
 201      6DD3B15F 
 201      698FB598 
 201      3B9B5BDB 
 202 03c8 6D5A51FB 		.ascii	"mZQ\373\205\346D\273gy\273_\262\335H\033+\365\275j\212"
 202      85E644BB 
 202      6779BB5F 
 202      B2DD481B 
 202      2BF5BD6A 
 203 03dd 79B9BB5D 		.ascii	"y\271\273]\323r\275(\232\240i8\376b\002\263;vs\334v"
ARM GAS  /tmp/ccRIJ4Db.s 			page 15


 203      D372BD28 
 203      9AA06938 
 203      FE6202B3 
 203      3B7673DC 
 204 03f2 BDADF701 		.ascii	"\275\255\367\001\347\\\357\001oc\260\353\037\303r\333"
 204      E75CEF01 
 204      6F63B0EB 
 204      1FC372DB 
 205 0402 67       		.ascii	"g"
 206              		.text
 207              		.section	.gnu.lto_.symtab.638681a61c4dec3a,"",%progbits
 208 0000 696E6372 		.ascii	"incr_rnd\000"
 208      5F726E64 
 208      00
 209 0009 00       		.ascii	"\000"
 210 000a 00       		.ascii	"\000"
 211 000b 00       		.ascii	"\000"
 212 000c 00000000 		.ascii	"\000\000\000\000\000\000\000\000"
 212      00000000 
 213 0014 AF000000 		.ascii	"\257\000\000\000"
 214 0018 7369676E 		.ascii	"sign_extend_13bit\000"
 214      5F657874 
 214      656E645F 
 214      31336269 
 214      7400
 215 002a 00       		.ascii	"\000"
 216 002b 00       		.ascii	"\000"
 217 002c 00       		.ascii	"\000"
 218 002d 00000000 		.ascii	"\000\000\000\000\000\000\000\000"
 218      00000000 
 219 0035 B3000000 		.ascii	"\263\000\000\000"
 220 0039 62697473 		.ascii	"bits_get_bit_n\000"
 220      5F676574 
 220      5F626974 
 220      5F6E00
 221 0048 00       		.ascii	"\000"
 222 0049 00       		.ascii	"\000"
 223 004a 00       		.ascii	"\000"
 224 004b 00000000 		.ascii	"\000\000\000\000\000\000\000\000"
 224      00000000 
 225 0053 C0000000 		.ascii	"\300\000\000\000"
 226              		.text
 227              		.section	.gnu.lto_.opts,"",%progbits
 228 0000 272D666D 		.ascii	"'-fmath-errno' '-fsigned-zeros' '-ftrapping-math' '"
 228      6174682D 
 228      6572726E 
 228      6F272027 
 228      2D667369 
 229 0033 2D666E6F 		.ascii	"-fno-trapv' '-fno-openmp' '-fno-openacc' '-mcpu=cor"
 229      2D747261 
 229      70762720 
 229      272D666E 
 229      6F2D6F70 
 230 0066 7465782D 		.ascii	"tex-m0' '-mno-thumb-interwork' '-mthumb' '-ggdb' '-"
 230      6D302720 
 230      272D6D6E 
 230      6F2D7468 
ARM GAS  /tmp/ccRIJ4Db.s 			page 16


 230      756D622D 
 231 0099 4F322720 		.ascii	"O2' '-fomit-frame-pointer' '-falign-functions=16' '"
 231      272D666F 
 231      6D69742D 
 231      6672616D 
 231      652D706F 
 232 00cc 2D666675 		.ascii	"-ffunction-sections' '-fdata-sections' '-fno-common"
 232      6E637469 
 232      6F6E2D73 
 232      65637469 
 232      6F6E7327 
 233 00ff 2720272D 		.ascii	"' '-flto'\000"
 233      666C746F 
 233      2700
 234              		.text
 235              		.comm	__gnu_lto_v1,1,1
 236              		.comm	__gnu_lto_slim,1,1
 237              		.ident	"GCC: (15:5.4.1+svn241155-1) 5.4.1 20160919"
ARM GAS  /tmp/ccRIJ4Db.s 			page 17


DEFINED SYMBOLS
                            *ABS*:0000000000000000 util_numbers.c
                            *COM*:0000000000000001 __gnu_lto_v1
                            *COM*:0000000000000001 __gnu_lto_slim

NO UNDEFINED SYMBOLS
