ARM GAS  /tmp/ccTfOxvg.s 			page 1


   1              		.syntax unified
   2              		.cpu cortex-m0
   3              		.fpu softvfp
   4              		.eabi_attribute 20, 1
   5              		.eabi_attribute 21, 1
   6              		.eabi_attribute 23, 3
   7              		.eabi_attribute 24, 1
   8              		.eabi_attribute 25, 1
   9              		.eabi_attribute 26, 1
  10              		.eabi_attribute 30, 2
  11              		.eabi_attribute 34, 0
  12              		.eabi_attribute 18, 4
  13              		.thumb
  14              		.syntax unified
  15              		.file	"util_version.c"
  16              		.text
  17              	.Ltext0:
  18              		.section	.gnu.lto_.profile.4615b8e849deb2e9,"",%progbits
  19 0000 789C6361 		.ascii	"x\234ca`d`a`\000\222\342<\000\000\244\000."
  19      60646061 
  19      600092E2 
  19      3C0000A4 
  19      002E
  20              		.text
  21              		.section	.gnu.lto_.icf.4615b8e849deb2e9,"",%progbits
  22 0000 789C6361 		.ascii	"x\234ca`d\000\001\021\006\004`f\350?vr\012;\343\355"
  22      60640001 
  22      11060460 
  22      66E83F76 
  22      720A3BE3 
  23 0015 86FD9B78 		.ascii	"\206\375\233x\231\232Z\333O\2611\000\000X\246\010\020"
  23      999A5ADB 
  23      4FB13100 
  23      0058A608 
  23      10
  24              		.text
  25              		.section	.gnu.lto_.jmpfuncs.4615b8e849deb2e9,"",%progbits
  26 0000 789C6361 		.ascii	"x\234ca`d\000\201H \346c\200\000&\006FF\306z6 \213\361"
  26      60640081 
  26      4820E663 
  26      80002606 
  26      4646C67A 
  27 0018 2F13E395 		.ascii	"/\023\343\225\351\017\317\262(2\316o\230\241\320\312"
  27      E90FCFB2 
  27      2832CE6F 
  27      98A1D0CA 
  28 0028 CCC00014 		.ascii	"\314\300\000\024\371\273\340\322>\326\372\277\0153\032"
  28      F9BBE0D2 
  28      3ED6FABF 
  28      0D331A
  29 0037 1A045A99 		.ascii	"\032\004Z\231\031\031\2273*\002\225\256`\254g`d\001"
  29      19199733 
  29      2A0295AE 
  29      60AC6760 
  29      6401
  30 0049 6B79F9ED 		.ascii	"ky\371\355\341N\336/L\255\314L\214F\214+\031e\030@\006"
  30      E14EDE2F 
ARM GAS  /tmp/ccTfOxvg.s 			page 2


  30      4CADCC4C 
  30      8C468C2B 
  30      19651840 
  31 005e 02A579D3 		.ascii	"\002\245y\3233Kt-\014\015-\015LL\314\030\000E3\034\220"
  31      334B742D 
  31      0C0D2D0D 
  31      4C4CCC18 
  31      0045331C 
  32              		.text
  33              		.section	.gnu.lto_.inline.4615b8e849deb2e9,"",%progbits
  34 0000 789C6361 		.ascii	"x\234ca`d\000\001S\006\004`b``\347gddP`\004\263\031"
  34      60640001 
  34      53060460 
  34      626060E7 
  34      67646450 
  35 0018 D816C883 		.ascii	"\330\026\310\203(\006\026^\006\006\346\011~\014@-\234"
  35      2806165E 
  35      0606E609 
  35      7E0C402D 
  35      9C
  36 0029 1C8C0C4C 		.ascii	"\034\214\014L\234+\334\0308o\230\201\345\030\000b1\004"
  36      9C2BDC18 
  36      386F9881 
  36      E5180062 
  36      3104
  37 003b 56       		.ascii	"V"
  38              		.text
  39              		.section	.gnu.lto_.pureconst.4615b8e849deb2e9,"",%progbits
  40 0000 789C6361 		.ascii	"x\234ca`d`e```b\220`\224\002\000\000\347\000@"
  40      60646065 
  40      60606062 
  40      90609402 
  40      0000E700 
  41              		.text
  42              		.section	.gnu.lto_set_util_fwversion.4615b8e849deb2e9,"",%progbits
  43 0000 789C2550 		.ascii	"x\234%P\317KTa\024\275\347\273o~\3308\342\276AfVb\340"
  43      CF4B5461 
  43      14BDE7BB 
  43      6F7ED838 
  43      E2BE4166 
  44 0017 8C8658D2 		.ascii	"\214\206X\322\177\321\326\205\210\212\014D\201\216n"
  44      7FD1D685 
  44      888A0C44 
  44      818E6E
  45 0026 DFE78C2F 		.ascii	"\337\347\214/\007W\202d\"\305\264P\374\375\333\315@"
  45      07578264 
  45      22C5B450 
  45      FCFDDBCD 
  45      40
  46 0037 C4E4C220 		.ascii	"\304\344\302 \260\320r\021n\262T*\012\224\262@\030\247"
  46      B0D07211 
  46      6EB2542A 
  46      0A94B240 
  46      18A7
  47 0049 7B9F97F7 		.ascii	"{\237\227\367\336\275\367{\347\334s\356\347\020HcG\322"
  47      DEBDF77B 
  47      E7DC73EE 
ARM GAS  /tmp/ccTfOxvg.s 			page 3


  47      E7104863 
  47      47D2
  48 005b 1DC937E5 		.ascii	"\035\3117\345\005\023\314\330;\242\241\260\001\264\260"
  48      0513CCD8 
  48      3BA2A1B0 
  48      01B4B0
  49 006a 61906BE0 		.ascii	"a\220k\340\342\302\224\015\266GN\213\246a\326J|>\031"
  49      E2C2940D 
  49      B6474E8B 
  49      A661D64A 
  49      7C3E19
  50 007d 653B5782 		.ascii	"e;W\202\307D\025\343O\"\314\242AP{\303k\317\370\217"
  50      C74415E3 
  50      4F22CCA2 
  50      41507BC3 
  50      6BCFF88F 
  51 0091 F11870A4 		.ascii	"\361\030p\244=\337\235\372Z\243\255A\\\332_K/\313AN"
  51      3DDF9DFA 
  51      5AA3AD41 
  51      5CDA5F4B 
  51      2FCB414E 
  52 00a5 80A4CE1F 		.ascii	"\200\244\316\037\354-G\352g\254\315Z[\350\261U\0363"
  52      EC2D47EA 
  52      67ACCD5A 
  52      5BE8B155 
  52      1E33
  53 00b7 16C0320F 		.ascii	"\026\3002\017\363\210a\0161\222#\302\"\352\025\376e"
  53      F388610E 
  53      319223C2 
  53      22EA15FE 
  53      65
  54 00c8 FDEA4934 		.ascii	"\375\352I48\254\362\361kQ,!\250k\254\336/\331J%gK\237"
  54      38ACF2F1 
  54      6B512C21 
  54      A86BACDE 
  54      2FD94A25 
  55 00df 9C130400 		.ascii	"\234\023\004\000e\030\341:Dg\202\323M\316\215\321\314"
  55      6518E13A 
  55      446782D3 
  55      4DCE8DD1 
  55      CC
  56 00f0 A7C85E8E 		.ascii	"\247\310^\216\354|`\245\346X\267\232\360\266\337\207"
  56      EC7C60A5 
  56      E658B79A 
  56      F0B6DF87 
  57 0100 D420FBA6 		.ascii	"\324 \373\246\376\275y\233\257.\340\371\220\352\264"
  57      FEBD799B 
  57      AF2EE0F9 
  57      90EAB4
  58 010f CB90404E 		.ascii	"\313\220@N6Y\026/\372w\3468\273\022J5z\034\304\012\012"
  58      3659162F 
  58      FA77E638 
  58      BB124A35 
  58      7A1CC40A 
  59 0124 B8F25797 		.ascii	"\270\362W\227\363\303\351\327\323\021\267\254\034{O"
  59      F3C3E9D7 
  59      D311B7AC 
ARM GAS  /tmp/ccTfOxvg.s 			page 4


  59      1C7B4F
  60 0133 84B18A94 		.ascii	"\204\261\212\224\370[\203K\337\360\330FTNq\305\342\317"
  60      F85B834B 
  60      DFF0D846 
  60      544E71C5 
  60      E2CF
  61 0145 C390E0F2 		.ascii	"\303\220\340\362\326\326z\034\252\030\261\217uA]{\371"
  61      D6D67A1C 
  61      AA18B18F 
  61      75415D7B 
  61      F9
  62 0156 F8F468D7 		.ascii	"\370\364h\327I\334*\330\311\270\307a%\224_\354\277\012"
  62      49DC2AD8 
  62      C9B8C761 
  62      25945FEC 
  62      BF0A
  63 0168 08615206 		.ascii	"\010aR\006\217\313uWa\003\011\177\0326\341\012\340\373"
  63      8FCB7557 
  63      6103097F 
  63      1A36E10A 
  63      E0FB
  64 017a DFA36254 		.ascii	"\337\243bT\355\337\300ml!\346q\204~ [\372\355\370(\215"
  64      EDDFC06D 
  64      6C21E671 
  64      847E205B 
  64      FAEDF828 
  65 018f 335191DD 		.ascii	"3Q\221\335\305k]2\231\222\247\277\257+5\220I?\360?\035"
  65      C56B5D32 
  65      9992A7BF 
  65      AF2B3590 
  65      493FF03F 
  66 01a4 833D7DFD 		.ascii	"\203=}\375\351G\017\223]\024\226\262\243\2733\323\031"
  66      E9470F93 
  66      5D1496B2 
  66      A3BB33D3 
  66      19
  67 01b5 ED4D671A 		.ascii	"\355Mg\032\35767\2675\265\264\264\322\177b\265\2565"
  67      EF3637B7 
  67      35B5B4B4 
  67      D27F62B5 
  67      AE35
  68              		.text
  69              		.section	.gnu.lto_set_util_hwversion.4615b8e849deb2e9,"",%progbits
  70 0000 789C9D92 		.ascii	"x\234\235\222MK\033Q\024\206\317{o&\023\211\372\007"
  70      4D4B1B51 
  70      1486CF7B 
  70      6F261389 
  70      FA07
  71 0012 2A625721 		.ascii	"*bW!\213f\376K\373\003D\254\013\241(\250\255K\257\223"
  71      8B66FE4B 
  71      FB0344AC 
  71      0BA128A8 
  71      AD4BAF93 
  72 0026 0C15374D 		.ascii	"\014\0257M\241\025\025Kp\021\264\325D\343G\375\206\340"
  72      A115154B 
  72      7011B4D5 
  72      44E347FD 
ARM GAS  /tmp/ccTfOxvg.s 			page 5


  72      86E0
  73 0038 A28A508B 		.ascii	"\242\212P\213\224Z\334\364\323Z,\024\024\024\241\222"
  73      945ADCF4 
  73      D35A2C14 
  73      1414A192 
  74 0048 A4E74C12 		.ascii	"\244\347L\022)\024\244t\230\271\367\334\217\367=\317"
  74      2914A474 
  74      98B9F7DC 
  74      8FF73DCF 
  75 0058 B9730304 		.ascii	"\271s\003\004\222\347R\021E\271\277\301\0374A%w\211"
  75      92E75211 
  75      45B9BFC1 
  75      1F344125 
  75      7789
  76 006a FA430A90 		.ascii	"\372C\012\220\300\204@}\012}8W\005\205\315\207G+*:a"
  76      C084407D 
  76      0A7D3857 
  76      0585CD87 
  76      472B2A3A 
  77 007f F8F9F4ED 		.ascii	"\370\371\364\355\2216\223yx\232\250\244|'\302\004\242"
  77      91369379 
  77      789AA8A4 
  77      7C27C204 
  77      A2
  78 0090 BC6B2F31 		.ascii	"\274k/1;\246\317\224\247\201\000\017O_\217~\255\227"
  78      3BA6CF94 
  78      A781000F 
  78      4F5F8F7E 
  78      AD97
  79 00a2 A142130F 		.ascii	"\241B\023\017\177N\257\027\202\372&\210\343\201w{\231"
  79      7F4EAF17 
  79      82FA2688 
  79      E381777B 
  79      99
  80 00b3 70246D8C 		.ascii	"p$m\214kL\252\315\324xZ\343\0054\373\3419\0320\211\006"
  80      6B4CAACD 
  80      D4785AE3 
  80      0534FBE1 
  80      391A3089 
  81 00c8 E229C214 		.ascii	"\342)\302\024\"\262\375K\256\370\264.\230\220\364M\345"
  81      22B2FD4B 
  81      AEF8B42E 
  81      9890F44D 
  81      E5
  82 00d9 A4984650 		.ascii	"\244\230FP\312\230\271\2357\245R\334\344\037[9U\243"
  82      CA98B99D 
  82      37A552DC 
  82      E41F5B39 
  82      55A3
  83 00eb 5815E0EC 		.ascii	"X\025\340\354,\263$\264\245!:a\205\324t\252\224\364"
  83      2CB324B4 
  83      A5213A61 
  83      85D474AA 
  83      94F4
  84 00fd FA08EEAF 		.ascii	"\372\010\356\257\301\335DXL\342Z\352\033\3626\337\330"
  84      C1DD4458 
  84      4CE25AEA 
ARM GAS  /tmp/ccTfOxvg.s 			page 6


  84      1BF236DF 
  84      D8
  85 010e 826AF978 		.ascii	"\202j\371x\207cK\307\225a\362\254P\002O-\036|\376h\247"
  85      87634BC7 
  85      9561F2AC 
  85      50024F2D 
  85      1E7CFE68 
  86 0123 F08CEB0E 		.ascii	"\360\214\353\016\"\313\214\031f$\314 \005b\277\241\361"
  86      22CB8C19 
  86      6624CC20 
  86      0562BFA1 
  86      F1
  87 0134 88B8FD69 		.ascii	"\210\270\375i\245}\253\213\255\235\201Z\326\365\013"
  87      A57DAB8B 
  87      AD9D815A 
  87      D6F50B
  88 0143 FC1DE6B1 		.ascii	"\374\035\346\261\343\2742+b^M\037\272Y\333\271\345\351"
  88      E3BC322B 
  88      625E4D1F 
  88      BA59DBB9 
  88      E5E9
  89 0155 1072EC54 		.ascii	"\020r\354T\364\317\223\347\337&\3150\234\214hL\257d"
  89      F4CF93E7 
  89      DF26CD30 
  89      9C8C684C 
  89      AF64
  90 0167 9C835354 		.ascii	"\234\203STR0\346\34103\3715\354Wk\260X\263\221\335q"
  90      5230E6E1 
  90      3033F935 
  90      EC576BB0 
  90      58B391DD 
  91 017c 6BCBD04F 		.ascii	"k\313\320O*\320\211\343t.\\\205^\270\202^\374\013\372"
  91      2AD089E3 
  91      742E5C85 
  91      5EB8825E 
  91      FC0BFA
  92 018f 9F295F5E 		.ascii	"\237)_^K\271$\224\376\357Y\026J\253L\371\241Ji\263\346"
  92      4BB92494 
  92      FEEF5916 
  92      4AAB4CF9 
  92      A14A69B3 
  93 01a4 FBFBFDED 		.ascii	"\373\373\375\355\012\345p\205\362rj\364U]\225r\345\212"
  93      0AE57085 
  93      F2726AF4 
  93      555D9572 
  93      E58A
  94 01b6 72F5FF29 		.ascii	"r\365\377)\327\256\245\\\027J-\224\033Bi\323\017\270"
  94      D7AEA55C 
  94      174A2D94 
  94      1B4269D3 
  94      0FB8
  95 01c8 F9114B92 		.ascii	"\371\021K\222\370\267\371\204\017\232\257\011\353\033"
  95      F8B7F984 
  95      0F9AAF09 
  95      EB1B
  96 01d6 633187DF 		.ascii	"c1\207\337\356\256V\347~O\373=\277i~\320\326\325\335"
  96      EEAE56E7 
ARM GAS  /tmp/ccTfOxvg.s 			page 7


  96      7E4FFB3D 
  96      BF697ED0 
  96      D6D5DD
  97 01e9 DED9116B 		.ascii	"\336\331\021k\245\020\207\315w[zZ~\003\362e\014\334"
  97      A51087CD 
  97      775B7A5A 
  97      7E03F265 
  97      0CDC
  98              		.text
  99              		.section	.gnu.lto_.symbol_nodes.4615b8e849deb2e9,"",%progbits
 100 0000 789C6361 		.ascii	"x\234ca`dpa\000\002&\306z\006\206\011\347\030\030\200"
 100      60647061 
 100      000226C6 
 100      7A068609 
 100      E7181880 
 101 0014 D4AE0645 		.ascii	"\324\256\006E\240\000S=#\212\000+\003C\243\020P%#s="
 101      A000533D 
 101      238A002B 
 101      0343A310 
 101      50252373 
 102 0029 13588281 		.ascii	"\023X\202\201\241\241A\201\201\201\031\010\217<\370"
 102      A1A14181 
 102      81811908 
 102      8F3CF8
 103 0038 C7C80000 		.ascii	"\307\310\000\000\336\344\016\004"
 103      DEE40E04 
 104              		.text
 105              		.section	.gnu.lto_.refs.4615b8e849deb2e9,"",%progbits
 106 0000 789C6361 		.ascii	"x\234ca`\004B \000\000\0009\000\007"
 106      60044220 
 106      00000039 
 106      0007
 107              		.text
 108              		.section	.gnu.lto_.decls.4615b8e849deb2e9,"",%progbits
 109 0000 789C8556 		.ascii	"x\234\205VyL\024g\024\2377\263\273,\313\002\006\255"
 109      794C1467 
 109      149F37B3 
 109      BB2CCB02 
 109      06AD
 110 0012 310D36C6 		.ascii	"1\0156\306P\341\037YQ\373\177\223\332\363\017M\332\224"
 110      50E11F59 
 110      51FB7F93 
 110      DAF30F4D 
 110      DA94
 111 0024 264D9ACD 		.ascii	"&M\232\315\272,\262\011.fw)\265\375\303\341\360\300"
 111      BA2CB209 
 111      2E667729 
 111      B5FDC3E1 
 111      F0C0
 112 0036 56852A2A 		.ascii	"V\205**\324\203\"\036\210\310\245RXP,\212(^`AQ\216\305"
 112      D483221E 
 112      88C8A552 
 112      58502C8A 
 112      285E6041 
 113 004d 03B945C1 		.ascii	"\003\271E\301\312\251}\337\367\315\354\241@'\373f\346"
 113      CAA97DDF 
 113      F7CDECA1 
ARM GAS  /tmp/ccTfOxvg.s 			page 8


 113      4027FB66 
 113      E6
 114 005e 7BDF7BBF 		.ascii	"{\337{\277\367{\307\314\254\202\003\216\034'\3758\316"
 114      F77BC7CC 
 114      AC82038E 
 114      1C27FD38 
 114      CE
 115 006f 81B72378 		.ascii	"\201\267#x\377\006\017\001\257\221(\344Z\202R\212R\316"
 115      FF060F01 
 115      AF9128E4 
 115      5A82528A 
 115      52CE
 116 0081 B183E89E 		.ascii	"\261\203\350\236\242\364\240\214\241\020\204\011\316"
 116      A2F4A08C 
 116      A1108409 
 116      CE
 117 008e FB20FB5A 		.ascii	"\373 \373Z\011#\010e\036\312c\224I\224\207(5(Soa\013"
 117      09230865 
 117      1ECA6394 
 117      49948728 
 117      3528536F 
 118 00a4 C0B0DA51 		.ascii	"\300\260\332Qx\011c\214{\367 q}\247\301\016EQ @\203"
 118      7809638C 
 118      7BF72071 
 118      7DA7C10E 
 118      45512040 
 119 00b9 14A395AC 		.ascii	"\024\243\225\254Q\332PZP\232P\356I|{\246\301\235\342"
 119      51DA505A 
 119      509A50EE 
 119      497C7BA6 
 119      C19DE2
 120 00cc 61A27B4F 		.ascii	"a\242{O\013\214\360\020\244\001-.\033R\212\016\010l"
 120      0B8CF010 
 120      A4012D2E 
 120      1B528A0E 
 120      086C
 121 00de A9C0E5F3 		.ascii	"\251\300\345\363\033Y\217\002p9O\003\213p\271e\177m"
 121      1B598F02 
 121      70394F03 
 121      8B70B965 
 121      7F6D
 122 00f0 99AF669B 		.ascii	"\231\257f\233\210GZ\262\030T\027@\354\362 \030N@0F9"
 122      88475AB2 
 122      18541740 
 122      ECF22018 
 122      4E403046 
 123 0105 091A3CEB 		.ascii	"\011\032<\353\202\3418.\321\374Hoy\215\222\201\371\343"
 123      82E1382E 
 123      D1FC486F 
 123      798D9281 
 123      F9E3
 124 0117 B23567CF 		.ascii	"\2625g\317Q\005\003\353&\333M\243U\343Z\201\007\274"
 124      510503EB 
 124      26DB4DA3 
 124      55E35A81 
 124      07BC
 125 0129 57942675 		.ascii	"W\224&u\374\031\000a\301\200`\2409F#\210\"\317A1h\240"
ARM GAS  /tmp/ccTfOxvg.s 			page 9


 125      FC190061 
 125      C18060A0 
 125      39462388 
 125      22CF4131 
 126 013f 00049971 		.ascii	"\000\004\231q\226\210\321\2076\0215\336\253\351\025"
 126      9688D187 
 126      361135DE 
 126      ABE915
 127 014e 3549E250 		.ascii	"5I\342P\216\250Z\300\301\212`X\026\314\301i\010\243"
 127      8EA85AC0 
 127      C18A6058 
 127      16CCC169 
 127      08A3
 128 0160 5B1C1421 		.ascii	"[\034\024!`!\2433\322\376$$(M\202\376\030(\364)\334"
 128      6021A333 
 128      D2FE2424 
 128      284D82FE 
 128      1828F429 
 129 0175 CEA7E44B 		.ascii	"\316\247\344K HN\201.\320a\270\2572Q\255\335N\340\245"
 129      20484E81 
 129      2ED061B8 
 129      AF3251AD 
 129      DD4EE0A5 
 130 0189 7451EF91 		.ascii	"tQ\357\221o)\220\206\323+Z\267\325\345\345\223\322\255"
 130      6F299086 
 130      D32B5AB7 
 130      D5E5E593 
 130      D2AD
 131 019b D10099A7 		.ascii	"\321\000\231\247@T\025\366\227\217\3713\025!\3201v\342"
 131      405415F6 
 131      978FF933 
 131      1521D031 
 131      76E2
 132 01ad B3F05372 		.ascii	"\263\360Srn>\356&\344\216=+\323\012s\210\021\237\275"
 132      6E3EEE26 
 132      E48E3D2B 
 132      D30A7388 
 132      119FBD
 133 01c0 A3A04709 		.ascii	"\243\240G\011a\254\006\316\016\347\302BQ\234\003\345"
 133      61AC06CE 
 133      0EE7C242 
 133      519C03E5 
 134 01d0 C8B50C04 		.ascii	"\310\265\014\0048\007\341$\342\032\302r\233\233\030"
 134      3807E124 
 134      E21AC272 
 134      9B9B18
 135 01df E762057F 		.ascii	"\347b\005\177a\352\030\217\030\302YT\236!Jt\3070'\323"
 135      61EA188F 
 135      18C25954 
 135      9E214A74 
 135      C73027D3 
 136 01f3 9B2A8407 		.ascii	"\233*\204\007\320\0028k0\207\006\007`g\240\3021\241"
 136      D002386B 
 136      30870607 
 136      6067A0C2 
 136      31A1
 137 0205 4BBCE139 		.ascii	"K\274\3419i>e\025\310\206\344\214'\036$\035\347\002"
ARM GAS  /tmp/ccTfOxvg.s 			page 10


 137      693E6515 
 137      C886E48C 
 137      271E241D 
 137      E702
 138 0217 A33FC99F 		.ascii	"\243?\311\237>W\364\240 nt\220\234\300\305\200nsl\337"
 138      3E57F4A0 
 138      206E7490 
 138      9CC0C580 
 138      6E736CDF 
 139 022b 85CA2EBC 		.ascii	"\205\312.\274\333\301\003\217\321\225\340\334\234]9"
 139      DBC1038F 
 139      D195E0DC 
 139      9C5D39
 140 023a 815CDBB1 		.ascii	"\201\\\333\261\234\363\275j\341+\332\000GYe\2554\220"
 140      9CF3BD6A 
 140      E12BDA00 
 140      475965AD 
 140      3490
 141 024c CB7099E4 		.ascii	"\313p\231\344hI\017d\003\351$\333g\273RE\177\266\275"
 141      68490F64 
 141      03E924DB 
 141      67BB5245 
 141      7FB6BD
 142 025f 1C9795C5 		.ascii	"\034\227\225\305[K\264l;M\300uY\346\225\355j\341\007"
 142      5B4BB46C 
 142      3B4DC075 
 142      59E695ED 
 142      6AE107
 143 0272 8A9473E1 		.ascii	"\212\224s\341\346&f\031A\006\245g\260=p\346\347\342"
 143      E6266619 
 143      4106A567 
 143      B03D70E6 
 143      E7E2
 144 0284 6FF9B9B8 		.ascii	"o\371\271\270\310\006\261\240\242\316\021\360\366$^"
 144      C806B1A0 
 144      A2CE11F0 
 144      F6245E
 145 0293 40F3F3D4 		.ascii	"@\363\363\324\274\206N\"u\"\326[\366v\355R\012\3214"
 145      BC864E22 
 145      7522D65B 
 145      F676ED52 
 145      0AD134
 146 02a6 6CD9607E 		.ascii	"l\331`~\231\304\260\232\254\367\015\214\275\317\030"
 146      99C4B09A 
 146      ACF70D8C 
 146      BDCF18
 147 02b5 8AE4717D 		.ascii	"\212\344q}\324\370\270\331O\260R\323,\307\3105)W5.\233"
 147      D4F8B8D9 
 147      4FB052D3 
 147      2CC7C835 
 147      2957352E 
 148 02ca EF0ED780 		.ascii	"\357\016\327\200\360\013\335\222'5\364\335I\015e\223"
 148      F00BDD92 
 148      2735F4DD 
 148      490D6593 
 149 02da DAB8EB45 		.ascii	"\332\270\353E\256\217\260\031\350D\326\356(-\361sMd"
 149      AE8FB019 
ARM GAS  /tmp/ccTfOxvg.s 			page 11


 149      E844D6EE 
 149      282DF173 
 149      4D64
 150 02ec C3B555E9 		.ascii	"\303\265U\351[q|\341&\222\276\356\036\311\320\231G\362"
 150      5B717CE1 
 150      2692BEEE 
 150      1EC9D099 
 150      47F2
 151 02fe 068E64A8 		.ascii	"\006\216d\2504\222\365\250\274\306\312\220\227\233\236"
 151      3492F5A8 
 151      BCC6CA90 
 151      979B9E
 152 030d A312CEB3 		.ascii	"\243\022\316\263 \231gN\276\322\270\202\034\336\271"
 152      2099674E 
 152      BED2B882 
 152      1CDEB9
 153 031c F21419FB 		.ascii	"\362\024\031\373\006\214q\313\035\343&\314\034\344\366"
 153      068C71CB 
 153      1DE326CC 
 153      1CE4F6
 154 032b F441C693 		.ascii	"\364A\306\223\016;|\204^\032\004\372w&~/\274`\367\305"
 154      0E3B7C84 
 154      5E1A04FA 
 154      77267E2F 
 154      BC60F7C5 
 155 033f FD7B1C4A 		.ascii	"\375{\034Ja\212.\224\271=o\316\006BH\330\334\220\220"
 155      618A2E94 
 155      B93D6FCE 
 155      064248D8 
 155      DC9090
 156 0352 1C82EECC 		.ascii	"\034\202\356\314l\\x\250D\024SU\224\302U\244p\027\346"
 156      6C5C78A8 
 156      44145355 
 156      94C255A4 
 156      7017E6
 157 0365 BA83E948 		.ascii	"\272\203\351H\237\362H\2678J\270\372y6\210\370:B#N\""
 157      9FF248B7 
 157      384AB8FA 
 157      793688F8 
 157      3A42234E 
 158 037a 4B8E74A9 		.ascii	"K\216t\251\305\"\3309\250\002\366b\204;\022\032\332"
 158      C522D839 
 158      A802F662 
 158      843B121A 
 158      DA
 159 038b 4133B2BE 		.ascii	"A3\262\276\007!\320\204\322\002!\324\2132\250~\371S"
 159      0721D084 
 159      D20221D4 
 159      8B32A87E 
 159      F953
 160 039d A6589D22 		.ascii	"\246X\235\"\320\370\215\323\306\217\010v\031\217F\311"
 160      D0F88DD3 
 160      C68F0876 
 160      198F46C9 
 161 03ad 54FF79DB 		.ascii	"T\377y\333\264\016\\\266$\353\272\366z\265\220O_\272"
 161      B40E5CB6 
 161      24EBBAF6 
ARM GAS  /tmp/ccTfOxvg.s 			page 12


 161      7AB5904F 
 161      5FBA
 162 03bf 7CC7B68B 		.ascii	"|\307\266\213U\276\0206\227\2450\241\305\246\266\242"
 162      55BE1036 
 162      97A530A1 
 162      C5A6B6A2 
 163 03cf EB7D77C1 		.ascii	"\353}w\301I>3\245\361\000\251\317\226\006\276\325\305"
 163      493E33A5 
 163      F100A9CF 
 163      9606BED5 
 163      C5
 164 03e0 2D7D4E3F 		.ascii	"-}N?\010\301\272\346\320\020\031y\220H\223\"a\256`\030"
 164      08C1BAE6 
 164      D0101979 
 164      90489322 
 164      61AE6018 
 165 03f4 275E5D80 		.ascii	"'^]\200\225\340\256*\263\377])&\253\310\363\000\325"
 165      95E0AE2A 
 165      B3FF5D29 
 165      26ABC8F3 
 165      00D5
 166 0406 92B1FC94 		.ascii	"\222\261\374\224xT\200\261\177\303\032\340\234\245\001"
 166      785480B1 
 166      7FC31AE0 
 166      9CA501
 167 0415 B5E87B99 		.ascii	"\265\350{\231\370^\222\300\010\363\016d\336\216\254"
 167      F85E92C0 
 167      08F30E64 
 167      DE8EAC
 168 0424 DB5CAC21 		.ascii	"\333\\\254!\351\300\350a\205p\216\325\350\365\275\341"
 168      E9C0E861 
 168      85708ED5 
 168      E8F5BDE1 
 169 0434 0C7F981B 		.ascii	"\014\177\230\0336=\322#\364\236\011\211\361\332\347"
 169      363DD223 
 169      F49E0989 
 169      F1DAE7
 170 0443 8F557D88 		.ascii	"\217U}\210&\235\356\252:iU1R\306\245\263\235\340\365"
 170      269DEEAA 
 170      3A695531 
 170      52C6A5B3 
 170      9DE0F5
 171 0456 8179E8D1 		.ascii	"\201y\350\321:\016\036\263\017\014Z\236\351\253\274"
 171      3A0E1EB3 
 171      0F0C5A9E 
 171      E9ABBC
 172 0465 E5AFE099 		.ascii	"\345\257\340\231\016\326*\350CZ\221\275\333\177\301"
 172      0ED62AE8 
 172      435A91BD 
 172      DB7FC1
 173 0474 5EE9ADB3 		.ascii	"^\351\255\263H\001\221\363=|\273`\001\236\237\200\202"
 173      480191F3 
 173      3D7CBB60 
 173      019E9F80 
 173      82
 174 0485 015C2EB8 		.ascii	"\001\\.\270Q\350\2678[\314.\022\235\031\315\357\355"
 174      51E8B738 
ARM GAS  /tmp/ccTfOxvg.s 			page 13


 174      5BCC2E12 
 174      9D19CDEF 
 174      ED
 175 0496 4D16EBD0 		.ascii	"M\026\353\320o\0211\003\207\233\232\203~j\241\002\273"
 175      6F113103 
 175      879B9A83 
 175      7E6AA102 
 175      BB
 176 04a7 CBC15358 		.ascii	"\313\301SXLHf\3665\370\011\235\264\0340Z\3652\231g0"
 176      4C4866F6 
 176      35F8099D 
 176      B41C305A 
 176      F5329967 
 177 04bc D5AF71E8 		.ascii	"\325\257q\350\020CA1\272\335\030\335\236\030=\024\343"
 177      10434131 
 177      BADD18DD 
 177      9E183D14 
 177      E3
 178 04cd 7667DA20 		.ascii	"vg\332 \220W\016\301\270Q\330\363\253J\230d\213\242"
 178      90570EC1 
 178      B851D8F3 
 178      AB4A9864 
 178      8BA2
 179 04df 3FBAAEF9 		.ascii	"?\272\256\371`b\320G\275\210&\261\372\270\277\220(\260"
 179      6062D047 
 179      BD8826B1 
 179      FAB8BF90 
 179      28B0
 180 04f1 F7ECD143 		.ascii	"\367\354\321C\215\276d{\000\267\241\037h\342\247OM\024"
 180      8DBE647B 
 180      00B7A11F 
 180      68E2A74F 
 180      4D14
 181 0503 69683122 		.ascii	"ih1\"\347S\227\253\007\323\363|\250\202|'\2371\253\373"
 181      E75397AB 
 181      07D3F37C 
 181      A8827C27 
 181      9F31ABFB 
 182 0517 57AEA7A8 		.ascii	"W\256\247\2504\322\237\203\264\377\373s\320\227\337"
 182      34D29F83 
 182      B4FFFB73 
 182      D097DF
 183 0526 D51CE0D5 		.ascii	"\325\034\340\325\212\347\340\371\016\177\341jEoEM\255"
 183      8AE7E0F9 
 183      0E7FE16A 
 183      456F454D 
 183      AD
 184 0537 4083A10E 		.ascii	"@\203\241\016\206X\260\335\305\271\251J/\367b/\367\021"
 184      8658B0DD 
 184      C5B9A94A 
 184      2FF7622F 
 184      F711
 185 0549 3465E541 		.ascii	"4e\345A\343\243\347\272\236\005R\004\242\036f\010#\255"
 185      E3A3E7BA 
 185      9E055204 
 185      A21E6608 
 185      23AD
ARM GAS  /tmp/ccTfOxvg.s 			page 14


 186 055b 99954A21 		.ascii	"\231\225J!\225\245]\365\262\355*O\322\376W\256\312\370"
 186      95A55DF5 
 186      B2ED2A4F 
 186      D2FE57AE 
 186      CAF8
 187 056d B92DD795 		.ascii	"\271-\327\225\236\315&\256\022>\274B\010\030\245\015"
 187      9ECD26AE 
 187      123EBC42 
 187      0818A50D 
 188 057d 7F2937BC 		.ascii	"\177)7\274~\240jT\213\235r\246\211\316;YK\366\227\210"
 188      7EA06A54 
 188      8B9D72A6 
 188      89CE3B59 
 188      4BF69788 
 189 0591 29A9E282 		.ascii	")\251\342\202A\236\330A\257\334-\030\004\005Y\261\017"
 189      419ED841 
 189      AFDC2D18 
 189      040559B1 
 189      0F
 190 05a2 E7186D56 		.ascii	"\347\030mV\363\244\023\277\230\205\214IM\333\346,\315"
 190      F3A413BF 
 190      98858C49 
 190      4DDBE62C 
 190      CD
 191 05b3 8747C4EC 		.ascii	"\207G\304\354l27\001\007\223D\321\227N\3518\203p=\013"
 191      6C323701 
 191      079344D1 
 191      974EE938 
 191      83703D0B 
 192 05c7 1CD1E079 		.ascii	"\034\321\340y\002>D\267\337vtg\004z\325\243\306\353"
 192      023E44B7 
 192      DF767467 
 192      047AD5A3 
 192      C6EB
 193 05d9 AFD3A4F4 		.ascii	"\257\323\244\364\327i\222\376u\032\272<yL\353eMH\272"
 193      D76992FE 
 193      751ABA3C 
 193      794CEB65 
 193      4D48BA
 194 05ec ADA724EB 		.ascii	"\255\247$\353)j}\257\362\372\210\340\3526{\026nU\014"
 194      296A7DAF 
 194      F2FA88E0 
 194      EA367B16 
 194      6E550C
 195 05ff 0DF8CA08 		.ascii	"\015\370\312\010)\263\265or\353\263z-\365~\203\025|"
 195      29B3B56F 
 195      72EBB37A 
 195      2DF57E83 
 195      157C
 196 0611 CD8A3F5E 		.ascii	"\315\212?^p\270\016\274\334gi\337\255\246\344#*\212"
 196      70B80EBC 
 196      DC6769DF 
 196      ADA6E423 
 196      2A8A
 197 0623 90C86B41 		.ascii	"\220\310kA\344)\202XWZ\0370k\177\222y\322\237$\236\364"
 197      E4298258 
 197      575A1F30 
ARM GAS  /tmp/ccTfOxvg.s 			page 15


 197      6B7F9279 
 197      D29F249E 
 198 0638 872C8853 		.ascii	"\207,\210S\323\241y^i7xEM\341Y\332\344\2520\306\030"
 198      D3A1795E 
 198      69377845 
 198      4DE159DA 
 198      E4AA30C6 
 199 064d ACEACF57 		.ascii	"\254\352\317W\177\273\350\223\210\010Ne3\377l\322\333"
 199      7FBBE893 
 199      88084E65 
 199      33FF6CD2 
 199      DB
 200 065e 97EBE26D 		.ascii	"\227\353\342mV]\254y\255n\235\321\2503X\327/\265\304"
 200      565DAC79 
 200      AD6E9DD1 
 200      A83358D7 
 200      2FB5C4
 201 0671 594C4B4D 		.ascii	"YLKM\206\265f\335G\341+\303#tf\21316>\312\244\263\331"
 201      86B566DD 
 201      47E12BC3 
 201      2374668B 
 201      31363ECA 
 202 0688 A3A24CD1 		.ascii	"\243\242L\321\3411\\\220\315d\327\307\333\315\261\372"
 202      E1315C90 
 202      CD64D7C7 
 202      DBCDB1FA 
 203 0698 E8841F4D 		.ascii	"\350\204\037MV\2339\316\242\2166[\327'\030\254&?I\021"
 203      569B39CE 
 203      A28E365B 
 203      D72718AC 
 203      263F4911 
 204 06ac 65B01BD4 		.ascii	"e\260\033\324\030.\212(}\315Qz\243\311b7Y5z}\274\331"
 204      182E8A28 
 204      7DCD517A 
 204      A3C96237 
 204      59357A7D 
 205 06c2 625FB15C 		.ascii	"b_\261\\o_J\003\313\340\026S\002\341\260\336`\2141["
 205      6F5F4A03 
 205      CBE01653 
 205      02E1B0DE 
 205      608C315B 
 206 06d6 4C3A3D46 		.ascii	"L:=F2\304\307\332\365\366\215\033L6\214\251\226\335"
 206      32C4C7DA 
 206      F5F68D1B 
 206      4C368CA9 
 206      96DD
 207 06e8 164FE766 		.ascii	"\026O\347f\333h\323\351\221\037\332\240\255\017\206"
 207      DB68D3E9 
 207      911FDAA0 
 207      AD0F86
 208 06f7 8B31AF8B 		.ascii	"\2131\257\213\321\304$\350%:*T\305\306%,\011\017\327"
 208      D1C424E8 
 208      253A2A54 
 208      C5C6252C 
 208      090FD7
 209 070a E1CF6635 		.ascii	"\341\317f5\352\010\177\027\014MF2E\000\315\027\337\351"
 209      EA087F17 
ARM GAS  /tmp/ccTfOxvg.s 			page 16


 209      0C4D4632 
 209      4500CD17 
 209      DFE9
 210 071c 23D9CA2F 		.ascii	"#\331\312/\362\323\257\277\371r\315\352U\230\317\007"
 210      F2D3AFBF 
 210      F972CDEA 
 210      5598CF07 
 211 072c 6F797B79 		.ascii	"oy{y\031=\312\022#\227\305\307f\267Z\214\0336*bM\206"
 211      193DCA12 
 211      2397C5C7 
 211      66B75A8C 
 211      1B362A62 
 212 0742 681F4B9C 		.ascii	"h\037K\234=\306\032\227\200W\213%>6v\341\264\231\330"
 212      3DC61A97 
 212      80578B25 
 212      3E3676E1 
 212      B499D8
 213 0755 AD66CB3A 		.ascii	"\255f\313:\344\240\225 \364fKt\334\17747\011\007"
 213      E4A09520 
 213      F4664B74 
 213      DC7F3437 
 213      0907
 214              		.text
 215              		.section	.gnu.lto_.symtab.4615b8e849deb2e9,"",%progbits
 216 0000 7365745F 		.ascii	"set_util_fwversion\000"
 216      7574696C 
 216      5F667776 
 216      65727369 
 216      6F6E00
 217 0013 00       		.ascii	"\000"
 218 0014 00       		.ascii	"\000"
 219 0015 00       		.ascii	"\000"
 220 0016 00000000 		.ascii	"\000\000\000\000\000\000\000\000"
 220      00000000 
 221 001e E7000000 		.ascii	"\347\000\000\000"
 222 0022 7365745F 		.ascii	"set_util_hwversion\000"
 222      7574696C 
 222      5F687776 
 222      65727369 
 222      6F6E00
 223 0035 00       		.ascii	"\000"
 224 0036 00       		.ascii	"\000"
 225 0037 00       		.ascii	"\000"
 226 0038 00000000 		.ascii	"\000\000\000\000\000\000\000\000"
 226      00000000 
 227 0040 E9000000 		.ascii	"\351\000\000\000"
 228 0044 76657273 		.ascii	"version_info\000"
 228      696F6E5F 
 228      696E666F 
 228      00
 229 0051 00       		.ascii	"\000"
 230 0052 00       		.ascii	"\000"
 231 0053 00       		.ascii	"\000"
 232 0054 00000000 		.ascii	"\000\000\000\000\000\000\000\000"
 232      00000000 
 233 005c FB000000 		.ascii	"\373\000\000\000"
 234              		.text
ARM GAS  /tmp/ccTfOxvg.s 			page 17


 235              		.section	.gnu.lto_.opts,"",%progbits
 236 0000 272D666D 		.ascii	"'-fmath-errno' '-fsigned-zeros' '-ftrapping-math' '"
 236      6174682D 
 236      6572726E 
 236      6F272027 
 236      2D667369 
 237 0033 2D666E6F 		.ascii	"-fno-trapv' '-fno-openmp' '-fno-openacc' '-mcpu=cor"
 237      2D747261 
 237      70762720 
 237      272D666E 
 237      6F2D6F70 
 238 0066 7465782D 		.ascii	"tex-m0' '-mno-thumb-interwork' '-mthumb' '-ggdb' '-"
 238      6D302720 
 238      272D6D6E 
 238      6F2D7468 
 238      756D622D 
 239 0099 4F322720 		.ascii	"O2' '-fomit-frame-pointer' '-falign-functions=16' '"
 239      272D666F 
 239      6D69742D 
 239      6672616D 
 239      652D706F 
 240 00cc 2D666675 		.ascii	"-ffunction-sections' '-fdata-sections' '-fno-common"
 240      6E637469 
 240      6F6E2D73 
 240      65637469 
 240      6F6E7327 
 241 00ff 2720272D 		.ascii	"' '-flto'\000"
 241      666C746F 
 241      2700
 242              		.text
 243              		.comm	__gnu_lto_v1,1,1
 244              		.comm	__gnu_lto_slim,1,1
 245              		.ident	"GCC: (15:5.4.1+svn241155-1) 5.4.1 20160919"
ARM GAS  /tmp/ccTfOxvg.s 			page 18


DEFINED SYMBOLS
                            *ABS*:0000000000000000 util_version.c
                            *COM*:0000000000000001 __gnu_lto_v1
                            *COM*:0000000000000001 __gnu_lto_slim

NO UNDEFINED SYMBOLS
