ARM GAS  /tmp/ccSIqEO6.s 			page 1


   1              		.syntax unified
   2              		.cpu cortex-m4
   3              		.fpu softvfp
   4              		.eabi_attribute 20, 1
   5              		.eabi_attribute 21, 1
   6              		.eabi_attribute 23, 3
   7              		.eabi_attribute 24, 1
   8              		.eabi_attribute 25, 1
   9              		.eabi_attribute 26, 1
  10              		.eabi_attribute 30, 2
  11              		.eabi_attribute 34, 1
  12              		.eabi_attribute 18, 4
  13              		.thumb
  14              		.syntax unified
  15              		.file	"board.c"
  16              		.text
  17              	.Ltext0:
  18              		.section	.gnu.lto_.profile.626be33c827ab0cf,"",%progbits
  19 0000 789C6361 		.ascii	"x\234ca`d`a`\000\222|\314\000\000\211\000\034"
  19      60646061 
  19      6000927C 
  19      CC000089 
  19      001C
  20              		.text
  21              		.section	.gnu.lto_.icf.626be33c827ab0cf,"",%progbits
  22 0000 789C6361 		.ascii	"x\234ca`d\000\001\021\006\004`f\230?\363\3201.\306\365"
  22      60640001 
  22      11060460 
  22      66983FF3 
  22      D0312EC6 
  23 0015 331FB430 		.ascii	"3\037\26401M\233xd\0017\003\000X\374\010."
  23      314D9B78 
  23      64013703 
  23      0058FC08 
  23      2E
  24              		.text
  25              		.section	.gnu.lto_.jmpfuncs.626be33c827ab0cf,"",%progbits
  26 0000 789C6361 		.ascii	"x\234ca`d\000\001N\006\004`\002\021 a\000\001\177\000"
  26      60640001 
  26      4E060460 
  26      02112061 
  26      00017F00 
  27 0014 12       		.ascii	"\022"
  28              		.text
  29              		.section	.gnu.lto_.inline.626be33c827ab0cf,"",%progbits
  30 0000 789C6361 		.ascii	"x\234ca`d\000\001m\006\004`b``\341a\004Q\014l\013\344"
  30      60640001 
  30      6D060460 
  30      626060E1 
  30      6104510C 
  31 0017 41140323 		.ascii	"A\024\003#\027\210``fB\025f\000\000-\221\001\350"
  31      17886060 
  31      66421566 
  31      00002D91 
  31      01E8
  32              		.text
  33              		.section	.gnu.lto_.pureconst.626be33c827ab0cf,"",%progbits
ARM GAS  /tmp/ccSIqEO6.s 			page 2


  34 0000 789C6361 		.ascii	"x\234ca`d`e```b\220`d\000\000\000\315\000&"
  34      60646065 
  34      60606062 
  34      90606400 
  34      0000CD00 
  35              		.text
  36              		.section	.gnu.lto___early_init.626be33c827ab0cf,"",%progbits
  37 0000 789C6361 		.ascii	"x\234ca`d\000\201U@l\007\304\322@\314\310\314\300\310"
  37      60640081 
  37      55406C07 
  37      C4D240CC 
  37      C8CCC0C8 
  38 0014 34E11C03 		.ascii	"4\341\034\003C#\007\023##\210\321\300\301\310P\317\304"
  38      43230713 
  38      232388D1 
  38      C0C1C850 
  38      CFC4
  39 0026 58CFF895 		.ascii	"X\317\370\225\351/\023\343\241\366g;\2314\2277\000\301"
  39      E92F13E3 
  39      A1F6673B 
  39      99349737 
  39      00C1
  40 0038 83A7CF0C 		.ascii	"\203\247\317\014\032V\034`lef`\370\317\0046\211\201"
  40      1A561C60 
  40      6C656660 
  40      F8CF0436 
  40      8981
  41 004a 7139A326 		.ascii	"q9\243&\003P\331\243\215\377\246\362\262\265\200\224"
  41      0350D9A3 
  41      8DFFA6F2 
  41      B2B58094 
  42 005a 29402419 		.ascii	")@$\031W0\262\201\254[\037t\240\341\377\377\346\206"
  42      5730B281 
  42      AC5B1F74 
  42      A0E1FFFF 
  42      E686
  43 006c 86CF06F3 		.ascii	"\206\317\006\363\224\201:?\000%A\326|db\002\321\314"
  43      94813A3F 
  43      002541D6 
  43      7C646202 
  43      D1CC
  44 007e 2F189B0F 		.ascii	"/\030\233\017\354>\306\010R\0162h\347\3167\267\331\353"
  44      EC3EC608 
  44      520E3268 
  44      E7CE37B7 
  44      D9EB
  45 0090 FF367434 		.ascii	"\3776t44\010\26423\376g\002\232\301\270\222\261\236"
  45      3408B432 
  45      33FE6702 
  45      9AC1B892 
  45      B19E
  46 00a2 A1959989 		.ascii	"\241\225\231\211\341\025c\323\201\275n`\245 \360\001"
  46      E11563D3 
  46      81BD6E60 
  46      A520F001 
  47 00b2 28093402 		.ascii	"(\0114\002h\240\215\236\236>\0049gd&e\372\007\353\347"
  47      68A08D9E 
ARM GAS  /tmp/ccSIqEO6.s 			page 3


  47      9E3E0439 
  47      67642665 
  47      FA07EBE7 
  48 00c6 17EB6724 		.ascii	"\027\353g$\346\350'\345'\026\245\024\353\007\207\304"
  48      E6E827E5 
  48      2716A514 
  48      EB0787C4 
  49 00d6 0787F81A 		.ascii	"\007\207\370\032\033\271\231\304\273x\006;\373\207\271"
  49      1BB999C4 
  49      BB78063B 
  49      FB87B9
  50 00e5 064542E4 		.ascii	"\006EB\344\364\222\031\000q\260Q\232"
  50      F4921900 
  50      71B0519A 
  51              		.text
  52              		.section	.gnu.lto_boardInit.626be33c827ab0cf,"",%progbits
  53 0000 789C6361 		.ascii	"x\234ca`d\000\201j \266\003bi fdf`d\232p\216\201\241"
  53      60640081 
  53      6A20B603 
  53      62692066 
  53      64666064 
  54 0019 91838991 		.ascii	"\221\203\211\221\021\304h\340`d\250gb\254g\374\312\364"
  54      11C468E0 
  54      6064A867 
  54      62AC67FC 
  54      CAF4
  55 002b 9789F150 		.ascii	"\227\211\361P\373\263\235L\232\313\033\200\340A\353"
  55      FBB39D4C 
  55      9ACB1B80 
  55      E041EB
  56 003a 22C38615 		.ascii	"\"\303\206\025\007\030[\231\031\030\3763\201Mb`\\\316"
  56      07185B99 
  56      1918FE33 
  56      814D6260 
  56      5CCE
  57 004c A8C90054 		.ascii	"\250\311\000T\366h\343\277\251\274l- e\012\020I\306"
  57      F668E3BF 
  57      A9BC6C2D 
  57      20650A10 
  57      49C6
  58 005e 158C6C20 		.ascii	"\025\214l \353\326\007\035h\370\377\277\271\241\341"
  58      EBD6071D 
  58      68F8FFBF 
  58      B9A1E1
  59 006d AE41A72A 		.ascii	"\256A\247*P\342\003\020\203\254\371\310\304\004\242"
  59      50E20310 
  59      83ACF9C8 
  59      C404A2
  60 007c 995F3132 		.ascii	"\231_12\201\224\202M\373\300\304\010\022\003\252\260"
  60      8194824D 
  60      FBC0C408 
  60      1203AAB0 
  61 008c D1D3D387 		.ascii	"\321\323\323\207 \347\214\314\244L\377`\375\374b\375"
  61      20E78CCC 
  61      A44CFF60 
  61      FDFC62FD 
  62 009c 8CC41CFD 		.ascii	"\214\304\034\375\244\374\304\242\224b\375\340\220\370"
ARM GAS  /tmp/ccSIqEO6.s 			page 4


  62      A4FCC4A2 
  62      9462FDE0 
  62      90F8
  63 00aa E0105F63 		.ascii	"\340\020_c#7\223x\027\317`g\3770\327\240H\210\234^2"
  63      23379378 
  63      17CF6067 
  63      FF30D7A0 
  63      48889C5E 
  64 00bf 0300A3A6 		.ascii	"\003\000\243\246>\352"
  64      3EEA
  65              		.text
  66              		.section	.gnu.lto_pal_default_config.626be33c827ab0cf,"",%progbits
  67 0000 789CDD93 		.ascii	"x\234\335\223\313/\003Q\030\305\347\273\323\007\255"
  67      CB2F0351 
  67      18C5E7BB 
  67      D307AD
  68 000f 123B0BC2 		.ascii	"\022;\013\302Z\302\272\177\226?\341\252V\020\241R\025"
  68      5AC2BA7F 
  68      963FE1AA 
  68      5610A152 
  68      15
  69 0020 8F48A41E 		.ascii	"\217H\244\036\325\226\226\026m\275\332\352#\026\324"
  69      D5969616 
  69      6DBDDAEA 
  69      2316D4
  70 002f A6C54654 		.ascii	"\246\305FT\274B(\301\242U\235\272\267\367\222\334\244"
  70      BC4228C1 
  70      A2559DBA 
  70      B7F792DC 
  70      A4
  71 0040 1B5BB398 		.ascii	"\033[\263\2303\347d\346;\277|3\243\222@\242G\233J\342"
  71      33E764E6 
  71      3BBF7C33 
  71      A39240A2 
  71      479B4AE2 
  72 0054 57925446 		.ascii	"W\222TF\340{\012\027\015\037\310\"\223\220\330\305\317"
  72      E07B0A17 
  72      0D1FC822 
  72      9390D8C5 
  72      CF
  73 0065 D2ABCC6C 		.ascii	"\322\253\314l\245\"\223\340\342\320\345\371\015*\225"
  73      A52293E0 
  73      E2D0E5F9 
  73      0D2A95
  74 0074 2612A543 		.ascii	"&\022\245Cc%\265q\013\017\314\341\036\213\014\012\222"
  74      6325B571 
  74      0B0FCCE1 
  74      1E8B0C0A 
  74      92
  75 0085 C009AD0A 		.ascii	"\300\011\255\012\002&\010\\Td\346T\260LE\315\234\206"
  75      0226085C 
  75      5464E654 
  75      B04C45CD 
  75      9C86
  76 0097 8AF4CF66 		.ascii	"\212\364\317f\004\363\236 _a\224zk,\340\324\2123\275"
  76      04F39E20 
  76      5F61947A 
ARM GAS  /tmp/ccSIqEO6.s 			page 5


  76      6B2CE0D4 
  76      8A33BD
  77 00aa 7F9DE9CA 		.ascii	"\177\235\351\312\034?\352\370\332\333\211\217\227S\375"
  77      1C3FEAF8 
  77      DADB898F 
  77      9753FD
  78 00b9 5AE6B373 		.ascii	"Z\346\263sYD\222\333\364\333;\277\003\233\360\262\232"
  78      594492DB 
  78      F4DB3BBF 
  78      039BF0B2 
  78      9A
  79 00ca 44D78E40 		.ascii	"D\327\216@Q/\026\373k\025\257\263\342\265Z\3057\205"
  79      512F16FB 
  79      6B15AFB3 
  79      E2B55AC5 
  79      3785
  80 00dc F5233D1F 		.ascii	"\365#=\037;\334B\002\317hn\260\236\007\344\320\220\310"
  80      3BDC4202 
  80      CF686EB0 
  80      9E07E4D0 
  80      90C8
  81 00ee 649B30F3 		.ascii	"d\2330\363\352\214{\334A\253\335w_a\376\231\364bS3I"
  81      EA8C7BDC 
  81      41ABDD77 
  81      5F61FE99 
  81      F4625333 
  82 0103 727E6556 		.ascii	"r~eV'\302\004k\301l\011[\330d0\033\014\346\351\324\227"
  82      27C2046B 
  82      C16C095B 
  82      D864301B 
  82      0CE6E9D4 
  83 0118 D7FC7677 		.ascii	"\327\374vw\220dl\351\244\213\005\366\241\244\2336\247"
  83      90646CE9 
  83      A48B05F6 
  83      A1A49B36 
  83      A7
  84 0129 AEE6A739 		.ascii	"\256\346\2479_TE<\316'\260\232?\023\243\217\\\332\237"
  84      5F54453C 
  84      CE27B09A 
  84      3F13A38F 
  84      5CDA9F
  85 013c ED1A1164 		.ascii	"\355\032\021d\227\201\354\010 \333\002H\230\201x\031"
  85      9781EC08 
  85      20DB0248 
  85      98817819 
  86 014c 48C13F1D 		.ascii	"H\301?\035i\340C3\235$\230\231|\2116\376\220\235WA\212"
  86      69E04333 
  86      9D249899 
  86      7C8936FE 
  86      909D5741 
  87 0161 4EC5CAA3 		.ascii	"N\305\312\243\0146c\312\222\235*d\021\177\213gJ\365"
  87      0C3663CA 
  87      929D2A64 
  87      117F8B67 
  87      4AF5
  88 0173 E7E9CB25 		.ascii	"\347\351\313%G\340g\222\251\372&\037\312\366n\221\357"
  88      47E06792 
ARM GAS  /tmp/ccSIqEO6.s 			page 6


  88      A9FA261F 
  88      CAF66E91 
  88      EF
  89 0184 4058548C 		.ascii	"@XT\214\361E\005\276\010\343\333g|\367\016\333\002_"
  89      F14505BE 
  89      08E3DB67 
  89      7CF70EDB 
  89      025F
  90 0196 B655B6C8 		.ascii	"\266U\266\310HAZ\210\203QAu\260G\245\036BTt\020\240"
  90      48415A88 
  90      83514175 
  90      B047A51E 
  90      42547410 
  91 01ab A2071F95 		.ascii	"\242\007\037\225\006X\245b\200\025*\215\340\241\322"
  91      0658A562 
  91      80152A8D 
  91      E0A1D2
  92 01ba 046E304A 		.ascii	"\004n0J\220 \247oJ\177k\013"
  92      9020A76F 
  92      4A7F6B0B 
  93              		.text
  94              		.section	.gnu.lto_.symbol_nodes.626be33c827ab0cf,"",%progbits
  95 0000 789C6361 		.ascii	"x\234ca`d\360`\000\002\246\255L\365\014\014\023\316"
  95      6064F060 
  95      0002A6AD 
  95      4CF50C0C 
  95      13CE
  96 0012 313000A9 		.ascii	"10\000\251]\015\212@\221mL\365\214(\"\254[\230\030\032"
  96      5D0D8A40 
  96      916D4CF5 
  96      8C2822AC 
  96      5B98181A 
  97 0026 85808A19 		.ascii	"\205\200\212\031\2673\3253\201\245\030\030\032\032\024"
  97      B733D533 
  97      81A51818 
  97      1A1A14
  98 0035 18189881 		.ascii	"\030\030\230\201p\311\203\177\214\014\000t\237\020\300"
  98      70C9837F 
  98      8C0C0074 
  98      9F10C0
  99              		.text
 100              		.section	.gnu.lto_.refs.626be33c827ab0cf,"",%progbits
 101 0000 789C6361 		.ascii	"x\234ca`\004B \000\000\0009\000\007"
 101      60044220 
 101      00000039 
 101      0007
 102              		.text
 103              		.section	.gnu.lto_.decls.626be33c827ab0cf,"",%progbits
 104 0000 789C9D56 		.ascii	"x\234\235VmLSW\030\276\247\267\024(\345#`\026\177\220"
 104      6D4C5357 
 104      18BEA7B7 
 104      1428E523 
 104      60167F90 
 105 0014 8C981AF9 		.ascii	"\214\230\032\3713nD\177\370cK\346\300\017\0227\211\240"
 105      336E447F 
 105      F8634BE6 
 105      C00F1237 
ARM GAS  /tmp/ccSIqEO6.s 			page 7


 105      89A0
 106 0026 89BF9A42 		.ascii	"\211\277\232B\2534\253\264i\313\246\331\217]\006\012"
 106      AB34ABB4 
 106      69CBA6D9 
 106      8F5D060A 
 107 0036 6A149045 		.ascii	"j\024\220E\007S\343W\006L>\212\210 \210\340\234\210"
 107      0753E357 
 107      064C3E8A 
 107      882088E0 
 107      9C88
 108 0048 8CEF2A8A 		.ascii	"\214\357*\212\024\254\037\240((\010(L\231{\3179\267"
 108      14AC1FA0 
 108      28280828 
 108      4C997BCF 
 108      39B7
 109 005a BD7081C4 		.ascii	"\275p\201\304\355\204\247\347\276\367}\316\363\276\347"
 109      ED84A7E7 
 109      BEF77DCE 
 109      F3BEE7
 110 0069 3DEF2995 		.ascii	"=\357)\2253\210\301c\235\222a\036\303\343{x\376\000"
 110      3388C163 
 110      9D92611E 
 110      C3E37B78 
 110      FE00
 111 007b 430EF336 		.ascii	"C\016\3636F\034,\240\004P\006(\007\340U\023\314\334"
 111      461C2CA0 
 111      04500628 
 111      07E05513 
 111      CCDC
 112 008d 5122F0F0 		.ascii	"Q\"\360\360\272I@\261\360^&\370\312\231\371\243L\320"
 112      BA4940B1 
 112      F05E26F8 
 112      CA99F9A3 
 112      4CD0
 113 009f 72C742C2 		.ascii	"r\307B\302;\351\230\020\264W\000\356\002\306\001A\200"
 113      3BE99810 
 113      B45700EE 
 113      02C60141 
 113      80
 114 00b0 764017A0 		.ascii	"v@\027\240\025\340\000\264\000n\003:\000\317\000C\200"
 114      15E000B4 
 114      006E033A 
 114      00CF0043 
 114      80
 115 00c1 178011C0 		.ascii	"\027\200\021\3000\340)\340%\3409`p\2018x\314\310P\235"
 115      30E029E0 
 115      25E03960 
 115      70813878 
 115      CCC8509D 
 116 00d5 E35D9BBC 		.ascii	"\343]\233\274\027\365 \310\035\005\321\314\020\375D"
 116      17F520C8 
 116      1D05D1CC 
 116      10FD44
 117 00e4 040C0531 		.ascii	"\004\014\0051\341AF>\031\361\025r\023\005[\346~d<b\344"
 117      E141463E 
 117      19F11572 
 117      13055BE6 
ARM GAS  /tmp/ccSIqEO6.s 			page 8


 117      7E643C62 
 118 00f9 4F584F6A 		.ascii	"OXOjN\006\021\021\325\221\260\210\332\356\032!\301\226"
 118      4E061111 
 118      D591B088 
 118      DAEE1A21 
 118      C196
 119 010b 89011035 		.ascii	"\211\001\0205\335\013f\351\321t\00591g\317\236\220{"
 119      DD0B66E9 
 119      D1740539 
 119      3167CF9E 
 119      907B
 120 011d D3632359 		.ascii	"\323c#Ym\201\254\014\341\347\007\323\205\353#\212y\030"
 120      6D81AC0C 
 120      E1E707D3 
 120      85EB238A 
 120      7918
 121 012f D93C2FFB 		.ascii	"\331</\373T\254Lg\272\3758;!C\301J$\307kZ\363\037\007"
 121      54AC4C67 
 121      BAFD383B 
 121      2143C14A 
 121      24C76B5A 
 122 0146 80B94489 		.ascii	"\200\271D\211\302\300\234\271\365k\276l\351Q\262.\215"
 122      C2C09CB9 
 122      F56BBE6C 
 122      E951B22E 
 122      8D
 123 0157 0F93A36D 		.ascii	"\017\223\243m\237\240\363(\024\375\216B!P1Z\012\237"
 123      9FA0F328 
 123      14FD8E42 
 123      2150315A 
 123      0A9F
 124 0169 0972AA94 		.ascii	"\011r\252\224\221?s\314o\331)\376\224\235w\215\015\253"
 124      913F73CC 
 124      6FD929FE 
 124      949D778D 
 124      0DAB
 125 017b 8EA6F14D 		.ascii	"\216\246\361M\260,\014\263P!bQ\021\212\300\331\301#"
 125      B02C0CB3 
 125      50216251 
 125      118AC0D9 
 125      C123
 126 018d 9E0A502F 		.ascii	"\236\012P/\244]\202\226\301\312\226\301\276\037\330"
 126      A45D8296 
 126      C1CA96C1 
 126      BE1FD8
 127 019c AD24CFC1 		.ascii	"\255$\317\301\207\307\267\203\206\335\3167d7\253\370"
 127      87C7B783 
 127      86DDCE37 
 127      6437ABF8 
 128 01ac EC549EFF 		.ascii	"\354T\236\377\222(\224\212\012\245\263\025\312\210\002"
 128      9228948A 
 128      0AA5B315 
 128      CA8802
 129 01bb FFACD619 		.ascii	"\377\254\326\031\310j\210\304\245\262\212q\177\320p"
 129      C86A88C4 
 129      A5B28A71 
 129      7FD070
ARM GAS  /tmp/ccSIqEO6.s 			page 9


 130 01ca F1BCABF3 		.ascii	"\361\274\253\363f|\275\375\011\237\031L\222EvQ\304N"
 130      667CBDFD 
 130      099F194C 
 130      92457651 
 130      C44E
 131 01dc 44E0A19C 		.ascii	"D\340\241\234\0104]/}\343\307\026!\242\320\354\234z"
 131      08345D2F 
 131      7DE3C716 
 131      21A2D0EC 
 131      9C7A
 132 01ee E84D6BF2 		.ascii	"\350Mk\362\036\201\375\374\320\007\247\212\026\305\025"
 132      1E81FDFC 
 132      D007A78A 
 132      16C515
 133 01fd 08764DDF 		.ascii	"\010vM\337X\203\037\365\273\260\277\272n$\222\232\241"
 133      58831FF5 
 133      BBB0BFBA 
 133      6E24929A 
 133      A1
 134 020e B3BC4B04 		.ascii	"\263\274K\004\257\375J\372H\000u7`\373\340\336\254\375"
 134      AFFD4AFA 
 134      48007537 
 134      60FBE0DE 
 134      ACFD
 135 0220 DEEC151A 		.ascii	"\336\354\025\032\352e\372\200K\220Z\012f\327h\313\011"
 135      EA65FA80 
 135      4B905A0A 
 135      66D768CB 
 135      09
 136 0231 C10C02D3 		.ascii	"\301\014\002\323\271\177\337I\005{\235R\373\232\212"
 136      B97FDF49 
 136      057B9D52 
 136      FB9A8A
 137 0240 CEE3935A 		.ascii	"\316\343\223Z\241D\270\021p\"e\303\227\247\375\351+"
 137      A144B811 
 137      702265C3 
 137      97A7FDE9 
 137      2B
 138 0251 CCE8CA7A 		.ascii	"\314\350\312z}\316\233m\"tY\343\241\212\013~(\\\371"
 138      7DCE9B6D 
 138      227459E3 
 138      A18A0B7E 
 138      285CF9
 139 0264 1B3E3CD7 		.ascii	"\033><\327\335\266\350\234\0148yt\015)Q\275X\206\025"
 139      DDB6E89C 
 139      0C387974 
 139      0D2951BD 
 139      588615
 140 0277 F03DC164 		.ascii	"\360=\301d\362\374O\370|\203\233\002\030\317\361B\262"
 140      F2FC4FF8 
 140      7C839B02 
 140      18CFF142 
 140      B2
 141 0288 E1581813 		.ascii	"\341X\030\023\321UxY\007/!H\321\271\2343\0126\225\264"
 141      D1557859 
 141      072F2148 
 141      D1B99C33 
ARM GAS  /tmp/ccSIqEO6.s 			page 10


 141      0A3695B4 
 142 029c 952CEFE2 		.ascii	"\225,\357\342\357o\225\236 \225GVC\213\005\241?!\306"
 142      EF6F959E 
 142      20954756 
 142      438B05A1 
 142      3F21C6
 143 02af 1F620C08 		.ascii	"\037b\014\010\271h\220\353\013\007yT\343L\225\261%\264"
 143      B96890EB 
 143      0B077954 
 143      E34C95B1 
 143      25B4
 144 02c1 77F36B27 		.ascii	"w\363k'\232\275hQ|\300|\225{\243U\306\226S\337\340\275"
 144      9ABD6851 
 144      7CC07C95 
 144      7BA355C6 
 144      9653DFE0 
 145 02d6 B43C055B 		.ascii	"\264<\005[E\215\354\231\036^\301\326S\343\320\253\251"
 145      458DEC99 
 145      1E5EC1D6 
 145      53E3D0AB 
 145      A9
 146 02e7 D372B691 		.ascii	"\323r\266\221\032=io\273\375\331\026b\370\226N\037|"
 146      1A3D696F 
 146      BBFDD916 
 146      62F8964E 
 146      1F7C
 147 02f9 A2426A75 		.ascii	"\242Bju\210Z\035\256V\253\317\340\304\\\216\356\037"
 147      885A1DAE 
 147      56ABCFE0 
 147      C45C8EEE 
 147      1F
 148 030a 730BF6F1 		.ascii	"s\013\366\361\331Z\222\375\015\310\276\015\205\210y"
 148      D95A92FD 
 148      0DC8BE0D 
 148      858879
 149 0319 D692865F 		.ascii	"\326\222\206_\011\037\014\3417\274iW\271\311MRr\243"
 149      091F0CE1 
 149      37BC6957 
 149      B9C94D52 
 149      72A3
 150 032b 48CE11AE 		.ascii	"H\316\021\256\034\217l\014\252\002\302%\342\303t\330"
 150      1C8F6C0C 
 150      AA02C225 
 150      E2C374D8 
 151 033b 33EA84ED 		.ascii	"3\352\204\355\267#5\352\002\264\002\034\200\026\300"
 151      B72335EA 
 151      02B4021C 
 151      8016C0
 152 034a 6D400752 		.ascii	"m@\007R\223\016\245\361\372\305x\315\322x\234$\267\243"
 152      930EA5F1 
 152      FAC578CD 
 152      D2789C24 
 152      B7A3
 153 035c 5D1EEE5F 		.ascii	"]\036\356_Rn\215\230\0339\264\206^\020\346}0\211\021"
 153      526E8D98 
 153      1B39B486 
 153      5E10E67D 
ARM GAS  /tmp/ccSIqEO6.s 			page 11


 153      308911
 154 036f 0E4C0C3A 		.ascii	"\016L\014:\336\036\232\3077\244\263D\352\326\202a\317"
 154      DE1E9AC7 
 154      37A4B344 
 154      EAD68261 
 154      CF
 155 0380 2331EEDF 		.ascii	"#1\356\337b\2167\027\256\311l\366\0211\313+\013\227"
 155      628E3717 
 155      AEC96CF6 
 155      1131CB2B 
 155      0B97
 156 0392 9BB2E1F8 		.ascii	"\233\262\341\370\352\377I\357P\260Y,\351\271\264sc9"
 156      EAFF49EF 
 156      50B0592C 
 156      E9B9B473 
 156      6339
 157 03a4 3E283C84 		.ascii	">(<\204\246\237\327\205p\372wa\365\035\261\345\360n"
 157      A69FD785 
 157      70FA7761 
 157      F51DB1E5 
 157      F06E
 158 03b6 16293EEA 		.ascii	"\026)>\352\206\232\377\227\372C\374\361\302\013'}h\007"
 158      869AFF97 
 158      FA43FCF1 
 158      C20B277D 
 158      6807
 159 03c8 16E22B3C 		.ascii	"\026\342+<4\323\370\302\213=C\362A\305\2557\235\302"
 159      34D3F8C2 
 159      8B3D43F2 
 159      41C5AD37 
 159      9DC2
 160 03da 37682676 		.ascii	"7h&v:\336vd(\331\"\352\3740\324s\326\227:G\261}\240"
 160      3ADE7664 
 160      28D922EA 
 160      FC30D473 
 160      D6973A47 
 161 03f1 32F76C20 		.ascii	"2\367l k\247N\307\340\351t\025uv`\373pVE\271\222\255"
 161      6BA74EC7 
 161      E0E97415 
 161      757660FB 
 161      705645B9 
 162 0407 A2CEC2C1 		.ascii	"\242\316\302\301\343\207\005\347\0320+[\253\373\275"
 162      E38705E7 
 162      1A302B5B 
 162      ABFBBD
 163 0416 D8ABD4E7 		.ascii	"\330\253\324\347|\335\235\341\307\336\240F\331\373\237"
 163      7CDD9DE1 
 163      C7DEA046 
 163      D9FB9F
 164 0425 0B146C0B 		.ascii	"\013\024l\01352Z'\013d\254\203\030~9u'\252\374\021\264"
 164      35325A27 
 164      0B64AC83 
 164      187E3975 
 164      27AAFC11 
 165 043a B930C2E7 		.ascii	"\2710\302\347\024\344\"\024\244\202\324y@\250\306+\250"
 165      14E42214 
 165      A482D479 
ARM GAS  /tmp/ccSIqEO6.s 			page 12


 165      40A8C62B 
 165      A8
 166 044b C633D8F9 		.ascii	"\3063\330\371\020\340\005`\0040\014x\012x\011x\016\030"
 166      10E00560 
 166      04300C78 
 166      0A780978 
 166      0E18
 167 045d 14BB12AA 		.ascii	"\024\273\022\252\337\351\010M%\015\202\353\377\004\352"
 167      DFE9084D 
 167      250D82EB 
 167      FF04EA
 168 046c 8FA53C95 		.ascii	"\217\245<\225\256\234si\200\376K\034>q\314\355\225r"
 168      AE9C7369 
 168      80FE4B1C 
 168      3E71CCED 
 168      9572
 169 047e EFCFED0F 		.ascii	"\357\317\355\017 wlq\223\037K\311\234D\367\236\207\372"
 169      20776C71 
 169      931F4BC9 
 169      9C44F79E 
 169      87FA
 170 0490 484AAD99 		.ascii	"HJ\255\231\247[\355I\342\262\224\\=\217<\352Q~(%\273"
 170      A75BED49 
 170      E2B2945C 
 170      3D8F3CEA 
 170      517E2825 
 171 04a5 A4BBCBF6 		.ascii	"\244\273\313\366\010\367I\271N)w\312\243\373@\312\355"
 171      08F749B9 
 171      4E2977CA 
 171      A3FB40CA 
 171      ED
 172 04b6 9F9784DD 		.ascii	"\237\227\204\335#\334#%\337\223^\347\332.r\235\007\346"
 172      23DC2325 
 172      DF935EE7 
 172      DA2E729D 
 172      07E6
 173 04c8 5E67E88C 		.ascii	"^g\350\214k\323\303{\003\331\373\364\016u\\\313\352"
 173      6BD3C37B 
 173      03D9FBF4 
 173      0E755CCB 
 173      EA
 174 04d9 0F40210B 		.ascii	"\017@!\0137\004z\015}\360\177z\202f0\351 7r\014\004"
 174      37047A0D 
 174      7DF07F7A 
 174      826630E9 
 174      2037720C 
 175 04ee 46C51B39 		.ascii	"F\305\0339@n$\344q,3\377~`\210\020\270a\321\300\314"
 175      406E24E4 
 175      712C33FF 
 175      7E608810 
 175      B861D1C0 
 176 0503 474705CD 		.ascii	"GG\005\315\334\211;-\336\313\317\362v\370\257?6\025"
 176      DC893B2D 
 176      DECBCFF2 
 176      76F8AF3F 
 176      3615
 177 0515 7384E737 		.ascii	"s\204\3477\242q\320\271@\343\317ju\374&\036~\335M\240"
ARM GAS  /tmp/ccSIqEO6.s 			page 13


 177      A271D0B9 
 177      40E3CF6A 
 177      75FC261E 
 177      7EDD4DA0 
 178 0529 E5B0EEDD 		.ascii	"\345\260\356\335@\331S\225\352\200\370\237\211\374J"
 178      40D95395 
 178      EA80F89F 
 178      89FC4A
 179 0538 107FE04C 		.ascii	"\020\177\340L\"\025\371\215\200g\225F\243\327Z\214{"
 179      2215F98D 
 179      80679546 
 179      A3D75A8C 
 179      7B
 180 0549 34866483 		.ascii	"4\206d\203\315g\3037[\303\242V\256d>\217\210\340\350"
 180      CD67C337 
 180      5BC3A256 
 180      AE643E8F 
 180      88E0E8
 181 055c 5F549221 		.ascii	"_T\222!\301\2609\2163Y\271$\255\221K0i-:+\027\027\257"
 181      C1B0398E 
 181      3359B924 
 181      AD914B30 
 181      692D3A2B 
 182 0573 898BFF7A 		.ascii	"\211\213\377zU\344\372\325\232\350\230\270\250\315\333"
 182      55E4FAD5 
 182      9AE898B8 
 182      A8CDDB
 183 0582 D66DD94E 		.ascii	"\326m\331N}\021\211\214/y\210\001\275 \253m\327\252"
 183      7D11898C 
 183      2F798801 
 183      BD20AB6D 
 183      D7AA
 184 0594 484DA2D1 		.ascii	"HM\242\321\224\370-\011\260f1]\263\311b\303\262\240"
 184      94F82D09 
 184      B066315D 
 184      B3C962C3 
 184      B2A0
 185 05a6 C909CABB 		.ascii	"\311\011\312\273wc\217\306h\324E$1\301fx\324\351whS"
 185      77638FC6 
 185      68D44524 
 185      31C16678 
 185      D4E97768 
 186 05bb 8C364DA2 		.ascii	"\2146M\242)y\207a\247\"vc\264\326\246\225kwX\214J\215"
 186      29798761 
 186      A7227663 
 186      B4D6A695 
 186      6B77588C 
 187 05d1 26C5906C 		.ascii	"&\305\220l\203X\266\317\270\024\253\2053$'\032Stz.Y"
 187      8358B6CF 
 187      B814AB85 
 187      3324271A 
 187      53747A2E 
 188 05e6 FFBDD190 		.ascii	"\377\275\321\220\300\355\322&&\031\222\365\234G\302"
 188      C0EDD226 
 188      261992F5 
 188      9C47C2
 189 05f5 B6C7ACB7 		.ascii	"\266\307\254\267\202\256\217{\331\262\205\226Y\367X"
ARM GAS  /tmp/ccSIqEO6.s 			page 14


 189      82AE8F7B 
 189      D9B28596 
 189      59F758
 190 0604 398DD5A6 		.ascii	"9\215\325\246\003\016pY\223\316\342eN1\353,\336&\253"
 190      030E7059 
 190      93CEE265 
 190      4E31EB2C 
 190      DE26AB
 191 0617 59AFD759 		.ascii	"Y\257\327Y\024&\254c\361\332e\322\351-8\221\244/>f\203"
 191      1426AC63 
 191      F1DA65D2 
 191      E92D3891 
 191      A42F3E66 
 192 062c 9B364573 		.ascii	"\2336Es\033bc6\177\027Ivh\026wI\353\265\323l0i\254z"
 192      1B626336 
 192      7F174976 
 192      68167749 
 192      EBB5D36C 
 193 0644 5B8A5963 		.ascii	"[\212YcS\304n\300\273T\304\256\247\323::E\323)\212N"
 193      53C46EC0 
 193      BB54C4AE 
 193      A7D33A3A 
 193      45D3298A 
 194 0659 5FD1692D 		.ascii	"_\321i-\235b\360\344\033\273vS\024\251\323\277\346{"
 194      9D62F0E4 
 194      1BBB7653 
 194      14A9D3BF 
 194      E67B
 195 066b A2C3     		.ascii	"\242\303"
 196              		.text
 197              		.section	.gnu.lto_.symtab.626be33c827ab0cf,"",%progbits
 198 0000 5F5F6561 		.ascii	"__early_init\000"
 198      726C795F 
 198      696E6974 
 198      00
 199 000d 00       		.ascii	"\000"
 200 000e 00       		.ascii	"\000"
 201 000f 00       		.ascii	"\000"
 202 0010 00000000 		.ascii	"\000\000\000\000\000\000\000\000"
 202      00000000 
 203 0018 AD000000 		.ascii	"\255\000\000\000"
 204 001c 626F6172 		.ascii	"boardInit\000"
 204      64496E69 
 204      7400
 205 0026 00       		.ascii	"\000"
 206 0027 00       		.ascii	"\000"
 207 0028 00       		.ascii	"\000"
 208 0029 00000000 		.ascii	"\000\000\000\000\000\000\000\000"
 208      00000000 
 209 0031 AF000000 		.ascii	"\257\000\000\000"
 210 0035 70616C5F 		.ascii	"pal_default_config\000"
 210      64656661 
 210      756C745F 
 210      636F6E66 
 210      696700
 211 0048 00       		.ascii	"\000"
 212 0049 00       		.ascii	"\000"
ARM GAS  /tmp/ccSIqEO6.s 			page 15


 213 004a 00       		.ascii	"\000"
 214 004b 00000000 		.ascii	"\000\000\000\000\000\000\000\000"
 214      00000000 
 215 0053 F4000000 		.ascii	"\364\000\000\000"
 216 0057 73746D33 		.ascii	"stm32_clock_init\000"
 216      325F636C 
 216      6F636B5F 
 216      696E6974 
 216      00
 217 0068 00       		.ascii	"\000"
 218 0069 02       		.ascii	"\002"
 219 006a 00       		.ascii	"\000"
 220 006b 00000000 		.ascii	"\000\000\000\000\000\000\000\000"
 220      00000000 
 221 0073 B1000000 		.ascii	"\261\000\000\000"
 222              		.text
 223              		.section	.gnu.lto_.opts,"",%progbits
 224 0000 272D666D 		.ascii	"'-fmath-errno' '-fsigned-zeros' '-ftrapping-math' '"
 224      6174682D 
 224      6572726E 
 224      6F272027 
 224      2D667369 
 225 0033 2D666E6F 		.ascii	"-fno-trapv' '-fno-openmp' '-fno-openacc' '-mcpu=cor"
 225      2D747261 
 225      70762720 
 225      272D666E 
 225      6F2D6F70 
 226 0066 7465782D 		.ascii	"tex-m4' '-mno-thumb-interwork' '-mthumb' '-ggdb' '-"
 226      6D342720 
 226      272D6D6E 
 226      6F2D7468 
 226      756D622D 
 227 0099 4F322720 		.ascii	"O2' '-fomit-frame-pointer' '-falign-functions=16' '"
 227      272D666F 
 227      6D69742D 
 227      6672616D 
 227      652D706F 
 228 00cc 2D666675 		.ascii	"-ffunction-sections' '-fdata-sections' '-fno-common"
 228      6E637469 
 228      6F6E2D73 
 228      65637469 
 228      6F6E7327 
 229 00ff 2720272D 		.ascii	"' '-flto'\000"
 229      666C746F 
 229      2700
 230              		.text
 231              		.comm	__gnu_lto_v1,1,1
 232              		.comm	__gnu_lto_slim,1,1
 233              		.ident	"GCC: (15:5.4.1+svn241155-1) 5.4.1 20160919"
ARM GAS  /tmp/ccSIqEO6.s 			page 16


DEFINED SYMBOLS
                            *ABS*:0000000000000000 board.c
                            *COM*:0000000000000001 __gnu_lto_v1
                            *COM*:0000000000000001 __gnu_lto_slim

NO UNDEFINED SYMBOLS
