ARM GAS  /tmp/ccPFbiqH.s 			page 1


   1              		.syntax unified
   2              		.cpu cortex-m4
   3              		.fpu softvfp
   4              		.eabi_attribute 20, 1
   5              		.eabi_attribute 21, 1
   6              		.eabi_attribute 23, 3
   7              		.eabi_attribute 24, 1
   8              		.eabi_attribute 25, 1
   9              		.eabi_attribute 26, 1
  10              		.eabi_attribute 30, 2
  11              		.eabi_attribute 34, 1
  12              		.eabi_attribute 18, 4
  13              		.thumb
  14              		.syntax unified
  15              		.file	"chcore_v7m.c"
  16              		.text
  17              	.Ltext0:
  18              		.section	.gnu.lto_.profile.f47f7c21ecf19c4c,"",%progbits
  19 0000 789C6361 		.ascii	"x\234ca`d`a`\000\222\272\022\000\000\334\000P"
  19      60646061 
  19      600092BA 
  19      120000DC 
  19      0050
  20              		.text
  21              		.section	.gnu.lto_.icf.f47f7c21ecf19c4c,"",%progbits
  22 0000 789C6361 		.ascii	"x\234ca`d\000\001\021\006\004`fX\371tb\013;\363\305"
  22      60640001 
  22      11060460 
  22      6658F974 
  22      620B3BF3 
  23 0015 4FE7AF72 		.ascii	"O\347\257r\263,;\322\377\214\221\001\000`\367\011 "
  23      B32C3BD2 
  23      FF8C9101 
  23      0060F709 
  23      20
  24              		.text
  25              		.section	.gnu.lto_.jmpfuncs.f47f7c21ecf19c4c,"",%progbits
  26 0000 789C6361 		.ascii	"x\234ca`d\000\001^\006\004`\206\022, \032\000\002\\"
  26      60640001 
  26      5E060460 
  26      86122C20 
  26      1A00025C 
  27 0014 001D     		.ascii	"\000\035"
  28              		.text
  29              		.section	.gnu.lto_.inline.f47f7c21ecf19c4c,"",%progbits
  30 0000 789C6361 		.ascii	"x\234ca`d\000\001W\006\004`f`\340\025ad`\022\330\220"
  30      60640001 
  30      57060460 
  30      6660E015 
  30      61646012 
  31 0016 CBC0B640 		.ascii	"\313\300\266@\236\011$\306\304\015\226`g\003\212s\034"
  31      9E0924C6 
  31      C40D9660 
  31      67038A73 
  31      1C
  32 0027 B0838BB3 		.ascii	"\260\203\213\2630pq\003\205x\346D\302\205\030\271@$"
  32      30707103 
ARM GAS  /tmp/ccPFbiqH.s 			page 2


  32      8578E644 
  32      C28518B9 
  32      4024
  33 0039 00F3D806 		.ascii	"\000\363\330\006B"
  33      42
  34              		.text
  35              		.section	.gnu.lto_.pureconst.f47f7c21ecf19c4c,"",%progbits
  36 0000 789C6361 		.ascii	"x\234ca`d\340b```f\330\305\310\274\213\221e\027#\000"
  36      6064E062 
  36      60606066 
  36      D8C5C8BC 
  36      8B916517 
  37 0016 0C24024B 		.ascii	"\014$\002K"
  38              		.text
  39              		.section	.gnu.lto__port_irq_epilogue.part.0.f47f7c21ecf19c4c,"",%progbits
  40 0000 789C9D54 		.ascii	"x\234\235T\337o\024U\024\276\347\336;\263\333\355\322"
  40      DF6F1455 
  40      14BEE7DE 
  40      3BB3DBED 
  40      D2
  41 0011 F2E45313 		.ascii	"\362\344S\023\267\017\225\220\220\016\321\030|\361A"
  41      B70F9590 
  41      900ED118 
  41      7CF141
  42 0020 6B4C78D8 		.ascii	"kLx\330@v\377\000\"c\265\215\224\335\354.\244>\365v"
  42      4076FF00 
  42      2263B58D 
  42      94DDEC2E 
  42      A43EF576 
  43 0034 B7E3D6A2 		.ascii	"\267\343\326\242\206\007h\000!\033KH\013XK\313\017\335"
  43      86076800 
  43      211B4B48 
  43      0B584BCB 
  43      0FDD
  44 0046 56712994 		.ascii	"Vq)\224\212\2046\215\310\013D\333m\255F\210iI1\206d"
  44      8A84368D 
  44      C80B44DB 
  44      6DAD4688 
  44      69493186 
  45 005b 3B9E7367 		.ascii	";\236sg\024-h\214\223\335;3\347\234\357~\347~\337\275"
  45      142D688C 
  45      93DD3B33 
  45      E79CEF7E 
  45      E77EDFBD 
  46 006f 231930BA 		.ascii	"#\0310\272\2361\030\273\200\367W\361\017\001\006\346"
  46      9E3118BB 
  46      80F757F1 
  46      0F0106E6 
  47 007f FE297C30 		.ascii	"\376)|0\201\353;\347\242{\003S!IcX\200A\321\316\240"
  47      81EB3BE7 
  47      A27B0353 
  47      21496358 
  47      8041D1CE 
  48 0094 FCE3C100 		.ascii	"\374\343\301\000\240\007\025\004\326ar!\015\350\200"
  48      A0071504 
  48      D6617221 
  48      0DE880
ARM GAS  /tmp/ccPFbiqH.s 			page 3


  49 00a3 07BCC261 		.ascii	"\007\274\302a<\277X\344\033\373\025^\263\023\253\233"
  49      3CBF58E4 
  49      1BFB155E 
  49      B313AB9B 
  50 00b3 D540091C 		.ascii	"\325@\011\034\301\230\3135)\203~\330\310\260\254<\274"
  50      C198CB35 
  50      29837ED8 
  50      C8B0AC3C 
  50      BC
  51 00c4 7A709DD9 		.ascii	"zp\235\331Ee\021/\011\003H\316\230\300\344L\327\231"
  51      4565112F 
  51      090348CE 
  51      98C0E44C 
  51      D799
  52 00d6 A362853B 		.ascii	"\243b\205;\002@\342\353\362\215#\3635\364\312!\202\257"
  52      0240E2EB 
  52      F28D23F3 
  52      35F4CA21 
  52      82AF
  53 00e8 8BFB262E 		.ascii	"\213\373&.\006\304\013@\323\224N\234\277\005\015\307"
  53      06C40B40 
  53      D3944E9C 
  53      BF050DC7 
  54 00f8 95CAAA59 		.ascii	"\225\312\252Y\267\370\364\340\210R\357\276\342\010\001"
  54      B7F8F4E0 
  54      8852EFBE 
  54      E20801
  55 0107 A741E0AC 		.ascii	"\247A\340\254p\012\352\340$\324y\324\037C\003B\336{"
  55      700AEAE0 
  55      24D479D4 
  55      1F430342 
  55      DE7B
  56 0119 BFB2524B 		.ascii	"\277\262RK\220\036\335\340\341\201RW\004\021\354\261"
  56      901EDDE0 
  56      E1815257 
  56      0411ECB1 
  57 0129 F2415DDE 		.ascii	"\362A]\336sm\241\257VdA\323\375\262z\247'\354\321\225"
  57      736DA1AF 
  57      566441D3 
  57      FDB27AA7 
  57      27ECD195 
  58 013d 2A937587 		.ascii	"*\223u\207\225\306J\370\344\011lC\3200\024S\312usj\377"
  58      95C64AF8 
  58      E4096C43 
  58      D0301453 
  58      CA75736A 
  59 0152 D8531006 		.ascii	"\330S\020\006\335\000\327\011\241G\311\034a\0308\230"
  59      DD00D709 
  59      A147C91C 
  59      61183898 
  60 0162 8C2DA104 		.ascii	"\214-\241\004$\350\0227\351.\2269\327\367\037\241\263"
  60      24E81237 
  60      E92E9639 
  60      D7F71FA1 
  60      B3
  61 0173 ECCE15C4 		.ascii	"\354\316\025\304\032\311\010\256\025ck\304,\355\233"
  61      1AC908AE 
ARM GAS  /tmp/ccPFbiqH.s 			page 4


  61      15636BC4 
  61      2CED9B
  62 0182 EC03C9E0 		.ascii	"\354\003\311\340\014\230.\207\265JS\007\014\206\011"
  62      0C982E87 
  62      B54A5307 
  62      0C8609
  63 0191 062338A2 		.ascii	"\006#8\242\336y\300\232\336\017z\013\262\376\000\024"
  63      DE79C09A 
  63      DE0F7A0B 
  63      B2FE0014 
  64 01a1 D4215C4F 		.ascii	"\324!\\O\200`\225\2623_%\261+8\013\365\232\345j\371"
  64      806095B2 
  64      335F25B1 
  64      2B380BF5 
  64      9AE56AF9 
  65 01b5 ECA88911 		.ascii	"\354\250\211\0218\0072'\020\012\347\221\251\014\331"
  65      38073227 
  65      100AE791 
  65      A90CD9
  66 01c4 596A90E6 		.ascii	"Yj\220\346\243\351)C\261\211\3433\222\272\320\224l\021"
  66      A3E92943 
  66      B189E333 
  66      92BAD094 
  66      6C11
  67 01d6 B2F7F337 		.ascii	"\262\367\3637\201\0029\301\275\032\256\323C\004\341"
  67      810239C1 
  67      BD1AAED3 
  67      4304E1
  68 01e5 58903BFA 		.ascii	"X\220;\372\316\255\223\317z\025\002C\310\370\315\334"
  68      CEAD93CF 
  68      7A150243 
  68      C8F8CDDC 
  69 01f5 955EC3DB 		.ascii	"\225^\303\333\007\263\256\353\326\302\005\024\367o@"
  69      07B3AEEB 
  69      D6C20514 
  69      F76F40
  70 0204 4133AF2C 		.ascii	"A3\257,Me\015\212!d\241\377\376\301*\202H\017\202\241"
  70      4D650D8A 
  70      2164A1FF 
  70      FEC12A82 
  70      480F82A1 
  71 0218 9BD333D7 		.ascii	"\233\3233\327\253\013p\254\023\025X\357\210 \316\015"
  71      AB0B70AC 
  71      131558EF 
  71      8820CE0D 
  72 0228 9F924B98 		.ascii	"\237\222K\230\273\367\321\310\207\2465H\342\250\347"
  72      BBF7D1C8 
  72      87A63548 
  72      E2A8E7
  73 0237 1C51059F 		.ascii	"\034Q\005\237A\001V\365^\205\"X\264\027\177x8\255'\014"
  73      410156F5 
  73      5E852258 
  73      B4177F78 
  73      38AD270C 
  74 024b 01D60461 		.ascii	"\001\326\004a\024\221z5\337\235\012y\315Jj\303\357\012"
  74      14917A35 
  74      DF9D0A79 
ARM GAS  /tmp/ccPFbiqH.s 			page 5


  74      CD4A6AC3 
  74      EF0A
  75 025d 01937717 		.ascii	"\001\223w\027\216\005\305!o\303\334]X\276\\\355o\230"
  75      8E05C521 
  75      6FC3DC5D 
  75      58BE5CED 
  75      6F98
  76 026f 0779E16F 		.ascii	"\007y\341o\030\001cO\3300\237\323\202$\323\216\017\237"
  76      1801634F 
  76      D8309FD3 
  76      8224D38E 
  76      0F9F
  77 0281 58E378E9 		.ascii	"X\343x\351\372\2671\252\360\235\345\217\235!\370B\273"
  77      FAB731AA 
  77      F09DE58F 
  77      9D21F842 
  77      BB
  78 0292 7A511F22 		.ascii	"zQ\037\"\326O\256\366\025F~\013\325\237\363]\255&\310"
  78      D64FAEF6 
  78      15467E0B 
  78      D59FF35D 
  78      AD26C8
  79 02a5 E0FC980A 		.ascii	"\340\374\230\012jW\277\364]\275sd\364@\210\\-\221\253"
  79      6A57BFF4 
  79      5DBD7364 
  79      F440885C 
  79      2D91AB
  80 02b8 123397B4 		.ascii	"\0223\227\264\253\236\310\304\310~\202\\\351\373\257"
  80      AB9EC8C4 
  80      C87E825C 
  80      E9FBAF
  81 02c7 C3DE6A0D 		.ascii	"\303\336j\015\304\024\213\367n\007:*\252[\013\032v9"
  81      C4148BF7 
  81      6E073A2A 
  81      AA5B0B1A 
  81      7639
  82 02d9 1E701887 		.ascii	"\036p\030\207\016\334\312\353\330\034t\335\316\355|"
  82      0EDCCAEB 
  82      D81C74DD 
  82      CEED7C
  83 02e8 54DCEB8C 		.ascii	"T\334\353\214O\007H@l\014.\373\213]FH\367\006\201B>"
  83      4F074840 
  83      6C0C2EFB 
  83      8B5D4648 
  83      F7068142 
  84 02fd CC4F9DDE 		.ascii	"\314O\235\336\356K\367_\235\332BN]\321N\321baB;\365"
  84      EE4BF75F 
  84      9DDA424E 
  84      5DD14ED1 
  84      6261423B 
  85 0312 97AED4DB 		.ascii	"\227\256\324\333\216\250q9\255\346*\266E|\362O\276_"
  85      8EA87139 
  85      ADE62AB6 
  85      457CF24F 
  85      BE5F
  86 0324 FF1FDFE4 		.ascii	"\377\037\337\344#\276\257\376\201\017\277\250p\315\347"
  86      23BEAFFE 
ARM GAS  /tmp/ccPFbiqH.s 			page 6


  86      810FBFA8 
  86      70CDE7
  87 0333 33F4F1FD 		.ascii	"3\364\361\375\031\262\353\275\017\337\022B1\202\322"
  87      19B2EBBD 
  87      0FDF1242 
  87      3182D2
  88 0342 3FDFD868 		.ascii	"?\337\330hy\277\246\226\326\235\255\333\342V\"m\331"
  88      79BFA696 
  88      D69DADDB 
  88      E256226D 
  88      D9
  89 0353 89B6B6C4 		.ascii	"\211\266\266\304n+\231He\322\326K\261hS\264\335\262"
  89      6E2B9948 
  89      65D2D64B 
  89      B16853B4 
  89      DDB2
  90 0365 5BEC44AA 		.ascii	"[\354D\252y\307\336-m\21563S\315\351=\2732/\377\013"
  90      79C7DE2D 
  90      6D8D3633 
  90      53CDE93D 
  90      BB322FFF 
  91 037a B8B93D43 		.ascii	"\270\271=CP\253)\032\337\032\267\232\020km\335m\357"
  91      50AB291A 
  91      DF1AB79A 
  91      106B6DDD 
  91      6DEF
  92 038c DAF37AB3 		.ascii	"\332\363z\263e\267\245[\323;\336\264\355\306\026&\355"
  92      65B7A55B 
  92      D33BDEB4 
  92      EDC61626 
  92      ED
  93 039d 4C7B321C 		.ascii	"L{2\034\215\305#\015\2337E\222\351$\023/\246XM&\221"
  93      8DC5230D 
  93      9B374592 
  93      E924132F 
  93      A6584D26 
  94 03b2 DCF6C6F6 		.ascii	"\334\366\306\366T\302\216g^\263\337\012G\3431\312m\302"
  94      54C28E67 
  94      5EB3DF0A 
  94      47E331CA 
  94      6DC2
  95 03c4 22C653EC 		.ascii	"\"\306S\354wU\355\371|"
  95      7755EDF9 
  95      7C
  96              		.text
  97              		.section	.gnu.lto_SVC_Handler.f47f7c21ecf19c4c,"",%progbits
  98 0000 789C9D93 		.ascii	"x\234\235\223\313k\023Q\024\306\317\271w\362\320\306"
  98      CB6B1351 
  98      14C6CFB9 
  98      77F2D0C6 
  99 0010 EA4E50C1 		.ascii	"\352NP\301t\321\205 \035AE7.\264+\027Ai\376\000\321"
  99      74D18520 
  99      1D414537 
  99      2EB42B17 
  99      4169FE00 
 100 0025 31DAA031 		.ascii	"1\332\2401a\222j]9}$E\013REk#J@)\255o[\337U\353\330"
 100      61926A5D 
ARM GAS  /tmp/ccPFbiqH.s 			page 7


 100      397D2445 
 100      0B52456B 
 100      234A4029 
 101 0040 97283E50 		.ascii	"\227(>PQ\024\\\324\264F\250(V,\270\260\215\347\334\011"
 101      51145CD4 
 101      B446A828 
 101      562CB8B0 
 101      8DE7DC09 
 102 0054 A2A92838 		.ascii	"\242\251(8\204\311\314=\337\371\3169\277{G\003\004\276"
 102      84C9CC3D 
 102      DFF9CE39 
 102      BF7B4703 
 102      04BE
 103 0066 6A348059 		.ascii	"j4\200Y\3648\237\236Q\002\212\226\307\000u^\201\310"
 103      F4389F9E 
 103      51028A96 
 103      C700755E 
 103      81C8
 104 0078 0F961761 		.ascii	"\017\226\027a\217\300=8!&\005\3665\345n\210E\035\026"
 104      8FC03D38 
 104      212605F6 
 104      35E56E88 
 104      451D16
 105 008b 5DC38319 		.ascii	"]\303\203\031iu\332\230\224\000y\241\234\000;p\021\220"
 105      6975DA98 
 105      940079A1 
 105      9C003B70 
 105      1190
 106 009d EC69E3C5 		.ascii	"\354i\343\305c\362\253HJD\215^\307\037\035\035)\345"
 106      63F2AB48 
 106      4A448D5E 
 106      C71F1D1D 
 106      29E5
 107 00af 57817E7A 		.ascii	"W\201~z\335w\177\364\304l\271\022Y\371i\352\315>_\371"
 107      DD777FF4 
 107      C46CB912 
 107      59F969EA 
 107      CD3E5FF9 
 108 00c3 49CBAAB7 		.ascii	"I\313\252\267\354\003Cs\323\226\335\350OJ\211\247Q\222"
 108      EC034373 
 108      D396DDE8 
 108      4F4A89A7 
 108      5192
 109 00d5 299EC205 		.ascii	")\236\302\005\330\211\013\2249\251\263]S\207g\271\033"
 109      D8890B94 
 109      39A9B35D 
 109      538767B9 
 109      1B
 110 00e6 B9BC1FCF 		.ascii	"\271\274\037\317`\271S\030\317\242\233\372\027\274B"
 110      60B95318 
 110      CFA29BFA 
 110      17BC42
 111 00f5 A25CF360 		.ascii	"\242\\\363`\257G\256R\366v\373\225\227\350\330\017\247"
 111      AF47AE52 
 111      F676FB95 
 111      97E8D80F 
 111      A7
ARM GAS  /tmp/ccPFbiqH.s 			page 8


 112 0106 53BB9EB7 		.ascii	"S\273\236\267\247\254\226\273\336\244\324\360\334\364"
 112      A7AC96BB 
 112      DEA4D4F0 
 112      DCF4
 113 0114 02781ECB 		.ascii	"\002x\036\313/T\331V>\337@\323-\274\376m\314\353!\036"
 113      2F54D956 
 113      3EDF40D3 
 113      2DBCFE6D 
 113      CCEB211E 
 114 0128 E4AAA9BB 		.ascii	"\344\252\251\273\013\222\322\345V2\200\317T\231\371"
 114      0B92D2E5 
 114      563280CF 
 114      5499F9
 115 0137 8C0BC1FF 		.ascii	"\214\013\301\377\362=\326e\323\251\357K\177\357\322"
 115      F23DD665 
 115      D3A9EF4B 
 115      7FEFD2
 116 0146 6E7E5887 		.ascii	"n~X\207\232\3520/p\332\010\354\204\027\320M\265/\322"
 116      9AEA302F 
 116      70DA08EC 
 116      8417D04D 
 116      B52FD2
 117 0159 9D866842 		.ascii	"\235\206hB\322\264\356o\315he\2070c\265\021\0147\247"
 117      D2B4EE6F 
 117      CD686587 
 117      3063B511 
 117      0C37A7
 118 016c 4D669323 		.ascii	"Mf\223#34\252\211]X\246X\014e/\365\270i\005\273Qk\220"
 118      3334AA89 
 118      5D58A658 
 118      0C652FF5 
 118      B86905BB 
 119 0183 6C71892A 		.ascii	"lq\211*e\261~\230\333`?\266\347\010\257%s\266\2468\251"
 119      65B17E98 
 119      DB603FB6 
 119      E708AF25 
 119      73B6A638 
 120 0198 E67358FF 		.ascii	"\346sX\377\245i\000y\241AJG#T\370\014\247H\0224\034"
 120      A5690079 
 120      A1414A47 
 120      2354F80C 
 120      A7481234 
 121 01ad 4BE5D2A5 		.ascii	"K\345\322\245\216\202\374\345\257\333\210\350\307\313"
 121      8E82FCE5 
 121      AFDB88E8 
 121      C7CB
 122 01bb 04EDB724 		.ascii	"\004\355\267$\315q\235J\273\235$\027/\025\024\224|\357"
 122      CD719D4A 
 122      BB9D2417 
 122      2F151494 
 122      7CEF
 123 01cd C3E871AF 		.ascii	"\303\350q\257lC\005\341\303\350x\177Ia\327'_\373\254"
 123      6C4305E1 
 123      C3E8787F 
 123      4961D727 
 123      5FFBAC
 124 01e0 963AB527 		.ascii	"\226:\265'W\376\260'W\331\333\005\016\336\227\313\212"
ARM GAS  /tmp/ccPFbiqH.s 			page 9


 124      57FEB027 
 124      57D9DB05 
 124      0EDE97CB 
 124      8A
 125 01f1 F0DE7F82 		.ascii	"\360\336\177\202\254(\000\026\305\200\001\257)\270\327"
 125      AC280016 
 125      C58001AF 
 125      29B8D7
 126 0200 D501810E 		.ascii	"\325\001\201\016\206{\"\323\375mf\331\345\002\\\017"
 126      867B22D3 
 126      FD6D66D9 
 126      E5025C0F 
 127 0210 A79C1BB9 		.ascii	"\247\234\033\271iy\025\334\033\005\270o\216\366\034"
 127      697915DC 
 127      1B05B86F 
 127      8EF61C
 128 021f 9AC9707B 		.ascii	"\232\311p{\030\256\213\"7\361\3474\252\"S\235\303\322"
 128      18AE8B22 
 128      37F1E734 
 128      AA22539D 
 128      C3D2
 129 0231 F607CFEE 		.ascii	"\366\007\317\356\224\310k\316`_\333\272:g\024\316[\276"
 129      94C86BCE 
 129      605FDBBA 
 129      3A6714CE 
 129      5BBE
 130 0243 39927E35 		.ascii	"9\222~5jY\007-\344\341n\375a\270\333\352\300\266&\373"
 130      6A59072D 
 130      E4E16EFD 
 130      61B8DBEA 
 130      C0B626FB 
 131 0257 9E7898AB 		.ascii	"\236x\230\253\206\200\275\024{\217\3654\354\307\025"
 131      8680BD14 
 131      7B8FF534 
 131      ECC715
 132 0266 45C3EE7D 		.ascii	"E\303\356}\201\205Ae\321\240\366\344\221\3758\017\360"
 132      81854165 
 132      D1A0F6E4 
 132      91FD380F 
 132      F0
 133 0277 0E07B5A2 		.ascii	"\016\007\265\242\2405\361\030\271\022\240\315a\327t"
 133      A035F118 
 133      B912A0CD 
 133      61D774
 134 0286 487715A4 		.ascii	"Hw\025\244>\206\2040\361OH\375\005HS\231\267\275%\014"
 134      3E868430 
 134      F14F48FD 
 134      05485399 
 134      B7BD250C 
 135 029a 690035D5 		.ascii	"i\0005\3257\340\240\372\336;{\373\337\371\312R\302\311"
 135      37E0A0FA 
 135      DE3B7BFB 
 135      DFF9CA52 
 135      C2C9
 136 02ac F6B2F6CB 		.ascii	"\366\262\366\313\371\356\027%*{\210\263\361\236\203"
 136      F9EE1725 
 136      2A7B88B3 
ARM GAS  /tmp/ccPFbiqH.s 			page 10


 136      F19E83
 137 02bb 53210018 		.ascii	"S!\000\030\243\023\372n\314\313\303)0\237\351[\241\217"
 137      A313FA6E 
 137      CCCBC329 
 137      309FE95B 
 137      A18F
 138 02cd 8AE4CB2B 		.ascii	"\212\344\313+*t\347WY\035\336\024^\027\324\243q\335"
 138      2A74E757 
 138      591DDE14 
 138      5E17D4A3 
 138      71DD
 139 02df 884622D1 		.ascii	"\210F\"\321\035z,j&\342\372\352\252@e\240V7\252\215"
 139      1D7A2C6A 
 139      26E2FAEA 
 139      AA4065A0 
 139      5637AA8D 
 140 02f3 A819DAB0 		.ascii	"\250\031\332\260sE\244\302\000\315H\324\306\334f(^\263"
 140      7345A4C2 
 140      00CD48D4 
 140      C6DC6628 
 140      5EB3
 141 0305 3DB1E62F 		.ascii	"=\261\346/\016\241\332\004\347\353\225\201\340\332\240"
 141      0EA1DA04 
 141      E7EB9581 
 141      E0DAA0
 142 0314 5E4906FA 		.ascii	"^I\006\372\332\035\306\366\232\315!\335\210\304\303"
 142      DA1DC6F6 
 142      9ACD21DD 
 142      88C4C3
 143 0323 F10D5B0D 		.ascii	"\361\015[\015\243\242\032|\201\252\240\277|\311b\177"
 143      A3A21A7C 
 143      81AAA0BF 
 143      7CC9627F 
 144 0333 2C1E03B9 		.ascii	",\036\003\271\312\204\322D4\266n\313z3j\004\023\033"
 144      CA84D244 
 144      34B66ECB 
 144      7A336A04 
 144      131B
 145 0345 8D6DBE40 		.ascii	"\215m\276@\260\212c\213I\004\302\004\317\246\215\361"
 145      B08A638B 
 145      4904C204 
 145      CFA68DF1 
 146 0355 D07A33FC 		.ascii	"\320z3\374?\315W\303\034vc\207\230\031V\216\236H(\022"
 146      3FCD57C3 
 146      1C766387 
 146      9819568E 
 146      9E482812 
 147 0369 3577C30F 		.ascii	"5w\303\017]G\311\313"
 147      5D47C9CB 
 148              		.text
 149              		.section	.gnu.lto__port_irq_epilogue.f47f7c21ecf19c4c,"",%progbits
 150 0000 789C9D53 		.ascii	"x\234\235SMlLQ\024>\337\275o~\264*\263\222\020\213\351"
 150      4D6C4C51 
 150      143EDFBD 
 150      6F7EB42A 
 150      B392108B 
 151 0015 A20B89F4 		.ascii	"\242\013\211\364uCm,\350\312\242!m\254\2051\321I\214"
ARM GAS  /tmp/ccPFbiqH.s 			page 11


 151      75436D2C 
 151      E8CAA221 
 151      6DAC8531 
 151      D1498C
 152 0028 91198455 		.ascii	"\221\031\204Uo;\035%\021A\220\0222AD\375T\265~\207\376"
 152      6F3B1D25 
 152      11419012 
 152      324144FD 
 152      54B57E87 
 153 003d 8C2241B4 		.ascii	"\214\"A\264BF\"\032\211\026\245\264I+\225\020\3148\347"
 153      4246221A 
 153      8916A5B4 
 153      492B9510 
 153      CC38E7
 154 0050 4D091524 		.ascii	"M\011\025$n\346\315}\367\236\363\335\357\334\357|\317"
 154      6EE6CD7D 
 154      F79EF3DD 
 154      EFDCEF7C 
 154      CF
 155 0061 22908C77 		.ascii	"\"\220\214w\232(\303\363\"~\340&\250\335}Du^\245tf&"
 155      9A28C3F3 
 155      227EE026 
 155      A8DD7D44 
 155      755EA574 
 156 0077 9902ABA3 		.ascii	"\231\002\253\243\234\314t\015\227l\303\312\317u^\027"
 156      9CCC740D 
 156      976CC3CA 
 156      CF755E17 
 157 0087 202FC60B 		.ascii	" /\306\013\252U\332r\241\026\037\324W\205\236\306\241"
 157      AA55DA72 
 157      A1161FD4 
 157      57859EC6 
 157      A1
 158 0098 949A7BD2 		.ascii	"\224\232{\322\360x~;[f\232\323H0AN9\\\204\223\230K\234"
 158      F0787E3B 
 158      5B669AD3 
 158      4830414E 
 158      395C8493 
 159 00af 36D896DD 		.ascii	"6\330\226\335_\344n\2204\177>\210f\270\245\240\326\252"
 159      5FE46E90 
 159      347F3E88 
 159      66B8A5A0 
 159      D6AA
 160 00c1 B4C9E5E2 		.ascii	"\264\311\345\342\306\344\312\372J\274\212\022\032Z\376"
 160      C6E4CAFA 
 160      4ABC8A12 
 160      1A5AFE
 161 00d0 88C6384D 		.ascii	"\210\3068M8\307\225\222Y\017\242\336'g=l8\177XO\250"
 161      38C79592 
 161      590FA2DE 
 161      27673D6C 
 161      387F584F 
 162 00e5 8456B078 		.ascii	"\204V\260x9\336{\350\305\014Yj\370yy\342\336\243\356"
 162      39DE7BE8 
 162      C50C596A 
 162      F87979E2 
 162      DEA3EE
ARM GAS  /tmp/ccPFbiqH.s 			page 12


 163 00f8 42BD1092 		.ascii	"B\275\020\2229\321\324\326<\255\344\2701\365\346\371"
 163      39D1D4D6 
 163      3CADE4B8 
 163      31F5E6F9 
 164 0108 9E6D2B0E 		.ascii	"\236m+\016>yi\314^\303\005Z8\003\315e\3404\346\340\024"
 164      3E7969CC 
 164      5EC3055A 
 164      3803CD65 
 164      E034E6E0 
 165 011d E6E46B3D 		.ascii	"\346\344k=\213\022\0065\016\233NK\316\263\340G\013\307"
 165      8B120635 
 165      0E9B4E4B 
 165      CEB3E047 
 165      0BC7
 166 012f 5EA37EF0 		.ascii	"^\243~\360Y\343h\371\257\327H\357\310\302\271DNa\312"
 166      59E368F9 
 166      AFD748EF 
 166      C8C2B944 
 166      4E61CA
 167 0142 0DD34777 		.ascii	"\015\323Gw~\306,\3029\011\252)A3\334\013a\"\264JX\377"
 167      7EC62CC2 
 167      3909AA29 
 167      4133DC0B 
 167      6122B44A 
 168 0158 A60ECE73 		.ascii	"\246\016\316sW\010m\"\017(\005\216\037K\266\177,(\276"
 168      57086D22 
 168      0F28058E 
 168      1F4BB67F 
 168      2C28BE
 169 016b 87A469F2 		.ascii	"\207\244i\362'\264K -/\256\033\257\305\012\241\035\305"
 169      27B44B20 
 169      2D2FAE1B 
 169      AFC50AA1 
 169      1DC5
 170 017d 243B6323 		.ascii	"$;c#\231~\305;\270\300]\223\272\011\027\035\201\232"
 170      997EC53B 
 170      B8C05D93 
 170      BA09171D 
 170      819A
 171 018f BB6EBE9A 		.ascii	"\273n\276\232^\334;\211vK\356\373s\355\217\013\035\364"
 171      5EDC3B89 
 171      764BEEFB 
 171      73ED8F0B 
 171      1DF4
 172 01a1 2541E332 		.ascii	"%A\3432,\032\204r$ \032B\317\265\324pr\201\334.\256"
 172      2C1A8472 
 172      24201A42 
 172      CFB5D470 
 172      7281DC2E 
 173 01b6 A5CB0712 		.ascii	"\245\313\007\022=\017<\242\211\307\271k]\252c\237+\277"
 173      3D0F3CA2 
 173      89C7B96B 
 173      5DAA639F 
 173      2BBF
 174 01c8 344FE366 		.ascii	"4O\343f\2064\245\251~\300\233\304\021\026\327\213\253"
 174      8634A5A9 
 174      7EC09BC4 
ARM GAS  /tmp/ccPFbiqH.s 			page 13


 174      1116D78B 
 174      AB
 175 01d9 ACEA15A9 		.ascii	"\254\352\025\251\200\003#\373\357\234.\260[L\003G\246"
 175      800323FB 
 175      EF9C2EB0 
 175      5B4C0347 
 175      A6
 176 01ea 218524B2 		.ascii	"!\205$\262\2167p\01563\305\277l\313\250<\221\316s\215"
 176      8E37700D 
 176      3633C5BF 
 176      6CCBA83C 
 176      91CE738D 
 177 01fe DE7F75CC 		.ascii	"\336\177u\314\321\0370>\\\347c\006\320\320\037\237="
 177      D11F303E 
 177      5CE76306 
 177      D0D01F9F 
 177      3D
 178 020f 99C419AD 		.ascii	"\231\304\031\255#\251OE\371\014B\307d\367\306Y\312\314"
 178      23A94F45 
 178      F90C42C7 
 178      64F7C659 
 178      CACC
 179 0221 4CFD0671 		.ascii	"L\375\006q\237d\012u*5\322\357\251\375j\266\033\343"
 179      9F640A75 
 179      2A35D2EF 
 179      A9FD6AB6 
 179      1BE3
 180 0233 4BE8829C 		.ascii	"K\350\202\234\262\230\266\023\265l\257B\007aQG\371\017"
 180      B298B613 
 180      B56CAF42 
 180      07615147 
 180      F90F
 181 0245 5BFD6A96 		.ascii	"[\375j\226\360\277\314\322\345\230\345\2070\026\227"
 181      F0BFCCD2 
 181      E598E587 
 181      301697
 182 0254 D2FD67B3 		.ascii	"\322\375g\263\334\035R\223fq\375n\226]\230MHK\320=\325"
 182      DC1D5293 
 182      6671FD6E 
 182      965D984D 
 182      484BD03D 
 183 0269 2C1FFA20 		.ascii	",\037\372 L\204\033\1770K\217c\226\233?\231%\233\034"
 183      4C841B7F 
 183      304B8F63 
 183      969B3F99 
 183      259B1C
 184 027c E82AFCEE 		.ascii	"\350*\374\356\203n\307\007\267\034\037Lm\372\355\357"
 184      836EC707 
 184      B71C1F4C 
 184      6DFAEDEF 
 185 028c 4D170247 		.ascii	"M\027\002G\017\227\363\235\275\025A\2341\306\326\346"
 185      0F97F39D 
 185      BD15419C 
 185      31C6D6E6 
 186 029c 1D86CC2F 		.ascii	"\035\206\314/-\265\363\277\212\232\320\352\320\262j"
 186      2DB5F3BF 
 186      8A9AD0EA 
ARM GAS  /tmp/ccPFbiqH.s 			page 14


 186      D0B26A
 187 02ab 3B12B303 		.ascii	";\022\263\003\221p8\262\336\336\020\211n\214\331\213"
 187      917038B2 
 187      DEDE1089 
 187      6E8CD98B 
 188 02bb AB2A2B2A 		.ascii	"\253*+*\267\330\201\232@$\032\\\271\271<\\\032 \317"
 188      B7D8819A 
 188      40241A5C 
 188      B9B93C5C 
 188      1A20CF
 189 02ce EA55B1E0 		.ascii	"\352U\261\340\362h\350\177\3205\264\344/\250\340\226"
 189      F268E87F 
 189      D035B4E4 
 189      2FA8E096 
 190 02de 8D82B12B 		.ascii	"\215\202\261+*\253\227V\333\025\014\262\227\256\017"
 190      2AAB9756 
 190      DB150CB2 
 190      97AE0F
 191 02ed ACDBB426 		.ascii	"\254\333\264&h\007\302\261Pl\345\332@\200\217\360UV"
 191      6807C2B1 
 191      506CE5DA 
 191      40808FF0 
 191      5556
 192 02ff 57F9A588 		.ascii	"W\371\245\210\015\321\320<\177I\031\251(y\302\301p$"
 192      0DD1D03C 
 192      7F4919A9 
 192      2879C2C1 
 192      7024
 193 0311 BA95BE01 		.ascii	"\272\225\276\001n\374\231\264"
 193      6EFC99B4 
 194              		.text
 195              		.section	.gnu.lto_.symbol_nodes.f47f7c21ecf19c4c,"",%progbits
 196 0000 789C6361 		.ascii	"x\234ca`d\250a\000\002\2469L\365\014\014\023\31610\324"
 196      6064A861 
 196      0002A639 
 196      4CF50C0C 
 196      13CE3130 
 197 0015 3330EE6C 		.ascii	"30\356lY\330\240\300\300\3008\215\251\236\021,\306\300"
 197      59D8A0C0 
 197      C0C0388D 
 197      A99E112C 
 197      C6C0
 198 0027 D0B00024 		.ascii	"\320\260\000$0\235\251\236\011Y\200i2S=3T\027\303\256"
 198      309DA99E 
 198      09598069 
 198      32533D33 
 198      5417C3AE 
 199 003b 0645A0C8 		.ascii	"\006E\240\310\024\246z\026\024\021\306\251L\365\254"
 199      14A67A16 
 199      1411C6A9 
 199      4CF5AC
 200 004a 304D2063 		.ascii	"0M c\231\031X\031\226\264\277\221gfa`x\264R\215\001"
 200      99195819 
 200      96B4BF91 
 200      67666160 
 200      78B4528D 
 201 005f 00752D1D 		.ascii	"\000u-\035\241"
ARM GAS  /tmp/ccPFbiqH.s 			page 15


 201      A1
 202              		.text
 203              		.section	.gnu.lto_.refs.f47f7c21ecf19c4c,"",%progbits
 204 0000 789C6361 		.ascii	"x\234ca`d\340d```b`b\344gb\022`\000\000\001x\0007"
 204      6064E064 
 204      60606062 
 204      6062E467 
 204      62126000 
 205              		.text
 206              		.section	.gnu.lto_.decls.f47f7c21ecf19c4c,"",%progbits
 207 0000 789CBD58 		.ascii	"x\234\275X[P\023Y\032\316\351\023.\011\001,dvg\252\250"
 207      5B501359 
 207      1ACEE913 
 207      2E09012C 
 207      647667AA 
 208 0015 2DCBB54A 		.ascii	"-\313\265J^\326\3508\273;\017\373 F]yp\207\012\243/"
 208      5ED6E838 
 208      BB3B0FFB 
 208      20465D79 
 208      70870AA3 
 209 002a 5335190C 		.ascii	"S5\031\014QR\313\305I\342\216S\265U\323\012\012\352"
 209      5152CBC5 
 209      49E28E53 
 209      B555D30A 
 209      0AEA
 210 003c A8A08888 		.ascii	"\250\240\210\210\210\\\024T@Pn*\212\361\302ET\006AQ"
 210      885C1454 
 210      40506E2A 
 210      8AF1C245 
 210      54064151 
 211 0050 6E828878 		.ascii	"n\202\210xC\004A\020A\335\377\234\323\235nbpg\347a\273"
 211      43044110 
 211      41DDFF9C 
 211      D39D6E62 
 211      7067E761 
 212 0065 F83BFD77 		.ascii	"\370;\375w\177\377\365\374\347?\347\240T \005\271\334"
 212      7FFFF5FC 
 212      E73FE7A0 
 212      542005B9 
 212      DC
 213 0076 3F5528A2 		.ascii	"?U(\242\260B\021\007\354{\270\224\360n\225B\272\334"
 213      B0421107 
 213      EC7BB894 
 213      F06E9542 
 213      BADC
 214 0088 810A818A 		.ascii	"\201\012\201\212\201N\001\225\002\225\003U)>\274\010"
 214      814E0195 
 214      02950355 
 214      293EBC08 
 215 0098 CE5790F7 		.ascii	"\316W\220\367\003\362\007\252\001\352\001\232\013t\006"
 215      03F207AA 
 215      01EA019A 
 215      0B7406
 216 00a7 A81FA815 		.ascii	"\250\037\250\025\250\036h%\320\013\240A\240\363@C@\034"
 216      A81E6825 
 216      D00BA041 
 216      A0F34043 
ARM GAS  /tmp/ccPFbiqH.s 			page 16


 216      401C
 217 00b9 501B50A7 		.ascii	"P\033P\247\314\366(\320\204`S\364\303\371\"~\251\234"
 217      CCF628D0 
 217      846053F4 
 217      C3F9227E 
 217      A99C
 218 00cb 6CF708F6 		.ascii	"l\367\010\366\347\012v\211-!l\252\273T\246\233\203\367"
 218      E70A7689 
 218      2D216CAA 
 218      BB54A69B 
 218      83F7
 219 00dd 4A200FF4 		.ascii	"J \017\364\241n\022\257F\320=\327)6Q\247\001\350[\240"
 219      A16E12AF 
 219      46D03DD7 
 219      293651A7 
 219      01E85BA0 
 220 00f1 3F027D07 		.ascii	"?\002}\007T \230\372\206\350\024t\254\206\347p\301F"
 220      542098FA 
 220      86E81474 
 220      AC86E770 
 220      C146
 221 0103 A1CCA6F3 		.ascii	"\241\314\246\363\365\226C\347\233'\032\224\355\250\025"
 221      F59643E7 
 221      9B271A94 
 221      EDA815
 222 0112 413ED00C 		.ascii	"A>\320\014\372\026!vG\224\024\214(\013\017\034\275+"
 222      FA162176 
 222      4794148C 
 222      280B0F1C 
 222      BD2B
 223 0124 A4574804 		.ascii	"\244WH\004\012<'>*\034\312\350\237 O\307\236^T\211\244"
 223      0A3C273E 
 223      2A1CCAE8 
 223      9F204FC7 
 223      9E5E5489 
 224 0139 1D09428C 		.ascii	"\035\011B\214\027\204\025H\3409\311\000b\254( \323\307"
 224      17841548 
 224      E039C900 
 224      62AC2820 
 224      D3C7
 225 014b DC15D449 		.ascii	"\334\025\324I>;bBb\320\223;\252\3125\030\262\002\317"
 225      3E3B6242 
 225      62D0933B 
 225      AACA3518 
 225      B202CF
 226 015e 5DE34797 		.ascii	"]\343G\227\315+\340\341J\344y\356oRfn\306\025\247\343"
 226      CD2BE0E1 
 226      4AE479EE 
 226      6F52666E 
 226      C615A7E3 
 227 0172 110EF9A9 		.ascii	"\021\016\371\251\221\022\330\241\033i\017|\200\365W"
 227      9112D8A1 
 227      1B690F7C 
 227      80F557
 228 0181 A359C0BE 		.ascii	"\243Y\300\276\275z \215\3734\205\312\305\362\263\224"
 228      BD7A208D 
 228      FB3485CA 
ARM GAS  /tmp/ccPFbiqH.s 			page 17


 228      C5F2B394 
 229 0191 68D5EF50 		.ascii	"h\325\357P>\012@\307Q\000\030*@P\355h\265\222i\032\037"
 229      3E0A40C7 
 229      5100182A 
 229      4050ED68 
 229      B592691A 
 230 01a6 18A8F298 		.ascii	"\030\250\362\230\235\311\333\213\371\356\003O|Sb\343"
 230      9DC9DB8B 
 230      F9EE034F 
 230      7C5362E3 
 231 01b6 EA406C3E 		.ascii	"\352@l>A\241\243\010\243ch\036\361\016\036\311O\036"
 231      41A1A308 
 231      A363681E 
 231      F10E1EC9 
 231      4F1E
 232 01c8 6A07B70B 		.ascii	"j\007\267\013\321l\220|~\343\324)_\374\015u\364\343"
 232      D16C907C 
 232      7EE3D429 
 232      5FFC0D75 
 232      F4E3
 233 01da 168BA658 		.ascii	"\026\213\246X\314\335?Y\345\005\026\273y\276\273\271"
 233      CCDD3F59 
 233      E50516BB 
 233      79BEBBB9 
 234 01ea 363A3E67 		.ascii	"6:>g\213=\021Q\020:!\031<A\015\302C15v\277\373\310K"
 234      8B3D1151 
 234      103A2119 
 234      3C410DC2 
 234      43313576 
 235 0202 2F9C87A8 		.ascii	"/\234\207\250\265\241;\366\011o\246\301~\256K\003\342"
 235      B5A13BF6 
 235      096FA6C1 
 235      7EAE4B03 
 235      E2
 236 0213 54FAA424 		.ascii	"T\372\244$}R\224>E\245\217V\217\034\301\270\222I\027"
 236      7D52943E 
 236      45A58F56 
 236      8F1CC1B8 
 236      924917
 237 0226 DEBE5DE0 		.ascii	"\336\276]\340\003\322\231$\342\361\205\373y{\034\270"
 237      03D29924 
 237      E2F185FB 
 237      797B1CB8 
 238 0236 CD511525 		.ascii	"\315Q\025%\222\212\022y\304\245TM\327\340p\255\027\256"
 238      928A1279 
 238      C4A5544D 
 238      D7E070AD 
 238      17AE
 239 0248 656AAA1A 		.ascii	"ej\252\032\316\366\011j\354#\265\032>q#\237\271\210"
 239      CEF6096A 
 239      EC23B51A 
 239      3E71239F 
 239      B988
 240 025a 2A299394 		.ascii	"*)\223\224\224\311\225\224S%\231\251\243O\334q\033S"
 240      94C99594 
 240      532599A9 
 240      A34FDC71 
ARM GAS  /tmp/ccPFbiqH.s 			page 18


 240      1B53
 241 026c 72A3BA39 		.ascii	"r\243\2729\325\003\217PF\331{\242\264\005#U\000\202"
 241      D5038F50 
 241      46D97BA2 
 241      B4052355 
 241      0082
 242 027e C4A1C078 		.ascii	"\304\241\300x\236\337\304\017n\312\234\365\275\002-"
 242      9EDFC40F 
 242      6ECA9CF5 
 242      BD022D
 243 028d 0C40F303 		.ascii	"\014@\363\003\024\350\034\012Dg\020Lpt\026 \225\220"
 243      14E81C0A 
 243      4467104C 
 243      70741620 
 243      9590
 244 029f DB34DE93 		.ascii	"\3334\336\223\276I\343\023x~\006}\314\025\313EAXtZ\310"
 244      BE49E313 
 244      787E067D 
 244      CC15CB45 
 244      4158745A 
 245 02b4 04CB7DF3 		.ascii	"\004\313}\363\300\003\273\233|\234\010D\032\250\363"
 245      C003BB9B 
 245      7C9C0844 
 245      1AA8F3
 246 02c3 53062AFB 		.ascii	"S\006*\373tj\223\220\346\356W\273L\342@\001\010UH!V"
 246      746A9390 
 246      E6EE57BB 
 246      4CE24001 
 246      08554821 
 247 02d8 88A9AEA2 		.ascii	"\210\251\256\242\341u\326\035\313'\2259W\215H\341\373"
 247      E175D61D 
 247      CB279539 
 247      578D48E1 
 247      FB
 248 02e9 C2ABA2FE 		.ascii	"\302\253\242\3763\343\336\354\025Q\333\264\353\345a"
 248      33E3DEEC 
 248      1551DBB4 
 248      EBE561
 249 02f8 0F9C432B 		.ascii	"\017\234C+\234\253\331Qr\312\013\005\252\251\327\335"
 249      9CABD951 
 249      72CA0B05 
 249      AAA9D7DD 
 250 0308 E79B9724 		.ascii	"\347\233\227$\305\223\261\270\214\324\350\242dc\256"
 250      C593B1B8 
 250      8CD4E8A2 
 250      6463AE
 251 0317 1AEE0924 		.ascii	"\032\356\011$!\340\265_\235\217\302\3413\272\0049\001"
 251      21E0B55F 
 251      9D8FC2E1 
 251      33BA0439 
 251      01
 252 0328 C50488EC 		.ascii	"\305\004\210\354\360\362\002\274\004#\307\016'e\273"
 252      F0F202BC 
 252      0423C70E 
 252      2765BB
 253 0337 E30E6664 		.ascii	"\343\016fd\177\351\3611\265\303\310\201}_\024\220d\325"
 253      7FE9F131 
ARM GAS  /tmp/ccPFbiqH.s 			page 19


 253      B5C3C881 
 253      7D5F1490 
 253      64D5
 254 0349 808D2B92 		.ascii	"\200\215+\222\01509\255\221j\027F\210<\030\032\210{"
 254      0D3039AD 
 254      916A1746 
 254      883C181A 
 254      887B
 255 035b D8EDC566 		.ascii	"\330\355\305f\342\247\300n,\313\331\245\301\011\230"
 255      E2A7C06E 
 255      2CCBD9A5 
 255      C10998
 256 036a 467AA863 		.ascii	"Fz\250c\250\320\003\357\240\014\367()\267D\2154\201"
 256      A8D003EF 
 256      A00CF728 
 256      29B7448D 
 256      3481
 257 037c DB240BF2 		.ascii	"\333$\013\362Y\202\256\201\215\225\032\301\033\346i"
 257      5982AE81 
 257      8D951AC1 
 257      1BE669
 258 038b 67DB9AA1 		.ascii	"g\333\232\241X\222\216z\244AW%WWj\330\000\245\354;~"
 258      58928E7A 
 258      A4415725 
 258      57576AD8 
 258      00A5EC3B 
 259 03a0 5785EB98 		.ascii	"W\205\353\230\261\246\301\353\007\005Gf\000\373,\275"
 259      B1A6C1EB 
 259      07054766 
 259      00FB2CBD 
 260 03b0 AD4D83AF 		.ascii	"\255M\203\257\261o%\265C\265*\334\304\230\264\312\221"
 260      B16F25B5 
 260      43B52ADC 
 260      C498B4CA 
 260      91
 261 03c1 7A3706F4 		.ascii	"z7\006\364\004\266\265\261x\273\017na\337\266\344\\"
 261      04B6B5B1 
 261      78BB0F6E 
 261      61DFB6E4 
 261      5C
 262 03d2 1EF7C6AD 		.ascii	"\036\367\306\255\2149\372\264k\022\343\016\306L\234"
 262      8C39FAB4 
 262      6B12E30E 
 262      C64C9C
 263 03e1 A9E63D71 		.ascii	"\251\346=q\027c\362j[k}q\017c\304\346\343\307\232\317"
 263      1763F26A 
 263      5B6B7D71 
 263      0F63C4E6 
 263      E3C79ACF 
 264 03f5 89C717D2 		.ascii	"\211\307\027\322\325\254\027\361\334[N\275=q\244Q\211"
 264      D5AC17F1 
 264      DC5B4EBD 
 264      3D71A451 
 264      89
 265 0406 E6CC9C03 		.ascii	"\346\314\234\003W P6\211\037&\376O\311G\266\360\211"
 265      57205036 
 265      891F26FE 
ARM GAS  /tmp/ccPFbiqH.s 			page 20


 265      4FC947B6 
 265      F089
 266 0418 6134B65F 		.ascii	"a4\266_ \266V4SJ\306\015Z\216\013\340\246H\022\352\231"
 266      20B65634 
 266      534AC60D 
 266      5A8E0BE0 
 266      A64812EA 
 267 042d 473605BA 		.ascii	"G6\005\272\003\200\026\002\270-H@F\320=\310\\;\232\203"
 267      03801602 
 267      B82D4840 
 267      46D03DC8 
 267      5C3B9A83 
 268 0441 BA803A80 		.ascii	"\272\200:\200\356\003\335\005\352\006\352\004jCsh\205"
 268      EE03DD05 
 268      EA06EA04 
 268      6A437368 
 268      85
 269 0452 52CBF6E4 		.ascii	"R\313\366\344\026\215h\266\316\331l-5\233O\356\002z"
 269      168D68B6 
 269      CED96C2D 
 269      359B4FEE 
 269      027A
 270 0464 B4D981BE 		.ascii	"\264\331\201\276\345\214\326:|d\3307\022\266\311\031"
 270      E58CD63A 
 270      7C64D837 
 270      12B6C919 
 271 0474 DB889CC0 		.ascii	"\333\210\234\300\273%7\256\273v\203\202i!\330_\355\321"
 271      BB2537AE 
 271      BB768382 
 271      6921D85F 
 271      EDD1
 272 0486 F030D301 		.ascii	"\3600\323\001\244\020j@\212g\274\331\237\2640LU5\273"
 272      A4106A40 
 272      8A67BCD9 
 272      9FB4304C 
 272      5535BB
 273 0499 F4511E50 		.ascii	"\364Q\036P\242d\267\301u\326\345\350I)\244\233\256C"
 273      A264B7C1 
 273      75D6E5E8 
 273      4929A49B 
 273      AE43
 274 04ab 626818F7 		.ascii	"bh\030\367\313;\267\177\255\221\027\267\034\254@=HC"
 274      CB3BB77F 
 274      AD9117B7 
 274      1CAC403D 
 274      4843
 275 04bd BB04FC02 		.ascii	"\273\004\374\002\270\372\375\230\335\227\325\014\324"
 275      B8FAFD98 
 275      DD97D50C 
 275      D4
 276 04ca 08DA37D8 		.ascii	"\010\3327\330\330\244V'\010m\211\010\303\007I\266\227"
 276      D8A45627 
 276      086D8908 
 276      C30749B6 
 276      97
 277 04db 4C4D0805 		.ascii	"LM\010\005=`\223\373\322\313\342<\015\223\306\262)\350"
 277      3D6093FB 
ARM GAS  /tmp/ccPFbiqH.s 			page 21


 277      D2CBE23C 
 277      0D93C6B2 
 277      29E8
 278 04ed CFA6E0ED 		.ascii	"\317\246\340\355\327\347\337h\360\000-Ne\311\246\256"
 278      D7E7DF68 
 278      F0002D4E 
 278      65C9A6AE 
 279 04fd 2C1F14C8 		.ascii	",\037\024\310z\252Z\326\033\237\301\354\177$\365F\332"
 279      7AAA5AD6 
 279      1B9FC1EC 
 279      7F24F546 
 279      DA
 280 050e 40077F22 		.ascii	"@\007\177\"\257iS%\277\264\027\014f\363\260;\024;\360"
 280      AF695325 
 280      BFB4170C 
 280      66F3B03B 
 280      143BF0
 281 0521 6328B567 		.ascii	"c(\265g\324\233\247\240\360\011s'{\357\353\373\310/"
 281      D49BA7A0 
 281      F0097327 
 281      7BEFEBFB 
 281      C82F
 282 0533 51D0BD08 		.ascii	"Q\320\275\010Q\335}\360\375!\365\276\037\371\2111P\006"
 282      51DD7DF0 
 282      FD21F5BE 
 282      1FF98931 
 282      5006
 283 0545 24CA0EB6 		.ascii	"$\312\016\266dxM\037\357s1\336\371\001\362\231\355\317"
 283      64784D1F 
 283      EF7331DE 
 283      F901F299 
 283      EDCF
 284 0557 66F6DDB1 		.ascii	"f\366\335\261\2561o\301\234]47\200Xv\024\350\0055\367"
 284      AE316FC1 
 284      9C5D3437 
 284      80587614 
 284      E80535F7 
 285 056b 9C997B41 		.ascii	"\234\231{A\315\335\352\315?\251\23126\244\207K\366\006"
 285      CDDDEACD 
 285      3FA99932 
 285      36A4874B 
 285      F606
 286 057d 85B119A4 		.ascii	"\205\261\031\244c3\361\260\350\321Tt\321\024\364\220"
 286      6333F1B0 
 286      E8D15474 
 286      D114F490 
 287 058d 801EA2E8 		.ascii	"\200\036\242\350\226\216\246T\025\036f\255\340xaF\261"
 287      968EA654 
 287      151E66AD 
 287      E0786146 
 287      B1
 288 059e 0F7ECB98 		.ascii	"\017~\313\230\355\227.\247\273+!\325\3034\315\360\246"
 288      ED972EA7 
 288      BB2B21D5 
 288      C334CDF0 
 288      A6
 289 05af 7263B9AF 		.ascii	"rc\271\257|\361!\035X\322\373j\312\342\263\357\370\205"
ARM GAS  /tmp/ccPFbiqH.s 			page 22


 289      7CF1211D 
 289      58D2FB6A 
 289      CAE2B3EF 
 289      F885
 290 05c1 BD5EC2BE 		.ascii	"\275^\302\276\244\242\347\273\252\227\017y~7\317\307"
 290      A4A2E7BB 
 290      AA970F79 
 290      7E37CFC7 
 291 05d1 217F0244 		.ascii	"!\177\002D/\305n\210F\220\222p\3222;J\327\241\376\334"
 291      2FC56E88 
 291      46909270 
 291      D2323B4A 
 291      D7A1FEDC 
 292 05e5 3B337083 		.ascii	";3p\203r\032O\342\373\017\267pJ\262\255$>\200M\322\010"
 292      721A4FE2 
 292      FB0FB770 
 292      4AB2AD24 
 292      3E804DD2 
 293 05fa 5BB2174E 		.ascii	"[\262\027N\273\205yC\235\033G\202wW\336w\216\2723\357"
 293      BB857943 
 293      9D1B4782 
 293      7757DE77 
 293      8EBA33EF 
 294 060e ECB79BFE 		.ascii	"\354\267\233\376\302\366\020Yj\002Cc\016\327^\203kc"
 294      C2F61059 
 294      6A024363 
 294      0ED75E83 
 294      6B63
 295 0620 72D726A8 		.ascii	"r\327&\250k\275\023\205g\205\206\351\016\354\213\007"
 295      6BBD1385 
 295      678586E9 
 295      0EEC8B07 
 296 0630 633D9ED3 		.ascii	"c=\236\323\027\303[\261\030&Y\265\215l\333<&l\375<H"
 296      17C35BB1 
 296      182659B5 
 296      8D6CDB3C 
 296      266CFD3C 
 297 0645 93EE4BDF 		.ascii	"\223\356K\337\251a\305\361%i\340\231)/\274\234k\361"
 297      A961C5F1 
 297      2569E099 
 297      292FBC9C 
 297      6BF1
 298 0657 3D287B47 		.ascii	"=({G\225\361\234\237\250\2222 q\265\267\360\222\017"
 298      95F19C9F 
 298      A8923220 
 298      71B5B7F0 
 298      920F
 299 0669 BECB3275 		.ascii	"\276\3132u-k\334\216\204\2547\307/K\273\333+d]I\213"
 299      2D6BDC8E 
 299      84AC37C7 
 299      2F4BBBDB 
 299      2B645D49 
 300 067e 6023E758 		.ascii	"`#\347X\203\340Q\212k\023G\342\352>\364h\2177~\3164"
 300      83E0518A 
 300      6B1347E2 
 300      EA3EF468 
 300      8F377ECE 
ARM GAS  /tmp/ccPFbiqH.s 			page 23


 301 0693 6DDDF16C 		.ascii	"m\335\361l\320M\310P\351Z!Al\223\025+i\211\225k\211"
 301      D04DC850 
 301      E95A2141 
 301      6C93152B 
 301      6989956B 
 302 06a8 A35AEEF4 		.ascii	"\243Z\356\364]\012\307\343\323\015\\G\377\360s\225\243"
 302      5D0AC7E3 
 302      D30D5C47 
 302      FFF07395 
 302      A3
 303 06b9 2C16BD6D 		.ascii	",\026\275m\223\312\202\344~\263\250\032m\341\224\204"
 303      93CA82E4 
 303      7EB3A81A 
 303      6DE19484 
 304 06c9 93B4C753 		.ascii	"\223\264\307S\355\0057j;\204\354% \340\337?i\315Q1~"
 304      ED05376A 
 304      3B84EC25 
 304      20E0DF3F 
 304      69CD5131 
 305 06de 902E6693 		.ascii	"\220.f\223\007+\004\336\237\354k\273\022\023=Xv3\011"
 305      072B04DE 
 305      9FEC6BBB 
 305      12133D58 
 305      763309
 306 06f1 FC7EE7A3 		.ascii	"\374~\347\243m>8\336\215\355\316\213O\216\271M?p;8a"
 306      6D3E38DE 
 306      8DEDCE8B 
 306      4F8EB94D 
 306      3F703B38 
 307 0706 E08EB381 		.ascii	"\340\216\263\201;\272)+Y)\015\215\215\226\336v.\000"
 307      3BBA292B 
 307      59290D8D 
 307      8D96DE76 
 307      2E00
 308 0718 6DE3087C 		.ascii	"m\343\010|'\035\032*D\320\233*[\223\204\016\331M\370"
 308      271D1A2A 
 308      44D09B2A 
 308      5B93840E 
 308      D94DF8
 309 072b B2A63BA3 		.ascii	"\262\246;\243*\234\304,\027\336\345\267\252\210\345"
 309      2A9CC42C 
 309      17DEE5B7 
 309      AA88E5
 310 073a 58B09CF8 		.ascii	"X\260\234\370\337\367* \222\364\256\275\321Mn=\211\373"
 310      DFF72A20 
 310      92F4AEBD 
 310      D14D6E3D 
 310      89FB
 311 074c 88F5E6BE 		.ascii	"\210\365\346\276\2548\241\3036\022\276\274\357j\215"
 311      AC38A1C3 
 311      3612BEBC 
 311      EF6A8D
 312 075b B8A8933C 		.ascii	"\270\250\223<T\3264\301~$\205y\363b,{\353G\0128E\314"
 312      54D634C1 
 312      7E248579 
 312      F3622C7B 
 312      EB470A38 
ARM GAS  /tmp/ccPFbiqH.s 			page 24


 313 0771 C343E649 		.ascii	"\303C\346I\374\301\256\0227\347<$\203'l\371\331G=I\021"
 313      FCC1AE12 
 313      37E73C24 
 313      83276CF9 
 313      D9473D49 
 314 0786 3DA9DB7C 		.ascii	"=\251\333|a\337\007~O\213\336^]V#\014o\035\341\373\336"
 314      61DF077E 
 314      4F8BDE5E 
 314      5D56230C 
 314      6F1DE1FB 
 315 079b 95D47BE0 		.ascii	"\225\324{\340\003\314\317=\273_\327{\342C\214\251\030"
 315      03CCCF3D 
 315      BB5FD77B 
 315      E2438CA9 
 315      18
 316 07ac C8AFF066 		.ascii	"\310\257\360fH\273\234\367\027\370\341\374\301#\356"
 316      48BB9CF7 
 316      17F8E1FC 
 316      C123EE
 317 07bb 3887810F 		.ascii	"8\207\201\017\264\276+\366\225Z.s\371 8\301\326\300"
 317      B4BE2BF6 
 317      955A2E73 
 317      F92038C1 
 317      D6C0
 318 07cd 439CD4   		.ascii	"C\234\324"
 319 07d0 72492319 		.ascii	"rI#\031n\210\307r4qyZ\2648\201\375\330\004N\035\317"
 319      6E88C772 
 319      3471795A 
 319      B43881FD 
 319      D8044E1D 
 320 07e5 7AEA8DF3 		.ascii	"z\352\215\363\230\335\306\274\204F,\216\363\257\330"
 320      98DDC6BC 
 320      84462C8E 
 320      F3AFD8
 321 07f4 939253D9 		.ascii	"\223\222S\331\300d\221\017.`\362\225\025\347j\204\255"
 321      C064910F 
 321      2E60F295 
 321      15E76A84 
 321      AD
 322 0805 DE7C60F3 		.ascii	"\336|`\363\013.6x\341\223\354\333d\342\241\022\025\256"
 322      0B2E3678 
 322      E193ECDB 
 322      64E2A112 
 322      15AE
 323 0817 10021CEE 		.ascii	"\020\002\034\356|\"\224} Y`s2v\253\3609\366\355}b\302"
 323      7C22947D 
 323      20596073 
 323      3276ABF0 
 323      39F6ED7D 
 324 082d 7E0F7C91 		.ascii	"~\017|\2211\311\015\3119^\270\2061\023\217\223[\021"
 324      31C90DC9 
 324      395EB886 
 324      31138F93 
 324      5B11
 325 083f 93D2C84A 		.ascii	"\223\322\310J\326_(\331\023\243;\367y\341\353\014{\247"
 325      D65F28D9 
 325      13A33BF7 
ARM GAS  /tmp/ccPFbiqH.s 			page 25


 325      79E1EB0C 
 325      7BA7
 326 0851 35EE8C80 		.ascii	"5\356\214\200\365\0026\266\375\335%\337\351k\246X\254"
 326      F50236B6 
 326      FDDD25DF 
 326      E96BA658 
 326      AC
 327 0862 99228E46 		.ascii	"\231\"\216FU\264\271\367\230'H\007\220f&;R\004\260#"
 327      55B4B9F7 
 327      98274807 
 327      9066263B 
 327      5204B023 
 328 0876 45A97DB8 		.ascii	"E\251}\270P\211\033\251%\356fIk\265Jv\244\370\303i\262"
 328      50891BA9 
 328      25EE6649 
 328      6BB54A76 
 328      A4F8C369 
 329 088b DB2F8331 		.ascii	"\333/\2031(\221\032O\200c\263?u\201/\345\002\211R\232"
 329      28911A4F 
 329      8063B33F 
 329      75812FE5 
 329      0289529A 
 330 089f D5533064 		.ascii	"\325S0d'\231\375c\207\216^\361\306m\314\300\363\344"
 330      2799FD63 
 330      878E5EF1 
 330      C66DCCC0 
 330      F3E4
 331 08b1 67B0C197 		.ascii	"g\260\301\227\216\023\001\371\304\300i0P.\031(\343\246"
 331      8E1301F9 
 331      C4C06930 
 331      502E1928 
 331      E3A6
 332 08c3 B150E1DA 		.ascii	"\261P\341\332\302\205\204\312t\017y\343&\372\012\341"
 332      C28584CA 
 332      740F79E3 
 332      26FA0AE1 
 333 08d3 7B019D9F 		.ascii	"{\001\235\237gh\321\024\213u\236\265\265$Q\315\012\343"
 333      6768D114 
 333      8B759EB5 
 333      B52451CD 
 333      0AE3
 334 08e5 5769CFEE 		.ascii	"Wi\317\356\351\250\342\344\332\317~L\373\371\246\216"
 334      E9A8E2E4 
 334      DACF7E4C 
 334      FBF9A68E 
 335 08f5 45B8878D 		.ascii	"E\270\207\215\333\253\206\216\373\010\3671&\356\332"
 335      DBAB868E 
 335      FB08F731 
 335      26EEDA
 336 0904 D53C0FFC 		.ascii	"\325<\017\374\2241\375\307n\324\271\343A\306\364\366"
 336      9431FDC7 
 336      6ED4B9E3 
 336      41C6F4F6 
 337 0914 BD398DF1 		.ascii	"\2759\215\361+\306\344\366g\357P\3417\202L\357@\203"
 337      2BC6E4F6 
 337      67EF50E1 
 337      37824CEF 
ARM GAS  /tmp/ccPFbiqH.s 			page 26


 337      4083
 338 0926 702EF999 		.ascii	"p.\371\231\014\335\304`\371-\261J\310\371\343\351\253"
 338      0CDDC460 
 338      F92DB14A 
 338      C8F9E3E9 
 338      AB
 339 0937 87EF3D31 		.ascii	"\207\357=1\357N\300\277\357\316H\255\327\2409\364\232"
 339      EF4EC0BF 
 339      EFCE48AD 
 339      D7A039F4 
 339      9A
 340 0948 394776B1 		.ascii	"9Gv\261\223C\\,\337}\360e\310\353[dY\322\240\034\010"
 340      93435C2C 
 340      DF7DF065 
 340      C8EB5B64 
 340      59D2A01C 
 341 095d E238A4FC 		.ascii	"\3428\244\374\032'\333\226\036\345\344;m\330<\237\375"
 341      1A27DB96 
 341      1EE5E43B 
 341      6DD83C9F 
 341      FD
 342 096e 966C61A1 		.ascii	"\226la\241\301\241\237\005\254\330\366\320VN\276\341"
 342      C1A19F05 
 342      ACD8F6D0 
 342      564EBEE1 
 343 097e 05EDF6D4 		.ascii	"\005\355\366\324{t\303K4\3479k>\"\327L\300)\022\370"
 343      7B74C34B 
 343      34E7396B 
 343      3E22D74C 
 343      C02912F8 
 344 0992 986B37E4 		.ascii	"\230k7\344\252\317I\350+\316\350\004g\325\351\022\370"
 344      AACF49E8 
 344      2BCEE804 
 344      67D5E912 
 344      F8
 345 09a3 B033384B 		.ascii	"\26038K\002O9\034]\206\260.\321o\004NNFw\241\032nrs"
 345      024F391C 
 345      5D86B02E 
 345      D16F044E 
 345      4E4677A1 
 346 09bb 503BD01D 		.ascii	"P;\320\035\240_\200\256\003\335\006\272\005\324\014"
 346      A05F80AE 
 346      03DD06BA 
 346      05D40C
 347 09ca 540D5407 		.ascii	"T\015T\007T\013t\003\250\036\250\021\250\001\250\025"
 347      540B7403 
 347      A81EA811 
 347      A801A815 
 348 09da A809A805 		.ascii	"\250\011\250\005\250\015\250\006\350*'\236\246\210\237"
 348      A80DA806 
 348      E82A279E 
 348      A6889F
 349 09e9 93ED0E3F 		.ascii	"\223\355\016?\317;\373);\3041p\232\024T\256\353\344"
 349      CF3BFB29 
 349      3BC43170 
 349      9A1454AE 
 349      EBE4
ARM GAS  /tmp/ccPFbiqH.s 			page 27


 350 09fb 8AF94ADE 		.ascii	"\212\371J\336\010+<\035\267L\030\267\014\001,\366P\224"
 350      082B3C1D 
 350      B74C18B7 
 350      0C012CF6 
 350      5094
 351 0a0d EE9CAE37 		.ascii	"\356\234\2567\222\033U\316\232\345\347\024\206\316\220"
 351      921B55CE 
 351      9AE5E714 
 351      86CE90
 352 0a1c FCC8769D 		.ascii	"\374\310v\235\\\207\037\200\036a\272I\023\277\350\214"
 352      5C871F80 
 352      1E61BA49 
 352      13BFE88C 
 353 0a2c 961F0109 		.ascii	"\226\037\001\011\266\364\236\003\233\346\214\335\377"
 353      B6F49E03 
 353      9BE68CDD 
 353      FF
 354 0a39 4145EC96 		.ascii	"AE\354\226\374\310wF\267L\365\032\362\221\370-_\374"
 354      FCC87746 
 354      B74CF51A 
 354      F291F82D 
 354      5FFC
 355 0a4b 1DAA847C 		.ascii	"\035\252\204|\234\020\300\342\004\226\037\030\231\346"
 355      9C10C0E2 
 355      04961F18 
 355      99E6
 356 0a59 77523ECE 		.ascii	"wR>\316\271\036\026y\246\313i\246SA\363^\001,.\260h"
 356      B91E1679 
 356      A6CB69A6 
 356      5341F35E 
 356      012C2EB0 
 357 0a6e 8F73A65F 		.ascii	"\217s\246_K\232/\270\316\264\354\334:\324N\317\255\000"
 357      4B9A2FB8 
 357      CEB4ECDC 
 357      3AD44ECF 
 357      AD00
 358 0a80 9A7A6E25 		.ascii	"\232zn%\251*\311\370\204\235[I\262\016\270N\326\002"
 358      A92AC9F8 
 358      849D5B49 
 358      B20EB84E 
 358      D602
 359 0a92 C9C7D3D4 		.ascii	"\311\307\323\324\307\335\340c\242\363,\336\345\354\343"
 359      C7DDE063 
 359      A2F32CDE 
 359      E5ECE3
 360 0aa1 A8E4A3DD 		.ascii	"\250\344\243\335\345\2109\016\255\015]{\033\224\270"
 360      E588390E 
 360      AD0D5D7B 
 360      1B94B8
 361 0ab0 8E361FEE 		.ascii	"\2166\037\356\301\225\242~X\377f2\337/\334C\304\367"
 361      C195A27E 
 361      58FF6632 
 361      DF2FDC43 
 361      C4F7
 362 0ac2 7B20DC21 		.ascii	"{ \334!\265u\022\3124\323\016u\302l\373\177\314<\362"
 362      B57512CA 
 362      34D30E75 
ARM GAS  /tmp/ccPFbiqH.s 			page 28


 362      C26CFB7F 
 362      CC3CF2
 363 0ad5 4FC481C7 		.ascii	"O\304\201\307{|\247\234\321\356q\362\323v\027\307\316"
 363      7B7CA79C 
 363      D1EE71F2 
 363      D37617C7 
 363      CE
 364 0ae6 68F0EBF2 		.ascii	"h\360\353\362DW0\345D\327-\240\273)\372\362hK\241\007"
 364      445730E5 
 364      44D72DA0 
 364      BB29FAF2 
 364      684BA107 
 365 0afa BEE9CE16 		.ascii	"\276\351\316\026\377\223\207&=\305\003A\355\277\367"
 365      FF938726 
 365      3DC50341 
 365      EDBFF7
 366 0b09 3B1D08EE 		.ascii	";\035\010\356K\231\271/\337l\367\320\315v\356\330\353"
 366      4B99B92F 
 366      DF6CF7D0 
 366      CD76EED8 
 366      EB
 367 0b1a ED3EB897 		.ascii	"\355>\270\227iz\231Q\237\212\205\003\301\2555S\016\004"
 367      697A9951 
 367      9F8A8503 
 367      C1AD3553 
 367      0E04
 368 0b2c 0F242D0F 		.ascii	"\017$-\017\344Zz\271\331\212\317\014\353b,6\203\331"
 368      E45A7AB9 
 368      D98ACF0C 
 368      EB622C36 
 368      83D9
 369 0b3e F2BDC1B4 		.ascii	"\362\275\301\264\316\034\031\263v\275i\336\2720\213"
 369      CE1C19B3 
 369      76BD69DE 
 369      BA308B
 370 0b4d 6DDE7CCF 		.ascii	"m\336|\317\277\377c\345,\335\202\005\212?\317\233\247"
 370      BFFF63E5 
 370      2CDD8205 
 370      8A3FCF9B 
 370      A7
 371 0b5e 657FBA08 		.ascii	"e\177\272\010\363j\363W\241\332\030\253\326\030\023"
 371      F36AF357 
 371      A1DA18AB 
 371      D61813
 372 0b6d 151513AD 		.ascii	"\025\025\023\255%\302Vm\220~\205n\305\006\2551\302\030"
 372      25C2566D 
 372      907E856E 
 372      C506AD31 
 372      C218
 373 0b7f 633119FE 		.ascii	"c1\031\376\365\327\250yF\305'L\261\365\007\263\315\030"
 373      F5D7A879 
 373      46C5274C 
 373      B1F507B3 
 373      CD18
 374 0b91 61586389 		.ascii	"aXc\211\2112\230\255\226\337\242+B1\223\3512m0\333\034"
 374      893298AD 
 374      96DFA22B 
ARM GAS  /tmp/ccPFbiqH.s 			page 29


 374      423193E9 
 374      326D30DB 
 375 0ba6 9ABC4257 		.ascii	"\232\274BW\351\014\313\303\242\303#M\026\277\017\203"
 375      E90CCBC3 
 375      A2C3234D 
 375      16BF0F83 
 376 0bb6 F8CC1811 		.ascii	"\370\314\030\021j\214\010\266\206XL\246\250u6sL\264"
 376      6A8C08B6 
 376      86584CA6 
 376      A8753673 
 376      4CB4
 377 0bc8 DEF4FD7A 		.ascii	"\336\364\375z\263\305\024\356fX\034\023\023\031\350"
 377      B3C514EE 
 377      66581C13 
 377      1319E8
 378 0bd7 CA118B4D 		.ascii	"\312\021\213Mk\2166F\256\0177\201}\2531\"\034l\253\015"
 378      6B8E3646 
 378      AE0F3781 
 378      7DAB3122 
 378      1C6CAB0D 
 379 0beb 86F5E668 		.ascii	"\206\365\346h\333\302\317\015\266?i\327[-\016D\264\351"
 379      DBC2CF0D 
 379      B63F69D7 
 379      5B2D0E44 
 379      B4E9
 380 0bfd 8748F36A 		.ascii	"\207H\363jmT\2301\302\034m\322\032\302Mk\302\326G\332"
 380      6D549831 
 380      C21C6DD2 
 380      1AC24D6B 
 380      C2D647DA 
 381 0c11 0CB61FD7 		.ascii	"\014\266\037\327\231\254 \350)\212\315v%f\375\321\252"
 381      99AC20E8 
 381      298ACD76 
 381      2566FDD1 
 381      AA
 382 0c22 35586DE1 		.ascii	"5Xm\341\200\001\254r\303:\253\305\323bZ\033f\2112\330"
 382      8001AC72 
 382      C33AABC5 
 382      D3625A1B 
 382      668932D8 
 383 0c36 16FC6F49 		.ascii	"\026\374oI\002yn\235\321=\322b\260E\204c\313\202\317"
 383      02796E9D 
 383      D13DD262 
 383      B0458463 
 383      CB82CF
 384 0c49 39CB42CE 		.ascii	"9\313B\316\002\367\005\234e\276\227\2209\233\321\266"
 384      02F7059C 
 384      65BE9790 
 384      399BD1B6 
 385 0c59 41698C08 		.ascii	"Ai\214\010\263\250\014\206\265&\233!$4\304;,\362\207"
 385      B3A80C86 
 385      B5269B21 
 385      2434C43B 
 385      2CF287
 386 0c6c B01FAD06 		.ascii	"\260\037\255\006st$\004\260\370#FA\234\230\324\352V"
 386      73742404 
 386      B0F82346 
ARM GAS  /tmp/ccPFbiqH.s 			page 30


 386      419C98D4 
 386      EA56
 387 0c7e 8406876A 		.ascii	"\204\006\207ju`S\033,\346)\312j\266\032\326\032\215"
 387      7560531B 
 387      2CE629CA 
 387      6AB61AD6 
 387      1A8D
 388 0c90 E005A8B6 		.ascii	"\340\005\250\2662\325\376\324\352\372\350\310\030\343"
 388      32D5FED4 
 388      EAFAE8C8 
 388      18E3
 389 0c9e 3FA51193 		.ascii	"?\245\021\223\275\364f\320\305A\241KC\364\301*\375\322"
 389      BDF466D0 
 389      C541A14B 
 389      43F4C12A 
 389      FDD2
 390 0cb0 D0A5FA55 		.ascii	"\320\245\372UK\227\314W\006\207\006\351\225+V,\323\343"
 390      4B97CC57 
 390      068706E9 
 390      952B562C 
 390      D3E3
 391 0cc2 A0257ABC 		.ascii	"\240%z\274\004~C\226\351\225A\313B\365\312\305\313\202"
 391      047E4396 
 391      E99541CB 
 391      42F5CAC5 
 391      CB82
 392 0cd4 F46EF009 		.ascii	"\364n\360\011\000K\010\277\234\334tps\013]\256\013\325"
 392      004B08BF 
 392      9CDC7470 
 392      730B5DAE 
 392      0BD5
 393 0ce6 E3D0E521 		.ascii	"\343\320\345!*6X_\032l\036\302/\326\351\340\213N\357"
 393      2A36585F 
 393      1A6C1EC2 
 393      2FD6E9E0 
 393      8B4EEF
 394 0cf9 1614ACD7 		.ascii	"\026\024\254\327\351\225\253\276\376J\257\014\006\264"
 394      E995ABBE 
 394      FE4AAF0C 
 394      06B4
 395 0d07 9B2E6465 		.ascii	"\233.de\360\022\270\007\351\364A\2771tR\240\306\250"
 395      F012B807 
 395      E9F441BF 
 395      317452A0 
 395      C6A8
 396 0d19 2FC85887 		.ascii	"/\310X\207\352\026\033\276\206\201\367\2431N\011[\345"
 396      EA161BBE 
 396      8681F7A3 
 396      314E095B 
 396      E5
 397 0d2a 78F51F38 		.ascii	"x\365\0378dB\344"
 397      6442E4
 398              		.text
 399              		.section	.gnu.lto_.symtab.f47f7c21ecf19c4c,"",%progbits
 400 0000 5356435F 		.ascii	"SVC_Handler\000"
 400      48616E64 
 400      6C657200 
ARM GAS  /tmp/ccPFbiqH.s 			page 31


 401 000c 00       		.ascii	"\000"
 402 000d 00       		.ascii	"\000"
 403 000e 00       		.ascii	"\000"
 404 000f 00000000 		.ascii	"\000\000\000\000\000\000\000\000"
 404      00000000 
 405 0017 B4000000 		.ascii	"\264\000\000\000"
 406 001b 5F706F72 		.ascii	"_port_irq_epilogue\000"
 406      745F6972 
 406      715F6570 
 406      696C6F67 
 406      756500
 407 002e 00       		.ascii	"\000"
 408 002f 00       		.ascii	"\000"
 409 0030 00       		.ascii	"\000"
 410 0031 00000000 		.ascii	"\000\000\000\000\000\000\000\000"
 410      00000000 
 411 0039 B6000000 		.ascii	"\266\000\000\000"
 412 003d 5F706F72 		.ascii	"_port_switch_from_isr\000"
 412      745F7377 
 412      69746368 
 412      5F66726F 
 412      6D5F6973 
 413 0053 00       		.ascii	"\000"
 414 0054 02       		.ascii	"\002"
 415 0055 00       		.ascii	"\000"
 416 0056 00000000 		.ascii	"\000\000\000\000\000\000\000\000"
 416      00000000 
 417 005e B0000000 		.ascii	"\260\000\000\000"
 418 0062 5F706F72 		.ascii	"_port_exit_from_isr\000"
 418      745F6578 
 418      69745F66 
 418      726F6D5F 
 418      69737200 
 419 0076 00       		.ascii	"\000"
 420 0077 02       		.ascii	"\002"
 421 0078 00       		.ascii	"\000"
 422 0079 00000000 		.ascii	"\000\000\000\000\000\000\000\000"
 422      00000000 
 423 0081 B2000000 		.ascii	"\262\000\000\000"
 424 0085 63685363 		.ascii	"chSchIsPreemptionRequired\000"
 424      68497350 
 424      7265656D 
 424      7074696F 
 424      6E526571 
 425 009f 00       		.ascii	"\000"
 426 00a0 02       		.ascii	"\002"
 427 00a1 00       		.ascii	"\000"
 428 00a2 00000000 		.ascii	"\000\000\000\000\000\000\000\000"
 428      00000000 
 429 00aa BE000000 		.ascii	"\276\000\000\000"
 430              		.text
 431              		.section	.gnu.lto_.opts,"",%progbits
 432 0000 272D666D 		.ascii	"'-fmath-errno' '-fsigned-zeros' '-ftrapping-math' '"
 432      6174682D 
 432      6572726E 
 432      6F272027 
 432      2D667369 
ARM GAS  /tmp/ccPFbiqH.s 			page 32


 433 0033 2D666E6F 		.ascii	"-fno-trapv' '-fno-openmp' '-fno-openacc' '-mcpu=cor"
 433      2D747261 
 433      70762720 
 433      272D666E 
 433      6F2D6F70 
 434 0066 7465782D 		.ascii	"tex-m4' '-mno-thumb-interwork' '-mthumb' '-ggdb' '-"
 434      6D342720 
 434      272D6D6E 
 434      6F2D7468 
 434      756D622D 
 435 0099 4F322720 		.ascii	"O2' '-fomit-frame-pointer' '-falign-functions=16' '"
 435      272D666F 
 435      6D69742D 
 435      6672616D 
 435      652D706F 
 436 00cc 2D666675 		.ascii	"-ffunction-sections' '-fdata-sections' '-fno-common"
 436      6E637469 
 436      6F6E2D73 
 436      65637469 
 436      6F6E7327 
 437 00ff 2720272D 		.ascii	"' '-flto'\000"
 437      666C746F 
 437      2700
 438              		.text
 439              		.comm	__gnu_lto_v1,1,1
 440              		.comm	__gnu_lto_slim,1,1
 441              		.ident	"GCC: (15:5.4.1+svn241155-1) 5.4.1 20160919"
ARM GAS  /tmp/ccPFbiqH.s 			page 33


DEFINED SYMBOLS
                            *ABS*:0000000000000000 chcore_v7m.c
                            *COM*:0000000000000001 __gnu_lto_v1
                            *COM*:0000000000000001 __gnu_lto_slim

NO UNDEFINED SYMBOLS
