ARM GAS  /tmp/ccPUPAW3.s 			page 1


   1              		.syntax unified
   2              		.cpu cortex-m4
   3              		.fpu softvfp
   4              		.eabi_attribute 20, 1
   5              		.eabi_attribute 21, 1
   6              		.eabi_attribute 23, 3
   7              		.eabi_attribute 24, 1
   8              		.eabi_attribute 25, 1
   9              		.eabi_attribute 26, 1
  10              		.eabi_attribute 30, 2
  11              		.eabi_attribute 34, 1
  12              		.eabi_attribute 18, 4
  13              		.thumb
  14              		.syntax unified
  15              		.file	"crt1.c"
  16              		.text
  17              	.Ltext0:
  18              		.section	.gnu.lto_.profile.6914b0945ded8f2a,"",%progbits
  19 0000 789C6361 		.ascii	"x\234ca`d`a`\000\222\222\242\000\000\261\0009"
  19      60646061 
  19      60009292 
  19      A20000B1 
  19      0039
  20              		.text
  21              		.section	.gnu.lto_.icf.6914b0945ded8f2a,"",%progbits
  22 0000 789C6361 		.ascii	"x\234ca`d\000\0015\006\004`cX?\363A\013\023#\230d\002"
  22      60640001 
  22      35060460 
  22      63583FF3 
  22      410B1323 
  23 0017 93CC8DB7 		.ascii	"\223\314\215\267O\375\344g9\362d\372[\026\326\213\337"
  23      4FFDE467 
  23      39F264FA 
  23      5B16D68B 
  23      DF
  24 0028 36F6F031 		.ascii	"6\366\3601\000\000S4\021\273"
  24      00005334 
  24      11BB
  25              		.text
  26              		.section	.gnu.lto_.jmpfuncs.6914b0945ded8f2a,"",%progbits
  27 0000 789C6361 		.ascii	"x\234ca`d\000\001A\006\004`\005b\240(\023\003\0033\003"
  27      60640001 
  27      41060460 
  27      0562A028 
  27      13030333 
  28 0015 030B9003 		.ascii	"\003\013\220\003\000\003d\000&"
  28      00036400 
  28      26
  29              		.text
  30              		.section	.gnu.lto_.inline.6914b0945ded8f2a,"",%progbits
  31 0000 789C6361 		.ascii	"x\234ca`d\000\201x\006\004`e``fbd`\0022\331\026\310"
  31      60640081 
  31      78060460 
  31      65606066 
  31      62646002 
  32 0018 8328A022 		.ascii	"\203(\240\"t\021&\014\021f \017\"\302\002&\201\224\310"
  32      7411260C 
ARM GAS  /tmp/ccPUPAW3.s 			page 2


  32      1166200F 
  32      22C20226 
  32      8194C8
  33 002b 4A0EA088 		.ascii	"J\016\240\210\322\246\347\215\214pe\014\000\000\232"
  33      D2A6E78D 
  33      8C70650C 
  33      00009A
  34 003a 06B8     		.ascii	"\006\270"
  35              		.text
  36              		.section	.gnu.lto_.pureconst.6914b0945ded8f2a,"",%progbits
  37 0000 789C6361 		.ascii	"x\234ca`d\340f```e\220`\224`\222`6a\221\002\000\004"
  37      6064E066 
  37      60606065 
  37      90609460 
  37      92603661 
  38 0018 2200B6   		.ascii	"\"\000\266"
  39              		.text
  40              		.section	.gnu.lto___core_init.6914b0945ded8f2a,"",%progbits
  41 0000 789C6361 		.ascii	"x\234ca`d\000\201j v\004bi fdf`d\232p\216\201\241\221"
  41      60640081 
  41      6A207604 
  41      62692066 
  41      64666064 
  42 001a 83899111 		.ascii	"\203\211\221\021\304h\340`d\250gb\254g\374\312\364\227"
  42      C468E060 
  42      64A86762 
  42      AC67FCCA 
  42      F497
  43 002c 89F150FB 		.ascii	"\211\361P\373\263\235L\232\313\033\200\340A\3532\303"
  43      B39D4C9A 
  43      CB1B80E0 
  43      41EB32C3 
  44 003c 86150718 		.ascii	"\206\025\007\030[\231\031\030\3763\201Mb`\\\316\250"
  44      5B991918 
  44      FE33814D 
  44      62605CCE 
  44      A8
  45 004d C90054F6 		.ascii	"\311\000T\366h\343\277\251\274l- e\012\020I\306\025"
  45      68E3BFA9 
  45      BC6C2D20 
  45      650A1049 
  45      C615
  46 005f 8C6C20EB 		.ascii	"\214l \353\326\007\035h\370\377\277\271\241\341\243"
  46      D6071D68 
  46      F8FFBFB9 
  46      A1E1A3
  47 006e C13C55A0 		.ascii	"\301<U\240\304\007 \006Y\363\221\211\011D3\277bd\002"
  47      C4072006 
  47      59F39189 
  47      094433BF 
  47      626402
  48 0081 29059BF6 		.ascii	")\005\233\366\201\211\021$\006Ta\257\247\247\017A\316"
  48      81891124 
  48      065461AF 
  48      A7A70F41 
  48      CE
  49 0092 19994999 		.ascii	"\031\231I\231\376\301\372\371\305\372\311\371\271\271"
ARM GAS  /tmp/ccPUPAW3.s 			page 3


  49      FEC1FAF9 
  49      C5FAC9F9 
  49      B9B9
  50 00a0 F979FAC5 		.ascii	"\371y\372\305%\211E%\245\005\372\216A\276\316\276\025"
  50      25894525 
  50      A505FA8E 
  50      41BECEBE 
  50      15
  51 00b1 20D182CC 		.ascii	" \321\202\314\234\324\242b}wgg\375\344\242\022C\275"
  51      9CD4A262 
  51      7D776767 
  51      FDE4A212 
  51      43BD
  52 00c3 640600A2 		.ascii	"d\006\000\242FAl"
  52      46416C
  53              		.text
  54              		.section	.gnu.lto___early_init.6914b0945ded8f2a,"",%progbits
  55 0000 789C6361 		.ascii	"x\234ca`d\000\201* v\004bi fdf`d\232p\216\201\241\221"
  55      60640081 
  55      2A207604 
  55      62692066 
  55      64666064 
  56 001a 83899111 		.ascii	"\203\211\221\021\304h\340`d\250gb\254g\374\312\364\227"
  56      C468E060 
  56      64A86762 
  56      AC67FCCA 
  56      F497
  57 002c 89F150FB 		.ascii	"\211\361P\373\263\235L\232\313\033\200\340\301\323u"
  57      B39D4C9A 
  57      CB1B80E0 
  57      C1D375
  58 003b 860D2B0E 		.ascii	"\206\015+\0160\266230\374g\002\233\304\300\270\234Q"
  58      30B63233 
  58      30FC6702 
  58      9BC4C0B8 
  58      9C51
  59 004d 9301A8EC 		.ascii	"\223\001\250\354\321\306\177Sy\331Z@\312\024 \222\214"
  59      D1C67F53 
  59      79D95A40 
  59      CA142092 
  59      8C
  60 005e 2B18D940 		.ascii	"+\030\331@\326\255\017:\320\360\377\177sC\303g\005F"
  60      D6AD0F3A 
  60      D0F0FF7F 
  60      7343C367 
  60      0546
  61 0070 A0F80720 		.ascii	"\240\370\007 \006\331\362\221\211\011D3\277bd\002\251"
  61      06D9F291 
  61      89094433 
  61      BF626402 
  61      A9
  62 0081 041BF681 		.ascii	"\004\033\366\201\211\021$\006Ta\257\247\247\017A\316"
  62      89112406 
  62      5461AFA7 
  62      A70F41CE 
  63 0091 19994999 		.ascii	"\031\231I\231\376\301\372\371\305\372\311\371\271\271"
  63      FEC1FAF9 
ARM GAS  /tmp/ccPUPAW3.s 			page 4


  63      C5FAC9F9 
  63      B9B9
  64 009f F979FAC5 		.ascii	"\371y\372\305%\211E%\245\005\372\216A\276\316\276\025"
  64      25894525 
  64      A505FA8E 
  64      41BECEBE 
  64      15
  65 00b0 20D182CC 		.ascii	" \321\202\314\234\324\242b}wgg\375\344\242\022C\275"
  65      9CD4A262 
  65      7D776767 
  65      FDE4A212 
  65      43BD
  66 00c2 6406006C 		.ascii	"d\006\000lGA\003"
  66      474103
  67              		.text
  68              		.section	.gnu.lto___late_init.6914b0945ded8f2a,"",%progbits
  69 0000 789C6361 		.ascii	"x\234ca`d\000\201* v\004bi fdf`d\232p\216\201\241\221"
  69      60640081 
  69      2A207604 
  69      62692066 
  69      64666064 
  70 001a 83899111 		.ascii	"\203\211\221\021\304h\340`d\250gb\254g\374\312\364\227"
  70      C468E060 
  70      64A86762 
  70      AC67FCCA 
  70      F497
  71 002c 89F150FB 		.ascii	"\211\361P\373\263\235L\232\313\033\200\340\301\322m"
  71      B39D4C9A 
  71      CB1B80E0 
  71      C1D26D
  72 003b 860D2B0E 		.ascii	"\206\015+\0160\266230\374g\002\233\304\300\270\234Q"
  72      30B63233 
  72      30FC6702 
  72      9BC4C0B8 
  72      9C51
  73 004d 9301A8EC 		.ascii	"\223\001\250\354\321\306\177Sy\331Z@\312\024 \222\214"
  73      D1C67F53 
  73      79D95A40 
  73      CA142092 
  73      8C
  74 005e 2B18D940 		.ascii	"+\030\331@\326\255\017:\320\360\377\177sC\303G\005F"
  74      D6AD0F3A 
  74      D0F0FF7F 
  74      7343C347 
  74      0546
  75 0070 A0F80720 		.ascii	"\240\370\007 \006\331\362\221\211\011D3\277bd\002\251"
  75      06D9F291 
  75      89094433 
  75      BF626402 
  75      A9
  76 0081 041BF681 		.ascii	"\004\033\366\201\211\021$\006Ta\257\247\247\017A\316"
  76      89112406 
  76      5461AFA7 
  76      A70F41CE 
  77 0091 19994999 		.ascii	"\031\231I\231\376\301\372\371\305\372\311\371\271\271"
  77      FEC1FAF9 
  77      C5FAC9F9 
ARM GAS  /tmp/ccPUPAW3.s 			page 5


  77      B9B9
  78 009f F979FAC5 		.ascii	"\371y\372\305%\211E%\245\005\372\216A\276\316\276\025"
  78      25894525 
  78      A505FA8E 
  78      41BECEBE 
  78      15
  79 00b0 20D182CC 		.ascii	" \321\202\314\234\324\242b}wgg\375\344\242\022C\275"
  79      9CD4A262 
  79      7D776767 
  79      FDE4A212 
  79      43BD
  80 00c2 64060046 		.ascii	"d\006\000F7@\311"
  80      3740C9
  81              		.text
  82              		.section	.gnu.lto___default_exit.6914b0945ded8f2a,"",%progbits
  83 0000 789C6361 		.ascii	"x\234ca`d\000\201J v\004bS fde`d\232p\216\201\241\221"
  83      60640081 
  83      4A207604 
  83      62532066 
  83      64656064 
  84 001a 83899119 		.ascii	"\203\211\221\031\304`dfd\201\010\260@\004\034\031\031"
  84      C4606466 
  84      648108B0 
  84      40041C19 
  84      19
  85 002b EA999859 		.ascii	"\352\231\230Y\030\201\004\003\004|e\372\313\304x\250"
  85      18810403 
  85      047C65FA 
  85      CBC478A8 
  86 003b FDD94E26 		.ascii	"\375\331N&\315\345\015@\360\340\350n\303\206\025\007"
  86      CDE50D40 
  86      F0E0E86E 
  86      C3861507 
  87 004b 185B810A 		.ascii	"\030[\201\012\3763A\3240.g\324d\000*{\264\361\337T^"
  87      FE3341D4 
  87      302E67D4 
  87      64002A7B 
  87      B4F1DF54 
  88 0060 B6169032 		.ascii	"\266\026\2202\005\210$\343\012F6\220C\326\007\035h\370"
  88      058824E3 
  88      0A463690 
  88      43D6071D 
  88      68F8
  89 0072 FFBFB9A1 		.ascii	"\377\277\271\241\341\273\301oU\240\300\007\240$#\220"
  89      E1BBC16F 
  89      55A0C007 
  89      A0242390 
  90 0082 64023AE1 		.ascii	"d\002:\341\003\320.\240\335\214\037\230X\2404\304\351"
  90      03D02EA0 
  90      DD8C1F98 
  90      58A034C4 
  90      E9
  91 0093 F67A7AFA 		.ascii	"\366zz\372\020\344\234\221\231\224\351\037\254\237_"
  91      10E49C91 
  91      9994E91F 
  91      AC9F5F
  92 00a2 AC9F9C9F 		.ascii	"\254\237\234\237\233\233\237\247_\\\222XTRZ\240\357"
ARM GAS  /tmp/ccPUPAW3.s 			page 6


  92      9B9B9FA7 
  92      5F5C9258 
  92      54525AA0 
  92      EF
  93 00b3 18E4EBEC 		.ascii	"\030\344\353\354[\001\022-\310\314I-*\326wwv\326O.*"
  93      5B01122D 
  93      C8CC492D 
  93      2AD67777 
  93      76D64F2E 
  94 00c8 31D44B66 		.ascii	"1\324Kf\000\000svDJ"
  94      00007376 
  94      444A
  95              		.text
  96              		.section	.gnu.lto___init_ram_areas.6914b0945ded8f2a,"",%progbits
  97 0000 789C8D54 		.ascii	"x\234\215T]h\\E\024\2363s\377\366\336MvK\342[\205<\230"
  97      5D685C45 
  97      149E3373 
  97      FFF6DE4D 
  97      764BE25B 
  98 0017 87BEE41A 		.ascii	"\207\276\344\032\237\244/\245\006\024\205*\326g\321"
  98      9FA42FA5 
  98      0614852A 
  98      D667D1
  99 0026 1A0583B6 		.ascii	"\032\005\203\266Y\222\024\372 \354MvWm\025I\220\226"
  99      599214FA 
  99      20EC4D76 
  99      576D1549 
  99      9096
 100 0038 981F8314 		.ascii	"\230\037\203\024il\332l\322\372\323MZ\273\211\261\261"
 100      696CDA6C 
 100      D2FAD34D 
 100      5ABB89B1 
 100      B1
 101 0049 618D3694 		.ascii	"a\2156\224>\211\350\212\201F\221\335l\212Xl\3429gnp"
 101      3E89E88A 
 101      814691DD 
 101      6C8A586C 
 101      E239676E 
 102 005e 935AE965 		.ascii	"\223Z\351e\367\316\2353\347|\347;\337\314\034C\200\240"
 102      F7CE9D33 
 102      E77CE73B 
 102      DFCC1C43 
 102      80A0
 103 0070 A7C712E2 		.ascii	"\247\307\022\342)\034?\306?D\005\310\336E!\272\035\011"
 103      291C3FC6 
 103      3F4405C8 
 103      DE4521BA 
 103      1D09
 104 0082 4A7F2830 		.ascii	"J\177(0\365\207\241?f\034S\032\357\316\013\021\270V"
 104      F587A13F 
 104      661C531A 
 104      EFCE0B11 
 104      B856
 105 0094 DA1641D4 		.ascii	"\332\026A\324\002\207\354`\353q\306q\244\255\327#\274"
 105      0287EC60 
 105      EB71C671 
 105      A4ADD723 
ARM GAS  /tmp/ccPUPAW3.s 			page 7


 105      BC
 106 00a5 1E91DEF8 		.ascii	"\036\221\336\370\034M\335b\004\247\236\006\336\353\002"
 106      1C4DDD62 
 106      04A79E06 
 106      DEEB02
 107 00b4 D0183820 		.ascii	"\320\0308 \222R\031\246e;\021\317\205\244\241\004\344"
 107      925219A6 
 107      653B11CF 
 107      85A4A104 
 107      E4
 108 00c5 0D44A317 		.ascii	"\015D\243\027\0214\205~\234p\274%\357H\230}k9'w\235"
 108      1134857E 
 108      9C70BC25 
 108      EF48987D 
 108      6B392777 
 109 00da 0AF0F929 		.ascii	"\012\360\371)Sl\016F\363\220QBlH\355\003\247`\227@\267"
 109      536C0E46 
 109      F3905142 
 109      6C48ED03 
 109      A7609740 
 110 00ef 6BE98921 		.ascii	"k\351\211!\265&3\012\300\300i\371\333\201_ji*\241\001"
 110      B526330A 
 110      C0C069F9 
 110      DB815F6A 
 110      692AA101 
 111 0103 A7E991D1 		.ascii	"\247\351\221\321\254\241\036\003\362<\375\327\265c\252"
 111      ACA11E03 
 111      F23CFDD7 
 111      B563AA
 112 0112 F16410F4 		.ascii	"\361d\020\364\004\371\343\357=\370A\220O7d\224\202\323"
 112      04F9E3EF 
 112      3DF84190 
 112      4F376494 
 112      82D3
 113 0124 A010143E 		.ascii	"\240\020\024>\201\2350\012;\031\034\275\213\223\353"
 113      819D300A 
 113      3B191CBD 
 113      8B93EB
 114 0133 C76BAC34 		.ascii	"\307k\2544\245o\2001h\324\211\341\014X(\252\"\013:\315"
 114      A56F8031 
 114      68D489E1 
 114      0C5828AA 
 114      220B3ACD 
 115 0147 FDFAF792 		.ascii	"\375\372\367\222\247\036g\370\356\261\301\241h\010?"
 115      A71E67F8 
 115      EEB1C1A1 
 115      68083F
 116 0156 B8180BE1 		.ascii	"\270\030\013\341\0158{7<\214st!\1774\353\252'9z}\351"
 116      0D387B37 
 116      3C8C7374 
 116      217F34EB 
 116      AA27397A 
 117 016c 66C90CA3 		.ascii	"f\311\014\243\207\026\243Ao\267C\301\331\377\010\236"
 117      8716A341 
 117      6FB743C1 
 117      D9FF089E 
 118 017c 80C6ECFE 		.ascii	"\200\306\354\376|\260\261\221\012\362}\265\227\372\377"
ARM GAS  /tmp/ccPUPAW3.s 			page 8


 118      7CB0B191 
 118      0AF27DB5 
 118      97FAFF
 119 018b 883C0082 		.ascii	"\210<\000\202\010I\006V\354a\360\333\341\267\313v\217"
 119      08490656 
 119      EC61F0DB 
 119      E1B7CB76 
 119      8F
 120 019c BFA30261 		.ascii	"\277\243\002ak\360e\306x\036\347\265\035d\255cC=C\011"
 120      6BF065C6 
 120      781EE7B5 
 120      1D64AD63 
 120      433D4309 
 121 01b0 51C2724B 		.ascii	"Q\302rKB\224\245\304A\025\241\2074\343\362u\351'2\263"
 121      4294A5C4 
 121      4115A187 
 121      34E3F275 
 121      E92732B3 
 122 01c4 DFD924B4 		.ascii	"\337\331$\264\305\374S\267/Wj\223w\202\376 \210\243"
 122      C5FC53B7 
 122      2F576A93 
 122      7782FE20 
 122      88A3
 123 01d6 EDA8D22A 		.ascii	"\355\250\322*^\035\030{m\004\206\273{\331l\3039H\302"
 123      5E1D187B 
 123      6D0486BB 
 123      7BD96CC3 
 123      3948C2
 124 01e9 2415826B 		.ascii	"$\025\202k\033+\347\306#:$\350\003\002:\017#(.|\012"
 124      1B2BE7C6 
 124      233A24E8 
 124      03023A0F 
 124      23282E7C 
 125 01fe 49419995 		.ascii	"IA\231\225H\333\2249\316\224R\012\3042\364L\225\257"
 125      48DB9439 
 125      CE94520A 
 125      C432F44C 
 125      95AF
 126 0210 54D4F6FD 		.ascii	"T\324\366\375\301\022\210;o\017\002|\006VJ\271\325$"
 126      C112883B 
 126      6F0F027C 
 126      06564AB9 
 126      D524
 127 0222 1593FC73 		.ascii	"\025\223\374s~\341\355(\321\241\250\027\260f\007A\341"
 127      7EE1ED28 
 127      D1A1A817 
 127      B0660741 
 127      E1
 128 0233 F390CF87 		.ascii	"\363\220\317\207\375\027*\265\376Y\"\032\201/\220\312"
 128      FD172AB5 
 128      FE59221A 
 128      812F90CA 
 129 0243 3A1F35B8 		.ascii	":\0375\270\000\276@\026\301\036\302\245T\210\315L\372"
 129      00BE4016 
 129      C11EC2A5 
 129      5488CD4C 
 129      FA
ARM GAS  /tmp/ccPUPAW3.s 			page 9


 130 0254 E6954EE5 		.ascii	"\346\225N\345m\307~\376\177\261s\214Mw\023\246\266`"
 130      6DC77EFE 
 130      7FB1738C 
 130      4D7713A6 
 130      B660
 131 0266 4F10B627 		.ascii	"O\020\266'\304*\300VIQ\373\2076U\205iH\312Q;\245\352"
 131      C42AC056 
 131      4951FB87 
 131      36558569 
 131      48CA513B 
 132 027c BDC2AD17 		.ascii	"\275\302\255\027Q&C\340]TH\350\366\261\033\271G5\243"
 132      512643E0 
 132      5D5448E8 
 132      F6B11BB9 
 132      4735A3
 133 028f 9AEAE28D 		.ascii	"\232\352\342\215-\305\243\322n\012\257\307E\242\006"
 133      2DC5A3D2 
 133      6E0AAFC7 
 133      45A206
 134 029e 9748728C 		.ascii	"\227Hr\214=\361Q\015En/$\306\316*t\376\022\235\021\033"
 134      3DF1510D 
 134      456E2F24 
 134      C6CE2A74 
 134      FE129D11 
 135 02b3 FD53436F 		.ascii	"\375SCo\376\230{X\347\212\221\003\235\316\"\310\177"
 135      FE987B58 
 135      E78A9103 
 135      9DCE22C8 
 135      7F
 136 02c4 CB8869AF 		.ascii	"\313\210i\257\345\334#\332+N9\253\275X\3108o\264)\260"
 136      E5DC23DA 
 136      2B4E39AB 
 136      BD58C838 
 136      6FB429B0 
 137 02d8 4F843BCD 		.ascii	"O\204;\315\301J\350\011\373H\275\355\205\363\246F\212"
 137      C14AE809 
 137      FB48BDED 
 137      85F3A646 
 137      8A
 138 02e9 6E2DE6DE 		.ascii	"n-\346\336:_f\235\371\332\346Q\347\237!\275\230:\244"
 138      3A5F669D 
 138      F9DAE651 
 138      E79F21BD 
 138      983AA4
 139 02fc 3114C2D0 		.ascii	"1\024\302\320\346\256\202\304\335T?\224\337@.F\241\362"
 139      E6AE82C4 
 139      DD543F94 
 139      DF402E46 
 139      A1F2
 140 030e F22AE092 		.ascii	"\362*\340\222\247~'C\314\270X!\201-:\207\350\212\231"
 140      A77E2743 
 140      CCB85821 
 140      812D3A87 
 140      E88A99
 141 0321 940968B0 		.ascii	"\224\011h\2607\025_+]?\251\356\255\233\021\3526\203"
 141      37155F2B 
 141      5D3FA9EE 
ARM GAS  /tmp/ccPUPAW3.s 			page 10


 141      AD9B11EA 
 141      3683
 142 0333 44AA37C4 		.ascii	"D\2527\304\305\373:\213+\254\320\215\251P\307:\012\270"
 142      C5FB3A8B 
 142      2BACD08D 
 142      A950C73A 
 142      0AB8
 143 0345 4BC73A56 		.ascii	"K\307:V\310!\205\240J!\203E\231\274\276)\312\216\373"
 143      C82185A0 
 143      4A218345 
 143      99BCBE29 
 143      CA8EFB
 144 0358 15E52B16 		.ascii	"\025\345+\026\205\017\322\3346Q\014\204\321\242\340"
 144      850FD2DC 
 144      36510C84 
 144      D1A2E0
 145 0367 9763E156 		.ascii	"\227c\341V\327\331g\370\210EH\001f[\334\255}\3531\001"
 145      D7D967F8 
 145      88454801 
 145      665BDCAD 
 145      7DEB3101 
 146 037b 422F950A 		.ascii	"B/\225\012\303\236\356\276q\370\272\212;_\330z\015?"
 146      C39EEEBE 
 146      71F8BA8A 
 146      3B5FD87A 
 146      0D3F
 147 038d 3DACE862 		.ascii	"=\254\350b\342\034#\006\246\327\026L\212\360\300\271"
 147      E21C2306 
 147      A6D7164C 
 147      8AF0C0B9 
 148 039d FFBE315F 		.ascii	"\377\2761_\3257\372\026\006W\314\346l\200k\301a,\025"
 148      D537FA16 
 148      0657CCE6 
 148      6C806BC1 
 148      612C15
 149 03b0 BEC192E0 		.ascii	"\276\301\222\340\212n\217\270\376\316o7\277\217\205"
 149      8A6E8FB8 
 149      FECE6F37 
 149      BF8F85
 150 03bf 7DE559BA 		.ascii	"}\345Y\272\372W\241\031\253]\340\256B\215\315\023\357"
 150      FA57A119 
 150      AB5DE0AE 
 150      428DCD13 
 150      EF
 151 03d0 5B50962E 		.ascii	"[P\226.5\266\025ll\345\247u\337\340E@+\036\231=MM\276"
 151      35B6156C 
 151      6CE5A775 
 151      DFE04540 
 151      2B1E993D 
 152 03e7 FEB5BCDA 		.ascii	"\376\265\274\332\366R\3333\317\371\355\235~k\373\301"
 152      F652DB33 
 152      CFF9ED9D 
 152      7E6BFBC1 
 153 03f7 83ED87FC 		.ascii	"\203\355\207\374\316\256\003\035]\207\023\376\336\375"
 153      CEAE031D 
 153      5D8713FE 
 153      DEFD
ARM GAS  /tmp/ccPUPAW3.s 			page 11


 154 0405 FB5AF61D 		.ascii	"\373Z\366\035!k\242\355\365W::\375'ZZ\374\326\216\256"
 154      216BA2ED 
 154      F5573A3A 
 154      FD275A5A 
 154      FCD68EAE 
 155 0419 E6A656A1 		.ascii	"\346\246V\241:\016$dW\002\022\377\000[f4\334"
 155      3A0E2464 
 155      570212FF 
 155      005B6634 
 155      DC
 156              		.text
 157              		.section	.gnu.lto_ram_areas.6914b0945ded8f2a,"",%progbits
 158 0000 789C75D1 		.ascii	"x\234u\321KO\023Q\030\306\361y\347\264\0147A\271\011"
 158      4B4F1351 
 158      18C6F179 
 158      E7B40C37 
 158      41B909
 159 0013 5AF01B74 		.ascii	"Z\360\033t\202\253n\014\220.X\021\011~\002iHh\"\226"
 159      82AB6E0C 
 159      902E5811 
 159      097E0269 
 159      48682296 
 160 0027 B42561D7 		.ascii	"\264%a\327Y0\212\356]\341\302\005\204\233h\221\233-"
 160      59308AEE 
 160      5DE1C205 
 160      849B6891 
 160      9B2D
 161 0039 B7825601 		.ascii	"\267\202V\001\005\271\256\330\270 \254\\\031\014\011"
 161      05B9AED8 
 161      B820AC5C 
 161      190C09
 162 0048 0878669E 		.ascii	"\010xf\236Y\3404\357df\376\311{NN~\231\361(\244XW\223"
 162      59E034EF 
 162      6466FEC9 
 162      7B4E4E7E 
 162      99F128A4 
 163 005f 573E0AAE 		.ascii	"W>\012\256\013\225R\251_\207Z\342\302\3507\214\237C"
 163      0B9552A9 
 163      5F875AE2 
 163      C2E8378C 
 163      9F43
 164 0071 67AD9A29 		.ascii	"g\255\232)\224\027\"g\311\230\"{\201r\026b\366\\\315"
 164      94172267 
 164      C998227B 
 164      81721662 
 164      F65CCD
 165 0084 9917D873 		.ascii	"\231\027\330sa\317\377\034\037-\347\007f\215\3767F\243"
 165      61CFFF1C 
 165      1F2DE707 
 165      668DFE37 
 165      46A3
 166 0096 29E85255 		.ascii	")\350RUh\214\022\227*\321\250\025\225F\254\010\032\246"
 166      688C1297 
 166      2AD1A815 
 166      9546AC08 
 166      1AA6
 167 00a8 84B5FDE4 		.ascii	"\204\265\375\344\245y*NTS\250\244\375\177jf\361\371"
ARM GAS  /tmp/ccPUPAW3.s 			page 12


 167      A5792A4E 
 167      5453A8A4 
 167      FD7F6A66 
 167      F1F9
 168 00ba 03FB5C0F 		.ascii	"\003\373\\\017\007\3642\300<\006\250q\300$\200\357\001"
 168      07F432C0 
 168      3C06A871 
 168      C02480EF 
 168      01
 169 00cb 7C07E004 		.ascii	"|\007\340\004\200G\347\023\351\022\000\363\\\3009\007"
 169      8047E713 
 169      E91200F3 
 169      5CC03907 
 170 00db 98CF010B 		.ascii	"\230\317\001\013\030`!\003,\342\200\263\000\316\000"
 170      18602103 
 170      2CE280B3 
 170      00CE00
 171 00ea 380DE014 		.ascii	"8\015\340\024\200\353\203\351\277\305\000z]\300I\007"
 171      80EB83E9 
 171      BFC5007A 
 171      5DC04907 
 172 00fa 58CC016F 		.ascii	"X\314\001o0\300\022\006X\312\001\027\000\234\0070\015"
 172      30C01206 
 172      58CA0117 
 172      009C0730 
 172      0D
 173 010b 600AC09D 		.ascii	"`\012\300\235\276\344k\347\027{\\\300\001\007x\223\003"
 173      BEE46BE7 
 173      177B5CC0 
 173      01077893 
 173      03
 174 011c DE628065 		.ascii	"\336b\200e\014\260\234\003\256\002\270\002`\006\300"
 174      0CB09C03 
 174      AE02B802 
 174      6006C0
 175 012b 6500577F 		.ascii	"e\000W\177'\207\235/(\\\300W\016\260\202\003V2\300*"
 175      27879D2F 
 175      285CC057 
 175      0EB08203 
 175      5632C02A 
 176 013f 06789B03 		.ascii	"\006x\233\003\256\001\370\025\300/\000f\001\314^\235"
 176      AE01F815 
 176      C02F0066 
 176      01CC5E9D 
 177 014f 664A0154 		.ascii	"fJ\001T]\300\253g\000Vs\300\032\006x\207\001\336\345"
 177      5DC0AB67 
 177      005673C0 
 177      1A067887 
 177      01DEE5
 178 0162 805B006E 		.ascii	"\200[\000n\002\370\035\300o\000^\027\235;\"\037'\252"
 178      02F81DC0 
 178      6F005E17 
 178      9D3B221F 
 178      27AA
 179 0174 6544758C 		.ascii	"eDu\214\350\036'\332\203h\027\242\035\210\266!\352\033"
 179      E81E27DA 
 179      836817A2 
ARM GAS  /tmp/ccPUPAW3.s 			page 13


 179      1D88B621 
 179      EA1B
 180 0186 C89E69D8 		.ascii	"\310\236i\330n\010S\010\252\367\321>\005\350\276\217"
 180      6E085308 
 180      AAF7D13E 
 180      05E8BE8F 
 181 0196 7EC86C90 		.ascii	"~\310l\220\217\326e?\313~\222]\222]\224\375(;'\373A"
 181      8FD6653F 
 181      CB7E925D 
 181      925D94FD 
 181      283B27FB 
 182 01ab 7652F6AD 		.ascii	"vR\366\255\3548\005\024:\220\257\006\277_\307\035\354"
 182      EC380514 
 182      3A90AF06 
 182      BF5FC71D 
 182      EC
 183 01bc 0CB7871F 		.ascii	"\014\267\207\037>\322#1=\024\351\352\212<\325c\361\307"
 183      3ED22331 
 183      3D14E9EA 
 183      8A3CD563 
 183      F1C7
 184 01ce D1784FB7 		.ascii	"\321xO\267\336\324\326\022l\351\265\246\335\341'\035"
 184      DED4D612 
 184      6CE9B5A6 
 184      DDE1271D 
 185 01de D198DE1C 		.ascii	"\321\230\336\034\014\352\241h\274\336\037R\376\001\202"
 185      0CEAA168 
 185      BCDE1F52 
 185      FE0182
 186 01ed 011E34   		.ascii	"\001\0364"
 187              		.text
 188              		.section	.gnu.lto_.symbol_nodes.6914b0945ded8f2a,"",%progbits
 189 0000 789C55CD 		.ascii	"x\234U\315WR\302`\030\205\341\357M\362\333\260\220X"
 189      5752C260 
 189      1885E1EF 
 189      4DF2DBB0 
 189      9058
 190 0012 006B5C1C 		.ascii	"\000k\\\034\353\3703\366\206\306J\023\004Q\330\203\213"
 190      EBF833F6 
 190      86C64A13 
 190      0451D883 
 190      8B
 191 0023 604DC673 		.ascii	"`M\306s\343\344\352\231y\347\314\234\310\260&f\026\234"
 191      E3E4EA99 
 191      79E7CC9C 
 191      C8B02666 
 191      169C
 192 0035 E2CDF2B9 		.ascii	"\342\315\362\271Y\301Ov\\\2243<\345r\216\017\312\345"
 192      59C14F76 
 192      5C94333C 
 192      E5728E0F 
 192      CAE5
 193 0047 021FFE97 		.ascii	"\002\037\376\227\270(\227\370\250\264q'X\226\230\205"
 193      B82897F8 
 193      A8B47127 
 193      58969885 
 194 0057 EE0AD2E2 		.ascii	"\356\012\322\342\312]\023\310\033ByK$\357p\262\305\202"
ARM GAS  /tmp/ccPUPAW3.s 			page 14


 194      CA5D13C8 
 194      1B42794B 
 194      24EF70B2 
 194      C582
 195 0069 BC67513E 		.ascii	"\274gQ>\260$s\226\345#+\362\211\212|fU\276\260&_Y\227"
 195      B0247396 
 195      E5232BF2 
 195      898A7C66 
 195      55BEB026 
 196 0080 6F6CC836 		.ascii	"ol\3106U\331!\226]\022\331cS\366\331\222\357l\313\001"
 196      55D92196 
 196      5D12D963 
 196      53F6D992 
 196      EF6CCB01 
 197 0094 3B72484D 		.ascii	";rHM~P\227#\032r\314\256\374dON\330\227_\034\310o\016"
 197      7E509723 
 197      1A72CCAE 
 197      FC644F4E 
 197      D8975F1C 
 198 00ab E5942339 		.ascii	"\345\224#9#\375\323~\001#\2640~"
 198      23FDD37E 
 198      0123B430 
 198      7E
 199              		.text
 200              		.section	.gnu.lto_.refs.6914b0945ded8f2a,"",%progbits
 201 0000 789C05C1 		.ascii	"x\234\005\301\013\026BP\024\000\300\333\034O\037*\351"
 201      0B164250 
 201      1400C0DB 
 201      1C4F1F2A 
 201      E9
 202 0011 23858456 		.ascii	"#\205\204V\323\376\367c&\213M\374#B&\221\2061\311m\355"
 202      D3FEF763 
 202      268B4DFC 
 202      23422691 
 202      8631C96D 
 203 0026 EC1D144A 		.ascii	"\354\035\024JG'g\225\213\332\325\315\335C\343\251\365"
 203      47276795 
 203      8BDAD5CD 
 203      DD43E3A9 
 203      F5
 204 0037 F2D6E90D 		.ascii	"\362\326\351\015>F_\223\331\342\027+|\302\003\232"
 204      3E465F93 
 204      D9E2172B 
 204      7CC2039A 
 205              		.text
 206              		.section	.gnu.lto_.decls.6914b0945ded8f2a,"",%progbits
 207 0000 789C8596 		.ascii	"x\234\205\226kLTI\026\307ou\265\3204mC\220L\314Fw\030"
 207      6B4C5449 
 207      16C76F75 
 207      B5D0346D 
 207      43904CCC 
 208 0017 E34493DD 		.ascii	"\343D\223\335\245\007\237\037w6nv>\271\273\331\331\235"
 208      A5079F1F 
 208      77366E76 
 208      3EB9BBD9 
 208      D99D
 209 0029 4F937410 		.ascii	"O\223t\020{#Y\004\003MF\277]y)*\320\214\017\236>@G\205"
ARM GAS  /tmp/ccPUPAW3.s 			page 15


 209      7B235904 
 209      034D46BF 
 209      5D79292A 
 209      D08C0F9E 
 210 0041 411B4150 		.ascii	"A\033AP\036b\2172\014\002\"\210/\344\015\352\010\202"
 210      1E628F32 
 210      0C022288 
 210      2FE40DEA 
 210      0882
 211 0053 20A08808 		.ascii	" \240\210\010\354\251S\267\237\325\354\336\360\357\276"
 211      ECA953B7 
 211      9FD5ECDE 
 211      F0EFBE
 212 0062 75FBFCFE 		.ascii	"u\373\374\376\247\352\324\271\227\253\226\210\304\216"
 212      A7EAD4B9 
 212      97AB9688 
 212      C48E
 213 0070 D58192B4 		.ascii	"\325\201\222\264\235JR\222J\222\026\341\360\205k\337"
 213      9D4A5292 
 213      4A9216E1 
 213      F0856BDF 
 214 0080 48CE6319 		.ascii	"H\316c\031\310\012*\003U\200\252A\265\240\317@\275\240"
 214      C80A2A03 
 214      5580AA41 
 214      B5A0CF40 
 214      BDA0
 215 0092 7ED020E8 		.ascii	"~\320 \350\031\350\005\350%h\0044\012z\015\232\000M"
 215      19E805E8 
 215      25680434 
 215      0A7A0D9A 
 215      004D
 216 00a4 82A641EF 		.ascii	"\202\246A\357@\357A\037@\037A\013,\001LC\005R\203|@"
 216      40EF411F 
 216      401F410B 
 216      2C014C43 
 216      0552837C 
 217 00b9 1A9016A4 		.ascii	"\032\220\026\244\003\351A\201\240 P0\350\023\320J\320"
 217      03E94181 
 217      A0205030 
 217      E813D04A 
 217      D0
 218 00ca 6F40AB40 		.ascii	"o@\253@\277%\222\333a\345v\216\371\023\345\232\347Q"
 218      BF2592DB 
 218      61E5768E 
 218      F913E59A 
 218      E751
 219 00dc E625AECC 		.ascii	"\346%\256\314K\\\205\227\270\012/q\325^\342\252\275"
 219      4B5C8597 
 219      B80A2F71 
 219      D55EE2AA 
 219      BD
 220 00ed C4B1BAE9 		.ascii	"\304\261\272\351\224\270 P0\350S\010n\201\357u\240\020"
 220      94B82050 
 220      30E85308 
 220      6E81EF75 
 220      A010
 221 00ff 38EF81EF 		.ascii	"8\357\201\357n\320gp\336\014\337\177\007\251A\217A\035"
ARM GAS  /tmp/ccPUPAW3.s 			page 16


 221      6ED06770 
 221      DE0CDF7F 
 221      07A9418F 
 221      411D
 222 0111 A007A0FB 		.ascii	"\240\007\240\373J\216Z\345\273\327#O\257\302\264(^,"
 222      4A8E5AE5 
 222      BBD7234F 
 222      AFC2B428 
 222      5E2C
 223 0123 4FCF123E 		.ascii	"O\317\022>\354\010\221x-W)\265]\251\324:X\251}\240\262"
 223      EC089178 
 223      2D5729B5 
 223      5DA9D43A 
 223      58A97DA0 
 224 0138 173A656F 		.ascii	"\027:eo4\312^\251\225\275c\223`{\311\366\224\355-\333"
 224      34CA5EA9 
 224      95BD6393 
 224      607BC9F6 
 224      94ED2DDB 
 225 014c 63B6D76C 		.ascii	"c\266\327l\317\331\336\263\036`\275\300z\202\365\006"
 225      CFD9DEB3 
 225      1E60BDC0 
 225      7A82F506 
 226 015c EB11D62B 		.ascii	"\353\021\326+\254gX\357\364{\314\177^Ent\314\265\252"
 226      AC6758EF 
 226      F47BCC7F 
 226      5E456E74 
 226      CCB5AA
 227 016f BB482781 		.ascii	"\273H'\201\266$\201\274\252\204\177\022\224\304\205"
 227      B62481BC 
 227      AA847F12 
 227      94C485
 228 017e 433851E1 		.ascii	"C8Q\341\247\344\274D\354\201\312Xe?\225\034f\370\247"
 228      A7E4BC44 
 228      EC81CA58 
 228      653F951C 
 228      66F8A7
 229 0191 F0D8FB78 		.ascii	"\360\330\373x\360\3658\334\211\002\361\261}\177\211"
 229      F0F538DC 
 229      8902F1B1 
 229      7D7F89
 230 01a0 32563913 		.ascii	"2V9\023\020>\264\003.~|\272\212\235s\316\2165\021\373"
 230      103EB403 
 230      2E7E7CBA 
 230      8A9D73CE 
 230      8E3511FB 
 231 01b4 A2AF3DCD 		.ascii	"\242\257=\315\370\305\207BE\341\374n\367X\3112\252\307"
 231      F8C58742 
 231      45E1FC6E 
 231      F758C932 
 231      AAC7
 232 01c6 F3D2FC8F 		.ascii	"\363\322\374\217\355\0325,\261\210P\036\3317{\361/\241"
 232      ED1A352C 
 232      B188501E 
 232      D9377BF1 
 232      2FA1
 233 01d8 25321C16 		.ascii	"%2\034\026YV\375\316Y\267\366\244\322|:\255\"AZ\242"
ARM GAS  /tmp/ccPUPAW3.s 			page 17


 233      5956FDCE 
 233      59B7F6A4 
 233      D27C3AAD 
 233      22415AA2 
 234 01ec 86E19BBB 		.ascii	"\206\341\233\273\271Cz\030\006kI\010\014\347\357\344"
 234      B9437A18 
 234      066B4908 
 234      0CE7EFE4 
 235 01fc E5AA569E 		.ascii	"\345\252V\236@.Q\016Q\223o>!\227\310*RBV\3014.\223\225"
 235      402E510E 
 235      51936F3E 
 235      2197C82A 
 235      524256C1 
 236 0214 F0B943CD 		.ascii	"\360\271C\315\235\352\237t>\327\2569#\2379#\367\317"
 236      9DEA9F74 
 236      3ED7AE39 
 236      239F3923 
 236      F7CF
 237 0226 F6079F48 		.ascii	"\366\007\237H\224\033!W\010\213\"\027\011%?\222P\210"
 237      941B2157 
 237      088B2217 
 237      09253F92 
 237      5088
 238 0238 2E266A36 		.ascii	".&j6b\253\270@\272`]V\262\206\345\035\313h\015\240\337"
 238      62ABB840 
 238      BA605D56 
 238      B286E51D 
 238      CB680DA0 
 239 024d 2E31FBC7 		.ascii	".1\373\307\217\216\337\365\343\326\266wM:\331R \313"
 239      8F8EDFF5 
 239      E3D6B677 
 239      4D3AD952 
 239      20CB
 240 025f 5FA271A9 		.ascii	"_\242q\251\303\370\012\030\227\272\032\227\241\361\370"
 240      C3F80A18 
 240      97BA1A97 
 240      A1F1F8
 241 026e 83895E4A 		.ascii	"\203\211^J#\2270\266\245\314\353\025\337\262fW\337r"
 241      239730B6 
 241      A5CCEB15 
 241      DFB26657 
 241      DF72
 242 0280 87EF55F0 		.ascii	"\207\357U\360-w\365\255@\337\242\316\267\267\374i<\372"
 242      2D77F5AD 
 242      40DFA2CE 
 242      B7B7FC69 
 242      3CFA
 243 0292 9EBE3358 		.ascii	"\236\2763X\240\243I\004\007\303/\037t\005\260$\327\354"
 243      A0A34904 
 243      07C32F1F 
 243      7405B024 
 243      D7EC
 244 02a4 498652DB 		.ascii	"I\206R\333k\375\354i\311u\242f\027\217\275\237\233\010"
 244      6BFDEC69 
 244      C975A266 
 244      178FBD9F 
 244      9B08
ARM GAS  /tmp/ccPUPAW3.s 			page 18


 245 02b6 60A90B64 		.ascii	"`\251\013d[\267[\352JG\352*H]\351\232\272\032S\267e"
 245      5BB75BEA 
 245      4A47EA2A 
 245      485DE99A 
 245      BA1A53B7 
 246 02cb 1F4E2134 		.ascii	"\037N!4\215\247\033\034\276\327O\230O\251l\263\264\202"
 246      8DA71B1C 
 246      BED74F98 
 246      4FA96CB3 
 246      B482
 247 02dd CF7EBB4F 		.ascii	"\317~\273O\215\335Gb\247N\223Z4\251j=z[OOq\223\312\027"
 247      8DDD4762 
 247      A74E935A 
 247      34A96A3D 
 247      7A5B4F4F 
 248 02f5 771AB4BC 		.ascii	"w\032\264\274\011d\302\266\375\321\253z\302\273@\326"
 248      0964C2B6 
 248      FDD1AB7A 
 248      C2BB40D6 
 249 0305 C078FA50 		.ascii	"\300x\372P\362\214\322$\2760\254\031lK\320i\017*]\021"
 249      F28CD224 
 249      BE30AC19 
 249      6C4BD069 
 249      0F2A5D11 
 250 0319 D4A8673F 		.ascii	"\324\250g?8\333\342'\242\205O\303*b\203!\204\347\326"
 250      38DBE227 
 250      A2854FC3 
 250      2A628321 
 250      84E7D6
 251 032c 4C372DE3 		.ascii	"L7-\34343;0U\237\240\246\027y\346\236\306\242\037\231"
 251      34333B30 
 251      559FA0A6 
 251      1779E69E 
 251      C6A21F99 
 252 0340 F33A2D61 		.ascii	"\363:-a\275\037\000\227\254\243U\263\313\371%\026q?"
 252      BD1F0097 
 252      ACA355B3 
 252      CBF92516 
 252      713F
 253 0352 63F29C2F 		.ascii	"c\362\234/-\307pUCZy\231?Y\257=\317r\367\3177\3779\363"
 253      2DC77055 
 253      435A7999 
 253      3F59AF3D 
 253      CF72F7CF 
 254 036a 00B43369 		.ascii	"\000\2643i$Z\322\340\\\356:\310/\301\364\022\224\351"
 254      245AD2E0 
 254      5CEE3AC8 
 254      2FC1F412 
 254      94E9
 255 037c 498EC991 		.ascii	"I\216\311\221_\310zf\314\002\311\317p\261\236O\261\350"
 255      5FC87A66 
 255      CC02C9CF 
 255      70B19E4F 
 255      B1E8
 256 038e 5C66A10F 		.ascii	"\\f\241\017\035\345Ir\256\026\317h\035I\27226\301}\023"
 256      1DE54972 
 256      AE16CF68 
ARM GAS  /tmp/ccPUPAW3.s 			page 19


 256      1D49BA32 
 256      36C17D13 
 257 03a2 489A21C7 		.ascii	"H\232!\307\035g\216F\262t\222&\357I\344\207\247\202"
 257      1D678E46 
 257      B2749226 
 257      EF49E487 
 257      A782
 258 03b4 75879C04 		.ascii	"u\207\234\004Z:\313\326Bt\312=\331\334\222V\347K\263"
 258      5A3ACBD6 
 258      4274CA3D 
 258      D9DC9256 
 258      E74BB3
 259 03c7 F97D6D79 		.ascii	"\371}my\235\177\303\237\026\362\301\375\211\226\223"
 259      9D7FC39F 
 259      16F2C1FD 
 259      899693
 260 03d6 FEBC9481 		.ascii	"\376\274\224\201.\373\026\254\354\333\275\321\231\353"
 260      2EFB16AC 
 260      ECDBBDD1 
 260      99EB
 261 03e4 5A7A0563 		.ascii	"Zz\005c}\316\355\337\337F\311\332\265k\327\257X[\310"
 261      7DCEEDDF 
 261      DF46C9DA 
 261      B56BD7AF 
 261      585BC8
 262 03f7 B2C25DF9 		.ascii	"\262\302]\371\365Q\270+\277`\251H;\254\345\021Y\341"
 262      F551B82B 
 262      BF60A948 
 262      3BACE511 
 262      59E1
 263 0409 9CF52D9C 		.ascii	"\234\365-\234\305%\366)a\274\255\333$\247\372`\360]"
 263      C525F629 
 263      61BCADDB 
 263      24A7FA60 
 263      F05D
 264 041b CF608367 		.ascii	"\317`\203gl\257#\366\266w\3430\026\213%\265u\232dY\303"
 264      6CAF23F6 
 264      B677E330 
 264      168B25B5 
 264      759A6459 
 265 0430 6224A59A 		.ascii	"b$\245\232\354\310T\036N21K\244\015\330{\2101'\010\""
 265      ECC8541E 
 265      4E32314B 
 265      A40DD87B 
 265      88312708 
 266 0445 0FA1A68F 		.ascii	"\017\241\246\217\311Z\322\001z\000\272O\326\"\306\263"
 266      C95AD201 
 266      7A00BA4F 
 266      D622C6B3 
 267 0455 770D931C 		.ascii	"w\015\223\034\331\226Dq\002\255^'\213\371\241F\217\236"
 267      D9964471 
 267      02AD5E27 
 267      8BF9A146 
 267      8F9E
 268 0467 B437F8D1 		.ascii	"\2647\370\321:\254\221j\362\235\365\231\232\254X\357"
 268      3AAC916A 
 268      F29DF599 
ARM GAS  /tmp/ccPUPAW3.s 			page 20


 268      9AAC58EF 
 269 0477 3539790A 		.ascii	"59y\0129\377_~\276\242\251\345\320\205\235\020\372\304"
 269      39FF5F7E 
 269      BEA2A9E5 
 269      D0859D10 
 269      FAC4
 270 0489 D9216C7D 		.ascii	"\331!l}\2301\277\256\371\274>\310\242\244\370\322\214"
 270      9831BFAE 
 270      F9BC3EC8 
 270      A2A4F8D2 
 270      8C
 271 049a 81372149 		.ascii	"\2017!I\035\256\260\213\004\331o\032\026=0=\332\241"
 271      1DAEB08B 
 271      04D96F1A 
 271      163D303D 
 271      DAA1
 272 04ac 5AA14CC8 		.ascii	"Z\241L\310\266\344\204$\257\263a\377\023\016\016\217"
 272      B6E48424 
 272      AFB361FF 
 272      130E0E8F 
 273 04bc F8B866EB 		.ascii	"\370\270f\353\376_\331\336]\030,'\237\237\225\333\340"
 273      FE5FD9DE 
 273      5D182C27 
 273      9F9F95DB 
 273      E0
 274 04cd 09389BF2 		.ascii	"\0118\233\362\351~\331\246&=$\210\334\340\353p\001\331"
 274      E97ED9A6 
 274      263D2488 
 274      DCE0EB70 
 274      01D9
 275 04df 957FC243 		.ascii	"\225\177\302C\254\227|\016\334\344t\332\325\000\332"
 275      AC977C0E 
 275      DCE474DA 
 275      D500DA
 276 04ee CABBF25C 		.ascii	"\312\273\362\\\341\317\307\265`\322\017;\221\331\020"
 276      E1CFC7B5 
 276      60D20F3B 
 276      91D910
 277 04fd 9C23DF52 		.ascii	"\234#\337Rco\367)&\316\036\357c\017\"\322\217\026#i"
 277      636FF729 
 277      26CE1EEF 
 277      630F22D2 
 277      8F162369 
 278 0511 0F1703E8 		.ascii	"\017\027\003\350\000\267\250\311\312\354&\334B\3163"
 278      00B7A8C9 
 278      CAEC26DC 
 278      42CE33
 279 0520 25F9213F 		.ascii	"%\371!? \360\003\310\017\"\177~\341A\245\017\035\347"
 279      20F003C8 
 279      0F227F7E 
 279      E141A50F 
 279      1DE7
 280 0532 FC54CEBD 		.ascii	"\374T\316\275R\252\360\235v~H\340\207\220\177\206|N"
 280      52AAF09D 
 280      767E48E0 
 280      87907F86 
 280      7C4E
ARM GAS  /tmp/ccPUPAW3.s 			page 21


 281 0544 F1588E96 		.ascii	"\361X\216\226.p\376\274<t\310\316\3474\350l\026\202"
 281      2E70FEBC 
 281      3C74C8CE 
 281      E734E86C 
 281      1682
 282 0556 0ECF0587 		.ascii	"\016\317\005\207\347\350\360\002\035\236\337n\034\320"
 282      E7E8F002 
 282      1D9EDF6E 
 282      1CD0
 283 0564 D0748A0E 		.ascii	"\320t\212\016}\211\365\011z\245\010Y.E\370U\260\370"
 283      7D89F509 
 283      7AA50859 
 283      2E45F855 
 283      B0F8
 284 0576 152D5EA2 		.ascii	"\025-^\242E\302D\326\025\177Z\300-\016W\224\330\250"
 284      45C244D6 
 284      157F5AC0 
 284      2D0E5794 
 284      D8A8
 285 0588 67118605 		.ascii	"g\021\206\005~\030\371\021\344\333m\025\305\276\324"
 285      7E18F911 
 285      E4DB6D15 
 285      C5BED4
 286 0597 CAF98B63 		.ascii	"\312\371\213c\277\367,\301+\201~\205\364(\322/\206\216"
 286      BFF72CC1 
 286      2B817E85 
 286      F428D22F 
 286      868E
 287 05a9 5CF1A175 		.ascii	"\\\361\241u\234\316>Q\367P/\226`Lp\030C\207\327\350"
 287      9CCE3E51 
 287      F7502F96 
 287      604C7018 
 287      4387D7E8 
 288 05bd D07DFAC2 		.ascii	"\320}\372\302\254\216\266r\207\306\033\257\217\371*"
 288      AC8EB672 
 288      87C61BAF 
 288      8FF92A
 289 05cc 2538E952 		.ascii	"%8\351R\202q\301b\034-&\320\"\253\272\345\232/\035\340"
 289      8271C162 
 289      1C2D26D0 
 289      22ABBAE5 
 289      9A2F1DE0 
 290 05e0 1685A955 		.ascii	"\026\205\251U\367\265\236%x#\360o\220\237D~\261\365"
 290      F7B59E25 
 290      7823F06F 
 290      909F447E 
 290      B1F5
 291 05f2 F45D151D 		.ascii	"\364]\025\035Wva\361F\221\217g\021\246\004~\012\371"
 291      577661F1 
 291      46918F67 
 291      11A6047E 
 291      0AF9
 292 0604 69E49B6A 		.ascii	"i\344\233j\277\257\201>\340|S}O\206\227>x+8\274E\207"
 292      BFAF813E 
 292      E07C537D 
 292      4F86973E 
 292      782B38BC 
ARM GAS  /tmp/ccPUPAW3.s 			page 22


 293 061a 77E8907D 		.ascii	"w\350\220}$u5MW\243\301\261\312\256\342\000\245\006"
 293      2475354D 
 293      57A3C1B1 
 293      CAAEE200 
 293      A506
 294 062c E52E3598 		.ascii	"\345.5\230\021\034f\320\341=\277\027.WU\370\321\002"
 294      111C66D0 
 294      E13DBF17 
 294      2E5755F8 
 294      D102
 295 063e 6E31D3F2 		.ascii	"n1\323\362&[\250\301\254\300\317\"\377\001\371\271\202"
 295      265BA8C1 
 295      ACC0CF22 
 295      FF01F9B9 
 295      82
 296 064f D96235B5 		.ascii	"\331b5\265r\276\244\252\362\202\306\263\006s\002?\207"
 296      72BEA4AA 
 296      F282C6B3 
 296      0673023F 
 296      87
 297 0660 FC47E4F3 		.ascii	"\374G\344\363\362O\325\350h\035\347;\372zzUb\015\346"
 297      F24FD5E8 
 297      681DE73B 
 297      FA7A7A55 
 297      620DE6
 298 0673 05877974 		.ascii	"\005\207ytX@\207\313u=\325~\264\225;L\326Z\023\226+"
 298      584087CB 
 298      753DD57E 
 298      B4953B4C 
 298      D65A1396 
 299 0688 45A87229 		.ascii	"E\250r)\302\242`\261\210\026\262\212Y$\277O\311\323"
 299      C2A260B1 
 299      8816B28A 
 299      5924BF4F 
 299      C9D3
 300 069a D0016ED1 		.ascii	"\320\001n\321\331\220Q!\024a\277\312\223\207+\360\231"
 300      D9905121 
 300      1461BFCA 
 300      93872BF0 
 300      99
 301 06ab 807C4356 		.ascii	"\200|CV\332U\177:\316\371\343\327\344'\313<\213\220"
 301      DA557F3A 
 301      CEF9E3D7 
 301      E427CB3C 
 301      8B90
 302 06bd 28F089C8 		.ascii	"(\360\211\310'!\377\303\264\345\216\232.p>\367\207\346"
 302      2721FFC3 
 302      B4E58E9A 
 302      2E703EF7 
 302      87E6
 303 06cf 26221621 		.ascii	"&\"\026!YpHF\207\024tH\375\351|\221\226\246/\343/\344"
 303      59704846 
 303      87147448 
 303      FDE97C91 
 303      96A62FE3 
 304 06e5 2D15054A 		.ascii	"-\025\005J+\331n\272\024\341\200`q\000-\016\242E\365"
 304      2BD96EBA 
ARM GAS  /tmp/ccPUPAW3.s 			page 23


 304      14E18060 
 304      71002D0E 
 304      A245F5
 305 06f8 45EB243C 		.ascii	"E\353$<\020\270\305\2457#\026?\317\"\244\012|*\362\207"
 305      10B8C5A5 
 305      3723163F 
 305      CF22A40A 
 305      7C2AF287 
 306 070c 90BF3EF6 		.ascii	"\220\277>\366\364\275\017\265r\276\346\303\310m\341"
 306      F4BD0FB5 
 306      72BEE6C3 
 306      C86DE1
 307 071b A97858E0 		.ascii	"\251xX\340\017#\177\004\371\251f\013\334\015u\234?r"
 307      0F237F04 
 307      F9A9660B 
 307      DC0D759C 
 307      3F72
 308 072d B3EDA456 		.ascii	"\263\355\244V,B\232\340\220\206\016\351\350PS;\267\232"
 308      2C429AE0 
 308      90860EE9 
 308      E850533B 
 308      B79A
 309 073f B6728381 		.ascii	"\266r\203\201\227C\205\312.\330\036\272\324 Cp\310@"
 309      974385CA 
 309      2ED81EBA 
 309      D4204370 
 309      C840
 310 0751 070B3A58 		.ascii	"\007\013:X\254\005\037\241\021\270\305l\372\341\243"
 310      AC051FA1 
 310      11B8C56C 
 310      FAE1A3
 311 0760 C27F864C 		.ascii	"\302\177\206L\201\317D\376{\276\206\216\222\307\313"
 311      81CF44FE 
 311      7BBE868E 
 311      92C7CB
 312 076f E938E72F 		.ascii	"\3518\347/\014\234}\256\365\254\301Q\201?\212\3741\344"
 312      0C9C7DAE 
 312      F5ACC151 
 312      813F8AFC 
 312      31E4
 313 0781 FB2B2AAD 		.ascii	"\373+*\255z\272\300\371G]\211m^\036\213\307\005\207"
 313      7ABAC0F9 
 313      475D896D 
 313      5E1E8BC7 
 313      0587
 314 0793 E3E87002 		.ascii	"\343\350p\002\035.Y\206\262|i\272\017:$\347?\235\364"
 314      1D2E5986 
 314      B27C69BA 
 314      0F3A24E7 
 314      3F9DF4
 315 07a6 578AD0E5 		.ascii	"W\212\320\345R\204,\301\"\013-\262\321\"\267\343\030"
 315      52842CC1 
 315      220B2DB2 
 315      D122B7E3 
 315      18
 316 07b7 BCB61770 		.ascii	"\274\266\027p\213\254[\211g\325\236E\310\021\370\034"
 316      8BAC5B89 
ARM GAS  /tmp/ccPUPAW3.s 			page 24


 316      67D59E45 
 316      C811F81C 
 317 07c7 E473911F 		.ascii	"\344s\221\037=\320\327\013\215"
 317      3DD0D70B 
 317      8D
 318 07d0 C0F994C5 		.ascii	"\300\371\224\305\312v\341\221\220'\360y\310\347#\237"
 318      CA76E191 
 318      9027F079 
 318      C8E7239F 
 319 07e0 35F52111 		.ascii	"5\365!\021\032\201\363/*\256Vyy,\236\024\034N\242\303"
 319      1A81F32F 
 319      2AAE5679 
 319      792C9E14 
 319      1C4EA2C3 
 320 07f4 2974686D 		.ascii	")thm\254|\242v{\341\355vy+\223\310i\025\276\360\262"
 320      AC7CA276 
 320      7BE1ED76 
 320      792B93C8 
 320      6915BEF0 
 321 0809 6F56E7B6 		.ascii	"oV\347\266\263\227\211[4{\017qF\237Q\242\317`trUf\221"
 321      B397895B 
 321      347B0F71 
 321      469F51A2 
 321      CF607472 
 322 0820 C61E6D59 		.ascii	"\306\036mY\362e\232\024\000\345o4F\304\304\232\214\221"
 322      F2659A14 
 322      00E56F34 
 322      46C4C49A 
 322      8C91
 323 0832 D19166F5 		.ascii	"\321\221f\365w\246\360\377h\276\372\353\277B\266\205"
 323      77A6F0FF 
 323      68BEFAEB 
 323      BF42B685 
 324 0842 85497F0C 		.ascii	"\205I\177\014\0155\360\277m\273\"wD\376\355kCL\234!"
 324      0D35F0BF 
 324      6DBB2277 
 324      44FEED6B 
 324      434C9C21 
 325 0856 2266F7EE 		.ascii	"\"f\367\356\230hC\2349<\326\034\277\307\360\247\177"
 325      9868439C 
 325      393CD61C 
 325      BFC7F0A7 
 325      7F
 326 0867 6CDFB67D 		.ascii	"l\337\266}/\273\272'2\312\024\033g\370j\3336CD\2549"
 326      2FBBBA27 
 326      32CA141B 
 326      67F86ADB 
 326      364344AC 
 327 087c 2C3442D2 		.ascii	",4B\322\031\215\246\360\330\250}h\015i\242\302\315<"
 327      198DA6F0 
 327      D8A87D68 
 327      0D69A2C2 
 327      CD3C
 328 088e 8DDE68DC 		.ascii	"\215\336h\334i\372wx|\224\331h\332\033i\326DC~s|lt\240"
 328      69FA7778 
 328      7C94D968 
 328      DA1B69D6 
ARM GAS  /tmp/ccPUPAW3.s 			page 25


 328      44437E73 
 329 08a6 117F36C6 		.ascii	"\021\1776\306\206\3576\206\307\232\302\343\374\034g"
 329      86EF3686 
 329      C79AC2E3 
 329      FC1C67
 330 08b5 DA8828F0 		.ascii	"\332\210(\360\302s\255\321\030\037\031m\336\270\301"
 330      C273ADD1 
 330      181F196D 
 330      DEB8C1
 331 08c4 68FE8321 		.ascii	"h\376\203!>.\326\020\031\035\021\025\277\323d\2106}"
 331      3E2ED610 
 331      191D1115 
 331      BFD36488 
 331      367D
 332 08d6 1715B9C3 		.ascii	"\027\025\271\303\260;<bWd\264\311\340\310a\336\267\307"
 332      B03B3C62 
 332      5764B4C9 
 332      E0C861DE 
 332      B7C7
 333 08e8 1417BA4B 		.ascii	"\024\027\272K\322\330\2615\336\260\270}q\006c\234y'"
 333      D2D8B135 
 333      DEB0B87D 
 333      7106639C 
 333      7927
 334 08fa C440AC1F 		.ascii	"\304@\254\037N\204\245\323\343\231\331\264\227\017u"
 334      4E84A5D3 
 334      E399D9B4 
 334      970F75
 335 0909 D13146C7 		.ascii	"\3211F\307o\001l~\216\221\321\034dds\377\302\350D\214"
 335      6F016C7E 
 335      8E91D11C 
 335      646473FF 
 335      C2E8448C 
 336 091d CB5D2F19 		.ascii	"\313]/\031\365\312\210\257\306\030\240\014\243c\370"
 336      F5CA88AF 
 336      C618A00C 
 336      A363F8
 337 092c CF9C0F13 		.ascii	"\317\234\017\023\37107>\314\235\017\363\3407\210\374"
 337      F930373E 
 337      CC9D0FF3 
 337      E03788FC 
 338 093c 06377E83 		.ascii	"\0067~\203;\277\301\203\337(\362\033\335\370\215\356"
 338      3BBFC183 
 338      DF28F21B 
 338      DDF88DEE 
 339 094c FC460F7E 		.ascii	"\374F\017~\223\310or\3437\271\363\233<\370\315\"\277"
 339      93C86F72 
 339      E337B9F3 
 339      9B3CF8CD 
 339      22BF
 340 095e D98DDFEC 		.ascii	"\331\215\337\354\316o\366\340\267\210\374\0267~\213"
 340      CE6FF6E0 
 340      B788FC16 
 340      377E8B
 341 096d 3BBFC583 		.ascii	";\277\305\203\337*\362[\335\370\255\356\374V\007\377"
 341      DF2AF25B 
 341      DDF8ADEE 
ARM GAS  /tmp/ccPUPAW3.s 			page 26


 341      FC5607FF 
 342 097d 5FE4A23D 		.ascii	"_\344\242=\355"
 342      ED
 343              		.text
 344              		.section	.gnu.lto_.symtab.6914b0945ded8f2a,"",%progbits
 345 0000 5F5F636F 		.ascii	"__core_init\000"
 345      72655F69 
 345      6E697400 
 346 000c 00       		.ascii	"\000"
 347 000d 01       		.ascii	"\001"
 348 000e 00       		.ascii	"\000"
 349 000f 00000000 		.ascii	"\000\000\000\000\000\000\000\000"
 349      00000000 
 350 0017 AF000000 		.ascii	"\257\000\000\000"
 351 001b 5F5F6561 		.ascii	"__early_init\000"
 351      726C795F 
 351      696E6974 
 351      00
 352 0028 00       		.ascii	"\000"
 353 0029 01       		.ascii	"\001"
 354 002a 00       		.ascii	"\000"
 355 002b 00000000 		.ascii	"\000\000\000\000\000\000\000\000"
 355      00000000 
 356 0033 B2000000 		.ascii	"\262\000\000\000"
 357 0037 5F5F6C61 		.ascii	"__late_init\000"
 357      74655F69 
 357      6E697400 
 358 0043 00       		.ascii	"\000"
 359 0044 01       		.ascii	"\001"
 360 0045 00       		.ascii	"\000"
 361 0046 00000000 		.ascii	"\000\000\000\000\000\000\000\000"
 361      00000000 
 362 004e B5000000 		.ascii	"\265\000\000\000"
 363 0052 5F5F6465 		.ascii	"__default_exit\000"
 363      6661756C 
 363      745F6578 
 363      697400
 364 0061 00       		.ascii	"\000"
 365 0062 01       		.ascii	"\001"
 366 0063 00       		.ascii	"\000"
 367 0064 00000000 		.ascii	"\000\000\000\000\000\000\000\000"
 367      00000000 
 368 006c BA000000 		.ascii	"\272\000\000\000"
 369 0070 5F5F696E 		.ascii	"__init_ram_areas\000"
 369      69745F72 
 369      616D5F61 
 369      72656173 
 369      00
 370 0081 00       		.ascii	"\000"
 371 0082 00       		.ascii	"\000"
 372 0083 00       		.ascii	"\000"
 373 0084 00000000 		.ascii	"\000\000\000\000\000\000\000\000"
 373      00000000 
 374 008c BC000000 		.ascii	"\274\000\000\000"
 375 0090 5F5F7261 		.ascii	"__ram0_init_text__\000"
 375      6D305F69 
 375      6E69745F 
ARM GAS  /tmp/ccPUPAW3.s 			page 27


 375      74657874 
 375      5F5F00
 376 00a3 00       		.ascii	"\000"
 377 00a4 02       		.ascii	"\002"
 378 00a5 00       		.ascii	"\000"
 379 00a6 00000000 		.ascii	"\000\000\000\000\000\000\000\000"
 379      00000000 
 380 00ae E0000000 		.ascii	"\340\000\000\000"
 381 00b2 5F5F7261 		.ascii	"__ram0_init__\000"
 381      6D305F69 
 381      6E69745F 
 381      5F00
 382 00c0 00       		.ascii	"\000"
 383 00c1 02       		.ascii	"\002"
 384 00c2 00       		.ascii	"\000"
 385 00c3 00000000 		.ascii	"\000\000\000\000\000\000\000\000"
 385      00000000 
 386 00cb E2000000 		.ascii	"\342\000\000\000"
 387 00cf 5F5F7261 		.ascii	"__ram0_clear__\000"
 387      6D305F63 
 387      6C656172 
 387      5F5F00
 388 00de 00       		.ascii	"\000"
 389 00df 02       		.ascii	"\002"
 390 00e0 00       		.ascii	"\000"
 391 00e1 00000000 		.ascii	"\000\000\000\000\000\000\000\000"
 391      00000000 
 392 00e9 E4000000 		.ascii	"\344\000\000\000"
 393 00ed 5F5F7261 		.ascii	"__ram0_noinit__\000"
 393      6D305F6E 
 393      6F696E69 
 393      745F5F00 
 394 00fd 00       		.ascii	"\000"
 395 00fe 02       		.ascii	"\002"
 396 00ff 00       		.ascii	"\000"
 397 0100 00000000 		.ascii	"\000\000\000\000\000\000\000\000"
 397      00000000 
 398 0108 E6000000 		.ascii	"\346\000\000\000"
 399 010c 5F5F7261 		.ascii	"__ram1_init_text__\000"
 399      6D315F69 
 399      6E69745F 
 399      74657874 
 399      5F5F00
 400 011f 00       		.ascii	"\000"
 401 0120 02       		.ascii	"\002"
 402 0121 00       		.ascii	"\000"
 403 0122 00000000 		.ascii	"\000\000\000\000\000\000\000\000"
 403      00000000 
 404 012a E8000000 		.ascii	"\350\000\000\000"
 405 012e 5F5F7261 		.ascii	"__ram1_init__\000"
 405      6D315F69 
 405      6E69745F 
 405      5F00
 406 013c 00       		.ascii	"\000"
 407 013d 02       		.ascii	"\002"
 408 013e 00       		.ascii	"\000"
 409 013f 00000000 		.ascii	"\000\000\000\000\000\000\000\000"
ARM GAS  /tmp/ccPUPAW3.s 			page 28


 409      00000000 
 410 0147 EA000000 		.ascii	"\352\000\000\000"
 411 014b 5F5F7261 		.ascii	"__ram1_clear__\000"
 411      6D315F63 
 411      6C656172 
 411      5F5F00
 412 015a 00       		.ascii	"\000"
 413 015b 02       		.ascii	"\002"
 414 015c 00       		.ascii	"\000"
 415 015d 00000000 		.ascii	"\000\000\000\000\000\000\000\000"
 415      00000000 
 416 0165 EC000000 		.ascii	"\354\000\000\000"
 417 0169 5F5F7261 		.ascii	"__ram1_noinit__\000"
 417      6D315F6E 
 417      6F696E69 
 417      745F5F00 
 418 0179 00       		.ascii	"\000"
 419 017a 02       		.ascii	"\002"
 420 017b 00       		.ascii	"\000"
 421 017c 00000000 		.ascii	"\000\000\000\000\000\000\000\000"
 421      00000000 
 422 0184 EE000000 		.ascii	"\356\000\000\000"
 423 0188 5F5F7261 		.ascii	"__ram2_init_text__\000"
 423      6D325F69 
 423      6E69745F 
 423      74657874 
 423      5F5F00
 424 019b 00       		.ascii	"\000"
 425 019c 02       		.ascii	"\002"
 426 019d 00       		.ascii	"\000"
 427 019e 00000000 		.ascii	"\000\000\000\000\000\000\000\000"
 427      00000000 
 428 01a6 F0000000 		.ascii	"\360\000\000\000"
 429 01aa 5F5F7261 		.ascii	"__ram2_init__\000"
 429      6D325F69 
 429      6E69745F 
 429      5F00
 430 01b8 00       		.ascii	"\000"
 431 01b9 02       		.ascii	"\002"
 432 01ba 00       		.ascii	"\000"
 433 01bb 00000000 		.ascii	"\000\000\000\000\000\000\000\000"
 433      00000000 
 434 01c3 F2000000 		.ascii	"\362\000\000\000"
 435 01c7 5F5F7261 		.ascii	"__ram2_clear__\000"
 435      6D325F63 
 435      6C656172 
 435      5F5F00
 436 01d6 00       		.ascii	"\000"
 437 01d7 02       		.ascii	"\002"
 438 01d8 00       		.ascii	"\000"
 439 01d9 00000000 		.ascii	"\000\000\000\000\000\000\000\000"
 439      00000000 
 440 01e1 F4000000 		.ascii	"\364\000\000\000"
 441 01e5 5F5F7261 		.ascii	"__ram2_noinit__\000"
 441      6D325F6E 
 441      6F696E69 
 441      745F5F00 
ARM GAS  /tmp/ccPUPAW3.s 			page 29


 442 01f5 00       		.ascii	"\000"
 443 01f6 02       		.ascii	"\002"
 444 01f7 00       		.ascii	"\000"
 445 01f8 00000000 		.ascii	"\000\000\000\000\000\000\000\000"
 445      00000000 
 446 0200 F6000000 		.ascii	"\366\000\000\000"
 447 0204 5F5F7261 		.ascii	"__ram3_init_text__\000"
 447      6D335F69 
 447      6E69745F 
 447      74657874 
 447      5F5F00
 448 0217 00       		.ascii	"\000"
 449 0218 02       		.ascii	"\002"
 450 0219 00       		.ascii	"\000"
 451 021a 00000000 		.ascii	"\000\000\000\000\000\000\000\000"
 451      00000000 
 452 0222 F8000000 		.ascii	"\370\000\000\000"
 453 0226 5F5F7261 		.ascii	"__ram3_init__\000"
 453      6D335F69 
 453      6E69745F 
 453      5F00
 454 0234 00       		.ascii	"\000"
 455 0235 02       		.ascii	"\002"
 456 0236 00       		.ascii	"\000"
 457 0237 00000000 		.ascii	"\000\000\000\000\000\000\000\000"
 457      00000000 
 458 023f FA000000 		.ascii	"\372\000\000\000"
 459 0243 5F5F7261 		.ascii	"__ram3_clear__\000"
 459      6D335F63 
 459      6C656172 
 459      5F5F00
 460 0252 00       		.ascii	"\000"
 461 0253 02       		.ascii	"\002"
 462 0254 00       		.ascii	"\000"
 463 0255 00000000 		.ascii	"\000\000\000\000\000\000\000\000"
 463      00000000 
 464 025d FC000000 		.ascii	"\374\000\000\000"
 465 0261 5F5F7261 		.ascii	"__ram3_noinit__\000"
 465      6D335F6E 
 465      6F696E69 
 465      745F5F00 
 466 0271 00       		.ascii	"\000"
 467 0272 02       		.ascii	"\002"
 468 0273 00       		.ascii	"\000"
 469 0274 00000000 		.ascii	"\000\000\000\000\000\000\000\000"
 469      00000000 
 470 027c FE000000 		.ascii	"\376\000\000\000"
 471 0280 5F5F7261 		.ascii	"__ram4_init_text__\000"
 471      6D345F69 
 471      6E69745F 
 471      74657874 
 471      5F5F00
 472 0293 00       		.ascii	"\000"
 473 0294 02       		.ascii	"\002"
 474 0295 00       		.ascii	"\000"
 475 0296 00000000 		.ascii	"\000\000\000\000\000\000\000\000"
 475      00000000 
ARM GAS  /tmp/ccPUPAW3.s 			page 30


 476 029e 00010000 		.ascii	"\000\001\000\000"
 477 02a2 5F5F7261 		.ascii	"__ram4_init__\000"
 477      6D345F69 
 477      6E69745F 
 477      5F00
 478 02b0 00       		.ascii	"\000"
 479 02b1 02       		.ascii	"\002"
 480 02b2 00       		.ascii	"\000"
 481 02b3 00000000 		.ascii	"\000\000\000\000\000\000\000\000"
 481      00000000 
 482 02bb 02010000 		.ascii	"\002\001\000\000"
 483 02bf 5F5F7261 		.ascii	"__ram4_clear__\000"
 483      6D345F63 
 483      6C656172 
 483      5F5F00
 484 02ce 00       		.ascii	"\000"
 485 02cf 02       		.ascii	"\002"
 486 02d0 00       		.ascii	"\000"
 487 02d1 00000000 		.ascii	"\000\000\000\000\000\000\000\000"
 487      00000000 
 488 02d9 04010000 		.ascii	"\004\001\000\000"
 489 02dd 5F5F7261 		.ascii	"__ram4_noinit__\000"
 489      6D345F6E 
 489      6F696E69 
 489      745F5F00 
 490 02ed 00       		.ascii	"\000"
 491 02ee 02       		.ascii	"\002"
 492 02ef 00       		.ascii	"\000"
 493 02f0 00000000 		.ascii	"\000\000\000\000\000\000\000\000"
 493      00000000 
 494 02f8 06010000 		.ascii	"\006\001\000\000"
 495 02fc 5F5F7261 		.ascii	"__ram5_init_text__\000"
 495      6D355F69 
 495      6E69745F 
 495      74657874 
 495      5F5F00
 496 030f 00       		.ascii	"\000"
 497 0310 02       		.ascii	"\002"
 498 0311 00       		.ascii	"\000"
 499 0312 00000000 		.ascii	"\000\000\000\000\000\000\000\000"
 499      00000000 
 500 031a 08010000 		.ascii	"\010\001\000\000"
 501 031e 5F5F7261 		.ascii	"__ram5_init__\000"
 501      6D355F69 
 501      6E69745F 
 501      5F00
 502 032c 00       		.ascii	"\000"
 503 032d 02       		.ascii	"\002"
 504 032e 00       		.ascii	"\000"
 505 032f 00000000 		.ascii	"\000\000\000\000\000\000\000\000"
 505      00000000 
 506 0337 0A010000 		.ascii	"\012\001\000\000"
 507 033b 5F5F7261 		.ascii	"__ram5_clear__\000"
 507      6D355F63 
 507      6C656172 
 507      5F5F00
 508 034a 00       		.ascii	"\000"
ARM GAS  /tmp/ccPUPAW3.s 			page 31


 509 034b 02       		.ascii	"\002"
 510 034c 00       		.ascii	"\000"
 511 034d 00000000 		.ascii	"\000\000\000\000\000\000\000\000"
 511      00000000 
 512 0355 0C010000 		.ascii	"\014\001\000\000"
 513 0359 5F5F7261 		.ascii	"__ram5_noinit__\000"
 513      6D355F6E 
 513      6F696E69 
 513      745F5F00 
 514 0369 00       		.ascii	"\000"
 515 036a 02       		.ascii	"\002"
 516 036b 00       		.ascii	"\000"
 517 036c 00000000 		.ascii	"\000\000\000\000\000\000\000\000"
 517      00000000 
 518 0374 0E010000 		.ascii	"\016\001\000\000"
 519 0378 5F5F7261 		.ascii	"__ram6_init_text__\000"
 519      6D365F69 
 519      6E69745F 
 519      74657874 
 519      5F5F00
 520 038b 00       		.ascii	"\000"
 521 038c 02       		.ascii	"\002"
 522 038d 00       		.ascii	"\000"
 523 038e 00000000 		.ascii	"\000\000\000\000\000\000\000\000"
 523      00000000 
 524 0396 10010000 		.ascii	"\020\001\000\000"
 525 039a 5F5F7261 		.ascii	"__ram6_init__\000"
 525      6D365F69 
 525      6E69745F 
 525      5F00
 526 03a8 00       		.ascii	"\000"
 527 03a9 02       		.ascii	"\002"
 528 03aa 00       		.ascii	"\000"
 529 03ab 00000000 		.ascii	"\000\000\000\000\000\000\000\000"
 529      00000000 
 530 03b3 12010000 		.ascii	"\022\001\000\000"
 531 03b7 5F5F7261 		.ascii	"__ram6_clear__\000"
 531      6D365F63 
 531      6C656172 
 531      5F5F00
 532 03c6 00       		.ascii	"\000"
 533 03c7 02       		.ascii	"\002"
 534 03c8 00       		.ascii	"\000"
 535 03c9 00000000 		.ascii	"\000\000\000\000\000\000\000\000"
 535      00000000 
 536 03d1 14010000 		.ascii	"\024\001\000\000"
 537 03d5 5F5F7261 		.ascii	"__ram6_noinit__\000"
 537      6D365F6E 
 537      6F696E69 
 537      745F5F00 
 538 03e5 00       		.ascii	"\000"
 539 03e6 02       		.ascii	"\002"
 540 03e7 00       		.ascii	"\000"
 541 03e8 00000000 		.ascii	"\000\000\000\000\000\000\000\000"
 541      00000000 
 542 03f0 16010000 		.ascii	"\026\001\000\000"
 543 03f4 5F5F7261 		.ascii	"__ram7_init_text__\000"
ARM GAS  /tmp/ccPUPAW3.s 			page 32


 543      6D375F69 
 543      6E69745F 
 543      74657874 
 543      5F5F00
 544 0407 00       		.ascii	"\000"
 545 0408 02       		.ascii	"\002"
 546 0409 00       		.ascii	"\000"
 547 040a 00000000 		.ascii	"\000\000\000\000\000\000\000\000"
 547      00000000 
 548 0412 18010000 		.ascii	"\030\001\000\000"
 549 0416 5F5F7261 		.ascii	"__ram7_init__\000"
 549      6D375F69 
 549      6E69745F 
 549      5F00
 550 0424 00       		.ascii	"\000"
 551 0425 02       		.ascii	"\002"
 552 0426 00       		.ascii	"\000"
 553 0427 00000000 		.ascii	"\000\000\000\000\000\000\000\000"
 553      00000000 
 554 042f 1A010000 		.ascii	"\032\001\000\000"
 555 0433 5F5F7261 		.ascii	"__ram7_clear__\000"
 555      6D375F63 
 555      6C656172 
 555      5F5F00
 556 0442 00       		.ascii	"\000"
 557 0443 02       		.ascii	"\002"
 558 0444 00       		.ascii	"\000"
 559 0445 00000000 		.ascii	"\000\000\000\000\000\000\000\000"
 559      00000000 
 560 044d 1C010000 		.ascii	"\034\001\000\000"
 561 0451 5F5F7261 		.ascii	"__ram7_noinit__\000"
 561      6D375F6E 
 561      6F696E69 
 561      745F5F00 
 562 0461 00       		.ascii	"\000"
 563 0462 02       		.ascii	"\002"
 564 0463 00       		.ascii	"\000"
 565 0464 00000000 		.ascii	"\000\000\000\000\000\000\000\000"
 565      00000000 
 566 046c 1E010000 		.ascii	"\036\001\000\000"
 567              		.text
 568              		.section	.gnu.lto_.opts,"",%progbits
 569 0000 272D666D 		.ascii	"'-fmath-errno' '-fsigned-zeros' '-ftrapping-math' '"
 569      6174682D 
 569      6572726E 
 569      6F272027 
 569      2D667369 
 570 0033 2D666E6F 		.ascii	"-fno-trapv' '-fno-openmp' '-fno-openacc' '-mcpu=cor"
 570      2D747261 
 570      70762720 
 570      272D666E 
 570      6F2D6F70 
 571 0066 7465782D 		.ascii	"tex-m4' '-mno-thumb-interwork' '-mthumb' '-ggdb' '-"
 571      6D342720 
 571      272D6D6E 
 571      6F2D7468 
 571      756D622D 
ARM GAS  /tmp/ccPUPAW3.s 			page 33


 572 0099 4F322720 		.ascii	"O2' '-fomit-frame-pointer' '-falign-functions=16' '"
 572      272D666F 
 572      6D69742D 
 572      6672616D 
 572      652D706F 
 573 00cc 2D666675 		.ascii	"-ffunction-sections' '-fdata-sections' '-fno-common"
 573      6E637469 
 573      6F6E2D73 
 573      65637469 
 573      6F6E7327 
 574 00ff 2720272D 		.ascii	"' '-flto'\000"
 574      666C746F 
 574      2700
 575              		.text
 576              		.comm	__gnu_lto_v1,1,1
 577              		.comm	__gnu_lto_slim,1,1
 578              		.ident	"GCC: (15:5.4.1+svn241155-1) 5.4.1 20160919"
ARM GAS  /tmp/ccPUPAW3.s 			page 34


DEFINED SYMBOLS
                            *ABS*:0000000000000000 crt1.c
                            *COM*:0000000000000001 __gnu_lto_v1
                            *COM*:0000000000000001 __gnu_lto_slim

NO UNDEFINED SYMBOLS
