ARM GAS  /tmp/ccvHE8pP.s 			page 1


   1              		.syntax unified
   2              		.cpu cortex-m4
   3              		.fpu softvfp
   4              		.eabi_attribute 20, 1
   5              		.eabi_attribute 21, 1
   6              		.eabi_attribute 23, 3
   7              		.eabi_attribute 24, 1
   8              		.eabi_attribute 25, 1
   9              		.eabi_attribute 26, 1
  10              		.eabi_attribute 30, 2
  11              		.eabi_attribute 34, 1
  12              		.eabi_attribute 18, 4
  13              		.thumb
  14              		.syntax unified
  15              		.file	"hal.c"
  16              		.text
  17              	.Ltext0:
  18              		.section	.gnu.lto_.profile.4504acbe076d4515,"",%progbits
  19 0000 789C6361 		.ascii	"x\234ca`d`a`\000\222\366\034\000\000\360\000R"
  19      60646061 
  19      600092F6 
  19      1C0000F0 
  19      0052
  20              		.text
  21              		.section	.gnu.lto_.icf.4504acbe076d4515,"",%progbits
  22 0000 789C6361 		.ascii	"x\234ca`d\000\001\016\006\004`d\330xu\307\004\016\006"
  22      60640001 
  22      0E060460 
  22      64D87875 
  22      C7040E06 
  23 0014 000E3D02 		.ascii	"\000\016=\002\345"
  23      E5
  24              		.text
  25              		.section	.gnu.lto_.jmpfuncs.4504acbe076d4515,"",%progbits
  26 0000 789C6361 		.ascii	"x\234ca`d\000\001m\006\004`\204\322L\214\177\231\030"
  26      60640001 
  26      6D060460 
  26      84D24C8C 
  26      7F9918
  27 0013 9B7FEDFF 		.ascii	"\233\177\355\377\314W\377\267aFC\203@+3C'3H\301r\306"
  27      CC57FFB7 
  27      61464383 
  27      402B3343 
  27      273348C1 
  28 0029 7A064616 		.ascii	"z\006F\026 \013\000\365}\012W"
  28      200B00F5 
  28      7D0A57
  29              		.text
  30              		.section	.gnu.lto_.inline.4504acbe076d4515,"",%progbits
  31 0000 789C6361 		.ascii	"x\234ca`d\000\001c\006\004\000\212p\331320\001\231l"
  31      60640001 
  31      63060400 
  31      8A70D933 
  31      32300199 
  32 0015 0BE499C0 		.ascii	"\013\344\231\300B\\\230\004\0237H)\230\311\000\000?"
  32      425C9804 
  32      13374829 
ARM GAS  /tmp/ccvHE8pP.s 			page 2


  32      98C90000 
  32      3F
  33 0026 720192   		.ascii	"r\001\222"
  34              		.text
  35              		.section	.gnu.lto_.pureconst.4504acbe076d4515,"",%progbits
  36 0000 789C6361 		.ascii	"x\234ca`d`f`\000\222\022\000\000p\000\""
  36      60646066 
  36      60009212 
  36      00007000 
  36      22
  37              		.text
  38              		.section	.gnu.lto_halInit.4504acbe076d4515,"",%progbits
  39 0000 789C7590 		.ascii	"x\234u\220\277KBQ\024\307\317\367^}Z`4\0065D\324\340"
  39      BF4B4251 
  39      14C7CFF7 
  39      5E7D5A60 
  39      34063544 
  40 0016 E2EB7F68 		.ascii	"\342\353\177hk\011\352/(\027\245 \310?\340]\323G\265"
  40      6B09EA2F 
  40      2817A520 
  40      C83FE05D 
  40      D347B5
  41 0029 49544450 		.ascii	"ITDP\216Z\232\246C\340\324\303\255\245\226\026i(\032"
  41      8E5A9AA6 
  41      43E0D4C3 
  41      ADA59616 
  41      69281A
  42 003c 42A4C1A8 		.ascii	"B\244\301\250 \002{\235\373\214p\350\035\356\345\334"
  42      20027B9D 
  42      FB8C70E8 
  42      1DEEE5DC 
  43 004c 7BCFE77E 		.ascii	"{\317\347~\317\217\000\201\264=\260\233f?\316\033\222"
  43      CF8F0081 
  43      B43DB09B 
  43      663FCE1B 
  43      92
  44 005d 20723744 		.ascii	" r7D\351\260\000\364A\205A\226\200\205\017\321\023h"
  44      E9B000F4 
  44      41854196 
  44      80850FD1 
  44      1368
  45 006f 6E3D3744 		.ascii	"n=7D\264\240\330\036\355\023\251\212\016lI\344\012O"
  45      B4A0D81E 
  45      ED13A98A 
  45      0E6C49E4 
  45      0A4F
  46 0081 89504094 		.ascii	"\211P@\224\030{\252}\357G\214\254\306&\373A\024a\350"
  46      187BAA7D 
  46      EF478CAC 
  46      C626FB41 
  46      1461E8
  47 0094 74D54547 		.ascii	"t\325EG\271nF\251\326ly&L\324\345\240N\363*\204\366"
  47      B96E46A9 
  47      D66C7926 
  47      4CD4E5A0 
  47      4EF32A84 
  48 00a9 B28D8CD3 		.ascii	"\262\215\214\323\213hZ\3534\032/\367!\253\247\266\225"
ARM GAS  /tmp/ccvHE8pP.s 			page 3


  48      8B685AEB 
  48      341A2FF7 
  48      21ABA7B6 
  48      95
  49 00ba 1AB5255C 		.ascii	"\032\265%\\\301\0228\205E\266\024\324F\326\3315\376"
  49      C1123885 
  49      45B614D4 
  49      46D6D935 
  49      FE
  50 00cb 47A5CB7A 		.ascii	"G\245\313z\2043F9v`7oC\357\302\226\001\350k\346\353"
  50      84334639 
  50      7660376F 
  50      43EFC296 
  50      01E86BE6 
  51 00e0 EA6D84D1 		.ascii	"\352m\204\321C\017\015\354p\003\372\371\372\250\264"
  51      430F0DEC 
  51      7003FAF9 
  51      FAA8B4
  52 00ef 9AC7713A 		.ascii	"\232\307q:\347=\007Q\346\246K\230\360bn\247^\031\342"
  52      E73D0751 
  52      E6A64B98 
  52      F0626EA7 
  52      5E19E2
  53 0102 2F635AE3 		.ascii	"/cZ\343\034yxiQ\201eK\203t\321\237>\225p\321\254\217"
  53      1C797869 
  53      5181654B 
  53      8374D19F 
  53      3E9570D1 
  54 0118 EA5FD119 		.ascii	"\352_\321\031g/\344\213\006\030\275\030@/\207}\321 "
  54      672FE48B 
  54      0618BD18 
  54      402F877D 
  54      D120
  55 012a A3B501F4 		.ascii	"\243\265\001\364\316\0375\030\255\377\242\035l:\255"
  55      CE1F3518 
  55      ADFFA21D 
  55      6C3AAD
  56 0139 790FD5D6 		.ascii	"y\017\325\326\345\221\362\334yXS\261\230\331_s\211\344"
  56      E591F2DC 
  56      795853B1 
  56      98D95F73 
  56      89E4
  57 014b 4A7261C9 		.ascii	"Jra\311\\O\231\211\34553\265\021\327>\026\247\037\241"
  57      5C4F9989 
  57      E53533B5 
  57      11D73E16 
  57      A71FA1
  58 015e 76B39D   		.ascii	"v\263\235"
  59              		.text
  60              		.section	.gnu.lto_.symbol_nodes.4504acbe076d4515,"",%progbits
  61 0000 789C55C9 		.ascii	"x\234U\311\301\015\3020\020D\321\277c;\264\021*]\037"
  61      C10DC230 
  61      1044D1BF 
  61      633BB411 
  61      2A5D1F
  62 0013 28802252 		.ascii	"(\200\"RA\004\004\3025gj\000\211:\020\213Ox.O\372\223"
  62      410404C2 
ARM GAS  /tmp/ccvHE8pP.s 			page 4


  62      35676A00 
  62      893A108B 
  62      4F782E4F 
  63 0029 3166623A 		.ascii	"1fb:\311\341\370\200`\255{(\213\030\343\261\273\334"
  63      C9E1F880 
  63      60AD7B28 
  63      8B18E3B1 
  63      BBDC
  64 003b DA03B546 		.ascii	"\332\003\265F\261U\256.\334\344\251\013Wy\356\302E^"
  64      B155AE2E 
  64      DCE4A90B 
  64      5779EEC2 
  64      455E
  65 004d BA70960F 		.ascii	"\272p\226\017\377!\261cz~,1\2605\013\357f\346\360\372"
  65      FF21B163 
  65      7A7E2C31 
  65      B0350BEF 
  65      66E6F0FA 
  66 0061 99989A62 		.ascii	"\231\230\232b\013\371\002V\323,\015"
  66      0BF90256 
  66      D32C0D
  67              		.text
  68              		.section	.gnu.lto_.refs.4504acbe076d4515,"",%progbits
  69 0000 789C6361 		.ascii	"x\234ca`d`c`\000\222L\214L\014\000\000\243\000\022"
  69      60646063 
  69      6000924C 
  69      8C4C0C00 
  69      00A30012 
  70              		.text
  71              		.section	.gnu.lto_.decls.4504acbe076d4515,"",%progbits
  72 0000 789C9D56 		.ascii	"x\234\235V{LSW\030\277\347\236\266\320R\320\200\331"
  72      7B4C5357 
  72      18BFE79E 
  72      B6D052D0 
  72      80D9
  73 0012 FC832CC6 		.ascii	"\374\203,\306\324\310\226\214\306\307\037\376\341\222"
  73      D4C8968C 
  73      C6C71FFE 
  73      E192
  74 0020 397C264E 		.ascii	"9|&N\211l\232\375\325\000\255\266\011\322\246-S3\223"
  74      896C9AFD 
  74      D500ADB6 
  74      09D2A62D 
  74      533393
  75 0033 5DA5223E 		.ascii	"]\245\">)\363Y|D\321\015P\006\010:\025t\242NE\024E\330"
  75      29F3597C 
  75      44D10D50 
  75      06083A15 
  75      74A24E45 
  76 004a 984AADF8 		.ascii	"\230J\255\370\302\341\213\227Z\236\262\357\234s\333"
  76      C2E18B97 
  76      5A9EB2EF 
  76      9C73DB
  77 0059 0B5748DC 		.ascii	"\013WH\334n\372\335s\277\373\375\276\337\367\235\357"
  77      6EFADD73 
  77      BFFBFDBE 
  77      DFF79DEF 
ARM GAS  /tmp/ccvHE8pP.s 			page 5


  78 0069 3BE7F42A 		.ascii	";\347\364*8\304\221\2531\214\343ry\216;\014\317\003"
  78      38C491AB 
  78      318CE372 
  78      798E3B0C 
  78      CF03
  79 007b 70C123B7 		.ascii	"p\301#\267\030\204X\237s\354\012\001i\005i\007\351\004"
  79      1884589F 
  79      73EC0A01 
  79      69056907 
  79      E904
  80 008d 7903E207 		.ascii	"y\003\342\007\351\005\351\027\261\003\334\320\253U\364"
  80      E905E917 
  80      B103DCD0 
  80      AB55F4
  81 009c 235C04F0 		.ascii	"#\\\004\360\212\014\210q>\003\351\221q\367\213|~\221"
  81      8A0C8871 
  81      3E03E991 
  81      71F78B7C 
  81      7E91
  82 00ae BF538C37 		.ascii	"\277S\2147\034w?\217n\271J\366\342\327<\212\324 \005"
  82      1C773F8F 
  82      6EB94AF6 
  82      E2D73C8A 
  82      D42005
  83 00c1 A8ED3539 		.ascii	"\250\35559\217\"@\035\243A\343@-\277\327^\031\306\254"
  83      8F22401D 
  83      A341E340 
  83      2DBFD75E 
  83      19C6AC
  84 00d4 4D08F453 		.ascii	"M\010\364Sg_Nfj\364 \353\030\321Zr\306\3652\202\231"
  84      675F4E66 
  84      6AF420EB 
  84      18D15A72 
  84      C6F53282 
  85 00e9 2B89BE69 		.ascii	"+\211\276i]\326\206\020\314#\022\347\225\353I\223\310"
  85      5DD68610 
  85      CC2312E7 
  85      95EB4993 
  85      C8
  86 00fa 3416D4BA 		.ascii	"4\026\324\272\266\353\373Du4\250\336\015\031\373UXM"
  86      B6EBFB44 
  86      7534A8DE 
  86      0D19FB55 
  86      584D
  87 010c 91F7AA0A 		.ascii	"\221\367\252\012\216\222\214&j\020\251\343(xU\374\342"
  87      8E928C26 
  87      6A10A9E3 
  87      287855FC 
  87      E2
  88 011d 7477387B 		.ascii	"tw8{E\020\367\273\363g\307\026\012p\271\005\201\377"
  88      4510F7BB 
  88      F367C716 
  88      0A70B905 
  88      81FF
  89 012f 449A4C5D 		.ascii	"D\232L]V\307\341\020\3741\001\361\227\267\224\225\206"
  89      56C7E110 
  89      FC3101F1 
ARM GAS  /tmp/ccvHE8pP.s 			page 6


  89      97B79495 
  89      86
  90 0140 A118CD2F 		.ascii	"\241\030\315/\004\327\264\343g\355iA\030\215~C\032t"
  90      04D7B4E3 
  90      67ED6941 
  90      188D7E43 
  90      1A74
  91 0152 1C615486 		.ascii	"\034aT\206bIM&j\340\236)\010k\005w\272\020Y\025\301"
  91      62494D26 
  91      6AE09E29 
  91      086B0577 
  91      BA105915 
  92 0167 A17C148D 		.ascii	"\241|\024\215\362P4\207N\240\030\022\217\000Q)\274<"
  92      F2503487 
  92      4EA01812 
  92      8F005129 
  92      BC3C
  93 0179 062F2144 		.ascii	"\006/!D\301\341\354\\\025\216\247!<\307\217\3705\301"
  93      C1E1EC5C 
  93      158EA721 
  93      3CC78FF8 
  93      35C1
  94 018b 109D1953 		.ascii	"\020\235\031S\013I\210\323\020\342\244\024\002\"\216"
  94      0B4988D3 
  94      10E2A414 
  94      02228E
  95 019a 18E3D4F0 		.ascii	"\030\343\324\3601\036\226{\327\360x5\235kN\305\353j"
  95      311E967B 
  95      D7F07835 
  95      9D6B4EC5 
  95      EB6A
  96 01ac 252B5428 		.ascii	"%+T(\250\255\333.\325\360X@\324\326|;\335\243\302\031"
  96      A8ADDB2E 
  96      D5F05840 
  96      D4D67C3B 
  96      DDA3C219 
  97 01c0 4C71F7DF 		.ascii	"Lq\367\337\021Tx+S\266\264v\035T\340\035L\271\223\356"
  97      1154782B 
  97      53B6B476 
  97      1D54E01D 
  97      4CB993EE 
  98 01d4 6F08C77B 		.ascii	"o\010\307{\250\242.\352\336\364X\213t\272(\235.F\247"
  98      A8A22EEA 
  98      DEF4588B 
  98      74BA289D 
  98      2E46A7
  99 01e7 D3E592BC 		.ascii	"\323\345\222\274\232\262\257\375\270-/Cp'\322\344\313"
  99      9AB2AFFD 
  99      B82D2F43 
  99      7027D2E4 
  99      CB
 100 01f8 21F98B28 		.ascii	"!\371\213(JJ\263\030n\034\232\0047\216\342+\337\336"
 100      4A4AB318 
 100      6E1C9A04 
 100      378EE22B 
 100      DFDE
 101 020a D406C067 		.ascii	"\324\006\300g\345\340\012\011\234-\266H@N\016\035\005"
ARM GAS  /tmp/ccvHE8pP.s 			page 7


 101      E5E00A09 
 101      9C2DB648 
 101      404E0E1D 
 101      05
 102 021b C0116A23 		.ascii	"\300\021j#p\2302\272\014\263\377\003\351\320\025\220"
 102      709832BA 
 102      0CB3FF03 
 102      E9D01590 
 103 022b 0B205520 		.ascii	"\013 U \347A\256\202\\B:\332T\026\317'\305;'\217\247"
 103      E741AE82 
 103      5C423ADA 
 103      5416CF27 
 103      C53B278F 
 104 0240 97E5B6B3 		.ascii	"\227\345\266\263.\210\255\224c\213\244\334h\317*\033"
 104      2E88AD94 
 104      638BA4DC 
 104      68CF2A1B 
 105 0250 81580825 		.ascii	"\201X\010% N\354\227\024\264\363f\264G\250taJ\365\373"
 105      204EEC97 
 105      14B4F366 
 105      B447A874 
 105      614AF5FB 
 106 0264 B061F391 		.ascii	"\260a\363\221\024\267G\312\361\314\3605\031\214\376"
 106      14B747CA 
 106      F1CCF035 
 106      198CFE
 107 0273 49CAB264 		.ascii	"I\312\262d\370r34\264\357\334;W\255\012\373h\373\370"
 107      F8723334 
 107      B4EFDC3B 
 107      57AD0AFB 
 107      68FBF8
 108 0286 F4C3EDD9 		.ascii	"\364\303\355\331\241(&\212\245\357\251C$\375\353\340"
 108      A128268A 
 108      A5EFA943 
 108      24FDEBE0 
 109 0296 5D2DAD38 		.ascii	"]-\25582\233\021\212\217\256A\315\377K\375!~g~\351\376"
 109      329B118A 
 109      8FAE41CD 
 109      FF4BFD21 
 109      7E677EE9 
 110 02ab 50B602F3 		.ascii	"P\266\002\363\311\256n\351\277\374\\\211\333\331\332"
 110      C9AE6EE9 
 110      BFFC5C89 
 110      DBD9DA
 111 02ba 2AACB9E2 		.ascii	"*\254\271\342\025\217\217Lb\254\367\327\256\327\340"
 111      158F8F4C 
 111      62ACF7D7 
 111      AED7E0
 112 02c9 2E661C68 		.ascii	".f\034h\271sH\315\214mD\337xb\333\241Qx\200\031\353"
 112      B97348CD 
 112      8C6D44DF 
 112      7862DBA1 
 112      51788019 
 113 02de 9B0FBAB4 		.ascii	"\233\017\272\264\314XK\364\255Ye\30748\203\235\026\371"
 113      CC584BF4 
 113      AD5965C7 
 113      3438839D 
ARM GAS  /tmp/ccvHE8pP.s 			page 8


 113      16F9
 114 02f0 CD7BB78A 		.ascii	"\315{\267\212\306i\240\236\2509\345S\342-\314\346\355"
 114      C669A09E 
 114      A839E553 
 114      E22DCCE6 
 114      ED
 115 0301 68581F86 		.ascii	"hX\037\206\2673\245\270o{\236\012\357aJ\265\267\353"
 115      B733A5B8 
 115      6F7B9E0A 
 115      EF614AB5 
 115      B7EB
 116 0313 4108F3EA 		.ascii	"A\010\363\352#\311<\3332\340\325\212\347\0239F\326\327"
 116      23C93CDB 
 116      32E0D58A 
 116      E7133946 
 116      D6D7
 117 0325 BCC9E371 		.ascii	"\274\311\343q.\005\207e\237\335w2\034\3016\020\257\230"
 117      2E058765 
 117      9FDD7732 
 117      1CC13610 
 117      AF98
 118 0337 2105BB0B 		.ascii	"!\005\273\013\005\273C\373\340\025\253\325\014\325\272"
 118      05BB43FB 
 118      E015ABD5 
 118      0CD5BA
 119 0346 0F956902 		.ascii	"\017\225i\002y\010\362\030\344\021\210\017\344\011\310"
 119      7908F218 
 119      E411880F 
 119      E409C8
 120 0355 03907BD2 		.ascii	"\003\220{\322\252\205\356\334\252\217^C\027\020\351"
 120      AA85EEDC 
 120      AA8F5E43 
 120      1710E9
 121 0364 4F23F487 		.ascii	"O#\364\207P\005;Q0dS\001|w\002Y\021\004[+\307\336\034"
 121      50053B51 
 121      30645301 
 121      7C770259 
 121      11045B2B 
 122 037b BA7E005C 		.ascii	"\272~\000\\\273(\000\276-\007\353e\274\267\203\320\277"
 122      BB2800BE 
 122      2D07EB65 
 122      BCB783D0 
 122      BF
 123 038c E5D0A2F7 		.ascii	"\345\320\242\367xO\005\223\370U\016.|\017\334\026dn"
 123      784F0593 
 123      F8550E2E 
 123      7C0FDC16 
 123      646E
 124 039e 9083FF92 		.ascii	"\220\203\377\222\317\316\035$\256\223co\311\261]A\336"
 124      CFCE1D24 
 124      AE93636F 
 124      C9B15D41 
 124      DE
 125 03af 3FE5D8FA 		.ascii	"?\345\330\372\367\222(\011\022\337\220\203k\344\333"
 125      F7922809 
 125      12DF9083 
 125      6BE4DB
ARM GAS  /tmp/ccvHE8pP.s 			page 9


 126 03be BDA28E6E 		.ascii	"\275\242\216nw\357\320\355\016+\343|\367\213u\243p\001"
 126      77EFD0ED 
 126      0E2BE37C 
 126      F78B75A3 
 126      7001
 127 03d0 5D197CED 		.ascii	"]\031|\355\371,_\004\212\032~A\240\026X\007\377gM\260"
 127      F92C5F04 
 127      8A1A7E41 
 127      A0165807 
 127      FF674DB0 
 128 03e4 0CDED4D3 		.ascii	"\014\336\324\323\035\373\017\020<\225v\254\227\356X"
 128      1DFB0F10 
 128      3C9576AC 
 128      97EE58
 129 03f3 C8635766 		.ascii	"\310cWf\316\335QQb\340\312\021\003s\037\034\0258+6\347"
 129      CEDD5151 
 129      62E0CA11 
 129      03731F1C 
 129      15382B36 
 130 0408 7834DA8D 		.ascii	"x4\332\215\322\037\020z6\350\264\341\320s\244\245\237"
 130      D21F107A 
 130      36E8B4E1 
 130      D073A4A5 
 130      9F
 131 0419 163002FA 		.ascii	"\0260\002\372l}\357\015E#D\204\357\0274\232r \304\356"
 131      6C7DEF0D 
 131      45234484 
 131      EF17349A 
 131      7220C4EE 
 132 042d 880AC784 		.ascii	"\210\012\307\204\252\360\300\323;'\275B\001\240\250"
 132      AAF0C0D3 
 132      3B27BD42 
 132      01A0A8
 133 043c F381472E 		.ascii	"\363\201G.HF\177\242?\375V\242\027%\221\330\221\350"
 133      48467FA2 
 133      3FFD56A2 
 133      172591D8 
 133      91E8
 134 044e C474D199 		.ascii	"\304t\321\231C\242\316K\001\020S\003\016\203\370X\272"
 134      43A2CE4B 
 134      01105303 
 134      0E83F858 
 134      BA
 135 045f 229D9473 		.ascii	"\"\235\224spN(P\242\2662\341\241\006\227\261S\244\377"
 135      704E2850 
 135      A2B632E1 
 135      A10697B1 
 135      53A4FF
 136 0472 EA9E1C7E 		.ascii	"\352\236\034~\354N\332\203ta\234\002-\376hP\265^\241"
 136      EC4EDA83 
 136      74619C02 
 136      2DFE6850 
 136      B55EA1
 137 0485 B1704F52 		.ascii	"\261pOR0\307\032\327\245\253\312\361\007\204\003%B\223"
 137      30C71AD7 
 137      A5ABCAF1 
 137      07840325 
ARM GAS  /tmp/ccvHE8pP.s 			page 10


 137      4293
 138 0497 7FDBF49D 		.ascii	"\177\333\364\235\351B\025\270\215#(\364R\352/<\222\341"
 138      E94215B8 
 138      8D2328F4 
 138      52EA2F3C 
 138      92E1
 139 04a9 059C021C 		.ascii	"\005\234\002\034jE\343\311YT\372\352\276\022\373X\310"
 139      6A45E3C9 
 139      5954FAEA 
 139      BE12FB58 
 139      C8
 140 04ba 96CD8FCB 		.ascii	"\226\315\217\313U@\323\004\237\021{v-Ys(\243\322\215"
 140      5540D304 
 140      9F117B76 
 140      2D597328 
 140      A3D28D
 141 04cd 682CD426 		.ascii	"h,\324&\261\264Q\026xh\247\014\327\233\357\375\200\263"
 141      B1B45116 
 141      7868A70C 
 141      D79BEFFD 
 141      80B3
 142 04df 302578DE 		.ascii	"0%x\336\333\324\240\025\011:\356\256.,\025\\j\352\336"
 142      DBD4A015 
 142      093AEEAE 
 142      2E2C155C 
 142      6AEADE
 143 04f2 21B97704 		.ascii	"!\271w\004\334;\251{\327\351\355W4\270\201\371_\360"
 143      DC3BA97B 
 143      D7E9ED57 
 143      34B881F9 
 143      5FF0
 144 0504 6D0D26D0 		.ascii	"m\015&\320\3473lO?0\227\272\277\226\334_\007\334\337"
 144      E7336C4F 
 144      3F3097BA 
 144      BF96DC5F 
 144      07DCDF
 145 0517 50F78AAB 		.ascii	"P\367\212\253\255u\012\274AA\335\263r\334~\265\350^"
 145      AD750ABC 
 145      4141DDB3 
 145      72DC7EB5 
 145      E85E
 146 0529 F7D05C11 		.ascii	"\367\320\\\021\014\377V\362\177\033\360\367S\377#\205"
 146      0CFF56F2 
 146      7F1BF0F7 
 146      53FF2385 
 147 0539 9E276A7C 		.ascii	"\236'j|\206\371\037i\330]\032\256\340\331\"$\305\205"
 147      86F91F69 
 147      D85D1AAE 
 147      E0D92224 
 147      C585
 148 054b 77BD0305 		.ascii	"w\275\003\005\205\352\021\333\320C\333\320\215\304>"
 148      85EA11DB 
 148      D043DBD0 
 148      8DC43E
 149 055a 3456BFAB 		.ascii	"4V\277\253\010\021\023po2xh\002\200A]R\002]\201\004"
 149      08111370 
 149      6F327868 
ARM GAS  /tmp/ccvHE8pP.s 			page 11


 149      0280415D 
 149      52025D81 
 150 056f 7A69029E 		.ascii	"zi\002\236\375Y%\030W\263\004\\\345\376\226@\375|\315"
 150      FD592518 
 150      57B3045C 
 150      E5FE9640 
 150      FD7CCD
 151 0582 5FF6E449 		.ascii	"_\366\344I\015\350\223\030\372\002\014\375\224\241\352"
 151      0DE89318 
 151      FA020CFD 
 151      94A1EA
 152 0591 62D1DB30 		.ascii	"b\321\3330\354V\262USp\274D9\341\220\320&\220\317\251"
 152      EC56B255 
 152      5370BC44 
 152      39E190D0 
 152      2690CFA9 
 153 05a5 259E3697 		.ascii	"%\2366\227\220\031Iw\332;F0\350/\345\035\341A\003h\002"
 153      90194977 
 153      DA3B4630 
 153      E82FE51D 
 153      E1410368 
 154 05ba 99E693E2 		.ascii	"\231\346\223\342\247\332!\273\223\004\225&*\360lw\302"
 154      A7DA21BB 
 154      93049526 
 154      2AF06C77 
 154      C2
 155 05cb 08E8B537 		.ascii	"\010\350\2657\205\005C\300=C\300kD0\031U\361sg&:\023"
 155      850543C0 
 155      3D43C06B 
 155      44301955 
 155      F1736726 
 156 05e1 15894BED 		.ascii	"\025\211K\355)\241s\026|;.n\322$Nc0\244YR\235S&\033"
 156      29A17316 
 156      7C3B2E6E 
 156      D2244E63 
 156      30A45952 
 157 05f9 9C9FEBD3 		.ascii	"\234\237\353\323\034v\275%59%\315h\322\247\232V\244"
 157      1C76BD25 
 157      353925CD 
 157      68D2A79A 
 157      56A4
 158 060b 5892F4CB 		.ascii	"X\222\364\313\023\223\315\226T\223\336`4-MLKq\032\234"
 158      1393CD96 
 158      5493DE60 
 158      342D4D4C 
 158      4B711A9C 
 159 061f AB6C2647 		.ascii	"\253l&G\254\231\013\015\270\215\037\316\315\261\312"
 159      AC990B0D 
 159      B88D1FCE 
 159      CDB1CA
 160 062e A137389C 		.ascii	"\24178\234F\300\000\026[\215v\245-\315f\264\207X\035"
 160      46C00016 
 160      5B8D76A5 
 160      2DCD66B4 
 160      87581D
 161 0641 3693C968 		.ascii	"6\223\311hWY\011\217]\271\334j4\331IF\346/bc\365\354"
 161      5759098F 
ARM GAS  /tmp/ccvHE8pP.s 			page 12


 161      5DB9DC6A 
 161      34D94946 
 161      E62F6263 
 162 0657 1767B624 		.ascii	"\027g\266$Y\026&\350\255\016\27591Eo\263\332\235\016"
 162      591626E8 
 162      AD0EBD39 
 162      31456FB3 
 162      DA9D0E
 163 066a 7DC2375F 		.ascii	"}\3027_O\231\254\237?\177\246~N\374\274\205\337O&&\203"
 163      4F99AC9F 
 163      3F7FA67E 
 163      4EFCBC85 
 163      DF4F2626 
 164 067f 0D2425C5 		.ascii	"\015$%\305\010\021\"\035\316\345\220\3142\233\305jp"
 164      0811221D 
 164      CEE590CC 
 164      329BC56A 
 164      70
 165 0690 989C6936 		.ascii	"\230\234i6\203S\025?\207LW\025?\233\015\263\3300\223"
 165      8353153F 
 165      874C5715 
 165      3F9B0DB3 
 165      D83093
 166 06a3 0D716CF8 		.ascii	"\015ql\370\212\0153\3300\217\014\352\370\031\363\343"
 166      8A0D33D8 
 166      308F0CEA 
 166      F819F3E3 
 167 06b3 ACA94B2D 		.ascii	"\254\251K-\313B \306\274T\213s\374H\2519\354\311d\214"
 167      CB4220C6 
 167      BC548B73 
 167      FC48A939 
 167      ECC9648C 
 168 06c7 4DE6540E 		.ascii	"M\346T\016'A~:\0222P\036\222\265\203\224D\235dM\264"
 168      27417E3A 
 168      1232501E 
 168      92B58394 
 168      449D644D 
 169 06dc 1B89CFF4 		.ascii	"\033\211\317\364\221|(\202\314\334@'?{\252a\346\274"
 169      917C2882 
 169      CCDC4027 
 169      3F7BAA61 
 169      E6BC
 170 06ee 84B8858B 		.ascii	"\204\270\205\213g-\372\216\331\200&\304\266b9!\371\354"
 170      672DFA8E 
 170      D98026C4 
 170      B6623921 
 170      F9EC
 171 0700 43020396 		.ascii	"C\002\003\226\270X\222\323>\330\005\260\340\022\036"
 171      B85892D3 
 171      3ED805B0 
 171      E0121E
 172 070f A8B4C102 		.ascii	"\250\264\301\002\216Z\363 e\332\207\264M\314\177\345"
 172      8E5AF320 
 172      65DA87B4 
 172      4DCC7FE5 
 173 071f 4ABD59EA 		.ascii	"J\275Y\352\030\241\014,\252dZ\357\177\001\264xY\375"
 173      18A10C2C 
ARM GAS  /tmp/ccvHE8pP.s 			page 13


 173      AA645AEF 
 173      7F01B478 
 173      59FD
 174              		.text
 175              		.section	.gnu.lto_.symtab.4504acbe076d4515,"",%progbits
 176 0000 68616C49 		.ascii	"halInit\000"
 176      6E697400 
 177 0008 00       		.ascii	"\000"
 178 0009 00       		.ascii	"\000"
 179 000a 00       		.ascii	"\000"
 180 000b 00000000 		.ascii	"\000\000\000\000\000\000\000\000"
 180      00000000 
 181 0013 EF000000 		.ascii	"\357\000\000\000"
 182 0017 70616C5F 		.ascii	"pal_default_config\000"
 182      64656661 
 182      756C745F 
 182      636F6E66 
 182      696700
 183 002a 00       		.ascii	"\000"
 184 002b 02       		.ascii	"\002"
 185 002c 00       		.ascii	"\000"
 186 002d 00000000 		.ascii	"\000\000\000\000\000\000\000\000"
 186      00000000 
 187 0035 FF000000 		.ascii	"\377\000\000\000"
 188 0039 7374496E 		.ascii	"stInit\000"
 188      697400
 189 0040 00       		.ascii	"\000"
 190 0041 02       		.ascii	"\002"
 191 0042 00       		.ascii	"\000"
 192 0043 00000000 		.ascii	"\000\000\000\000\000\000\000\000"
 192      00000000 
 193 004b F1000000 		.ascii	"\361\000\000\000"
 194 004f 626F6172 		.ascii	"boardInit\000"
 194      64496E69 
 194      7400
 195 0059 00       		.ascii	"\000"
 196 005a 02       		.ascii	"\002"
 197 005b 00       		.ascii	"\000"
 198 005c 00000000 		.ascii	"\000\000\000\000\000\000\000\000"
 198      00000000 
 199 0064 F3000000 		.ascii	"\363\000\000\000"
 200 0068 70776D49 		.ascii	"pwmInit\000"
 200      6E697400 
 201 0070 00       		.ascii	"\000"
 202 0071 02       		.ascii	"\002"
 203 0072 00       		.ascii	"\000"
 204 0073 00000000 		.ascii	"\000\000\000\000\000\000\000\000"
 204      00000000 
 205 007b F5000000 		.ascii	"\365\000\000\000"
 206 007f 69637549 		.ascii	"icuInit\000"
 206      6E697400 
 207 0087 00       		.ascii	"\000"
 208 0088 02       		.ascii	"\002"
 209 0089 00       		.ascii	"\000"
 210 008a 00000000 		.ascii	"\000\000\000\000\000\000\000\000"
 210      00000000 
 211 0092 F7000000 		.ascii	"\367\000\000\000"
ARM GAS  /tmp/ccvHE8pP.s 			page 14


 212 0096 5F70616C 		.ascii	"_pal_lld_init\000"
 212      5F6C6C64 
 212      5F696E69 
 212      7400
 213 00a4 00       		.ascii	"\000"
 214 00a5 02       		.ascii	"\002"
 215 00a6 00       		.ascii	"\000"
 216 00a7 00000000 		.ascii	"\000\000\000\000\000\000\000\000"
 216      00000000 
 217 00af FB000000 		.ascii	"\373\000\000\000"
 218 00b3 68616C5F 		.ascii	"hal_lld_init\000"
 218      6C6C645F 
 218      696E6974 
 218      00
 219 00c0 00       		.ascii	"\000"
 220 00c1 02       		.ascii	"\002"
 221 00c2 00       		.ascii	"\000"
 222 00c3 00000000 		.ascii	"\000\000\000\000\000\000\000\000"
 222      00000000 
 223 00cb FD000000 		.ascii	"\375\000\000\000"
 224              		.text
 225              		.section	.gnu.lto_.opts,"",%progbits
 226 0000 272D666D 		.ascii	"'-fmath-errno' '-fsigned-zeros' '-ftrapping-math' '"
 226      6174682D 
 226      6572726E 
 226      6F272027 
 226      2D667369 
 227 0033 2D666E6F 		.ascii	"-fno-trapv' '-fno-openmp' '-fno-openacc' '-mcpu=cor"
 227      2D747261 
 227      70762720 
 227      272D666E 
 227      6F2D6F70 
 228 0066 7465782D 		.ascii	"tex-m4' '-mno-thumb-interwork' '-mthumb' '-ggdb' '-"
 228      6D342720 
 228      272D6D6E 
 228      6F2D7468 
 228      756D622D 
 229 0099 4F322720 		.ascii	"O2' '-fomit-frame-pointer' '-falign-functions=16' '"
 229      272D666F 
 229      6D69742D 
 229      6672616D 
 229      652D706F 
 230 00cc 2D666675 		.ascii	"-ffunction-sections' '-fdata-sections' '-fno-common"
 230      6E637469 
 230      6F6E2D73 
 230      65637469 
 230      6F6E7327 
 231 00ff 2720272D 		.ascii	"' '-flto'\000"
 231      666C746F 
 231      2700
 232              		.text
 233              		.comm	__gnu_lto_v1,1,1
 234              		.comm	__gnu_lto_slim,1,1
 235              		.ident	"GCC: (15:5.4.1+svn241155-1) 5.4.1 20160919"
ARM GAS  /tmp/ccvHE8pP.s 			page 15


DEFINED SYMBOLS
                            *ABS*:0000000000000000 hal.c
                            *COM*:0000000000000001 __gnu_lto_v1
                            *COM*:0000000000000001 __gnu_lto_slim

NO UNDEFINED SYMBOLS
