ARM GAS  /tmp/cckBRLDP.s 			page 1


   1              		.syntax unified
   2              		.cpu cortex-m4
   3              		.fpu softvfp
   4              		.eabi_attribute 20, 1
   5              		.eabi_attribute 21, 1
   6              		.eabi_attribute 23, 3
   7              		.eabi_attribute 24, 1
   8              		.eabi_attribute 25, 1
   9              		.eabi_attribute 26, 1
  10              		.eabi_attribute 30, 2
  11              		.eabi_attribute 34, 1
  12              		.eabi_attribute 18, 4
  13              		.thumb
  14              		.syntax unified
  15              		.file	"hal_st_lld.c"
  16              		.text
  17              	.Ltext0:
  18              		.section	.gnu.lto_.profile.a4d8cff02463c01,"",%progbits
  19 0000 789C6361 		.ascii	"x\234ca`d`a`\000\222\345*\000\001|\000\246"
  19      60646061 
  19      600092E5 
  19      2A00017C 
  19      00A6
  20              		.text
  21              		.section	.gnu.lto_.icf.a4d8cff02463c01,"",%progbits
  22 0000 789C6361 		.ascii	"x\234ca`d\000\001\021\006\004`f\2705\373\311\024.\306"
  22      60640001 
  22      11060460 
  22      66B835FB 
  22      C9142EC6 
  23 0014 090FBFBF 		.ascii	"\011\017\277\277\346ejZ\261\355\0307\003\000c,\011("
  23      E6656A5A 
  23      B1ED1837 
  23      0300632C 
  23      0928
  24              		.text
  25              		.section	.gnu.lto_.jmpfuncs.a4d8cff02463c01,"",%progbits
  26 0000 789C6361 		.ascii	"x\234ca`d\000\201Z\006\004`\002\023\214\177\231\030"
  26      60640081 
  26      5A060460 
  26      02138C7F 
  26      9918
  27 0012 9B7FEDFF 		.ascii	"\233\177\355\377\314W\377\267aFC\203@+3C'3P\202q9c="
  27      CC57FFB7 
  27      61464383 
  27      402B3343 
  27      27335082 
  28 002a 03230B54 		.ascii	"\003#\013T)NU+ \252\200f\261\200\324<=9\271\215\347"
  28      294E552B 
  28      20AA8066 
  28      B180D43C 
  28      3D39B98D 
  29 003f 0B532B33 		.ascii	"\013S+3#\243\014\343JF\031\240\012\240h\327\257\353"
  29      23A30CE3 
  29      4A4619A0 
  29      0AA068D7 
  29      AFEB
ARM GAS  /tmp/cckBRLDP.s 			page 2


  30 0051 7D1C1051 		.ascii	"}\034\020Q\016\306U Q\006\000\245r!O"
  30      0EC65520 
  30      510600A5 
  30      72214F
  31              		.text
  32              		.section	.gnu.lto_.inline.a4d8cff02463c01,"",%progbits
  33 0000 789C6361 		.ascii	"x\234ca`d\000\201h\006\004`b`\0209\016\024g\342\273"
  33      60640081 
  33      68060460 
  33      62601039 
  33      0E1467E2 
  34 0015 17C0C0B6 		.ascii	"\027\300\300\266@\236\011$\310\310\005\222\341\0062"
  34      409E0924 
  34      C8C80592 
  34      E10632
  35 0024 204C6C04 		.ascii	" Ll\004D\232\211AD\006H\312<\270\305\010\327\315\314"
  35      449A8941 
  35      440648CA 
  35      3CB8C508 
  35      D7CDCC
  36 0037 03369601 		.ascii	"\0036\226\001\000Z\323\006\206"
  36      005AD306 
  36      86
  37              		.text
  38              		.section	.gnu.lto_.pureconst.a4d8cff02463c01,"",%progbits
  39 0000 789C6361 		.ascii	"x\234ca`d`c```b\330\305\310$\005\000\003\243\000\345"
  39      60646063 
  39      60606062 
  39      D8C5C824 
  39      050003A3 
  40              		.text
  41              		.section	.gnu.lto_VectorB0.a4d8cff02463c01,"",%progbits
  42 0000 789C8D55 		.ascii	"x\234\215UmlSe\024~\317\275\267\337\353V\375%\204\220"
  42      6D6C5365 
  42      147ECFBD 
  42      B7DFEB56 
  42      FD258490 
  43 0014 EEC74230 		.ascii	"\356\307B0f\027\361\203\037&&:\377,\241\301\254\370"
  43      6617F183 
  43      1F26263A 
  43      FF2CA1C1 
  43      ACF8
  44 0026 7B81B2D8 		.ascii	"{\201\262\330\306\225\222v\022\370\325wk\3134\032GL"
  44      C6959276 
  44      12F8D577 
  44      6BCB341A 
  44      474C
  45 0038 D4496435 		.ascii	"\324Id5.\206\011vc\363\263\203mu\003\031\214m0>D'fl"
  45      2E860976 
  45      63F3B383 
  45      6D750319 
  45      8C6D303E 
  46 0050 0E814C53 		.ascii	"\016\201LSdPQ\266\3539o\333Y\332\025\274i\332{\337\347"
  46      645051B6 
  46      EB396FDB 
  46      59DA15BC 
  46      69DA7BDF 
ARM GAS  /tmp/cckBRLDP.s 			page 3


  47 0065 9CF33CE7 		.ascii	"\234\363<\347\274\317}\2530`t\311\006\306\036\307\333"
  47      BCCF7DAB 
  47      306074C9 
  47      06C61EC7 
  47      DB
  48 0076 A7F11E74 		.ascii	"\247\361\036t\014\244\275c\2145\032%I\356]\315\270Y"
  48      0CA4BD63 
  48      8C351A25 
  48      49EE5DCD 
  48      B859
  49 0088 B9A8325E 		.ascii	"\271\2502^\"\203\222^V\000\350\206\033\201\005%Y\201"
  49      2283925E 
  49      5600E886 
  49      1B810525 
  49      5981
  50 009a 20DC9616 		.ascii	" \334\226\026$\030l\276\032\227\326\036\340xM\315\246"
  50      24186CBE 
  50      1A97D61E 
  50      E0784DCD 
  50      A6
  51 00ab 4CBC2301 		.ascii	"L\274#\001\021\2311M\022\024\014\016\300Z\206a\323\335"
  51      1199314D 
  51      12140C0E 
  51      C05A8661 
  51      D3DD
  52 00bd 8BEF59F5 		.ascii	"\213\357Y\365a\012\263\277\231\305\241\003\364\310\017"
  52      610AB3BF 
  52      99C5A103 
  52      F4C80F
  53 00cc B8D05593 		.ascii	"\270\320U\223\340\232\026\342|a\235\266\306\246c\021"
  53      E09A16E2 
  53      7C619DB6 
  53      C6A66311 
  54 00dc 19F4F4C5 		.ascii	"\031\364\364\305X\022#\211\370\246$\321\257|\015\302"
  54      58122389 
  54      F8A624D1 
  54      AF7C0DC2 
  55 00ec 8973E340 		.ascii	"\211s\343@\271T8\036\237\2334\004\027\370\033\234\333"
  55      B954381E 
  55      9F9B3404 
  55      17F81B9C 
  55      DB
  56 00fd 22B2A449 		.ascii	"\"\262\244IT\3603\010\022\366~dp\3340/Ed\254\203\217"
  56      54F03308 
  56      12F67E64 
  56      70DC302F 
  56      4564AC83 
  57 0112 A1BF076E 		.ascii	"\241\277\007n\225bh\253\010\225I\006-\237\334w\350\265"
  57      956268AB 
  57      08954906 
  57      2D9FDC77 
  57      E8B5
  58 0124 28EC6FDC 		.ascii	"(\354o\334+\226\0258\204\255\035\204U\002\323n\364t"
  58      2B961538 
  58      84AD1D84 
  58      5502D36E 
  58      F474
ARM GAS  /tmp/cckBRLDP.s 			page 4


  59 0136 9A30E531 		.ascii	"\2320\3451\252\3619D\323\264\020\203`D\326\261k //C"
  59      AAF13944 
  59      D3B41083 
  59      6044D6B1 
  59      6B202F2F 
  60 014b AFA15806 		.ascii	"\257\241X\006\235(#\202S\276\012\203\275\335\251!\035"
  60      9D282382 
  60      53BE0A83 
  60      BDDDA921 
  60      1D
  61 015c 0587645D 		.ascii	"\005\207d]\2562\243P6\026K%\315\351G\232\220\202K\355"
  61      AE32A350 
  61      36164B25 
  61      CDE9479A 
  61      90824BED 
  62 0170 9D774E18 		.ascii	"\235wN\030Q\026N\323\004\207a\025te$\035\034\235\277"
  62      51164ED3 
  62      04876115 
  62      7465241D 
  62      1C9DBF
  63 0183 6550633C 		.ascii	"ePc<\214\210\031\272Q\323\242\2305\364\200\212L\241"
  63      8C8819BA 
  63      51D3A298 
  63      35F4808A 
  63      4CA1
  64 0195 7B7B4ECB 		.ascii	"{{N\313i\242\014\327q-\225(\243\342\000\022|\201U\256"
  64      69A20CD7 
  64      712D9528 
  64      A3E20012 
  64      7C8155AE 
  65 01a9 407832B4 		.ascii	"@x2\2642\023\203\001]s\361\273\326t\000\203/\211\206"
  65      32138301 
  65      5D73F1BB 
  65      D6740083 
  65      2F8986
  66 01bc D1B865D6 		.ascii	"\321\270e\326\273ZF\351\363\311\324\214\220\236\243"
  66      BB5A46E9 
  66      F3C9D48C 
  66      909EA3
  67 01cb AA91643A 		.ascii	"\252\221d:\331\203\265}\365\237\266\257A\315\355\332"
  67      D983B57D 
  67      F59FB6AF 
  67      41CDEDDA 
  68 01db 8C44DF60 		.ascii	"\214D\337`\31644\331(\357l\370\360G2\001\026\240\336"
  68      CE3434D9 
  68      28EF6CF8 
  68      F0473201 
  68      16A0DE
  69 01ee 6F8EEE9B 		.ascii	"o\216\356\233)\245\307\022\260\343\343\247\247&\006"
  69      29A5C712 
  69      B0E3E3A7 
  69      A72606
  70 01fd 2CF2F362 		.ascii	",\362\363bR\363\255\335\035\246\212v\316\233\370\324"
  70      52F3ADDD 
  70      1DA68A76 
  70      CE9BF8D4 
  71 020d FE3DAF7C 		.ascii	"\376=\257|x\351W\316\337\345Hg\205^\220\321U\020G=\337"
ARM GAS  /tmp/cckBRLDP.s 			page 5


  71      78E957CE 
  71      DFE54867 
  71      855E90D1 
  71      5510473D 
  72 0222 669A8023 		.ascii	"f\232\200#P\201I\315\327y\237B\365\254`\207\243\210"
  72      508149CD 
  72      D7799F42 
  72      F5AC6087 
  72      A388
  73 0234 FD064DD3 		.ascii	"\375\006M\323w\233\177\337p\2771\023#\367\234\302\223"
  73      779B7FDF 
  73      70BF3113 
  73      23F79CC2 
  73      93
  74 0245 1AF69E07 		.ascii	"\032\366\236\007i\037\304\240\025w\276\217P%\337\321"
  74      691FC4A0 
  74      1577BE8F 
  74      5025DFD1 
  75 0255 0CFAD106 		.ascii	"\014\372\321\006\3719}m\303d\226\001J\321\345\203\361"
  75      F9397D6D 
  75      C3649601 
  75      4AD1E583 
  75      F1
  76 0266 B7FF8115 		.ascii	"\267\377\201\025\014\022\004\352\363@~}\024H:\203\357"
  76      0C1204EA 
  76      F3407E7D 
  76      14483A83 
  76      EF
  77 0277 083614D2 		.ascii	"\0106\024\322\015\022\035\014\321\353\003\254\205\336"
  77      0D121D0C 
  77      D1EB03AC 
  77      85DE
  78 0285 C34FA23D 		.ascii	"\303O\242=\177\231\313?\226\242\274\325\036\221K)%6"
  78      7F99CB3F 
  78      96A2BCD5 
  78      1E914B29 
  78      2536
  79 0297 73841B15 		.ascii	"s\204\033\0252\3421(\027\352\222s\347'%\\\201\343\240"
  79      32E23128 
  79      17EA9273 
  79      E727255C 
  79      81E3A0
  80 02aa 884130F8 		.ascii	"\210A0\370^L\274\243\177h\266\244\274=\223]F\261\177"
  80      5E4CBCA3 
  80      7F68B6A4 
  80      BC3D935D 
  80      46B17F
  81 02bd 76F65CB0 		.ascii	"v\366\\\260\210\354\023\224\015\303\240\340~Ib\246\014"
  81      88EC1394 
  81      0DC3A0E0 
  81      7E4962A6 
  81      0C
  82 02ce AD1F9A6A 		.ascii	"\255\037\232jk\231\325Sw\313\372\337(F\002'3\257\000"
  82      6B99D553 
  82      77CBFADF 
  82      28460227 
  82      33AF00
ARM GAS  /tmp/cckBRLDP.s 			page 6


  83 02e1 C52F8E5C 		.ascii	"\305/\216\\^\2217\205\267\026\262\0237\0256yJ49R\204"
  83      5E913785 
  83      B716B213 
  83      37153679 
  83      4A343952 
  84 02f6 C02C7038 		.ascii	"\300,p8\235C\020m\271\363l\376\226.\021X\012\267tXl"
  84      9D43106D 
  84      B9F36CFE 
  84      962E1158 
  84      0AB77458 
  85 030b E928A125 		.ascii	"\351(\241%\205\364c\202~\274\010\275U\340p&C\237u\362"
  85      85F46382 
  85      7EBC08BD 
  85      55E07026 
  85      439F75F2 
  86 031f FDFEF43E 		.ascii	"\375\376\364>\314\237g\205?\227\336\013+n\347Dq\177"
  86      CC9F6785 
  86      3F97DE0B 
  86      2B6EE744 
  86      717F
  87 0331 F6B5FD41 		.ascii	"\366\265\375A\234\343$\270\264\320P\357\300J\006\347"
  87      9CE324B8 
  87      B4D050EF 
  87      C04A06E7 
  88 0341 082CCB37 		.ascii	"\010,\3137\324\3551 .\006\347\213\030\352\202h\366b"
  88      D4ED3120 
  88      2E06E78B 
  88      18EA8268 
  88      F662
  89 0353 8EA116A3 		.ascii	"\216\241\026\243W\372-Y\257L\010\257\374 \274\222o\214"
  89      57FA2D59 
  89      AF4C08AF 
  89      FC20BC92 
  89      6F8C
  90 0365 4B596310 		.ascii	"KYc\020\20189\224\314A\035\232:\246\0259\250Q\205\015"
  90      81383994 
  90      CC411D9A 
  90      3AA61539 
  90      A851850D 
  91 0379 737F5CDA 		.ascii	"s\177\\\332=\245\350\201\376\010\306\375\224>\320\377"
  91      3DA5E881 
  91      FE08C6FD 
  91      943ED0FF 
  92 0389 E7093E59 		.ascii	"\347\011>Y\354\004\377y\351\004\277\374\360\023\374"
  92      EC04FF79 
  92      E904BFFC 
  92      F013FC
  93 0398 51E4FD25 		.ascii	"Q\344\375%\243\357\0064%\264M\"\224\256$\376\313`\213"
  93      A3EF0634 
  93      25B44D22 
  93      94AE24FE 
  93      CB608B
  94 03ab 3883E72A 		.ascii	"8\203\347*+\325\364\247\312\355\331\352\331\344T}\001"
  94      2BD5F4A7 
  94      CAEDD9EA 
  94      D9E4547D 
  94      01
ARM GAS  /tmp/cckBRLDP.s 			page 7


  95 03bc D5BDA55E 		.ascii	"\325\275\245^\335\341\3637\004T\347f\307S\353\325\215"
  95      DDE1F337 
  95      0454E766 
  95      C753EBD5 
  95      8D
  96 03cd 1B5F5237 		.ascii	"\033_R7W;v>IHm\240\241\266\276~[\245\213\031\266n\011"
  96      573B763E 
  96      49486DA0 
  96      A1B6BE7E 
  96      5BA58B19 
  97 03e4 D4BDECF7 		.ascii	"\324\275\354\367<\263\\\015\227\317\353\365m\317\224"
  97      3CB35C0D 
  97      97CFEBF5 
  97      6DCF94
  98 03f3 79A1C651 		.ascii	"y\241\306Q\345\330\245\272\334.\237\277\256v\347\006"
  98      E5D8A5BA 
  98      DC2E9FBF 
  98      AE76E706 
  99 0403 6FA59BBD 		.ascii	"o\245\233\275\370\200\254\272]\015\224\243V9\234\325"
  99      F880ACBA 
  99      5D0D94A3 
  99      56399CD5 
 100 0413 4EB50A93 		.ascii	"N\265\012\223\324\352\355\256\372\327\267\325\251.o"
 100      D4EAEDAE 
 100      FAD7B7D5 
 100      A92E6F
 101 0422 C013A87D 		.ascii	"\300\023\250}\325\345\302\022k\212\211\367\005\360\313"
 101      D5E5C212 
 101      6B8A89F7 
 101      05F0CB
 102 0431 DF207E8B 		.ascii	"\337 ~\213\305!\354\311\326t\007v\0070\316\346p\326"
 102      C521ECC9 
 102      D6740776 
 102      0730CEE6 
 102      70D6
 103 0443 D8A9A91D 		.ascii	"\330\251\251\035~\317\023\366\212uL\3623\203\267\316"
 103      7ECF13F6 
 103      8A754CF2 
 103      3383B7CE 
 104 0453 EBF3EF66 		.ascii	"\353\363\357f\377\002\010\340\325O"
 104      FF0208E0 
 104      D54F
 105              		.text
 106              		.section	.gnu.lto_st_lld_init.a4d8cff02463c01,"",%progbits
 107 0000 789C9D94 		.ascii	"x\234\235\224KL\023A\030\307\347\277\273\335.\025_g"
 107      4B4C1341 
 107      18C7E7BF 
 107      BBDD2E15 
 107      5F67
 108 0012 7BF08A07 		.ascii	"{\360\212\007V\320\2331\036\364b\0021\021.\236\210\217"
 108      56D09B31 
 108      1EF46202 
 108      31112E9E 
 108      888F
 109 0024 03242418 		.ascii	"\003$$\030!&\236:\330.\020\017\212!\366F8\230\010\242"
 109      21269E3A 
 109      D82E100F 
ARM GAS  /tmp/cckBRLDP.s 			page 8


 109      8A21F646 
 109      389808A2 
 110 0038 3C8A8014 		.ascii	"<\212\200\024QK\005\021\205\202\321\200\211\362\210"
 110      514B0511 
 110      8582D180 
 110      89F288
 111 0047 090D8287 		.ascii	"\011\015\202\207\005\352#\032\250\363\315\226\202\361"
 111      05EA231A 
 111      A8F3CD96 
 111      82F1
 112 0055 229DB4B3 		.ascii	"\"\235\264\263\235G\177\277\357\233\307j\014\214\312"
 112      9D477FBF 
 112      EF9BC76A 
 112      0C8CCA
 113 0064 351763C7 		.ascii	"5\027c\307\305\363\200\370BeP\352c\214U\033\012@?\270"
 113      C5F380F8 
 113      426550EA 
 113      638C551B 
 113      0A403FB8 
 114 0078 01E653E0 		.ascii	"\001\346S\340\3037e]A\2646\036Vr\232\271(\363\013\367"
 114      C337655D 
 114      41B4361E 
 114      56729AB9 
 114      28F30BF7 
 115 008c F2794B04 		.ascii	"\362yK\004\226\312XR\221$\206f\34401\355sh\343\316n"
 115      96CA5852 
 115      91248666 
 115      E43031ED 
 115      7368E3CE 
 116 00a1 3D40D30E 		.ascii	"=@\323\016:\203h\201N\272\216\263\021\236L\3729_9\274"
 116      3A836881 
 116      4EBA8EB3 
 116      119E4CFA 
 116      395F39BC 
 117 00b5 98B35F61 		.ascii	"\230\263_a\226*\224\242rQ\245S\305\230-\376@\352\025"
 117      962A94A2 
 117      7251A553 
 117      C5982DFE 
 117      40EA15
 118 00c8 45A1A71A 		.ascii	"E\241\247\032G\264\177\345\375QB\370U\212\"hE'\334\011"
 118      47B47FE5 
 118      FD5142F8 
 118      558A2268 
 118      4527DC09 
 119 00dc C5521590 		.ascii	"\305R\025\220-\3208\034\317r\232\334\256\343\232\350"
 119      2DD0381C 
 119      CF729ADC 
 119      AEE39AE8 
 120 00ec 5A9EFB1D 		.ascii	"Z\236\373\035v5\241QD\247\242\025^\334\207\227\321\334"
 120      7635A151 
 120      44A7A215 
 120      5EDC8797 
 120      D1DC
 121 00fe D5E0E47C 		.ascii	"\325\340\344|\266\331\306\003\325|\237\245jx\200&l\310"
 121      B6D9C603 
 121      D57C9FA5 
 121      6A788026 
ARM GAS  /tmp/cckBRLDP.s 			page 9


 121      6CC8
 122 0110 E8F11026 		.ascii	"\350\361\020&\213\303\377SwD\252\343\352\036\032\251"
 122      8BC3FF53 
 122      7744AAE3 
 122      EA1E1AA9 
 123 0120 31080E51 		.ascii	"1\010\016Q\332\004ED\023\004M\331\211\246}K\323\001"
 123      DA044544 
 123      13044DD9 
 123      89A67D4B 
 123      D301
 124 0132 53C009D3 		.ascii	"S\300\011\323\177{Js\\\256\355I\271dR7\374\203]\206"
 124      7F7B4A73 
 124      5CAEED49 
 124      B9645237 
 124      FC835D86 
 125 0146 D3E4917A 		.ascii	"\323\344\221z\276GtM\316\366My\034\233\216\220\260u"
 125      BE47744D 
 125      CEF64D79 
 125      1C9B8E90 
 125      B075
 126 0158 A66CBD6B 		.ascii	"\246l\275k\253\267\266\333\272\244\215\226\033\217\376"
 126      ABB7B6DB 
 126      BAA48D96 
 126      1B8FFE
 127 0167 4E8A5CFF 		.ascii	"N\212\\\377d\361\337\334\356-n\017e\241\023&aO\007\334"
 127      64F1DFDC 
 127      EE2D6E0F 
 127      65A11326 
 127      614F07DC 
 128 017b 29523A07 		.ascii	")R:\007\267\314!\326\366\303\3668M:\012\2641w\333\277"
 128      B7CC21D6 
 128      F6C3F638 
 128      4D3A0AB4 
 128      3177DBBF 
 129 018f 8F18C255 		.ascii	"\217\030\302UM\035'\304~\033x,\214\275)c\353xb\315M"
 129      4D1D27C4 
 129      7E1B782C 
 129      8CBD2963 
 129      EB7862CD 
 130 01a4 4690AF4F 		.ascii	"F\220\257O\372\344\361\011\303\024\303K\261/\215rQ4"
 130      FAE4F109 
 130      C314C34B 
 130      B12F8D72 
 130      5134
 131 01b6 4C0C32F4 		.ascii	"L\0142\364;\211$:?\245#\330\021\377\211\344\253\304"
 131      3B89243A 
 131      3FA523D8 
 131      11FF89E4 
 131      ABC4
 132 01c8 1F90FCE5 		.ascii	"\037\220\374\345\201\316\017.\207\237\024e/\236\246"
 132      81CE0F2E 
 132      879F1465 
 132      2F9EA6
 133 01d7 0C768686 		.ascii	"\014v\206\206g\322\240\221\341\2714\244WH\003Cd3\376"
 133      67D2A091 
 133      E1B934A4 
 133      57480343 
ARM GAS  /tmp/cckBRLDP.s 			page 10


 133      6433FE
 134 01ea 994CE859 		.ascii	"\231L\350Y\030\224tq}i(\031\014\315\350y\035\264Y\374"
 134      18947471 
 134      7D692819 
 134      0CCDE879 
 134      1DB459FC 
 135 01fe 1CF1A330 		.ascii	"\034\361\2430q\310+\317\334\013\344\245evF2\015CR\246"
 135      71C82BCF 
 135      DC0BE4A5 
 135      65764632 
 135      0D4352A6 
 136 0212 136E5890 		.ascii	"\023nX\220\323\261\317f\206{)qn\302\215l\303\331\031"
 136      D3B1CF66 
 136      867B2971 
 136      6EC28D6C 
 136      C3D919
 137 0225 E25E499C 		.ascii	"\342^I\234A\270Q\271\320=\265c!\217\263\320\300\353"
 137      41B851B9 
 137      D03DB563 
 137      218FB3D0 
 137      C0EB
 138 0237 CD60E732 		.ascii	"\315`\3472\243\277\221\364,\242\217\211`\011\267\010"
 138      A3BF91F4 
 138      2CA28F89 
 138      6009B708 
 139 0247 2BD2F04E 		.ascii	"+\322\360N^!\232\037\016\177\375\350\366\255\363:NW"
 139      5E219A1F 
 139      0E7FFDE8 
 139      F6ADF33A 
 139      4E57
 140 0259 C593A45B 		.ascii	"\305\223\244[\202q\370hla\264\241&\233B\331%\0041x\351"
 140      8271F868 
 140      6C61B4A1 
 140      269B42D9 
 140      25043178 
 141 026e 76FF9ABE 		.ascii	"v\377\232\276i8]\006&\340\265\324l\266\204\353\221\267"
 141      69385D06 
 141      26E0B5D4 
 141      6CB684EB 
 141      91B7
 142 0280 451248C5 		.ascii	"E\022H\305\026\010\361\366\023\247\377Xn\256\351|N\226"
 142      1608F1F6 
 142      13A7FF58 
 142      6EAEE97C 
 142      4E96
 143 0292 965D283B 		.ascii	"\226](;SdVT\232\245\347\313\315\313\025W\252*\315\242"
 143      53645654 
 143      9AA5E7CB 
 143      CDCB1557 
 143      AA2ACDA2 
 144 02a6 E2C223F9 		.ascii	"\342\302#\371fA\301)\263\370t\341\325<\032)\251\254"
 144      6641C129 
 144      B3F874E1 
 144      D53C1A29 
 144      A9AC
 145 02b8 2A292FBF 		.ascii	"*)/\277\224{\221\375\001\3714\357\226"
 145      947B91FD 
ARM GAS  /tmp/cckBRLDP.s 			page 11


 145      01F934EF 
 145      96
 146              		.text
 147              		.section	.gnu.lto_.symbol_nodes.a4d8cff02463c01,"",%progbits
 148 0000 789C55C9 		.ascii	"x\234U\311\271\015\302P\020E\321\367\337x'A4`\250t~"
 148      B90DC250 
 148      1045D1F7 
 148      DF782741 
 148      3460A874 
 149 0015 60098988 		.ascii	"`\011\211\210\"\\\002\253\315\222X&\243\006\002\207"
 149      225C02AB 
 149      CD925826 
 149      A3060287 
 150 0025 AE0161FF 		.ascii	"\256\001a\377\210\211\256tn\004\207\245\003\300\003"
 150      8889AE74 
 150      6E0487A5 
 150      03C003
 151 0034 15D8BF81 		.ascii	"\025\330\277\201)\215\337\000\361\231\360+@x\244:\263"
 151      298DDF00 
 151      F199F02B 
 151      4078A43A 
 151      B3
 152 0045 5C4B6510 		.ascii	"\\Ke\020\300\373\365\004\015U\014\\\251\221\201\007"
 152      C0FBF504 
 152      0D550C5C 
 152      A9918107 
 153 0055 353670A7 		.ascii	"56p\247&\006n\324\324\300\205\232\0318Qs\003Oj\361\017"
 153      26066ED4 
 153      D4C0859A 
 153      19385173 
 153      034F6AF1 
 154 006a 8202F5E7 		.ascii	"\202\002\365\347\353\0049\272\320\014]\337'\202\024"
 154      EB0439BA 
 154      D00C5DDF 
 154      278214
 155 0079 436882EA 		.ascii	"Ch\202\35257F\265\033KA\204:T\320\315\345\002\303v,"
 155      353746B5 
 155      1B4B4184 
 155      3A54D0CD 
 155      E502C376 
 156 008e F103111F 		.ascii	"\361\003\021\037A\230"
 156      4198
 157              		.text
 158              		.section	.gnu.lto_.refs.a4d8cff02463c01,"",%progbits
 159 0000 789C6361 		.ascii	"x\234ca`d\340d```b`bddb\024d\000\000\0011\000)"
 159      6064E064 
 159      60606062 
 159      60626464 
 159      62146400 
 160              		.text
 161              		.section	.gnu.lto_.decls.a4d8cff02463c01,"",%progbits
 162 0000 789CCD59 		.ascii	"x\234\315Y}LT\311\226\357\272\325|#\032t\337\232\267"
 162      7D4C54C9 
 162      96EFBAD5 
 162      7C231A74 
 162      DF9AB7
 163 0013 6ED69975 		.ascii	"n\326\231u\"\373\307\263E\307\235\315\276lVmQHd\306"
ARM GAS  /tmp/cckBRLDP.s 			page 12


 163      22FBC7B3 
 163      45C79DCD 
 163      BE6C566D 
 163      514864C6 
 164 0027 34CEE4E5 		.ascii	"4\316\344\345e7\035\304Vy\2130\013\215\317I6\331\026"
 164      65371DC4 
 164      56798B30 
 164      0B8DCF49 
 164      36D916
 165 003a 50014511 		.ascii	"P\001E\021\020\025\020\221\017Q@E\374@A\260\005\004"
 165      10151091 
 165      0F514045 
 165      FC4041B0 
 165      0504
 166 004c E4C34140 		.ascii	"\344\303A@\004\371\006\025\035?@\220\017\025uOU\335"
 166      04F90615 
 166      1D3F4090 
 166      0F15754F 
 166      55DD
 167 005e DBB7FAD2 		.ascii	"\333\267\372\322:o\377\330d;\036\356=U\277\363\253S"
 167      3A6FFFD8 
 167      643B1EEE 
 167      3D55BFF3 
 167      AB53
 168 0070 75CEBD75 		.ascii	"u\316\275u\352\252V!\025\371\265\377\235Ju\336N\245"
 168      EAAA5621 
 168      15F9B5FF 
 168      9D4A75DE 
 168      4EA5
 169 0082 4A02F523 		.ascii	"J\002\365#\3740\264\375\000\"\200\\\006)W\261\237\013"
 169      FC30B4FD 
 169      0022805C 
 169      062957B1 
 169      9F0B
 170 0094 48054815 		.ascii	"H\005H\025H5H=H#\310\317 wAZ@\356\201\334\007\351\002"
 170      4835483D 
 170      4823C8CF 
 170      2077415A 
 170      40EE81DC 
 171 00ab 21EC7D2A 		.ascii	"!\354}*\353\037\261\237#\362/\006\351\027\307\270\004"
 171      EB1FB19F 
 171      23F22F06 
 171      E917C7B8 
 171      04
 172 00bc 52073200 		.ascii	"R\0072\000r\023\344+0\376{\220!\270w\007\231'\372\341"
 172      7213E42B 
 172      30FE7B90 
 172      21B87707 
 172      9927FAE1 
 173 00d0 016DBF43 		.ascii	"\001m\277C\214\373o\340\317\\\221\363\2768\266\006\332"
 173      8CFB6FE0 
 173      CF5C91F3 
 173      BE38B606 
 173      DA
 174 00e1 3C419683 		.ascii	"<A\226\203\254\000\371=b~\375\013b>\376+\\W!\346\263"
 174      AC00F93D 
 174      627EFD0B 
ARM GAS  /tmp/cckBRLDP.s 			page 13


 174      623EFE2B 
 174      5C5721E6 
 175 00f6 16AE5E88 		.ascii	"\026\256^\210\315\241^\234\223-\237\311|gq>\037\000"
 175      CDA15E9C 
 175      932D9FC9 
 175      7C67713E 
 175      1F00
 176 0108 509CE85B 		.ascii	"P\234\350[*\\S\220\354\3578\264\245!\346k'\2103H8\350"
 176      2A5C5390 
 176      ECEF38B4 
 176      A521E66B 
 176      27883348 
 177 011e 89207F0D 		.ascii	"\211 \177\015\362\267 \363A~\013\342\016\362\005\310"
 177      F2B720F3 
 177      417E0BE2 
 177      0EF205C8 
 178 012e 4290BF42 		.ascii	"B\220\277Bl\275\253\304\265S\376\336\013\350nTa\032"
 178      6CBDABC4 
 178      B553FEDE 
 178      0BE86E54 
 178      611A
 179 0140 7E2D2077 		.ascii	"~- wg\244\006\365Uc\312\240\033\250\363\234\321BPSJ"
 179      67A406F5 
 179      5563CAA0 
 179      1BA8F39C 
 179      D1425053 
 180 0155 5FD7D9B1 		.ascii	"_\327\331\261^GPo\217v\334\231\345\034m\202_|\244\311"
 180      5E47506F 
 180      8F76DC99 
 180      E51C6D82 
 180      5F7CA4C9 
 181 0169 BDD68D74 		.ascii	"\275\326\215t\234F\013P.Z\000\263\314C\340\030\322,"
 181      9C460B50 
 181      2E5A00B3 
 181      CC43E018 
 181      D22C
 182 017b 40674005 		.ascii	"@g@\005x\376\225\234\022\304\254\235@\335w\353r5f\334"
 182      78FE959C 
 182      12C4AC9D 
 182      40DD77EB 
 182      723566DC 
 183 018f B5A4FBDE 		.ascii	"\265\244\373\336T\331[W, \270W_\214\350=\351\206<\026"
 183      54D95B57 
 183      2C20B857 
 183      5F8CE83D 
 183      E9863C16 
 184 01a3 202043CE 		.ascii	"  C\316\247\350\010&\223\240B\027\2203:\213\260\344"
 184      A7E80826 
 184      93A04217 
 184      90333A8B 
 184      B0E4
 185 01b5 718A0946 		.ascii	"q\212\011F\037\371o\322\014\367\216\364\012-\021\246"
 185      1FF96FD2 
 185      0CF78EF4 
 185      0A2D11A6 
 186 01c5 914C93FD 		.ascii	"\221L\223\375|\025Z\276\000-]\240B\347\220\007\355R"
 186      7C155ABE 
ARM GAS  /tmp/cckBRLDP.s 			page 14


 186      002D5DA0 
 186      42E79007 
 186      ED52
 187 01d7 A142203C 		.ascii	"\241B </\272SP\327\347\340\036/r\257D\224\273\000\372"
 187      2FBA5350 
 187      D7E7E01E 
 187      2F72AF44 
 187      94BB00FA 
 188 01eb F3A9F745 		.ascii	"\363\251\367E\310]\232\003A?\250i\210\262w\026\271\343"
 188      C85D9A03 
 188      413FA869 
 188      88B27716 
 188      B9E3
 189 01fd 7F8DFB71 		.ascii	"\177\215\373q}~\213\033\317}\361s\334\231\315\017\366"
 189      7D7E8B1B 
 189      CF7DF173 
 189      DC99CD0F 
 189      F6
 190 020e 60D758C2 		.ascii	"`\327X\302-\256\343%\344\316-\344e\344J&K\256\200\356"
 190      2DAEE325 
 190      E4CE2DE4 
 190      65E44A26 
 190      4BAE80EE 
 191 0222 AE3D934F 		.ascii	"\256=\223O\326m\2613\"\017\322lh:\377\374\332\233Y\254"
 191      D66DB133 
 191      220FD26C 
 191      683AFFFC 
 191      DA9B59AC 
 192 0236 89F0F5BE 		.ascii	"\211\360\365\2769\275vI\201\264h\016rt\233\017\216f"
 192      39BD7649 
 192      81B4680E 
 192      72749B0F 
 192      8E66
 193 0248 3BE03904 		.ascii	";\3409\004$T\307],rA\036lq\373&\263]\257\231LsP)\370"
 193      2454C75D 
 193      2C72411E 
 193      6C71FB26 
 193      B35DAF99 
 194 0261 790D6174 		.ascii	"y\015at\025-!#.&\036F\313\216\251,^\241\022\2307\214"
 194      152D2123 
 194      2E261E46 
 194      CB8EA92C 
 194      5EA11298 
 195 0277 4780A818 		.ascii	"G\200\250\030\032\257\260\231\237\311>\224i\217}\350"
 195      1AAFB099 
 195      9FC93E94 
 195      698F7DE8 
 196 0287 10C72EE5 		.ascii	"\020\307.\345M:[\206\270\267\347\353\0022D9\014q]\036"
 196      4D3A5B86 
 196      B8B7E7EB 
 196      02324439 
 196      0C715D1E 
 197 029b A2147D7A 		.ascii	"\242\024}z\2142\033c\020{\030\247\254\345\335\035u'"
 197      8C321B63 
 197      107B18A7 
 197      ACE5DD1D 
 197      7527
ARM GAS  /tmp/cckBRLDP.s 			page 15


 198 02ad EA4090D0 		.ascii	"\352@\220\320h\016\235 B\354/\242\242bBU\270\021T\342"
 198      680E9D20 
 198      42EC2FA2 
 198      A2624255 
 198      B81154E2 
 199 02c1 032D3521 		.ascii	"\003-5!\011(\352\202t\253\262\220\321\177\242=}i\321"
 199      0928EA82 
 199      74ABB290 
 199      D17FA23D 
 199      7D69D1
 200 02d4 1F2591D9 		.ascii	"\037%\221\331\221h\304t\321X\205D]\220\007@L\225\014"
 200      9168C474 
 200      D1588544 
 200      5D900740 
 200      4C950C
 201 02e7 383EE6AE 		.ascii	"8>\346\256H'\373l\231\023\222\342\367b\370y\256\033"
 201      4827FB6C 
 201      991392E2 
 201      F762F879 
 201      AE1B
 202 02f9 0EA7417E 		.ascii	"\016\247A~\177;5E\230\237,>|\013\325\350\207\337p)s"
 202      7F3B3545 
 202      989F2C3E 
 202      7C0BD5E8 
 202      87DF7029 
 203 030e 13CD87BF 		.ascii	"\023\315\207\277\233\324\314\356\\\311\236\330\331_"
 203      9BD4CCEE 
 203      5CC99ED8 
 203      D95F
 204 031c 6698320A 		.ascii	"f\2302\012M}\357kB\022\213L\246\030\260S\023\0302\313"
 204      4D7DEF6B 
 204      42128B4C 
 204      A618B053 
 204      131832CB 
 205 0330 B130D327 		.ascii	"\2610\323'\013\335@\235\340@\005\372\222\274\001\366"
 205      0BDD409D 
 205      E04005FA 
 205      92BC01F6 
 206 0340 0F67CCC6 		.ascii	"\017g\314\306%\210\216\271\277\346r\"b<\346\342\004"
 206      25888EB9 
 206      BFE67222 
 206      623CE6E2 
 206      04
 207 0351 7CCC648E 		.ascii	"|\314d\216\002\032\201\322T\3124\225<M\025\245\351\035"
 207      021A81D2 
 207      54CA3495 
 207      3C4D15A5 
 207      E91D
 208 0363 19AB71C1 		.ascii	"\031\253q\301\325\214&\357E\3168\241\351\203\254\030"
 208      D58C26EF 
 208      45CE38A1 
 208      E983AC18 
 209 0373 3BB07D6F 		.ascii	";\260}o\326\036s<\242>\243[2\313-\3611G\325\224\241"
 209      D61E733C 
 209      A23EA35B 
 209      32CB2DF1 
 209      3147D594 
ARM GAS  /tmp/cckBRLDP.s 			page 16


 210 0388 3273DF43 		.ascii	"2s\337C\204\017\322\367\003z\226\377\270\315\315\352"
 210      840FD2F7 
 210      037A96FF 
 210      B8CDCDEA 
 211 0398 89210F98 		.ascii	"\211!\017\230<\375Z\366\304\220wTe}\004V\013\254\215"
 211      3CFD5AF6 
 211      C4907754 
 211      657D0456 
 211      0BAC8D
 212 03ab 2C08B4ED 		.ascii	",\010\264\355);\336\243\376\344\322\325\321\245\273"
 212      293BDEA3 
 212      FEE4D2D5 
 212      D1A5BB
 213 03ba 8DC4B58B 		.ascii	"\215\304\265\213\3132\177\260\027\235\215o1&Ffx\023"
 213      CB327FB0 
 213      179D8D6F 
 213      31264666 
 213      7813
 214 03cc 08AA913D 		.ascii	"\010\252\221=\255\221<\255\247\236\266\035|\361\312"
 214      AD913CAD 
 214      A79EB61D 
 214      7CF1CA
 215 03db 0ED7314F 		.ascii	"\016\3271O\337\037\231\312\307\242\371\207\266\177O"
 215      DF1F99CA 
 215      C7A2F987 
 215      B67F4F
 216 03ea 20E664A2 		.ascii	" \346d\242\015\262y\203d\336H\315\373\307#;\034p\014"
 216      0DB27983 
 216      64DE48CD 
 216      FBC7233B 
 216      1C700C
 217 03fd A6E6078A 		.ascii	"\246\346\007\212\247?\212\243\233G\353\\a\235\250\365"
 217      A73F8AA3 
 217      9B47EB5C 
 217      619DA8F5 
 218 040d 1DD9FA8E 		.ascii	"\035\331\372\216d\3753\265\216)\256\214\3038\233Y\233"
 218      64FD33B5 
 218      8E29AE8C 
 218      C3389B59 
 218      9B
 219 041e CA3A8BD5 		.ascii	"\312:\213\325\342\340=\251;\222\244\301\233d\363&\311"
 219      E2E03DA9 
 219      3B92A4C1 
 219      9B64F326 
 219      C9
 220 042f FC2E35EF 		.ascii	"\374.5\357\276\230\376\306\036\3672\363\274\304\334"
 220      BE98FEC6 
 220      1EF732F3 
 220      BCC4DC
 221 043e 5827C9F7 		.ascii	"X'\311\367\344\177\263\370\336,\2337K\346-\324<\253"
 221      E47FB3F8 
 221      DE2C9B37 
 221      4BE62DD4 
 221      3CAB
 222 0450 7262DC15 		.ascii	"rb\334\025O1\363\202\306\336\002G\321\367\327\262\357"
 222      4F31F382 
 222      C6DE0247 
ARM GAS  /tmp/cckBRLDP.s 			page 17


 222      D1F7D7B2 
 222      EF
 223 0461 ADB275AB 		.ascii	"\255\262u\253d}\217Z?*\354\272%\34085\265.OOM\024\244"
 223      647D8F5A 
 223      3F2AECBA 
 223      25E03835 
 223      B52E4F4F 
 224 0478 754F94D7 		.ascii	"uO\224\327\275M6o\223\314\357S\363\324\326\201,\001"
 224      BD4D366F 
 224      93CCEF53 
 224      F3D4D681 
 224      2C01
 225 048a A733F3BD 		.ascii	"\2473\363\275\317\263\333\004\032w\362\276aq\177\330"
 225      CFB3DB04 
 225      1A77F2BE 
 225      61717FD8 
 226 049a 75B363B6 		.ascii	"u\263c\266\245\255\003\321\306#\311\207\307\035>\231"
 226      A5AD03D1 
 226      C623C987 
 226      C71D3E99 
 227 04aa 0C9D3419 		.ascii	"\014\2354\031\036H\3110\032\023]'\255H\371\340\217\307"
 227      1E48C930 
 227      1A135D27 
 227      AD48F9E0 
 227      8FC7
 228 04bc 8A4C514E 		.ascii	"\212LQN\004\203\332e\257\332%\257\272\250W\243\017Z"
 228      0483DA65 
 228      AFDA25AF 
 228      BAA857A3 
 228      0F5A
 229 04ce FB5DBF18 		.ascii	"\373]\277\030T\237\200\355\011^\353\204\245\273\375"
 229      549F80ED 
 229      095EEB84 
 229      A5BBFD
 230 04dd D0B5D9F8 		.ascii	"\320\265\331\370\005s\364d\343X\2623~\307\224\314WO"
 230      0573F464 
 230      E358B233 
 230      7EC794CC 
 230      574F
 231 04ef 4BF05759 		.ascii	"K\360WY\246\246\014\362\240\032/F\230M1+\351n\320\013"
 231      A6A60CF2 
 231      A01A2F46 
 231      984D312B 
 231      E96ED00B 
 232 0503 03C013C9 		.ascii	"\003\300\023\311m\"=\320\322\215\276P\241>\364\025\331"
 232      6D223DD0 
 232      D28DBE50 
 232      A13EF415 
 232      D9
 233 0514 A04AAFF6 		.ascii	"\240J\257\366\317\266z$\310j\3113\351\0277\221~\272"
 233      CFB67A24 
 233      C86AC933 
 233      E9173791 
 233      7EBA
 234 0526 89BC7B74 		.ascii	"\211\274{t~\310\325\012}\323\012= \242\007(\272\270"
 234      7EC8D50A 
 234      7DD30A3D 
ARM GAS  /tmp/cckBRLDP.s 			page 18


 234      20A20728 
 234      BAB8
 235 0538 FFF00D27 		.ascii	"\377\360\015'\266s\267\0237\213_\346\027\317b[\267\231"
 235      B673B713 
 235      378B5FE6 
 235      17CF625B 
 235      B799
 236 054a E82D8F4F 		.ascii	"\350-\217OF\271\262\376&\242W\266\325\214\250q\224\035"
 236      46B9B2FE 
 236      26A257B6 
 236      D58CA871 
 236      941D
 237 055c 9D53536E 		.ascii	"\235SSnt\023&;g\344_\366\202\007\223\206\206w\215v8"
 237      7413263B 
 237      67E45FF6 
 237      82079386 
 237      86778D76 
 238 0571 96D94B75 		.ascii	"\226\331Ku\202\273X'$\225T\226\272\3408\3269\030;Pi"
 238      82BB5827 
 238      24955496 
 238      BAE038D6 
 238      39183B50 
 239 0586 8F139822 		.ascii	"\217\023\230\"\271\345.\272u\242s\274\016\341d\326Y"
 239      B9E52EBA 
 239      75A273BC 
 239      0EE164D6 
 239      59
 240 0597 5A7CBD5A 		.ascii	"Z|\275Z\254]\226\222\255p\244\341\270\013S\347\200z"
 240      AC5D9692 
 240      AD70A4E1 
 240      B80B53E7 
 240      807A
 241 05a9 E5F1ED6A 		.ascii	"\345\361\355jg6#\023\"\333Ks\327J\234\312,+F\013s\305"
 241      67362313 
 241      22DB4B73 
 241      D74A9CCA 
 241      2C2B460B 
 242 05bf D9615087 		.ascii	"\331aP\207'3c\034?]\365\214IU\317(\233\313\336\343\275"
 242      2733631C 
 242      3F5DF58C 
 242      4955CF28 
 242      9BCBDEE3 
 243 05d4 17EDE452 		.ascii	"\027\355\344R\300Hso\004\340\303\024\376\232\226\002"
 243      C048736F 
 243      04E0C314 
 243      FE9A9602 
 244 05e4 635229D0 		.ascii	"cR)\3203\235v\013\363\350\241\317\241\317e\345\034q"
 244      339D760B 
 244      F3E8A1CF 
 244      A1CF65E5 
 244      1C71
 245 05f6 C627989B 		.ascii	"\306'\230\233\251c\335O\305 y\200zj\2424\322\021g\261"
 245      A963DD4F 
 245      C5207980 
 245      7A6AA234 
 245      D21167B1 
 246 060a BEC4F2E3 		.ascii	"\276\304\362\343\215\0168\227)RQ\347\316\212\272\210"
ARM GAS  /tmp/cckBRLDP.s 			page 19


 246      8D0E3897 
 246      295251E7 
 246      CE8ABA88 
 247 061a FBAB713E 		.ascii	"\373\253q>\353\271q(\241\033\341\363Ly\031\365\250O"
 247      EBB97128 
 247      A11BE1F3 
 247      4C7919F5 
 247      A84F
 248 062c 5CA1F9A0 		.ascii	"\\\241\371\240\036\256\177\266\030_b]\037j+\027\343"
 248      1EAE7FB6 
 248      185F625D 
 248      1F6A2B17 
 248      E3
 249 063d 12765F7D 		.ascii	"\022v_}\345t.\302f\246\214\246T?s\306UL\311hN\273\352"
 249      E5742EC2 
 249      66A68CA6 
 249      543F73C6 
 249      554CC968 
 250 0654 886B9872 		.ascii	"\210k\230rj*\371\224+n`J\353\265{\321.\370.S\242/\\"
 250      6A2AF994 
 250      2B6E604A 
 250      EBB57BD1 
 250      2EF82E53 
 251 066b 38EA82EF 		.ascii	"8\352\202\3571%\242\264\343\320l6h\037}ds\036f8\211"
 251      3125A2B4 
 251      E3D06C36 
 251      681F7D64 
 251      731E6638 
 252 0680 71B1073D 		.ascii	"q\261\007=\266\271a\022\341\016\006\276|\274-\335\345"
 252      B6B96112 
 252      E10E06BE 
 252      7CBC2DDD 
 252      E5
 253 0691 D3918811 		.ascii	"\323\221\210\021\304H,\245\201H\355\370P8[\\Z\263\024"
 253      C4482CA5 
 253      8148EDF8 
 253      50385B5C 
 253      5AB314
 254 06a4 88878895 		.ascii	"\210\207\210\225\247*\024+\270K6\004]\224\230S\355\310"
 254      A72A142B 
 254      B84B3604 
 254      5D949853 
 254      EDC8
 255 06b6 A3873E83 		.ascii	"\243\207>\203\376Mm\357\303sNh\221\342\347\261h\321"
 255      FE4D6DEF 
 255      C3734E68 
 255      91E2E7B1 
 255      68D1
 256 06c8 DC458B32 		.ascii	"\334E\2132MQ\221\3604\277\\\031\223ug\277)\243\002Q"
 256      4D5191F0 
 256      34BF5C19 
 256      937567BF 
 256      29A30251 
 257 06dc AAC7F0F4 		.ascii	"\252\307\360\364\236\020\346\312\217\302#\312{\232\374"
 257      9E10E6CA 
 257      8FC223CA 
 257      7B9AFC
ARM GAS  /tmp/cckBRLDP.s 			page 20


 258 06eb 555113F3 		.ascii	"UQ\023\363\333^WS\274?E\177P\242\337\317@\217\310\350"
 258      DB5E5753 
 258      BC3F457F 
 258      50A2DFCF 
 258      408FC8E8 
 259 06ff 48418166 		.ascii	"HA\201f>{\312\340i\031<\255\244~\253\004\037\335D6z"
 259      3E7BCAE0 
 259      69193CAD 
 259      A47EAB04 
 259      1FDD4436 
 260 0714 4CD12F94 		.ascii	"L\321/\224\350\3473\034I\342\340\023J\370K%\371\250"
 260      E8E7331C 
 260      49E2E013 
 260      4AF84B25 
 260      F9A8
 261 0726 EC49846D 		.ascii	"\354I\204m\267y\3564\216\373\027%\367Sk\370.\223\271"
 261      B779EE34 
 261      8EFB1725 
 261      F7536BF8 
 261      2E93B9
 262 0739 68D32E0A 		.ascii	"h\323.\012\337'\270\243h\221]\212!\032T\272\322%\273"
 262      DF27B8A3 
 262      68915D8A 
 262      211A54BA 
 262      D225BB
 263 074c B25BE98A 		.ascii	"\262[\351\212F\201M\341\034yf\333\021\016\035\317\241"
 263      46814DE1 
 263      1C7966DB 
 263      110E1DCF 
 263      A1
 264 075d DF28D193 		.ascii	"\337(\321\223J\364\224\354\307G\333q\347\300\351\034"
 264      4AF494EC 
 264      C747DB71 
 264      E7C0E91C 
 265 076d F513DB39 		.ascii	"\365\023\3339\345)/H\262\270 \343\260\243\274\022\321"
 265      E5292F48 
 265      B2B820E3 
 265      B0A3BC12 
 265      D1
 266 077e D2DB458C 		.ascii	"\322\333E\214\015\277\334\257eOv)WdX\346\246\365\275"
 266      0DBFDCAF 
 266      654F7629 
 266      576458E6 
 266      A6F5BD
 267 0791 B913C0B0 		.ascii	"\271\023\300\260\307\001H%n\205*\013Q\342\200wb\244"
 267      C7014825 
 267      6E852A0B 
 267      51E28077 
 267      62A4
 268 07a3 A97629A5 		.ascii	"\251v)\245\232\262\275\002\374\300\037\344\201\337\331"
 268      9AB2BD02 
 268      FCC01FE4 
 268      81DFD9
 269 07b2 CE4F863E 		.ascii	"\316O\206>$\276(M\310\250B{\205\005h\217@:\011\036\\"
 269      24BE284D 
 269      C8A8427B 
 269      8505688F 
ARM GAS  /tmp/cckBRLDP.s 			page 21


 269      403A091E 
 270 07c7 40698207 		.ascii	"@i\202\007:,,B'"
 270      3A2C2C42 
 270      27
 271 07d0 410E8024 		.ascii	"A\016\200$\200\244\202d\200\034\005\211\0039\010\222"
 271      80A48264 
 271      801C0589 
 271      03390892 
 272 07e0 0E7204E4 		.ascii	"\016r\004\3448\310!\220\024\220x\220d\220D\220c \373"
 272      38C82190 
 272      14907890 
 272      64904490 
 272      6320FB
 273 07f3 41928445 		.ascii	"A\222\204E\334\244&d'M\266W\207\237R\217\214\216\262"
 273      DCA42664 
 273      274DB657 
 273      879F528F 
 273      8C8EB2
 274 0806 995D0C4C 		.ascii	"\231]\014L\312\203\206\266\323n\370\230==C\265F\236"
 274      CA8386B6 
 274      D36EF898 
 274      3D3D43B5 
 274      469E
 275 0818 3D83D05C 		.ascii	"=\203\320\\\017\2333E\3310\301\377\353\311\262\350^"
 275      0F9B3345 
 275      D930C1FF 
 275      EBC9B2E8 
 275      5E
 276 0829 1E984FA2 		.ascii	"\036\230O\242\233\005\203e\012\226Z\207\004\233\372"
 276      9B058365 
 276      0A965A87 
 276      049BFA
 277 0838 6CDA7DEC 		.ascii	"l\332}\354\276uA\236\305MP\205r\004VO\300\025\320\267"
 277      BE75419E 
 277      C54D5085 
 277      7204564F 
 277      C015D0B7 
 278 084c 3E4E9AC5 		.ascii	">N\232\305\267\274\300\355\305\363\330^\334>\331;9K"
 278      B7BCC0ED 
 278      C5F3D85E 
 278      DC3ED93B 
 278      394B
 279 085e 7EF5B283 		.ascii	"~\365\262\203y.L\371\024\015\356i\356\325K\024\262K"
 279      792E4CF9 
 279      140DEE69 
 279      EED54B14 
 279      B24B
 280 0870 BC3B5B22 		.ascii	"\274;[\"\356hd\223\030\036\234\034\370\314\016\235'"
 280      EE686493 
 280      181E9C1C 
 280      F8CC0E9D 
 280      27
 281 0881 ED0B6704 		.ascii	"\355\013g\004\2721\274\216\335=)\026\030\016\240\236"
 281      BA31BC8E 
 281      DD3D2916 
 281      180EA09E 
 282 0891 7E9C76C0 		.ascii	"~\234v\300\225y\363O\344\260\220\221<\3542\3433\001"
ARM GAS  /tmp/cckBRLDP.s 			page 22


 282      9579F34F 
 282      E4B09091 
 282      3CEC32E3 
 282      3301
 283 08a3 78934FBD 		.ascii	"x\223O\2759K\275\311c\336\234\245\336\014\345\232&\335"
 283      394BBDC9 
 283      63DE9CA5 
 283      DE0CE59A 
 283      26DD
 284 08b5 700E8D1F 		.ascii	"p\016\215\037\272i\256=O\212`3\034\275^\215\375!6\262"
 284      BA69AE3D 
 284      4F8A6033 
 284      1CBD5E8D 
 284      FD2136B2 
 285 08c9 1EF68008 		.ascii	"\036\366\200\010\323JVI\237\223\227\022n\345C\323y\201"
 285      D34A5649 
 285      9F939712 
 285      6EE543D3 
 285      7981
 286 08db 948E2313 		.ascii	"\224\216#\023\365\2070\356cD\327\243J\343\035D\242\236"
 286      F58730EE 
 286      6344D7A3 
 286      4AE31D44 
 286      A29E
 287 08ed 547D323C 		.ascii	"T}2<N\340\321\"JS(\323\024\3624\027(M\345D\333Y\007"
 287      4EE0D122 
 287      4A5328D3 
 287      14F23417 
 287      284DE544 
 288 0904 FC8AD17C 		.ascii	"\374\212\321|\274pbZ\362g\364\316\177\035cG\301\012"
 288      BC70625A 
 288      F267F4CE 
 288      7F1D6347 
 288      C10A
 289 0916 76142C92 		.ascii	"v\024,\222y\212x\236\213\224\347\324\344\324>7\034\345"
 289      798A789E 
 289      8B94E7D4 
 289      E4D43E37 
 289      1CE5
 290 0928 C076FAF4 		.ascii	"\300v\372\364\272\243\230\361\230[\267\260\223\340I"
 290      BAA398F1 
 290      985BB7B0 
 290      93E049
 291 0937 7612BC24 		.ascii	"v\022\274$\263\\\342Y.S\226\373\217+6\343\003\214$\357"
 291      B35CE259 
 291      2E5396FB 
 291      8F2B36E3 
 291      038C24EF 
 292 094b 6C7AA11B 		.ascii	"lz\241\033Nc\312\276\212\3124{\250\316Q15\372D\015\337"
 292      4E63CABE 
 292      8ACA347B 
 292      A8CE5131 
 292      35FA440D 
 293 0960 D196B9FC 		.ascii	"\321\226\271\374\223\325z\211@\252\365k\202X\255w=\037"
 293      93D57A89 
 293      40AAF56B 
 293      8258AD77 
ARM GAS  /tmp/cckBRLDP.s 			page 23


 293      3D1F
 294 0972 7BE124CE 		.ascii	"{\341$\316\365\362\273\225\357\037<2\231\022L\246(4"
 294      F5F2BB95 
 294      EF1F3C32 
 294      99124CA6 
 294      2834
 295 0984 8F20D115 		.ascii	"\217 \321\025\311OtUP\023Mv\265\224\272:5~\363\246#"
 295      C94F7455 
 295      50134D76 
 295      B594BA3A 
 295      357EF3A6 
 296 0999 7EC1DCEB 		.ascii	"~\301\334\353h\230\030s\266\004\322;\325:\220\327\345"
 296      68981873 
 296      B604D23B 
 296      D53A90D7 
 296      E5
 297 09aa 395FE789 		.ascii	"9_\347\211\312(Qf{G\221=\336\345H\211r\212\362\036\211"
 297      CA285166 
 297      7B47913D 
 297      DEE54889 
 297      728AF21E 
 298 09bf 81344F6F 		.ascii	"\2014Oo\262Z\271r\231\245\234g\271AY\222rjb\3248\231"
 298      B25AB972 
 298      99A59C67 
 298      B9415992 
 298      726A62D4 
 299 09d5 B1748EC5 		.ascii	"\261t\216\305\325#K:\204[\245\203Y\2461\36347)\315\355"
 299      D5234B3A 
 299      845BA583 
 299      59A631F3 
 299      343729CD 
 300 09ea 87672BDC 		.ascii	"\207g+\334\360\031FS\177\362\215Y\242\031=\2606\305"
 300      F0194653 
 300      7FF28D59 
 300      A2193DB0 
 300      36C5
 301 09fc 2A1D2A64 		.ascii	"*\035*d\236\012\236\247\222\362\364\235\030J\234\205"
 301      9E0A9EA7 
 301      92F2F49D 
 301      184A9C85 
 302 0a0c CB194F4C 		.ascii	"\313\031OL\334\263\021;qR\227\266ZM\252Jf\251\342Yn"
 302      DCB3113B 
 302      715297B6 
 302      5A4DAA4A 
 302      66A9E259 
 303 0a21 5116A9F0 		.ascii	"Q\026\251\360v\027\013os\365~\2501\352\030kt\377\336"
 303      76170B6F 
 303      73F57EA8 
 303      31EA186B 
 303      74FFDE
 304 0a34 16B1738A 		.ascii	"\026\261s\212&o\305d\373,\334\304:?>\355\310\022\353"
 304      266FC564 
 304      FB2CDCC4 
 304      3A3F3EED 
 304      C812EB
 305 0a47 DD117A90 		.ascii	"\335\021z\220\27360\342\206\037\260\316C\225\343c.\270"
 305      BB3630E2 
ARM GAS  /tmp/cckBRLDP.s 			page 24


 305      861FB0CE 
 305      4395E363 
 305      2EB8
 306 0a59 87295D99 		.ascii	"\207)]\231I9j\206|B\364\343\323\323Qj<\310:\233#\022"
 306      49396A86 
 306      7C42F4E3 
 306      D3D3516A 
 306      3CC83A9B 
 307 0a6f B3EDF10B 		.ascii	"\263\355\361\013\246\274{\231;b\217'\231R9\226\366\312"
 307      A6BC7B99 
 307      3B628F27 
 307      99523996 
 307      F6CA
 308 0a81 15EF72A2 		.ascii	"\025\357r\242\312\356\354\326\375\016x\037S\306:\343"
 308      CAEEECD6 
 308      FD0E781F 
 308      53C63AE3 
 309 0a91 AA5DF161 		.ascii	"\252]\361a\246T\325\016\2668\342\023L\331\365\244p/"
 309      A654D50E 
 309      B638E213 
 309      4CD9F5A4 
 309      702F
 310 0aa3 C66798F2 		.ascii	"\306g\230\362\252\2512\326\011_dJcL\302a\001\2272Ez"
 310      AAA932D6 
 310      095F644A 
 310      634CC261 
 310      01973245 
 311 0ab8 C7B8B377 		.ascii	"\307\270\263w\314\307\324\221\343\256\270\222\365]\317"
 311      CCC7D491 
 311      E3AEB892 
 311      F55DCF
 312 0ac7 DA7DC611 		.ascii	"\332}\306\02172%\352N\\\227+\276\307\224sO\366\232\035"
 312      373225EA 
 312      4E5C972B 
 312      BEC79473 
 312      4FF69A1D 
 313 0adb 70B7086B 		.ascii	"p\267\010k|S\340\206\037\211J\347e\015\036f\367'\237"
 313      7C53E086 
 313      1F894AE7 
 313      650D1E66 
 313      F7279F
 314 0aee 5C4B9C8D 		.ascii	"\\K\234\215\247\230\322\337=\024\353\206w\261\357\202"
 314      A798D2DF 
 314      3D14EB86 
 314      77B1EF82 
 315 0afe 7B6E1C2E 		.ascii	"{n\034.s\302\373\230R\325\007\007\310$v\377,\326\334"
 315      73C2FB98 
 315      52D50707 
 315      C82476FF 
 315      2CD6DC
 316 0b11 21E0E34C 		.ascii	"!\340\343L9s-\256\337\016\237b\312`q\324\204\032\347"
 316      39732DAE 
 316      DF0E9F62 
 316      CA6071D4 
 316      841AE7
 317 0b24 31257F3A 		.ascii	"1%\177:\275\311\011\237gJSI\337#7\\\354,\036\365k\272"
 317      BDC9099F 
ARM GAS  /tmp/cckBRLDP.s 			page 25


 317      674A5349 
 317      DF23375C 
 317      EC2C1EF5 
 318 0b3a C4576834 		.ascii	"\304Wh4\211b\301\351\356\307\016\342\001\221|)\316\276"
 318      8962C1E9 
 318      EEC70EE2 
 318      01917C29 
 318      CEBE
 319 0b4c DA077566 		.ascii	"\332\007uf\011\005/\254\212/\211F3\212eK\315<\227\335"
 319      09052FAC 
 319      8A2F8946 
 319      338A654B 
 319      CD3C97DD 
 320 0b60 64D28F86 		.ascii	"d\322\217\206\251W|\322\263\352L\264l\206\232\033uC"
 320      A9577CD2 
 320      B3EA4CB4 
 320      6C869A1B 
 320      7543
 321 0b72 324561AE 		.ascii	"2Ea\256\212\233Q=\275\335*\027DM\"\332\262\321\262\362"
 321      8A9B513D 
 321      BDDD2A17 
 321      444D22DA 
 321      B2D1B2F2 
 322 0b86 80439770 		.ascii	"\200C\227p\350~%\332\252\330\"\233`\322\237X\371D<\271"
 322      E87E25DA 
 322      AAD8229B 
 322      60D29F58 
 322      F9443CB9 
 323 0b9a ADF4A456 		.ascii	"\255\364\244V\311\235\374'\231\273F\311]-(\270?l\225"
 323      C99DFC27 
 323      99BB46C9 
 323      5D2D28B8 
 323      3F6C95
 324 0bad B9EF28B9 		.ascii	"\271\357(\271\033\225\334\205\234\337\217\225\334\032"
 324      1B95DC85 
 324      9CDF8F95 
 324      DC1A
 325 0bbb 65ED11CF 		.ascii	"e\355\021\317y\322\240D\327)\271\257r\334\003J\364\314"
 325      79D2A044 
 325      D729B9AF 
 325      72DC034A 
 325      F4CC
 326 0bcd C2A68D83 		.ascii	"\302\246\215\203w*\3413k\312.\016~_\011\177n\265\342"
 326      772AE133 
 326      6BCA2E0E 
 326      7E5F097F 
 326      6EB5E2
 327 0be0 1126F375 		.ascii	"\021&\363u\021M6\200>\333\361\221\310\011\374\001\007"
 327      114D3680 
 327      3EDBF191 
 327      C809FC01 
 327      07
 328 0bf1 EF50C2DB 		.ascii	"\357P\302\333\005\245/\2278_\036*\3413O\037\255\034"
 328      05A52F97 
 328      385F1E2A 
 328      E1334F1F 
 328      AD1C
ARM GAS  /tmp/cckBRLDP.s 			page 26


 329 0c03 BCCBF64C 		.ascii	"\274\313\366L\271el\347\320\017l\373\302\241\023\270"
 329      B9656CE7 
 329      D00F6CFB 
 329      C2A113B8 
 330 0c13 10D5DB0E 		.ascii	"\020\325\333\016\221Ue\316\221\267(\3413\217\222\345"
 330      915565CE 
 330      91B728E1 
 330      338F92E5 
 331 0c23 1CBC5709 		.ascii	"\034\274W\011\237q\340k\342\320=\266\321<y\021\007\177"
 331      9F71E06B 
 331      E2D03DB6 
 331      D13C7911 
 331      077F
 332 0c35 647B1539 		.ascii	"d{\0259\362\036\016\335f;\376<\371\025\016>h;\031\271"
 332      F21E0EDD 
 332      663BFE3C 
 332      F9150E3E 
 332      683B19B9 
 333 0c49 3348EA90 		.ascii	"3H\352\220\367.(\221\011\312\372\020B\222\343\315\220"
 333      F72E2891 
 333      09CAFA10 
 333      4292E3CD 
 333      90
 334 0c5a 77023D84 		.ascii	"w\002=\204\220\354\270\253\344\032\374\324\261\342)"
 334      90ECB8AB 
 334      E41AFCD4 
 334      B1E229
 335 0c69 D47A4F68 		.ascii	"\324zOh\000\010\236T\332\021\330\003\355\305\213\320"
 335      00089E54 
 335      DA11D803 
 335      EDC58BD0 
 336 0c79 2BA8923F 		.ascii	"+\250\222?\202L\201\354\002}\014\256/@&@\336\203|\000"
 336      824C81EC 
 336      027D0CAE 
 336      2F402640 
 336      DE837C00 
 337 0c8d 7906F206 		.ascii	"y\006\362\006\3445\310[\220I\220q\020\023\340cAv\203"
 337      E435C85B 
 337      90499071 
 337      1013E063 
 337      417683
 338 0ca0 4C831E0D 		.ascii	"L\203\036\015\327H\220\347p\277\007\256#p\035\005y\007"
 338      D74890E7 
 338      70BF07AE 
 338      23701D05 
 338      7907
 339 0cb2 F2126418 		.ascii	"\362\022d\030$\006\363\307\217QneZm\247\000\177\342"
 339      2406F3C7 
 339      8F516E65 
 339      5A6DA700 
 339      7FE2
 340 0cc4 E7D03FDB 		.ascii	"\347\320?\333~-\362\313\236\316\301\207l\276_8\356\011"
 340      7E2DF2CB 
 340      9ECEC187 
 340      6CBE5F38 
 340      EE09
 341 0cd6 0EDC6C7B 		.ascii	"\016\334l{]\371\317\011\\\246\377b\373\265hy\244!\244"
ARM GAS  /tmp/cckBRLDP.s 			page 27


 341      5DF9CF09 
 341      5CA6FF62 
 341      FBB56879 
 341      A421A4
 342 0ce9 23DC7BF1 		.ascii	"#\334{\361\236\362\275\310\235\264a\227\031/(\350v\301"
 342      9EF2BDC8 
 342      9DB46197 
 342      192F28E8 
 342      76C1
 343 0cfb 26177A70 		.ascii	"&\027zpj,o>e\217<\346\212\211\361\013=\276\304\201\361"
 343      6A2C6F3E 
 343      658F3CE6 
 343      8A89F10B 
 343      3DBEC481 
 344 0d10 3E6CA947 		.ascii	">l\251GH\232|\"\332h?\004\371\377K\300\311g\266\353"
 344      489A7C22 
 344      DA683F04 
 344      F9FF4BC0 
 344      C967B6EB 
 345 0d24 65C3F656 		.ascii	"e\303\366V\007\2548\314\037\260\016`v\300\202+\240\337"
 345      07AC38CC 
 345      1FB00E60 
 345      76C0822B 
 345      A0DF
 346 0d36 341FD86D 		.ascii	"4\037\330m\207\367\273\260:\246\273\260\320\021'2\345"
 346      87F7BBB0 
 346      3AA6BBB0 
 346      D0112732 
 346      E5
 347 0d47 FDC31B7D 		.ascii	"\375\303\033}N8\205*\366#\261\331\315t'\206]\227\005"
 347      4E38852A 
 347      F623B1D9 
 347      CD742786 
 347      5D9705
 348 0d5a A7B46D9E 		.ascii	"\247\264m\236\034\235xX\251#\237\013|y\233\345L{P\211"
 348      1C9D7858 
 348      A9239F0B 
 348      7C799BE5 
 348      4C7B5089 
 349 0d6e 9DF1E037 		.ascii	"\235\361\3407\311\340C\266\301,\354,`\305m\364k\302"
 349      C9E043B6 
 349      C12CEC2C 
 349      60C56DF4 
 349      6BC2
 350 0d80 11E5834C 		.ascii	"\021\345\203L\230\312x'Iv\316t\322\306s,\177E=\"\206"
 350      98CA7827 
 350      4976CE74 
 350      D2C6732C 
 350      7F453D22 
 351 0d95 F5308435 		.ascii	"\3650\2045\001\226>\031$\021$I^\356\243\017\337\367"
 351      01963E19 
 351      24112449 
 351      5EEEA30F 
 351      DFF7
 352 0da7 217C92A5 		.ascii	"!|\222\245R\302\333\274\006GK*\265$#\342Y\012\220\034"
 352      52C2DBBC 
 352      06474B2A 
ARM GAS  /tmp/cckBRLDP.s 			page 28


 352      B52423E2 
 352      590A901C 
 353 0dbb 9553E9C8 		.ascii	"\225S\351\310\314T\262|X9\006\343\374\005c\306\365t"
 353      CC54B27C 
 353      583906E3 
 353      FC0563C6 
 353      F574
 354 0dcd 145AFF37 		.ascii	"\024Z\3777p\212U\210S\305\020\247\322\020\367\305=/"
 354      708A5588 
 354      53C510A7 
 354      D210F7C5 
 354      3D2F
 355 0ddf B6FEDEDF 		.ascii	"\266\376\336\337i\365\005?MD\223\253:`\233\177\250\343"
 355      69F5053F 
 355      4D4493AB 
 355      3A609B7F 
 355      A8E3
 356 0df1 BA6FBF5F 		.ascii	"\272o\277_\250\365\364T9\353\365\341\201\301\306\345"
 356      A8F5F454 
 356      39EBF5E1 
 356      81C1C6E5 
 357 0e01 CBF4C6DF 		.ascii	"\313\364\306\337i\302\303B5\201\301\001A\341\233\015"
 357      69C2C342 
 357      3581C101 
 357      41E19B0D 
 358 0e11 9A60C39F 		.ascii	"\232`\303\237\203\0027i\266\373\007l\013\0146h\364\233"
 358      83023769 
 358      B6FB076C 
 358      0B0C3668 
 358      F49B
 359 0e23 0D5BFCC3 		.ascii	"\015[\374\303\203\214z\343O?\032\302\226lS9Jf_\3322"
 359      838C7AE3 
 359      4F3F1AC2 
 359      966C5339 
 359      4A665FDA 
 360 0e38 0BFB294C 		.ascii	"\013\373)L\243\0173n\006\014\301\376`\0100\206\204\256"
 360      A30F336E 
 360      060CC1FE 
 360      60083086 
 360      84AE
 361 0e4a 5EFAFB25 		.ascii	"^\372\373%K4\354\237v[\340\246\300\357\3744!a\232m\376"
 361      4B34EC9F 
 361      765BE0A6 
 361      C0EFFC34 
 361      21619A6D 
 362 0e5f 419A1F43 		.ascii	"A\232\037CB\215a\032\277\215\276\313\227i\326\257_\243"
 362      428D611A 
 362      BF8DBECB 
 362      9769D6AF 
 362      5FA3
 363 0e71 D9E8E3BB 		.ascii	"\331\350\343\273\303\223\364\000\211>(h\363\222\000"
 363      C393F400 
 363      893E2868 
 363      F39200
 364 0e80 950BBBD3 		.ascii	"\225\013\273\323\007\006\007\032\335\365\304@\037\030"
 364      0706071A 
 364      DDF5C440 
ARM GAS  /tmp/cckBRLDP.s 			page 29


 364      1F18
 365 0e8e FA9F7AC3 		.ascii	"\372\237z\303\217\201A![\303\015+lQ\007\204l\337\036"
 365      8F814121 
 365      5BC30D2B 
 365      6C510784 
 365      6CDF1E
 366 0ea1 122CB2AF 		.ascii	"\022,\262\257\322\371j}wj\002\266\005\204\204\032\364"
 366      D2F96A7D 
 366      776A02B6 
 366      0584841A 
 366      F4
 367 0eb2 3BBED90E 		.ascii	";\276\331\016\236\315\321\033C\375\003\014\372\300\260"
 367      9ECDD11B 
 367      43FD030C 
 367      FAC0B0
 368 0ec1 507D90C1 		.ascii	"P}\220\301\177\207\341\037l\321\204\032-\363\013\330"
 368      7F87E11F 
 368      6CD1841A 
 368      2DF30BD8 
 369 0ed1 460DC074 		.ascii	"F\015\300t\236~\363\246\255\372\200m\206\200\377`\246"
 369      9E7EF3A6 
 369      ADFA806D 
 369      8680FF60 
 369      A6
 370 0ee2 84E4D7CD 		.ascii	"\204\344\327\3157\0336\205o\005\363\337r\346\341\301"
 370      371B3685 
 370      6F05F3DF 
 370      72E6E1C1 
 371 0ef2 412170D9 		.ascii	"A!p\331\022\032\262\235\220\270\007l\363\373)lc\340"
 371      121AB29D 
 371      90B8076C 
 371      F3FB296C 
 371      63E0
 372 0f04 7643A8B7 		.ascii	"vC\250\267\177\360\346 C\250\317\342_\345\205\025\007"
 372      7FF0E620 
 372      43A8CFE2 
 372      5FE58515 
 372      07
 373 0f15 D6F9BC53 		.ascii	"\326\371\274S<'\357\255!\330h\010%\215\374\354i\343"
 373      3C27EFAD 
 373      21D86808 
 373      258DFCEC 
 373      69E3
 374 0f27 9CE01D81 		.ascii	"\234\340\035\201\001^\301\376\233\202\014,d\313?\037"
 374      015EC1FE 
 374      9B820C2C 
 374      64CB3F1F 
 375 0f37 30717DC5 		.ascii	"0q}\305\225%\306\340\203\223\024m\325,\275~Kxp\200^"
 375      9525C6E0 
 375      8393146D 
 375      D52CBD7E 
 375      4B787080 
 376 0f4c BFE49B6F 		.ascii	"\277\344\233oV\254p\2244;\255\326W\267\\\370N\247^\343"
 376      56AC7094 
 376      343BADD6 
 376      57B75CF8 
 376      4EA75EE3 
ARM GAS  /tmp/cckBRLDP.s 			page 30


 377 0f60 BB4A87D7 		.ascii	"\273J\207\327hu\352\325k6\352\260V\253\303:\220U:\035"
 377      6875EAD5 
 377      6B36EAB0 
 377      56ABC33A 
 377      90553A1D 
 378 0f74 DEE0A7C5 		.ascii	"\336\340\247\305\332o7\252\265Z/\035\305/\243\177=\261"
 378      DA6F37AA 
 378      B55A2F1D 
 378      C52FA37F 
 378      3DB1
 379 0f86 D73A9DE0 		.ascii	"\327:\235\340\007\226>^:\265\237/\240\265\272e \236"
 379      07963E5E 
 379      3AB59F2F 
 379      A0B5BA65 
 379      209E
 380 0f98 80FC83EE 		.ascii	"\200\374\203\356\237\377w\371"
 380      9FFF77F9 
 381 0fa0 1566DC4E 		.ascii	"\025f\334N28\220d\202\213E\321\033\335C\302\374\203"
 381      32389064 
 381      828B45D1 
 381      1BDD43C2 
 381      FC83
 382 0fb2 2004EB61 		.ascii	" \004\353a\005\327\302\002\372\370\351l\006\2000\023"
 382      05D7C202 
 382      FAF8E96C 
 382      06803013 
 383 0fc2 288904B9 		.ascii	"(\211\004\271\222\204\242\261\343\014\335i\246Z\305"
 383      9284A2B1 
 383      E30CDD69 
 383      A65AC5
 384 0fd1 C2C9D204 		.ascii	"\302\311\322\004\013\024f0\352W\257\362\363\332\240"
 384      0B146630 
 384      EA57AFF2 
 384      F3DAA0
 385 0fe0 F399E51F 		.ascii	"\363\231\345\037\364g\377\237\302 \303\203\340\221["
 385      F467FF9F 
 385      C220C383 
 385      E0915B
 386 0fef FD998436 		.ascii	"\375\231\2046\3544\222E\327h}\375|\3744Z\310"
 386      EC349245 
 386      D7687DFD 
 386      7CFC345A 
 386      C8
 387 1000 678D8F94 		.ascii	"g\215\217\224\011\333\303\002\303\364[\003H$\346\022"
 387      09DBC302 
 387      C3F45B03 
 387      4824E612 
 388 1010 A7BEB3CE 		.ascii	"\247\276\263\316\244y\342\334\276\2479'9I\275\266j\232"
 388      A479E2DC 
 388      BEA73927 
 388      3949BDB6 
 388      6A9A
 389 1022 479D5464 		.ascii	"G\235Td\246\013\327h\347\347\247]\247s\322y\371y\351"
 389      A60BD768 
 389      E7E7A75D 
 389      A773D279 
 389      F979E9
ARM GAS  /tmp/cckBRLDP.s 			page 31


 390 1035 7EF05AF3 		.ascii	"~\360Z\363\217X\353G\342\250\225\233V8\255\332\260z"
 390      8F58EB47 
 390      E2A8959B 
 390      5638ADDA 
 390      B07A
 391 1047 D9FA0D5E 		.ascii	"\331\372\015^\337\352\310\235'\273\223z\277vZ\345\275"
 391      DFEAC89D 
 391      27BB937A 
 391      BF765AE5 
 391      BD
 392 1058 7AB9D8EB 		.ascii	"z\271\330\353m\301y+q\313\035\010\013\264\220\253'\337"
 392      6DC1792B 
 392      71CB1D08 
 392      0BB490AB 
 392      27DF
 393 106a B3CC8130 		.ascii	"\263\314\2010\320\036o\021\341m\215\360t$\266:\277\215"
 393      D01E6F11 
 393      E16D8DF0 
 393      7424B63A 
 393      BF8D
 394 107c 3A72E349 		.ascii	":r\343In,}K\035\2115\353\363\226@\336\014\204\265>:"
 394      6E2C7D4B 
 394      1D8935EB 
 394      F39640DE 
 394      0C84B53E 
 395 1091 B576ED3A 		.ascii	"\265v\355:\235\303\206\365\353\311U\320\352\234\341"
 395      9DC386F5 
 395      EBC955D0 
 395      EA9CE1
 396 10a0 D667991F 		.ascii	"\326g\231\037\321l\246\031\027\032\277\215,\325\326"
 396      D16CA619 
 396      171ABF8D 
 396      2CD5D6
 397 10af 7EBD7327 		.ascii	"~\275s'K\262-_/\375f\347N\222f:\255V\277\021\336\241"
 397      4BB22D5F 
 397      2FFD66E7 
 397      4E92663A 
 397      AD56BF11 
 398 10c5 6B0C5BEC 		.ascii	"k\014[\354\211Ok\377h\357\263F\373\335\032/\242-[\373"
 398      894F6BFF 
 398      68EFB346 
 398      FBDD1A2F 
 398      A22D5BFB 
 399 10d9 47B735AB 		.ascii	"G\2675\253\327\371j\277\2270\377\003s\236;x"
 399      D7F96ABF 
 399      9730FF03 
 399      739E3B78 
 400              		.text
 401              		.section	.gnu.lto_.symtab.a4d8cff02463c01,"",%progbits
 402 0000 56656374 		.ascii	"VectorB0\000"
 402      6F724230 
 402      00
 403 0009 00       		.ascii	"\000"
 404 000a 00       		.ascii	"\000"
 405 000b 00       		.ascii	"\000"
 406 000c 00000000 		.ascii	"\000\000\000\000\000\000\000\000"
 406      00000000 
ARM GAS  /tmp/cckBRLDP.s 			page 32


 407 0014 C2000000 		.ascii	"\302\000\000\000"
 408 0018 73745F6C 		.ascii	"st_lld_init\000"
 408      6C645F69 
 408      6E697400 
 409 0024 00       		.ascii	"\000"
 410 0025 00       		.ascii	"\000"
 411 0026 00       		.ascii	"\000"
 412 0027 00000000 		.ascii	"\000\000\000\000\000\000\000\000"
 412      00000000 
 413 002f C4000000 		.ascii	"\304\000\000\000"
 414 0033 5F706F72 		.ascii	"_port_irq_epilogue\000"
 414      745F6972 
 414      715F6570 
 414      696C6F67 
 414      756500
 415 0046 00       		.ascii	"\000"
 416 0047 02       		.ascii	"\002"
 417 0048 00       		.ascii	"\000"
 418 0049 00000000 		.ascii	"\000\000\000\000\000\000\000\000"
 418      00000000 
 419 0051 C6000000 		.ascii	"\306\000\000\000"
 420 0055 5F747261 		.ascii	"_trace_isr_leave\000"
 420      63655F69 
 420      73725F6C 
 420      65617665 
 420      00
 421 0066 00       		.ascii	"\000"
 422 0067 02       		.ascii	"\002"
 423 0068 00       		.ascii	"\000"
 424 0069 00000000 		.ascii	"\000\000\000\000\000\000\000\000"
 424      00000000 
 425 0071 CB000000 		.ascii	"\313\000\000\000"
 426 0075 5F646267 		.ascii	"_dbg_check_leave_isr\000"
 426      5F636865 
 426      636B5F6C 
 426      65617665 
 426      5F697372 
 427 008a 00       		.ascii	"\000"
 428 008b 02       		.ascii	"\002"
 429 008c 00       		.ascii	"\000"
 430 008d 00000000 		.ascii	"\000\000\000\000\000\000\000\000"
 430      00000000 
 431 0095 CD000000 		.ascii	"\315\000\000\000"
 432 0099 5F646267 		.ascii	"_dbg_check_unlock_from_isr\000"
 432      5F636865 
 432      636B5F75 
 432      6E6C6F63 
 432      6B5F6672 
 433 00b4 00       		.ascii	"\000"
 434 00b5 02       		.ascii	"\002"
 435 00b6 00       		.ascii	"\000"
 436 00b7 00000000 		.ascii	"\000\000\000\000\000\000\000\000"
 436      00000000 
 437 00bf CF000000 		.ascii	"\317\000\000\000"
 438 00c3 63685379 		.ascii	"chSysTimerHandlerI\000"
 438      7354696D 
 438      65724861 
ARM GAS  /tmp/cckBRLDP.s 			page 33


 438      6E646C65 
 438      724900
 439 00d6 00       		.ascii	"\000"
 440 00d7 02       		.ascii	"\002"
 441 00d8 00       		.ascii	"\000"
 442 00d9 00000000 		.ascii	"\000\000\000\000\000\000\000\000"
 442      00000000 
 443 00e1 D1000000 		.ascii	"\321\000\000\000"
 444 00e5 5F646267 		.ascii	"_dbg_check_lock_from_isr\000"
 444      5F636865 
 444      636B5F6C 
 444      6F636B5F 
 444      66726F6D 
 445 00fe 00       		.ascii	"\000"
 446 00ff 02       		.ascii	"\002"
 447 0100 00       		.ascii	"\000"
 448 0101 00000000 		.ascii	"\000\000\000\000\000\000\000\000"
 448      00000000 
 449 0109 D3000000 		.ascii	"\323\000\000\000"
 450 010d 5F646267 		.ascii	"_dbg_check_enter_isr\000"
 450      5F636865 
 450      636B5F65 
 450      6E746572 
 450      5F697372 
 451 0122 00       		.ascii	"\000"
 452 0123 02       		.ascii	"\002"
 453 0124 00       		.ascii	"\000"
 454 0125 00000000 		.ascii	"\000\000\000\000\000\000\000\000"
 454      00000000 
 455 012d D5000000 		.ascii	"\325\000\000\000"
 456 0131 5F747261 		.ascii	"_trace_isr_enter\000"
 456      63655F69 
 456      73725F65 
 456      6E746572 
 456      00
 457 0142 00       		.ascii	"\000"
 458 0143 02       		.ascii	"\002"
 459 0144 00       		.ascii	"\000"
 460 0145 00000000 		.ascii	"\000\000\000\000\000\000\000\000"
 460      00000000 
 461 014d D7000000 		.ascii	"\327\000\000\000"
 462 0151 6E766963 		.ascii	"nvicEnableVector\000"
 462      456E6162 
 462      6C655665 
 462      63746F72 
 462      00
 463 0162 00       		.ascii	"\000"
 464 0163 02       		.ascii	"\002"
 465 0164 00       		.ascii	"\000"
 466 0165 00000000 		.ascii	"\000\000\000\000\000\000\000\000"
 466      00000000 
 467 016d DC000000 		.ascii	"\334\000\000\000"
 468              		.text
 469              		.section	.gnu.lto_.opts,"",%progbits
 470 0000 272D666D 		.ascii	"'-fmath-errno' '-fsigned-zeros' '-ftrapping-math' '"
 470      6174682D 
 470      6572726E 
ARM GAS  /tmp/cckBRLDP.s 			page 34


 470      6F272027 
 470      2D667369 
 471 0033 2D666E6F 		.ascii	"-fno-trapv' '-fno-openmp' '-fno-openacc' '-mcpu=cor"
 471      2D747261 
 471      70762720 
 471      272D666E 
 471      6F2D6F70 
 472 0066 7465782D 		.ascii	"tex-m4' '-mno-thumb-interwork' '-mthumb' '-ggdb' '-"
 472      6D342720 
 472      272D6D6E 
 472      6F2D7468 
 472      756D622D 
 473 0099 4F322720 		.ascii	"O2' '-fomit-frame-pointer' '-falign-functions=16' '"
 473      272D666F 
 473      6D69742D 
 473      6672616D 
 473      652D706F 
 474 00cc 2D666675 		.ascii	"-ffunction-sections' '-fdata-sections' '-fno-common"
 474      6E637469 
 474      6F6E2D73 
 474      65637469 
 474      6F6E7327 
 475 00ff 2720272D 		.ascii	"' '-flto'\000"
 475      666C746F 
 475      2700
 476              		.text
 477              		.comm	__gnu_lto_v1,1,1
 478              		.comm	__gnu_lto_slim,1,1
 479              		.ident	"GCC: (15:5.4.1+svn241155-1) 5.4.1 20160919"
ARM GAS  /tmp/cckBRLDP.s 			page 35


DEFINED SYMBOLS
                            *ABS*:0000000000000000 hal_st_lld.c
                            *COM*:0000000000000001 __gnu_lto_v1
                            *COM*:0000000000000001 __gnu_lto_slim

NO UNDEFINED SYMBOLS
