ARM GAS  /tmp/cctZdVsU.s 			page 1


   1              		.syntax unified
   2              		.cpu cortex-m4
   3              		.fpu softvfp
   4              		.eabi_attribute 20, 1
   5              		.eabi_attribute 21, 1
   6              		.eabi_attribute 23, 3
   7              		.eabi_attribute 24, 1
   8              		.eabi_attribute 25, 1
   9              		.eabi_attribute 26, 1
  10              		.eabi_attribute 30, 2
  11              		.eabi_attribute 34, 1
  12              		.eabi_attribute 18, 4
  13              		.thumb
  14              		.syntax unified
  15              		.file	"hal_st.c"
  16              		.text
  17              	.Ltext0:
  18              		.section	.gnu.lto_.profile.1079bd7d39605d94,"",%progbits
  19 0000 789C6361 		.ascii	"x\234ca`d`a`\000\222\356r\000\001\026\000p"
  19      60646061 
  19      600092EE 
  19      72000116 
  19      0070
  20              		.text
  21              		.section	.gnu.lto_.icf.1079bd7d39605d94,"",%progbits
  22 0000 789C6361 		.ascii	"x\234ca`d\000\001#\006\004\340`\230?\363\3201.\306\025"
  22      60640001 
  22      230604E0 
  22      60983FF3 
  22      D0312EC6 
  23 0015 67AFDDE5 		.ascii	"g\257\335\345a:\374\356\322Mf\346\373\235\247\2470\263"
  23      613AFCEE 
  23      D24D66E6 
  23      FB9DA7A7 
  23      30B3
  24 0027 CCFEB4E2 		.ascii	"\314\376\264\342\025\013\353\3679G\2672\262\255j\354"
  24      150BEBF7 
  24      3947B732 
  24      B2AD6AEC 
  25 0037 7FC8CABE 		.ascii	"\177\310\312\276u\327\227\016~\006\000y\204\030N"
  25      75D7970E 
  25      7E060079 
  25      84184E
  26              		.text
  27              		.section	.gnu.lto_.jmpfuncs.1079bd7d39605d94,"",%progbits
  28 0000 789C6361 		.ascii	"x\234ca`d\000\201J\006\004`\005\021\214@P\317\304\370"
  28      60640081 
  28      4A060460 
  28      05118C40 
  28      50CFC4F8 
  29 0014 9789B1F9 		.ascii	"\227\211\261\371\327\376\317|\365\177\033f44\010\264"
  29      D7FECF7C 
  29      F57F1B66 
  29      343408B4 
  30 0024 32337432 		.ascii	"23t2\203d\2273\32630\2620\000\331,8\0242v2\003\215f"
  30      83649733 
  30      D63330B2 
ARM GAS  /tmp/cctZdVsU.s 			page 2


  30      3000D92C 
  30      38143276 
  31 003c 5C0151C8 		.ascii	"\\\001Q\310\306\300\200]\015\023P\315J\210\032\006\000"
  31      C6C0805D 
  31      0D1350CD 
  31      4A881A06 
  31      00
  32 004d C1D4200D 		.ascii	"\301\324 \015"
  33              		.text
  34              		.section	.gnu.lto_.inline.1079bd7d39605d94,"",%progbits
  35 0000 789C6361 		.ascii	"x\234ca`d\000\201r\006\004`e``\341ad`\0022\331\026\310"
  35      60640081 
  35      72060460 
  35      656060E1 
  35      61646002 
  36 0018 83280646 		.ascii	"\203(\006F.\020\301\300\303\013\024\346\333\220\013"
  36      2E10C1C0 
  36      C30B14E6 
  36      DB900B
  37 0027 1767E206 		.ascii	"\027g\342\006\01133\2600\003%\230.\360\303%X\030\270"
  37      093333B0 
  37      30032598 
  37      2EF0C325 
  37      5818B8
  38 003a B881425C 		.ascii	"\270\201B\\\023\374\320\324\262\341\222`\000\000'K\010"
  38      13FCD0D4 
  38      B2E19260 
  38      0000274B 
  38      08
  39 004b ED       		.ascii	"\355"
  40              		.text
  41              		.section	.gnu.lto_.pureconst.1079bd7d39605d94,"",%progbits
  42 0000 789C6361 		.ascii	"x\234ca`d\340f```e\220`\224b\226b\221b\223\002\000\003"
  42      6064E066 
  42      60606065 
  42      90609462 
  42      96629162 
  43 0018 FA00A4   		.ascii	"\372\000\244"
  44              		.text
  45              		.section	.gnu.lto_stInit.1079bd7d39605d94,"",%progbits
  46 0000 789C6361 		.ascii	"x\234ca`d\000\201\225@\254\016\304\322@\314\310\314"
  46      60640081 
  46      9540AC0E 
  46      C4D240CC 
  46      C8CC
  47 0012 C0C834E1 		.ascii	"\300\3104\341\034\003C#\007\023##\210\321\300\301\310"
  47      1C034323 
  47      07132323 
  47      88D1C0C1 
  47      C8
  48 0023 50CFC458 		.ascii	"P\317\304X\317\370\225\351/\023\343\241\366g;\2314\227"
  48      CFF895E9 
  48      2F13E3A1 
  48      F6673B99 
  48      3497
  49 0035 3700C183 		.ascii	"7\000\301\203\326\371\314\015+\0160\266230\374g\002"
  49      D6F9CC0D 
ARM GAS  /tmp/cctZdVsU.s 			page 3


  49      2B0E30B6 
  49      323330FC 
  49      6702
  50 0047 9BC4C0B8 		.ascii	"\233\304\300\270\234Q\223\001\250\354\321\306\177Sy"
  50      9C519301 
  50      A8ECD1C6 
  50      7F5379
  51 0056 D95A40CA 		.ascii	"\331Z@\312\024 \222\214+\030\331@\326\255\017:\320\360"
  51      1420928C 
  51      2B18D940 
  51      D6AD0F3A 
  51      D0F0
  52 0068 FF7F7343 		.ascii	"\377\177sC\303u\203\377L@\235\037\200\222 k>21\201h"
  52      C37583FF 
  52      4C409D1F 
  52      8092206B 
  52      3E323181 
  53 007d E6178CCD 		.ascii	"\346\027\214\315\007\376\362\202T\203\314\331\271\363"
  53      07FEF282 
  53      5483CCD9 
  53      B9F3
  54 008b CD6DF6FA 		.ascii	"\315m\366\372\277\015\035\015\015\002\255\314\214\377"
  54      BF0D1D0D 
  54      0D02ADCC 
  54      8CFF
  55 0099 99804630 		.ascii	"\231\200F0\256d\254ghefbx\305\330t\340?+X)\010|\000"
  55      AE64AC67 
  55      68656662 
  55      78C5D874 
  55      E03F2B58 
  56 00b1 4A024D00 		.ascii	"J\002M\000\232\247\252\247\247\017A\316\031\231I\231"
  56      9AA7AAA7 
  56      A70F41CE 
  56      19994999 
  57 00c1 FEC1FAF9 		.ascii	"\376\301\372\371\305\372\031\2119\372\305E\311 :\276"
  57      C5FA1989 
  57      39FAC545 
  57      C9203ABE 
  58 00d1 B8442F99 		.ascii	"\270D/\231\001\000gjIe"
  58      0100676A 
  58      4965
  59              		.text
  60              		.section	.gnu.lto_stStartAlarm.1079bd7d39605d94,"",%progbits
  61 0000 789C9D53 		.ascii	"x\234\235SMHTQ\024\276\337\275\317\367t\312\237M\340"
  61      4D485451 
  61      14BEDFBD 
  61      CFF774CA 
  61      9F4DE0
  62 0013 424C0829 		.ascii	"BL\010)[\370\232j\027\024Q\004\201\022d\233VQ\031(\031"
  62      5BF89A6A 
  62      17145104 
  62      8112649B 
  62      56511928 
  63 0028 85236DE7 		.ascii	"\205#m\347\352\314\353\177!AQ\222\270\2200-\377\312"
  63      EACCEB7F 
  63      21415192 
  63      B890302D 
ARM GAS  /tmp/cctZdVsU.s 			page 4


  63      FFCA
  64 003a 7E462B5F 		.ascii	"~F+_\243\026-2\244hc\205\031X\210\201\241\025e:\235"
  64      A3162D32 
  64      A4686385 
  64      19588881 
  64      A115653A 
  65 004f 7367847E 		.ascii	"sg\204~hQ\227\231\271\357\236\367\235\363\235\357~g"
  65      68519799 
  65      B9EF9EF7 
  65      9DF39DEF 
  65      7E67
  66 0061 2C01C16B 		.ascii	",\001\301k\263%\304\021\332\327\323\027i\002\262~X\210"
  66      B325C411 
  66      DAD7D317 
  66      6902B27E 
  66      5888
  67 0073 DA742955 		.ascii	"\332t)Uo\276\320\001\353\205+\364R\005+\031\266\000"
  67      6FBED001 
  67      EB852BF4 
  67      52052B19 
  67      B600
  68 0085 7ED0E910 		.ascii	"~\320\351\020a\251,\204\361I\316K\304\217O\304dQ\213"
  68      61A92C84 
  68      F149CE4B 
  68      C48F4FC4 
  68      64518B
  69 0098 A635E6BD 		.ascii	"\2465\346\275[\243\257\370\360\224\020\011i(\004ZPD"
  69      5BA3AFF8 
  69      F0941009 
  69      6928045A 
  69      5044
  70 00aa A89168D7 		.ascii	"\250\221h\327%5+=\005Xt\374\370\244\341m\026\037%\012"
  70      25352B3D 
  70      055874FC 
  70      F8A4E16D 
  70      161F250A 
  71 00be E838D7D6 		.ascii	"\3508\327\326\3652[\255\202\240\347\367\375cg\261\362"
  71      F5325BAD 
  71      82A0E7F7 
  71      FD6367B1 
  71      F2
  72 00cf B2D6755A 		.ascii	"\262\326uZ\317\225\353\014O)\264AQ=\264\"\017W\220'"
  72      CF95EB0C 
  72      4F29B441 
  72      513DB422 
  72      0F579027 
  73 00e3 28247015 		.ascii	"($p\025+\031>\336\275p.\323\2162}\301\311E^\\\203M\022"
  73      2B193EDE 
  73      BD702ED3 
  73      8E327DC1 
  73      C9455E5C 
  74 00fa 4181CE9D 		.ascii	"A\201\316\235\276N$\"Z7\006[W\004\322\300y6U\260\034"
  74      BE4E2422 
  74      5A37065B 
  74      5704D2C0 
  74      793655B0 
  75 010f FE11629A 		.ascii	"\376\021b\232\360,\353\243\224\274\253\011\304{c=\215"
ARM GAS  /tmp/cctZdVsU.s 			page 5


  75      F02CEBA3 
  75      94BCAB09 
  75      C47B633D 
  75      8D
  76 0120 8FB27FAD 		.ascii	"\217\262\177\255\355\237~\0324e\023\022\277\323\012"
  76      ED9F7E1A 
  76      34651312 
  76      BFD30A
  77 012f B4C326B6 		.ascii	"\264\303&\266\016\330\021e\323\313\363^\374\251\303"
  77      0ED81165 
  77      D3CBF35E 
  77      FCA9C3
  78 013e EAD20C76 		.ascii	"\352\322\014v\270\375\313t yd<\353o\356\370\374(\275"
  78      B8FDCB74 
  78      2079643C 
  78      EB6FEEF8 
  78      FC28BD
  79 0151 098DB574 		.ascii	"\011\215\265t\316\361\224\215.\222\326I\322\030\337"
  79      CEF1948D 
  79      2E92D649 
  79      D218DF
  80 0160 F66476C6 		.ascii	"\366dv\306q\333u\264V\217\215|\312\333\350)\007\335"
  80      71DB75B4 
  80      568F8D7C 
  80      CADBE829 
  80      07DD
  81 0172 68C202B5 		.ascii	"h\302\002\265j\250p\035\256\230@\344\373\261)+\311\352"
  81      6AA8701D 
  81      AE9840E4 
  81      FBB1292B 
  81      C9EA
  82 0184 24898712 		.ascii	"$\211\207\022_\374lf\262 q\203\312\275Att\200Z\347\316"
  82      5FFC6C66 
  82      B2207183 
  82      CABD4174 
  82      74805AE7 
  83 0199 094590CE 		.ascii	"\011E\220\316\251\330\327\314$D\240\207\031\005\213"
  83      A9D8D7CC 
  83      2444A087 
  83      19058B
  84 01a8 57A2375F 		.ascii	"W\2427_\275\207\305@\356!\026\233\032u\302\363\372\204"
  84      BD87C540 
  84      EE21169B 
  84      1A75C2F3 
  84      FA84
  85 01ba E92F3D21 		.ascii	"\351/=!\231\373&\302\342gy\031F^\344[\377L\026A/\030"
  85      99FB26C2 
  85      E2677919 
  85      465EE45B 
  85      FF4C1641 
  86 01d0 68069BC0 		.ascii	"h\006\233\300\341\307\015W\017\262\302z\023\016\340"
  86      E1C70D57 
  86      0FB2C27A 
  86      130EE0
  87 01df 360DCCAD 		.ascii	"6\015\314\255\224\302\304\344\365\216\014J\311\345\032"
  87      94C2C4E4 
  87      F58E0C4A 
ARM GAS  /tmp/cctZdVsU.s 			page 6


  87      C9E51A
  88 01ee 77489AA1 		.ascii	"wH\232\241E\014aO-1\375X\306\214q\324\3450\376\244\177"
  88      450C614F 
  88      2D31FD58 
  88      C68C71D4 
  88      E530FEA4 
  89 0203 6A30A0AA 		.ascii	"j0\240\252\014]S\333\255)\0246\363|\370\261c\352\242"
  89      0C5D53DB 
  89      AD291436 
  89      F37CF8B1 
  89      63EAA2
  90 0216 F6A3053C 		.ascii	"\366\243\005<#\275\277\316\210\231\275>\024FT\032]U"
  90      23BDBFCE 
  90      8899BD3E 
  90      1446541A 
  90      5D55
  91 0228 BC21D6D3 		.ascii	"\274!\326\323\347e\375\356\351\363 CR\276\252?}\275"
  91      E765FDEE 
  91      E9F32043 
  91      52BEAA3F 
  91      7DBD
  92 023a 6B7CBD07 		.ascii	"k|\275\007\373\237,\373\260l\271\247\226\342\276\261"
  92      FB9F2CFB 
  92      B06CB9A7 
  92      96E2BEB1 
  93 024a 0CC92A2C 		.ascii	"\014\311*,\372|\367+;\330\311\030\275\233=\355\207\213"
  93      FA7CF72B 
  93      3BD8C918 
  93      BD9B3DED 
  93      878B
  94 025c D5946F00 		.ascii	"\325\224o\000\360\021L\365:\333\365\272\316\371GV\275"
  94      F0114CF5 
  94      3ADBF5BA 
  94      CEF94756 
  94      BD
  95 026d 892B3E30 		.ascii	"\211+>0\2242U1\016\367g\267\034je\2002\231a\372\177"
  95      94325531 
  95      0EF767B7 
  95      1C6A6580 
  95      329961FA 
  96 0282 190617E7 		.ascii	"\031\006\027\347\3200\014\031\206\273MgZ\003I\006\211"
  96      D0300C19 
  96      86BB4D67 
  96      5A034906 
  96      89
  97 0293 879449B6 		.ascii	"\207\224I\266\215y\223\271\346_\310\367+&Q\347?\333"
  97      8D7993B9 
  97      E65FC8F7 
  97      2B2651E7 
  97      3FDB
  98 02a5 664CE635 		.ascii	"fL\3465M\267B\366R\231\302\342b7\371\331RQ\271\257r"
  98      4DB742F6 
  98      5299C2E2 
  98      6237F9D9 
  98      5251B9AF 
  99 02ba 47997B38 		.ascii	"G\231{8\344V\354\255rC\325\373y\337\023\252)\336/\234"
  99      E456ECAD 
ARM GAS  /tmp/cctZdVsU.s 			page 7


  99      7243D5FB 
  99      79DF13AA 
  99      29DE2F9C 
 100 02ce BDFB4235 		.ascii	"\275\373B5\225\207\016l\370\033\372\310\341\352\232"
 100      95870E6C 
 100      F81BFAC8 
 100      E1EA9A
 101 02dd 905BB6AB 		.ascii	"\220[\266\253t\335Z\267\244d\253\273k{\351\321`*\177"
 101      74DD5AB7 
 101      A464ABBB 
 101      6B7BE9D1 
 101      602A7F
 102 02f0 4F555579 		.ascii	"OUUyq\205\260\270\300\017\215(\235w"
 102      7185B0B8 
 102      C00F8D28 
 102      9D77
 103              		.text
 104              		.section	.gnu.lto_stStopAlarm.1079bd7d39605d94,"",%progbits
 105 0000 789C6361 		.ascii	"x\234ca`d\000\001\013 \225\014\244\245\201\230\221\231"
 105      60640001 
 105      0B20950C 
 105      A4A58198 
 105      9199
 106 0012 819169C2 		.ascii	"\201\221i\3029\006\206F\016&FF\020\243\201\203\221\241"
 106      39068646 
 106      0E264646 
 106      10A38183 
 106      91A1
 107 0024 9E89B19E 		.ascii	"\236\211\261\236\361+\323_&\306C\355\317v2i.o\000\202"
 107      F12BD35F 
 107      26C643ED 
 107      CF763269 
 107      2E6F0082 
 108 0038 0747DF19 		.ascii	"\007G\337\0314\2548\300\330\312\314\300\360\237\011"
 108      34AC38C0 
 108      D8CACCC0 
 108      F09F09
 109 0047 6C1203E3 		.ascii	"l\022\003\343rFM\006\240\262G\033\377M\345ek\001)S\200"
 109      72464D06 
 109      A0B2471B 
 109      FF4DE565 
 109      6B012953 
 110 005c 4832AE60 		.ascii	"H2\256`d\003Y\267>\350@\303\377\377\315\015\015\037"
 110      640359B7 
 110      3EE840C3 
 110      FFFFCD0D 
 110      0D1F
 111 006e 0DF62A03 		.ascii	"\015\366*\003u~\000J\202\254\371\310\304\004\242\231"
 111      757E004A 
 111      82ACF9C8 
 111      C404A299 
 112 007e 9F311EFA 		.ascii	"\2371\036\372\262c\315\371\243\334\250\246\034\350\276"
 112      B263CDF9 
 112      A3DCA8A6 
 112      1CE8BE
 113 008d 670836E3 		.ascii	"g\0106\343?\023#\206\005\214+\031\331\2006\254bd\003"
 113      3F132386 
ARM GAS  /tmp/cctZdVsU.s 			page 8


 113      058C2B19 
 113      D98036AC 
 113      626403
 114 00a0 CA4C6B3D 		.ascii	"\312Lk=t\236\375\013S+3#X\341\271\265\337?pA\270 \305"
 114      749EFD0B 
 114      532B3323 
 114      58E1B9B5 
 114      DF3F7041 
 115 00b7 2C40A1C5 		.ascii	",@\241\305\353\276\035\347\230\3178\267\021\310\027"
 115      EBBE1DE7 
 115      98CF38B7 
 115      11C817
 116 00c6 68656662 		.ascii	"hefb\\\303(\303\270\232Q\206\001\244~\325\331/\237\331"
 116      5CC328C3 
 116      B89A5186 
 116      01A47ED5 
 116      D92F9FD9 
 117 00da F5D736B4 		.ascii	"\365\3276\26446<\330\270WL\276\225\231\231q-\343|\306"
 117      34363CD8 
 117      B8574CBE 
 117      95999971 
 117      2DE37CC6 
 118 00ee 7F407782 		.ascii	"\177@w\202\355a\\\307\250\217l\0153#\003\343z\240\346"
 118      ED615CC7 
 118      A88F6C0D 
 118      332303E3 
 118      7AA0E6
 119 0101 578C4D0F 		.ascii	"W\214M\017\226\276\347\000\271\021\034\024\037\200\016"
 119      96BEE700 
 119      B9111C14 
 119      1F800E
 120 0110 057A08A8 		.ascii	"\005z\010\250MUOO\037\202\23432\2232\375\203\365\363"
 120      4D554F4F 
 120      1F829C33 
 120      329332FD 
 120      83F5F3
 121 0123 8BF53312 		.ascii	"\213\3653\022s\364\213\213\222At|q\211^2\2035.U\005"
 121      73F48B8B 
 121      9241747C 
 121      71895E32 
 121      83352E55 
 122 0138 F94525C5 		.ascii	"\371E%\305\372\301!\276\306F\372>>.\372!\236\276e\206"
 122      FAC121BE 
 122      C646FA3E 
 122      3E2EFA21 
 122      9EBE6586 
 123 014c 507DF139 		.ascii	"P}\36199)z\031\014\000O_\221\216"
 123      39297A19 
 123      0C004F5F 
 123      918E
 124              		.text
 125              		.section	.gnu.lto_stSetAlarm.1079bd7d39605d94,"",%progbits
 126 0000 789C9552 		.ascii	"x\234\225RMHTQ\024\276\347\3367o~\362o\227\0131!\304"
 126      4D485451 
 126      14BEE7DE 
 126      376F7EF2 
 126      6F970B31 
ARM GAS  /tmp/cctZdVsU.s 			page 9


 127 0016 6C31AFA9 		.ascii	"l1\257\251vA\233\202\010\224 \335\264\022\177\002\245"
 127      76419B82 
 127      089420DD 
 127      B4127F02 
 127      A5
 128 0027 09C59176 		.ascii	"\011\305\221v1Wg^fm$HR\022\027\022\332\3308\216\231"
 128      3157675E 
 128      666D2448 
 128      52121712 
 128      DAD8388E 
 129 003c 355AF998 		.ascii	"5Z\371\230\012i\241\341\246E%L\006\"6\205\342\317\320"
 129      0A69A1E1 
 129      A645254C 
 129      06223685 
 129      E2CFD0
 130 004f 8F4EE7DC 		.ascii	"\217N\347\3341H\243E\227\367\346\276s\346\273\337w\276"
 130      3148A345 
 130      97F7E6BE 
 130      73E6BBDF 
 130      77BE
 131 0061 7B8EC680 		.ascii	"{\216\306\200\321\272*\030k\302\3758\276`c\300;g\031"
 131      D1BA2A18 
 131      6BC2FD38 
 131      BE6063C0 
 131      3B6719
 132 0074 6B75702E 		.ascii	"kup.&\012\231tio\015&\263\004h\231\264\006@\037\322"
 132      260A9974 
 132      696F0D26 
 132      B3046899 
 132      B406401F 
 133 0089 01CCCF85 		.ascii	"\001\314\317\205\006~\330\340[\034\342\355\2131^: q"
 133      067ED8E0 
 133      5B1CE2ED 
 133      8B315E3A 
 133      2071
 134 009b 25CCCD23 		.ascii	"%\314\315#r\320\002\023y\323\\I0\030\200RD\315\005G"
 134      72D00213 
 134      79D35C49 
 134      30188052 
 134      44CD0547 
 135 00af EE8A756E 		.ascii	"\356\212un\012\000\015\303\325\231\236O9\024r(\302\360"
 135      0A000DC3 
 135      D5999E4F 
 135      39147228 
 135      C2F0
 136 00c1 4768E443 		.ascii	"Gh\344C\2568\004\014\277\227\246\022\267\240\344\236"
 136      AE38040C 
 136      BF97A612 
 136      B7A0E49E 
 137 00d1 946D52A6 		.ascii	"\224mR\246\352\244\323\024\002B \220\017\356C\001\014"
 137      EAA4D314 
 137      02422090 
 137      0FEE4301 
 137      0C
 138 00e2 4201C314 		.ascii	"B\001\303\024\203!(!\370Bt\373v\266\036$\371\242\216"
 138      83212821 
 138      F84274FB 
ARM GAS  /tmp/cctZdVsU.s 			page 10


 138      76B61E24 
 138      F9A28E
 139 00f5 DFBAF000 		.ascii	"\337\272\360\000t\264\010\230\210\234\267d:\035\220"
 139      74B40898 
 139      889CB764 
 139      3A1D90
 140 0104 B2DB337F 		.ascii	"\262\3333\177\320a\003:\247#\203f\247\037\306V\020O"
 140      D061033A 
 140      A7238366 
 140      A71FC656 
 140      104F
 141 0116 B65639A7 		.ascii	"\266V9\247],B|\"6\326;\235\273\233\333\272\371\305\243"
 141      5D2C427C 
 141      2236D63B 
 141      9DBB9BDB 
 141      BAF9C5A3 
 142 012a 68D31CF6 		.ascii	"h\323\034\366\3122\010\203\216j\303\240\007\204\216"
 142      CA320883 
 142      8E6AC3A0 
 142      07848E
 143 0139 7F7699F1 		.ascii	"\177v\231\3617vrgS\330\331pj\305\225\011\011O\376\373"
 143      37767267 
 143      53D8D970 
 143      6AC59509 
 143      094FFEFB 
 144 014d 8737A71D 		.ascii	"\2077\247\035}\320\333\212q\236)t\030Ak\021\264F\370"
 144      7DD0DB8A 
 144      719E2974 
 144      18416B11 
 144      B446F8
 145 0160 D0CCFA9A 		.ascii	"\320\314\372\232\335\010\313`\253L\314m\024\2344\205"
 145      DD08CB60 
 145      AB4CCC6D 
 145      149C3485 
 146 0170 1DA2D007 		.ascii	"\035\242\320\007\333X\252\222\202Q0\330\"\004~^Kj\031"
 146      DB58AA92 
 146      825130D8 
 146      22047E5E 
 146      4B6A19
 147 0183 557B46F8 		.ascii	"U{F\370U:e\345\222\222\006\034\036\"\335G\010\276{\201"
 147      553A65E5 
 147      9292061C 
 147      1E22DD47 
 147      08BE7B81 
 148 0197 A553E588 		.ascii	"\245S\345\210BH$\031\373\226\235\2010\030#EF\346\005"
 148      42482419 
 148      FB969D81 
 148      30182345 
 148      46E605
 149 01aa 9B28144B 		.ascii	"\233(\024K\240\021\220j\210\305\222\357\355\376-y]\325"
 149      A011906A 
 149      88C592EF 
 149      EDFE2D79 
 149      5DD5
 150 01bc E74873D2 		.ascii	"\347Hs\322~\004~\366\247=\247\262\027\370>\265\226\203"
 150      7E047EF6 
 150      A73DA7B2 
ARM GAS  /tmp/cctZdVsU.s 			page 11


 150      17F83EB5 
 150      9683
 151 01ce D03B0AEA 		.ascii	"\320;\012\352\244&P\372u\317\320%r\330\251\322.x\214"
 151      A42650FA 
 151      75CFD025 
 151      72D8A9D2 
 151      2E788C
 152 01e1 0333BEE3 		.ascii	"\0033\276\3430\275<:\354\304#\371\304\361\004\255)Y"
 152      30BD3C3A 
 152      ECC423F9 
 152      C4F104AD 
 152      2959
 153 01f3 8881DF14 		.ascii	"\210\201\337\024\373T=\232j\306\002\264\345\021\276"
 153      FB543D9A 
 153      6AC602B4 
 153      E511BE
 154 0202 C3BAF1D2 		.ascii	"\303\272\361\322%\274J\256/4\236\204\342~\232\017+\332"
 154      25BC4AAE 
 154      2F349E84 
 154      E27E9A0F 
 154      2BDA
 155 0214 2EBAA515 		.ascii	".\272\245\025,\242\031\231\330=#j\366&\2418 lxU\361"
 155      2CA21999 
 155      D83D236A 
 155      F626A138 
 155      206C7855 
 156 0229 9ED8D867 		.ascii	"\236\330\330g3goO\277z\010\262\323W\361w_\237\252\276"
 156      33676F4F 
 156      BF7A08B2 
 156      D357F177 
 156      5F9FAABE 
 157 023d 3E03FDBF 		.ascii	">\003\375\277Z\026\336\177\300\024Y\360\\\265\0142,"
 157      5A16DE7F 
 157      C01459F0 
 157      5CB50C32 
 157      2C
 158 024e 64BA2B3A 		.ascii	"d\272+:\257{\"\204\221\027\250\247S`\300a<\257\000`"
 158      AF7B2284 
 158      9117A8A7 
 158      5360C061 
 158      3CAF0060 
 159 0262 81876A45 		.ascii	"\201\207jE\313\0113\225\257&\230jc\313\320fM\236Q\027"
 159      CB093395 
 159      AF26986A 
 159      63CBD066 
 159      4D9E5117 
 160 0276 446B0519 		.ascii	"Dk\005\031\361j\260\035\305n\267\221yN\3257\3244\234"
 160      F16AB01D 
 160      C56EB791 
 160      794ED537 
 160      D4349C
 161 0289 AB301A7D 		.ascii	"\2530\032}F}\265\327\3605\327\322^\345kq\3272{u\215"
 161      467DB5D7 
 161      F035D7D2 
 161      5EE56B71 
 161      D7327B75 
 162 029e AFA5E1F2 		.ascii	"\257\245\341\362\305\023\377B756\267\370\214\212\312"
ARM GAS  /tmp/cctZdVsU.s 			page 12


 162      C513FF42 
 162      373536B7 
 162      F88C8ACA 
 163 02ae F263478D 		.ascii	"\362cG\215\262\262\323F\345\331\362+\236\235\363U^o"
 163      B2B2D346 
 163      E5D9F22B 
 163      9E9DF355 
 163      5E6F
 164 02c0 9DBB9E69 		.ascii	"\235\273\236iD\360\013t\263ZQ"
 164      44F00B74 
 164      B35A51
 165              		.text
 166              		.section	.gnu.lto_stGetAlarm.1079bd7d39605d94,"",%progbits
 167 0000 789C9552 		.ascii	"x\234\225RMHTQ\024>\337\275o\336\214\226\332\256\026"
 167      4D485451 
 167      143EDFBD 
 167      6FDE8C96 
 167      DAAE16
 168 0013 2242B4B0 		.ascii	"\"B\264\260\305\274\246\332\005mj\221\240\004\351\242"
 168      C5BCA6DA 
 168      056D6A91 
 168      A004E9A2 
 169 0023 9D942D94 		.ascii	"\235\224-\224\004\303\221\266su\346E\322\306\026IX\342"
 169      04C391B6 
 169      7375E645 
 169      D2C61649 
 169      58E2
 170 0035 A285E5DF 		.ascii	"\242\205\345\3378\366;S\224\030\"-\264\237E\213\"\260"
 170      38F63B53 
 170      9418222D 
 170      B49F458B 
 170      22B0
 171 0047 021171A1 		.ascii	"\002\021q\241\250\211\321\314\353\234\367&(\243E\227"
 171      A889D1CC 
 171      EB9CF726 
 171      28A34597 
 172 0057 F7EE7DE7 		.ascii	"\367\356}\347\336\357\236\357\373\316y\026\201d\254"
 172      DEEF9EEF 
 172      FBCE7916 
 172      8164AC
 173 0066 29A2665E 		.ascii	")\242f^\217\362\213\020A\365\316\023uE\224\322\271*"
 173      8FF28B10 
 173      41F5CE13 
 173      754594D2 
 173      B92A
 174 0078 32A5D67B 		.ascii	"2\245\326{\207\314n\015+\330\266\000\3710\021PBi\013"
 174      87CC6E0D 
 174      2BD8B600 
 174      F9301150 
 174      42690B
 175 008b 096CAABC 		.ascii	"\011l\252\274\302\333\324\304m\275\241\\M\2608\\\233"
 175      C2DBD4C4 
 175      6DBDA15C 
 175      4DB0385C 
 175      9B
 176 009c EBFF5A2E 		.ascii	"\353\377Z.!P\315\341-\363\256'\\3dL\267Yp\013g\257'"
 176      2150CDE1 
ARM GAS  /tmp/cctZdVsU.s 			page 13


 176      2DF3AE27 
 176      5C33644C 
 176      B759700B 
 177 00b3 DD53AE56 		.ascii	"\335S\256V\344)\302]Tb\010\225\302}\0175\304\340/\231"
 177      E429C25D 
 177      54620895 
 177      C27D0F35 
 177      C4E02F99 
 178 00c7 C28D323B 		.ascii	"\302\2152;exT\367h\022\024\037\016\303f\271\340\215"
 178      657854F7 
 178      6812141F 
 178      0EC366B9 
 178      E08D
 179 00d9 F49929E3 		.ascii	"\364\231)\343yIc\266\017\345\367\2075q\246\020O\332"
 179      794963B6 
 179      0FE5F787 
 179      3571A610 
 179      4FDA
 180 00eb 96896895 		.ascii	"\226\211h\225\341\242pM)Y\365\"\246s\331\321\201\331"
 180      E1A2704D 
 180      2959F522 
 180      A673D9D1 
 180      81D9
 181 00fd 8A3F534F 		.ascii	"\212?SO]\313\307\374\254\236\302NV\302\010l&\033\205"
 181      5DCBC7FC 
 181      AC9EC24E 
 181      56C2086C 
 181      261B85
 182 0110 9DD4213E 		.ascii	"\235\324!>\354s\247_\207\305\216\345c\347\307\266VK"
 182      EC73A75F 
 182      87C58EE5 
 182      63E7C7B6 
 182      564B
 183 0122 8350F062 		.ascii	"\203P\360b\370\316\370\267\331\310 \006\2728\336\343"
 183      F8CEF8B7 
 183      D9C82006 
 183      BA38DEE3 
 184 0132 EA10C6D9 		.ascii	"\352\020\306\331\327\230\370\342\303\341\271\215\365"
 184      D798F8E2 
 184      C3E1B98D 
 184      F5
 185 013f B0336652 		.ascii	"\2603fR]f!\263Yy\334\3256\322\030D\201\245\372T\230"
 185      5D6621B3 
 185      5979DCD5 
 185      36D21844 
 185      81A5FA54 
 186 0154 80438B48 		.ascii	"\200C\213H\376\270\262b\005\254E\342\031ok\252B\230"
 186      FEB8B262 
 186      05AC45E2 
 186      196F6BAA 
 186      4298
 187 0166 3414329C 		.ascii	"4\0242\234\3563R\037^\262tQ\316(\206\244W\262\333e\001"
 187      EE33521F 
 187      5EB27451 
 187      CE2886A4 
 187      57B2DB65 
 188 017b 8430E957 		.ascii	"\2040\351WR\314k\312U\351%X\002\024\015\331\354\312"
ARM GAS  /tmp/cctZdVsU.s 			page 14


 188      52CC6BCA 
 188      55E92558 
 188      02140DD9 
 188      ECCA
 189 018d C770226F 		.ascii	"\307p\"o\256\372\372\302\236\022\356\373H\320\357\366"
 189      AEFAFAC2 
 189      9E12EEFB 
 189      48D0EFF6 
 190 019d 22BEBDE4 		.ascii	"\"\276\275\344\367\027\353\345\014\275\351C#\322\003"
 190      F717EBE5 
 190      0CBDE943 
 190      23D203
 191 01ac D97ED53F 		.ascii	"\331~\325?rQ\034\366\372\333%x\310\275\177Pt\350-O\216"
 191      72511CF6 
 191      FADB2578 
 191      C8BD7F50 
 191      74E82D4F 
 192 01c1 97F0957D 		.ascii	"\227\360\225}\222\343\021[\363i\361\030\011W\227\372"
 192      92E3115B 
 192      F369F118 
 192      095797FA 
 193 01d1 7AAC5FCD 		.ascii	"z\254_\315x\236\035\365f\354\035\315\350)\240\330\014"
 193      789E1DF5 
 193      66EC1DCD 
 193      E829A0D8 
 193      0C
 194 01e2 FD77339E 		.ascii	"\375w3\236\370\315\310\212a\375_\245\316\357\255u\365"
 194      F8CDC88A 
 194      61FD5FA5 
 194      CEEFAD75 
 194      F5
 195 01f3 2EE4FC52 		.ascii	".\344\374R#H$b\3732\237\354XZ0f\000\322\214\247pp\220"
 195      23482462 
 195      FB329FEC 
 195      585A3066 
 195      00D28CA7 
 196 020a 13F8083C 		.ascii	"\023\370\010<C\214\226\321\275\340zo\020\324Y*\300?"
 196      438C96D1 
 196      BDE07A6F 
 196      10D4592A 
 196      C03F
 197 021c 16C403D7 		.ascii	"\026\304\003\327\355@4\352\004\317\211\226\326\363\255"
 197      ED4034EA 
 197      04CF8996 
 197      D6F3AD
 198 022b A71B9CF6 		.ascii	"\247\033\234\366\270\323r\256\315\211w4\313\332\024"
 198      B8D372AE 
 198      CD897734 
 198      CBDA14
 199 023a EF8C36D3 		.ascii	"\357\2146\323\261\177\241.\265wt\306\235\206\306\372"
 199      B17FA12E 
 199      B57774C6 
 199      9D86C6FA 
 200 024a 23879DBA 		.ascii	"#\207\235\272\272\223Ncm\375\345X\361^S[\333\205h\013"
 200      BA934E63 
 200      6DFDE558 
 200      F15E535B 
ARM GAS  /tmp/cctZdVsU.s 			page 15


 200      DB85680B 
 201 025e FD04D746 		.ascii	"\375\004\327F*\336"
 201      2ADE
 202              		.text
 203              		.section	.gnu.lto_.symbol_nodes.1079bd7d39605d94,"",%progbits
 204 0000 789C558A 		.ascii	"x\234U\212\301\015\3020\020\004\347\366\234\210|S\001"
 204      C10DC230 
 204      1004E7F6 
 204      9C887C53 
 204      01
 205 0011 F4407FE7 		.ascii	"\364@\177\347G\012\240\010J \001\002\264@\015T\202\260"
 205      470AA008 
 205      4A200102 
 205      B4400D54 
 205      82B0
 206 0023 9C0FDECF 		.ascii	"\234\017\336\317H3\2330\026\312tQ\300\351\015\005k>"
 206      48339B30 
 206      16CA7451 
 206      C0E90D05 
 206      6B3E
 207 0035 14332BAC 		.ascii	"\0243+\2541\335C\344\021\\\213B\355\371\252\360\366"
 207      31DD43E4 
 207      115C8B42 
 207      EDF9AAF0 
 207      F6
 208 0046 FC946DE7 		.ascii	"\374\224m\347\233\"\265\351%\325dwEW\023\344\274\007"
 208      9B22B5E9 
 208      25D56477 
 208      455713E4 
 208      BC07
 209 0058 5B15FDBF 		.ascii	"[\025\375\277pv\234?_s\033\230\346\243\247\015}\005"
 209      70769C3F 
 209      5F731B98 
 209      E6A3A70D 
 209      7D05
 210 006a 3F510E29 		.ascii	"?Q\016)\210"
 210      88
 211              		.text
 212              		.section	.gnu.lto_.refs.1079bd7d39605d94,"",%progbits
 213 0000 789C6361 		.ascii	"x\234ca`d\020````ddbbadabeadcbga\000\000\003%\000D"
 213      60641060 
 213      60606064 
 213      64626261 
 213      64616265 
 214              		.text
 215              		.section	.gnu.lto_.decls.1079bd7d39605d94,"",%progbits
 216 0000 789CB558 		.ascii	"x\234\265X{PT\327\031\277\347\236\345\265\354\202E'"
 216      7B5054D7 
 216      19BFE79E 
 216      E5B5EC82 
 216      4527
 217 0012 E374988E 		.ascii	"\343t\230\216Z\034\231\351\204\025m\036M\333L\"\246"
 217      5A1C99E9 
 217      84156D1E 
 217      4DDB4C22 
 217      A6
 218 0023 9A4C4C3A 		.ascii	"\232LL:\213\315\364\277\035DR\230\301G\3315\235\374"
ARM GAS  /tmp/cctZdVsU.s 			page 16


 218      8BCDF4BF 
 218      1D445298 
 218      C147D935 
 218      9DFC
 219 0035 D1E91588 		.ascii	"\321\351\025\210\200b\305\200\210\370\342!\012\001y"
 219      8062C580 
 219      88F8E221 
 219      0A0179
 220 0044 0A880BBA 		.ascii	"\012\210\013\272\212.(`\021\025D@\020\205\210ZD$\242"
 220      8A2E2860 
 220      11154440 
 220      1085885A 
 220      4424A2
 221 0057 22D0EF3C 		.ascii	"\"\320\357<.\367\356\272\230f\246\335\341[\356w\316"
 221      2EF7EEBA 
 221      9866A6DD 
 221      E15BEE77 
 221      CE
 222 0068 EFFCBEDF 		.ascii	"\357\374\276\337w\276s\3579{5\002\022\310'}\256 t\211"
 222      77BE73EF 
 222      397B3502 
 222      12C8277D 
 222      AE207489 
 223 007c 82300F6C 		.ascii	"\2020\017l\032>\356\320\366\005\030\270B%X\255\300>"
 223      1A3EEED0 
 223      F60518B8 
 223      422558AD 
 223      C03E
 224 008e 1E6067C1 		.ascii	"\036`g\301Z\301\332\300\256\201u\200u\202\335\002\303"
 224      5AC1DAC0 
 224      AE817580 
 224      7582DD02 
 224      C3
 225 009f 60FD6003 		.ascii	"`\375`\003`\367\004\307\317Y\336Ox\207\300l\274]\344"
 225      60F704C7 
 225      CF59DE4F 
 225      7887C06C 
 225      BC5DE4
 226 00b2 7D9DC2AB 		.ascii	"}\235\302\253\037\022G\317\307\370\201\315\003k\006"
 226      1F1247CF 
 226      C7F881CD 
 226      036B06
 227 00c1 5B02F626 		.ascii	"[\002\366&H\377\025\330#\270\016BL\347\011\260\036\260"
 227      48FF15D8 
 227      23B80E42 
 227      4CE709B0 
 227      1EB0
 228 00d3 491EEBE7 		.ascii	"I\036\353\347\320\276\010\354\227`\032\316\3676bZ\337"
 228      D0BE08EC 
 228      97601ACE 
 228      F736625A 
 228      DF
 229 00e4 85FF88EB 		.ascii	"\205\377\210\353U\177H^\032\036S\035\003q>\221c\336"
 229      557F485E 
 229      1A1E531D 
 229      03713E91 
 229      63DE
ARM GAS  /tmp/cctZdVsU.s 			page 17


 230 00f6 43AFEABD 		.ascii	"C\257\352\275\366\023\364\2229\265\252\364\212*\275"
 230      F613F492 
 230      39B5AAF4 
 230      8A2ABD
 231 0105 1ACE256B 		.ascii	"\032\316%k\375\035\327:\340\024\217\314\275\356\177"
 231      FD1DD73A 
 231      E0148FCC 
 231      BDEE7F
 232 0114 10AB4315 		.ascii	"\020\253C\025\353}\036\313\271~\223\"\272\022_z\000"
 232      EB7D1ECB 
 232      B97E9322 
 232      BA125F7A 
 232      00
 233 0125 8F89C84F 		.ascii	"\217\211\310O\2134\340>n\311\274\343\003\356<-Z\000"
 233      8B34E03E 
 233      6EC9BCE3 
 233      03EE3C2D 
 233      5A00
 234 0137 EEC4BDB4 		.ascii	"\356\304\275\264N\304zu\340n\313\260W{i\023%\370\244"
 234      4EC47A75 
 234      E06ECBB0 
 234      577B6913 
 234      25F8A4
 235 014a C4497E8D 		.ascii	"\304I~\215>\244#\037\371\243c\310\037\"|\207\264\360"
 235      3EA4231F 
 235      F9A363C8 
 235      1F227C87 
 235      B4F0
 236 015c 6DF04705 		.ascii	"m\360G\005\340\002<\367~M\275\033\033\255\007\267;'"
 236      E0023CF7 
 236      7E4DBD1B 
 236      1BAD07B7 
 236      3B27
 237 016e 2D4FC3B8 		.ascii	"-O\303\270\357\221\356\353\317\352^\350\260\210\340"
 237      EF91EEEB 
 237      CFEA5EE8 
 237      B088E0
 238 017d 5A5311DB 		.ascii	"ZS\021\333\233\355\203\002\375\021\220!\355Q\032A\222"
 238      9BED8302 
 238      FD119021 
 238      ED511A41 
 238      92
 239 018e 44019521 		.ascii	"D\001\225!-:\216\260\2548S\202\350#\377 \315p\355I\377"
 239      2D3A8EB0 
 239      AC385382 
 239      E823FF20 
 239      CD70ED49 
 240 01a3 434BAC34 		.ascii	"CK\2544\222#\271\317\027\320r\177\264\324_@\305(\220"
 240      9223B9CF 
 240      17D0727F 
 240      B4D45F40 
 240      C52890
 241 01b6 7609A814 		.ascii	"v\011\250\024\010K\230\234\261[\003\001~)\234\372\003"
 241      084B989C 
 241      B15B0301 
 241      7E299CFA 
 241      03
ARM GAS  /tmp/cctZdVsU.s 			page 18


 242 01c7 44A98BA0 		.ascii	"D\251\213\240\273\220\212/G~r\012\004|\263\2419\336"
 242      BB908A2F 
 242      477E720A 
 242      047CB3A1 
 242      39DE
 243 01d9 5DCBA953 		.ascii	"]\313\251S~\214\332z\252\273\323M\315]\361:\356\351"
 243      7E8CDA7A 
 243      AABBD34D 
 243      CD5DF13A 
 243      EEE9
 244 01eb E4D30FB4 		.ascii	"\344\323\017\264\272\355\204\233O\343\011\344\247\232"
 244      BAED849B 
 244      4FE309E4 
 244      A79A
 245 01f9 C74A4416 		.ascii	"\307JD\026\000\375\017\350\311\221\326I\035\233E-\021"
 245      00FD0FE8 
 245      C991D649 
 245      1D9B452D 
 245      11
 246 020a 56385DE5 		.ascii	"V8]\345>{\015\252\345\032T1e\035\235\3615\274\202\336"
 246      3E7B0DAA 
 246      E51A5431 
 246      651D9DF1 
 246      35BC82DE 
 247 021e E056DFDE 		.ascii	"\340V\337\336s\306\213\325\340\006\351n\177\2707\001"
 247      73C68BD5 
 247      E006E96E 
 247      7FB83701 
 248 022e 394F4A0D 		.ascii	"9OJ\015\260\235\244l\247\250\360jY\370xA\336c\037\347"
 248      B09DA46C 
 248      A7A8F06A 
 248      59F87841 
 248      DE631FE7 
 249 0242 3467456F 		.ascii	"4gEo/\252\212\365tH\323\352\220f-O\263\226\246Ywu\342"
 249      2FAA8AF5 
 249      7448D3EA 
 249      90662D4F 
 249      B396A659 
 250 0259 B2A60B75 		.ascii	"\262\246\013u\"X\310h\016-6B\354\033Q\023\230Q\027."
 250      2258C868 
 250      0E2D3642 
 250      EC1B5113 
 250      9851172E 
 251 026d 44812F6A 		.ascii	"D\201/j\271\011\311@\356\213\362\2450CF\377\370x\372"
 251      B909C940 
 251      EE8BF2A5 
 251      304346FF 
 251      F878FA
 252 0280 50A41F4A 		.ascii	"P\244\037J\242\260#>\210\371|\260\200\270/*\001\020"
 252      A2B0233E 
 252      88F97CB0 
 252      80B82F2A 
 252      0110
 253 0292 73E5012A 		.ascii	"s\345\001*>&\227\323)\232grB\362\335\227P>\334\353\206"
 253      3E2697D3 
 253      299A6772 
 253      42F2DD97 
ARM GAS  /tmp/cctZdVsU.s 			page 19


 253      503EDCEB 
 254 02a7 3DC82D80 		.ascii	"=\310-\200z\237\347\377!\250H^\371\277Pn\321\311\213"
 254      7A9FE7FF 
 254      21A8485E 
 254      F9BF506E 
 254      D1C98B
 255 02ba FB33C5F9 		.ascii	"\3733\305\371\351\274\342\0134\350\2137T\263hC\363\341"
 255      E9BCE20B 
 255      34E88B37 
 255      54B36843 
 255      F3E1
 256 02cc 7B9D8661 		.ascii	"{\235\206aw\244\336\277\341\265(K\312*\225\372zG\226"
 256      77A4DEBF 
 256      E1B5284B 
 256      CA2A95FA 
 256      7A4796
 257 02df EF936CF1 		.ascii	"\357\223l\3610L$(t\032at\006\005\221\370\247\351\035"
 257      304C2428 
 257      741A6174 
 257      060591F8 
 257      A7E91D
 258 02f2 85EA5017 		.ascii	"\205\352P\027\010;\213\026\301\310\270\242\233\333\335"
 258      083B8B16 
 258      C1C8B8A2 
 258      9BDBDD
 259 0301 F0EFA994 		.ascii	"\360\357\251\224\236\306\202B\362PX\242E$!_h*yX\363"
 259      9EC68242 
 259      F25058A2 
 259      4524215F 
 259      682A7958 
 260 0316 5CCF9A08 		.ascii	"\\\317\232\010\242m\327\350\021\017\374\011\271\026"
 260      A26DD7E8 
 260      110FFC09 
 260      B916
 261 0324 ED3B2BCA 		.ascii	"\355;+\312\275Q \273k\373\272\354+w'\220\220\015\260"
 261      BD5120BB 
 261      6BFBBAEC 
 261      2B772790 
 261      900DB0
 262 0337 362E2821 		.ascii	"6.(!\227\220U\221\250,\006a&\007d\207[\012x\011\020"
 262      97905591 
 262      A82C0661 
 262      26076487 
 262      5B0A7809 
 263 034c 9D87C67A 		.ascii	"\235\207\306z\266t\013\216\354\316q\307q\210\006\331"
 263      B6740B8E 
 263      ECCE71C7 
 263      718806D9 
 264 035c 77E2BB71 		.ascii	"w\342\273q\355L\220\232\355\277\206\231\232\203.A\214"
 264      ED4C909A 
 264      EDBF8699 
 264      9A832E41 
 264      8C
 265 036d 46254603 		.ascii	"F%F\003\232=\310E\327AvUv\275\364\305%,\310\364\323"
 265      9A3DC845 
 265      D7417655 
 265      76BDF4C5 
ARM GAS  /tmp/cctZdVsU.s 			page 20


 265      252CC8F4 
 266 0382 C14AB8CB 		.ascii	"\301J\270\313\002]3\264\270``r\236\354\370,\347\033"
 266      025D33B4 
 266      B8606072 
 266      9EECF82C 
 266      E71B
 267 0394 927333E8 		.ascii	"\222s3\350iR\364\\\222o\205\303\205=\271\036\032\262"
 267      6952F45C 
 267      926F85C3 
 267      853DB91E 
 267      1AB2
 268 03a6 B209028A 		.ascii	"\262\011\002\212\005mU\245\273\036\273\315Z\326\177"
 268      056D55A5 
 268      BB1EBBCD 
 268      5AD67F
 269 03b5 D1B25E46 		.ascii	"\321\262^F\274\256Igo\244k\240\256}\264\256\272\364"
 269      BCAE4967 
 269      6FA46BA0 
 269      AE7DB4AE 
 269      BAF4
 270 03c7 38A911C6 		.ascii	"8\251\021\306- 0tN\011xN]\327VZ\327\213\023\345>\270"
 270      2D203074 
 270      4E09784E 
 270      5DD7565A 
 270      D78B13E5 
 271 03dd 9FE6876E 		.ascii	"\237\346\207n>\037\331\345\306Xlcv\235\224\262\225\334"
 271      3E1FD9E5 
 271      C6586C63 
 271      769D94B2 
 271      95DC
 272 03ef C5646D5C 		.ascii	"\305dm\\Q8\256\2509\332(\307\267\025\343\207\335\360"
 272      5138AEA8 
 272      39DA28C7 
 272      B715E387 
 272      DDF0
 273 0401 3023193C 		.ascii	"0#\031<VY\251\345$\245\0152\011\021rU!\271\252&\271"
 273      5659A9E5 
 273      24A50D32 
 273      09117255 
 273      21B9AA26 
 274 0416 46498AC6 		.ascii	"FI\212\306Z\313\365\3709#9?}\371\272\207:y2/J\366\355"
 274      5ACBF5F8 
 274      3923393F 
 274      7DF9BA87 
 274      3A79322F 
 275 042d 0E8B7A7F 		.ascii	"\016\213z\177R\355J\036\360q\203~fM\003\010]WB^W\207"
 275      52ED4A1E 
 275      F071837E 
 275      664D0308 
 275      5D57425E 
 276 0443 ECA0211F 		.ascii	"\354\240!\037'?\312\362\305\361t\213A\325\343/\007\365"
 276      273FCAF2 
 276      C5F1748B 
 276      41D5E32F 
 276      07F5
 277 0455 84060A76 		.ascii	"\204\006\012v\245\355\357[s\267\331R\020\275\177\320"
 277      A5EDEF5B 
ARM GAS  /tmp/cctZdVsU.s 			page 21


 277      73B7D952 
 277      10BD7FD0 
 278 0465 0D85E506 		.ascii	"\015\205\345\006\337k\340AD\030l#G20nf\014\017\012\007"
 278      DF6BE041 
 278      44186C23 
 278      4732306E 
 278      660C0F0A 
 279 047a DB7D1C1E 		.ascii	"\333}\034\036h\025\016\252\273\330\003\215Lz}S,\246"
 279      68150EAA 
 279      BBD8038D 
 279      4C7A7D53 
 279      2CA6
 280 048c F586365E 		.ascii	"\365\2066^\357mu\007oif\255w\017\315\270[\256\367\235"
 280      EF6D7507 
 280      6F6966AD 
 280      770FCDB8 
 280      5BAEF79D 
 281 04a0 B203235A 		.ascii	"\262\003#Z.\266;}KZ\\\326j\002A7\025\2457e\245\267\250"
 281      2EB63B7D 
 281      4B5A5CD6 
 281      6A024137 
 281      15A53765 
 282 04b7 D2C991A4 		.ascii	"\322\311\221\244D\315\302)\3610\354\212\260\235\020"
 282      44CDC229 
 282      F130EC8A 
 282      B09D10
 283 04c6 12A9C19A 		.ascii	"\022\251\301\232\246\307\311\230\212\317ny\222\256\305"
 283      A6C7C998 
 283      8ACF6E79 
 283      92AEC5
 284 04d5 99CCA9CB 		.ascii	"\231\314\251\313(9\357\2718Wj\205\010\275\317t\251R"
 284      2839EFB9 
 284      38576A85 
 284      08BDCF74 
 284      A952
 285 04e7 7CA3A4A1 		.ascii	"|\243\244\241\273\320m\010\000\013G\265y\365AK/Z(\240"
 285      BBD06D08 
 285      000B47B5 
 285      79F5414B 
 285      2F5A28A0 
 286 04fb 7EB498A4 		.ascii	"~\264\230\244Q\333\237\340\2730\027\2238V\026\247\312"
 286      51DB9FE0 
 286      BB301793 
 286      385616A7 
 286      CA
 287 050c 5E5FE88E 		.ascii	"^_\350\216K\030\265\375\312\031\023c\266\235X\225\230"
 287      4B18B5FD 
 287      CA191363 
 287      B69D5895 
 287      98
 288 051d B295A228 		.ascii	"\262\225\242(-,\003\325fq\027Z\356\020\332\001J\373"
 288      2D2C03D5 
 288      6671175A 
 288      EE10DA01 
 288      4AFB
 289 052f 43F7CDD3 		.ascii	"C\367\315\323\232\205uj\332\354\202\322,\214/2\332\224"
 289      9A85756A 
ARM GAS  /tmp/cctZdVsU.s 			page 22


 289      DAEC82D2 
 289      2C8C2F32 
 289      DA94
 290 0541 B6E3437A 		.ascii	"\266\343Cz\316;\346\310\333\341\300\373=\264\014\022"
 290      CE3BE6C8 
 290      DBE1C0FB 
 290      3DB40C12 
 291 0551 DE7B9477 		.ascii	"\336{\224wb\240\344{\235C\315H\301\225y\037\342\233"
 291      62A0E47B 
 291      9D43CD48 
 291      C195791F 
 291      E29B
 292 0563 D010DD84 		.ascii	"\320\020\335\204\344\355\321\217o\217\231\326\261K\374"
 292      E4EDD18F 
 292      6F8F99D6 
 292      B14BFC
 293 0572 04E349BA 		.ascii	"\004\343I\272\207\013\253\365l\367\264\221\356\253\203"
 293      870BABF5 
 293      6CF7B491 
 293      EEAB83
 294 0581 D9F17C6B 		.ascii	"\331\361|kn%~}{\303\210\006w0\305\255\307\022[1\331"
 294      6E257E7D 
 294      7BC38806 
 294      7730C5AD 
 294      C7125B31 
 295 0596 A8E3FEEB 		.ascii	"\250\343\376\353\207Qs\363D\213\033\356a\343w\\\250"
 295      875173F3 
 295      448B1BEE 
 295      61E3775C 
 295      A8
 296 05a7 B4F39359 		.ascii	"\264\363\223Y#\361\323N\325[\275q\037\353\274\263\275"
 296      23F1D34E 
 296      D55BBD71 
 296      1FEBBCB3 
 296      BD
 297 05b8 BFDE1D0F 		.ascii	"\277\336\035\0170G\226\345\307e\035\356\372\341\022"
 297      304796E5 
 297      C7651DEE 
 297      FAE112
 298 05c7 C243ACD3 		.ascii	"\302C\254\323Z]k\347),%\017\356\221\346\203\336\314"
 298      5A5D6BE7 
 298      292C250F 
 298      EE91E683 
 298      DECC
 299 05d9 9D434A37 		.ascii	"\235CJ7x\321\256e\031I\210,\214\266\356\017\3600\033"
 299      78D1AE65 
 299      1949882C 
 299      8CB6EE0F 
 299      F0301B
 300 05ec 796EB4F4 		.ascii	"yn\264\364\030\317\016\203\373h<'\311s\366\203\307\204"
 300      18CF0E83 
 300      FB683C27 
 300      C973F683 
 300      C784
 301 05fe 7CF078C1 		.ascii	"|\360x\301rI8\330[\241:\022Y\350\263\372\031\300\307"
 301      724938D8 
 301      5BA13A12 
ARM GAS  /tmp/cctZdVsU.s 			page 23


 301      59E8B3FA 
 301      19C0C7
 302 0611 29FC253D 		.ascii	")\374%=+L\310\017\310[/\017\\\300j\364\243\327\241\213"
 302      2B4CC80F 
 302      C85B2F0F 
 302      5CC06AF4 
 302      A3D7A18B 
 303 0625 73F3F66A 		.ascii	"s\363\366j\361(\223\271\377I\317\020\257Y \270G\237"
 303      F12893B9 
 303      FF49CF10 
 303      AF5920B8 
 303      479F
 304 0637 5AE33CF1 		.ascii	"Z\343<\361S\326\227z\372`\213\007~\301\034\371l\353"
 304      53D6977A 
 304      FA608B07 
 304      7EC11CF9 
 304      6CEB
 305 0649 C7CEB6B1 		.ascii	"\307\316\266\261\035+\360\024\3539\263\373\333\036\204"
 305      1D2BF014 
 305      EB39B3FB 
 305      DB1E84
 306 0658 6335D419 		.ascii	"c5\324\031\216\037\350\34334\037\334=M\017\226\340\004"
 306      8E1FE8E3 
 306      33341FDC 
 306      3D4D0F96 
 306      E004
 307 066a D635D558 		.ascii	"\3265\325X\277\004\357d\327\366\252\374c\010\2472g4"
 307      BF04EF64 
 307      D7F6AAFC 
 307      6308A732 
 307      6734
 308 067c D3FE408B 		.ascii	"\323\376@\213\3672'\253\355\300IO\234\311\234\243\317"
 308      F73227AB 
 308      EDC0494F 
 308      9CC99CA3 
 308      CF
 309 068d D28FEAF0 		.ascii	"\322\217\352\360a\346\\\253\271\236\350\215\2170'\261"
 309      61E65CAB 
 309      B99EE88D 
 309      8F3027B1 
 310 069d AC2CC31B 		.ascii	"\254,\303\033\3473'\326\332\271\333\227\005\355#\376"
 310      E73327D6 
 310      DAB9DB97 
 310      05ED23FE 
 311 06ad DDBCBB59 		.ascii	"\335\274\273Y\374\234&\271\223\263T[\3638\302E\014\\"
 311      FC9C26B9 
 311      93B3545B 
 311      F338C245 
 311      0C5C
 312 06bf 79B0FD90 		.ascii	"y\260\375\220\367\354\225\330-\362J,\245\205\330\337"
 312      F7EC95D8 
 312      2DF24A2C 
 312      A585D8DF 
 313 06cf 3955EACB 		.ascii	"9U\352\313\247\326&\027\342!\240\037P\364\267\242\237"
 313      A7D62617 
 313      E221A01F 
 313      50F4B7A2 
ARM GAS  /tmp/cctZdVsU.s 			page 24


 313      9F
 314 06e0 3C86A0CB 		.ascii	"<\206\240\313S\363\354\236j\364\243\327\240\337h\354"
 314      53F3EC9E 
 314      6AF4A3D7 
 314      A0DF68EC 
 315 06f0 BD5BEC85 		.ascii	"\275[\354\205\002\234>\201\001\001s\003\002r\244\370"
 315      029C3E81 
 315      01017303 
 315      0272A4F8 
 316 0700 38A9EFEA 		.ascii	"8\251\357\352\235\017\222r/'KY\347\020\245\032\206\333"
 316      9D0F9272 
 316      2F274B59 
 316      E710A51A 
 316      86DB
 317 0712 F3983857 		.ascii	"\363\2308W\271\025\376My\363\311\267@\207\330^\364\302"
 317      B915FE4D 
 317      79F3C9B7 
 317      4087D85E 
 317      F4C2
 318 0724 A61246D1 		.ascii	"\246\022F\321\333D'\3647\2423zDA\357pF3\315\301\012"
 318      DB4427F4 
 318      37A2337A 
 318      4441EF70 
 318      4633CDC1 
 319 0739 F8A5028E 		.ascii	"\370\245\002\216w\006\307\212N\340\214ud\253\301\024"
 319      7706C78A 
 319      4EE08C75 
 319      64ABC114 
 320 0749 FD83B3EC 		.ascii	"\375\203\263\354\261Wd\247\251\340S\316\360\247\316"
 320      B15764A7 
 320      A9E053CE 
 320      F0A7CE
 321 0758 4A461525 		.ascii	"JF\025%\333]\313Vs\037Pq\217:s?v\204o\225l\345\353\266"
 321      DB5DCB56 
 321      731F5071 
 321      8F3A733F 
 321      76846F95 
 322 0770 5278AAE8 		.ascii	"Rx\252\350\207R8\273\\Ct\337YJ\267\"e\247\263\024\203"
 322      875238BB 
 322      5C4374DF 
 322      594AB722 
 322      65A7B314 
 323 0785 13365325 		.ascii	"\0236S%\344\211k!*t\212\012\275\325\231z\332\031\375"
 323      E4896B21 
 323      2A748A0A 
 323      BDD5997A 
 323      DA19FD
 324 0798 4CD191E0 		.ascii	"L\321\221\340\272\356*\360!\025\365\210\3535\025\254"
 324      BAEE2AF0 
 324      2115F588 
 324      EB3515AC 
 325 07a8 4C483A9F 		.ascii	"LH:\237\220I\3302\236s\264\374t\341\265QO\367\230\242"
 325      9049D832 
 325      9E73B4FC 
 325      74E1B551 
 325      4FF798A2 
 326 07bc 24C959C9 		.ascii	"$\311Y\311\270\302M\017\177\266.\000\303\246\005 \201"
ARM GAS  /tmp/cctZdVsU.s 			page 25


 326      B8C24D0F 
 326      7FB62E00 
 326      C3A60520 
 326      81
 327 07cd 6FCDC2   		.ascii	"o\315\302"
 328 07d0 0C516AFF 		.ascii	"\014Qj\377\352T8\252-\245T\222\353\031P\007\236R\002"
 328      EA5438AA 
 328      2DA55492 
 328      EB195007 
 328      9E5202
 329 07e3 C7B95E9F 		.ascii	"\307\271^\237\014\275\233?(%d\021\320.\321\037\375\223"
 329      0CBD9B3F 
 329      28256411 
 329      D02ED11F 
 329      FD93
 330 07f5 76123C48 		.ascii	"v\022<H@G\304@tP\014@\005`\351`\231`\271`\371`Y`{\300"
 330      4047C440 
 330      74500C40 
 330      0560E960 
 330      9960B960 
 331 080f F6821D05 		.ascii	"\366\202\035\005;\014\226\007\266\017,\007,\003\354"
 331      3B0C9607 
 331      B60F2C07 
 331      2C03EC
 332 081e 10D87EB0 		.ascii	"\020\330~\260l\2604\260\003b\200*\251\247\212\310D\327"
 332      6CB034B0 
 332      0362802A 
 332      A9A78AC8 
 332      44D7
 333 0830 B3A34EE9 		.ascii	"\263\243N\351\226\202Nv\271\272\030\230\374\352hn\317"
 333      96824E76 
 333      B9BA1898 
 333      FCEA686E 
 333      CF
 334 0841 F7C10FE9 		.ascii	"\367\301\017\3513N\274\026w\274\000\241\271\201.3EE"
 334      334EBC16 
 334      77BC00A1 
 334      B9812E33 
 334      4545
 335 0853 90E0FF3B 		.ascii	"\220\340\377;YV\335\312\376\371\244\272\205\020\354"
 335      5956DDCA 
 335      FEF9A4BA 
 335      8510EC
 336 0862 3B71E6EC 		.ascii	";q\346\354E\212M5K\337\354\353p<\022\026\252\022\024"
 336      458A4D35 
 336      4BDFECEB 
 336      703C1216 
 336      AA1214
 337 0875 D071911D 		.ascii	"\320q\221\035/\340?9\177[O\336\366u@\3678\034F\2129"
 337      2FE03F39 
 337      7F5B4FDE 
 337      F67540F7 
 337      381C468A 
 338 088a BA98A22F 		.ascii	"\272\230\242/\277l,s\307\317\3303\277\345\302\325\014"
 338      BF6C2C73 
 338      C7CFD833 
 338      BFE5C2D5 
ARM GAS  /tmp/cctZdVsU.s 			page 26


 338      0C
 339 089b 0FBCCB8D 		.ascii	"\017\274\313\215\276-\271[|\242\035#/\366\266$0\201"
 339      BE2DB95B 
 339      7CA21D23 
 339      2FF6B624 
 339      3081
 340 08ad BEA488CD 		.ascii	"\276\244\210\315Z\360\327\231\227\024'`N\312D/\362\352"
 340      5AF0D799 
 340      97142760 
 340      4ECA442F 
 340      F2EA
 341 08bf 01A6AC02 		.ascii	"\001\246\254\002\246\214\276,\201\026\372\002e\016\275"
 341      A68CBE2C 
 341      8116FA02 
 341      650EBD
 342 08ce 54BF6511 		.ascii	"T\277e\021\275P\2518\363\226\205\034m\206\357\330\034"
 342      BD50A938 
 342      F396851C 
 342      6D86EFD8 
 342      1C
 343 08df 7E9D1088 		.ascii	"~\235\020\210\352\025\205\250>\240\327\367\225M\351"
 343      EA1585A8 
 343      3EA0D7F7 
 343      954DE9
 344 08ee E0B46A2B 		.ascii	"\340\264j+%G\3535\365y\333\310\257\202\254\325\024\207"
 344      2547EB35 
 344      F579DBC8 
 344      AF82ACD5 
 344      1487
 345 0900 4A94792B 		.ascii	"J\224y+\021Ug\364*\221\234[\263+\3062\365x\017M\014"
 345      115567F4 
 345      2A919C5B 
 345      B32BC632 
 345      F5780F4D 
 346 0915 150F5E4A 		.ascii	"\025\017^J\3263\"\333\350%\035c\241\277-\252\025\222"
 346      D63322DB 
 346      E8251D63 
 346      A1BF2DAA 
 346      1592
 347 0927 6A35C949 		.ascii	"j5\311IJ\3225]\223\245\307\371\214\344r[r\265''\311"
 347      4AD2355D 
 347      93A5C7F9 
 347      8CE4725B 
 347      72B52727 
 348 093c 6C9249C8 		.ascii	"l\222I\310\261\257F!\251Q\223\234\242$g\206\216dj\360"
 348      B1AF4621 
 348      A951939C 
 348      A2246786 
 348      8E646AF0 
 349 0950 294652DD 		.ascii	")FR\335\222t\024q\222\266&\265\022\253BbU\223\324R\222"
 349      92741471 
 349      92B626B5 
 349      12AB4262 
 349      5593D452 
 350 0965 AABD7BDE 		.ascii	"\252\275{\336\307M\214\243\352Tj\205/\347\230h\362g"
 350      C74D8CA3 
 350      EA546A85 
ARM GAS  /tmp/cctZdVsU.s 			page 27


 350      2FE79868 
 350      F267
 351 0977 3F5CB2D9 		.ascii	"?\\\262\331\017\227:\205\245N\315rZ\\$h\302#\303b\334"
 351      0F973A85 
 351      A54ECD72 
 351      5A5C2468 
 351      C223C362 
 352 098c CD968F37 		.ascii	"\315\226\2177FY<W}\366\247\005!\301\301\302\342\240"
 352      46593C57 
 352      7DF6A705 
 352      21C1C1C2 
 352      E2A0
 353 099e 2003FB0B 		.ascii	" \003\373\013\211\214Z\027\365y\250a\223\331\020\031"
 353      898C5A17 
 353      F579A861 
 353      93D91019 
 354 09ae 166D30C7 		.ascii	"\026m0\307\204\223\377&\263%(\\\320\231-\241\226\260"
 354      8493FF26 
 354      B325285C 
 354      D0992DA1 
 354      96B0
 355 09c0 18CB87D1 		.ascii	"\030\313\207\321a1\033\264&\323\226\250\215\226\345"
 355      61311BB4 
 355      26D396A8 
 355      8D96E5
 356 09cf CB4C9637 		.ascii	"\313L\2267\015[\3141\206\250\215\341\321[\326G\0306"
 356      0D5BCC31 
 356      86A88DE1 
 356      D15BD647 
 356      1836
 357 09e1 46FC2D3A 		.ascii	"F\374-:j\235aCXxd\324\306\010\203i}\304\227a[\242-&"
 357      6A9D6143 
 357      587864D4 
 357      C6088369 
 357      7DC49761 
 358 09f9 CBD79B23 		.ascii	"\313\327\233#\314A\221\202\247<l\221\253a\346\257\315"
 358      CC419182 
 358      A73C6C91 
 358      AB61E6AF 
 358      CD
 359 0a0a 0688B61E 		.ascii	"\006\210\266\0360\200\365\002\327\022\265!\302d\011"
 359      3080F502 
 359      D712B521 
 359      C26409
 360 0a19 74A530C6 		.ascii	"t\2450\30623<<\222\340`\2107\021\271i3\323\010\327\021"
 360      32333C3C 
 360      92E06088 
 360      3711B969 
 360      33D308D7 
 361 0a2e 16F97215 		.ascii	"\026\371r\025\277\004\204):z\275)\012f\340\267\263%"
 361      BF048429 
 361      3A7ABD29 
 361      0A66E0B7 
 361      B325
 362 0a40 BE79538C 		.ascii	"\276yS\214\305l\010]\273f\3712\303\247\237\2564\254"
 362      C56C085D 
 362      BB66F932 
ARM GAS  /tmp/cctZdVsU.s 			page 28


 362      C3A79FAE 
 362      34AC
 363 0a52 FD78CD57 		.ascii	"\375x\315W\301|*\310h\".<2\364k\363\352\260h\313\222"
 363      C17C2AC8 
 363      68222E3C 
 363      32F46BF3 
 363      EAB068CB 
 364 0a67 1F150779 		.ascii	"\037\025\007y\300\010\275z\002\005\275\311\364\345\226"
 364      C008BD7A 
 364      0205BDC9 
 364      F4E596
 365 0a76 8DE12653 		.ascii	"\215\341&S\320;\357\274\365\256\247\354y+\242\035 o"
 365      D03BEFBC 
 365      F5AEA7EC 
 365      792BA21D 
 365      206F
 366 0a88 BFE5ADE4 		.ascii	"\277\345\255\344\340\330\363\033\267\220\2205\306\345"
 366      E0D8F31B 
 366      B7909035 
 366      C6E5
 367 0a96 E2E746CD 		.ascii	"\342\347F\315\3125\037\032\361\312\020\243f\305\312"
 367      CA351F1A 
 367      F1CA10A3 
 367      66C5CA
 368 0aa5 B5461C12 		.ascii	"\265F\034\022b\304F\260\017\215F\374\307\320\020\034"
 368      62C446B0 
 368      0F8D46FC 
 368      C7D0101C 
 369 0ab5 F2D95A4D 		.ascii	"\362\331ZMH\310GF\212_F\277\203\361G\253\214b(\214\374"
 369      48C84746 
 369      8A5F46BF 
 369      83F147AB 
 369      8C62288C 
 370 0aca F823A326 		.ascii	"\370#\243&t\015\240C\214\313\300\202\001\371g\343{?"
 370      740DA043 
 370      8CCBC082 
 370      01F967E3 
 370      7B3F
 371 0adc 6D82CC96 		.ascii	"m\202\314\226\015\244\264Q\033X%\270c\262\274!\317\271"
 371      0DA4B451 
 371      1B5825B8 
 371      63B2BC21 
 371      CFB9
 372 0aee D91446F4 		.ascii	"\331\024F\364\233\302\302-Q_E\270\231Vl\332\024\355"
 372      9BC2C22D 
 372      515F45B8 
 372      99566CDA 
 372      14ED
 373 0b00 C73BCD64 		.ascii	"\307;\315dnX\377\317f\2326mf-s\344\226\010\213c\303"
 373      6E58FFCF 
 373      669A366D 
 373      662D73E4 
 373      96088B63 
 374 0b15 5FE486FF 		.ascii	"_\344\206\377\000\371D\316\311"
 374      00F944CE 
 374      C9
 375              		.text
ARM GAS  /tmp/cctZdVsU.s 			page 29


 376              		.section	.gnu.lto_.symtab.1079bd7d39605d94,"",%progbits
 377 0000 7374496E 		.ascii	"stInit\000"
 377      697400
 378 0007 00       		.ascii	"\000"
 379 0008 00       		.ascii	"\000"
 380 0009 00       		.ascii	"\000"
 381 000a 00000000 		.ascii	"\000\000\000\000\000\000\000\000"
 381      00000000 
 382 0012 C1000000 		.ascii	"\301\000\000\000"
 383 0016 73745374 		.ascii	"stStartAlarm\000"
 383      61727441 
 383      6C61726D 
 383      00
 384 0023 00       		.ascii	"\000"
 385 0024 00       		.ascii	"\000"
 386 0025 00       		.ascii	"\000"
 387 0026 00000000 		.ascii	"\000\000\000\000\000\000\000\000"
 387      00000000 
 388 002e D0000000 		.ascii	"\320\000\000\000"
 389 0032 73745374 		.ascii	"stStopAlarm\000"
 389      6F70416C 
 389      61726D00 
 390 003e 00       		.ascii	"\000"
 391 003f 00       		.ascii	"\000"
 392 0040 00       		.ascii	"\000"
 393 0041 00000000 		.ascii	"\000\000\000\000\000\000\000\000"
 393      00000000 
 394 0049 D2000000 		.ascii	"\322\000\000\000"
 395 004d 73745365 		.ascii	"stSetAlarm\000"
 395      74416C61 
 395      726D00
 396 0058 00       		.ascii	"\000"
 397 0059 00       		.ascii	"\000"
 398 005a 00       		.ascii	"\000"
 399 005b 00000000 		.ascii	"\000\000\000\000\000\000\000\000"
 399      00000000 
 400 0063 D4000000 		.ascii	"\324\000\000\000"
 401 0067 73744765 		.ascii	"stGetAlarm\000"
 401      74416C61 
 401      726D00
 402 0072 00       		.ascii	"\000"
 403 0073 00       		.ascii	"\000"
 404 0074 00       		.ascii	"\000"
 405 0075 00000000 		.ascii	"\000\000\000\000\000\000\000\000"
 405      00000000 
 406 007d D7000000 		.ascii	"\327\000\000\000"
 407 0081 73745F6C 		.ascii	"st_lld_init\000"
 407      6C645F69 
 407      6E697400 
 408 008d 00       		.ascii	"\000"
 409 008e 02       		.ascii	"\002"
 410 008f 00       		.ascii	"\000"
 411 0090 00000000 		.ascii	"\000\000\000\000\000\000\000\000"
 411      00000000 
 412 0098 D9000000 		.ascii	"\331\000\000\000"
 413 009c 63685379 		.ascii	"chSysHalt\000"
 413      7348616C 
ARM GAS  /tmp/cctZdVsU.s 			page 30


 413      7400
 414 00a6 00       		.ascii	"\000"
 415 00a7 02       		.ascii	"\002"
 416 00a8 00       		.ascii	"\000"
 417 00a9 00000000 		.ascii	"\000\000\000\000\000\000\000\000"
 417      00000000 
 418 00b1 DE000000 		.ascii	"\336\000\000\000"
 419              		.text
 420              		.section	.gnu.lto_.opts,"",%progbits
 421 0000 272D666D 		.ascii	"'-fmath-errno' '-fsigned-zeros' '-ftrapping-math' '"
 421      6174682D 
 421      6572726E 
 421      6F272027 
 421      2D667369 
 422 0033 2D666E6F 		.ascii	"-fno-trapv' '-fno-openmp' '-fno-openacc' '-mcpu=cor"
 422      2D747261 
 422      70762720 
 422      272D666E 
 422      6F2D6F70 
 423 0066 7465782D 		.ascii	"tex-m4' '-mno-thumb-interwork' '-mthumb' '-ggdb' '-"
 423      6D342720 
 423      272D6D6E 
 423      6F2D7468 
 423      756D622D 
 424 0099 4F322720 		.ascii	"O2' '-fomit-frame-pointer' '-falign-functions=16' '"
 424      272D666F 
 424      6D69742D 
 424      6672616D 
 424      652D706F 
 425 00cc 2D666675 		.ascii	"-ffunction-sections' '-fdata-sections' '-fno-common"
 425      6E637469 
 425      6F6E2D73 
 425      65637469 
 425      6F6E7327 
 426 00ff 2720272D 		.ascii	"' '-flto'\000"
 426      666C746F 
 426      2700
 427              		.text
 428              		.comm	__gnu_lto_v1,1,1
 429              		.comm	__gnu_lto_slim,1,1
 430              		.ident	"GCC: (15:5.4.1+svn241155-1) 5.4.1 20160919"
ARM GAS  /tmp/cctZdVsU.s 			page 31


DEFINED SYMBOLS
                            *ABS*:0000000000000000 hal_st.c
                            *COM*:0000000000000001 __gnu_lto_v1
                            *COM*:0000000000000001 __gnu_lto_slim

NO UNDEFINED SYMBOLS
