ARM GAS  /tmp/ccWCeAmB.s 			page 1


   1              		.syntax unified
   2              		.cpu cortex-m4
   3              		.fpu softvfp
   4              		.eabi_attribute 20, 1
   5              		.eabi_attribute 21, 1
   6              		.eabi_attribute 23, 3
   7              		.eabi_attribute 24, 1
   8              		.eabi_attribute 25, 1
   9              		.eabi_attribute 26, 1
  10              		.eabi_attribute 30, 2
  11              		.eabi_attribute 34, 1
  12              		.eabi_attribute 18, 4
  13              		.thumb
  14              		.syntax unified
  15              		.file	"hal_lld.c"
  16              		.text
  17              	.Ltext0:
  18              		.section	.gnu.lto_.profile.566295b9f53f7d53,"",%progbits
  19 0000 789C6361 		.ascii	"x\234ca`d`a`\000\222\005\251\000\001\257\000\340"
  19      60646061 
  19      60009205 
  19      A90001AF 
  19      00E0
  20              		.text
  21              		.section	.gnu.lto_.icf.566295b9f53f7d53,"",%progbits
  22 0000 789C6361 		.ascii	"x\234ca`d\000\001\021\006\004`f8\376\273c3\007\343\202"
  22      60640001 
  22      11060460 
  22      6638FEBB 
  22      633307E3 
  23 0015 3D8D9799 		.ascii	"=\215\227\231\230\2364\355\374\301\315\000\000_\270"
  23      989E34ED 
  23      FCC1CD00 
  23      005FB8
  24 0024 08F9     		.ascii	"\010\371"
  25              		.text
  26              		.section	.gnu.lto_.jmpfuncs.566295b9f53f7d53,"",%progbits
  27 0000 789C6361 		.ascii	"x\234ca`d\000\001N\006\004`\002\021 a\000\001\177\000"
  27      60640001 
  27      4E060460 
  27      02112061 
  27      00017F00 
  28 0014 12       		.ascii	"\022"
  29              		.text
  30              		.section	.gnu.lto_.inline.566295b9f53f7d53,"",%progbits
  31 0000 789C6361 		.ascii	"x\234ca`d\000\001#\006\004`b`P\320`d`\262X\260\236\231"
  31      60640001 
  31      23060460 
  31      626050D0 
  31      606460B2 
  32 0018 816D813C 		.ascii	"\201m\201<\023H\220\221\013D0\234dx\300\004\224\352"
  32      13489091 
  32      0B44309C 
  32      6478C004 
  32      94EA
  33 002a 61FC765B 		.ascii	"a\374v[\013.\307\000\000\301\211\007\337"
  33      0B2EC700 
ARM GAS  /tmp/ccWCeAmB.s 			page 2


  33      00C18907 
  33      DF
  34              		.text
  35              		.section	.gnu.lto_.pureconst.566295b9f53f7d53,"",%progbits
  36 0000 789C6361 		.ascii	"x\234ca`d`e```b\220b\224\002\000\000\355\000B"
  36      60646065 
  36      60606062 
  36      90629402 
  36      0000ED00 
  37              		.text
  38              		.section	.gnu.lto_hal_lld_init.566295b9f53f7d53,"",%progbits
  39 0000 789CA555 		.ascii	"x\234\245UIL\023Q\030~\377\314t#\305r`\227\250\027\017"
  39      494C1351 
  39      187EFFCC 
  39      7423C572 
  39      6097A817 
  40 0015 5C18500E 		.ascii	"\\\030P\016\306\003\027\023\017&\306D\274\033\227\003"
  40      C6031713 
  40      0F26C644 
  40      BC1B9703 
  41 0025 242418E1 		.ascii	"$$\030\341\340\255\203m\221\230\0305Q\274\210\350\301"
  41      E0AD836D 
  41      91981835 
  41      51BC88E8 
  41      C1
  42 0036 B0C9A620 		.ascii	"\260\311\246 \026PJe\027Y\024\334\000YB\010qI@jP\240"
  42      16504A65 
  42      175914DC 
  42      00594208 
  42      7149406A 
  43 004c D4F7BFF7 		.ascii	"\324\367\277\367\302\264\027\343\324I\373O;\363\317"
  43      C2B417E3 
  43      D449FB4F 
  43      3BF3CF
  44 005b B7FCFF9B 		.ascii	"\267\374\377\233\377)\004\010\036\025VB\016\323s6\375"
  44      FF290408 
  44      1E155642 
  44      0ED37336 
  44      FD
  45 006c 82898074 		.ascii	"\202\211\200tc\204\220\022\253$\311\2039D\213Q\372\035"
  45      63849012 
  45      AB24C983 
  45      39448B51 
  45      FA1D
  46 007e 44B3CBA0 		.ascii	"D\263\313\240\360\313\012\000\376\320\254@\234\222\254"
  46      F0CB0A00 
  46      FED0AC40 
  46      9C92AC
  47 008d 80137E4A 		.ascii	"\200\023~JA\011\374W\226\274Rz\225F\217\271\336\215"
  47      4109FC57 
  47      96BC527A 
  47      95468FB9 
  47      DE8D
  48 009f 4CADDA07 		.ascii	"L\255\332\007\036\231\220\220\304(\010TA:\241i\013\315"
  48      1E999090 
  48      C4280854 
  48      413AA169 
ARM GAS  /tmp/ccWCeAmB.s 			page 3


  48      0BCD
  49 00b1 DBB763CD 		.ascii	"\333\267c\315nL\333\307oB5\230QG\343I\237\026\012\271"
  49      6E4CDBC7 
  49      6F423598 
  49      5147E349 
  49      9F160AB9 
  50 00c5 346D2DB3 		.ascii	"4m-\263z\377\036\211xd\252\205\006+\006\033\006;\006"
  50      7AFF1E89 
  50      7864AA85 
  50      062B061B 
  50      063B06
  51 00d8 0786380C 		.ascii	"\007\2068\014\361\030\0220$bH\302\220\214!\005\003!"
  51      F1181230 
  51      246248C2 
  51      908C2105 
  51      0321
  52 00ea 2B141D95 		.ascii	"+\024\035\225\256J\022\236\345%\360\267\257\256g!\237"
  52      AE4A129E 
  52      E525F0B7 
  52      AFAE6721 
  52      9F
  53 00fb 4B46C9E5 		.ascii	"KF\311\345\036\377\250% yd\011P\232\273\242w\311\306"
  53      1EFFA825 
  53      20796409 
  53      509ABBA2 
  53      77C9C6
  54 010e FF6A2B65 		.ascii	"\377j+e\232B/}\235\335\364\232*\241\202Z\221\241\026"
  54      9A422F7D 
  54      9DDDF49A 
  54      2AA1825A 
  54      91A116
  55 0121 D2A006D2 		.ascii	"\322\240\006\322\010\346\376(\037\233\263\253\365\232"
  55      08E6FE28 
  55      1F9BB3AB 
  55      F59A
  56 012f BB448BF3 		.ascii	"\273D\213\363\320\"\324A%l3\253\360\010TB\251\212\221"
  56      D022D441 
  56      256C33AB 
  56      F0085442 
  56      A98A91
  57 0142 C70844BD 		.ascii	"\307\010D\275\016\321\000*M\230\031\250\251\223Q\017"
  57      0ED1002A 
  57      4D9819A8 
  57      A993510F 
  58 0152 40881E0E 		.ascii	"@\210\036\016h\244O\032B\006\304m\322q\233\031\356\216"
  58      68A44F1A 
  58      4206C46D 
  58      D2719B19 
  58      EE8E
  59 0164 6D05083C 		.ascii	"m\005\010<\346\230\355\343[\300\013c2\242\371\011\303"
  59      E698EDE3 
  59      5BC00B63 
  59      32A2F909 
  59      C3
  60 0175 C6EE414B 		.ascii	"\306\356AK\224\266[u\210\247\240F\351\261M\007yFAvL"
  60      94B65B75 
  60      88A7A046 
ARM GAS  /tmp/ccWCeAmB.s 			page 4


  60      E9B14D07 
  60      79464176 
  61 018a 058529AB 		.ascii	"\005\205)\253\021E^\006\306\226f;3\345\372e\34606\216"
  61      11455E06 
  61      C696663B 
  61      33E5FA65 
  61      E630368E 
  62 019e 742D38DB 		.ascii	"t-8\333\035\326\230]\320\301\371\312\301\250\371N\235"
  62      1DD6985D 
  62      D0C1F9CA 
  62      C1A8F94E 
  62      9D
  63 01af EA39A894 		.ascii	"\3529\250\224 \012\357/t\214\2560\3577\267\205w\273"
  63      200AEF2F 
  63      748CAE30 
  63      EF37B785 
  63      77BB
  64 01c1 11413E06 		.ascii	"\021A>\006&#Xw\224\015\365\353\020/\243nh\217\016\322"
  64      26235877 
  64      940DF5EB 
  64      102FA36E 
  64      688F0ED2 
  65 01d5 1BDED090 		.ascii	"\033\336\320\2200\3450\242\250\217\201)\010\326\037"
  65      30E530A2 
  65      A88F8129 
  65      08D61F
  66 01e4 D9D0388E 		.ascii	"\331\3208\216\324\327\276\261f\347\015\305\301\0040"
  66      D4D7BEB1 
  66      66E70DC5 
  66      C10430
  67 01f3 106D4307 		.ascii	"\020mC\007u\252!lh\034\223\275\332\271;r\364iu\267d"
  67      75AA216C 
  67      681C93BD 
  67      DAB93B72 
  67      F46975B7 
  68 0208 36F8427C 		.ascii	"6\370B|\364DLEx\005f\372\3740\012\214\017\177_M,\367"
  68      F4444C45 
  68      780566FA 
  68      FC300A8C 
  68      0F7F5F4D 
  69 021e 41D0DD60 		.ascii	"A\320\335`\343\177\265\271\0226\246\356\015O\367\304"
  69      E37FB5B9 
  69      1236A6EE 
  69      0D4FF7C4 
  70 022e 507925F4 		.ascii	"Py%\364y*\303\014#T\342k!qd\364j\300\022&q\224I4q\032"
  70      792AC30C 
  70      2354E26B 
  70      217164F4 
  70      6AC01226 
  71 0248 18130529 		.ascii	"\030\023\005)\035i\2239e\002gmX\356\272\033#j\"\301"
  71      1D699339 
  71      6502676D 
  71      58EEBA1B 
  71      236A22C1 
  72 025c F84E4186 		.ascii	"\370NA\206YA\0141\276\211`|\213uI\340k4\207S&\206\225"
  72      59410C31 
  72      BE89607C 
ARM GAS  /tmp/ccWCeAmB.s 			page 5


  72      8B7549E0 
  72      6B348753 
  73 0273 5820FE6D 		.ascii	"X \376mqL0<\263\300\233\344\016\266J'$\216\226\304\001"
  73      714C303C 
  73      B3C09BE4 
  73      0EB64A27 
  73      248E96C4 
  74 0288 171F2EDE 		.ascii	"\027\037.\336\267\011\003fxG\221\346\301=\345J\025I"
  74      B7090366 
  74      784791E6 
  74      C13DE54A 
  74      1549
  75 029a 34E3CEF7 		.ascii	"4\343\316\367\337\251\"A\201\367HEp\267\220\311`\016"
  75      DFA92241 
  75      81F74845 
  75      70B790C9 
  75      600E
  76 02ac 6E1681A6 		.ascii	"n\026\201\246\256\275\302\356\277\211\243w\263P\337"
  76      AEBDC2EE 
  76      BF89A377 
  76      B350DF
  77 02bb 87087D1F 		.ascii	"\207\010}\037\331\320\255]\257\\S\370\320\325(\333'"
  77      D9D0AD5D 
  77      AF5C53F8 
  77      D0D528DB 
  77      27
  78 02cc 5ECFC04A 		.ascii	"^\317\300J\224\024S\021\024\323\342\025A\365\212\276"
  78      94145311 
  78      14D3E215 
  78      41F58ABE 
  79 02dc D72D768B 		.ascii	"\327-v\213\226&\033\355\330\014\203\267\010\370\317"
  79      96261BED 
  79      D80C83B7 
  79      08F8CF
  80 02eb A2C2668E 		.ascii	"\242\302f\216\226\302\001[\256wL\306\212)\270\211\333"
  80      96C2015B 
  80      AE774CC6 
  80      8A29B889 
  80      DB
  81 02fc D3ECFFAC 		.ascii	"\323\354\377\254\221\271\010\306y\\#)d\031\\\276\326"
  81      91B908C6 
  81      795C2329 
  81      64195CBE 
  81      D6
  82 030d 21F612E2 		.ascii	"!\366\022\3423^\357\267)\2133\250\2251<K\010\207\036"
  82      335EEFB7 
  82      298B33A8 
  82      95313C4B 
  82      08871E
  83 0320 2C80936E 		.ascii	",\200\223n\367V\362\005.\373\306\217\261T<V\350\213"
  83      F756F205 
  83      2EFBC68F 
  83      B1543C56 
  83      E88B
  84 0332 450B4133 		.ascii	"E\013A3\016ed\250\374s$/\377l\376\211\\\265\260H\315"
  84      0E6564A8 
  84      FC73242F 
ARM GAS  /tmp/ccWCeAmB.s 			page 6


  84      FF6CFE89 
  84      5CB5B048 
  85 0347 3B53A05E 		.ascii	";S\240^(\274X\\\244\346\236:~\360\000\217G\263/]\302"
  85      28BC585C 
  85      A4E69E3A 
  85      7EF0008F 
  85      47B32F5D 
  86 035c 3BA70B0A 		.ascii	";\247\013\012\316g\234#\177\000\264P\360\262"
  86      CE679C23 
  86      7F00B450 
  86      F0B2
  87              		.text
  88              		.section	.gnu.lto_stm32_clock_init.566295b9f53f7d53,"",%progbits
  89 0000 789C9D58 		.ascii	"x\234\235XklTE\024\276g\366\375\336n\337-\020\010\217"
  89      6B6C5445 
  89      14BE67F6 
  89      FDDE6EDF 
  89      2D10088F 
  90 0014 D008DD52 		.ascii	"\320\010\335Ri$\374kL\374gL\304\370\327\370\010\201"
  90      6924FC6B 
  90      4CFC674C 
  90      C4F8D7F8 
  90      0881
  91 0026 840423C6 		.ascii	"\204\004#\306\340/\356vwK\305*\220\324\0061\200\232"
  91      E02FEE76 
  91      774BC52A 
  91      90D40631 
  91      809A
  92 0038 2855A10F 		.ascii	"(U\241\017P\240\345\325\327\262P\240\005,(P\241\224"
  92      50A0E5D5 
  92      D7B250A0 
  92      052C2850 
  92      A194
  93 004a 52B0D476 		.ascii	"R\260\324v\267\264\005\372Z\347\314\314\335\273]\242"
  93      B7B405FA 
  93      5AE7CCCC 
  93      DDBB5DA2 
  94 005a D9DD4D73 		.ascii	"\331\335Msf\357\234{\277\363\315w\316\234;[\255\004"
  94      66EF9C7B 
  94      BFF3CD77 
  94      CE9C3B5B 
  94      AD04
  95 006c 127ED63B 		.ascii	"\022~\326;%i-\035?\245\2270O\002\262\253S\222<F\002"
  95      25692D1D 
  95      3FA59730 
  95      4F02B2AB 
  95      53923C46 
  96 0081 1AFE4543 		.ascii	"\032\376EC\362+\203\222$\233\265>\203$[\363\371|\251"
  96      F22B8392 
  96      249BB53E 
  96      83245BF3 
  96      F97CA9
  97 0094 1674DCAF 		.ascii	"\026t\334\257#y\334\257g\376<>_\252\007\003\367\033"
  97      2379DCAF 
  97      67FE3C3E 
  97      5FAA0703 
  97      F71B
ARM GAS  /tmp/ccWCeAmB.s 			page 7


  98 00a6 482EF71B 		.ascii	"H.\367\033\231?\227\317\227\032\301\304\375&\222\303"
  98      993F97CF 
  98      971AC1C4 
  98      FD2692C3 
  99 00b6 FD66E6CF 		.ascii	"\375f\346\317\341\363\245f\260p\277\205ds\277\225\371"
  99      E1F3A566 
  99      B070BF85 
  99      6473BF95 
  99      F9
 100 00c7 B3F97CA9 		.ascii	"\263\371|\251\0252p\204\014\222\305\3356\346\316\342"
 100      15327084 
 100      0C92C5DD 
 100      36E6CEE2 
 101 00d7 D3A53662 		.ascii	"\323\2456b\017e\322Y\347\267k\350\254\2358b\256\034"
 101      0F65D259 
 101      E7B76BE8 
 101      AC9D3862 
 101      AE1C
 102 00e9 90C6A19D 		.ascii	"\220\306\241\235\312\2274p\361/.\222\311\321\322\031"
 102      CA973470 
 102      F12F2E92 
 102      C9D1D219 
 103 00f9 5A269F2F 		.ascii	"Z&\237/M\007\300Q6\202\264\215h\362\265\272<\275!\327"
 103      4D07C051 
 103      3682B48D 
 103      68F2B5BA 
 103      3CBD21D7 
 104 010d 68CA315B 		.ascii	"h\3121[\262\255\031Y6\273\303\231\346\312L\207mF\215"
 104      B2AD1959 
 104      36BBC399 
 104      E6CA4C87 
 104      6D468D
 105 0120 C43F3A31 		.ascii	"\304?:1\032\304h\022\243E\214\031bt\211q\234\314\020"
 105      1AC46812 
 105      A3458C19 
 105      62748971 
 105      9CCC10
 106 0133 68DD3ED0 		.ascii	"h\335>\320H\012\016\312\364\323\373C\355*\271\246\031"
 106      480A0ECA 
 106      F4D3FB43 
 106      ED2AB9A6 
 106      19
 107 0144 FC143042 		.ascii	"\374\0240B\370=p\020\012$z[_\303\354W6\275\017o[\310"
 107      F83D7010 
 107      0A247A5B 
 107      5FC3EC57 
 107      36BD0F6F 
 108 015a 9D50037A 		.ascii	"\235P\003zLf\335\233\315r$\342\225\345\251\242\312\227"
 108      4C66DD9B 
 108      CD7224E2 
 108      95E5A9A2 
 108      CA97
 109 016c 5ED1497E 		.ascii	"^\321I~\015\350\321\030\321\230\320\230\321X\320\330"
 109      0DE8D118 
 109      D198D098 
 109      D158D0D8 
 110 017c D038D038 		.ascii	"\3208\3208\321\244\241q\241\311D\223\205&\007M.\232"
ARM GAS  /tmp/ccWCeAmB.s 			page 8


 110      D1A4A171 
 110      A1C94493 
 110      8526074D 
 110      2E9A
 111 018e 3C34F968 		.ascii	"<4\371h\346\243Y\200f!\232Eh\026\243Y\202f)\232eh\226"
 111      E6A35980 
 111      66219A45 
 111      6816A359 
 111      8266299A 
 112 01a5 A32940B3 		.ascii	"\243)@\263\002\315J4n4EhV\241)F\263\032M\011\032I\012"
 112      02CD4A34 
 112      6E344568 
 112      56A12946 
 112      B31A4D09 
 113 01bc D1B550D9 		.ascii	"\321\265P\331\303\204\320A3\000\255c\365\375e:\\\034"
 113      C384D041 
 113      3300AD63 
 113      F5FD653A 
 113      5C1C
 114 01ce 5D75B5BF 		.ascii	"]u\265\277\265\3130F\374\032\002(\202o_`\300\304/\345"
 114      B5CB3046 
 114      FC1A0228 
 114      826F5F60 
 114      C0C42FE5 
 115 01e2 5085ACA5 		.ascii	"P\205\254\245S\217\357N5\352\016\300>\017*c\363k4\360"
 115      538FEF4E 
 115      35EA0EC0 
 115      3E0F2A63 
 115      F36B34F0 
 116 01f6 33CC839F 		.ascii	"3\314\203\237hM\343\003\243\325Wz\255\356\303\262\217"
 116      684DE303 
 116      A3D5577A 
 116      ADEEC3B2 
 116      8F
 117 0207 6AAA855F 		.ascii	"j\252\205_\340\000\3142]\341\020\270\251\373\370\365"
 117      E000CC32 
 117      5DE110B8 
 117      A9FBF8F5 
 118 0217 BD1D3AC4 		.ascii	"\275\035:\304\323\002>\016p\230>\207\024B\003G4\361"
 118      D3023E0E 
 118      70983E87 
 118      14420347 
 118      34F1
 119 0229 14748CC2 		.ascii	"\024t\214\302w3\276Z\023\277\224{=\214\302\376K=\355"
 119      7733BE5A 
 119      13BF947B 
 119      3D8CC2FE 
 119      4B3DED
 120 023c E6180A7A 		.ascii	"\346\030\012z\250\243\024j\005\205\316\256\035c\206"
 120      A8A3146A 
 120      0585CEAE 
 120      1D6386
 121 024b 28857A46 		.ascii	"(\205zF\001\323\006\015\214B\240v\262\317\244P\320\300"
 121      01D3060D 
 121      8C42A076 
 121      B2CFA450 
 121      D0C0
ARM GAS  /tmp/ccWCeAmB.s 			page 9


 122 025d 114EA0A9 		.ascii	"\021N\240\251a\230\023\360jt1\213\204\377\\\237Gv\""
 122      619813F0 
 122      6A74318B 
 122      84FF5C9F 
 122      477622
 123 0270 C45106CF 		.ascii	"\304Q\006\317\252\343W\252\374\000x\237\3519\214@\372"
 123      AAE357AA 
 123      FC00789F 
 123      E9398C40 
 123      FA
 124 0281 B53D586E 		.ascii	"\265=Xn\304p@?\277\361`\325 \226\232p\230cj\230\343"
 124      C470403F 
 124      BFF160D5 
 124      20969A70 
 124      98636A98 
 125 0296 E0A6E0F4 		.ascii	"\340\246\340\364[\230h$\272]0\203M\341\341Q\301\336"
 125      5B986824 
 125      BA5D3083 
 125      4DE1E151 
 125      C1DE
 126 02a8 98102C93 		.ascii	"\230\020,\223\346\204\012\332\310\271O\227\367\023\016"
 126      E6840ADA 
 126      C8B94F97 
 126      F7130E
 127 02b7 63E24881 		.ascii	"c\342H\201\310\323f\007gO\240\211\242\334\003\337-\357"
 127      C8D36607 
 127      674FA089 
 127      A2DC03DF 
 127      2DEF
 128 02c9 7A710FBD 		.ascii	"zq\017\275\241n\250\361\271\215\337 \301I\014#a\205"
 128      A16EA8F1 
 128      B98DDF20 
 128      C1490C23 
 128      6185
 129 02db E54B747F 		.ascii	"\345Kt\177C\230hE\2115\205\307\257\011\202\346d\326"
 129      43986845 
 129      893585C7 
 129      AF0982E6 
 129      64D6
 130 02ed 7D8A51C4 		.ascii	"}\212Q\304\355\016\247\005E!\257\205#\235\231\360\177"
 130      ED0EA705 
 130      4521AF85 
 130      239D99F0 
 130      7F
 131 02fe C2C34F47 		.ascii	"\302\303OG\"\021\007\234IU\341\263j\244fT\330\302\252"
 131      2211079C 
 131      4955E1B3 
 131      6AA46654 
 131      D8C2AA
 132 0311 62F784D0 		.ascii	"b\367\204\320\303\226\014V\213\212\325\312X\247\300"
 132      C3960C56 
 132      8B8AD5CA 
 132      58A7C0
 133 0320 A74DC568 		.ascii	"\247M\305hG>6\226q\235\232\361\211>!\250#\361\214\007"
 133      473E3696 
 133      719D9AF1 
 133      893E21A8 
ARM GAS  /tmp/ccWCeAmB.s 			page 10


 133      23F18C07 
 134 0334 54D0734A 		.ascii	"T\320sJ\306\207\304\012\235\034i\352Q\325M\340\212Z"
 134      C687C40A 
 134      9D1C69EA 
 134      51D54DE0 
 134      8A5A
 135 0346 21C8337E 		.ascii	"!\3103~[\311\2703&\305y\"\305\372h\212\247\225\035\224"
 135      5BC9B833 
 135      26C57922 
 135      C5FA688A 
 135      A7951D94 
 136 035a 96CC42CF 		.ascii	"\226\314B\317\253Uxan\212]\034\251\356\202?(\030=\007"
 136      AB557861 
 136      6E8A5D1C 
 136      A9EE823F 
 136      28183D07 
 137 036e E84835C1 		.ascii	"\350H5\301\027\3258\227PP\027\353;\3653\3274qH\2114"
 137      17D53897 
 137      505017EB 
 137      3BF533D7 
 137      34714889 
 138 0383 B6CBAA90 		.ascii	"\266\313\252\220\235\254\253D\233\226\226\356\203.\321"
 138      9DACAB44 
 138      9B9696EE 
 138      832ED1
 139 0392 53C281A3 		.ascii	"S\302\201\243B\221\314d\230^Q\231^\235\333S\2628\322"
 139      4291CC64 
 139      985E5199 
 139      5E9DDB53 
 139      B238D2
 140 03a5 C3E14395 		.ascii	"\303\341C\225\006\256\210,k\341Z\252\222\374\256\006"
 140      06AE882C 
 140      6BE15AAA 
 140      92FCAE06 
 141 03b5 EA4649B2 		.ascii	"\352FI\262X\215\031\324\032;w_\360\317I\274\306\256"
 141      588D19D4 
 141      1A3B775F 
 141      F0CF49BC 
 141      C6AE
 142 03c7 ABA03794 		.ascii	"\253\2407\224\032\353\0215\226\313\221\332\366\357\367"
 142      1AEB1135 
 142      96CB91DA 
 142      F6EFF7
 143 03d6 1185BF11 		.ascii	"\021\205\277\021\376\210\353+\2711U\226+\252\314\030"
 143      FE88EB2B 
 143      B9315596 
 143      2BAACC18 
 144 03e6 ADB2CB6D 		.ascii	"\255\262\313m\202S^2K\375\223\261\322\"\253\233s5\315"
 144      82535E32 
 144      4BFD93B1 
 144      D222AB9B 
 144      7335CD
 145 03f9 A748A937 		.ascii	"\247H\2517\346[*\356m\2240\237Ih\212J\330\320\251H8"
 145      E65B2AEE 
 145      6D94309F 
 145      49688A4A 
 145      D8D0A948 
ARM GAS  /tmp/ccWCeAmB.s 			page 11


 146 040e 3F71097B 		.ascii	"?q\011{T\320\277\342\033\363\002\212\364B'^\020\243"
 146      54D0BFE2 
 146      1BF3028A 
 146      F442275E 
 146      10A3
 147 0420 588E50CC 		.ascii	"X\216P\314\034}\273_\367\352R(\361;\214\004\236\260"
 147      1C7DBB5F 
 147      F7EA5228 
 147      F13B8C04 
 147      9EB0
 148 0432 E02E2BF1 		.ascii	"\340.+\361\346\311\221~\361\342\254\250\361\254\205"
 148      E6C9917E 
 148      F1E2ACA8 
 148      F1AC85
 149 0441 5EE5CD79 		.ascii	"^\345\315yC\251\362\205\311(wO\255\223\276\271\031Y"
 149      43A9F285 
 149      C928774F 
 149      AD93BEB9 
 149      1959
 150 0453 C491AE3E 		.ascii	"\304\221\256>\230\3542)UB\313\344~\2529\352W#=\300\034"
 150      98EC3229 
 150      5542CBE4 
 150      7EAA39EA 
 150      57233DC0 
 151 0468 2D6239B2 		.ascii	"-b9\262\2509\352Qr\2648\346p\001\377\177\256\030`\240"
 151      A839EA51 
 151      72B438E6 
 151      7001FF7F 
 151      AE1860A0 
 152 047c F81E8687 		.ascii	"\370\036\206\207\3619Z\302\221nw\234\350\216nS\200G"
 152      F1395AC2 
 152      916E779C 
 152      E88E6E53 
 152      8047
 153 048e 71495B12 		.ascii	"qI[\022\223\264l\226\264\020\261b\322\302$\003\271\001"
 153      93B46C96 
 153      B410B162 
 153      D2C22403 
 153      B901
 154 04a0 E336F444 		.ascii	"\3436\364Dp[\232x\375\374\255.x0\236\3332\216t1R9\242"
 154      705B9A78 
 154      FDFCAD2E 
 154      78309EDB 
 154      328E7431 
 155 04b7 8B8AEB84 		.ascii	"\213\212\353\204\307q\344\226\305\220\313\022\025eS"
 155      C771E496 
 155      C590CB12 
 155      156553
 156 04c6 2A2A14E8 		.ascii	"**\024\350N\245i\016\251M\363\037VQ-w\366\224+G\261"
 156      4EA5690E 
 156      A94DF31F 
 156      56512D77 
 156      F6942B47 
 157 04db 9AEFDB35 		.ascii	"\232\357\33350\2544\316\221~\261\352\345\261\275\325"
 157      30AC34CE 
 157      917EB1EA 
 157      E5B1BDD5 
ARM GAS  /tmp/ccWCeAmB.s 			page 12


 158 04eb C00E843B 		.ascii	"\300\016\204;\274-G\214\374Rn\336%\333\351\324\225;"
 158      BC2D478C 
 158      FC526EDE 
 158      25DBE9D4 
 158      953B
 159 04fd 276E889C 		.ascii	"'n\210\234\031!D\011\214\010\002\307\236\214\356T\011"
 159      19214409 
 159      8C0802C7 
 159      9E8CEE54 
 159      09
 160 050e 841901FC 		.ascii	"\204\031\001\374\261\000\243T\027\266\336<5\316\205"
 160      B100A354 
 160      17B6DE3C 
 160      35CE85
 161 051d 36B9D1CE 		.ascii	"6\271\321\3165\331}\336#\023x\"$\010\023\2734\015\254"
 161      35D97DDE 
 161      23137822 
 161      240813BB 
 161      340DAC
 162 0530 56EE15F2 		.ascii	"V\356\025\362\373\013by\231\030/O\343\251*\035\277\224"
 162      FB0B6279 
 162      99182F4F 
 162      E3A92A1D 
 162      BF94
 163 0542 6F7919AF 		.ascii	"oy\031\257\253{\312\356\0319/3\214S^c\202\327`\347\217"
 163      AB7BCAEE 
 163      19392F33 
 163      8C535E63 
 163      82D760E7 
 164 0557 672D9457 		.ascii	"g-\224W\025\365X`\202\3612\"\257\247\012\257&\242\006"
 164      15F55860 
 164      82F13222 
 164      AFA70AAF 
 164      26A206
 165 056a FA66705F 		.ascii	"\372fp_\2358d\265\370\316Vh\341Y\224\230C\012J|\227"
 165      9D3864B5 
 165      F8CE5668 
 165      E1599498 
 165      430A4A7C 
 166 057f 8FF95E38 		.ascii	"\217\371^8\303[\031\257G\365\301I\033\277\224\237\361"
 166      C35B19AF 
 166      47F5C149 
 166      1BBF949F 
 166      F1
 167 0590 337C708F 		.ascii	"3|p\217\334\020=@\343\317\002\033LRv\317\005;\337D\260"
 167      DC103D40 
 167      E3CF021B 
 167      4C5276CF 
 167      053BDF44 
 168 05a5 4A1F556D 		.ascii	"J\037Um\212\261\303\237V0\315\322\3664\260\275\332\316"
 168      8AB1C39F 
 168      5630CDD2 
 168      F634B0BD 
 168      DACE
 169 05b7 D3E62730 		.ascii	"\323\346'0\303\270\204\211S:\255\347L\306\243L\222\212"
 169      C3B88489 
 169      533AADE7 
ARM GAS  /tmp/ccWCeAmB.s 			page 13


 169      4CC6A34C 
 169      928A
 170 05c9 33ABC689 		.ascii	"3\253\306\211\2608\241\206\236\315\"\214\035d\302\303"
 170      B038A186 
 170      9ECD228C 
 170      1D64C2C3 
 171 05d9 A4455F04 		.ascii	"\244E_\0043\335\242FV$\323\014<$Z\204edN\333YI\221X"
 171      33DDA246 
 171      5624D30C 
 171      3C245A84 
 171      65644EDB 
 172 05f1 674DA9C9 		.ascii	"gM\251\311xU\\\037\241Mf%c\353R\233\314\254R\322\356"
 172      78555C1F 
 172      A14D6625 
 172      63EB529B 
 172      CCAC52D2 
 173 0606 C437B25F 		.ascii	"\3047\262_\005-'q\347\265\"\212\364\302\001\255\210"
 173      052D2771 
 173      E7B5228A 
 173      F4C201AD 
 173      88
 174 0617 42EC3D39 		.ascii	"B\354=9\326!\266\266\021\266\023e\027g\212]\234\036"
 174      D621B6B6 
 174      11B61365 
 174      17678A5D 
 174      9C1E
 175 0629 153050C2 		.ascii	"\0250P\302\037Z\225\314:+\030%3R\372l\256~\305\024\211"
 175      1F5A95CC 
 175      3A2B1825 
 175      3352FA6C 
 175      AE7EC514 
 176 063e 35B994F4 		.ascii	"5\271\224\364\333\241\342~\216\372\025\263F\000\034"
 176      DBA1E27E 
 176      8EFA15B3 
 176      46001C
 177 064d 7A753248 		.ascii	"zu2H\225\014\011\377\005\000_\314eXB\221Rg\370\245\212"
 177      950C09FF 
 177      05005FCC 
 177      65584291 
 177      5267F8A5 
 178 0662 BB131996 		.ascii	"\273\023\031\226H\203P\326\374\365\333\210#4\006\252"
 178      488350D6 
 178      FCF5DB88 
 178      233406AA 
 179 0672 2D6DBB6B 		.ascii	"-m\273k\012\013\335\374\357\325\015\033\337\333\370"
 179      0A0BDDFC 
 179      EFD50D1B 
 179      DFDBF8
 180 0681 C63AF7E6 		.ascii	"\306:\367\346-\356\015\357nr\177\270\371\243\217\267"
 180      2DEE0DEF 
 180      6E727FB8 
 180      F9A38FB7 
 181 0691 B8D7BDF5 		.ascii	"\270\327\275\365\372\313\305\334\276\266z\353V\364\274"
 181      FACBC5DC 
 181      BEB67AEB 
 181      56F4BC
 182 06a0 B369D307 		.ascii	"\263i\323\007\205\357K\377\002S\267\217)"
ARM GAS  /tmp/ccWCeAmB.s 			page 14


 182      85EF4BFF 
 182      0253B78F 
 182      29
 183              		.text
 184              		.section	.gnu.lto_.symbol_nodes.566295b9f53f7d53,"",%progbits
 185 0000 789C6361 		.ascii	"x\234ca`d\360`\000\002\246mL\365\014\014\023\31610\000"
 185      6064F060 
 185      0002A66D 
 185      4CF50C0C 
 185      13CE3130 
 186 0015 A95D0D8A 		.ascii	"\251]\015\212@\221\355L\365\214(\"\254[\230\030\032"
 186      4091ED4C 
 186      F58C2822 
 186      AC5B9818 
 186      1A
 187 0026 85808A19 		.ascii	"\205\200\212\031w0\3253\201\245\030\030\032\032\024"
 187      7730D533 
 187      81A51818 
 187      1A1A14
 188 0035 18189881 		.ascii	"\030\030\230\201\260\245\377\215<\003\000sT\020^"
 188      B0A5FF8D 
 188      3C030073 
 188      54105E
 189              		.text
 190              		.section	.gnu.lto_.refs.566295b9f53f7d53,"",%progbits
 191 0000 789C6361 		.ascii	"x\234ca`\004B \000\000\0009\000\007"
 191      60044220 
 191      00000039 
 191      0007
 192              		.text
 193              		.section	.gnu.lto_.decls.566295b9f53f7d53,"",%progbits
 194 0000 789CCD58 		.ascii	"x\234\315XkT\024G\026\236\352\032\030\006\020<\352n"
 194      6B541447 
 194      169EEA1A 
 194      1806103C 
 194      EA6E
 195 0012 3CBB6CE2 		.ascii	"<\273l\342\311\222\023~l\034Qw7g\177\005\007\021\316"
 195      C992137E 
 195      6C1C5177 
 195      37677F05 
 195      0711CE
 196 0025 C6C8CE18 		.ascii	"\306\310\316\030\367l~\204U\304H\342k\0057\346_\013"
 196      F76C7E84 
 196      55C448E2 
 196      6B0537E6 
 196      5F0B
 197 0037 2888A203 		.ascii	"(\210\242\003\202oP\001\037\010\312(*\240 \343\013\021"
 197      826F5001 
 197      1F08CA28 
 197      2AA020E3 
 197      0B11
 198 0049 85201295 		.ascii	"\205 \022\225\360T\021\361\001\202(odoUuO\367\3644I"
 198      F05411F1 
 198      0182286F 
 198      646F5575 
 198      4FF7F434 
 199 005e F6CF9E9D 		.ascii	"\366\317\236\2353w\252\356\324W\367\336\272\367Vu\335"
ARM GAS  /tmp/ccWCeAmB.s 			page 15


 199      3377AAEE 
 199      D457F7DE 
 199      BAF75675 
 199      DD
 200 006f D66A9086 		.ascii	"\326j\220\206|\376\375\256F\223\2065\232\031\300\216"
 200      7CFEFDAE 
 200      46938635 
 200      9A19C08E 
 201 007f C107BA9A 		.ascii	"\301\007\272\232E\032\351C\370\023@\371@\247\200\310"
 201      451AE943 
 201      F81340F9 
 201      40A780C8 
 202 008f AC128DE3 		.ascii	"\254\022\215\343\207\214\353\205y\037\002M\001\320d"
 202      878CEB85 
 202      791F024D 
 202      01D064
 203 009e A032E8FB 		.ascii	"\2402\350\373@\373[\240\337\001\345\001\357\006\244"
 203      40FB5BA0 
 203      DF01E501 
 203      EF06A4
 204 00ad 83FE2091 		.ascii	"\203\376 \221\015\255\026h\030\372S\241\035\200\366"
 204      0DAD1668 
 204      18FA53A1 
 204      1D80F6
 205 00bc 1D24E97C 		.ascii	"\035$\351|\0171\235\312\017\261\305\353g\364}\004\364"
 205      0F319DCA 
 205      0FB1C5EB 
 205      67F47D04 
 205      F4
 206 00cd 07A0F540 		.ascii	"\007\240\365@\337\002\315\002J\002\332\012\344\251\221"
 206      DF02CD02 
 206      4A02DA0A 
 206      E4A991
 207 00dc 744E0072 		.ascii	"tN\000r\001B@\375\202~_\240\257\201b\201\\\011\036\261"
 207      014240FD 
 207      827E5FA0 
 207      AF816281 
 207      5C091EB1 
 208 00f0 75E7ABD8 		.ascii	"u\347\253\3302\312\241\322;\303\325\332\006T\2178\200"
 208      32CAA1D2 
 208      3BC3D5DA 
 208      06548F38 
 208      80
 209 0101 4DA4FF22 		.ascii	"M\244\377\"\304~\021%\015#\312B\207\323\010\362\304"
 209      C47E1125 
 209      0D23CA42 
 209      87D308F2 
 209      C4
 210 0112 BF900814 		.ascii	"\277\220\010\024xN\354j\354\302\350W\230O\343D?T\210"
 210      784EEC6A 
 210      ECC2E857 
 210      984FE344 
 210      3F5488
 211 0125 241D0993 		.ascii	"$\035\011\223\030/L\326 \201\347$\005\210\261\342\004"
 211      182F4CD6 
 211      2081E724 
 211      0588B1E2 
ARM GAS  /tmp/ccWCeAmB.s 			page 16


 211      04
 212 0136 993C66AE 		.ascii	"\231<f\256 N\262\331\276&$.zO\306v+\306\034\"\375\226"
 212      204EB2D9 
 212      BE26242E 
 212      7A4FC676 
 212      2BC61C22 
 213 014c C16341D3 		.ascii	"\301cA\323\363x\370Xx\236{O\362\314\3558\353~\374\232"
 213      F378F858 
 213      789E7B4F 
 213      F2CCED38 
 213      EB7EFC9A 
 214 0160 4393DC91 		.ascii	"C\223\334\221\026\330\236\252\275\217\274\200\235\342"
 214      16D89EAA 
 214      BD8FBC80 
 214      9DE2
 215 016e 8EA6013B 		.ascii	"\216\246\001;zc\337^n\352N:/\226\237\246E\213~\215r"
 215      7A63DF5E 
 215      6EEA4E3A 
 215      2F969FA6 
 215      458B7E8D 
 216 0183 910F3A8E 		.ascii	"\221\017:\216|@Q\036\232\012\277K\264LRGS\355\221\011"
 216      7C40511E 
 216      9A0ABF4B 
 216      B44C5247 
 216      53ED9109 
 217 0197 EF1FE40F 		.ascii	"\357\037\344\017Z\371\326\236c\336;c\371\012\2306\215"
 217      5AF9D69E 
 217      63DE3B63 
 217      F90A9836 
 217      8D
 218 01a8 A0D03184 		.ascii	"\240\3201\204Q\016\232N\254\203.i\216\242\0060\373\004"
 218      510E9A4E 
 218      AC832E69 
 218      8EA20630 
 218      FB04
 219 01ba 7A1F66F2 		.ascii	"z\037f\362\035\027\032\275\361\337\250\241|L\366kO&"
 219      1D171ABD 
 219      F1DFA8A1 
 219      7C4CF66B 
 219      4F26
 220 01cc C5F6AAD2 		.ascii	"\305\366\252\322\223\267l\340\371O\250\214\223\222\214"
 220      93B76CE0 
 220      F94FA88C 
 220      93928C
 221 01db 937219F9 		.ascii	"\223r\031\371T\306\226\347C\333\021^Bel?\220S\347\001"
 221      54C696E7 
 221      43DB115E 
 221      42656C3F 
 221      9053E701 
 222 01ef 325A79BE 		.ascii	"2Zy\276\365l|P\\\326&\233\005Qs\221U\022b\245B\240s"
 222      F56C7C50 
 222      5CD6269B 
 222      05517391 
 222      551262A5 
 223 0206 8A0A68AA 		.ascii	"\212\012h\252\310\311%\216\370\320\035\021?{\303_\371"
 223      C8C9258E 
 223      F8D01D11 
ARM GAS  /tmp/ccWCeAmB.s 			page 17


 223      3F7BC35F 
 223      F9
 224 0217 2F8A0727 		.ascii	"/\212\007'\260\277\210\330\332\355\257\262u\3700\"\014"
 224      B0BF88D8 
 224      DAEDAFB2 
 224      75F83022 
 224      0C
 225 0228 579E5470 		.ascii	"W\236Tp\332\003\371\271\037!\276i\275}309\036\034\213"
 225      DA03F9B9 
 225      1F21BE69 
 225      BD7D3330 
 225      391E1C8B 
 226 023c CE217774 		.ascii	"\316!wtF\322\361\241;\374&\360|\014q\337\244\012/\215"
 226      46D2F1A1 
 226      3BFC26F0 
 226      7C0C71DF 
 226      A40A2F8D 
 227 0250 DD7BE82C 		.ascii	"\335{\350,\362#\202\011\020\025\300\237\247\341OP\222"
 227      F2238209 
 227      1015C09F 
 227      A7E14F50 
 227      92
 228 0261 939D9CE9 		.ascii	"\223\235\234\351\212\233\231\222=g\216\367\273\333\225"
 228      8A9B9992 
 228      3D678EF7 
 228      BBDB95
 229 0270 1CD83E1B 		.ascii	"\034\330>\033\"8\021\025\203\216BI\007\250\034WI\221"
 229      22381115 
 229      838E4249 
 229      07A81C57 
 229      4991
 230 0282 BA92DCE2 		.ascii	"\272\222\334\342Sq\356\2600\"\211\177\235TC\376\263"
 230      5371EEB0 
 230      3022897F 
 230      9D5443FE 
 230      B3
 231 0293 663FFE3D 		.ascii	"f?\376=Nd\331R9\220\370\322\373\203,\376`&\204\262\304"
 231      4E64D952 
 231      3990F8D2 
 231      FB832CFE 
 231      602684B2 
 232 02a8 941CCB07 		.ascii	"\224\034\313\007S\354\005\246U\226\002\344\237\363D"
 232      53EC05A6 
 232      559602E4 
 232      9FF344
 233 02b7 5309FA00 		.ascii	"S\011\372\000&\236k\277Q\356\316\262\211G\300\333\312"
 233      269E6BBF 
 233      51EECEB2 
 233      8947C0DB 
 233      CA
 234 02c8 B77622BC 		.ascii	"\267v\"\274\227I\2559\232P\203\335\301\320\330_lh\302"
 234      9749AD39 
 234      9A5083DD 
 234      C1D0D85F 
 234      6C68C2
 235 02db 83F83B82 		.ascii	"\203\370;\202\274\001\302\357\275\360\272\322\205\361"
 235      BC01C2EF 
ARM GAS  /tmp/ccWCeAmB.s 			page 18


 235      BDF0BAD2 
 235      85F1
 236 02e9 6EC01676 		.ascii	"n\300\026v\345\026N`\331j#\303c\227\373\357O\300\007"
 236      E5164E60 
 236      D96A23C3 
 236      6397FBEF 
 236      4FC007
 237 02fc 99BAB3E9 		.ascii	"\231\272\263\351w3<\210:^PGfI\226_%nC\006\0374\203j"
 237      77333C88 
 237      3A5E5047 
 237      6649965F 
 237      256E4306 
 238 0314 DA57FFD6 		.ascii	"\332W\377\326\352=\311B\3216\376\223h\272\336\313\200"
 238      EA3DC942 
 238      D136FE93 
 238      68BADECB 
 238      80
 239 0325 BE44D1D7 		.ascii	"\276D\321\327\320$q\016U\364\264>K\317\354\350&\374"
 239      D024710E 
 239      55F4B43E 
 239      4BCFECE8 
 239      26FC
 240 0337 AEE287DD 		.ascii	"\256\342\207\335^\3708S\234|\345M\257\007>\311\230\306"
 240      5EF83853 
 240      9C7CE54D 
 240      AF073EC9 
 240      98C6
 241 0349 CCD4C35A 		.ascii	"\314\324\303Z\206\354 |\372\310H\234\026\027\260\301"
 241      86EC207C 
 241      FAC8489C 
 241      1617B0C1 
 242 0359 980BF5C9 		.ascii	"\230\013\365\311\336l\260\225fX\314\216lW\\\312\006"
 242      DE6CB095 
 242      6658CC8E 
 242      6C575CCA 
 242      06
 243 036a 87BB8E76 		.ascii	"\207\273\216v\273\342\353\214)|\220V&(\274O\370+\275"
 243      BBE2EB8C 
 243      297C9056 
 243      2628BC4F 
 243      F82BBD
 244 037d FB7B3CF1 		.ascii	"\373{<\361m6\2701\273n\253\01670\346N\373\2418O\206"
 244      6D36B831 
 244      BB6EAB0E 
 244      3730E64E 
 244      FBA1384F 
 245 0392 A471ED6D 		.ascii	"\244q\355mH*\367\304\217\331\340\325\212Gw\334\360K"
 245      482AF7C4 
 245      8FD9E0D5 
 245      8A4777DC 
 245      F04B
 246 03a4 C66CB976 		.ascii	"\306l\271v\266\\\330\372\025\204\337\320a\215\307xP"
 246      B65CD8FA 
 246      1584DFD0 
 246      618DC778 
 246      50
 247 03b5 5028B876 		.ascii	"P(\270v\222\340\332\236\232+\211z\034\213\351`\325\346"
ARM GAS  /tmp/ccWCeAmB.s 			page 19


 247      92E0DA9E 
 247      9A2B897A 
 247      1C8BE960 
 247      D5E6
 248 03c7 94340E6F 		.ascii	"\2244\016oa\314\261\366\375\333\004\205\037\023\327"
 248      61CCB1F6 
 248      FDDB0485 
 248      1F13D7
 249 03d6 ECEB4EF7 		.ascii	"\354\353N\367\304;\330XI\326\306\0347\234\316\230\013"
 249      C43BD858 
 249      49D6C61C 
 249      379CCE98 
 249      0B
 250 03e7 8525E542 		.ascii	"\205%\345B\360f\000\033W\235\324\350\211\017\263\261"
 250      F066001B 
 250      579DD4E8 
 250      890FB3B1 
 251 03f7 931DF136 		.ascii	"\223\035\3616\035>\301\230}\275MO\205\305\372\021!U"
 251      1D3EC198 
 251      7DBD4D4F 
 251      85C5FA11 
 251      2155
 252 0409 83795EF8 		.ascii	"\203y^\370,\033\023\017\250I\354\200*i8k\300el\350P"
 252      2C1B130F 
 252      A849EC80 
 252      2A69386B 
 252      C0656CE8 
 253 041e 47F10E6F 		.ascii	"G\361\016o\\\301\230\256\270\307\255\036\0147\025\330"
 253      5CC198AE 
 253      B8C7AD1E 
 253      0C3715D8 
 254 042e 074D4F12 		.ascii	"\007MO\022\275\360m6\266\251,\255T\217\033\030S\333"
 254      BDF06D36 
 254      B6A92CAD 
 254      548F1B18 
 254      53DB
 255 0440 7D2B5D00 		.ascii	"}+]\000N$\036jmF\270\215\015=O\264\325s\270\22319\305"
 255      4E241E6A 
 255      6D46B88D 
 255      0D3D4FB4 
 255      D573B893 
 256 0457 490F5C70 		.ascii	"I\017\\p\037c\036\025\306\365i\361\020crG2j\364x\214"
 256      1F631E15 
 256      C6F569F1 
 256      10637247 
 256      326AF478 
 257 046c 3135E75B 		.ascii	"15\347[\037{\341x-e\362\252\2567\012\036N \333!\357"
 257      1F7BE178 
 257      2D65F2AA 
 257      AE370A1E 
 257      4E20DB21 
 258 0481 5853BB4E 		.ascii	"XS\273N\310W\222\277\331E\255#\010'R\360\264\253\226"
 258      C85792BF 
 258      D945AD23 
 258      082752F0 
 258      B4AB96
 259 0494 F30908F9 		.ascii	"\363\011\010\371\252\177\374|'\263N&=\012\032\036\006"
ARM GAS  /tmp/ccWCeAmB.s 			page 20


 259      AA7FFC7C 
 259      27B34E26 
 259      3D0A1A1E 
 259      06
 260 04a5 676455F2 		.ascii	"gdU\362\374\301\313\210\244&j\205m\230\310M\266',j\241"
 260      FCC1CB88 
 260      A4266A85 
 260      6D98C84D 
 260      B6272C6A 
 261 04ba 59EB0F3F 		.ascii	"Y\353\017?\232L>.\226\267\015}\265\207\267\305aT\006"
 261      9A4C3E2E 
 261      96B70D7D 
 261      B587B7C5 
 261      615406
 262 04cd 695D25A0 		.ascii	"i]%\240\355\273\357\246\022}^\206nW\242\333\344h\370"
 262      EDBBEFA6 
 262      127D5E86 
 262      6E57A2DB 
 262      E468F8
 263 04e0 D852BFDE 		.ascii	"\330R\277\336@\321\304\222+JKlJ\331;\277\226d_T\312"
 263      40D1C492 
 263      2B4A4B6C 
 263      4AD93BBF 
 263      96645F54 
 264 04f5 2E55CA7E 		.ascii	".U\312~\373\225$\273R)\373\206R\266Uf\367\013\245l\003"
 264      FB9524BB 
 264      5229FB86 
 264      52B65566 
 264      F70BA56C 
 265 050a 01E72209 		.ascii	"\001\347\"\011m\221YR\241D\227+e\027\311dw(\321O\220"
 265      6D915952 
 265      A144972B 
 265      6517C964 
 265      7728D14F 
 266 051f 52F85D19 		.ascii	"R\370]\031\274I\011ot\2027\312\340\367\225\360\273\016"
 266      BC49096F 
 266      748237CA 
 266      E0F795F0 
 266      BB0E
 267 0531 5E89E16D 		.ascii	"^\211\341m%\002\232\034R\217\325\343#\012'\360\037e"
 267      25029A1C 
 267      528FD5E3 
 267      230A27F0 
 267      1F65
 268 0543 F01F95F0 		.ascii	"\360\037\225\360z'[\316\310ly\246\204_r\202\327\311"
 268      7A275BCE 
 268      C86C79A6 
 268      845F7282 
 268      D7C9
 269 0555 E0CDEA2B 		.ascii	"\340\315\352+\225\271\361\276\014\335\240n\213\014\235"
 269      95B9F1BE 
 269      0CDDA06E 
 269      8B0C9D
 270 0564 220BD175 		.ascii	"\"\013\321u\365\020\311My-\023^\253\204\337v\202_\224"
 270      F510C94D 
 270      792D135E 
 270      AB84DF76 
ARM GAS  /tmp/ccWCeAmB.s 			page 21


 270      825F94
 271 0577 C11F29E1 		.ascii	"\301\037)\341\017\224\266\324\310\320\017\325\321r\341"
 271      0F94B6D4 
 271      C8D00FD5 
 271      D172E1
 272 0586 A765F0E7 		.ascii	"\247e\360\347\352^\224\011o\226\241\357\251\307_.\374"
 272      EA5E9409 
 272      6F96A1EF 
 272      A9C75F2E 
 272      FC
 273 0597 9C0CFE54 		.ascii	"\234\014\376T=\031\251pzs\260\355{\022\014\327(DP\032"
 273      3D19A970 
 273      7A73B0ED 
 273      7B120CD7 
 273      2844501A 
 274 05ab E1DAA0B1 		.ascii	"\341\332\240\261'\307\340\223\340\024\270\253\315\240"
 274      27C7E093 
 274      E014B8AB 
 274      CDA0
 275 05b9 D9F1BD52 		.ascii	"\331\361\275RV\265Lu\262p\177\344Q\264\006\275\004D"
 275      56B54C75 
 275      B2707FE4 
 275      51B406BD 
 275      0444
 276 05cb 171D2478 		.ascii	"\027\035$xr+H\340\374P\022\347\213\372\221/\332\010"
 276      722B48E0 
 276      FC5012E7 
 276      8BFA912F 
 276      DA08
 277 05dd ED5B68E3 		.ascii	"\355[h\343\241\035\204\266\027h\004(\026\3708\240\036"
 277      A11D84B6 
 277      17680428 
 277      16F838A0 
 277      1E
 278 05ee E88F010D 		.ascii	"\350\217\001\015\001\361\300\217B;\014\264\011\372\026"
 278      01F1C08F 
 278      423B0CB4 
 278      09FA16
 279 05fd A02D4031 		.ascii	"\240-@1@\333\2006\003\275\202\261\255\320\366A;\000"
 279      40DB8036 
 279      03BD82B1 
 279      ADD0F641 
 279      3B00
 280 060f B401FAAF 		.ascii	"\264\001\372\257\241}\003\264\235\363\025\226C<\363"
 280      A17D03B4 
 280      9DF31596 
 280      433CF3
 281 061e 4AE6993B 		.ascii	"J\346\231;\352) s\373\210\014}K\375X\224\273=C\006\357"
 281      EA292073 
 281      FB880C7D 
 281      4BFD5894 
 281      BB3D4306 
 282 0633 543D5F64 		.ascii	"T=_d\262\373d\340\032u\277\312\320\273e\231\336\255"
 282      B2FB64E0 
 282      1A75BFCA 
 282      D0BB6599 
 282      DEAD
ARM GAS  /tmp/ccWCeAmB.s 			page 22


 283 0645 7E2CDAB7 		.ascii	"~,\332\2674\204\264[v.\376\240<\027\353$\341\360\224"
 283      3484B45B 
 283      762EFEA0 
 283      3C17EB24 
 283      E1F094
 284 0658 799397D7 		.ascii	"y\223\227\327\344\201k\350S\206\253\272X{\304\025\371"
 284      E4816BE8 
 284      5386ABBA 
 284      587BC415 
 284      F9
 285 0669 4D1612E3 		.ascii	"M\026\022\343\331T\236wC;`r2g\277Q\2224\031'\332(\005"
 285      D9549E77 
 285      433B6072 
 285      3267BF51 
 285      92341927 
 286 0680 82FCFF12 		.ascii	"\202\374\377\022pX[yI\351KW\317D\351\362K\327\"\335"
 286      70585B79 
 286      49E94B57 
 286      CF44E9F2 
 286      4BD722DD 
 287 0694 F252394F 		.ascii	"\362R9Oz\307\207v\224\323n\313\311\352\342\320d?_\337"
 287      7AC78776 
 287      94D36ECB 
 287      C9EAE2D0 
 287      643F5FDF 
 288 06a8 64E1A247 		.ascii	"d\341\242G\027']\363\322\204\225\355\204\225\355\006"
 288      17275DF3 
 288      D28495ED 
 288      8495ED06 
 289 06b8 8DBB044D 		.ascii	"\215\273\004M\314[\375\355l\033\245)\267\021\211\337"
 289      CC5BFDED 
 289      6C1BA529 
 289      B71189DF 
 290 06c8 68BBB08D 		.ascii	"h\273\260\215\304\243*\355'\237=C\313\0343\311\031-"
 290      C4A32AED 
 290      279F3D43 
 290      CB1C33C9 
 290      192D
 291 06da 866FEFE9 		.ascii	"\206o\357\351\253e:\334\310\302w\376\364\313Sz{\370"
 291      AB653ADC 
 291      C8C277FE 
 291      F4CB537A 
 291      7BF8
 292 06ec C6DA69F8 		.ascii	"\306\332i\370\366\301\334=R\370\322d\341S\254\020\355"
 292      F6C1DC3D 
 292      52F8D264 
 292      E153AC10 
 292      ED
 293 06fd 85858DB7 		.ascii	"\205\205\215\267H\320\225\224\225\271\303\323\301\235"
 293      48D09594 
 293      95B9C3D3 
 293      C19D
 294 070b FB1CDCB9 		.ascii	"\373\034\334\271_p\347~\342N4\3748\377\211#\232\224"
 294      5F70E77E 
 294      E24E34FC 
 294      38FF8923 
 294      9A94
ARM GAS  /tmp/ccWCeAmB.s 			page 23


 295 071d 58123A5D 		.ascii	"X\022:]@\247St\372\375\314\213\034\356`7\243\304M\333"
 295      40A75374 
 295      FAFDCC8B 
 295      1CEE6037 
 295      A3C44DDB 
 296 0731 2D5E50A2 		.ascii	"-^P\242\331H\261X\364M2-\026-\254X\314\220\226\002]"
 296      D948B158 
 296      F44D322D 
 296      162DAC58 
 296      CC909602 
 297 0746 A9D03BC0 		.ascii	"\251\320;\300\221:m\260v\333F\027\034\353B\305\\i\262"
 297      913A6DB0 
 297      76DB4617 
 297      1CEB42C5 
 297      5C69B2
 298 0759 5ADD7022 		.ascii	"Z\335p\"c\304\342c\212P|\214\266\225\265\352q2\035t"
 298      63C4E263 
 298      8A507C8C 
 298      B695B5EA 
 298      71321D74 
 299 076d ED4ECCAE 		.ascii	"\355N\314\256\245\267+\270I\321\010\300\035jy}m\033"
 299      A5B72BB8 
 299      49D108C0 
 299      1D6A797D 
 299      6D1B
 300 077f CFA778D2 		.ascii	"\317\247x\322 \034\"Z\177j;_\274\013\325\350b\212=\250"
 300      201C225A 
 300      7F6A3B5F 
 300      BC0BD5E8 
 300      628A3DA8 
 301 0793 C43A1DE7 		.ascii	"\304:\035\3475\0228K\035\314\222\201\305\261\020\320"
 301      3512384B 
 301      1DCC9281 
 301      C5B110D0 
 302 07a3 10C71CB5 		.ascii	"\020\307\034\265\274*\275;\3051S\234\215T9\23539\037"
 302      BC2ABD3B 
 302      C531539C 
 302      8D54399D 
 302      33391F
 303 07b6 E1319023 		.ascii	"\3411\220#D\373(D;\033\242}\014\3500\320\021)\352\273"
 303      44FB2844 
 303      3B1BA27D 
 303      0CE830D0 
 303      1129EABB 
 304 07ca DB46E102 		.ascii	"\333F\341\002\271\233"
 304      B99B
 305 07d0 3A8A4B19 		.ascii	":\212K\031:~\313\315\236awv\"bY\036\0109.\205%\307\371"
 305      3A7ECBCD 
 305      9E617776 
 305      2262591E 
 305      08392E85 
 306 07e7 801015A2 		.ascii	"\200\020\025\242\\\320\363\013t&5\327[\261c\3568d\332"
 306      5CD0F30B 
 306      742635D7 
 306      5BB163EE 
 306      3864DA
 307 07fa 0921774E 		.ascii	"\011!wN\320\334\351\031I/\024*\202)$\262-\026\213p\217"
ARM GAS  /tmp/ccWCeAmB.s 			page 24


 307      D0DCE919 
 307      492F142A 
 307      822924B2 
 307      2D168B70 
 308 080f 3E4822DD 		.ascii	">H\"\335b=\325\3572~\251g\345\204R\3578\253*\217\305"
 308      623DD5EF 
 308      327EA967 
 308      E58452EF 
 308      38AB2A8F 
 309 0824 1C4AD50A 		.ascii	"\034J\325\012\265\036/\326z\371\260\200\223\034\201"
 309      B51E2FD6 
 309      7AF9B080 
 309      931C81
 310 0833 9FE22689 		.ascii	"\237\342&\211\223h\035Y{\257O\217\217\262\034;q\237"
 310      93681D59 
 310      7BAF4F8F 
 310      8FB21C3B 
 310      719F
 311 0845 DFAC176B 		.ascii	"\337\254\027kX\313/\252a\223\3376\324\270\310\265\025"
 311      58CB2FAA 
 311      6193DF36 
 311      D4B8C8B5 
 311      15
 312 0856 703FA1ED 		.ascii	"p?\241\355By\355\015\204\363\230\266\313\257\254G\205"
 312      4279ED0D 
 312      84F398B6 
 312      CBAFAC47 
 312      85
 313 0867 D20A03FB 		.ascii	"\322\012\003\373\262?s\263\333\370\313,\024\227y\216"
 313      B23F73B3 
 313      DBF8CB2C 
 313      1497798E 
 314 0877 A38AE3D3 		.ascii	"\243\212\343\323[\012\\\224\313\224\022\243\210*.\024"
 314      5B0A5C94 
 314      CB9412A3 
 314      882A2E14 
 315 0887 15576C2C 		.ascii	"\025Wl,\333\345d\346\270\350\366\267\005\225:|\212\231"
 315      DBE564E6 
 315      B8E8F6B7 
 315      05953A7C 
 315      8A99
 316 0899 B92365A0 		.ascii	"\271#e\240\322\015\237eLon\367aW\\\314\230\372\336\352"
 316      D20D9F65 
 316      4C6F6EF7 
 316      61575CCC 
 316      98FADEEA 
 317 08ad 782CAFAA 		.ascii	"x,\257\252\211\320q\253\352\335\203\207\236M\300\245"
 317      89D071AB 
 317      EADD8387 
 317      9E4DC0A5 
 318 08bd 6C6A67D7 		.ascii	"ljg\327H\276\027\276\314\230\334\274K\325\036\370:c"
 318      48BE17BE 
 318      CC98DCBC 
 318      4BD51EF8 
 318      3A63
 319 08cf 462C070A 		.ascii	"F,\007\012\364\270JpQVF\212\036\3272f\314\222\260G\207"
 319      F4B84A70 
ARM GAS  /tmp/ccWCeAmB.s 			page 25


 319      5156468A 
 319      1ED73266 
 319      CC92B047 
 320 08e4 EF3126B5 		.ascii	"\3571&\265:5\313\00372f\270#\265\0361Oz\312\012\357"
 320      3A35CB03 
 320      373266B8 
 320      23B51E31 
 320      4F7ACA0A 
 321 08f9 2942E17D 		.ascii	")B\341}\262o\333.\017\374\220a\357\325\307\025\013X"
 321      B26FDB2E 
 321      0FFC9061 
 321      EFD5C715 
 321      0B58
 322 090b 0F60631B 		.ascii	"\017`c\033\336^\366\036\337\3537D\257W0\257\347ol\313"
 322      DE5EF61E 
 322      DFEB3744 
 322      AF5730AF 
 322      E76F6CCB 
 323 091f 7183D93E 		.ascii	"q\203\331>\356\360\274\223\275D\362a/\221\316\330zO"
 323      EEF0BC93 
 323      BD44F261 
 323      2F91CED8 
 323      7A4F
 324 0931 68713BDB 		.ascii	"hq;\333k\267\013\352\257\351e/\221\336-\"\357w\252\301"
 324      6BB70BEA 
 324      AFE9652F 
 324      91DE2D22 
 324      EF77AAC1 
 325 0945 47B7A4CD 		.ascii	"G\267\244\315\346c\177\275\323\235\311\273N\325\240"
 325      E6637FBD 
 325      D39DC9BB 
 325      4ED5A0
 326 0954 59F49D05 		.ascii	"Y\364\235\005\252\202\315\345#\244\333M\210S%\323\237"
 326      AA82CDE5 
 326      23A4DB4D 
 326      885325D3 
 326      9F
 327 0965 73E0D8D5 		.ascii	"s\340\330\325\011\270\233)\350L}\236\200e/\220|r\211"
 327      09B89B29 
 327      E84C7D9E 
 327      80652F90 
 327      7C7289
 328 0978 82DBA0E0 		.ascii	"\202\333\240\340{IA57\216\206\032u\015e\011\027\366"
 328      7B494135 
 328      378E861A 
 328      750D6509 
 328      17F6
 329 098a EBA44C41 		.ascii	"\353\244LAT^9\214_\243\011]K3\345\206\230)\2076\027"
 329      545E398C 
 329      5FA3095D 
 329      4B33E586 
 329      98298736 
 330 099f 58DCD98E 		.ascii	"X\334\331\216\371E\3223\0376^\344\344\322\357\374\224"
 330      F945D233 
 330      1F365EE4 
 330      E4D2EFFC 
 330      94
ARM GAS  /tmp/ccWCeAmB.s 			page 26


 331 09b0 F4D2DAC6 		.ascii	"\364\322\332\306O\360\000\213\333\233\352\306\007\010"
 331      4FF0008B 
 331      DB9BEAC6 
 331      0708
 332 09be 8F3026EE 		.ascii	"\2170&\356\346\215\243:\314\273R\346ENU\205+\336\304"
 332      E68DA33A 
 332      CCBB52E6 
 332      454E5585 
 332      2BDEC4
 333 09d1 98B6F6A1 		.ascii	"\230\266\366\241\"\214\2670\346\310\213\314$=\2660&"
 333      228CB730 
 333      E6C88BCC 
 333      243DB630 
 333      26
 334 09e2 AEADAB5A 		.ascii	"\256\255\253Zx\025\260\225\204n\270\373\\\235\230%\244"
 334      7815B095 
 334      846EB8FB 
 334      5C9D9825 
 334      A4
 335 09f3 5C7FF6E6 		.ascii	"\\\177\366\346\361\230\033\336I\301\357\264f\354\256"
 335      F1981BDE 
 335      49C1EFB4 
 335      66ECAE
 336 0a02 F414CAF5 		.ascii	"\364\024\312\365\311\216\245:\251\322\311\023f\360U"
 336      C98EA53A 
 336      A9D2C913 
 336      66F055
 337 0a11 E8409DF4 		.ascii	"\350@\235\364\204\271\002.o\223\037\336\016E:9m\317"
 337      84B9022E 
 337      6F931FDE 
 337      0E453A39 
 337      6DCF
 338 0a23 7F491E1A 		.ascii	"\177I\036\032p\"\320\242\216`\305sB\245\326\331\335"
 338      7022D0A2 
 338      8E60C573 
 338      42A5D6D9 
 338      DD
 339 0a34 6C7FC45C 		.ascii	"l\177\304\\RJv\252\272vJ\340\313\352f\310E\227H\350"
 339      524A76AA 
 339      BA764AE0 
 339      CBEA66C8 
 339      459748E8 
 340 0a48 2625BA4B 		.ascii	"&%\272K)z\277\004.S\202e\365\234\303\323\242\021\226"
 340      297ABF04 
 340      2E538265 
 340      F59CC3D3 
 340      A21196
 341 0a5b D540E3D9 		.ascii	"\325@\343\331&<*z \033\236\221;\036P7P\007\320c\240"
 341      263C2A7A 
 341      201B9E91 
 341      3B1E5037 
 341      5007D063 
 342 0a70 2EA04EA0 		.ascii	".\240N\240\027@\315@\017\200Z\201\332\201\036\001=\005"
 342      1740CD40 
 342      0F805A81 
 342      DA811E01 
 342      3D05
ARM GAS  /tmp/ccWCeAmB.s 			page 27


 343 0a82 7A42EE8B 		.ascii	"zB\356\213@\317\201^\002\365\002\265\000=t(\014F\032"
 343      40CF815E 
 343      02F502B5 
 343      003D7428 
 343      0C461A
 344 0a95 EC76DE55 		.ascii	"\354v\336U\332\371D\271\250\275\322\242l\352\316\025"
 344      DAF944B9 
 344      A8BDD2A2 
 344      6CEACE15 
 345 0aa5 FD950AF7 		.ascii	"\375\225\012\367p+\215[)\304\255D\000\333/\\w\225\222"
 345      702B8D5B 
 345      29C4AD44 
 345      00DB2F5C 
 345      779592
 346 0ab8 872433EE 		.ascii	"\207$3\356)%;\327\326\031\222\035\027\325\235k\267\203"
 346      29253BD7 
 346      D619921D 
 346      17D59D6B 
 346      B783
 347 0aca 94BF4C36 		.ascii	"\224\277L69d\177T\242\345\327\031\202=\323l\307\236"
 347      39647F54 
 347      A2E5D719 
 347      823DD36C 
 347      C79E
 348 0adc 5762EB9C 		.ascii	"Wb\353\234\354H\221\354\270\252D+J_\360\207\345K\336"
 348      EC4891EC 
 348      B8AA442B 
 348      4A5FF087 
 348      E54BDE
 349 0aef FA4F5407 		.ascii	"\372OT\007\376\270.\200\305\015\354\370\362\210H~+\371"
 349      FEB82E80 
 349      C50DECF8 
 349      F288487E 
 349      2BF9
 350 0b01 E307F5B0 		.ascii	"\343\007\365\260\310=}\216z\272\030$\237\025\300\366"
 350      C83D7D8E 
 350      7ABA1824 
 350      9F15C0F6 
 351 0b11 8B87536D 		.ascii	"\213\207Sm7 I\276\257\356iY\211\334\323@\257`m\312+"
 351      372049BE 
 351      AFEE6959 
 351      89DCD340 
 351      AF606DCA 
 352 0b26 18715541 		.ascii	"\030qUA\306\257\330\025\2148\353\202\272\263\374%\033"
 352      C6AFD815 
 352      8C38EB82 
 352      BAB3FC25 
 352      1B
 353 0b37 8BA88D67 		.ascii	"\213\250\215g\300\306\323\234b\027;\275h\353\223l\254"
 353      C0C6D39C 
 353      62173BBD 
 353      68EB936C 
 353      AC
 354 0b48 578D185B 		.ascii	"W\215\030[<\034>\325-i\325Z\334L\017\037\356\321\325"
 354      3C1C3ED5 
 354      2D69D55A 
 354      DC4C0F1F 
ARM GAS  /tmp/ccWCeAmB.s 			page 28


 354      EED1D5
 355 0b5b FC17EEF6 		.ascii	"\374\027\356\366KZY3\275\244\365\303\3447\322\261\336"
 355      4B5A5933 
 355      BDA4F5C3 
 355      E437D2B1 
 355      DE
 356 0b6c E67C4913 		.ascii	"\346|I\023\267\035\352\203\335\366\277\330y`\367\301"
 356      B71DEA83 
 356      DDF6BFD8 
 356      7960F7C1 
 357 0b7c AE8E1DDE 		.ascii	"\256\216\035\336\016\027\275~\207\213\336\200p\321\033"
 357      0E17BD7E 
 357      878BDE80 
 357      70D11B
 358 0b8b A017BDBB 		.ascii	"\240\027\275\273\235\351).\370\011;\217_\355-\177\356"
 358      9DE9292E 
 358      F8093B8F 
 358      5FED2D7F 
 358      EE
 359 0b9c 8E3B19B3 		.ascii	"\216;\031\263\357\344\3618\214\273\031\323X\262\341"
 359      EFE4F138 
 359      8CBB19D3 
 359      58B2E1
 360 0bab AA171E60 		.ascii	"\252\027\036`\314\203\0031m.x\2241E\245\2353\331\021"
 360      CC830331 
 360      6D2E7894 
 360      3145A59D 
 360      33D911
 361 0bbe EE03DCF9 		.ascii	"\356\003\334\371\246\036\233\207p\202\223\023\375\300"
 361      A61E9B87 
 361      70829313 
 361      FDC0
 362 0bcc F38E560F 		.ascii	"\363\216V\017\274AG\240\372\272\241\201\357\275\220"
 362      BC4147A0 
 362      FABAA181 
 362      EFBD90
 363 0bdb 7078FBF9 		.ascii	"px\373\371\212U\301\232aYU0\004\376\214\301\343lQ\007"
 363      8A55C19A 
 363      61595530 
 363      04FE8CC1 
 363      E36C5107 
 364 0bef DF8E816F 		.ascii	"\337\216\201o\337\322#\215\340iy\214\375P,\206\022\027"
 364      DFD2238D 
 364      E069798C 
 364      FD502C86 
 364      1217
 365 0c01 6823D006 		.ascii	"h#\320\006\240\315@q@\361X~4\365I\273kT\251PY\206XZ"
 365      A0CD4071 
 365      40F1587E 
 365      34F549BB 
 365      6B54A950 
 366 0c19 ECD84125 		.ascii	"\354\330A%\326\371-\344\220$yX})\362\015#\201GT\315"
 366      D6F92DE4 
 366      90247958 
 366      7D29F20D 
 366      23814754 
 367 0c2e 70381124 		.ascii	"p8\021$;x\254\000\267)wWo3\335]\000r.p\306\232\025\005"
ARM GAS  /tmp/ccWCeAmB.s 			page 29


 367      3B78AC00 
 367      B7297757 
 367      6F33DD5D 
 367      00722E70 
 368 0c46 8ECA92C4 		.ascii	"\216\312\222\304ZxS=\177\337\003'\350\330\355\251}\313"
 368      5A78533D 
 368      7FDF0327 
 368      E8D8EDA9 
 368      7DCB
 369 0c58 462FFB26 		.ascii	"F/\373&Hk\241\233`+LN\304\366M@4\216\023(\264\005\342"
 369      486BA19B 
 369      602B4C4E 
 369      C4F64D40 
 369      348E1328 
 370 0c6f F3DFC48A 		.ascii	"\363\337\304\212\274\335/\271\266\3071\231\267by2'a"
 370      BCDD2FB9 
 370      B6C73199 
 370      B7627932 
 370      2761
 371 0c81 96CCA4F5 		.ascii	"\226\314\244\365\\\276xE\330\212\025K\303\"WEF\273\315"
 371      5CBE7845 
 371      D88A154B 
 371      C3225745 
 371      46BBCD
 372 0c94 FBECF369 		.ascii	"\373\354\363iF\177\177\315\307\323\247\033\330\327\270"
 372      467F7FCD 
 372      C7D3A71B 
 372      D8D7B8
 373 0ca3 3C7249E4 		.ascii	"<rI\344\002\263au\224\001\220\2065\253\327FG\031\314"
 373      02B36175 
 373      94019086 
 373      35ABD746 
 373      4719CC
 374 0cb6 0BE7CF9A 		.ascii	"\013\347\317\232\311~\203f\257_o\020dL\017\327L\214"
 374      C97E8366 
 374      AF5F6F10 
 374      644C0FD7 
 374      4C8C
 375 0cc8 8A5E396B 		.ascii	"\212^9kfX\370\212\325\341\337P\221\272\310\265\377\012"
 375      6658F88A 
 375      D5E1DF50 
 375      91BAC8B5 
 375      FF0A
 376 0cda 81F62FFF 		.ascii	"\201\366/\377\235D&&2j\355\364\345\032\367\260\260u"
 376      9D442626 
 376      326AEDF4 
 376      E51AF7B0 
 376      B075
 377 0cec 91ABA281 		.ascii	"\221\253\242\201\217\376\310\260.j\255!rU\370\212uK"
 377      8FFEC8B0 
 377      2E6AAD21 
 377      7255F88A 
 377      754B
 378 0cfe 230CAB22 		.ascii	"#\014\253\"\276]\021\271\304\260rq\370\362\310U\021"
 378      BE5D11B9 
 378      C4B07271 
 378      F8F2C855 
ARM GAS  /tmp/ccWCeAmB.s 			page 30


 378      11
 379 0d0f 86B0A511 		.ascii	"\206\260\245\021\313\026\257[\021\035\026\375\335\232"
 379      CB16AF5B 
 379      111D16FD 
 379      DD9A
 380 0d1d 882898E8 		.ascii	"\210(\230\350&N{_mZ\324wQ\206\260\250\350\245\200\001"
 380      264E7B5F 
 380      6D5AD477 
 380      5186B0A8 
 380      E8A58001 
 381 0d31 ACB7F9BB 		.ascii	"\254\267\371\273\250\350\210\225\306\325k#\214\304x"
 381      A8E88895 
 381      C6D56B23 
 381      8CC478
 382 0d40 17B3D938 		.ascii	"\027\263\3318\317\2447\3155\3175-\232\033\370'l4\233"
 382      CFA437CD 
 382      35CF352D 
 382      9A1BF827 
 382      6C349B
 383 0d53 B473028D 		.ascii	"\264s\002\215\322_\177\324\007\204\316\231\371i\350"
 383      D25F7FD4 
 383      0784CE99 
 383      F969E8
 384 0d62 DCCF4CA4 		.ascii	"\334\317L\244\347\317z\342\350l}@\360\234Y\302h\260"
 384      E7CF7AE2 
 384      E86C7D40 
 384      F09C59C2 
 384      68B0
 385 0d74 1D17ACC4 		.ascii	"\035\027\254\304\315\322\021)\360\017i\375\345#3uD\002"
 385      CDD21129 
 385      F00F69FD 
 385      E5233375 
 385      4402
 386 0d86 1D091610 		.ascii	"\035\011\026\020\301\216\010\17772\327d^h\"\035\177"
 386      C18E087F 
 386      3732D764 
 386      5E68221D 
 386      7F
 387 0d97 D2B18FCD 		.ascii	"\322\261\217\315p#\263\331X\260\010\012f l\0141i\215"
 387      7023B3D9 
 387      58B0080A 
 387      66206C0C 
 387      31698D
 388 0daa 41F34CBA 		.ascii	"A\363L\272\320O?%-g4\271C7d\246\231p\252\241\012_\275"
 388      D04F3F25 
 388      2D6734B9 
 388      433764A6 
 388      9970AAA1 
 389 0dc1 72E5EA55 		.ascii	"r\345\352U\206\210\365\321\020%e\240\226\315\236\361"
 389      8688F5D1 
 389      102565A0 
 389      96CD9EF1 
 390 0dd1 E7F5EBC1 		.ascii	"\347\365\353\301\213\036&\2431l!\270?0b\231G\350\337"
 390      8B1E26A3 
 390      316C21B8 
 390      3F306299 
 390      47E8DF
ARM GAS  /tmp/ccWCeAmB.s 			page 31


 391 0de4 4D62FF37 		.ascii	"Mb\3777b\226-Y\034\376\315\2725aKW\257\\\034\271\212"
 391      62962D59 
 391      1CFECDBA 
 391      35614B57 
 391      AF5C1CB9 
 392 0df9 26882B31 		.ascii	"&\210+1=\350\013\327\220@\343\202\300\271\204\233\031"
 392      3DE80BD7 
 392      9040E382 
 392      C0B9849B 
 392      19
 393 0e0a F48557E0 		.ascii	"\364\205W\340\234y\363\215\237\213\323\265!\346\000"
 393      9C79F38D 
 393      9F8BD3B5 
 393      21E600
 394 0e19 9376FEFC 		.ascii	"\223v\376\374 \023\016\0104\341@hC\203L\332\200 \022"
 394      20130E08 
 394      34E14068 
 394      43834CDA 
 394      802012
 395 0e2c 93A00093 		.ascii	"\223\240\000\223\013\014\001 \220\360\301\344\307\010"
 395      0B0C0120 
 395      90F0C1E4 
 395      C708
 396 0e3a 3F2EE660 		.ascii	"?.\346`\210\0316\007\207\352Y\002}\034\026\255\023Z"
 396      88193607 
 396      87EA5902 
 396      7D1C16AD 
 396      135A
 397 0e4c 6C34C288 		.ascii	"l4\302\210\321\344\022\020b2\232\264\213\026.0iC\000"
 397      D1E41210 
 397      62329AB4 
 397      8B162E30 
 397      694300
 398 0e5f ED620CFD 		.ascii	"\355b\014\375<$\020~\003\214\246\200\237qC\200i\276"
 398      3C24107E 
 398      038CA680 
 398      9F714380 
 398      69BE
 399 0e71 C138DF1C 		.ascii	"\3018\337\034b6\220\2441\204\010\331\025\016LX\370\312"
 399      623690A4 
 399      318408D9 
 399      150E4C58 
 399      F8CA
 400 0e83 D924FFCC 		.ascii	"\331$\377\314\3069t\011.\013B\027\032M\234\331\244\203"
 400      C6397409 
 400      2E0B4217 
 400      1A4D9CD9 
 400      A483
 401 0e95 CE5FE7FE 		.ascii	"\316_\347\376\303\244%?\030\224\270\322\021\377\011"
 401      C3A4253F 
 401      1894B8D2 
 401      11FF09
 402 0ea4 419F0698 		.ascii	"A\237\006\230\203\305\345\376\007\332q\304k"
 402      83C5E5FE 
 402      07DA71C4 
 402      6B
 403              		.text
ARM GAS  /tmp/ccWCeAmB.s 			page 32


 404              		.section	.gnu.lto_.symtab.566295b9f53f7d53,"",%progbits
 405 0000 68616C5F 		.ascii	"hal_lld_init\000"
 405      6C6C645F 
 405      696E6974 
 405      00
 406 000d 00       		.ascii	"\000"
 407 000e 00       		.ascii	"\000"
 408 000f 00       		.ascii	"\000"
 409 0010 00000000 		.ascii	"\000\000\000\000\000\000\000\000"
 409      00000000 
 410 0018 AD000000 		.ascii	"\255\000\000\000"
 411 001c 73746D33 		.ascii	"stm32_clock_init\000"
 411      325F636C 
 411      6F636B5F 
 411      696E6974 
 411      00
 412 002d 00       		.ascii	"\000"
 413 002e 00       		.ascii	"\000"
 414 002f 00       		.ascii	"\000"
 415 0030 00000000 		.ascii	"\000\000\000\000\000\000\000\000"
 415      00000000 
 416 0038 AF000000 		.ascii	"\257\000\000\000"
 417 003c 53797374 		.ascii	"SystemCoreClock\000"
 417      656D436F 
 417      7265436C 
 417      6F636B00 
 418 004c 00       		.ascii	"\000"
 419 004d 00       		.ascii	"\000"
 420 004e 00       		.ascii	"\000"
 421 004f 00000000 		.ascii	"\000\000\000\000\000\000\000\000"
 421      00000000 
 422 0057 BC000000 		.ascii	"\274\000\000\000"
 423 005b 69727149 		.ascii	"irqInit\000"
 423      6E697400 
 424 0063 00       		.ascii	"\000"
 425 0064 02       		.ascii	"\002"
 426 0065 00       		.ascii	"\000"
 427 0066 00000000 		.ascii	"\000\000\000\000\000\000\000\000"
 427      00000000 
 428 006e B1000000 		.ascii	"\261\000\000\000"
 429              		.text
 430              		.section	.gnu.lto_.opts,"",%progbits
 431 0000 272D666D 		.ascii	"'-fmath-errno' '-fsigned-zeros' '-ftrapping-math' '"
 431      6174682D 
 431      6572726E 
 431      6F272027 
 431      2D667369 
 432 0033 2D666E6F 		.ascii	"-fno-trapv' '-fno-openmp' '-fno-openacc' '-mcpu=cor"
 432      2D747261 
 432      70762720 
 432      272D666E 
 432      6F2D6F70 
 433 0066 7465782D 		.ascii	"tex-m4' '-mno-thumb-interwork' '-mthumb' '-ggdb' '-"
 433      6D342720 
 433      272D6D6E 
 433      6F2D7468 
 433      756D622D 
ARM GAS  /tmp/ccWCeAmB.s 			page 33


 434 0099 4F322720 		.ascii	"O2' '-fomit-frame-pointer' '-falign-functions=16' '"
 434      272D666F 
 434      6D69742D 
 434      6672616D 
 434      652D706F 
 435 00cc 2D666675 		.ascii	"-ffunction-sections' '-fdata-sections' '-fno-common"
 435      6E637469 
 435      6F6E2D73 
 435      65637469 
 435      6F6E7327 
 436 00ff 2720272D 		.ascii	"' '-flto'\000"
 436      666C746F 
 436      2700
 437              		.text
 438              		.comm	__gnu_lto_v1,1,1
 439              		.comm	__gnu_lto_slim,1,1
 440              		.ident	"GCC: (15:5.4.1+svn241155-1) 5.4.1 20160919"
ARM GAS  /tmp/ccWCeAmB.s 			page 34


DEFINED SYMBOLS
                            *ABS*:0000000000000000 hal_lld.c
                            *COM*:0000000000000001 __gnu_lto_v1
                            *COM*:0000000000000001 __gnu_lto_slim

NO UNDEFINED SYMBOLS
