ARM GAS  /tmp/ccegMlys.s 			page 1


   1              		.syntax unified
   2              		.cpu cortex-m4
   3              		.fpu softvfp
   4              		.eabi_attribute 20, 1
   5              		.eabi_attribute 21, 1
   6              		.eabi_attribute 23, 3
   7              		.eabi_attribute 24, 1
   8              		.eabi_attribute 25, 1
   9              		.eabi_attribute 26, 1
  10              		.eabi_attribute 30, 2
  11              		.eabi_attribute 34, 1
  12              		.eabi_attribute 18, 4
  13              		.thumb
  14              		.syntax unified
  15              		.file	"nvic.c"
  16              		.text
  17              	.Ltext0:
  18              		.section	.gnu.lto_.profile.934bd6110ea90bf3,"",%progbits
  19 0000 789C6361 		.ascii	"x\234ca`d`a`\000\222\352R\000\000\322\000L"
  19      60646061 
  19      600092EA 
  19      520000D2 
  19      004C
  20              		.text
  21              		.section	.gnu.lto_.icf.934bd6110ea90bf3,"",%progbits
  22 0000 789C6361 		.ascii	"x\234ca`d\000\001\005\006\004`ex:\377\316>f\306eS\316"
  22      60640001 
  22      05060460 
  22      65783AFF 
  22      CE3E66C6 
  23 0017 7473309D 		.ascii	"ts0\235}\334\372\217\203y\346\221\235\375\\,\333\276"
  23      7DDCFA8F 
  23      8379E691 
  23      9DFD5C2C 
  23      DBBE
  24 0029 2F7CC6CE 		.ascii	"/|\306\316\000\000\373'\017\024"
  24      0000FB27 
  24      0F14
  25              		.text
  26              		.section	.gnu.lto_.jmpfuncs.934bd6110ea90bf3,"",%progbits
  27 0000 789C6361 		.ascii	"x\234ca`d\000\001k\006\004`a`bdd\256\257g\004\202z&"
  27      60640001 
  27      6B060460 
  27      61606264 
  27      64AEAF67 
  28 0018 089B89F1 		.ascii	"\010\233\211\361/\023c\363\257\375\237\371\352\3776"
  28      2F1363F3 
  28      AFFD9FF9 
  28      EAFF36
  29 0027 CC686810 		.ascii	"\314hh\020hef\350d\006*f\\\316X\317\300\310\302\300"
  29      686566E8 
  29      64062A66 
  29      5CCE58CF 
  29      C0C8C2C0 
  30 003b 0252CC00 		.ascii	"\002R\314\000\000\236\356\015\177"
  30      009EEE0D 
  30      7F
ARM GAS  /tmp/ccegMlys.s 			page 2


  31              		.text
  32              		.section	.gnu.lto_.inline.934bd6110ea90bf3,"",%progbits
  33 0000 789C458E 		.ascii	"x\234E\216\321\015\3020\014D\357\\+I\333\017\030\000"
  33      D10DC230 
  33      0C44EF5C 
  33      2B49DB0F 
  33      1800
  34 0012 A99980B5 		.ascii	"\251\231\200\265\350\"\354\321?\006\340\233\025\020"
  34      E822ECD1 
  34      3F06E09B 
  34      1510
  35 0020 A3F0C107 		.ascii	"\243\360\301\007\022B\352%\245\305\222cYw~\027\007Q"
  35      1242EA25 
  35      A5C59263 
  35      59777E17 
  35      0751
  36 0032 EA8A7F39 		.ascii	"\352\212\1779\320\2654\346\"\225\307\303\363\2100\015"
  36      D0B534E6 
  36      2295C7C3 
  36      F388300D 
  37 0042 067BEC1C 		.ascii	"\006{\354\034\332\222\224\244\323\024\311ji|\032\026"
  37      DA9294A4 
  37      D314C96A 
  37      697C1A16 
  38 0052 8B54AF10 		.ascii	"\213T\257\020C\333\321\221\307\257\361\363\276\337\342"
  38      43DBD191 
  38      C7AFF1F3 
  38      BEDFE2
  39 0061 CBCE0DD9 		.ascii	"\313\316\015\331\363\302\203\270\247\337\324qMr\261"
  39      F3C283B8 
  39      A7DFD471 
  39      4D72B1
  40 0070 178250FB 		.ascii	"\027\202P\373\222\224\313g\254\027\212\352\030\326\250"
  40      9294CB67 
  40      AC178AEA 
  40      18D6A8
  41 007f CDB84561 		.ascii	"\315\270Ea\006\242\017\027\255"
  41      06A20F17 
  41      AD
  42              		.text
  43              		.section	.gnu.lto_.pureconst.934bd6110ea90bf3,"",%progbits
  44 0000 789C6361 		.ascii	"x\234ca`d\340d```a\220b\224b\222b\221\002\000\002\263"
  44      6064E064 
  44      60606061 
  44      90629462 
  44      92629102 
  45 0017 0082     		.ascii	"\000\202"
  46              		.text
  47              		.section	.gnu.lto_nvicEnableVector.934bd6110ea90bf3,"",%progbits
  48 0000 789C9D53 		.ascii	"x\234\235S\317k\023A\030\2357\223\315&\232\244G\017"
  48      CF6B1341 
  48      189D3793 
  48      CD269AA4 
  48      470F
  49 0012 062C7808 		.ascii	"\006,x\010\275d\011\202?\320\213\024\274\025\245\376"
  49      BD640982 
  49      3FD08B14 
ARM GAS  /tmp/ccegMlys.s 			page 3


  49      BC15A5FE 
  50 0022 051A8406 		.ascii	"\005\032\204\006lRZ\021o\235f\263)\342\245\376h\374"
  50      6C525A11 
  50      6F9D66B3 
  50      29E2A5FE 
  50      68FC
  51 0034 815A8496 		.ascii	"\201Z\204\226\306\3266M\255\332T\205\020\024\351\241"
  51      C6D6364D 
  51      ADDA5485 
  51      1014E9A1 
  52 0044 15414F82 		.ascii	"\025AO\202\250-\021\204J\022*zh\022\277\331\015(\250"
  52      A82D1184 
  52      4A122A7A 
  52      6812BFD9 
  52      0D28A8
  53 0057 200EBB33 		.ascii	" \016\2733\363\315|\357{\357\315\354\272\030\230j\007"
  53      F3CD7CEF 
  53      7BEFCDEC 
  53      BA18986A 
  53      07
  54 0068 04638768 		.ascii	"\004c\207h\334I/\004\003\037Yel\310\303\0015\221\036"
  54      DC492F04 
  54      031F5965 
  54      6CC8C301 
  54      35911E
  55 007b B0418E41 		.ascii	"\260A\216A|\345u\216\322p\271\300;&%\265\367\023\267"
  55      7CE5758E 
  55      D270B9C0 
  55      3B2625B5 
  55      F713B7
  56 008e 85CC1661 		.ascii	"\205\314\026a\021\274\311\355J\014\223\350\240\254W"
  56      11BCC9ED 
  56      4A0C93E8 
  56      A0AC57
  57 009d A9B99B62 		.ascii	"\251\271\233b\223[\002pQX]\271\261\026P!G;\205uy%\023"
  57      935B0270 
  57      51585DB9 
  57      B1165021 
  57      473B8575 
  58 00b4 107BC168 		.ascii	"\020{\301h~\2754\372\326\037\232\2202)\345\305S\322"
  58      7EBD34FA 
  58      D61F9A90 
  58      3229E5C5 
  58      53D2
  59 00c6 6B098129 		.ascii	"k\011\201)\010\252\207\273\010\"\213 \243%\206i\204"
  59      08AA87BB 
  59      08228B20 
  59      A3258669 
  59      84
  60 00d7 287B3AF9 		.ascii	"({:\371iC\210\3756\362\374r}Mo!\013-\344\275? g\020"
  60      694388FD 
  60      36F2FC72 
  60      7D4D6F21 
  60      0B2DE4BD 
  61 00ef 52E91FF3 		.ascii	"R\351\037\363\215Q\277;\245\204\267;r1\013\267:\200"
  61      8D51BF3B 
  61      A584B73B 
ARM GAS  /tmp/ccegMlys.s 			page 4


  61      72310BB7 
  61      3A80
  62 0101 5C775136 		.ascii	"\\wQ6\233\246\224o\"\027v\373\000\205\340\204u\011\325"
  62      9BA6946F 
  62      221776FB 
  62      0085E084 
  62      7509D5
  63 0114 6950DC3A 		.ascii	"iP\334:M5\217\352\274\324\271\031\253P\005u:U\316\325"
  63      4D358FEA 
  63      BCD4B919 
  63      AB500575 
  63      3A55CED5 
  64 0128 28CA48D6 		.ascii	"(\312H\326\206\033\337\204*j\012n\012\2602\314\212\333"
  64      861BDF84 
  64      2A6A0A6E 
  64      0AB032CC 
  64      8ADB
  65 013a 89052DFD 		.ascii	"\211\005-\375z,n\270\220#\201e\2242P)\264\231\261J/"
  65      7A2C6EB8 
  65      90238165 
  65      94325029 
  65      B499B14A 
  66 014f 75B5A9DB 		.ascii	"u\265\251\333\366\026\356|\371\356sBY2e\200\226.m\324"
  66      F616EE7C 
  66      F9EE7342 
  66      59326580 
  66      962E6DD4 
  67 0163 160363B8 		.ascii	"\026\003c\2705\244L\264Y\302\203<\031\235\243:\012\260"
  67      35A44CB4 
  67      59C2833C 
  67      199DA33A 
  67      0AB0
  68 0175 F26E7EA4 		.ascii	"\362n~\244\315\230\221)\272\020/\3461\206\206})\252"
  68      CD989129 
  68      BA102FE6 
  68      3186867D 
  68      29AA
  69 0187 D6D46656 		.ascii	"\326\324fVDr2E\310}\226\330\206\3730L\241\331\027\266"
  69      44723245 
  69      C87D96D8 
  69      86FB304C 
  69      A1D917B6 
  70 019b 8008E953 		.ascii	"\200\010\351Sbk\351\325k\307\034\275:\355\022ny|i\313"
  70      626BE9D5 
  70      6BC71CBD 
  70      3AED126E 
  70      797C69CB 
  71 01af E7E8D5F0 		.ascii	"\347\350\325\360\300\326kn\245_\273\234$\217\223ty|"
  71      C0D66B6E 
  71      A55FBB9C 
  71      248F9374 
  71      797C
  72 01c1 B6E05749 		.ascii	"\266\340WI\032v\341\241\223TI\257\267N\302\253\350\237"
  72      1A76E1A1 
  72      935449AF 
  72      B74EC2AB 
  72      E89F
ARM GAS  /tmp/ccegMlys.s 			page 5


  73 01d3 BD487B9C 		.ascii	"\275H{\2342\300#\004\011j;\377\260\243e\375\337\215"
  73      32C02304 
  73      096A3BFF 
  73      B0A365FD 
  73      DF8D
  74 01e5 6DC7A26D 		.ascii	"m\307\242m\014\277\033;h\011\037\012\312\230n\033[R"
  74      0CBF1B3B 
  74      68091F0A 
  74      CA986E1B 
  74      5B52
  75 01f7 C6BC3651 		.ascii	"\306\2746Q\376yU\373\017\252\3076\025\377\013\325\223"
  75      FE7955FB 
  75      0FAAC736 
  75      15FF0BD5 
  75      93
  76 0208 9F544F1D 		.ascii	"\237TO\035\252\317H\026\257\036QD\366\277P!\225\364"
  76      AACF4816 
  76      AF1E5144 
  76      F6BF5021 
  76      95F4
  77 021a 69107E4F 		.ascii	"i\020~O8l8OgO\354d\354\350q#1`\364\2348m\364%\372\317"
  77      386C384F 
  77      674FEC64 
  77      ECE87123 
  77      3160F49C 
  78 0234 0C18D144 		.ascii	"\014\030\321Doo\"n\034\356\356\352\354:g\304\317\306"
  78      6F6F226E 
  78      1CEEEEEA 
  78      EC3A67C4 
  78      CFC6
  79 0246 A2E12843 		.ascii	"\242\341(C\334\325\327\037K\374\000\344\016\036\015"
  79      DCD5D71F 
  79      4BFC00E4 
  79      0E1E0D
  80              		.text
  81              		.section	.gnu.lto_nvicDisableVector.934bd6110ea90bf3,"",%progbits
  82 0000 789C8D52 		.ascii	"x\234\215R\317k\023A\024\236o\336&\335\332&=z0`\301"
  82      CF6B1341 
  82      149E6FDE 
  82      26DDDA26 
  82      3D7A3060 
  83 0015 43E9256B 		.ascii	"C\351%k\020\354\301\223\024\274\025\245\376\0055\010"
  83      10ECC193 
  83      14BC15A5 
  83      FE053508 
  84 0025 0DD844AC 		.ascii	"\015\330D\254\210\267N\273\331x-\326\006\"J\021*\215"
  84      88B74EBB 
  84      D9782DD6 
  84      06224A11 
  84      2A8D
  85 0037 D136698D 		.ascii	"\3216i\215\332z\012A\021\017U\204z\022\304\037%\007"
  85      DA7A0A41 
  85      110F5584 
  85      7A12C41F 
  85      2507
  86 0049 41494A84 		.ascii	"AIJ\204\036\332\306\367v{\020\2748\354\316\314\033\276"
  86      1EDAC6F7 
ARM GAS  /tmp/ccegMlys.s 			page 6


  86      767B10BC 
  86      38ECCECC 
  86      1BBE
  87 005b F77DEF9B 		.ascii	"\367}\357\2337\226\202\2221\246\225\032\342\365\030"
  87      37968292 
  87      31A6951A 
  87      E2F518
  88 006a FF20053D 		.ascii	"\377 \005=\373N\251i[\003\26216\324\224\306\024~\353"
  88      FB4EA969 
  88      5B03B231 
  88      36D494C6 
  88      147EEB
  89 007d 7D8DFAAD 		.ascii	"}\215\372\255\306\206\036\\2<\276\274n\2344\305\032"
  89      C6861E5C 
  89      323CBEBC 
  89      6E9C34C5 
  89      1A
  90 008e 3C52AAA3 		.ascii	"<R\252\243}&\205%\0142\352C\266r\217\332\332#\300\342"
  90      7D268525 
  90      0C32EA43 
  90      B6728FDA 
  90      DA23C0E2 
  91 00a2 B0B579F7 		.ascii	"\260\265y\367{TB\215~\016\367\315\235|\224NC\361\276"
  91      7B54428D 
  91      7E0EF7CD 
  91      9D7C944E 
  91      43F1BE
  92 00b5 509FFF14 		.ascii	"P\237\377\024\031xh\314\2141s\227M\267G\204\022\210"
  92      197868CC 
  92      8C317397 
  92      4DB74784 
  92      1288
  93 00c7 F9F00831 		.ascii	"\371\360\0101\024\021S|\244\360\030\003\002\377\266"
  93      1411537C 
  93      A4F01803 
  93      02FFB6
  94 00d6 7A301F09 		.ascii	"z0\037\011gE\276?\020\305\023\204\305Fy\264f:\035\327"
  94      6745BE3F 
  94      10C51384 
  94      C54679B4 
  94      663A1DD7 
  95 00ea 9842A274 		.ascii	"\230B\242t\302\006$Cs\256E2Y<\205\224jr\206xji-+5\340"
  95      C2062443 
  95      73AE4532 
  95      593C8594 
  95      6A728678 
  96 0104 EEE41A85 		.ascii	"\356\344\032\205\013B\342\222v\011\254\361v\361\345"
  96      0B42E292 
  96      7609ACF1 
  96      76F1E5
  97 0113 5EAF541B 		.ascii	"^\257T\033B\010\313\\\000\243\366r[V\000\242\0004\267"
  97      4208CB5C 
  97      00A3F672 
  97      5B5600A2 
  97      0034B7
  98 0126 B8B21111 		.ascii	"\270\262\021\021\220\205\343X\011@\315\3346\005 1]}"
  98      9085E358 
ARM GAS  /tmp/ccegMlys.s 			page 7


  98      0940CDDC 
  98      36052031 
  98      5D7D
  99 0138 F5266707 		.ascii	"\365&g\0074@\0311NeP=\377\365\250`\030\220\367\352\357"
  99      34401931 
  99      4E65503D 
  99      FFF5A860 
  99      1890F7EA 
 100 014d BB0410F6 		.ascii	"\273\004\020\366o\242\372\340\327no\020\232\272k\242"
 100      6FA2FAE0 
 100      D76E6F10 
 100      9ABA6BA2 
 101 015d 7C74FBE7 		.ascii	"|t\373\347\316zt\001\367\247\305o\237G]X\345;\251\260"
 101      CE7A7401 
 101      F7A7C56F 
 101      9F475D58 
 101      E53BA9B0 
 102 0171 9A246C7E 		.ascii	"\232$l~^\233\355s\226M\226;`c\015\0138\360\273 \\\245"
 102      5E9BED73 
 102      964D963B 
 102      60630D0B 
 102      38F0BB20 
 103 0187 76911265 		.ascii	"v\221\022e\223\345\3143\036u\343)\034\366\347w\250\212"
 103      93E5CC33 
 103      1E75E329 
 103      1CF6E777 
 103      A88A
 104 0199 041728A5 		.ascii	"\004\027(\245\264+[-:,\346\377\245\216\340\231/\205"
 104      B42B5B2D 
 104      3A2CE6FF 
 104      A58EE099 
 104      2F85
 105 01ab 7FA5863C 		.ascii	"\177\245\206<\352\301s\221\362\037\026^ \361\267\317"
 105      EAC17391 
 105      F21F165E 
 105      20F1B7CF 
 106 01bb 1E28AC33 		.ascii	"\036(\2543\343\017\314\324>\236\023a\377\3154\231\212"
 106      E30FCCD4 
 106      3E9E1361 
 106      FFCD3499 
 106      8A
 107 01cc 9BC1D59D 		.ascii	"\233\301\325\235\212\307\235\340\033\036O]J\235\277"
 107      8AC79DE0 
 107      1B1E4F5D 
 107      4A9DBF
 108 01db E864269D 		.ascii	"\350d&\235\361\261+\316\325\314\265\353\223N231\221"
 108      F1B12BCE 
 108      D5CCB5EB 
 108      934E3233 
 108      3191
 109 01ed 493B6747 		.ascii	"I;gGG\206Gn:\351\033\251d<\251\220\376\003J\266\334"
 109      4786476E 
 109      3AE91BA9 
 109      643CA990 
 109      FE034AB6 
 110 0202 3B       		.ascii	";"
 111              		.text
ARM GAS  /tmp/ccegMlys.s 			page 8


 112              		.section	.gnu.lto_nvicSetSystemHandlerPriority.934bd6110ea90bf3,"",%progbits
 113 0000 789C6D92 		.ascii	"x\234m\222MHTQ\024\307\357\377\3367\357\315\3701\264"
 113      4D485451 
 113      14C7EFFF 
 113      DE37EFCD 
 113      F831B4
 114 0013 6C21E24E 		.ascii	"l!\342N\334\370\222\242vA\271h%\201\355\332\231\011"
 114      DCF892A2 
 114      7641B968 
 114      2581EDDA 
 114      9909
 115 0025 0EA9231A 		.ascii	"\016\251#\032\321n\356\314\233\207\271(\244RL\024\027"
 115      D16EEECC 
 115      9B87B928 
 115      A4524C14 
 115      17
 116 0036 119A938E 		.ascii	"\021\232\223\216\332\347\230\3250\020\344\"\243MDm2"
 116      DAE798D5 
 116      3010E422 
 116      A34D446D 
 116      32
 117 0047 610AD170 		.ascii	"a\012\321p\262 \212q:\347\216\201\213.\367}\234s\317"
 117      B2208A71 
 117      3AE78E81 
 117      8B2EF77D 
 117      9C73CF
 118 005a FF9CDF3D 		.ascii	"\377\234\337=\367Z\002\202GJ\012q\222\276G\350A@@\016"
 118      F75A0282 
 118      474A0A71 
 118      92BE47E8 
 118      4140400E 
 119 006e AD0A110F 		.ascii	"\255\012\021\017J\251\226j\205\256\260\336\271BW)Xe"
 119      4AA9966A 
 119      85AEB0DE 
 119      B9425729 
 119      5865
 120 0080 B705F08F 		.ascii	"\267\005\360\217\016B\304\244\262\020\303OY\224\310"
 120      0E42C4A4 
 120      B210C34F 
 120      5994C8
 121 008f 0DE433B2 		.ascii	"\015\3443\262aJ\323\370\364\362\333!=\235\205\257\204"
 121      614AD3F8 
 121      F4F2DB21 
 121      3D9D85AF 
 121      84
 122 00a0 28495342 		.ascii	"(ISB`\012\015\024\36569?\256~H_\001\026\231\205\327"
 122      600A0D14 
 122      F536393F 
 122      AE7E485F 
 122      01169985 
 123 00b5 63EB6136 		.ascii	"c\353a6%\352\310\364n<_\016\252\243\020\364\277\245"
 123      25EAC8F4 
 123      6E3C5F0E 
 123      AAA310F4 
 123      BFA5
 124 00c7 57E276FD 		.ascii	"W\342v\375\035\255\023Zg:t\310W\0123P\224\017wQ\203"
 124      1DAD135A 
ARM GAS  /tmp/ccegMlys.s 			page 9


 124      673A74C8 
 124      570A3350 
 124      940F7751 
 125 00dc 69D40872 		.ascii	"i\324\010r\011\244PO\321\251\304\227-\245\216\033\345"
 125      09A4504F 
 125      D1A9C497 
 125      2DA58E1B 
 125      E5
 126 00ed E04A71DD 		.ascii	"\340Jq\335\331S\026\367\224\367\376\243\234E=\207\177"
 126      D95316F7 
 126      94F7FEA3 
 126      9C453D87 
 126      7F
 127 00fe 5ED81DAE 		.ascii	"^\330\035\256\266\223\014^7\370\217\030s\260\2519 G"
 127      B6930C5E 
 127      37F88F18 
 127      73B0A939 
 127      2047
 128 0110 BA35AB4B 		.ascii	"\2725\253K%O\353[\366\323k\010Ip\311\000XnS\"\313\341"
 128      254FEB5B 
 128      F6D36B08 
 128      4970C900 
 128      586E5322 
 129 0126 9710DB24 		.ascii	"\227\020\333$\343\276\024\244\344\257ZC\362\275\267"
 129      E3BE14A4 
 129      E4AF5A43 
 129      F2BDB7
 130 0135 73557126 		.ascii	"sUq&Oq\207\376\374Z}\346\360f\025*\221&\012\036\005"
 130      4F7187FE 
 130      FC5A7DE6 
 130      F066152A 
 130      91260A1E 
 131 014a A9C452AD 		.ascii	"\251\304R\255\372\012\213\003\231'\223\331\374\350\304"
 131      FA0A8B03 
 131      992793D9 
 131      FCE8C4
 132 0159 8AFA8AD6 		.ascii	"\212\372\212\326\007|\025(I\346\230G\214\327F\374\334"
 132      077C1528 
 132      49E69847 
 132      8CD746FC 
 132      DC
 133 016a 1B93C236 		.ascii	"\033\223\3026;\365~\277\330\011S\350\250\011\265\231"
 133      3BF57EBF 
 133      D80953E8 
 133      A809B599 
 134 017a 9EDD2B63 		.ascii	"\236\335+c\251\013\223\230\210\017\031\267\203E:\243"
 134      A90B9398 
 134      880F19B7 
 134      83453AA3 
 135 018a 05AE476B 		.ascii	"\005\256Gk\245\215\305\271\020I\016r\216\373\230\204"
 135      A58DC5B9 
 135      10490E72 
 135      8EFB9884 
 136 019a 298B0788 		.ascii	")\213\007\210\371*hx,\203\237G\342\373@~\374l\031\237"
 136      F92A6878 
 136      2C839F47 
 136      E2FB407E 
ARM GAS  /tmp/ccegMlys.s 			page 10


 136      FC6C199F 
 137 01ae 6640E4E1 		.ascii	"f@\344\341m\333e\333!\327\376\323\014\021\376C\252\220"
 137      6DDB65DB 
 137      21D7FED3 
 137      0C11FE43 
 137      AA90
 138 01c0 476EC464 		.ascii	"Gn\304d\334\317ZaX\343\231\345\233\201\262\251?x:\314"
 138      DCCF5A61 
 138      58E399E5 
 138      9B81B2A9 
 138      3F783ACC 
 139 01d4 F2D1C45A 		.ascii	"\362\321\304Z\220A\271\367\325\276\252\304c:\237G{\244"
 139      9041B9F7 
 139      D5BEAAC4 
 139      633A9F47 
 139      7BA4
 140 01e6 9BC3AF66 		.ascii	"\233\303\257f*\334Y\235\244{T\205'\204\272k\356\022"
 140      2ADC599D 
 140      A47B5485 
 140      2784BA6B 
 140      EE12
 141 01f8 2DDDBE3E 		.ascii	"-\335\276>\321\334\224\326I\022\036\363U52p\251\305"
 141      D1DC94D6 
 141      49121EF3 
 141      55353270 
 141      A9C5
 142 020a E69A2DA1 		.ascii	"\346\232-\241\211\360\304\006\022\331\211Sfo<\266\251"
 142      89F0C406 
 142      12D98953 
 142      666F3CB6 
 142      A9
 143 021b 89B42B0A 		.ascii	"\211\264+\0129\334\330\350\226gsg\344\\\344\364\031"
 143      39DCD8E8 
 143      96677367 
 143      E45CE4F4 
 143      19
 144 022c 37DAEF76 		.ascii	"7\332\357v\266u\271\275\321\276\213\375n{\264\273;\332"
 144      B675B9BD 
 144      D1BE8BFD 
 144      6E7BB4BB 
 144      3BDA
 145 023e E39E686D 		.ascii	"\343\236hmin\271\354\366\\\212\2647\266\013\247\263"
 145      696EB9EC 
 145      F65C8AB4 
 145      37B60BA7 
 145      B3
 146 024f ADE77C57 		.ascii	"\255\347|WG\237\325\333\027\211\376\005\023-\371\314"
 146      479FD5DB 
 146      1789FE05 
 146      132DF9CC 
 147              		.text
 148              		.section	.gnu.lto_nvicClearPending.934bd6110ea90bf3,"",%progbits
 149 0000 789C2551 		.ascii	"x\234%Q\317KTQ\024\276\337=\357\215#8\343\037\320@B"
 149      CF4B5451 
 149      14BEDF3D 
 149      EF8D2338 
 149      E31FD040 
ARM GAS  /tmp/ccegMlys.s 			page 11


 150 0015 0B91606E 		.ascii	"\013\221`nCP\213V\341\242\225\030\366\027\324 8\220"
 150      43508B56 
 150      E1A29518 
 150      F617D420 
 150      3890
 151 0027 339111ED 		.ascii	"3\221\021\355\274\316\2337n\355\207#E\"\201\342d\352"
 151      BCCE9B37 
 151      6EED8723 
 151      452281E2 
 151      64EA
 152 0039 A8B55057 		.ascii	"\250\265PW\303\243M\013\025\241]\020Q \021\025\3430"
 152      C3A34D0B 
 152      15A15D10 
 152      51201115 
 152      E330
 153 004b 620B9DE9 		.ascii	"b\013\235\351\234\367.\357\335s\316\307w\276s\316=\216"
 153      9CF72EEF 
 153      DD73CEC7 
 153      77BE73CE 
 153      3D8E
 154 005d 8292F39B 		.ascii	"\202\222\363\233\315u\266\027\370\007)\350\231}\245"
 154      CD75B617 
 154      F80729E8 
 154      997DA5
 155 006c A6E21A10 		.ascii	"\246\342\032\020\307\306\241&5&q\242\3175\202\351\243"
 155      C7C6A126 
 155      352671A2 
 155      CF3582E9 
 155      A3
 156 007d 1D3DB06C 		.ascii	"\035=\260l\371|[:\275b\253u\370\244TG\207J\012\313\030"
 156      F97C5B3A 
 156      BD62AB75 
 156      F8A45447 
 156      874A0ACB 
 157 0092 60D66169 		.ascii	"`\326ai\3435\265\264O\200\303\341\361\336\253\037I\011"
 157      E335B5B4 
 157      4F80C3E1 
 157      F1DEAB1F 
 157      4909
 158 00a4 35FA383C 		.ascii	"5\3728<\267/*I\272\006\305\376\313`\366K\242\177\311"
 158      B72F2A49 
 158      BA06C5FE 
 158      CB60F64B 
 158      A27FC9
 159 00b7 DAA2B54F 		.ascii	"\332\242\265OGm\267O\204\025\020\353\341-R\250\"\245"
 159      476DB74F 
 159      841510EB 
 159      E12D52A8 
 159      22A5
 160 00c9 18527887 		.ascii	"\030Rx\207~\241\177\337l\317&b%)\337\027\025\305*b2"
 160      7EA17FDF 
 160      6CCF2662 
 160      2529DF17 
 160      15C52A62 
 161 00de 466DA46E 		.ascii	"Fm\244n;\035\317\332\271\314\317Kq@24\347:$\227\303"
 161      3B1DCFDA 
 161      B9CCCF4B 
ARM GAS  /tmp/ccegMlys.s 			page 12


 161      71403234 
 161      E73A2497 
 162 00f3 97EB8AA7 		.ascii	"\227\353\212\247T\203\323d\260c\255\305\322\021\274"
 162      5483D364 
 162      B063ADC5 
 162      D211BC
 163 0102 66B93D7F 		.ascii	"f\271=\177[\224<\322\036\201\013}Z\334=\353\221\226"
 163      5B943CD2 
 163      1E810B7D 
 163      5ADC3DEB 
 163      9196
 164 0114 5DB858E3 		.ascii	"]\270X\343.\230uV\376\350D$\212H\317\027\327w\022Br"
 164      2E987556 
 164      FEE84424 
 164      8A48CF17 
 164      D7771242 
 165 0129 7011EB11 		.ascii	"p\021\353\021\251Q\376L\021\311\301\345\024S\031,6\247"
 165      A951FE4C 
 165      11C9C1E5 
 165      1453192C 
 165      36A7
 166 013b 5B3A025D 		.ascii	"[:\002]\306\031\011*\220\2305*~p\320%\032\261\360=>"
 166      C619092A 
 166      9098352A 
 166      7E70D025 
 166      1AB1F03D 
 167 0150 BCF9FBAF 		.ascii	"\274\371\373\257'\012m\340\331$C\317\3764\267\223\013"
 167      270A6DE0 
 167      D92443CF 
 167      FE34B793 
 167      0B
 168 0161 989F92A9 		.ascii	"\230\237\222\251{}\352\302\006\277L\215\313I\302\336"
 168      7B7DEAC2 
 168      06BF4C8D 
 168      CB49C2DE 
 169 0171 D7AD995E 		.ascii	"\327\255\231^\263fK\274\20786\261\200v\270\013\321Z"
 169      B3664BBC 
 169      873836B1 
 169      8076B80B 
 169      D15A
 170 0183 69552953 		.ascii	"iU)S\263%\316\274\341S7\266`x\300pO\357\221\341f\324"
 170      B325CEBC 
 170      E15337B6 
 170      6078C070 
 170      4FEF91E1 
 171 0199 2F14EB87 		.ascii	"/\024\353\207\267\244\225p}\015\015y\022\246\\M\247"
 171      B7A49570 
 171      7D0D0D79 
 171      12A65C4D 
 171      A7
 172 01aa 4DF40D8E 		.ascii	"M\364\015\216\345\356\345\206\357\230\302\204\031\273"
 172      E5EEE586 
 172      EF98C284 
 172      19BB
 173 01b8 7BDF3C28 		.ascii	"{\337<(<|4a\262\205\361\361B\336\334\034\031\032\034"
 173      3C7C3461 
 173      B285F1F1 
ARM GAS  /tmp/ccegMlys.s 			page 13


 173      42DEDC1C 
 173      191A1C
 174 01cb 7A62F28F 		.ascii	"zb\362\217s\331tV!\377\037]\201\262\362"
 174      73D97456 
 174      21FF1F5D 
 174      81B2F2
 175              		.text
 176              		.section	.gnu.lto_.symbol_nodes.934bd6110ea90bf3,"",%progbits
 177 0000 789C55CA 		.ascii	"x\234U\312\313\025\200 \020C\321G\200\006\254@{\260"
 177      CB158020 
 177      1043D147 
 177      8006AC40 
 177      7BB0
 178 0012 2B8B9829 		.ascii	"+\213\230)\301b\300\337\332\2655\211\356\310&\347\334"
 178      C162C0DF 
 178      DAB53589 
 178      EEC826E7 
 178      DC
 179 0023 24115868 		.ascii	"$\021XhQ\221\301\372@\253\313\247&U\026z\331d\352$\237"
 179      5191C1FA 
 179      40ABCBA7 
 179      2655167A 
 179      D964EA24 
 180 0038 C20788DA 		.ascii	"\302\007\210\332e\261\233\302!K\277\200\373\370}2w\231"
 180      65B19BC2 
 180      214BBF80 
 180      FBF87D32 
 180      7799
 181 004a 790186AF 		.ascii	"y\001\206\257\031\000"
 181      1900
 182              		.text
 183              		.section	.gnu.lto_.refs.934bd6110ea90bf3,"",%progbits
 184 0000 789C6361 		.ascii	"x\234ca`d`c```dbbfb\000\000\000\263\000\026"
 184      60646063 
 184      60606064 
 184      62626662 
 184      000000B3 
 185              		.text
 186              		.section	.gnu.lto_.decls.934bd6110ea90bf3,"",%progbits
 187 0000 789CBD57 		.ascii	"x\234\275WkTT\327\025\236s\317 0\362\260H\032\2335]"
 187      6B5454D7 
 187      159E73CF 
 187      2030F2B0 
 187      481A9B35 
 188 0015 35A959F2 		.ascii	"5\251Y\362\243u4\246M~t\255\206\214Z\371a\302\032\022"
 188      A37534A6 
 188      4D7E74AD 
 188      868C5AF9 
 188      61C21A12 
 189 0029 7F246B85 		.ascii	"\177$k\205\"\222J\027b\026\214i\374\325\021F\005\214"
 189      22924A17 
 189      62168C69 
 189      FCD51146 
 189      058C
 190 003b 66501415 		.ascii	"fP\024\025P\236\002\002\002\001\001Ed\360\201<\204\340"
 190      509E0202 
 190      02010145 
ARM GAS  /tmp/ccegMlys.s 			page 14


 190      64F0813C 
 190      84E0
 191 004d 031479CA 		.ascii	"\003\024y\312KT  ( \210\335\347q\347\016\327\031\232"
 191      4B542020 
 191      282088DD 
 191      E771E70E 
 191      D7199A
 192 0060 1F5DBD8B 		.ascii	"\037]\275\213=\303\276\347;\373|{\237s\366\336\243T"
 192      3DC3BEE7 
 192      3BFB7C7B 
 192      9F73F6DE 
 192      A354
 193 0072 20057946 		.ascii	" \005yF\177\243P\354\025\024\212\213\240\276\202\307"
 193      7FA350EC 
 193      15148A8B 
 193      A0BE82C7 
 194 0082 01DE6D06 		.ascii	"\001\336m\006\201W\212s \227\024\354!\357\257\202\324"
 194      81578A73 
 194      209714EC 
 194      21EFAF82 
 194      D4
 195 0093 80D481DC 		.ascii	"\200\324\201\334\000\271\011B\2544+\346?\004\347\312"
 195      00B90942 
 195      AC342BE6 
 195      3F04E7CA 
 196 00a3 ED788078 		.ascii	"\355x\200xr;j\220\225 \237\222o\230\370.\310\010\374"
 196      723B6A90 
 196      95209F92 
 196      6F98F82E 
 196      C808FC
 197 00b6 3F0C3207 		.ascii	"?\0142\007\362\022\004\203\274\005\357\325 \277C\314"
 197      F2120483 
 197      BC05EFD5 
 197      20BF43CC 
 198 00c6 FE55C5EB 		.ascii	"\376U\305\353\017\341\341bc\015\271}\321\256\270\016"
 198      0FE1E162 
 198      630DB97D 
 198      D1AEB80E 
 199 00d6 F1EBF788 		.ascii	"\361\353\367\210\255\201\270\035\371C\374s\263\303\337"
 199      AD81B81D 
 199      F943FC73 
 199      B3C3DF
 200 00e5 0BB1B814 		.ascii	"\013\261\270\024\2034\361\265v\301\273\357@>Gl\015b"
 200      8334F1B5 
 200      76C1BBEF 
 200      403E476C 
 200      0D62
 201 00f7 3714B1B5 		.ascii	"7\024\261\265\352\026\210\023\211\241\312\216\017\276"
 201      EA168813 
 201      89A1CA8E 
 201      0FBE
 202 0105 367C2036 		.ascii	"6| 6\324\234\367\015\033\274_\012\350\246\261 \021O"
 202      D49CF70D 
 202      1BBC5F0A 
 202      E8A6B120 
 202      114F
 203 0117 08C84385 		.ascii	"\010\310C\205\224\240\2165\234\350u\003\325S\205\226"
ARM GAS  /tmp/ccegMlys.s 			page 15


 203      94A08E35 
 203      9CE87503 
 203      D5538596 
 204 0127 835A5631 		.ascii	"\203ZV1\374\036\033T\203\226\367$v\245*\312\000\217"
 204      FC1E1B54 
 204      8396F724 
 204      76A52ACA 
 204      008F
 205 0139 29D2E051 		.ascii	")\322\340Q\343F\336g!5\312D\340(:\203\200\032\322\250"
 205      E346DE67 
 205      2135CA44 
 205      E0283A83 
 205      801AD2A8 
 206 014d 5136A880 		.ascii	"Q6\250\200N\035l\250u`\223\177\013j\363\341\241\203"
 206      4E1D6CA8 
 206      7560937F 
 206      0B6AF3E1 
 206      A183
 207 015f 88591E44 		.ascii	"\210Y\036DD\237\252x\341\202\005\004PeQDW\212\033\362"
 207      449FAA78 
 207      E1820504 
 207      50655144 
 207      578A1BF2 
 208 0173 52233086 		.ascii	"R#0\206T\247\351\012\006\203\240@\205H\205\362\020\026"
 208      54A7E90A 
 208      0683A040 
 208      854885F2 
 208      1016
 209 0185 F99E30C0 		.ascii	"\371\2360\300\352\243\377&\257\341\177'\372\015o\"\014"
 209      EAA3FF26 
 209      AFE17F27 
 209      FA0D6F22 
 209      0C
 210 0196 A3A98645 		.ascii	"\243\251\206E\313\024h\255\032\255V+\320Y\344E\207\024"
 210      CB1468AD 
 210      1AAD562B 
 210      D059E445 
 210      8714
 211 01a8 A8000CE6 		.ascii	"\250\000\014\3463:\246\332\313\025\330\303\304m\177"
 211      333AA6DA 
 211      CB15D8C3 
 211      C46D7F
 212 01b7 84A8ED5C 		.ascii	"\204\250\355\\\030\317\241\354\177D\036\242\017\004"
 212      18CFA1EC 
 212      7F441EA2 
 212      0F04
 213 01c5 7DFFFA0D 		.ascii	"}\377\372\015\343\"\025\267m\372o\266\017&\357\213w"
 213      E32215B7 
 213      6DFA6FB6 
 213      0F26EF8B 
 213      77
 214 01d6 B6B65DB4 		.ascii	"\266\266]\264\220\355\207\246\032\223\203K\014\261\315"
 214      90ED87A6 
 214      1A93834B 
 214      0CB1CD
 215 01e5 E3588C3C 		.ascii	"\343X\214<\254\002y\016\221sJ\277\001\335Q\223\235C"
 215      AC02790E 
ARM GAS  /tmp/ccegMlys.s 			page 16


 215      91734ABF 
 215      01DD5193 
 215      9D43
 216 01f7 3668A50A 		.ascii	"6h\245\012\221\353\346\016\257\362\207\316O\273\262"
 216      91EBE60E 
 216      AFF287CE 
 216      4FBBB2
 217 0206 57C45ED7 		.ascii	"W\304^\327t\326\206U\271b\320\034\245\275\275\365\303"
 217      74D68655 
 217      B962D01C 
 217      A5BDBDF5 
 217      C3
 218 0217 D37447BC 		.ascii	"\323tG\274\204\200\204\352\003E?.F^,\270\335\223\351"
 218      848084EA 
 218      03453F2E 
 218      465E2CB8 
 218      DD93E9
 219 022a 2EE70D86 		.ascii	".\347\015\206%\250\034x\236G\030\225\241Ud\305\225\204"
 219      25A81C78 
 219      9E471895 
 219      A15564C5 
 219      9584
 220 023c 6194444C 		.ascii	"a\224DLaa\205.\200\337\260\036\001\242RxY\302<\317N"
 220      6161852E 
 220      80DFB01E 
 220      01A25278 
 220      59C23CCF 
 221 0251 8F4D5D84 		.ascii	"\217M]\204}\350\022\307\213\317L\252,K4\357}?\227,q"
 221      7DE812C7 
 221      8BCF4CAA 
 221      2C4B34EF 
 221      7D3F972C 
 222 0266 0996B828 		.ascii	"\011\226\270(-Q\216\354\257Qac\0152\037\326\251\270"
 222      2D518EEC 
 222      AF516163 
 222      0D321FD6 
 222      A9B8
 223 0278 3DD3A86C 		.ascii	"=\323\250lC\255\010\256\010ZB\035D\210}\"*\012&T\205"
 223      43AD08AE 
 223      085A421D 
 223      44887D22 
 223      2A0A2654 
 224 028d 7F04053F 		.ascii	"\177\004\005?\366\342+$\002\271.\210\377*,\306\350\037"
 224      F6E22B24 
 224      02B92E88 
 224      FF2A2CC6 
 224      E81F
 225 029f 9F4F531B 		.ascii	"\237OS\033}\250\021\311:\342\223\230\316'+\020\327\005"
 225      7DA811C9 
 225      3AE29398 
 225      CE272B10 
 225      D705
 226 02b1 6901C454 		.ascii	"i\001\304Tq\202\225=F\227\233\2238[|B\342\376%\334\351"
 226      7182953D 
 226      46979B93 
 226      385B7C42 
 226      E2FE25DC 
ARM GAS  /tmp/ccegMlys.s 			page 17


 227 02c6 4913F04E 		.ascii	"I\023\360N\272\311\373\206\322[\004%\361\236\004t\213"
 227      BAC9FB86 
 227      D25B0425 
 227      F19E0474 
 227      8B
 228 02d7 92BCEB6B 		.ascii	"\222\274\353k\257ju\267\274\253B\364e\374\321#\317\034"
 228      AF6A75B7 
 228      BCAB42F4 
 228      65FCD123 
 228      CF1C
 229 02e9 971DE5B7 		.ascii	"\227\035\345\267t\271\022m\376\265\325\331\272\202\226"
 229      74B9126D 
 229      FEB5D5D9 
 229      BA8296
 230 02f8 C1E76580 		.ascii	"\301\347e\200\322\025b\372\263#\035\336I6$\027\030\272"
 230      D21562FA 
 230      B3231DDE 
 230      49362417 
 230      18BA
 231 030a 93EAFE72 		.ascii	"\223\352\376r4\322P\003\363\226\023\0302K\233f\246W"
 231      34D25003 
 231      F3961318 
 231      324B9B66 
 231      A657
 232 031c 1055A236 		.ascii	"\020U\2426`z\025\275C\256og\305(\306\027\220]r\255-"
 232      607A15BD 
 232      43AE6F67 
 232      C528C617 
 232      905D72AD 
 233 0331 A96BEDD2 		.ascii	"\251k\355\322\270NiT\2134.\2376O\2713\032\346\342j\027"
 233      B84E6954 
 233      8B342E9F 
 233      364FB933 
 233      1AE6E26A 
 234 0346 836937B9 		.ascii	"\203i7\271E\000B\327$\022\327\254I\324P\022\205SO\""
 234      450042D7 
 234      2412D7AC 
 234      49D45012 
 234      85534F22 
 235 035a 31BEC148 		.ascii	"1\276\301HD?4M\253\270\221\011\213\021\342I\255d\244"
 235      443F344D 
 235      ABB89109 
 235      8B11E249 
 235      AD64A4
 236 036d D6DA481D 		.ascii	"\326\332H\0355R\221\031\357\203\0371\033W\312\214\261"
 236      35529119 
 236      EF831F31 
 236      1B57CA8C 
 236      B1
 237 037e 2EDCC685 		.ascii	".\334\306\205\353\326D\352%\033\365\3266nP\033\346\321"
 237      EBD644EA 
 237      251BF5D6 
 237      366E501B 
 237      E6D1
 238 0390 F46318BF 		.ascii	"\364c\030\277`F\236\344\014\264\270\315\273\337$\035"
 238      60469EE4 
 238      0CB4B8CD 
ARM GAS  /tmp/ccegMlys.s 			page 18


 238      BBDF241D 
 239 03a0 48CE37B2 		.ascii	"H\3167\262\373\015\310\332+\365\021\230\306\015\336"
 239      FB0DC8DA 
 239      2BF51198 
 239      C60DDE
 240 03af F1B8EDAD 		.ascii	"\361\270\355\255H\352T\332\015\\\023\015\334Ob\340z"
 240      48EA54DA 
 240      0D5C130D 
 240      DC4F62E0 
 240      7A
 241 03c0 0B134789 		.ascii	"\013\023G\211\317\335p\341\216\037\332iL\333k6!\212"
 241      CFDD70E1 
 241      8E1FDA69 
 241      4CDB6B36 
 241      218A
 242 03d2 420D12E1 		.ascii	"B\015\022\341\006\236A\321MJ\366|O\264Q\365v\256p\012"
 242      069E41D1 
 242      4D4AF67C 
 242      4FB451F5 
 242      76AE700A 
 243 03e6 3228641E 		.ascii	"2(d\036b\307\360\310\330\351\206\353h6F)\015\343GU\370"
 243      62C7F0C8 
 243      D8E986EB 
 243      68364629 
 243      0DE34755 
 244 03fb 1E53CAEE 		.ascii	"\036S\312\3566}\373n\232\241\011\326H\212\371\2520\302"
 244      367DFB6E 
 244      9AA109D6 
 244      488AF9AA 
 244      30C2
 245 040d 6C88FE88 		.ascii	"l\210\376\210\346\253;`\037\002h\225\346n\303\233[\350"
 245      E6AB3B60 
 245      1F026895 
 245      E66EC39B 
 245      5BE8
 246 041f 6D056A46 		.ascii	"m\005jF\357\302\314\334\346S\345.,\377\033H\365\030"
 246      EFC2CCDC 
 246      E653E52E 
 246      2CFF1B48 
 246      F518
 247 0431 ABDA57CC 		.ascii	"\253\332W\314\365QG\320\343\362zK\021\323M\236\240\017"
 247      F55147D0 
 247      E3F27A4B 
 247      11D34D9E 
 247      A00F
 248 0443 36679E70 		.ascii	"6g\236pe\005\302\220B*D\322\354\254Q\211\0370\036\017"
 248      6505C290 
 248      422A44D2 
 248      ECAC5189 
 248      1F301E0F 
 249 0457 5AE6EA79 		.ascii	"Z\346\352y\235\212t\000}\366^\344\244\233\375b\324."
 249      9D8A7400 
 249      7DF65EE4 
 249      A49BFD62 
 249      D42E
 250 0469 16A33696 		.ascii	"\026\2436\226\247*\233\357f9H\031ZO\017j+\300\357Qx"
 250      A72A9BEF 
ARM GAS  /tmp/ccegMlys.s 			page 19


 250      66394819 
 250      5A4F0F6A 
 250      2BC0EF51 
 251 047e 07CDD0ED 		.ascii	"\007\315\320\355b\206\356\313\350Kv\346\324\027\221"
 251      6286EECB 
 251      E84B76E6 
 251      D41791
 252 048d 3D89ED49 		.ascii	"=\211\355Is\343\324\011\263\246\330\357\017+9U\222\220"
 252      73E3D409 
 252      B3A6D8EF 
 252      0F2B3955 
 252      9290
 253 049f 0FDE8DFD 		.ascii	"\017\336\215\375+~\302\210\336+<\\\300\313\336\317\004"
 253      2B7EC288 
 253      DE2B3C5C 
 253      C0CBDECF 
 253      04
 254 04b0 3BD1325A 		.ascii	";\3212Z\347n\237h\257H\264\207\021\315\337\323\227\355"
 254      E76E9F68 
 254      AF48B487 
 254      11CDDFD3 
 254      97ED
 255 04c2 04D3D590 		.ascii	"\004\323\325\220\356\221U\256W\263\\_l\036\317S\342"
 255      EE9155AE 
 255      57B35C5F 
 255      6C1ECF53 
 255      E2
 256 04d3 11BA9470 		.ascii	"\021\272\224p\263\250\365\232\263\224\323'\274#\015"
 256      B3A8F59A 
 256      B394D327 
 256      BC230D
 257 04e2 0604D555 		.ascii	"\006\004\325U\205\006\244\315W[\362\355\374\"\371\020"
 257      8506A4CD 
 257      575BF2ED 
 257      FC22F910 
 258 04f2 92AD9A27 		.ascii	"\222\255\232'\333~\240\323\307\023\372\251\254\253\256"
 258      DB7EA0D3 
 258      C713FAA9 
 258      ACABAE
 259 0501 788A2D30 		.ascii	"x\212-0\034\367$\012[etu\016\311\350O`\201G\322\002"
 259      1CF7240A 
 259      5B657475 
 259      0EC9E84F 
 259      608147D2 
 260 0516 83C8CE0A 		.ascii	"\203\310\316\012\217m\257\320\220Rz{\221u\261$\366\272"
 260      8F6DAFD0 
 260      90527A7B 
 260      9175B124 
 260      F6BA
 261 0528 61BC8B06 		.ascii	"a\274\213\006d\210nE\257\270\025)\321E&\025\011_\344"
 261      64886E45 
 261      AFB81529 
 261      D1452615 
 261      095FE4
 262 053b 2FB35E56 		.ascii	"/\263^V9u@im}x!\353%]q\321\374L&\223\366\347B\307\230"
 262      39754069 
 262      6D7D7821 
ARM GAS  /tmp/ccegMlys.s 			page 20


 262      EB255D71 
 262      D1FC4C26 
 263 0555 7931D3BB 		.ascii	"y1\323\273I\364\247\207\2165;\361\215v#\371a<q\314\005"
 263      49F4A787 
 263      8E353BF1 
 263      8D7623F9 
 263      613C71CC 
 264 056a 1B30DD8B 		.ascii	"\0330\335\213\313m\025Q|\247? \307\265!\337\274\330"
 264      CB6D1551 
 264      7CA73F20 
 264      C7B521DF 
 264      BCD8
 265 057c FE464F88 		.ascii	"\376FO\210\033=\316\210v\334)y\352,?\221c\000\037\245"
 265      1B3DCE88 
 265      76DC2979 
 265      EA2C3F91 
 265      63001FA5 
 266 0590 F06794E8 		.ascii	"\360g\224\350\204H4~x\372-~ \255\3334\017\326\246\235"
 266      8448347E 
 266      78FA2D7E 
 266      20ADDB34 
 266      0FD6A69D 
 267 05a4 1DAC4C54 		.ascii	"\035\254LTq\232\002\241y;!\307\021\3070\232\0231{&\371"
 267      719A02A1 
 267      793B21C7 
 267      11C7309A 
 267      13317B26 
 268 05b9 CD21D7AE 		.ascii	"\315!\327\256\274\247)\302\305>\315\031\221\346\013"
 268      BCA729C2 
 268      C53ECD19 
 268      91E60B
 269 05c8 4673A0E3 		.ascii	"Fs\240\343X\226\253\234\346\024\300')|\226\322\234\021"
 269      5896AB9C 
 269      E614C027 
 269      297C96D2 
 269      9C11
 270 05da 69366546 		.ascii	"i6eF5a\266[\277\250\272\223B\222\2301\342n\275\300\313"
 270      3561B65B 
 270      BFA8BA93 
 270      42929831 
 270      E26EBDC0 
 271 05ef 8516982C 		.ascii	"\205\026\230,\231i\343\216'c\320#\312[c\335\371\206"
 271      9969E38E 
 271      2763D023 
 271      CA5B63DD 
 271      F986
 272 0601 59DF5C4F 		.ascii	"Y\337\\O~sw\017\026\354\303\370\007\026\211\361\370"
 272      7E73770F 
 272      16ECC3F8 
 272      071689F1 
 272      F8
 273 0612 3DD14E0C 		.ascii	"=\321N\014\374&\250-\031\311\031\202\375H\030\005\036"
 273      FC26A82D 
 273      19C91982 
 273      FD481805 
 273      1E
 274 0623 89488112 		.ascii	"\211H\201\022m<6\330\352$\217\304nA\015!'\360=\202\207"
ARM GAS  /tmp/ccegMlys.s 			page 21


 274      6D3C36D8 
 274      EA248FC4 
 274      6E410D21 
 274      27F03D82 
 275 0638 38895ED4 		.ascii	"8\211^\324\212\261\0141\205\020\242\3759=i*|\234\021"
 275      8AB10C31 
 275      8510A2FD 
 275      393D692A 
 275      7C9C11
 276 064b 3963DE5F 		.ascii	"9c\336_\303\267$\231\354\327\253\204\321$\027|\222\015"
 276      C3B72499 
 276      ECD7AB84 
 276      D124177C 
 276      920D
 277 065d 8A9BE9C1 		.ascii	"\212\233\351\3017\363\247G%\205\002\316b\203/\273L&"
 277      37F3A747 
 277      258502CE 
 277      62832FBB 
 277      4C26
 278 066f 473E931C 		.ascii	"G>\223\034\320\256\326\346B\027\234\307\006K\006j\253"
 278      D0AED6E6 
 278      42179CC7 
 278      064B066A 
 278      AB
 279 0680 C5996430 		.ascii	"\305\231d0:\277g\277\003.a\203\017:\036\306\270\341"
 279      3ABF67BF 
 279      032E6183 
 279      0F3A1EC6 
 279      B8E1
 280 0692 72A65CAF 		.ascii	"r\246\\\257\216\370'\276\306\376\257\3575\376\201M2"
 280      8EF827BE 
 280      C6FEAFEF 
 280      35FE814D 
 280      32
 281 06a3 92347D2D 		.ascii	"\2224}-\275\360\024f\021L\246w\240\250*&\322\035\327"
 281      BDF01466 
 281      114CA677 
 281      A0A82A26 
 281      D21DD7
 282 06b6 51B07B79 		.ascii	"Q\260{yM\376\025w\264b\351\012\313\343\265bE*M\017\225"
 282      4DFE1577 
 282      B462E90A 
 282      CBE3B562 
 282      452A4D0F 
 283 06cb 9DFEA733 		.ascii	"\235\376\2473 6\001$\024(B\300\350\250\260\324\022 "
 283      20360124 
 283      142842C0 
 283      E8A8B0D4 
 283      1220
 284 06dd C866244A 		.ascii	"\310f$Jk\310O\242X\036C\003\322+\320a\000\034\242\021"
 284      6BC84FA2 
 284      581E4303 
 284      D22BD061 
 284      001CA211 
 285 06f1 2470381D 		.ascii	"$p8\035(E\360B\247\204\025\350$H\032H2\310q\220T\220"
 285      2845F042 
 285      A78415E8 
ARM GAS  /tmp/ccegMlys.s 			page 22


 285      24481A48 
 285      32C87190 
 286 0707 44902320 		.ascii	"D\220# I \011 '@\216\201\304\013+h\211K5\030#\015\346"
 286      49200920 
 286      27408E81 
 286      C40B2B68 
 286      894B3518 
 287 071e 636D2E84 		.ascii	"cm.\204\0079Iq\234\207\345\030\266H<(o\363\321/\011"
 287      07394971 
 287      9C87E518 
 287      B6483C28 
 287      6FF3D12F 
 288 0733 162A00BA 		.ascii	"\026*\000\272\217\030V\254\013\350\2565\326\270\333"
 288      8F1856AC 
 288      0BE8AE35 
 288      D6B8DB
 289 0742 609EFA82 		.ascii	"`\236\372\202`\347\000\273\237\333\025O*\212\021d\330"
 289      60E700BB 
 289      9FDB154F 
 289      2A8A1164 
 289      D8
 290 0753 B82F0D05 		.ascii	"\270/\015\005\177G#\200}\300\355\212i\010u\3129\034"
 290      7F472380 
 290      7DC0ED8A 
 290      690875CA 
 290      391C
 291 0765 A21CE0CE 		.ascii	"\242\034\340\316\243\247\034+f\002(\"2\273\263\026\016"
 291      A3A71C2B 
 291      66022822 
 291      32BBB316 
 291      0E
 292 0776 FBE41CF6 		.ascii	"\373\344\034\366\3129\230\276\024\261\323H\206}.\347"
 292      CA3998BE 
 292      14B1D348 
 292      867D2EE7 
 293 0786 F0F40B71 		.ascii	"\360\364\013q\357L\362\275\233\224s\030\265p\210\225"
 293      EF4CF2BD 
 293      9B947318 
 293      B5708895 
 294 0796 73D0C8CC 		.ascii	"s\320\310\314>\267\230= 7\373\275D\227V\030s\307}\027"
 294      3EB7983D 
 294      2037FBBD 
 294      44975618 
 294      73C77D17 
 295 07aa 03342500 		.ascii	"\0034%\000R\360\352\242\260\330\2319\361\006,l\304\324"
 295      52F0EAA2 
 295      B0D89939 
 295      F1062C6C 
 295      C4D4
 296 07bc 54B4DC54 		.ascii	"T\264\334T\224\334\363\011\013\303\037\344\014\017J"
 296      94DCF309 
 296      0BC31FE4 
 296      0C0F4A
 297 07cb 5838DE73 		.ascii	"X8\336s-"
 297      2D
 298 07d0 5D57118E 		.ascii	"]W\021\216U\322\202w\276!\275\325\031-\365\262yB\321"
 298      55D28277 
ARM GAS  /tmp/ccegMlys.s 			page 23


 298      BE21BDD5 
 298      192DF5B2 
 298      7942D1
 299 07e3 693898FF 		.ascii	"i8\230\377\213C\312\234MH\020\210\263\031`0]\260TS\342"
 299      8B43CA9C 
 299      4D481088 
 299      B3196030 
 299      5DB05453 
 300 07f8 3B6BFE67 		.ascii	";k\376g\222\013]\346u\221\031V\307X\2012\005\366+\021"
 300      920B5DE6 
 300      75911956 
 300      C7588132 
 300      05F62B11 
 301 080c BEC9EFD5 		.ascii	"\276\311\357\325\362\262\007\356\363\320\244\007\224"
 301      F2B207EE 
 301      F3D0A407 
 301      94
 302 0819 D0591C9D 		.ascii	"\320Y\034\235E\321\271\015\327\333y\376\211\"W\374\325"
 302      45D1B90D 
 302      D7DB79FE 
 302      892257FC 
 302      D5
 303 082a A3D6349E 		.ascii	"\243\3264\236\254F\311\332c\263I\245\\\367\264J:\236"
 303      AC46C9DA 
 303      63B349A5 
 303      5CF7B44A 
 303      3A9E
 304 083c 62D22928 		.ascii	"b\322)(\234t\260\2378\363\304\304\231\3112|VDJ\234R"
 304      9C74B09F 
 304      38F3C4C4 
 304      99C9327C 
 304      56444A9C 
 305 0851 9E387321 		.ascii	"\2368s!\2509t#\316\322\304\231'&\316s\267\356>w\306"
 305      A8397423 
 305      CED2C499 
 305      2726CE73 
 305      B7EE3E77 
 306 0866 09743F50 		.ascii	"\011t?P\336=C\264\263XOL\277\250\236\304\316\2655\315"
 306      DE3D43B4 
 306      B3584F4C 
 306      BFA89EC4 
 306      CEB535CD 
 307 087a EBF40A84 		.ascii	"\353\364\012\204\005V\273=\220b\344\015@\023\375\311"
 307      0556BB3D 
 307      9062E40D 
 307      4013FDC9 
 308 088a 3C7A2389 		.ascii	"<z#\2117\000K\2542\252'\317\250\345\325\267\340\027"
 308      37004BAC 
 308      32AA27CF 
 308      A8E5D5B7 
 308      E017
 309 089c 44322377 		.ascii	"D2#w\371iA&\237K2\374\317\223\251\321N\366\243R*F\245"
 309      F9694126 
 309      9F4B32FC 
 309      CF93A9D1 
 309      4EF6A352 
 310 08b3 8495937D 		.ascii	"\204\225\223}I]E\257u\244\305\300\263\210\362,\243<"
ARM GAS  /tmp/ccegMlys.s 			page 24


 310      495D45AF 
 310      75A4C5C0 
 310      B388F22C 
 310      A33C
 311 08c5 4B459E35 		.ascii	"KE\2365{*\343_\363\312.z\377\265s\325|\177kh\021\237"
 311      7B2AE35F 
 311      F3CA2E7A 
 311      FFB573D5 
 311      7C7F6B68 
 312 08db 2BAA73C4 		.ascii	"+\252s\304\031\214\366\341CSuN8\233)\245#9\245\256\014"
 312      198CF6E1 
 312      4353754E 
 312      389B29A5 
 312      2339A5AE 
 313 08f0 6926FA89 		.ascii	"i&\372\211\362\211:\336\3238Y\015{\362\341\361\234\321"
 313      F2893ADE 
 313      D338590D 
 313      7BF2E1F1 
 313      9CD1
 314 0902 8C45388F 		.ascii	"\214E8\217\315=\227\324rr\201\206\247Jtx5\3657\241u"
 314      CD3D97D4 
 314      72728186 
 314      A74A7478 
 314      35F537A1 
 315 0917 AE40ACF3 		.ascii	"\256@\254\363f\321\337J\360\340\022\365\3402\365\240"
 315      66D1DF4A 
 315      F0E012F5 
 315      E032F5A0 
 316 0927 4AF4A075 		.ascii	"J\364\240u\274q\037\266F\023\177\355\242\263\006\022"
 316      BC711FB6 
 316      46137FED 
 316      A2B30612 
 317 0937 0FF29DF8 		.ascii	"\017\362\235\370\020\324c\323)\217]q!c9<2\233\357\206"
 317      10D463D3 
 317      298F5D71 
 317      2163393C 
 317      329BEF86 
 318 094b 4B98525E 		.ascii	"K\230R^z\261\232\273\267\032\324\234\334\252\306\305"
 318      7AB19ABB 
 318      B71AD49C 
 318      DCAAC6C5 
 319 095b B89C8DCD 		.ascii	"\270\234\215\315\232N\0259\343*\246$\214w<\3427\300"
 319      9A4E1539 
 319      E32AA624 
 319      8C773CE2 
 319      37C0
 320 096d 8B6C75DA 		.ascii	"\213lu\332\311C\316\270\232\215\2752E\035w\304\365L"
 320      C943CEB8 
 320      9A8DBD32 
 320      451D77C4 
 320      F54C
 321 097f 896B8C4B 		.ascii	"\211k\214K[\214\233\2302b\354\357\346\247g\031\2503"
 321      5B8C9B98 
 321      3262ECEF 
 321      E6A76719 
 321      A833
 322 0991 8371ADFC 		.ascii	"\203q\255\374\027\216\213U\257\342\311{\225\263\317"
ARM GAS  /tmp/ccegMlys.s 			page 25


 322      178E8B55 
 322      AFE2C97B 
 322      95B3CF
 323 09a0 0FC62FC6 		.ascii	"\017\306/\306-l\352\335V\343y\216]\014jd\333\334\345"
 323      2D6CEADD 
 323      56E3798E 
 323      5D0C6A64 
 323      DBDCE5
 324 09b3 057E35DC 		.ascii	"\005~5\334\026c{\213\035\246\312\250\362DGyO\335\004"
 324      16637B8B 
 324      1DA6CAA8 
 324      F2444779 
 324      4FDD04
 325 09c6 E1FA8986 		.ascii	"\341\372\211\206\353\016\015\327m1\\\251=\355\227\004"
 325      EB0E0DD7 
 325      6D315CA9 
 325      3DED9704 
 326 09d6 798F6C17 		.ascii	"y\217l\027]q\253\375#|\237\261|\326\330\016\305\254"
 326      5D71ABFD 
 326      237C9FB1 
 326      7CD6D80E 
 326      C5AC
 327 09e8 9329C6FA 		.ascii	"\223)\306\372\332LG\334\303\224\241\354\206\232Ex\220"
 327      DA4C47DC 
 327      C394A1EC 
 327      869A4578 
 327      90
 328 09f9 297D032F 		.ascii	")}\003/\3120\036f\312\351\241\324\003\316\370)\237\323"
 328      CA301E66 
 328      CAE9A1D4 
 328      03CEF829 
 328      9FD3
 329 0a0b 37D2C823 		.ascii	"7\322\310#\364=\271P3\243%w\304\230\220\003\367\370"
 329      F43DB950 
 329      33A32577 
 329      C4989003 
 329      F7F8
 330 0a1d 59FF2B27 		.ascii	"Y\377+'<E\301ov\237<V\347\202X\233a\325q\320\236c\005"
 330      3C45C16F 
 330      769F3C56 
 330      E782589B 
 330      61D571D0 
 331 0a34 ABF4474E 		.ascii	"\253\364GN\276q\234V\005R\353o@\032\355\267\256\365"
 331      BE719C56 
 331      0552EB6F 
 331      401AEDB7 
 331      AEF5
 332 0a46 7582AC18 		.ascii	"u\202\254\030]\370\212T\205\263\274\306\021\254\230"
 332      5DF88A54 
 332      85B3BCC6 
 332      11AC98
 333 0a55 19D0198A 		.ascii	"\031\320\031\212\315Bj\251\213\350\264t\021\265r\313"
 333      CD426AA9 
 333      8BE8B474 
 333      11B572CB 
 334 0a65 D7E7D51B 		.ascii	"\327\347\325\033\000\037\225\300\365\266iX\233\276("
 334      001F95C0 
ARM GAS  /tmp/ccegMlys.s 			page 26


 334      F5B66958 
 334      9BBE28
 335 0a74 A13BE5E8 		.ascii	"\241;\345\350l\271\351D\011\\-\007_\225\300\363jV\007"
 335      6CB9E944 
 335      095C2D07 
 335      5F95C0F3 
 335      6A5607
 336 0a87 B8D54EC7 		.ascii	"\270\325N\307\372y\301z\012\005\353\011\024\241g c "
 336      FA79C17A 
 336      0A05EB09 
 336      14A16720 
 336      6320
 337 0a99 8F400640 		.ascii	"\217@\006@~\006\031\001\031\006\351\002\351\001y\000"
 337      7E061901 
 337      1906E902 
 337      E9017900 
 338 0aa9 F210A40F 		.ascii	"\362\020\244\017\3441\310 \3108\310\020\310(\310\004"
 338      E431C820 
 338      C838C810 
 338      C828C804 
 339 0ab9 483748EF 		.ascii	"H7H\357\274\256kV\352\272\356\312y\026\311\235:!9Uc"
 339      BCAE6B56 
 339      EABAEECA 
 339      7916C99D 
 339      3A213955 
 340 0ace 3BB862BC 		.ascii	";\270b\274\342\240\232\027\320}\273\002\373f\346`1\027"
 340      E2A09A17 
 340      D07DBB02 
 340      FB66E660 
 340      3117
 341 0ae0 A00AB9E5 		.ascii	"\240\012\271\345\027\022\215{r\313\227^\333\211\223"
 341      17128D7B 
 341      72CB975E 
 341      DB8993
 342 0aef 128F6BB6 		.ascii	"\022\217k\266\203k\341\001\350\011f\233$\24369\332\272"
 342      836BE101 
 342      E809669B 
 342      24A33639 
 342      DABA
 343 0b01 F121D8E2 		.ascii	"\361!\330\342N\013\266\\\216\275\360\032\217C\022\217"
 343      4E0BB65C 
 343      8EBDF01A 
 343      8F43128F 
 344 0b11 06399AB5 		.ascii	"\0069\232\265_\0264\351\353\276\"\275e3\304\343&\007"
 344      5F1634E9 
 344      EBBE22BD 
 344      6533C4E3 
 344      2607
 345 0b23 8BD71735 		.ascii	"\213\327\0275\312\3431'\305\243\305\366\266XG\272\204"
 345      CAE33127 
 345      C5A3C5F6 
 345      B65847BA 
 345      84
 346 0b34 46FA3C58 		.ascii	"F\372<X>\307\301b\225A?\312-OI\226[mG\332\252\267\033"
 346      3EC7C162 
 346      95413FCA 
 346      2D4F4996 
ARM GAS  /tmp/ccegMlys.s 			page 27


 346      5B6D47DA 
 347 0b4b 6BA3BD5D 		.ascii	"k\243\275]\277\274\267#\241*\022o1\011\326E\333\301"
 347      BFBCB723 
 347      A12A126F 
 347      3109D645 
 347      DBC1
 348 0b5d 5A23712C 		.ascii	"Z#q,\243\034\013\201c\276\374\026\033\344\034\237K\034"
 348      A31C0B81 
 348      63BEFC16 
 348      1BE41C9F 
 348      4B1C
 349 0b6f EFDBDC31 		.ascii	"\357\333\3341\346<\371}\327u\244Q\211\347X#\330{5\177"
 349      E63CF97D 
 349      D775A451 
 349      89E75823 
 349      D87B357F 
 350 0b83 0852FF52 		.ascii	"\010R\377R\306\275\262\023\021\356S0\371\271\324\252"
 350      C6BDB213 
 350      11EE5330 
 350      F9B9D4AA 
 351 0b93 F5D356CD 		.ascii	"\365\323V\315\346\265C\223p\333\376\0377\017x'\217\014"
 351      E6B54393 
 351      70DBFE1F 
 351      370F7827 
 351      8F0C
 352 0ba5 1E9EDFFA 		.ascii	"\036\236\337\372M\315k\024\247y\353G\276\225\201\333"
 352      4DCD6B14 
 352      A779EB47 
 352      BE9581DB 
 353 0bb5 02C29CFE 		.ascii	"\002\302\234\376\366\311\347\313\265k\326(T\376\376"
 353      F6C9E7CB 
 353      B56BD628 
 353      54FEFE
 354 0bc4 3B8343F5 		.ascii	";\203C\365k\337\363\327\377Q\2633<L\023\034\032\030"
 354      6BDFF3D7 
 354      FF51B333 
 354      3C4C131C 
 354      1A18
 355 0bd6 B2736B90 		.ascii	"\262sk\220&4\350_!\301[4\333\003\002\267\005\207\006"
 355      2634E85F 
 355      21C15B34 
 355      DB0302B7 
 355      058706
 356 0be9 69FCB706 		.ascii	"i\374\267\006}\035\2603D\357\257\337\365MP\370\252m"
 356      7D1DB033 
 356      44EFAFDF 
 356      F54D50F8 
 356      AA6D
 357 0bfb 0A2771DA 		.ascii	"\012'q\332;\266\246\205\357\012\327\370\207\353\267"
 357      3BB6A685 
 357      EF0AD7F8 
 357      87EBB7
 358 0c0a 0206B04B 		.ascii	"\002\006\260KB\277\015\016\\\037\032\260%$hsP\240~G"
 358      42BF0D0E 
 358      5C1F1AB0 
 358      25246873 
 358      50A07E47 
ARM GAS  /tmp/ccegMlys.s 			page 28


 359 0c1e D8DA55AB 		.ascii	"\330\332U\2534\354O\273-xK\360\247~\232\035\341\232"
 359      34EC4FBB 
 359      2D784BF0 
 359      A77E9A1D 
 359      E19A
 360 0c30 6D01219A 		.ascii	"m\001!\232ov\204\351\3035\201;\266o\337\021\252\361"
 360      6F7684E9 
 360      C335813B 
 360      B66FDF11 
 360      AAF1
 361 0c42 D66DD26E 		.ascii	"\326m\322n\372NC&\257\012T\374\212|\257\013\016\227"
 361      FA4E4326 
 361      AF0A54FC 
 361      8A7CAF0B 
 361      0E97
 362 0c54 ACA8C91B 		.ascii	"\254\250\311\033\277 \275\337\256p}\320\366\215\001"
 362      BF20BDDF 
 362      AE707DD0 
 362      F68D01
 363 0c63 A15B4382 		.ascii	"\241[C\202\302|\303\202w\204\005\353w\3215\265!A\001"
 363      C27CC382 
 363      778405EB 
 363      77D135B5 
 363      214101
 364 0c76 61BE41A1 		.ascii	"a\276A\241\300\343\037\316\201\333\000\2701 D\277\322"
 364      C0E31FCE 
 364      81DB00B8 
 364      312044BF 
 364      D2
 365 0c87 D6EA617A 		.ascii	"\326\352az\213\017\201\333\200>\320\376\355B\366\025"
 365      8B0F81DB 
 365      803ED0FE 
 365      ED42F615 
 366 0c97 AEFEFE5F 		.ascii	"\256\376\376_\357\014\015\364\367_\365\301\007\177^"
 366      EF0C0DF4 
 366      F75FF5C1 
 366      077F5E
 367 0ca6 EB246ACE 		.ascii	"\353$j\316\272\365~\353u\233\327\257\373\223\340\343"
 367      BAF57EEB 
 367      759BD7AF 
 367      FB93E0E3 
 368 0cb6 EBCCA2FB 		.ascii	"\353\314\242\373\241\277\336\221\177[\206\337W\372x"
 368      A1BFDE91 
 368      7F5B86DF 
 368      57FA78
 369 0cc5 7FACB3A8 		.ascii	"\177\254\263\250k\225>Z_I}O\351\343\347\253s\3221m\015"
 369      6B953E5A 
 369      5F497D4F 
 369      E9E3E7AB 
 369      73D2316D 
 370 0cda 0CAE9706 		.ascii	"\014\256\227\006W\303\340z\235\322\3573\037\235\267"
 370      57C3E07A 
 370      9DD2EF33 
 370      1F9DB7
 371 0ce9 2D5778F8 		.ascii	"-Wx\370\202\276\323\223\020j\264\233\374|\3744\332\035"
 371      82BED393 
 371      106AB49B 
ARM GAS  /tmp/ccegMlys.s 			page 29


 371      FC7CFC34 
 371      DA1D
 372 0cfb 61411A1F 		.ascii	"aA\032\037\321CP\374\003\267\277\017N:\177\262\331G"
 372      D14350FC 
 372      03B7BF0F 
 372      4E3A7FB2 
 372      D947
 373 0d0d EBFF19EC 		.ascii	"\353\377\031\354*X\365\326)7m\332\240\303\336\353tx"
 373      2A58F5D6 
 373      29376DDA 
 373      A0C3DEEB 
 373      7478
 374 0d1f 1D7CFB6E 		.ascii	"\035|\373n\320)\2757\370\351\224\037o\360\3269\300\020"
 374      D029BD37 
 374      F8E9941F 
 374      6FF0D639 
 374      C010
 375 0d31 00D6117D 		.ascii	"\000\326\021}#\371\320\302\207\203\337F\255\237\016"
 375      23F9D0C2 
 375      8783DF46 
 375      AD9F0E
 376 0d40 FB6DF4C5 		.ascii	"\373m\364\305Z-|ku\016\336>:\255N\271\371\263Ou@\033"
 376      5A2D7C6B 
 376      750EDE3E 
 376      3AAD4EB9 
 376      F9B34F75 
 377 0d56 105ADFCF 		.ascii	"\020Z\337\317}\326\301\247\267V\347\344\247\375\230"
 377      7DD6C1A7 
 377      B756E7E4 
 377      A7FD98
 378 0d65 AEF51F78 		.ascii	"\256\365\037xpo\353"
 378      706FEB
 379              		.text
 380              		.section	.gnu.lto_.symtab.934bd6110ea90bf3,"",%progbits
 381 0000 6E766963 		.ascii	"nvicEnableVector\000"
 381      456E6162 
 381      6C655665 
 381      63746F72 
 381      00
 382 0011 00       		.ascii	"\000"
 383 0012 00       		.ascii	"\000"
 384 0013 00       		.ascii	"\000"
 385 0014 00000000 		.ascii	"\000\000\000\000\000\000\000\000"
 385      00000000 
 386 001c C4000000 		.ascii	"\304\000\000\000"
 387 0020 6E766963 		.ascii	"nvicDisableVector\000"
 387      44697361 
 387      626C6556 
 387      6563746F 
 387      7200
 388 0032 00       		.ascii	"\000"
 389 0033 00       		.ascii	"\000"
 390 0034 00       		.ascii	"\000"
 391 0035 00000000 		.ascii	"\000\000\000\000\000\000\000\000"
 391      00000000 
 392 003d C8000000 		.ascii	"\310\000\000\000"
 393 0041 6E766963 		.ascii	"nvicSetSystemHandlerPriority\000"
ARM GAS  /tmp/ccegMlys.s 			page 30


 393      53657453 
 393      79737465 
 393      6D48616E 
 393      646C6572 
 394 005e 00       		.ascii	"\000"
 395 005f 00       		.ascii	"\000"
 396 0060 00       		.ascii	"\000"
 397 0061 00000000 		.ascii	"\000\000\000\000\000\000\000\000"
 397      00000000 
 398 0069 CA000000 		.ascii	"\312\000\000\000"
 399 006d 6E766963 		.ascii	"nvicClearPending\000"
 399      436C6561 
 399      7250656E 
 399      64696E67 
 399      00
 400 007e 00       		.ascii	"\000"
 401 007f 00       		.ascii	"\000"
 402 0080 00       		.ascii	"\000"
 403 0081 00000000 		.ascii	"\000\000\000\000\000\000\000\000"
 403      00000000 
 404 0089 CC000000 		.ascii	"\314\000\000\000"
 405 008d 63685379 		.ascii	"chSysHalt\000"
 405      7348616C 
 405      7400
 406 0097 00       		.ascii	"\000"
 407 0098 02       		.ascii	"\002"
 408 0099 00       		.ascii	"\000"
 409 009a 00000000 		.ascii	"\000\000\000\000\000\000\000\000"
 409      00000000 
 410 00a2 D1000000 		.ascii	"\321\000\000\000"
 411              		.text
 412              		.section	.gnu.lto_.opts,"",%progbits
 413 0000 272D666D 		.ascii	"'-fmath-errno' '-fsigned-zeros' '-ftrapping-math' '"
 413      6174682D 
 413      6572726E 
 413      6F272027 
 413      2D667369 
 414 0033 2D666E6F 		.ascii	"-fno-trapv' '-fno-openmp' '-fno-openacc' '-mcpu=cor"
 414      2D747261 
 414      70762720 
 414      272D666E 
 414      6F2D6F70 
 415 0066 7465782D 		.ascii	"tex-m4' '-mno-thumb-interwork' '-mthumb' '-ggdb' '-"
 415      6D342720 
 415      272D6D6E 
 415      6F2D7468 
 415      756D622D 
 416 0099 4F322720 		.ascii	"O2' '-fomit-frame-pointer' '-falign-functions=16' '"
 416      272D666F 
 416      6D69742D 
 416      6672616D 
 416      652D706F 
 417 00cc 2D666675 		.ascii	"-ffunction-sections' '-fdata-sections' '-fno-common"
 417      6E637469 
 417      6F6E2D73 
 417      65637469 
 417      6F6E7327 
ARM GAS  /tmp/ccegMlys.s 			page 31


 418 00ff 2720272D 		.ascii	"' '-flto'\000"
 418      666C746F 
 418      2700
 419              		.text
 420              		.comm	__gnu_lto_v1,1,1
 421              		.comm	__gnu_lto_slim,1,1
 422              		.ident	"GCC: (15:5.4.1+svn241155-1) 5.4.1 20160919"
ARM GAS  /tmp/ccegMlys.s 			page 32


DEFINED SYMBOLS
                            *ABS*:0000000000000000 nvic.c
                            *COM*:0000000000000001 __gnu_lto_v1
                            *COM*:0000000000000001 __gnu_lto_slim

NO UNDEFINED SYMBOLS
